[0.015s] Invoking command in '/home/yy/sight/pfa-nav/build/pb2025_nav_bringup': AMENT_PREFIX_PATH=/home/yy/sight/pfa-nav/install/point_lio:/home/yy/sight/pfa-nav/install/terrain_analysis_ext:/home/yy/sight/pfa-nav/install/terrain_analysis:/home/yy/sight/pfa-nav/install/small_gicp_relocalization:/home/yy/sight/pfa-nav/install/pointcloud_to_laserscan:/home/yy/sight/pfa-nav/install/pb_teleop_twist_joy:/home/yy/sight/pfa-nav/install/pb_omni_pid_pursuit_controller:/home/yy/sight/pfa-nav/install/pb_nav2_plugins:/home/yy/sight/pfa-nav/install/livox_ros_driver2:${AMENT_PREFIX_PATH} CMAKE_PREFIX_PATH=/home/yy/sight/pfa-nav/install/point_lio:/home/yy/sight/pfa-nav/install/terrain_analysis_ext:/home/yy/sight/pfa-nav/install/terrain_analysis:/home/yy/sight/pfa-nav/install/small_gicp_relocalization:/home/yy/sight/pfa-nav/install/pointcloud_to_laserscan:/home/yy/sight/pfa-nav/install/pb_teleop_twist_joy:/home/yy/sight/pfa-nav/install/pb_omni_pid_pursuit_controller:/home/yy/sight/pfa-nav/install/pb_nav2_plugins:/home/yy/sight/pfa-nav/install/livox_ros_driver2:/opt/ros/humble LD_LIBRARY_PATH=/home/yy/sight/pfa-nav/install/small_gicp_relocalization/lib:/home/yy/sight/pfa-nav/install/pointcloud_to_laserscan/lib:/home/yy/sight/pfa-nav/install/pb_teleop_twist_joy/lib:/home/yy/sight/pfa-nav/install/pb_omni_pid_pursuit_controller/lib:/home/yy/sight/pfa-nav/install/pb_nav2_plugins/lib:/home/yy/sight/pfa-nav/install/livox_ros_driver2/lib:/usr/lib/x86_64-linux-gnu/gazebo-11/plugins:/opt/ros/humble/opt/rviz_ogre_vendor/lib:/opt/ros/humble/lib/x86_64-linux-gnu:/opt/ros/humble/lib:/opt/MVS/lib/64:/opt/MVS/lib/32:/opt/MVS/lib/64:/opt/MVS/lib/32:/opt/MVS/lib/64:/opt/MVS/lib/32 PYTHONPATH=/home/yy/sight/pfa-nav/install/livox_ros_driver2/local/lib/python3.10/dist-packages:${PYTHONPATH} /usr/bin/cmake /home/yy/sight/pfa-nav/src/pb2025_sentry_nav/pb2025_nav_bringup -DCMAKE_BUILD_TYPE=Release -DAMENT_CMAKE_SYMLINK_INSTALL=1 -DCMAKE_INSTALL_PREFIX=/home/yy/sight/pfa-nav/install/pb2025_nav_bringup
[0.050s] -- The C compiler identification is GNU 11.4.0
[0.080s] -- The CXX compiler identification is GNU 11.4.0
[0.084s] -- Detecting C compiler ABI info
[0.127s] -- Detecting C compiler ABI info - done
[0.131s] -- Check for working C compiler: /usr/bin/cc - skipped
[0.131s] -- Detecting C compile features
[0.131s] -- Detecting C compile features - done
[0.133s] -- Detecting CXX compiler ABI info
[0.184s] -- Detecting CXX compiler ABI info - done
[0.187s] -- Check for working CXX compiler: /usr/bin/c++ - skipped
[0.187s] -- Detecting CXX compile features
[0.187s] -- Detecting CXX compile features - done
[0.189s] -- Found ament_cmake_auto: 1.3.12 (/opt/ros/humble/share/ament_cmake_auto/cmake)
[0.264s] -- Found Python3: /usr/bin/python3 (found version "3.10.12") found components: Interpreter 
[0.301s] -- Override CMake install command with custom implementation using symlinks instead of copying resources
[0.320s] -- Found ament_lint_auto: 0.12.14 (/opt/ros/humble/share/ament_lint_auto/cmake)
[0.367s] -- Added test 'copyright' to check source files copyright and LICENSE
[0.368s] -- Added test 'lint_cmake' to check CMake code style
[0.368s] -- Added test 'pep257' to check Python code against some of the docstring style conventions in PEP 257
[0.369s] -- Added test 'xmllint' to check XML markup files
[0.370s] -- Added test 'black' to check Python code style
[0.371s] -- Configuring done
[0.372s] -- Generating done
[0.372s] -- Build files have been written to: /home/yy/sight/pfa-nav/build/pb2025_nav_bringup
[0.375s] Invoked command in '/home/yy/sight/pfa-nav/build/pb2025_nav_bringup' returned '0': AMENT_PREFIX_PATH=/home/yy/sight/pfa-nav/install/point_lio:/home/yy/sight/pfa-nav/install/terrain_analysis_ext:/home/yy/sight/pfa-nav/install/terrain_analysis:/home/yy/sight/pfa-nav/install/small_gicp_relocalization:/home/yy/sight/pfa-nav/install/pointcloud_to_laserscan:/home/yy/sight/pfa-nav/install/pb_teleop_twist_joy:/home/yy/sight/pfa-nav/install/pb_omni_pid_pursuit_controller:/home/yy/sight/pfa-nav/install/pb_nav2_plugins:/home/yy/sight/pfa-nav/install/livox_ros_driver2:${AMENT_PREFIX_PATH} CMAKE_PREFIX_PATH=/home/yy/sight/pfa-nav/install/point_lio:/home/yy/sight/pfa-nav/install/terrain_analysis_ext:/home/yy/sight/pfa-nav/install/terrain_analysis:/home/yy/sight/pfa-nav/install/small_gicp_relocalization:/home/yy/sight/pfa-nav/install/pointcloud_to_laserscan:/home/yy/sight/pfa-nav/install/pb_teleop_twist_joy:/home/yy/sight/pfa-nav/install/pb_omni_pid_pursuit_controller:/home/yy/sight/pfa-nav/install/pb_nav2_plugins:/home/yy/sight/pfa-nav/install/livox_ros_driver2:/opt/ros/humble LD_LIBRARY_PATH=/home/yy/sight/pfa-nav/install/small_gicp_relocalization/lib:/home/yy/sight/pfa-nav/install/pointcloud_to_laserscan/lib:/home/yy/sight/pfa-nav/install/pb_teleop_twist_joy/lib:/home/yy/sight/pfa-nav/install/pb_omni_pid_pursuit_controller/lib:/home/yy/sight/pfa-nav/install/pb_nav2_plugins/lib:/home/yy/sight/pfa-nav/install/livox_ros_driver2/lib:/usr/lib/x86_64-linux-gnu/gazebo-11/plugins:/opt/ros/humble/opt/rviz_ogre_vendor/lib:/opt/ros/humble/lib/x86_64-linux-gnu:/opt/ros/humble/lib:/opt/MVS/lib/64:/opt/MVS/lib/32:/opt/MVS/lib/64:/opt/MVS/lib/32:/opt/MVS/lib/64:/opt/MVS/lib/32 PYTHONPATH=/home/yy/sight/pfa-nav/install/livox_ros_driver2/local/lib/python3.10/dist-packages:${PYTHONPATH} /usr/bin/cmake /home/yy/sight/pfa-nav/src/pb2025_sentry_nav/pb2025_nav_bringup -DCMAKE_BUILD_TYPE=Release -DAMENT_CMAKE_SYMLINK_INSTALL=1 -DCMAKE_INSTALL_PREFIX=/home/yy/sight/pfa-nav/install/pb2025_nav_bringup
[0.375s] Invoking command in '/home/yy/sight/pfa-nav/build/pb2025_nav_bringup': AMENT_PREFIX_PATH=/home/yy/sight/pfa-nav/install/point_lio:/home/yy/sight/pfa-nav/install/terrain_analysis_ext:/home/yy/sight/pfa-nav/install/terrain_analysis:/home/yy/sight/pfa-nav/install/small_gicp_relocalization:/home/yy/sight/pfa-nav/install/pointcloud_to_laserscan:/home/yy/sight/pfa-nav/install/pb_teleop_twist_joy:/home/yy/sight/pfa-nav/install/pb_omni_pid_pursuit_controller:/home/yy/sight/pfa-nav/install/pb_nav2_plugins:/home/yy/sight/pfa-nav/install/livox_ros_driver2:${AMENT_PREFIX_PATH} CMAKE_PREFIX_PATH=/home/yy/sight/pfa-nav/install/point_lio:/home/yy/sight/pfa-nav/install/terrain_analysis_ext:/home/yy/sight/pfa-nav/install/terrain_analysis:/home/yy/sight/pfa-nav/install/small_gicp_relocalization:/home/yy/sight/pfa-nav/install/pointcloud_to_laserscan:/home/yy/sight/pfa-nav/install/pb_teleop_twist_joy:/home/yy/sight/pfa-nav/install/pb_omni_pid_pursuit_controller:/home/yy/sight/pfa-nav/install/pb_nav2_plugins:/home/yy/sight/pfa-nav/install/livox_ros_driver2:/opt/ros/humble LD_LIBRARY_PATH=/home/yy/sight/pfa-nav/install/small_gicp_relocalization/lib:/home/yy/sight/pfa-nav/install/pointcloud_to_laserscan/lib:/home/yy/sight/pfa-nav/install/pb_teleop_twist_joy/lib:/home/yy/sight/pfa-nav/install/pb_omni_pid_pursuit_controller/lib:/home/yy/sight/pfa-nav/install/pb_nav2_plugins/lib:/home/yy/sight/pfa-nav/install/livox_ros_driver2/lib:/usr/lib/x86_64-linux-gnu/gazebo-11/plugins:/opt/ros/humble/opt/rviz_ogre_vendor/lib:/opt/ros/humble/lib/x86_64-linux-gnu:/opt/ros/humble/lib:/opt/MVS/lib/64:/opt/MVS/lib/32:/opt/MVS/lib/64:/opt/MVS/lib/32:/opt/MVS/lib/64:/opt/MVS/lib/32 PYTHONPATH=/home/yy/sight/pfa-nav/install/livox_ros_driver2/local/lib/python3.10/dist-packages:${PYTHONPATH} /usr/bin/cmake --build /home/yy/sight/pfa-nav/build/pb2025_nav_bringup -- -j20 -l20
[0.402s] Invoked command in '/home/yy/sight/pfa-nav/build/pb2025_nav_bringup' returned '0': AMENT_PREFIX_PATH=/home/yy/sight/pfa-nav/install/point_lio:/home/yy/sight/pfa-nav/install/terrain_analysis_ext:/home/yy/sight/pfa-nav/install/terrain_analysis:/home/yy/sight/pfa-nav/install/small_gicp_relocalization:/home/yy/sight/pfa-nav/install/pointcloud_to_laserscan:/home/yy/sight/pfa-nav/install/pb_teleop_twist_joy:/home/yy/sight/pfa-nav/install/pb_omni_pid_pursuit_controller:/home/yy/sight/pfa-nav/install/pb_nav2_plugins:/home/yy/sight/pfa-nav/install/livox_ros_driver2:${AMENT_PREFIX_PATH} CMAKE_PREFIX_PATH=/home/yy/sight/pfa-nav/install/point_lio:/home/yy/sight/pfa-nav/install/terrain_analysis_ext:/home/yy/sight/pfa-nav/install/terrain_analysis:/home/yy/sight/pfa-nav/install/small_gicp_relocalization:/home/yy/sight/pfa-nav/install/pointcloud_to_laserscan:/home/yy/sight/pfa-nav/install/pb_teleop_twist_joy:/home/yy/sight/pfa-nav/install/pb_omni_pid_pursuit_controller:/home/yy/sight/pfa-nav/install/pb_nav2_plugins:/home/yy/sight/pfa-nav/install/livox_ros_driver2:/opt/ros/humble LD_LIBRARY_PATH=/home/yy/sight/pfa-nav/install/small_gicp_relocalization/lib:/home/yy/sight/pfa-nav/install/pointcloud_to_laserscan/lib:/home/yy/sight/pfa-nav/install/pb_teleop_twist_joy/lib:/home/yy/sight/pfa-nav/install/pb_omni_pid_pursuit_controller/lib:/home/yy/sight/pfa-nav/install/pb_nav2_plugins/lib:/home/yy/sight/pfa-nav/install/livox_ros_driver2/lib:/usr/lib/x86_64-linux-gnu/gazebo-11/plugins:/opt/ros/humble/opt/rviz_ogre_vendor/lib:/opt/ros/humble/lib/x86_64-linux-gnu:/opt/ros/humble/lib:/opt/MVS/lib/64:/opt/MVS/lib/32:/opt/MVS/lib/64:/opt/MVS/lib/32:/opt/MVS/lib/64:/opt/MVS/lib/32 PYTHONPATH=/home/yy/sight/pfa-nav/install/livox_ros_driver2/local/lib/python3.10/dist-packages:${PYTHONPATH} /usr/bin/cmake --build /home/yy/sight/pfa-nav/build/pb2025_nav_bringup -- -j20 -l20
[0.403s] Invoking command in '/home/yy/sight/pfa-nav/build/pb2025_nav_bringup': AMENT_PREFIX_PATH=/home/yy/sight/pfa-nav/install/point_lio:/home/yy/sight/pfa-nav/install/terrain_analysis_ext:/home/yy/sight/pfa-nav/install/terrain_analysis:/home/yy/sight/pfa-nav/install/small_gicp_relocalization:/home/yy/sight/pfa-nav/install/pointcloud_to_laserscan:/home/yy/sight/pfa-nav/install/pb_teleop_twist_joy:/home/yy/sight/pfa-nav/install/pb_omni_pid_pursuit_controller:/home/yy/sight/pfa-nav/install/pb_nav2_plugins:/home/yy/sight/pfa-nav/install/livox_ros_driver2:${AMENT_PREFIX_PATH} CMAKE_PREFIX_PATH=/home/yy/sight/pfa-nav/install/point_lio:/home/yy/sight/pfa-nav/install/terrain_analysis_ext:/home/yy/sight/pfa-nav/install/terrain_analysis:/home/yy/sight/pfa-nav/install/small_gicp_relocalization:/home/yy/sight/pfa-nav/install/pointcloud_to_laserscan:/home/yy/sight/pfa-nav/install/pb_teleop_twist_joy:/home/yy/sight/pfa-nav/install/pb_omni_pid_pursuit_controller:/home/yy/sight/pfa-nav/install/pb_nav2_plugins:/home/yy/sight/pfa-nav/install/livox_ros_driver2:/opt/ros/humble LD_LIBRARY_PATH=/home/yy/sight/pfa-nav/install/small_gicp_relocalization/lib:/home/yy/sight/pfa-nav/install/pointcloud_to_laserscan/lib:/home/yy/sight/pfa-nav/install/pb_teleop_twist_joy/lib:/home/yy/sight/pfa-nav/install/pb_omni_pid_pursuit_controller/lib:/home/yy/sight/pfa-nav/install/pb_nav2_plugins/lib:/home/yy/sight/pfa-nav/install/livox_ros_driver2/lib:/usr/lib/x86_64-linux-gnu/gazebo-11/plugins:/opt/ros/humble/opt/rviz_ogre_vendor/lib:/opt/ros/humble/lib/x86_64-linux-gnu:/opt/ros/humble/lib:/opt/MVS/lib/64:/opt/MVS/lib/32:/opt/MVS/lib/64:/opt/MVS/lib/32:/opt/MVS/lib/64:/opt/MVS/lib/32 PYTHONPATH=/home/yy/sight/pfa-nav/install/livox_ros_driver2/local/lib/python3.10/dist-packages:${PYTHONPATH} /usr/bin/cmake --install /home/yy/sight/pfa-nav/build/pb2025_nav_bringup
[0.407s] -- Install configuration: "Release"
[0.407s] -- Execute custom install script
[0.407s] -- Symlinking: /home/yy/sight/pfa-nav/install/pb2025_nav_bringup/share/pb2025_nav_bringup/launch/bringup_launch.py
[0.414s] -- Symlinking: /home/yy/sight/pfa-nav/install/pb2025_nav_bringup/share/pb2025_nav_bringup/launch/joy_teleop_launch.py
[0.420s] -- Symlinking: /home/yy/sight/pfa-nav/install/pb2025_nav_bringup/share/pb2025_nav_bringup/launch/localization_launch.py
[0.425s] -- Symlinking: /home/yy/sight/pfa-nav/install/pb2025_nav_bringup/share/pb2025_nav_bringup/launch/navigation_launch.py
[0.431s] -- Symlinking: /home/yy/sight/pfa-nav/install/pb2025_nav_bringup/share/pb2025_nav_bringup/launch/rm_multi_navigation_simulation_launch.py
[0.438s] -- Symlinking: /home/yy/sight/pfa-nav/install/pb2025_nav_bringup/share/pb2025_nav_bringup/launch/rm_navigation_reality_launch.py
[0.443s] -- Symlinking: /home/yy/sight/pfa-nav/install/pb2025_nav_bringup/share/pb2025_nav_bringup/launch/rm_navigation_simulation_launch.py
[0.449s] -- Symlinking: /home/yy/sight/pfa-nav/install/pb2025_nav_bringup/share/pb2025_nav_bringup/launch/robot_state_publisher_launch.py
[0.455s] -- Symlinking: /home/yy/sight/pfa-nav/install/pb2025_nav_bringup/share/pb2025_nav_bringup/launch/rviz_launch.py
[0.461s] -- Symlinking: /home/yy/sight/pfa-nav/install/pb2025_nav_bringup/share/pb2025_nav_bringup/launch/slam_launch.py
[0.467s] -- Symlinking: /home/yy/sight/pfa-nav/install/pb2025_nav_bringup/share/pb2025_nav_bringup/map/reality/game.pgm
[0.471s] -- Symlinking: /home/yy/sight/pfa-nav/install/pb2025_nav_bringup/share/pb2025_nav_bringup/map/reality/game.yaml
[0.478s] -- Symlinking: /home/yy/sight/pfa-nav/install/pb2025_nav_bringup/share/pb2025_nav_bringup/map/reality/reserve
[0.483s] -- Symlinking: /home/yy/sight/pfa-nav/install/pb2025_nav_bringup/share/pb2025_nav_bringup/map/simulation/game.pgm
[0.489s] -- Symlinking: /home/yy/sight/pfa-nav/install/pb2025_nav_bringup/share/pb2025_nav_bringup/map/simulation/game.yaml
[0.494s] -- Symlinking: /home/yy/sight/pfa-nav/install/pb2025_nav_bringup/share/pb2025_nav_bringup/map/simulation/rmuc_2024.pgm
[0.500s] -- Symlinking: /home/yy/sight/pfa-nav/install/pb2025_nav_bringup/share/pb2025_nav_bringup/map/simulation/rmuc_2024.yaml
[0.504s] -- Symlinking: /home/yy/sight/pfa-nav/install/pb2025_nav_bringup/share/pb2025_nav_bringup/map/simulation/rmuc_2025.pgm
[0.509s] -- Symlinking: /home/yy/sight/pfa-nav/install/pb2025_nav_bringup/share/pb2025_nav_bringup/map/simulation/rmuc_2025.yaml
[0.515s] -- Symlinking: /home/yy/sight/pfa-nav/install/pb2025_nav_bringup/share/pb2025_nav_bringup/map/simulation/rmul_2024.pgm
[0.520s] -- Symlinking: /home/yy/sight/pfa-nav/install/pb2025_nav_bringup/share/pb2025_nav_bringup/map/simulation/rmul_2024.yaml
[0.524s] -- Symlinking: /home/yy/sight/pfa-nav/install/pb2025_nav_bringup/share/pb2025_nav_bringup/map/simulation/rmul_2025.pgm
[0.529s] -- Symlinking: /home/yy/sight/pfa-nav/install/pb2025_nav_bringup/share/pb2025_nav_bringup/map/simulation/rmul_2025.yaml
[0.534s] -- Symlinking: /home/yy/sight/pfa-nav/install/pb2025_nav_bringup/share/pb2025_nav_bringup/pcd/reality/game.pcd
[0.540s] -- Symlinking: /home/yy/sight/pfa-nav/install/pb2025_nav_bringup/share/pb2025_nav_bringup/pcd/reality/reserve
[0.545s] -- Symlinking: /home/yy/sight/pfa-nav/install/pb2025_nav_bringup/share/pb2025_nav_bringup/pcd/simulation/readme.md
[0.551s] -- Symlinking: /home/yy/sight/pfa-nav/install/pb2025_nav_bringup/share/pb2025_nav_bringup/pcd/simulation/rmuc_2024.pcd
[0.555s] -- Symlinking: /home/yy/sight/pfa-nav/install/pb2025_nav_bringup/share/pb2025_nav_bringup/pcd/simulation/rmuc_2025.pcd
[0.561s] -- Symlinking: /home/yy/sight/pfa-nav/install/pb2025_nav_bringup/share/pb2025_nav_bringup/pcd/simulation/rmul_2024.pcd
[0.565s] -- Symlinking: /home/yy/sight/pfa-nav/install/pb2025_nav_bringup/share/pb2025_nav_bringup/pcd/simulation/rmul_2025.pcd
[0.570s] -- Symlinking: /home/yy/sight/pfa-nav/install/pb2025_nav_bringup/share/pb2025_nav_bringup/config/reality/mid360_user_config.json
[0.577s] -- Symlinking: /home/yy/sight/pfa-nav/install/pb2025_nav_bringup/share/pb2025_nav_bringup/config/reality/nav2_params.yaml
[0.583s] -- Symlinking: /home/yy/sight/pfa-nav/install/pb2025_nav_bringup/share/pb2025_nav_bringup/config/simulation/nav2_params.yaml
[0.589s] -- Symlinking: /home/yy/sight/pfa-nav/install/pb2025_nav_bringup/share/pb2025_nav_bringup/behavior_trees/navigate_through_poses_w_replanning_and_recovery.xml
[0.594s] -- Symlinking: /home/yy/sight/pfa-nav/install/pb2025_nav_bringup/share/pb2025_nav_bringup/behavior_trees/navigate_to_pose_w_replanning_and_recovery.xml
[0.600s] -- Symlinking: /home/yy/sight/pfa-nav/install/pb2025_nav_bringup/share/pb2025_nav_bringup/rviz/nav2_default_view.rviz
[0.606s] -- Symlinking: /home/yy/sight/pfa-nav/install/pb2025_nav_bringup/share/ament_index/resource_index/package_run_dependencies/pb2025_nav_bringup
[0.612s] -- Symlinking: /home/yy/sight/pfa-nav/install/pb2025_nav_bringup/share/ament_index/resource_index/parent_prefix_path/pb2025_nav_bringup
[0.617s] -- Symlinking: /home/yy/sight/pfa-nav/install/pb2025_nav_bringup/share/pb2025_nav_bringup/environment/ament_prefix_path.sh
[0.623s] -- Symlinking: /home/yy/sight/pfa-nav/install/pb2025_nav_bringup/share/pb2025_nav_bringup/environment/ament_prefix_path.dsv
[0.627s] -- Symlinking: /home/yy/sight/pfa-nav/install/pb2025_nav_bringup/share/pb2025_nav_bringup/environment/path.sh
[0.631s] -- Symlinking: /home/yy/sight/pfa-nav/install/pb2025_nav_bringup/share/pb2025_nav_bringup/environment/path.dsv
[0.637s] -- Symlinking: /home/yy/sight/pfa-nav/install/pb2025_nav_bringup/share/pb2025_nav_bringup/local_setup.bash
[0.645s] -- Symlinking: /home/yy/sight/pfa-nav/install/pb2025_nav_bringup/share/pb2025_nav_bringup/local_setup.sh
[0.650s] -- Symlinking: /home/yy/sight/pfa-nav/install/pb2025_nav_bringup/share/pb2025_nav_bringup/local_setup.zsh
[0.655s] -- Symlinking: /home/yy/sight/pfa-nav/install/pb2025_nav_bringup/share/pb2025_nav_bringup/local_setup.dsv
[0.661s] -- Symlinking: /home/yy/sight/pfa-nav/install/pb2025_nav_bringup/share/pb2025_nav_bringup/package.dsv
[0.666s] -- Symlinking: /home/yy/sight/pfa-nav/install/pb2025_nav_bringup/share/ament_index/resource_index/packages/pb2025_nav_bringup
[0.671s] -- Symlinking: /home/yy/sight/pfa-nav/install/pb2025_nav_bringup/share/pb2025_nav_bringup/cmake/pb2025_nav_bringupConfig.cmake
[0.676s] -- Symlinking: /home/yy/sight/pfa-nav/install/pb2025_nav_bringup/share/pb2025_nav_bringup/cmake/pb2025_nav_bringupConfig-version.cmake
[0.681s] -- Symlinking: /home/yy/sight/pfa-nav/install/pb2025_nav_bringup/share/pb2025_nav_bringup/package.xml
[0.688s] Invoked command in '/home/yy/sight/pfa-nav/build/pb2025_nav_bringup' returned '0': AMENT_PREFIX_PATH=/home/yy/sight/pfa-nav/install/point_lio:/home/yy/sight/pfa-nav/install/terrain_analysis_ext:/home/yy/sight/pfa-nav/install/terrain_analysis:/home/yy/sight/pfa-nav/install/small_gicp_relocalization:/home/yy/sight/pfa-nav/install/pointcloud_to_laserscan:/home/yy/sight/pfa-nav/install/pb_teleop_twist_joy:/home/yy/sight/pfa-nav/install/pb_omni_pid_pursuit_controller:/home/yy/sight/pfa-nav/install/pb_nav2_plugins:/home/yy/sight/pfa-nav/install/livox_ros_driver2:${AMENT_PREFIX_PATH} CMAKE_PREFIX_PATH=/home/yy/sight/pfa-nav/install/point_lio:/home/yy/sight/pfa-nav/install/terrain_analysis_ext:/home/yy/sight/pfa-nav/install/terrain_analysis:/home/yy/sight/pfa-nav/install/small_gicp_relocalization:/home/yy/sight/pfa-nav/install/pointcloud_to_laserscan:/home/yy/sight/pfa-nav/install/pb_teleop_twist_joy:/home/yy/sight/pfa-nav/install/pb_omni_pid_pursuit_controller:/home/yy/sight/pfa-nav/install/pb_nav2_plugins:/home/yy/sight/pfa-nav/install/livox_ros_driver2:/opt/ros/humble LD_LIBRARY_PATH=/home/yy/sight/pfa-nav/install/small_gicp_relocalization/lib:/home/yy/sight/pfa-nav/install/pointcloud_to_laserscan/lib:/home/yy/sight/pfa-nav/install/pb_teleop_twist_joy/lib:/home/yy/sight/pfa-nav/install/pb_omni_pid_pursuit_controller/lib:/home/yy/sight/pfa-nav/install/pb_nav2_plugins/lib:/home/yy/sight/pfa-nav/install/livox_ros_driver2/lib:/usr/lib/x86_64-linux-gnu/gazebo-11/plugins:/opt/ros/humble/opt/rviz_ogre_vendor/lib:/opt/ros/humble/lib/x86_64-linux-gnu:/opt/ros/humble/lib:/opt/MVS/lib/64:/opt/MVS/lib/32:/opt/MVS/lib/64:/opt/MVS/lib/32:/opt/MVS/lib/64:/opt/MVS/lib/32 PYTHONPATH=/home/yy/sight/pfa-nav/install/livox_ros_driver2/local/lib/python3.10/dist-packages:${PYTHONPATH} /usr/bin/cmake --install /home/yy/sight/pfa-nav/build/pb2025_nav_bringup
