[0.018s] Invoking command in '/home/yy/sight/pfa-nav/build/rmoss_base': AMENT_PREFIX_PATH=/home/yy/sight/pfa-nav/install/rmoss_interfaces:${AMENT_PREFIX_PATH} CMAKE_PREFIX_PATH=/home/yy/sight/pfa-nav/install/rmoss_interfaces:/opt/ros/humble LD_LIBRARY_PATH=/home/yy/sight/pfa-nav/install/rmoss_interfaces/lib:/usr/lib/x86_64-linux-gnu/gazebo-11/plugins:/opt/ros/humble/opt/rviz_ogre_vendor/lib:/opt/ros/humble/lib/x86_64-linux-gnu:/opt/ros/humble/lib:/opt/MVS/lib/64:/opt/MVS/lib/32:/opt/MVS/lib/64:/opt/MVS/lib/32:/opt/MVS/lib/64:/opt/MVS/lib/32 PYTHONPATH=/home/yy/sight/pfa-nav/install/rmoss_interfaces/local/lib/python3.10/dist-packages:${PYTHONPATH} /usr/bin/cmake /home/yy/sight/pfa-nav/src/rmoss_core/rmoss_base -DCMAKE_BUILD_TYPE=Release -DAMENT_CMAKE_SYMLINK_INSTALL=1 -DCMAKE_INSTALL_PREFIX=/home/yy/sight/pfa-nav/install/rmoss_base
[0.071s] -- The C compiler identification is GNU 11.4.0
[0.118s] -- The CXX compiler identification is GNU 11.4.0
[0.125s] -- Detecting C compiler ABI info
[0.179s] -- Detecting C compiler ABI info - done
[0.183s] -- Check for working C compiler: /usr/bin/cc - skipped
[0.183s] -- Detecting C compile features
[0.183s] -- Detecting C compile features - done
[0.186s] -- Detecting CXX compiler ABI info
[0.253s] -- Detecting CXX compiler ABI info - done
[0.258s] -- Check for working CXX compiler: /usr/bin/c++ - skipped
[0.258s] -- Detecting CXX compile features
[0.258s] -- Detecting CXX compile features - done
[0.262s] -- Found ament_cmake: 1.3.12 (/opt/ros/humble/share/ament_cmake/cmake)
[0.363s] -- Found Python3: /usr/bin/python3 (found version "3.10.12") found components: Interpreter 
[0.485s] -- Override CMake install command with custom implementation using symlinks instead of copying resources
[0.504s] -- Found rclcpp: 16.0.14 (/opt/ros/humble/share/rclcpp/cmake)
[0.528s] -- Found rosidl_generator_c: 3.1.7 (/opt/ros/humble/share/rosidl_generator_c/cmake)
[0.531s] -- Found rosidl_adapter: 3.1.7 (/opt/ros/humble/share/rosidl_adapter/cmake)
[0.536s] -- Found rosidl_generator_cpp: 3.1.7 (/opt/ros/humble/share/rosidl_generator_cpp/cmake)
[0.543s] -- Using all available rosidl_typesupport_c: rosidl_typesupport_fastrtps_c;rosidl_typesupport_introspection_c
[0.552s] -- Using all available rosidl_typesupport_cpp: rosidl_typesupport_fastrtps_cpp;rosidl_typesupport_introspection_cpp
[0.577s] -- Found rmw_implementation_cmake: 6.1.2 (/opt/ros/humble/share/rmw_implementation_cmake/cmake)
[0.579s] -- Found rmw_fastrtps_cpp: 6.2.8 (/opt/ros/humble/share/rmw_fastrtps_cpp/cmake)
[0.630s] -- Found OpenSSL: /usr/lib/x86_64-linux-gnu/libcrypto.so (found version "3.0.2")  
[0.655s] -- Found FastRTPS: /opt/ros/humble/include  
[0.687s] -- Using RMW implementation 'rmw_fastrtps_cpp' as default
[0.692s] -- Looking for pthread.h
[0.756s] -- Looking for pthread.h - found
[0.757s] -- Performing Test CMAKE_HAVE_LIBC_PTHREAD
[0.816s] -- Performing Test CMAKE_HAVE_LIBC_PTHREAD - Success
[0.817s] -- Found Threads: TRUE  
[0.866s] -- Found rclcpp_components: 16.0.14 (/opt/ros/humble/share/rclcpp_components/cmake)
[0.890s] -- Found rmoss_interfaces: 0.9.0 (/home/yy/sight/pfa-nav/install/rmoss_interfaces/share/rmoss_interfaces/cmake)
[0.941s] -- Found ament_lint_auto: 0.12.14 (/opt/ros/humble/share/ament_lint_auto/cmake)
[1.011s] -- Found ament_cmake_gtest: 1.3.12 (/opt/ros/humble/share/ament_cmake_gtest/cmake)
[1.012s] -- Found gtest sources under '/opt/ros/humble/src/gtest_vendor': C++ tests using 'Google Test' will be built
[1.023s] -- Added test 'copyright' to check source files copyright and LICENSE
[1.026s] -- Added test 'cppcheck' to perform static code analysis on C / C++ code
[1.026s] -- Configured cppcheck include dirs: /home/yy/sight/pfa-nav/src/rmoss_core/rmoss_base/include
[1.026s] -- Configured cppcheck exclude dirs and/or files: 
[1.028s] -- Added test 'cpplint' to check C / C++ code against the Google style
[1.028s] -- Configured cpplint exclude dirs and/or files: 
[1.029s] -- Added test 'flake8' to check Python code syntax and style conventions
[1.030s] -- Added test 'lint_cmake' to check CMake code style
[1.031s] -- Added test 'pep257' to check Python code against some of the docstring style conventions in PEP 257
[1.032s] -- Added test 'uncrustify' to check C / C++ code style
[1.032s] -- Configured uncrustify additional arguments: 
[1.035s] -- Added test 'xmllint' to check XML markup files
[1.039s] -- Configuring done
[1.068s] -- Generating done
[1.077s] -- Build files have been written to: /home/yy/sight/pfa-nav/build/rmoss_base
[1.094s] Invoked command in '/home/yy/sight/pfa-nav/build/rmoss_base' returned '0': AMENT_PREFIX_PATH=/home/yy/sight/pfa-nav/install/rmoss_interfaces:${AMENT_PREFIX_PATH} CMAKE_PREFIX_PATH=/home/yy/sight/pfa-nav/install/rmoss_interfaces:/opt/ros/humble LD_LIBRARY_PATH=/home/yy/sight/pfa-nav/install/rmoss_interfaces/lib:/usr/lib/x86_64-linux-gnu/gazebo-11/plugins:/opt/ros/humble/opt/rviz_ogre_vendor/lib:/opt/ros/humble/lib/x86_64-linux-gnu:/opt/ros/humble/lib:/opt/MVS/lib/64:/opt/MVS/lib/32:/opt/MVS/lib/64:/opt/MVS/lib/32:/opt/MVS/lib/64:/opt/MVS/lib/32 PYTHONPATH=/home/yy/sight/pfa-nav/install/rmoss_interfaces/local/lib/python3.10/dist-packages:${PYTHONPATH} /usr/bin/cmake /home/yy/sight/pfa-nav/src/rmoss_core/rmoss_base -DCMAKE_BUILD_TYPE=Release -DAMENT_CMAKE_SYMLINK_INSTALL=1 -DCMAKE_INSTALL_PREFIX=/home/yy/sight/pfa-nav/install/rmoss_base
[1.101s] Invoking command in '/home/yy/sight/pfa-nav/build/rmoss_base': AMENT_PREFIX_PATH=/home/yy/sight/pfa-nav/install/rmoss_interfaces:${AMENT_PREFIX_PATH} CMAKE_PREFIX_PATH=/home/yy/sight/pfa-nav/install/rmoss_interfaces:/opt/ros/humble LD_LIBRARY_PATH=/home/yy/sight/pfa-nav/install/rmoss_interfaces/lib:/usr/lib/x86_64-linux-gnu/gazebo-11/plugins:/opt/ros/humble/opt/rviz_ogre_vendor/lib:/opt/ros/humble/lib/x86_64-linux-gnu:/opt/ros/humble/lib:/opt/MVS/lib/64:/opt/MVS/lib/32:/opt/MVS/lib/64:/opt/MVS/lib/32:/opt/MVS/lib/64:/opt/MVS/lib/32 PYTHONPATH=/home/yy/sight/pfa-nav/install/rmoss_interfaces/local/lib/python3.10/dist-packages:${PYTHONPATH} /usr/bin/cmake --build /home/yy/sight/pfa-nav/build/rmoss_base -- -j20 -l20
[1.351s] [  6%] [32mBuilding CXX object CMakeFiles/rmoss_base.dir/src/transporter_driver/uart_transporter.cpp.o[0m
[1.387s] [ 12%] [32mBuilding CXX object CMakeFiles/rmoss_base.dir/src/simple_robot_base_node.cpp.o[0m
[8.780s] [ 18%] [32mBuilding CXX object CMakeFiles/rmoss_base.dir/src/transporter_driver/udp_transporter.cpp.o[0m
[8.994s] [ 25%] [32m[1mLinking CXX shared library librmoss_base.so[0m
[9.096s] [ 25%] Built target rmoss_base
[9.111s] [ 31%] [32mBuilding CXX object gtest/CMakeFiles/gtest.dir/src/gtest-all.cc.o[0m
[13.072s] [ 37%] [32m[1mLinking CXX static library libgtest.a[0m
[13.103s] [ 37%] Built target gtest
[13.119s] [ 43%] [32mBuilding CXX object CMakeFiles/simple_robot_base.dir/src/simple_robot_base_main.cpp.o[0m
[14.720s] [ 50%] [32m[1mLinking CXX executable simple_robot_base[0m
[14.797s] [ 50%] Built target simple_robot_base
[14.815s] [ 56%] [32mBuilding CXX object gtest/CMakeFiles/gtest_main.dir/src/gtest_main.cc.o[0m
[15.148s] [ 62%] [32m[1mLinking CXX static library libgtest_main.a[0m
[15.175s] [ 62%] Built target gtest_main
[15.192s] [ 68%] [32mBuilding CXX object test/CMakeFiles/test_fixed_packet.dir/test_fixed_packet.cpp.o[0m
[15.793s] [ 75%] [32m[1mLinking CXX executable test_fixed_packet[0m
[15.883s] [ 75%] Built target test_fixed_packet
[15.899s] [ 81%] [32mBuilding CXX object test/CMakeFiles/test_udp_transporter.dir/test_udp_transporter.cpp.o[0m
[16.576s] [ 87%] [32m[1mLinking CXX executable test_udp_transporter[0m
[16.650s] [ 87%] Built target test_udp_transporter
[16.669s] [ 93%] [32mBuilding CXX object test/CMakeFiles/test_fixed_packet_tool.dir/test_fixed_packet_tool.cpp.o[0m
[17.238s] In file included from [01m[K/home/yy/sight/pfa-nav/src/rmoss_core/rmoss_base/test/test_fixed_packet_tool.cpp:21[m[K:
[17.238s] [01m[K/home/yy/sight/pfa-nav/src/rmoss_core/rmoss_base/test/dummy_transporter.hpp:[m[K In constructor ‘[01m[KTransporterFactory::TransporterFactory()[m[K’:
[17.238s] [01m[K/home/yy/sight/pfa-nav/src/rmoss_core/rmoss_base/test/dummy_transporter.hpp:68:9:[m[K [01;35m[Kwarning: [m[Kignoring return value of ‘[01m[Kint pipe(int*)[m[K’ declared with attribute ‘[01m[Kwarn_unused_result[m[K’ [[01;35m[K]8;;https://gcc.gnu.org/onlinedocs/gcc/Warning-Options.html#index-Wunused-result-Wunused-result]8;;[m[K]
[17.238s]    68 |     [01;35m[Kpipe(fds1)[m[K;
[17.238s]       |     [01;35m[K~~~~^~~~~~[m[K
[17.238s] [01m[K/home/yy/sight/pfa-nav/src/rmoss_core/rmoss_base/test/dummy_transporter.hpp:69:9:[m[K [01;35m[Kwarning: [m[Kignoring return value of ‘[01m[Kint pipe(int*)[m[K’ declared with attribute ‘[01m[Kwarn_unused_result[m[K’ [[01;35m[K]8;;https://gcc.gnu.org/onlinedocs/gcc/Warning-Options.html#index-Wunused-result-Wunused-result]8;;[m[K]
[17.238s]    69 |     [01;35m[Kpipe(fds2)[m[K;
[17.238s]       |     [01;35m[K~~~~^~~~~~[m[K
[17.580s] [100%] [32m[1mLinking CXX executable test_fixed_packet_tool[0m
[17.683s] [100%] Built target test_fixed_packet_tool
[17.752s] Invoked command in '/home/yy/sight/pfa-nav/build/rmoss_base' returned '0': AMENT_PREFIX_PATH=/home/yy/sight/pfa-nav/install/rmoss_interfaces:${AMENT_PREFIX_PATH} CMAKE_PREFIX_PATH=/home/yy/sight/pfa-nav/install/rmoss_interfaces:/opt/ros/humble LD_LIBRARY_PATH=/home/yy/sight/pfa-nav/install/rmoss_interfaces/lib:/usr/lib/x86_64-linux-gnu/gazebo-11/plugins:/opt/ros/humble/opt/rviz_ogre_vendor/lib:/opt/ros/humble/lib/x86_64-linux-gnu:/opt/ros/humble/lib:/opt/MVS/lib/64:/opt/MVS/lib/32:/opt/MVS/lib/64:/opt/MVS/lib/32:/opt/MVS/lib/64:/opt/MVS/lib/32 PYTHONPATH=/home/yy/sight/pfa-nav/install/rmoss_interfaces/local/lib/python3.10/dist-packages:${PYTHONPATH} /usr/bin/cmake --build /home/yy/sight/pfa-nav/build/rmoss_base -- -j20 -l20
[17.753s] Invoking command in '/home/yy/sight/pfa-nav/build/rmoss_base': AMENT_PREFIX_PATH=/home/yy/sight/pfa-nav/install/rmoss_interfaces:${AMENT_PREFIX_PATH} CMAKE_PREFIX_PATH=/home/yy/sight/pfa-nav/install/rmoss_interfaces:/opt/ros/humble LD_LIBRARY_PATH=/home/yy/sight/pfa-nav/install/rmoss_interfaces/lib:/usr/lib/x86_64-linux-gnu/gazebo-11/plugins:/opt/ros/humble/opt/rviz_ogre_vendor/lib:/opt/ros/humble/lib/x86_64-linux-gnu:/opt/ros/humble/lib:/opt/MVS/lib/64:/opt/MVS/lib/32:/opt/MVS/lib/64:/opt/MVS/lib/32:/opt/MVS/lib/64:/opt/MVS/lib/32 PYTHONPATH=/home/yy/sight/pfa-nav/install/rmoss_interfaces/local/lib/python3.10/dist-packages:${PYTHONPATH} /usr/bin/cmake --install /home/yy/sight/pfa-nav/build/rmoss_base
[17.760s] -- Install configuration: "Release"
[17.760s] -- Execute custom install script
[17.761s] -- Symlinking: /home/yy/sight/pfa-nav/install/rmoss_base/include/rmoss_base/fixed_packet.hpp
[17.767s] -- Symlinking: /home/yy/sight/pfa-nav/install/rmoss_base/include/rmoss_base/fixed_packet_tool.hpp
[17.775s] -- Symlinking: /home/yy/sight/pfa-nav/install/rmoss_base/include/rmoss_base/simple_robot_base_node.hpp
[17.783s] -- Symlinking: /home/yy/sight/pfa-nav/install/rmoss_base/include/rmoss_base/transporter_interface.hpp
[17.789s] -- Symlinking: /home/yy/sight/pfa-nav/install/rmoss_base/include/rmoss_base/uart_transporter.hpp
[17.795s] -- Symlinking: /home/yy/sight/pfa-nav/install/rmoss_base/include/rmoss_base/udp_transporter.hpp
[17.801s] -- Symlinking: /home/yy/sight/pfa-nav/install/rmoss_base/lib/rmoss_base/simple_robot_base
[17.807s] -- Symlinking: /home/yy/sight/pfa-nav/install/rmoss_base/lib/rmoss_base/test_control_chassis.py
[17.813s] -- Symlinking: /home/yy/sight/pfa-nav/install/rmoss_base/lib/rmoss_base/test_control_gimbal.py
[17.821s] -- Symlinking: /home/yy/sight/pfa-nav/install/rmoss_base/share/rmoss_base/environment/library_path.sh
[17.828s] -- Symlinking: /home/yy/sight/pfa-nav/install/rmoss_base/share/rmoss_base/environment/library_path.dsv
[17.834s] -- Symlinking: /home/yy/sight/pfa-nav/install/rmoss_base/share/ament_index/resource_index/package_run_dependencies/rmoss_base
[17.839s] -- Symlinking: /home/yy/sight/pfa-nav/install/rmoss_base/share/ament_index/resource_index/parent_prefix_path/rmoss_base
[17.846s] -- Symlinking: /home/yy/sight/pfa-nav/install/rmoss_base/share/rmoss_base/environment/ament_prefix_path.sh
[17.855s] -- Symlinking: /home/yy/sight/pfa-nav/install/rmoss_base/share/rmoss_base/environment/ament_prefix_path.dsv
[17.860s] -- Symlinking: /home/yy/sight/pfa-nav/install/rmoss_base/share/rmoss_base/environment/path.sh
[17.865s] -- Symlinking: /home/yy/sight/pfa-nav/install/rmoss_base/share/rmoss_base/environment/path.dsv
[17.873s] -- Symlinking: /home/yy/sight/pfa-nav/install/rmoss_base/share/rmoss_base/local_setup.bash
[17.880s] -- Symlinking: /home/yy/sight/pfa-nav/install/rmoss_base/share/rmoss_base/local_setup.sh
[17.887s] -- Symlinking: /home/yy/sight/pfa-nav/install/rmoss_base/share/rmoss_base/local_setup.zsh
[17.893s] -- Symlinking: /home/yy/sight/pfa-nav/install/rmoss_base/share/rmoss_base/local_setup.dsv
[17.900s] -- Symlinking: /home/yy/sight/pfa-nav/install/rmoss_base/share/rmoss_base/package.dsv
[17.908s] -- Symlinking: /home/yy/sight/pfa-nav/install/rmoss_base/share/ament_index/resource_index/packages/rmoss_base
[17.913s] -- Symlinking: /home/yy/sight/pfa-nav/install/rmoss_base/share/ament_index/resource_index/rclcpp_components/rmoss_base
[17.921s] -- Symlinking: /home/yy/sight/pfa-nav/install/rmoss_base/share/rmoss_base/cmake/ament_cmake_export_targets-extras.cmake
[17.927s] -- Symlinking: /home/yy/sight/pfa-nav/install/rmoss_base/share/rmoss_base/cmake/ament_cmake_export_dependencies-extras.cmake
[17.933s] -- Symlinking: /home/yy/sight/pfa-nav/install/rmoss_base/share/rmoss_base/cmake/rmoss_baseConfig.cmake
[17.941s] -- Symlinking: /home/yy/sight/pfa-nav/install/rmoss_base/share/rmoss_base/cmake/rmoss_baseConfig-version.cmake
[17.947s] -- Symlinking: /home/yy/sight/pfa-nav/install/rmoss_base/share/rmoss_base/package.xml
[17.957s] -- Installing: /home/yy/sight/pfa-nav/install/rmoss_base/lib/librmoss_base.so
[17.957s] -- Set runtime path of "/home/yy/sight/pfa-nav/install/rmoss_base/lib/librmoss_base.so" to ""
[17.957s] -- Installing: /home/yy/sight/pfa-nav/install/rmoss_base/share/rmoss_base/cmake/rmoss_baseExport.cmake
[17.957s] -- Installing: /home/yy/sight/pfa-nav/install/rmoss_base/share/rmoss_base/cmake/rmoss_baseExport-release.cmake
[17.959s] Invoked command in '/home/yy/sight/pfa-nav/build/rmoss_base' returned '0': AMENT_PREFIX_PATH=/home/yy/sight/pfa-nav/install/rmoss_interfaces:${AMENT_PREFIX_PATH} CMAKE_PREFIX_PATH=/home/yy/sight/pfa-nav/install/rmoss_interfaces:/opt/ros/humble LD_LIBRARY_PATH=/home/yy/sight/pfa-nav/install/rmoss_interfaces/lib:/usr/lib/x86_64-linux-gnu/gazebo-11/plugins:/opt/ros/humble/opt/rviz_ogre_vendor/lib:/opt/ros/humble/lib/x86_64-linux-gnu:/opt/ros/humble/lib:/opt/MVS/lib/64:/opt/MVS/lib/32:/opt/MVS/lib/64:/opt/MVS/lib/32:/opt/MVS/lib/64:/opt/MVS/lib/32 PYTHONPATH=/home/yy/sight/pfa-nav/install/rmoss_interfaces/local/lib/python3.10/dist-packages:${PYTHONPATH} /usr/bin/cmake --install /home/yy/sight/pfa-nav/build/rmoss_base
