[0.278s] Invoking command in '/home/yy/sight/pfa-nav/build/pb_nav2_plugins': CMAKE_PREFIX_PATH=/opt/ros/humble /usr/bin/cmake /home/yy/sight/pfa-nav/src/pb2025_sentry_nav/pb_nav2_plugins/pb_nav2_plugins-d70977132936da4d758bd6e8c0771a8cf4861ad9 -DCMAKE_BUILD_TYPE=Release -DAMENT_CMAKE_SYMLINK_INSTALL=1 -DCMAKE_INSTALL_PREFIX=/home/yy/sight/pfa-nav/install/pb_nav2_plugins
[0.321s] -- The C compiler identification is GNU 11.4.0
[0.369s] -- The CXX compiler identification is GNU 11.4.0
[0.386s] -- Detecting C compiler ABI info
[0.450s] -- Detecting C compiler ABI info - done
[0.457s] -- Check for working C compiler: /usr/bin/cc - skipped
[0.457s] -- Detecting C compile features
[0.458s] -- Detecting C compile features - done
[0.463s] -- Detecting CXX compiler ABI info
[0.549s] -- Detecting CXX compiler ABI info - done
[0.553s] -- Check for working CXX compiler: /usr/bin/c++ - skipped
[0.553s] -- Detecting CXX compile features
[0.553s] -- Detecting CXX compile features - done
[0.554s] -- Found ament_cmake_auto: 1.3.12 (/opt/ros/humble/share/ament_cmake_auto/cmake)
[0.680s] -- Found Python3: /usr/bin/python3 (found version "3.10.12") found components: Interpreter 
[0.763s] -- Override CMake install command with custom implementation using symlinks instead of copying resources
[0.880s] -- Found rosidl_generator_c: 3.1.7 (/opt/ros/humble/share/rosidl_generator_c/cmake)
[0.884s] -- Found rosidl_adapter: 3.1.7 (/opt/ros/humble/share/rosidl_adapter/cmake)
[0.890s] -- Found rosidl_generator_cpp: 3.1.7 (/opt/ros/humble/share/rosidl_generator_cpp/cmake)
[0.900s] -- Using all available rosidl_typesupport_c: rosidl_typesupport_fastrtps_c;rosidl_typesupport_introspection_c
[0.918s] -- Using all available rosidl_typesupport_cpp: rosidl_typesupport_fastrtps_cpp;rosidl_typesupport_introspection_cpp
[0.957s] -- Found rmw_implementation_cmake: 6.1.2 (/opt/ros/humble/share/rmw_implementation_cmake/cmake)
[0.958s] -- Found rmw_fastrtps_cpp: 6.2.8 (/opt/ros/humble/share/rmw_fastrtps_cpp/cmake)
[1.032s] -- Found OpenSSL: /usr/lib/x86_64-linux-gnu/libcrypto.so (found version "3.0.2")  
[1.062s] -- Found FastRTPS: /opt/ros/humble/include  
[1.119s] -- Using RMW implementation 'rmw_fastrtps_cpp' as default
[1.126s] -- Looking for pthread.h
[1.200s] -- Looking for pthread.h - found
[1.200s] -- Performing Test CMAKE_HAVE_LIBC_PTHREAD
[1.269s] -- Performing Test CMAKE_HAVE_LIBC_PTHREAD - Success
[1.278s] -- Found Threads: TRUE  
[1.522s] -- Found eigen3_cmake_module: 0.1.1 (/opt/ros/humble/share/eigen3_cmake_module/cmake)
[1.523s] -- Found Eigen3: TRUE (found version "3.4.0") 
[1.523s] -- Ensuring Eigen3 include directory is part of orocos-kdl CMake target
[2.436s] -- Found ament_lint_auto: 0.12.14 (/opt/ros/humble/share/ament_lint_auto/cmake)
[2.451s] [0mIn this package, headers install destination is set to `include` by ament_auto_package. It is recommended to install `include/pb_nav2_plugins` instead and will be the default behavior of ament_auto_package from ROS 2 Kilted Kaiju. On distributions before Kilted, ament_auto_package behaves the same way when you use USE_SCOPED_HEADER_INSTALL_DIR option.[0m
[2.457s] -- Added test 'copyright' to check source files copyright and LICENSE
[2.458s] -- Added test 'cppcheck' to perform static code analysis on C / C++ code
[2.459s] -- Configured cppcheck include dirs: /home/yy/sight/pfa-nav/src/pb2025_sentry_nav/pb_nav2_plugins/pb_nav2_plugins-d70977132936da4d758bd6e8c0771a8cf4861ad9/include
[2.459s] -- Configured cppcheck exclude dirs and/or files: 
[2.460s] -- Added test 'cpplint' to check C / C++ code against the Google style
[2.461s] -- Configured cpplint exclude dirs and/or files: 
[2.463s] -- Added test 'lint_cmake' to check CMake code style
[2.463s] -- Added test 'xmllint' to check XML markup files
[2.463s] -- Added test 'clang_format' to check C / C++ code style
[2.467s] -- Configuring done
[2.728s] -- Generating done
[2.760s] -- Build files have been written to: /home/yy/sight/pfa-nav/build/pb_nav2_plugins
[2.788s] Invoked command in '/home/yy/sight/pfa-nav/build/pb_nav2_plugins' returned '0': CMAKE_PREFIX_PATH=/opt/ros/humble /usr/bin/cmake /home/yy/sight/pfa-nav/src/pb2025_sentry_nav/pb_nav2_plugins/pb_nav2_plugins-d70977132936da4d758bd6e8c0771a8cf4861ad9 -DCMAKE_BUILD_TYPE=Release -DAMENT_CMAKE_SYMLINK_INSTALL=1 -DCMAKE_INSTALL_PREFIX=/home/yy/sight/pfa-nav/install/pb_nav2_plugins
[2.788s] Invoking command in '/home/yy/sight/pfa-nav/build/pb_nav2_plugins': CMAKE_PREFIX_PATH=/opt/ros/humble /usr/bin/cmake --build /home/yy/sight/pfa-nav/build/pb_nav2_plugins -- -j20 -l20
[6.354s] [ 25%] [32mBuilding CXX object CMakeFiles/pb_back_up_frees_space_behavior.dir/src/behaviors/back_up_free_space.cpp.o[0m
[21.922s] [ 50%] [32m[1mLinking CXX shared library libpb_back_up_frees_space_behavior.so[0m
[22.304s] [ 50%] Built target pb_back_up_frees_space_behavior
[22.322s] [ 75%] [32mBuilding CXX object CMakeFiles/layers.dir/src/layers/intensity_voxel_layer.cpp.o[0m
[27.496s] [100%] [32m[1mLinking CXX shared library liblayers.so[0m
[27.731s] [100%] Built target layers
[27.742s] Invoked command in '/home/yy/sight/pfa-nav/build/pb_nav2_plugins' returned '0': CMAKE_PREFIX_PATH=/opt/ros/humble /usr/bin/cmake --build /home/yy/sight/pfa-nav/build/pb_nav2_plugins -- -j20 -l20
[27.743s] Invoking command in '/home/yy/sight/pfa-nav/build/pb_nav2_plugins': CMAKE_PREFIX_PATH=/opt/ros/humble /usr/bin/cmake --install /home/yy/sight/pfa-nav/build/pb_nav2_plugins
[27.750s] -- Install configuration: "Release"
[27.750s] -- Execute custom install script
[27.750s] -- Symlinking: /home/yy/sight/pfa-nav/install/pb_nav2_plugins/share/pb_nav2_plugins//behavior_plugin.xml
[27.756s] -- Symlinking: /home/yy/sight/pfa-nav/install/pb_nav2_plugins/share/pb_nav2_plugins//costmap_plugins.xml
[27.762s] -- Symlinking: /home/yy/sight/pfa-nav/install/pb_nav2_plugins/include/pb_nav2_plugins/behaviors/back_up_free_space.hpp
[27.768s] -- Symlinking: /home/yy/sight/pfa-nav/install/pb_nav2_plugins/include/pb_nav2_plugins/layers/intensity_voxel_layer.hpp
[27.774s] -- Symlinking: /home/yy/sight/pfa-nav/install/pb_nav2_plugins/share/pb_nav2_plugins/environment/library_path.sh
[27.783s] -- Symlinking: /home/yy/sight/pfa-nav/install/pb_nav2_plugins/share/pb_nav2_plugins/environment/library_path.dsv
[27.790s] -- Symlinking: /home/yy/sight/pfa-nav/install/pb_nav2_plugins/lib/libpb_back_up_frees_space_behavior.so
[27.799s] -- Symlinking: /home/yy/sight/pfa-nav/install/pb_nav2_plugins/lib/liblayers.so
[27.807s] -- Symlinking: /home/yy/sight/pfa-nav/install/pb_nav2_plugins/share/ament_index/resource_index/package_run_dependencies/pb_nav2_plugins
[27.817s] -- Symlinking: /home/yy/sight/pfa-nav/install/pb_nav2_plugins/share/ament_index/resource_index/parent_prefix_path/pb_nav2_plugins
[27.823s] -- Symlinking: /home/yy/sight/pfa-nav/install/pb_nav2_plugins/share/pb_nav2_plugins/environment/ament_prefix_path.sh
[27.829s] -- Symlinking: /home/yy/sight/pfa-nav/install/pb_nav2_plugins/share/pb_nav2_plugins/environment/ament_prefix_path.dsv
[27.834s] -- Symlinking: /home/yy/sight/pfa-nav/install/pb_nav2_plugins/share/pb_nav2_plugins/environment/path.sh
[27.840s] -- Symlinking: /home/yy/sight/pfa-nav/install/pb_nav2_plugins/share/pb_nav2_plugins/environment/path.dsv
[27.847s] -- Symlinking: /home/yy/sight/pfa-nav/install/pb_nav2_plugins/share/pb_nav2_plugins/local_setup.bash
[27.855s] -- Symlinking: /home/yy/sight/pfa-nav/install/pb_nav2_plugins/share/pb_nav2_plugins/local_setup.sh
[27.862s] -- Symlinking: /home/yy/sight/pfa-nav/install/pb_nav2_plugins/share/pb_nav2_plugins/local_setup.zsh
[27.867s] -- Symlinking: /home/yy/sight/pfa-nav/install/pb_nav2_plugins/share/pb_nav2_plugins/local_setup.dsv
[27.876s] -- Symlinking: /home/yy/sight/pfa-nav/install/pb_nav2_plugins/share/pb_nav2_plugins/package.dsv
[27.882s] -- Symlinking: /home/yy/sight/pfa-nav/install/pb_nav2_plugins/share/ament_index/resource_index/packages/pb_nav2_plugins
[27.887s] -- Symlinking: /home/yy/sight/pfa-nav/install/pb_nav2_plugins/share/ament_index/resource_index/nav2_core__pluginlib__plugin/pb_nav2_plugins
[27.892s] -- Symlinking: /home/yy/sight/pfa-nav/install/pb_nav2_plugins/share/ament_index/resource_index/nav2_costmap_2d__pluginlib__plugin/pb_nav2_plugins
[27.898s] -- Symlinking: /home/yy/sight/pfa-nav/install/pb_nav2_plugins/share/pb_nav2_plugins/cmake/ament_cmake_export_dependencies-extras.cmake
[27.907s] -- Symlinking: /home/yy/sight/pfa-nav/install/pb_nav2_plugins/share/pb_nav2_plugins/cmake/ament_cmake_export_include_directories-extras.cmake
[27.913s] -- Symlinking: /home/yy/sight/pfa-nav/install/pb_nav2_plugins/share/pb_nav2_plugins/cmake/ament_cmake_export_libraries-extras.cmake
[27.919s] -- Symlinking: /home/yy/sight/pfa-nav/install/pb_nav2_plugins/share/pb_nav2_plugins/cmake/pb_nav2_pluginsConfig.cmake
[27.924s] -- Symlinking: /home/yy/sight/pfa-nav/install/pb_nav2_plugins/share/pb_nav2_plugins/cmake/pb_nav2_pluginsConfig-version.cmake
[27.929s] -- Symlinking: /home/yy/sight/pfa-nav/install/pb_nav2_plugins/share/pb_nav2_plugins/package.xml
[27.936s] Invoked command in '/home/yy/sight/pfa-nav/build/pb_nav2_plugins' returned '0': CMAKE_PREFIX_PATH=/opt/ros/humble /usr/bin/cmake --install /home/yy/sight/pfa-nav/build/pb_nav2_plugins
