[0.289s] Invoking command in '/home/yy/sight/pfa-nav/build/pb_rm_interfaces': CMAKE_PREFIX_PATH=/opt/ros/humble /usr/bin/cmake /home/yy/sight/pfa-nav/src/pb_rm_interfaces -DCMAKE_BUILD_TYPE=Release -DAMENT_CMAKE_SYMLINK_INSTALL=1 -DCMAKE_INSTALL_PREFIX=/home/yy/sight/pfa-nav/install/pb_rm_interfaces
[1.569s] -- The C compiler identification is GNU 11.4.0
[1.569s] -- The CXX compiler identification is GNU 11.4.0
[1.569s] -- Detecting C compiler ABI info
[1.569s] -- Detecting C compiler ABI info - done
[1.569s] -- Check for working C compiler: /usr/bin/cc - skipped
[1.569s] -- Detecting C compile features
[1.569s] -- Detecting C compile features - done
[1.569s] -- Detecting CXX compiler ABI info
[1.569s] -- Detecting CXX compiler ABI info - done
[1.569s] -- Check for working CXX compiler: /usr/bin/c++ - skipped
[1.569s] -- Detecting CXX compile features
[1.569s] -- Detecting CXX compile features - done
[1.569s] -- Found ament_cmake: 1.3.12 (/opt/ros/humble/share/ament_cmake/cmake)
[1.570s] -- Found Python3: /usr/bin/python3 (found version "3.10.12") found components: Interpreter 
[1.570s] -- Override CMake install command with custom implementation using symlinks instead of copying resources
[1.570s] -- Found rosidl_default_generators: 1.2.0 (/opt/ros/humble/share/rosidl_default_generators/cmake)
[1.570s] -- Using all available rosidl_typesupport_c: rosidl_typesupport_fastrtps_c;rosidl_typesupport_introspection_c
[1.570s] -- Found rosidl_adapter: 3.1.7 (/opt/ros/humble/share/rosidl_adapter/cmake)
[1.570s] -- Using all available rosidl_typesupport_cpp: rosidl_typesupport_fastrtps_cpp;rosidl_typesupport_introspection_cpp
[1.570s] -- Found geometry_msgs: 4.9.0 (/opt/ros/humble/share/geometry_msgs/cmake)
[1.570s] -- Found ament_cmake_ros: 0.10.0 (/opt/ros/humble/share/ament_cmake_ros/cmake)
[1.570s] -- Using all available rosidl_typesupport_c: rosidl_typesupport_fastrtps_c;rosidl_typesupport_introspection_c
[1.744s] -- Using all available rosidl_typesupport_cpp: rosidl_typesupport_fastrtps_cpp;rosidl_typesupport_introspection_cpp
[1.757s] -- Found PythonInterp: /usr/bin/python3 (found suitable version "3.10.12", minimum required is "3.6") 
[1.758s] -- Found python_cmake_module: 0.10.0 (/opt/ros/humble/share/python_cmake_module/cmake)
[1.781s] -- Found PythonLibs: /usr/lib/x86_64-linux-gnu/libpython3.10.so (found suitable version "3.10.12", minimum required is "3.5") 
[1.781s] -- Using PYTHON_EXECUTABLE: /usr/bin/python3
[1.781s] -- Using PYTHON_INCLUDE_DIRS: /usr/include/python3.10
[1.781s] -- Using PYTHON_LIBRARIES: /usr/lib/x86_64-linux-gnu/libpython3.10.so
[1.796s] -- Found PythonExtra: .so  
[1.872s] -- Configuring done
[1.923s] -- Generating done
[1.935s] -- Build files have been written to: /home/yy/sight/pfa-nav/build/pb_rm_interfaces
[2.055s] Invoked command in '/home/yy/sight/pfa-nav/build/pb_rm_interfaces' returned '0': CMAKE_PREFIX_PATH=/opt/ros/humble /usr/bin/cmake /home/yy/sight/pfa-nav/src/pb_rm_interfaces -DCMAKE_BUILD_TYPE=Release -DAMENT_CMAKE_SYMLINK_INSTALL=1 -DCMAKE_INSTALL_PREFIX=/home/yy/sight/pfa-nav/install/pb_rm_interfaces
[2.056s] Invoking command in '/home/yy/sight/pfa-nav/build/pb_rm_interfaces': CMAKE_PREFIX_PATH=/opt/ros/humble /usr/bin/cmake --build /home/yy/sight/pfa-nav/build/pb_rm_interfaces -- -j20 -l20
[4.972s] [  1%] [34m[1mGenerating C code for ROS interfaces[0m
[4.972s] [  1%] Built target ament_cmake_python_symlink_pb_rm_interfaces
[4.972s] [  1%] [34m[1mGenerating C++ code for ROS interfaces[0m
[4.972s] running egg_info
[4.972s] creating pb_rm_interfaces.egg-info
[4.972s] writing pb_rm_interfaces.egg-info/PKG-INFO
[4.972s] writing dependency_links to pb_rm_interfaces.egg-info/dependency_links.txt
[4.972s] writing top-level names to pb_rm_interfaces.egg-info/top_level.txt
[4.972s] writing manifest file 'pb_rm_interfaces.egg-info/SOURCES.txt'
[4.972s] reading manifest file 'pb_rm_interfaces.egg-info/SOURCES.txt'
[4.972s] writing manifest file 'pb_rm_interfaces.egg-info/SOURCES.txt'
[4.972s] [  1%] Built target ament_cmake_python_build_pb_rm_interfaces_egg
[5.656s] [  2%] [32mBuilding C object CMakeFiles/pb_rm_interfaces__rosidl_generator_c.dir/rosidl_generator_c/pb_rm_interfaces/msg/detail/event_data__functions.c.o[0m
[5.656s] [  3%] [32mBuilding C object CMakeFiles/pb_rm_interfaces__rosidl_generator_c.dir/rosidl_generator_c/pb_rm_interfaces/msg/detail/buff__functions.c.o[0m
[5.679s] [  4%] [32mBuilding C object CMakeFiles/pb_rm_interfaces__rosidl_generator_c.dir/rosidl_generator_c/pb_rm_interfaces/msg/detail/ground_robot_position__functions.c.o[0m
[5.679s] [  5%] [32mBuilding C object CMakeFiles/pb_rm_interfaces__rosidl_generator_c.dir/rosidl_generator_c/pb_rm_interfaces/msg/detail/game_robot_hp__functions.c.o[0m
[5.679s] [  6%] [32mBuilding C object CMakeFiles/pb_rm_interfaces__rosidl_generator_c.dir/rosidl_generator_c/pb_rm_interfaces/msg/detail/robot_status__functions.c.o[0m
[5.679s] [  8%] [32mBuilding C object CMakeFiles/pb_rm_interfaces__rosidl_generator_c.dir/rosidl_generator_c/pb_rm_interfaces/msg/detail/rfid_status__functions.c.o[0m
[5.679s] [  8%] [32mBuilding C object CMakeFiles/pb_rm_interfaces__rosidl_generator_c.dir/rosidl_generator_c/pb_rm_interfaces/msg/detail/game_status__functions.c.o[0m
[5.679s] [  4%] [32mBuilding C object CMakeFiles/pb_rm_interfaces__rosidl_generator_c.dir/rosidl_generator_c/pb_rm_interfaces/msg/detail/gimbal__functions.c.o[0m
[5.679s] [  9%] [32mBuilding C object CMakeFiles/pb_rm_interfaces__rosidl_generator_c.dir/rosidl_generator_c/pb_rm_interfaces/msg/detail/models__functions.c.o[0m
[5.679s] [ 10%] [32mBuilding C object CMakeFiles/pb_rm_interfaces__rosidl_generator_c.dir/rosidl_generator_c/pb_rm_interfaces/msg/detail/gimbal_cmd__functions.c.o[0m
[5.683s] [ 11%] [32mBuilding C object CMakeFiles/pb_rm_interfaces__rosidl_generator_c.dir/rosidl_generator_c/pb_rm_interfaces/msg/detail/robot_state_info__functions.c.o[0m
[5.944s] [ 12%] [32m[1mLinking C shared library libpb_rm_interfaces__rosidl_generator_c.so[0m
[5.965s] [ 12%] Built target pb_rm_interfaces__cpp
[5.994s] [ 14%] [34m[1mGenerating C++ type support dispatch for ROS interfaces[0m
[5.996s] [ 14%] [34m[1mGenerating C++ introspection for ROS interfaces[0m
[5.998s] [ 14%] [34m[1mGenerating C++ type support for eProsima Fast-RTPS[0m
[6.017s] [ 14%] Built target pb_rm_interfaces__rosidl_generator_c
[6.043s] [ 15%] [34m[1mGenerating C type support for eProsima Fast-RTPS[0m
[6.044s] [ 17%] [34m[1mGenerating C type support dispatch for ROS interfaces[0m
[6.049s] [ 16%] [34m[1mGenerating C introspection for ROS interfaces[0m
[9.497s] [ 18%] [32mBuilding CXX object CMakeFiles/pb_rm_interfaces__rosidl_typesupport_c.dir/rosidl_typesupport_c/pb_rm_interfaces/msg/buff__type_support.cpp.o[0m
[9.504s] [ 19%] [32mBuilding CXX object CMakeFiles/pb_rm_interfaces__rosidl_typesupport_c.dir/rosidl_typesupport_c/pb_rm_interfaces/msg/event_data__type_support.cpp.o[0m
[9.509s] [ 20%] [32mBuilding CXX object CMakeFiles/pb_rm_interfaces__rosidl_typesupport_c.dir/rosidl_typesupport_c/pb_rm_interfaces/msg/game_status__type_support.cpp.o[0m
[9.509s] [ 21%] [32mBuilding CXX object CMakeFiles/pb_rm_interfaces__rosidl_typesupport_c.dir/rosidl_typesupport_c/pb_rm_interfaces/msg/ground_robot_position__type_support.cpp.o[0m
[9.509s] [ 21%] [32mBuilding CXX object CMakeFiles/pb_rm_interfaces__rosidl_typesupport_c.dir/rosidl_typesupport_c/pb_rm_interfaces/msg/game_robot_hp__type_support.cpp.o[0m
[9.510s] [ 22%] [32mBuilding CXX object CMakeFiles/pb_rm_interfaces__rosidl_typesupport_c.dir/rosidl_typesupport_c/pb_rm_interfaces/msg/rfid_status__type_support.cpp.o[0m
[9.575s] [ 23%] [32mBuilding CXX object CMakeFiles/pb_rm_interfaces__rosidl_typesupport_c.dir/rosidl_typesupport_c/pb_rm_interfaces/msg/gimbal__type_support.cpp.o[0m
[9.583s] [ 24%] [32mBuilding CXX object CMakeFiles/pb_rm_interfaces__rosidl_typesupport_c.dir/rosidl_typesupport_c/pb_rm_interfaces/msg/robot_status__type_support.cpp.o[0m
[9.584s] [ 25%] [32mBuilding CXX object CMakeFiles/pb_rm_interfaces__rosidl_typesupport_c.dir/rosidl_typesupport_c/pb_rm_interfaces/msg/gimbal_cmd__type_support.cpp.o[0m
[9.584s] [ 26%] [32mBuilding CXX object CMakeFiles/pb_rm_interfaces__rosidl_typesupport_c.dir/rosidl_typesupport_c/pb_rm_interfaces/msg/models__type_support.cpp.o[0m
[9.584s] [ 27%] [32mBuilding CXX object CMakeFiles/pb_rm_interfaces__rosidl_typesupport_c.dir/rosidl_typesupport_c/pb_rm_interfaces/msg/robot_state_info__type_support.cpp.o[0m
[9.703s] [ 28%] [32m[1mLinking CXX shared library libpb_rm_interfaces__rosidl_typesupport_c.so[0m
[9.761s] [ 30%] [32mBuilding CXX object CMakeFiles/pb_rm_interfaces__rosidl_typesupport_cpp.dir/rosidl_typesupport_cpp/pb_rm_interfaces/msg/game_robot_hp__type_support.cpp.o[0m
[9.768s] [ 32%] [32mBuilding CXX object CMakeFiles/pb_rm_interfaces__rosidl_typesupport_cpp.dir/rosidl_typesupport_cpp/pb_rm_interfaces/msg/gimbal__type_support.cpp.o[0m
[9.768s] [ 30%] [32mBuilding CXX object CMakeFiles/pb_rm_interfaces__rosidl_typesupport_cpp.dir/rosidl_typesupport_cpp/pb_rm_interfaces/msg/event_data__type_support.cpp.o[0m
[9.768s] [ 31%] [32mBuilding CXX object CMakeFiles/pb_rm_interfaces__rosidl_typesupport_cpp.dir/rosidl_typesupport_cpp/pb_rm_interfaces/msg/buff__type_support.cpp.o[0m
[9.771s] [ 33%] [32mBuilding CXX object CMakeFiles/pb_rm_interfaces__rosidl_typesupport_cpp.dir/rosidl_typesupport_cpp/pb_rm_interfaces/msg/models__type_support.cpp.o[0m
[9.774s] [ 34%] [32mBuilding CXX object CMakeFiles/pb_rm_interfaces__rosidl_typesupport_cpp.dir/rosidl_typesupport_cpp/pb_rm_interfaces/msg/rfid_status__type_support.cpp.o[0m
[9.775s] [ 32%] [32mBuilding CXX object CMakeFiles/pb_rm_interfaces__rosidl_typesupport_cpp.dir/rosidl_typesupport_cpp/pb_rm_interfaces/msg/game_status__type_support.cpp.o[0m
[9.786s] [ 35%] [32mBuilding CXX object CMakeFiles/pb_rm_interfaces__rosidl_typesupport_cpp.dir/rosidl_typesupport_cpp/pb_rm_interfaces/msg/ground_robot_position__type_support.cpp.o[0m
[9.790s] [ 36%] [32mBuilding CXX object CMakeFiles/pb_rm_interfaces__rosidl_typesupport_cpp.dir/rosidl_typesupport_cpp/pb_rm_interfaces/msg/gimbal_cmd__type_support.cpp.o[0m
[9.792s] [ 37%] [32mBuilding CXX object CMakeFiles/pb_rm_interfaces__rosidl_typesupport_cpp.dir/rosidl_typesupport_cpp/pb_rm_interfaces/msg/robot_state_info__type_support.cpp.o[0m
[9.800s] [ 38%] [32mBuilding CXX object CMakeFiles/pb_rm_interfaces__rosidl_typesupport_cpp.dir/rosidl_typesupport_cpp/pb_rm_interfaces/msg/robot_status__type_support.cpp.o[0m
[9.873s] [ 38%] Built target pb_rm_interfaces__rosidl_typesupport_c
[10.121s] [ 39%] [32mBuilding CXX object CMakeFiles/pb_rm_interfaces__rosidl_typesupport_fastrtps_cpp.dir/rosidl_typesupport_fastrtps_cpp/pb_rm_interfaces/msg/detail/dds_fastrtps/buff__type_support.cpp.o[0m
[10.131s] [ 40%] [32mBuilding CXX object CMakeFiles/pb_rm_interfaces__rosidl_typesupport_fastrtps_cpp.dir/rosidl_typesupport_fastrtps_cpp/pb_rm_interfaces/msg/detail/dds_fastrtps/event_data__type_support.cpp.o[0m
[10.136s] [ 41%] [32mBuilding CXX object CMakeFiles/pb_rm_interfaces__rosidl_typesupport_fastrtps_cpp.dir/rosidl_typesupport_fastrtps_cpp/pb_rm_interfaces/msg/detail/dds_fastrtps/game_robot_hp__type_support.cpp.o[0m
[10.156s] [ 42%] [32mBuilding CXX object CMakeFiles/pb_rm_interfaces__rosidl_typesupport_fastrtps_cpp.dir/rosidl_typesupport_fastrtps_cpp/pb_rm_interfaces/msg/detail/dds_fastrtps/game_status__type_support.cpp.o[0m
[10.169s] [ 43%] [32mBuilding CXX object CMakeFiles/pb_rm_interfaces__rosidl_typesupport_fastrtps_cpp.dir/rosidl_typesupport_fastrtps_cpp/pb_rm_interfaces/msg/detail/dds_fastrtps/ground_robot_position__type_support.cpp.o[0m
[10.170s] [ 44%] [32mBuilding CXX object CMakeFiles/pb_rm_interfaces__rosidl_typesupport_fastrtps_cpp.dir/rosidl_typesupport_fastrtps_cpp/pb_rm_interfaces/msg/detail/dds_fastrtps/rfid_status__type_support.cpp.o[0m
[10.570s] [ 45%] [32mBuilding CXX object CMakeFiles/pb_rm_interfaces__rosidl_typesupport_fastrtps_cpp.dir/rosidl_typesupport_fastrtps_cpp/pb_rm_interfaces/msg/detail/dds_fastrtps/robot_status__type_support.cpp.o[0m
[10.642s] [ 46%] [32mBuilding CXX object CMakeFiles/pb_rm_interfaces__rosidl_typesupport_fastrtps_cpp.dir/rosidl_typesupport_fastrtps_cpp/pb_rm_interfaces/msg/detail/dds_fastrtps/gimbal__type_support.cpp.o[0m
[10.780s] [ 46%] [32mBuilding CXX object CMakeFiles/pb_rm_interfaces__rosidl_typesupport_fastrtps_cpp.dir/rosidl_typesupport_fastrtps_cpp/pb_rm_interfaces/msg/detail/dds_fastrtps/models__type_support.cpp.o[0m
[10.780s] [ 47%] [32mBuilding CXX object CMakeFiles/pb_rm_interfaces__rosidl_typesupport_fastrtps_cpp.dir/rosidl_typesupport_fastrtps_cpp/pb_rm_interfaces/msg/detail/dds_fastrtps/robot_state_info__type_support.cpp.o[0m
[10.784s] [ 48%] [32mBuilding CXX object CMakeFiles/pb_rm_interfaces__rosidl_typesupport_fastrtps_cpp.dir/rosidl_typesupport_fastrtps_cpp/pb_rm_interfaces/msg/detail/dds_fastrtps/gimbal_cmd__type_support.cpp.o[0m
[11.036s] [ 49%] [32mBuilding CXX object CMakeFiles/pb_rm_interfaces__rosidl_typesupport_introspection_cpp.dir/rosidl_typesupport_introspection_cpp/pb_rm_interfaces/msg/detail/buff__type_support.cpp.o[0m
[11.165s] [ 50%] [32m[1mLinking CXX shared library libpb_rm_interfaces__rosidl_typesupport_cpp.so[0m
[11.303s] [ 50%] Built target pb_rm_interfaces__rosidl_typesupport_cpp
[11.543s] [ 51%] [32mBuilding C object CMakeFiles/pb_rm_interfaces__rosidl_typesupport_introspection_c.dir/rosidl_typesupport_introspection_c/pb_rm_interfaces/msg/detail/buff__type_support.c.o[0m
[11.656s] [ 52%] [32mBuilding C object CMakeFiles/pb_rm_interfaces__rosidl_typesupport_introspection_c.dir/rosidl_typesupport_introspection_c/pb_rm_interfaces/msg/detail/event_data__type_support.c.o[0m
[11.744s] [ 53%] [32mBuilding C object CMakeFiles/pb_rm_interfaces__rosidl_typesupport_introspection_c.dir/rosidl_typesupport_introspection_c/pb_rm_interfaces/msg/detail/game_status__type_support.c.o[0m
[11.747s] [ 54%] [32mBuilding CXX object CMakeFiles/pb_rm_interfaces__rosidl_typesupport_fastrtps_c.dir/rosidl_typesupport_fastrtps_c/pb_rm_interfaces/msg/detail/buff__type_support_c.cpp.o[0m
[11.835s] [ 55%] [32mBuilding C object CMakeFiles/pb_rm_interfaces__rosidl_typesupport_introspection_c.dir/rosidl_typesupport_introspection_c/pb_rm_interfaces/msg/detail/ground_robot_position__type_support.c.o[0m
[11.841s] [ 56%] [32mBuilding CXX object CMakeFiles/pb_rm_interfaces__rosidl_typesupport_introspection_cpp.dir/rosidl_typesupport_introspection_cpp/pb_rm_interfaces/msg/detail/robot_state_info__type_support.cpp.o[0m
[11.915s] [ 57%] [32mBuilding C object CMakeFiles/pb_rm_interfaces__rosidl_typesupport_introspection_c.dir/rosidl_typesupport_introspection_c/pb_rm_interfaces/msg/detail/gimbal__type_support.c.o[0m
[12.000s] [ 57%] [32mBuilding C object CMakeFiles/pb_rm_interfaces__rosidl_typesupport_introspection_c.dir/rosidl_typesupport_introspection_c/pb_rm_interfaces/msg/detail/robot_status__type_support.c.o[0m
[12.027s] [ 58%] [32m[1mLinking CXX shared library libpb_rm_interfaces__rosidl_typesupport_fastrtps_cpp.so[0m
[12.073s] [ 59%] [32mBuilding C object CMakeFiles/pb_rm_interfaces__rosidl_typesupport_introspection_c.dir/rosidl_typesupport_introspection_c/pb_rm_interfaces/msg/detail/rfid_status__type_support.c.o[0m
[12.148s] [ 60%] [32mBuilding C object CMakeFiles/pb_rm_interfaces__rosidl_typesupport_introspection_c.dir/rosidl_typesupport_introspection_c/pb_rm_interfaces/msg/detail/game_robot_hp__type_support.c.o[0m
[12.224s] [ 61%] [32mBuilding C object CMakeFiles/pb_rm_interfaces__rosidl_typesupport_introspection_c.dir/rosidl_typesupport_introspection_c/pb_rm_interfaces/msg/detail/gimbal_cmd__type_support.c.o[0m
[12.283s] [ 61%] Built target pb_rm_interfaces__rosidl_typesupport_fastrtps_cpp
[12.285s] [ 62%] [32mBuilding CXX object CMakeFiles/pb_rm_interfaces__rosidl_typesupport_fastrtps_c.dir/rosidl_typesupport_fastrtps_c/pb_rm_interfaces/msg/detail/gimbal__type_support_c.cpp.o[0m
[12.307s] [ 63%] [32mBuilding C object CMakeFiles/pb_rm_interfaces__rosidl_typesupport_introspection_c.dir/rosidl_typesupport_introspection_c/pb_rm_interfaces/msg/detail/models__type_support.c.o[0m
[12.381s] [ 64%] [32mBuilding C object CMakeFiles/pb_rm_interfaces__rosidl_typesupport_introspection_c.dir/rosidl_typesupport_introspection_c/pb_rm_interfaces/msg/detail/robot_state_info__type_support.c.o[0m
[12.456s] [ 65%] [32m[1mLinking C shared library libpb_rm_interfaces__rosidl_typesupport_introspection_c.so[0m
[12.530s] [ 65%] Built target pb_rm_interfaces__rosidl_typesupport_introspection_c
[12.660s] [ 66%] [32mBuilding CXX object CMakeFiles/pb_rm_interfaces__rosidl_typesupport_fastrtps_c.dir/rosidl_typesupport_fastrtps_c/pb_rm_interfaces/msg/detail/robot_state_info__type_support_c.cpp.o[0m
[12.692s] [ 67%] [32mBuilding CXX object CMakeFiles/pb_rm_interfaces__rosidl_typesupport_introspection_cpp.dir/rosidl_typesupport_introspection_cpp/pb_rm_interfaces/msg/detail/models__type_support.cpp.o[0m
[13.005s] [ 68%] [32mBuilding CXX object CMakeFiles/pb_rm_interfaces__rosidl_typesupport_fastrtps_c.dir/rosidl_typesupport_fastrtps_c/pb_rm_interfaces/msg/detail/models__type_support_c.cpp.o[0m
[13.475s] [ 69%] [32mBuilding CXX object CMakeFiles/pb_rm_interfaces__rosidl_typesupport_introspection_cpp.dir/rosidl_typesupport_introspection_cpp/pb_rm_interfaces/msg/detail/gimbal_cmd__type_support.cpp.o[0m
[13.486s] [ 70%] [32mBuilding CXX object CMakeFiles/pb_rm_interfaces__rosidl_typesupport_fastrtps_c.dir/rosidl_typesupport_fastrtps_c/pb_rm_interfaces/msg/detail/gimbal_cmd__type_support_c.cpp.o[0m
[13.901s] [ 71%] [32mBuilding CXX object CMakeFiles/pb_rm_interfaces__rosidl_typesupport_fastrtps_c.dir/rosidl_typesupport_fastrtps_c/pb_rm_interfaces/msg/detail/robot_status__type_support_c.cpp.o[0m
[13.949s] [ 72%] [32mBuilding CXX object CMakeFiles/pb_rm_interfaces__rosidl_typesupport_introspection_cpp.dir/rosidl_typesupport_introspection_cpp/pb_rm_interfaces/msg/detail/gimbal__type_support.cpp.o[0m
[14.301s] [ 73%] [32mBuilding CXX object CMakeFiles/pb_rm_interfaces__rosidl_typesupport_introspection_cpp.dir/rosidl_typesupport_introspection_cpp/pb_rm_interfaces/msg/detail/robot_status__type_support.cpp.o[0m
[14.581s] [ 74%] [32mBuilding CXX object CMakeFiles/pb_rm_interfaces__rosidl_typesupport_fastrtps_c.dir/rosidl_typesupport_fastrtps_c/pb_rm_interfaces/msg/detail/rfid_status__type_support_c.cpp.o[0m
[14.698s] [ 75%] [32mBuilding CXX object CMakeFiles/pb_rm_interfaces__rosidl_typesupport_introspection_cpp.dir/rosidl_typesupport_introspection_cpp/pb_rm_interfaces/msg/detail/rfid_status__type_support.cpp.o[0m
[14.972s] [ 75%] [32mBuilding CXX object CMakeFiles/pb_rm_interfaces__rosidl_typesupport_fastrtps_c.dir/rosidl_typesupport_fastrtps_c/pb_rm_interfaces/msg/detail/ground_robot_position__type_support_c.cpp.o[0m
[15.225s] [ 76%] [32mBuilding CXX object CMakeFiles/pb_rm_interfaces__rosidl_typesupport_introspection_cpp.dir/rosidl_typesupport_introspection_cpp/pb_rm_interfaces/msg/detail/ground_robot_position__type_support.cpp.o[0m
[15.466s] [ 77%] [32mBuilding CXX object CMakeFiles/pb_rm_interfaces__rosidl_typesupport_fastrtps_c.dir/rosidl_typesupport_fastrtps_c/pb_rm_interfaces/msg/detail/game_status__type_support_c.cpp.o[0m
[15.823s] [ 78%] [32mBuilding CXX object CMakeFiles/pb_rm_interfaces__rosidl_typesupport_fastrtps_c.dir/rosidl_typesupport_fastrtps_c/pb_rm_interfaces/msg/detail/game_robot_hp__type_support_c.cpp.o[0m
[15.823s] [ 79%] [32mBuilding CXX object CMakeFiles/pb_rm_interfaces__rosidl_typesupport_introspection_cpp.dir/rosidl_typesupport_introspection_cpp/pb_rm_interfaces/msg/detail/game_status__type_support.cpp.o[0m
[16.236s] [ 80%] [32mBuilding CXX object CMakeFiles/pb_rm_interfaces__rosidl_typesupport_introspection_cpp.dir/rosidl_typesupport_introspection_cpp/pb_rm_interfaces/msg/detail/game_robot_hp__type_support.cpp.o[0m
[16.249s] [ 81%] [32mBuilding CXX object CMakeFiles/pb_rm_interfaces__rosidl_typesupport_fastrtps_c.dir/rosidl_typesupport_fastrtps_c/pb_rm_interfaces/msg/detail/event_data__type_support_c.cpp.o[0m
[16.585s] [ 82%] [32m[1mLinking CXX shared library libpb_rm_interfaces__rosidl_typesupport_fastrtps_c.so[0m
[16.615s] [ 82%] [32mBuilding CXX object CMakeFiles/pb_rm_interfaces__rosidl_typesupport_introspection_cpp.dir/rosidl_typesupport_introspection_cpp/pb_rm_interfaces/msg/detail/event_data__type_support.cpp.o[0m
[16.721s] [ 82%] Built target pb_rm_interfaces__rosidl_typesupport_fastrtps_c
[16.956s] [ 83%] [32m[1mLinking CXX shared library libpb_rm_interfaces__rosidl_typesupport_introspection_cpp.so[0m
[17.027s] [ 83%] Built target pb_rm_interfaces__rosidl_typesupport_introspection_cpp
[17.050s] [ 83%] Built target pb_rm_interfaces
[17.079s] [ 84%] [34m[1mGenerating Python code for ROS interfaces[0m
[20.318s] [ 84%] Built target pb_rm_interfaces__py
[20.345s] [ 85%] [32mBuilding C object CMakeFiles/pb_rm_interfaces__rosidl_generator_py.dir/rosidl_generator_py/pb_rm_interfaces/msg/_buff_s.c.o[0m
[20.434s] [ 86%] [32mBuilding C object CMakeFiles/pb_rm_interfaces__rosidl_generator_py.dir/rosidl_generator_py/pb_rm_interfaces/msg/_robot_state_info_s.c.o[0m
[20.547s] [ 87%] [32mBuilding C object CMakeFiles/pb_rm_interfaces__rosidl_generator_py.dir/rosidl_generator_py/pb_rm_interfaces/msg/_models_s.c.o[0m
[20.678s] [ 88%] [32mBuilding C object CMakeFiles/pb_rm_interfaces__rosidl_generator_py.dir/rosidl_generator_py/pb_rm_interfaces/msg/_gimbal_cmd_s.c.o[0m
[20.826s] [ 89%] [32mBuilding C object CMakeFiles/pb_rm_interfaces__rosidl_generator_py.dir/rosidl_generator_py/pb_rm_interfaces/msg/_gimbal_s.c.o[0m
[20.947s] [ 90%] [32mBuilding C object CMakeFiles/pb_rm_interfaces__rosidl_generator_py.dir/rosidl_generator_py/pb_rm_interfaces/msg/_robot_status_s.c.o[0m
[21.064s] [ 90%] [32mBuilding C object CMakeFiles/pb_rm_interfaces__rosidl_generator_py.dir/rosidl_generator_py/pb_rm_interfaces/msg/_rfid_status_s.c.o[0m
[21.173s] [ 91%] [32mBuilding C object CMakeFiles/pb_rm_interfaces__rosidl_generator_py.dir/rosidl_generator_py/pb_rm_interfaces/msg/_ground_robot_position_s.c.o[0m
[21.266s] [ 92%] [32mBuilding C object CMakeFiles/pb_rm_interfaces__rosidl_generator_py.dir/rosidl_generator_py/pb_rm_interfaces/msg/_game_status_s.c.o[0m
[21.364s] [ 93%] [32mBuilding C object CMakeFiles/pb_rm_interfaces__rosidl_generator_py.dir/rosidl_generator_py/pb_rm_interfaces/msg/_game_robot_hp_s.c.o[0m
[21.502s] [ 94%] [32mBuilding C object CMakeFiles/pb_rm_interfaces__rosidl_generator_py.dir/rosidl_generator_py/pb_rm_interfaces/msg/_event_data_s.c.o[0m
[21.689s] [ 95%] [32m[1mLinking C shared library rosidl_generator_py/pb_rm_interfaces/libpb_rm_interfaces__rosidl_generator_py.so[0m
[21.743s] [ 95%] Built target pb_rm_interfaces__rosidl_generator_py
[21.772s] [ 96%] [32mBuilding C object CMakeFiles/pb_rm_interfaces__rosidl_typesupport_fastrtps_c__pyext.dir/rosidl_generator_py/pb_rm_interfaces/_pb_rm_interfaces_s.ep.rosidl_typesupport_fastrtps_c.c.o[0m
[21.984s] [ 97%] [32m[1mLinking C shared library rosidl_generator_py/pb_rm_interfaces/pb_rm_interfaces_s__rosidl_typesupport_fastrtps_c.cpython-310-x86_64-linux-gnu.so[0m
[22.023s] [ 97%] Built target pb_rm_interfaces__rosidl_typesupport_fastrtps_c__pyext
[22.049s] [ 97%] [32mBuilding C object CMakeFiles/pb_rm_interfaces__rosidl_typesupport_c__pyext.dir/rosidl_generator_py/pb_rm_interfaces/_pb_rm_interfaces_s.ep.rosidl_typesupport_c.c.o[0m
[22.249s] [ 98%] [32m[1mLinking C shared library rosidl_generator_py/pb_rm_interfaces/pb_rm_interfaces_s__rosidl_typesupport_c.cpython-310-x86_64-linux-gnu.so[0m
[22.285s] [ 98%] Built target pb_rm_interfaces__rosidl_typesupport_c__pyext
[22.306s] [ 99%] [32mBuilding C object CMakeFiles/pb_rm_interfaces__rosidl_typesupport_introspection_c__pyext.dir/rosidl_generator_py/pb_rm_interfaces/_pb_rm_interfaces_s.ep.rosidl_typesupport_introspection_c.c.o[0m
[22.523s] [100%] [32m[1mLinking C shared library rosidl_generator_py/pb_rm_interfaces/pb_rm_interfaces_s__rosidl_typesupport_introspection_c.cpython-310-x86_64-linux-gnu.so[0m
[22.564s] [100%] Built target pb_rm_interfaces__rosidl_typesupport_introspection_c__pyext
[22.581s] Invoked command in '/home/yy/sight/pfa-nav/build/pb_rm_interfaces' returned '0': CMAKE_PREFIX_PATH=/opt/ros/humble /usr/bin/cmake --build /home/yy/sight/pfa-nav/build/pb_rm_interfaces -- -j20 -l20
[22.583s] Invoking command in '/home/yy/sight/pfa-nav/build/pb_rm_interfaces': CMAKE_PREFIX_PATH=/opt/ros/humble /usr/bin/cmake --install /home/yy/sight/pfa-nav/build/pb_rm_interfaces
[26.289s] -- Install configuration: "Release"
[26.289s] -- Execute custom install script
[26.289s] -- Symlinking: /home/yy/sight/pfa-nav/install/pb_rm_interfaces/share/ament_index/resource_index/rosidl_interfaces/pb_rm_interfaces
[26.289s] -- Symlinking: /home/yy/sight/pfa-nav/install/pb_rm_interfaces/include/pb_rm_interfaces/pb_rm_interfaces/msg/buff.h
[26.289s] -- Symlinking: /home/yy/sight/pfa-nav/install/pb_rm_interfaces/include/pb_rm_interfaces/pb_rm_interfaces/msg/detail/buff__functions.h
[26.289s] -- Symlinking: /home/yy/sight/pfa-nav/install/pb_rm_interfaces/include/pb_rm_interfaces/pb_rm_interfaces/msg/detail/buff__struct.h
[26.289s] -- Symlinking: /home/yy/sight/pfa-nav/install/pb_rm_interfaces/include/pb_rm_interfaces/pb_rm_interfaces/msg/detail/buff__type_support.h
[26.289s] -- Symlinking: /home/yy/sight/pfa-nav/install/pb_rm_interfaces/include/pb_rm_interfaces/pb_rm_interfaces/msg/detail/event_data__functions.h
[26.289s] -- Symlinking: /home/yy/sight/pfa-nav/install/pb_rm_interfaces/include/pb_rm_interfaces/pb_rm_interfaces/msg/detail/event_data__struct.h
[26.289s] -- Symlinking: /home/yy/sight/pfa-nav/install/pb_rm_interfaces/include/pb_rm_interfaces/pb_rm_interfaces/msg/detail/event_data__type_support.h
[26.289s] -- Symlinking: /home/yy/sight/pfa-nav/install/pb_rm_interfaces/include/pb_rm_interfaces/pb_rm_interfaces/msg/detail/game_robot_hp__functions.h
[26.289s] -- Symlinking: /home/yy/sight/pfa-nav/install/pb_rm_interfaces/include/pb_rm_interfaces/pb_rm_interfaces/msg/detail/game_robot_hp__struct.h
[26.289s] -- Symlinking: /home/yy/sight/pfa-nav/install/pb_rm_interfaces/include/pb_rm_interfaces/pb_rm_interfaces/msg/detail/game_robot_hp__type_support.h
[26.289s] -- Symlinking: /home/yy/sight/pfa-nav/install/pb_rm_interfaces/include/pb_rm_interfaces/pb_rm_interfaces/msg/detail/game_status__functions.h
[26.289s] -- Symlinking: /home/yy/sight/pfa-nav/install/pb_rm_interfaces/include/pb_rm_interfaces/pb_rm_interfaces/msg/detail/game_status__struct.h
[26.289s] -- Symlinking: /home/yy/sight/pfa-nav/install/pb_rm_interfaces/include/pb_rm_interfaces/pb_rm_interfaces/msg/detail/game_status__type_support.h
[26.289s] -- Symlinking: /home/yy/sight/pfa-nav/install/pb_rm_interfaces/include/pb_rm_interfaces/pb_rm_interfaces/msg/detail/gimbal__functions.h
[26.289s] -- Symlinking: /home/yy/sight/pfa-nav/install/pb_rm_interfaces/include/pb_rm_interfaces/pb_rm_interfaces/msg/detail/gimbal__struct.h
[26.289s] -- Symlinking: /home/yy/sight/pfa-nav/install/pb_rm_interfaces/include/pb_rm_interfaces/pb_rm_interfaces/msg/detail/gimbal__type_support.h
[26.289s] -- Symlinking: /home/yy/sight/pfa-nav/install/pb_rm_interfaces/include/pb_rm_interfaces/pb_rm_interfaces/msg/detail/gimbal_cmd__functions.h
[26.289s] -- Symlinking: /home/yy/sight/pfa-nav/install/pb_rm_interfaces/include/pb_rm_interfaces/pb_rm_interfaces/msg/detail/gimbal_cmd__struct.h
[26.289s] -- Symlinking: /home/yy/sight/pfa-nav/install/pb_rm_interfaces/include/pb_rm_interfaces/pb_rm_interfaces/msg/detail/gimbal_cmd__type_support.h
[26.289s] -- Symlinking: /home/yy/sight/pfa-nav/install/pb_rm_interfaces/include/pb_rm_interfaces/pb_rm_interfaces/msg/detail/ground_robot_position__functions.h
[26.289s] -- Symlinking: /home/yy/sight/pfa-nav/install/pb_rm_interfaces/include/pb_rm_interfaces/pb_rm_interfaces/msg/detail/ground_robot_position__struct.h
[26.289s] -- Symlinking: /home/yy/sight/pfa-nav/install/pb_rm_interfaces/include/pb_rm_interfaces/pb_rm_interfaces/msg/detail/ground_robot_position__type_support.h
[26.289s] -- Symlinking: /home/yy/sight/pfa-nav/install/pb_rm_interfaces/include/pb_rm_interfaces/pb_rm_interfaces/msg/detail/models__functions.h
[26.290s] -- Symlinking: /home/yy/sight/pfa-nav/install/pb_rm_interfaces/include/pb_rm_interfaces/pb_rm_interfaces/msg/detail/models__struct.h
[26.290s] -- Symlinking: /home/yy/sight/pfa-nav/install/pb_rm_interfaces/include/pb_rm_interfaces/pb_rm_interfaces/msg/detail/models__type_support.h
[26.290s] -- Symlinking: /home/yy/sight/pfa-nav/install/pb_rm_interfaces/include/pb_rm_interfaces/pb_rm_interfaces/msg/detail/rfid_status__functions.h
[26.290s] -- Symlinking: /home/yy/sight/pfa-nav/install/pb_rm_interfaces/include/pb_rm_interfaces/pb_rm_interfaces/msg/detail/rfid_status__struct.h
[26.290s] -- Symlinking: /home/yy/sight/pfa-nav/install/pb_rm_interfaces/include/pb_rm_interfaces/pb_rm_interfaces/msg/detail/rfid_status__type_support.h
[26.290s] -- Symlinking: /home/yy/sight/pfa-nav/install/pb_rm_interfaces/include/pb_rm_interfaces/pb_rm_interfaces/msg/detail/robot_state_info__functions.h
[26.290s] -- Symlinking: /home/yy/sight/pfa-nav/install/pb_rm_interfaces/include/pb_rm_interfaces/pb_rm_interfaces/msg/detail/robot_state_info__struct.h
[26.290s] -- Symlinking: /home/yy/sight/pfa-nav/install/pb_rm_interfaces/include/pb_rm_interfaces/pb_rm_interfaces/msg/detail/robot_state_info__type_support.h
[26.290s] -- Symlinking: /home/yy/sight/pfa-nav/install/pb_rm_interfaces/include/pb_rm_interfaces/pb_rm_interfaces/msg/detail/robot_status__functions.h
[26.290s] -- Symlinking: /home/yy/sight/pfa-nav/install/pb_rm_interfaces/include/pb_rm_interfaces/pb_rm_interfaces/msg/detail/robot_status__struct.h
[26.290s] -- Symlinking: /home/yy/sight/pfa-nav/install/pb_rm_interfaces/include/pb_rm_interfaces/pb_rm_interfaces/msg/detail/robot_status__type_support.h
[26.290s] -- Symlinking: /home/yy/sight/pfa-nav/install/pb_rm_interfaces/include/pb_rm_interfaces/pb_rm_interfaces/msg/event_data.h
[26.290s] -- Symlinking: /home/yy/sight/pfa-nav/install/pb_rm_interfaces/include/pb_rm_interfaces/pb_rm_interfaces/msg/game_robot_hp.h
[26.290s] -- Symlinking: /home/yy/sight/pfa-nav/install/pb_rm_interfaces/include/pb_rm_interfaces/pb_rm_interfaces/msg/game_status.h
[26.290s] -- Symlinking: /home/yy/sight/pfa-nav/install/pb_rm_interfaces/include/pb_rm_interfaces/pb_rm_interfaces/msg/gimbal.h
[26.290s] -- Symlinking: /home/yy/sight/pfa-nav/install/pb_rm_interfaces/include/pb_rm_interfaces/pb_rm_interfaces/msg/gimbal_cmd.h
[26.290s] -- Symlinking: /home/yy/sight/pfa-nav/install/pb_rm_interfaces/include/pb_rm_interfaces/pb_rm_interfaces/msg/ground_robot_position.h
[26.290s] -- Symlinking: /home/yy/sight/pfa-nav/install/pb_rm_interfaces/include/pb_rm_interfaces/pb_rm_interfaces/msg/models.h
[26.290s] -- Symlinking: /home/yy/sight/pfa-nav/install/pb_rm_interfaces/include/pb_rm_interfaces/pb_rm_interfaces/msg/rfid_status.h
[26.290s] -- Symlinking: /home/yy/sight/pfa-nav/install/pb_rm_interfaces/include/pb_rm_interfaces/pb_rm_interfaces/msg/robot_state_info.h
[26.290s] -- Symlinking: /home/yy/sight/pfa-nav/install/pb_rm_interfaces/include/pb_rm_interfaces/pb_rm_interfaces/msg/robot_status.h
[26.290s] -- Symlinking: /home/yy/sight/pfa-nav/install/pb_rm_interfaces/include/pb_rm_interfaces/pb_rm_interfaces/msg/rosidl_generator_c__visibility_control.h
[26.290s] -- Symlinking: /home/yy/sight/pfa-nav/install/pb_rm_interfaces/share/pb_rm_interfaces/environment/library_path.sh
[26.290s] -- Symlinking: /home/yy/sight/pfa-nav/install/pb_rm_interfaces/share/pb_rm_interfaces/environment/library_path.dsv
[26.290s] -- Symlinking: /home/yy/sight/pfa-nav/install/pb_rm_interfaces/include/pb_rm_interfaces/pb_rm_interfaces/msg/detail/buff__rosidl_typesupport_fastrtps_c.h
[26.290s] -- Symlinking: /home/yy/sight/pfa-nav/install/pb_rm_interfaces/include/pb_rm_interfaces/pb_rm_interfaces/msg/detail/event_data__rosidl_typesupport_fastrtps_c.h
[26.290s] -- Symlinking: /home/yy/sight/pfa-nav/install/pb_rm_interfaces/include/pb_rm_interfaces/pb_rm_interfaces/msg/detail/game_robot_hp__rosidl_typesupport_fastrtps_c.h
[26.290s] -- Symlinking: /home/yy/sight/pfa-nav/install/pb_rm_interfaces/include/pb_rm_interfaces/pb_rm_interfaces/msg/detail/game_status__rosidl_typesupport_fastrtps_c.h
[26.291s] -- Symlinking: /home/yy/sight/pfa-nav/install/pb_rm_interfaces/include/pb_rm_interfaces/pb_rm_interfaces/msg/detail/gimbal__rosidl_typesupport_fastrtps_c.h
[26.291s] -- Symlinking: /home/yy/sight/pfa-nav/install/pb_rm_interfaces/include/pb_rm_interfaces/pb_rm_interfaces/msg/detail/gimbal_cmd__rosidl_typesupport_fastrtps_c.h
[26.291s] -- Symlinking: /home/yy/sight/pfa-nav/install/pb_rm_interfaces/include/pb_rm_interfaces/pb_rm_interfaces/msg/detail/ground_robot_position__rosidl_typesupport_fastrtps_c.h
[26.291s] -- Symlinking: /home/yy/sight/pfa-nav/install/pb_rm_interfaces/include/pb_rm_interfaces/pb_rm_interfaces/msg/detail/models__rosidl_typesupport_fastrtps_c.h
[26.291s] -- Symlinking: /home/yy/sight/pfa-nav/install/pb_rm_interfaces/include/pb_rm_interfaces/pb_rm_interfaces/msg/detail/rfid_status__rosidl_typesupport_fastrtps_c.h
[26.291s] -- Symlinking: /home/yy/sight/pfa-nav/install/pb_rm_interfaces/include/pb_rm_interfaces/pb_rm_interfaces/msg/detail/robot_state_info__rosidl_typesupport_fastrtps_c.h
[26.291s] -- Symlinking: /home/yy/sight/pfa-nav/install/pb_rm_interfaces/include/pb_rm_interfaces/pb_rm_interfaces/msg/detail/robot_status__rosidl_typesupport_fastrtps_c.h
[26.291s] -- Symlinking: /home/yy/sight/pfa-nav/install/pb_rm_interfaces/include/pb_rm_interfaces/pb_rm_interfaces/msg/rosidl_typesupport_fastrtps_c__visibility_control.h
[26.291s] -- Symlinking: /home/yy/sight/pfa-nav/install/pb_rm_interfaces/include/pb_rm_interfaces/pb_rm_interfaces/msg/detail/buff__rosidl_typesupport_introspection_c.h
[26.291s] -- Symlinking: /home/yy/sight/pfa-nav/install/pb_rm_interfaces/include/pb_rm_interfaces/pb_rm_interfaces/msg/detail/event_data__rosidl_typesupport_introspection_c.h
[26.291s] -- Symlinking: /home/yy/sight/pfa-nav/install/pb_rm_interfaces/include/pb_rm_interfaces/pb_rm_interfaces/msg/detail/game_robot_hp__rosidl_typesupport_introspection_c.h
[26.291s] -- Symlinking: /home/yy/sight/pfa-nav/install/pb_rm_interfaces/include/pb_rm_interfaces/pb_rm_interfaces/msg/detail/game_status__rosidl_typesupport_introspection_c.h
[26.291s] -- Symlinking: /home/yy/sight/pfa-nav/install/pb_rm_interfaces/include/pb_rm_interfaces/pb_rm_interfaces/msg/detail/gimbal__rosidl_typesupport_introspection_c.h
[26.291s] -- Symlinking: /home/yy/sight/pfa-nav/install/pb_rm_interfaces/include/pb_rm_interfaces/pb_rm_interfaces/msg/detail/gimbal_cmd__rosidl_typesupport_introspection_c.h
[26.291s] -- Symlinking: /home/yy/sight/pfa-nav/install/pb_rm_interfaces/include/pb_rm_interfaces/pb_rm_interfaces/msg/detail/ground_robot_position__rosidl_typesupport_introspection_c.h
[26.291s] -- Symlinking: /home/yy/sight/pfa-nav/install/pb_rm_interfaces/include/pb_rm_interfaces/pb_rm_interfaces/msg/detail/models__rosidl_typesupport_introspection_c.h
[26.291s] -- Symlinking: /home/yy/sight/pfa-nav/install/pb_rm_interfaces/include/pb_rm_interfaces/pb_rm_interfaces/msg/detail/rfid_status__rosidl_typesupport_introspection_c.h
[26.291s] -- Symlinking: /home/yy/sight/pfa-nav/install/pb_rm_interfaces/include/pb_rm_interfaces/pb_rm_interfaces/msg/detail/robot_state_info__rosidl_typesupport_introspection_c.h
[26.291s] -- Symlinking: /home/yy/sight/pfa-nav/install/pb_rm_interfaces/include/pb_rm_interfaces/pb_rm_interfaces/msg/detail/robot_status__rosidl_typesupport_introspection_c.h
[26.291s] -- Symlinking: /home/yy/sight/pfa-nav/install/pb_rm_interfaces/include/pb_rm_interfaces/pb_rm_interfaces/msg/rosidl_typesupport_introspection_c__visibility_control.h
[26.291s] -- Symlinking: /home/yy/sight/pfa-nav/install/pb_rm_interfaces/include/pb_rm_interfaces/pb_rm_interfaces/msg/buff.hpp
[26.291s] -- Symlinking: /home/yy/sight/pfa-nav/install/pb_rm_interfaces/include/pb_rm_interfaces/pb_rm_interfaces/msg/detail/buff__builder.hpp
[26.291s] -- Symlinking: /home/yy/sight/pfa-nav/install/pb_rm_interfaces/include/pb_rm_interfaces/pb_rm_interfaces/msg/detail/buff__struct.hpp
[26.291s] -- Symlinking: /home/yy/sight/pfa-nav/install/pb_rm_interfaces/include/pb_rm_interfaces/pb_rm_interfaces/msg/detail/buff__traits.hpp
[26.291s] -- Symlinking: /home/yy/sight/pfa-nav/install/pb_rm_interfaces/include/pb_rm_interfaces/pb_rm_interfaces/msg/detail/buff__type_support.hpp
[26.291s] -- Symlinking: /home/yy/sight/pfa-nav/install/pb_rm_interfaces/include/pb_rm_interfaces/pb_rm_interfaces/msg/detail/event_data__builder.hpp
[26.291s] -- Symlinking: /home/yy/sight/pfa-nav/install/pb_rm_interfaces/include/pb_rm_interfaces/pb_rm_interfaces/msg/detail/event_data__struct.hpp
[26.291s] -- Symlinking: /home/yy/sight/pfa-nav/install/pb_rm_interfaces/include/pb_rm_interfaces/pb_rm_interfaces/msg/detail/event_data__traits.hpp
[26.291s] -- Symlinking: /home/yy/sight/pfa-nav/install/pb_rm_interfaces/include/pb_rm_interfaces/pb_rm_interfaces/msg/detail/event_data__type_support.hpp
[26.292s] -- Symlinking: /home/yy/sight/pfa-nav/install/pb_rm_interfaces/include/pb_rm_interfaces/pb_rm_interfaces/msg/detail/game_robot_hp__builder.hpp
[26.292s] -- Symlinking: /home/yy/sight/pfa-nav/install/pb_rm_interfaces/include/pb_rm_interfaces/pb_rm_interfaces/msg/detail/game_robot_hp__struct.hpp
[26.292s] -- Symlinking: /home/yy/sight/pfa-nav/install/pb_rm_interfaces/include/pb_rm_interfaces/pb_rm_interfaces/msg/detail/game_robot_hp__traits.hpp
[26.292s] -- Symlinking: /home/yy/sight/pfa-nav/install/pb_rm_interfaces/include/pb_rm_interfaces/pb_rm_interfaces/msg/detail/game_robot_hp__type_support.hpp
[26.292s] -- Symlinking: /home/yy/sight/pfa-nav/install/pb_rm_interfaces/include/pb_rm_interfaces/pb_rm_interfaces/msg/detail/game_status__builder.hpp
[26.292s] -- Symlinking: /home/yy/sight/pfa-nav/install/pb_rm_interfaces/include/pb_rm_interfaces/pb_rm_interfaces/msg/detail/game_status__struct.hpp
[26.292s] -- Symlinking: /home/yy/sight/pfa-nav/install/pb_rm_interfaces/include/pb_rm_interfaces/pb_rm_interfaces/msg/detail/game_status__traits.hpp
[26.292s] -- Symlinking: /home/yy/sight/pfa-nav/install/pb_rm_interfaces/include/pb_rm_interfaces/pb_rm_interfaces/msg/detail/game_status__type_support.hpp
[26.292s] -- Symlinking: /home/yy/sight/pfa-nav/install/pb_rm_interfaces/include/pb_rm_interfaces/pb_rm_interfaces/msg/detail/gimbal__builder.hpp
[26.292s] -- Symlinking: /home/yy/sight/pfa-nav/install/pb_rm_interfaces/include/pb_rm_interfaces/pb_rm_interfaces/msg/detail/gimbal__struct.hpp
[26.292s] -- Symlinking: /home/yy/sight/pfa-nav/install/pb_rm_interfaces/include/pb_rm_interfaces/pb_rm_interfaces/msg/detail/gimbal__traits.hpp
[26.292s] -- Symlinking: /home/yy/sight/pfa-nav/install/pb_rm_interfaces/include/pb_rm_interfaces/pb_rm_interfaces/msg/detail/gimbal__type_support.hpp
[26.292s] -- Symlinking: /home/yy/sight/pfa-nav/install/pb_rm_interfaces/include/pb_rm_interfaces/pb_rm_interfaces/msg/detail/gimbal_cmd__builder.hpp
[26.292s] -- Symlinking: /home/yy/sight/pfa-nav/install/pb_rm_interfaces/include/pb_rm_interfaces/pb_rm_interfaces/msg/detail/gimbal_cmd__struct.hpp
[26.292s] -- Symlinking: /home/yy/sight/pfa-nav/install/pb_rm_interfaces/include/pb_rm_interfaces/pb_rm_interfaces/msg/detail/gimbal_cmd__traits.hpp
[26.292s] -- Symlinking: /home/yy/sight/pfa-nav/install/pb_rm_interfaces/include/pb_rm_interfaces/pb_rm_interfaces/msg/detail/gimbal_cmd__type_support.hpp
[26.292s] -- Symlinking: /home/yy/sight/pfa-nav/install/pb_rm_interfaces/include/pb_rm_interfaces/pb_rm_interfaces/msg/detail/ground_robot_position__builder.hpp
[26.292s] -- Symlinking: /home/yy/sight/pfa-nav/install/pb_rm_interfaces/include/pb_rm_interfaces/pb_rm_interfaces/msg/detail/ground_robot_position__struct.hpp
[26.292s] -- Symlinking: /home/yy/sight/pfa-nav/install/pb_rm_interfaces/include/pb_rm_interfaces/pb_rm_interfaces/msg/detail/ground_robot_position__traits.hpp
[26.292s] -- Symlinking: /home/yy/sight/pfa-nav/install/pb_rm_interfaces/include/pb_rm_interfaces/pb_rm_interfaces/msg/detail/ground_robot_position__type_support.hpp
[26.292s] -- Symlinking: /home/yy/sight/pfa-nav/install/pb_rm_interfaces/include/pb_rm_interfaces/pb_rm_interfaces/msg/detail/models__builder.hpp
[26.292s] -- Symlinking: /home/yy/sight/pfa-nav/install/pb_rm_interfaces/include/pb_rm_interfaces/pb_rm_interfaces/msg/detail/models__struct.hpp
[26.292s] -- Symlinking: /home/yy/sight/pfa-nav/install/pb_rm_interfaces/include/pb_rm_interfaces/pb_rm_interfaces/msg/detail/models__traits.hpp
[26.292s] -- Symlinking: /home/yy/sight/pfa-nav/install/pb_rm_interfaces/include/pb_rm_interfaces/pb_rm_interfaces/msg/detail/models__type_support.hpp
[26.292s] -- Symlinking: /home/yy/sight/pfa-nav/install/pb_rm_interfaces/include/pb_rm_interfaces/pb_rm_interfaces/msg/detail/rfid_status__builder.hpp
[26.292s] -- Symlinking: /home/yy/sight/pfa-nav/install/pb_rm_interfaces/include/pb_rm_interfaces/pb_rm_interfaces/msg/detail/rfid_status__struct.hpp
[26.292s] -- Symlinking: /home/yy/sight/pfa-nav/install/pb_rm_interfaces/include/pb_rm_interfaces/pb_rm_interfaces/msg/detail/rfid_status__traits.hpp
[26.292s] -- Symlinking: /home/yy/sight/pfa-nav/install/pb_rm_interfaces/include/pb_rm_interfaces/pb_rm_interfaces/msg/detail/rfid_status__type_support.hpp
[26.292s] -- Symlinking: /home/yy/sight/pfa-nav/install/pb_rm_interfaces/include/pb_rm_interfaces/pb_rm_interfaces/msg/detail/robot_state_info__builder.hpp
[26.293s] -- Symlinking: /home/yy/sight/pfa-nav/install/pb_rm_interfaces/include/pb_rm_interfaces/pb_rm_interfaces/msg/detail/robot_state_info__struct.hpp
[26.293s] -- Symlinking: /home/yy/sight/pfa-nav/install/pb_rm_interfaces/include/pb_rm_interfaces/pb_rm_interfaces/msg/detail/robot_state_info__traits.hpp
[26.293s] -- Symlinking: /home/yy/sight/pfa-nav/install/pb_rm_interfaces/include/pb_rm_interfaces/pb_rm_interfaces/msg/detail/robot_state_info__type_support.hpp
[26.293s] -- Symlinking: /home/yy/sight/pfa-nav/install/pb_rm_interfaces/include/pb_rm_interfaces/pb_rm_interfaces/msg/detail/robot_status__builder.hpp
[26.293s] -- Symlinking: /home/yy/sight/pfa-nav/install/pb_rm_interfaces/include/pb_rm_interfaces/pb_rm_interfaces/msg/detail/robot_status__struct.hpp
[26.293s] -- Symlinking: /home/yy/sight/pfa-nav/install/pb_rm_interfaces/include/pb_rm_interfaces/pb_rm_interfaces/msg/detail/robot_status__traits.hpp
[26.293s] -- Symlinking: /home/yy/sight/pfa-nav/install/pb_rm_interfaces/include/pb_rm_interfaces/pb_rm_interfaces/msg/detail/robot_status__type_support.hpp
[26.293s] -- Symlinking: /home/yy/sight/pfa-nav/install/pb_rm_interfaces/include/pb_rm_interfaces/pb_rm_interfaces/msg/event_data.hpp
[26.293s] -- Symlinking: /home/yy/sight/pfa-nav/install/pb_rm_interfaces/include/pb_rm_interfaces/pb_rm_interfaces/msg/game_robot_hp.hpp
[26.293s] -- Symlinking: /home/yy/sight/pfa-nav/install/pb_rm_interfaces/include/pb_rm_interfaces/pb_rm_interfaces/msg/game_status.hpp
[26.293s] -- Symlinking: /home/yy/sight/pfa-nav/install/pb_rm_interfaces/include/pb_rm_interfaces/pb_rm_interfaces/msg/gimbal.hpp
[26.293s] -- Symlinking: /home/yy/sight/pfa-nav/install/pb_rm_interfaces/include/pb_rm_interfaces/pb_rm_interfaces/msg/gimbal_cmd.hpp
[26.293s] -- Symlinking: /home/yy/sight/pfa-nav/install/pb_rm_interfaces/include/pb_rm_interfaces/pb_rm_interfaces/msg/ground_robot_position.hpp
[26.293s] -- Symlinking: /home/yy/sight/pfa-nav/install/pb_rm_interfaces/include/pb_rm_interfaces/pb_rm_interfaces/msg/models.hpp
[26.293s] -- Symlinking: /home/yy/sight/pfa-nav/install/pb_rm_interfaces/include/pb_rm_interfaces/pb_rm_interfaces/msg/rfid_status.hpp
[26.293s] -- Symlinking: /home/yy/sight/pfa-nav/install/pb_rm_interfaces/include/pb_rm_interfaces/pb_rm_interfaces/msg/robot_state_info.hpp
[26.300s] -- Symlinking: /home/yy/sight/pfa-nav/install/pb_rm_interfaces/include/pb_rm_interfaces/pb_rm_interfaces/msg/robot_status.hpp
[26.308s] -- Symlinking: /home/yy/sight/pfa-nav/install/pb_rm_interfaces/include/pb_rm_interfaces/pb_rm_interfaces/msg/rosidl_generator_cpp__visibility_control.hpp
[26.315s] -- Symlinking: /home/yy/sight/pfa-nav/install/pb_rm_interfaces/include/pb_rm_interfaces/pb_rm_interfaces/msg/detail/buff__rosidl_typesupport_fastrtps_cpp.hpp
[26.321s] -- Symlinking: /home/yy/sight/pfa-nav/install/pb_rm_interfaces/include/pb_rm_interfaces/pb_rm_interfaces/msg/detail/event_data__rosidl_typesupport_fastrtps_cpp.hpp
[26.334s] -- Symlinking: /home/yy/sight/pfa-nav/install/pb_rm_interfaces/include/pb_rm_interfaces/pb_rm_interfaces/msg/detail/game_robot_hp__rosidl_typesupport_fastrtps_cpp.hpp
[26.339s] -- Symlinking: /home/yy/sight/pfa-nav/install/pb_rm_interfaces/include/pb_rm_interfaces/pb_rm_interfaces/msg/detail/game_status__rosidl_typesupport_fastrtps_cpp.hpp
[26.350s] -- Symlinking: /home/yy/sight/pfa-nav/install/pb_rm_interfaces/include/pb_rm_interfaces/pb_rm_interfaces/msg/detail/gimbal__rosidl_typesupport_fastrtps_cpp.hpp
[26.356s] -- Symlinking: /home/yy/sight/pfa-nav/install/pb_rm_interfaces/include/pb_rm_interfaces/pb_rm_interfaces/msg/detail/gimbal_cmd__rosidl_typesupport_fastrtps_cpp.hpp
[26.360s] -- Symlinking: /home/yy/sight/pfa-nav/install/pb_rm_interfaces/include/pb_rm_interfaces/pb_rm_interfaces/msg/detail/ground_robot_position__rosidl_typesupport_fastrtps_cpp.hpp
[26.374s] -- Symlinking: /home/yy/sight/pfa-nav/install/pb_rm_interfaces/include/pb_rm_interfaces/pb_rm_interfaces/msg/detail/models__rosidl_typesupport_fastrtps_cpp.hpp
[26.381s] -- Symlinking: /home/yy/sight/pfa-nav/install/pb_rm_interfaces/include/pb_rm_interfaces/pb_rm_interfaces/msg/detail/rfid_status__rosidl_typesupport_fastrtps_cpp.hpp
[26.387s] -- Symlinking: /home/yy/sight/pfa-nav/install/pb_rm_interfaces/include/pb_rm_interfaces/pb_rm_interfaces/msg/detail/robot_state_info__rosidl_typesupport_fastrtps_cpp.hpp
[26.393s] -- Symlinking: /home/yy/sight/pfa-nav/install/pb_rm_interfaces/include/pb_rm_interfaces/pb_rm_interfaces/msg/detail/robot_status__rosidl_typesupport_fastrtps_cpp.hpp
[26.403s] -- Symlinking: /home/yy/sight/pfa-nav/install/pb_rm_interfaces/include/pb_rm_interfaces/pb_rm_interfaces/msg/rosidl_typesupport_fastrtps_cpp__visibility_control.h
[26.409s] -- Symlinking: /home/yy/sight/pfa-nav/install/pb_rm_interfaces/include/pb_rm_interfaces/pb_rm_interfaces/msg/detail/buff__rosidl_typesupport_introspection_cpp.hpp
[26.415s] -- Symlinking: /home/yy/sight/pfa-nav/install/pb_rm_interfaces/include/pb_rm_interfaces/pb_rm_interfaces/msg/detail/event_data__rosidl_typesupport_introspection_cpp.hpp
[26.422s] -- Symlinking: /home/yy/sight/pfa-nav/install/pb_rm_interfaces/include/pb_rm_interfaces/pb_rm_interfaces/msg/detail/game_robot_hp__rosidl_typesupport_introspection_cpp.hpp
[26.430s] -- Symlinking: /home/yy/sight/pfa-nav/install/pb_rm_interfaces/include/pb_rm_interfaces/pb_rm_interfaces/msg/detail/game_status__rosidl_typesupport_introspection_cpp.hpp
[26.439s] -- Symlinking: /home/yy/sight/pfa-nav/install/pb_rm_interfaces/include/pb_rm_interfaces/pb_rm_interfaces/msg/detail/gimbal__rosidl_typesupport_introspection_cpp.hpp
[26.447s] -- Symlinking: /home/yy/sight/pfa-nav/install/pb_rm_interfaces/include/pb_rm_interfaces/pb_rm_interfaces/msg/detail/gimbal_cmd__rosidl_typesupport_introspection_cpp.hpp
[26.457s] -- Symlinking: /home/yy/sight/pfa-nav/install/pb_rm_interfaces/include/pb_rm_interfaces/pb_rm_interfaces/msg/detail/ground_robot_position__rosidl_typesupport_introspection_cpp.hpp
[26.465s] -- Symlinking: /home/yy/sight/pfa-nav/install/pb_rm_interfaces/include/pb_rm_interfaces/pb_rm_interfaces/msg/detail/models__rosidl_typesupport_introspection_cpp.hpp
[26.473s] -- Symlinking: /home/yy/sight/pfa-nav/install/pb_rm_interfaces/include/pb_rm_interfaces/pb_rm_interfaces/msg/detail/rfid_status__rosidl_typesupport_introspection_cpp.hpp
[26.480s] -- Symlinking: /home/yy/sight/pfa-nav/install/pb_rm_interfaces/include/pb_rm_interfaces/pb_rm_interfaces/msg/detail/robot_state_info__rosidl_typesupport_introspection_cpp.hpp
[26.488s] -- Symlinking: /home/yy/sight/pfa-nav/install/pb_rm_interfaces/include/pb_rm_interfaces/pb_rm_interfaces/msg/detail/robot_status__rosidl_typesupport_introspection_cpp.hpp
[26.496s] -- Symlinking: /home/yy/sight/pfa-nav/install/pb_rm_interfaces/share/pb_rm_interfaces/environment/pythonpath.sh
[26.503s] -- Symlinking: /home/yy/sight/pfa-nav/install/pb_rm_interfaces/share/pb_rm_interfaces/environment/pythonpath.dsv
[26.507s] -- Symlinking: /home/yy/sight/pfa-nav/install/pb_rm_interfaces/local/lib/python3.10/dist-packages/pb_rm_interfaces-1.0.0-py3.10.egg-info/PKG-INFO
[26.513s] -- Symlinking: /home/yy/sight/pfa-nav/install/pb_rm_interfaces/local/lib/python3.10/dist-packages/pb_rm_interfaces-1.0.0-py3.10.egg-info/SOURCES.txt
[26.518s] -- Symlinking: /home/yy/sight/pfa-nav/install/pb_rm_interfaces/local/lib/python3.10/dist-packages/pb_rm_interfaces-1.0.0-py3.10.egg-info/dependency_links.txt
[26.524s] -- Symlinking: /home/yy/sight/pfa-nav/install/pb_rm_interfaces/local/lib/python3.10/dist-packages/pb_rm_interfaces-1.0.0-py3.10.egg-info/top_level.txt
[26.533s] -- Symlinking: /home/yy/sight/pfa-nav/install/pb_rm_interfaces/local/lib/python3.10/dist-packages/pb_rm_interfaces/__init__.py
[26.539s] -- Symlinking: /home/yy/sight/pfa-nav/install/pb_rm_interfaces/local/lib/python3.10/dist-packages/pb_rm_interfaces/_pb_rm_interfaces_s.ep.rosidl_typesupport_c.c
[26.545s] -- Symlinking: /home/yy/sight/pfa-nav/install/pb_rm_interfaces/local/lib/python3.10/dist-packages/pb_rm_interfaces/_pb_rm_interfaces_s.ep.rosidl_typesupport_fastrtps_c.c
[26.550s] -- Symlinking: /home/yy/sight/pfa-nav/install/pb_rm_interfaces/local/lib/python3.10/dist-packages/pb_rm_interfaces/_pb_rm_interfaces_s.ep.rosidl_typesupport_introspection_c.c
[26.556s] -- Symlinking: /home/yy/sight/pfa-nav/install/pb_rm_interfaces/local/lib/python3.10/dist-packages/pb_rm_interfaces/libpb_rm_interfaces__rosidl_generator_py.so
[26.565s] -- Symlinking: /home/yy/sight/pfa-nav/install/pb_rm_interfaces/local/lib/python3.10/dist-packages/pb_rm_interfaces/msg/__init__.py
[26.570s] -- Symlinking: /home/yy/sight/pfa-nav/install/pb_rm_interfaces/local/lib/python3.10/dist-packages/pb_rm_interfaces/msg/_buff.py
[26.576s] -- Symlinking: /home/yy/sight/pfa-nav/install/pb_rm_interfaces/local/lib/python3.10/dist-packages/pb_rm_interfaces/msg/_buff_s.c
[26.581s] -- Symlinking: /home/yy/sight/pfa-nav/install/pb_rm_interfaces/local/lib/python3.10/dist-packages/pb_rm_interfaces/msg/_event_data.py
[26.587s] -- Symlinking: /home/yy/sight/pfa-nav/install/pb_rm_interfaces/local/lib/python3.10/dist-packages/pb_rm_interfaces/msg/_event_data_s.c
[26.595s] -- Symlinking: /home/yy/sight/pfa-nav/install/pb_rm_interfaces/local/lib/python3.10/dist-packages/pb_rm_interfaces/msg/_game_robot_hp.py
[26.601s] -- Symlinking: /home/yy/sight/pfa-nav/install/pb_rm_interfaces/local/lib/python3.10/dist-packages/pb_rm_interfaces/msg/_game_robot_hp_s.c
[26.607s] -- Symlinking: /home/yy/sight/pfa-nav/install/pb_rm_interfaces/local/lib/python3.10/dist-packages/pb_rm_interfaces/msg/_game_status.py
[26.612s] -- Symlinking: /home/yy/sight/pfa-nav/install/pb_rm_interfaces/local/lib/python3.10/dist-packages/pb_rm_interfaces/msg/_game_status_s.c
[26.618s] -- Symlinking: /home/yy/sight/pfa-nav/install/pb_rm_interfaces/local/lib/python3.10/dist-packages/pb_rm_interfaces/msg/_gimbal.py
[26.623s] -- Symlinking: /home/yy/sight/pfa-nav/install/pb_rm_interfaces/local/lib/python3.10/dist-packages/pb_rm_interfaces/msg/_gimbal_cmd.py
[26.630s] -- Symlinking: /home/yy/sight/pfa-nav/install/pb_rm_interfaces/local/lib/python3.10/dist-packages/pb_rm_interfaces/msg/_gimbal_cmd_s.c
[26.638s] -- Symlinking: /home/yy/sight/pfa-nav/install/pb_rm_interfaces/local/lib/python3.10/dist-packages/pb_rm_interfaces/msg/_gimbal_s.c
[26.644s] -- Symlinking: /home/yy/sight/pfa-nav/install/pb_rm_interfaces/local/lib/python3.10/dist-packages/pb_rm_interfaces/msg/_ground_robot_position.py
[26.650s] -- Symlinking: /home/yy/sight/pfa-nav/install/pb_rm_interfaces/local/lib/python3.10/dist-packages/pb_rm_interfaces/msg/_ground_robot_position_s.c
[26.657s] -- Symlinking: /home/yy/sight/pfa-nav/install/pb_rm_interfaces/local/lib/python3.10/dist-packages/pb_rm_interfaces/msg/_models.py
[26.665s] -- Symlinking: /home/yy/sight/pfa-nav/install/pb_rm_interfaces/local/lib/python3.10/dist-packages/pb_rm_interfaces/msg/_models_s.c
[26.671s] -- Symlinking: /home/yy/sight/pfa-nav/install/pb_rm_interfaces/local/lib/python3.10/dist-packages/pb_rm_interfaces/msg/_rfid_status.py
[26.677s] -- Symlinking: /home/yy/sight/pfa-nav/install/pb_rm_interfaces/local/lib/python3.10/dist-packages/pb_rm_interfaces/msg/_rfid_status_s.c
[26.682s] -- Symlinking: /home/yy/sight/pfa-nav/install/pb_rm_interfaces/local/lib/python3.10/dist-packages/pb_rm_interfaces/msg/_robot_state_info.py
[26.689s] -- Symlinking: /home/yy/sight/pfa-nav/install/pb_rm_interfaces/local/lib/python3.10/dist-packages/pb_rm_interfaces/msg/_robot_state_info_s.c
[26.696s] -- Symlinking: /home/yy/sight/pfa-nav/install/pb_rm_interfaces/local/lib/python3.10/dist-packages/pb_rm_interfaces/msg/_robot_status.py
[26.702s] -- Symlinking: /home/yy/sight/pfa-nav/install/pb_rm_interfaces/local/lib/python3.10/dist-packages/pb_rm_interfaces/msg/_robot_status_s.c
[26.708s] -- Symlinking: /home/yy/sight/pfa-nav/install/pb_rm_interfaces/local/lib/python3.10/dist-packages/pb_rm_interfaces/pb_rm_interfaces_s__rosidl_typesupport_c.cpython-310-x86_64-linux-gnu.so
[26.714s] -- Symlinking: /home/yy/sight/pfa-nav/install/pb_rm_interfaces/local/lib/python3.10/dist-packages/pb_rm_interfaces/pb_rm_interfaces_s__rosidl_typesupport_fastrtps_c.cpython-310-x86_64-linux-gnu.so
[26.720s] -- Symlinking: /home/yy/sight/pfa-nav/install/pb_rm_interfaces/local/lib/python3.10/dist-packages/pb_rm_interfaces/pb_rm_interfaces_s__rosidl_typesupport_introspection_c.cpython-310-x86_64-linux-gnu.so
[26.728s] -- Up-to-date symlink: /home/yy/sight/pfa-nav/install/pb_rm_interfaces/local/lib/python3.10/dist-packages/pb_rm_interfaces/pb_rm_interfaces_s__rosidl_typesupport_fastrtps_c.cpython-310-x86_64-linux-gnu.so
[26.728s] -- Up-to-date symlink: /home/yy/sight/pfa-nav/install/pb_rm_interfaces/local/lib/python3.10/dist-packages/pb_rm_interfaces/pb_rm_interfaces_s__rosidl_typesupport_introspection_c.cpython-310-x86_64-linux-gnu.so
[26.728s] -- Up-to-date symlink: /home/yy/sight/pfa-nav/install/pb_rm_interfaces/local/lib/python3.10/dist-packages/pb_rm_interfaces/pb_rm_interfaces_s__rosidl_typesupport_c.cpython-310-x86_64-linux-gnu.so
[26.728s] -- Symlinking: /home/yy/sight/pfa-nav/install/pb_rm_interfaces/share/pb_rm_interfaces/msg/Buff.idl
[26.734s] -- Symlinking: /home/yy/sight/pfa-nav/install/pb_rm_interfaces/share/pb_rm_interfaces/msg/EventData.idl
[26.741s] -- Symlinking: /home/yy/sight/pfa-nav/install/pb_rm_interfaces/share/pb_rm_interfaces/msg/GameRobotHP.idl
[26.746s] -- Symlinking: /home/yy/sight/pfa-nav/install/pb_rm_interfaces/share/pb_rm_interfaces/msg/GameStatus.idl
[26.752s] -- Symlinking: /home/yy/sight/pfa-nav/install/pb_rm_interfaces/share/pb_rm_interfaces/msg/GroundRobotPosition.idl
[26.759s] -- Symlinking: /home/yy/sight/pfa-nav/install/pb_rm_interfaces/share/pb_rm_interfaces/msg/RfidStatus.idl
[26.764s] -- Symlinking: /home/yy/sight/pfa-nav/install/pb_rm_interfaces/share/pb_rm_interfaces/msg/RobotStatus.idl
[26.770s] -- Symlinking: /home/yy/sight/pfa-nav/install/pb_rm_interfaces/share/pb_rm_interfaces/msg/Gimbal.idl
[26.776s] -- Symlinking: /home/yy/sight/pfa-nav/install/pb_rm_interfaces/share/pb_rm_interfaces/msg/GimbalCmd.idl
[26.781s] -- Symlinking: /home/yy/sight/pfa-nav/install/pb_rm_interfaces/share/pb_rm_interfaces/msg/Models.idl
[26.787s] -- Symlinking: /home/yy/sight/pfa-nav/install/pb_rm_interfaces/share/pb_rm_interfaces/msg/RobotStateInfo.idl
[26.794s] -- Symlinking: /home/yy/sight/pfa-nav/install/pb_rm_interfaces/share/pb_rm_interfaces/referee/Buff.msg
[26.800s] -- Symlinking: /home/yy/sight/pfa-nav/install/pb_rm_interfaces/share/pb_rm_interfaces/referee/EventData.msg
[26.806s] -- Symlinking: /home/yy/sight/pfa-nav/install/pb_rm_interfaces/share/pb_rm_interfaces/referee/GameRobotHP.msg
[26.811s] -- Symlinking: /home/yy/sight/pfa-nav/install/pb_rm_interfaces/share/pb_rm_interfaces/referee/GameStatus.msg
[26.817s] -- Symlinking: /home/yy/sight/pfa-nav/install/pb_rm_interfaces/share/pb_rm_interfaces/referee/GroundRobotPosition.msg
[26.826s] -- Symlinking: /home/yy/sight/pfa-nav/install/pb_rm_interfaces/share/pb_rm_interfaces/referee/RfidStatus.msg
[26.834s] -- Symlinking: /home/yy/sight/pfa-nav/install/pb_rm_interfaces/share/pb_rm_interfaces/referee/RobotStatus.msg
[26.840s] -- Symlinking: /home/yy/sight/pfa-nav/install/pb_rm_interfaces/share/pb_rm_interfaces/msg/Gimbal.msg
[26.845s] -- Symlinking: /home/yy/sight/pfa-nav/install/pb_rm_interfaces/share/pb_rm_interfaces/msg/GimbalCmd.msg
[26.850s] -- Symlinking: /home/yy/sight/pfa-nav/install/pb_rm_interfaces/share/pb_rm_interfaces/msg/Models.msg
[26.858s] -- Symlinking: /home/yy/sight/pfa-nav/install/pb_rm_interfaces/share/pb_rm_interfaces/msg/RobotStateInfo.msg
[26.867s] -- Symlinking: /home/yy/sight/pfa-nav/install/pb_rm_interfaces/share/ament_index/resource_index/package_run_dependencies/pb_rm_interfaces
[26.876s] -- Symlinking: /home/yy/sight/pfa-nav/install/pb_rm_interfaces/share/ament_index/resource_index/parent_prefix_path/pb_rm_interfaces
[26.885s] -- Symlinking: /home/yy/sight/pfa-nav/install/pb_rm_interfaces/share/pb_rm_interfaces/environment/ament_prefix_path.sh
[26.896s] -- Symlinking: /home/yy/sight/pfa-nav/install/pb_rm_interfaces/share/pb_rm_interfaces/environment/ament_prefix_path.dsv
[26.906s] -- Symlinking: /home/yy/sight/pfa-nav/install/pb_rm_interfaces/share/pb_rm_interfaces/environment/path.sh
[26.915s] -- Symlinking: /home/yy/sight/pfa-nav/install/pb_rm_interfaces/share/pb_rm_interfaces/environment/path.dsv
[26.925s] -- Symlinking: /home/yy/sight/pfa-nav/install/pb_rm_interfaces/share/pb_rm_interfaces/local_setup.bash
[26.935s] -- Symlinking: /home/yy/sight/pfa-nav/install/pb_rm_interfaces/share/pb_rm_interfaces/local_setup.sh
[26.944s] -- Symlinking: /home/yy/sight/pfa-nav/install/pb_rm_interfaces/share/pb_rm_interfaces/local_setup.zsh
[26.951s] -- Symlinking: /home/yy/sight/pfa-nav/install/pb_rm_interfaces/share/pb_rm_interfaces/local_setup.dsv
[26.959s] -- Symlinking: /home/yy/sight/pfa-nav/install/pb_rm_interfaces/share/pb_rm_interfaces/package.dsv
[26.965s] -- Symlinking: /home/yy/sight/pfa-nav/install/pb_rm_interfaces/share/ament_index/resource_index/packages/pb_rm_interfaces
[26.970s] -- Symlinking: /home/yy/sight/pfa-nav/install/pb_rm_interfaces/share/pb_rm_interfaces/cmake/rosidl_cmake-extras.cmake
[26.976s] -- Symlinking: /home/yy/sight/pfa-nav/install/pb_rm_interfaces/share/pb_rm_interfaces/cmake/ament_cmake_export_dependencies-extras.cmake
[26.981s] -- Symlinking: /home/yy/sight/pfa-nav/install/pb_rm_interfaces/share/pb_rm_interfaces/cmake/ament_cmake_export_include_directories-extras.cmake
[26.986s] -- Symlinking: /home/yy/sight/pfa-nav/install/pb_rm_interfaces/share/pb_rm_interfaces/cmake/ament_cmake_export_libraries-extras.cmake
[26.993s] -- Symlinking: /home/yy/sight/pfa-nav/install/pb_rm_interfaces/share/pb_rm_interfaces/cmake/ament_cmake_export_targets-extras.cmake
[26.999s] -- Symlinking: /home/yy/sight/pfa-nav/install/pb_rm_interfaces/share/pb_rm_interfaces/cmake/rosidl_cmake_export_typesupport_targets-extras.cmake
[27.008s] -- Symlinking: /home/yy/sight/pfa-nav/install/pb_rm_interfaces/share/pb_rm_interfaces/cmake/rosidl_cmake_export_typesupport_libraries-extras.cmake
[27.016s] -- Symlinking: /home/yy/sight/pfa-nav/install/pb_rm_interfaces/share/pb_rm_interfaces/cmake/pb_rm_interfacesConfig.cmake
[27.022s] -- Symlinking: /home/yy/sight/pfa-nav/install/pb_rm_interfaces/share/pb_rm_interfaces/cmake/pb_rm_interfacesConfig-version.cmake
[27.030s] -- Symlinking: /home/yy/sight/pfa-nav/install/pb_rm_interfaces/share/pb_rm_interfaces/package.xml
[27.038s] -- Installing: /home/yy/sight/pfa-nav/install/pb_rm_interfaces/lib/libpb_rm_interfaces__rosidl_generator_c.so
[27.038s] -- Set runtime path of "/home/yy/sight/pfa-nav/install/pb_rm_interfaces/lib/libpb_rm_interfaces__rosidl_generator_c.so" to ""
[27.038s] -- Installing: /home/yy/sight/pfa-nav/install/pb_rm_interfaces/lib/libpb_rm_interfaces__rosidl_typesupport_fastrtps_c.so
[27.038s] -- Set runtime path of "/home/yy/sight/pfa-nav/install/pb_rm_interfaces/lib/libpb_rm_interfaces__rosidl_typesupport_fastrtps_c.so" to ""
[27.038s] -- Installing: /home/yy/sight/pfa-nav/install/pb_rm_interfaces/lib/libpb_rm_interfaces__rosidl_typesupport_introspection_c.so
[27.038s] -- Set runtime path of "/home/yy/sight/pfa-nav/install/pb_rm_interfaces/lib/libpb_rm_interfaces__rosidl_typesupport_introspection_c.so" to ""
[27.038s] -- Installing: /home/yy/sight/pfa-nav/install/pb_rm_interfaces/lib/libpb_rm_interfaces__rosidl_typesupport_c.so
[27.039s] -- Set runtime path of "/home/yy/sight/pfa-nav/install/pb_rm_interfaces/lib/libpb_rm_interfaces__rosidl_typesupport_c.so" to ""
[27.039s] -- Installing: /home/yy/sight/pfa-nav/install/pb_rm_interfaces/lib/libpb_rm_interfaces__rosidl_typesupport_fastrtps_cpp.so
[27.039s] -- Set runtime path of "/home/yy/sight/pfa-nav/install/pb_rm_interfaces/lib/libpb_rm_interfaces__rosidl_typesupport_fastrtps_cpp.so" to ""
[27.039s] -- Installing: /home/yy/sight/pfa-nav/install/pb_rm_interfaces/lib/libpb_rm_interfaces__rosidl_typesupport_introspection_cpp.so
[27.040s] -- Set runtime path of "/home/yy/sight/pfa-nav/install/pb_rm_interfaces/lib/libpb_rm_interfaces__rosidl_typesupport_introspection_cpp.so" to ""
[27.040s] -- Installing: /home/yy/sight/pfa-nav/install/pb_rm_interfaces/lib/libpb_rm_interfaces__rosidl_typesupport_cpp.so
[27.040s] -- Set runtime path of "/home/yy/sight/pfa-nav/install/pb_rm_interfaces/lib/libpb_rm_interfaces__rosidl_typesupport_cpp.so" to ""
[27.083s] Listing '/home/yy/sight/pfa-nav/install/pb_rm_interfaces/local/lib/python3.10/dist-packages/pb_rm_interfaces'...
[27.083s] Compiling '/home/yy/sight/pfa-nav/install/pb_rm_interfaces/local/lib/python3.10/dist-packages/pb_rm_interfaces/__init__.py'...
[27.083s] Listing '/home/yy/sight/pfa-nav/install/pb_rm_interfaces/local/lib/python3.10/dist-packages/pb_rm_interfaces/msg'...
[27.083s] Compiling '/home/yy/sight/pfa-nav/install/pb_rm_interfaces/local/lib/python3.10/dist-packages/pb_rm_interfaces/msg/__init__.py'...
[27.083s] Compiling '/home/yy/sight/pfa-nav/install/pb_rm_interfaces/local/lib/python3.10/dist-packages/pb_rm_interfaces/msg/_buff.py'...
[27.083s] Compiling '/home/yy/sight/pfa-nav/install/pb_rm_interfaces/local/lib/python3.10/dist-packages/pb_rm_interfaces/msg/_event_data.py'...
[27.083s] Compiling '/home/yy/sight/pfa-nav/install/pb_rm_interfaces/local/lib/python3.10/dist-packages/pb_rm_interfaces/msg/_game_robot_hp.py'...
[27.083s] Compiling '/home/yy/sight/pfa-nav/install/pb_rm_interfaces/local/lib/python3.10/dist-packages/pb_rm_interfaces/msg/_game_status.py'...
[27.083s] Compiling '/home/yy/sight/pfa-nav/install/pb_rm_interfaces/local/lib/python3.10/dist-packages/pb_rm_interfaces/msg/_gimbal.py'...
[27.083s] Compiling '/home/yy/sight/pfa-nav/install/pb_rm_interfaces/local/lib/python3.10/dist-packages/pb_rm_interfaces/msg/_gimbal_cmd.py'...
[27.083s] Compiling '/home/yy/sight/pfa-nav/install/pb_rm_interfaces/local/lib/python3.10/dist-packages/pb_rm_interfaces/msg/_ground_robot_position.py'...
[27.083s] Compiling '/home/yy/sight/pfa-nav/install/pb_rm_interfaces/local/lib/python3.10/dist-packages/pb_rm_interfaces/msg/_models.py'...
[27.084s] Compiling '/home/yy/sight/pfa-nav/install/pb_rm_interfaces/local/lib/python3.10/dist-packages/pb_rm_interfaces/msg/_rfid_status.py'...
[27.084s] Compiling '/home/yy/sight/pfa-nav/install/pb_rm_interfaces/local/lib/python3.10/dist-packages/pb_rm_interfaces/msg/_robot_state_info.py'...
[27.084s] Compiling '/home/yy/sight/pfa-nav/install/pb_rm_interfaces/local/lib/python3.10/dist-packages/pb_rm_interfaces/msg/_robot_status.py'...
[27.088s] -- Installing: /home/yy/sight/pfa-nav/install/pb_rm_interfaces/lib/libpb_rm_interfaces__rosidl_generator_py.so
[27.089s] -- Set runtime path of "/home/yy/sight/pfa-nav/install/pb_rm_interfaces/lib/libpb_rm_interfaces__rosidl_generator_py.so" to ""
[27.089s] -- Installing: /home/yy/sight/pfa-nav/install/pb_rm_interfaces/share/pb_rm_interfaces/cmake/export_pb_rm_interfaces__rosidl_generator_cExport.cmake
[27.089s] -- Installing: /home/yy/sight/pfa-nav/install/pb_rm_interfaces/share/pb_rm_interfaces/cmake/export_pb_rm_interfaces__rosidl_generator_cExport-release.cmake
[27.089s] -- Installing: /home/yy/sight/pfa-nav/install/pb_rm_interfaces/share/pb_rm_interfaces/cmake/export_pb_rm_interfaces__rosidl_typesupport_fastrtps_cExport.cmake
[27.089s] -- Installing: /home/yy/sight/pfa-nav/install/pb_rm_interfaces/share/pb_rm_interfaces/cmake/export_pb_rm_interfaces__rosidl_typesupport_fastrtps_cExport-release.cmake
[27.089s] -- Installing: /home/yy/sight/pfa-nav/install/pb_rm_interfaces/share/pb_rm_interfaces/cmake/pb_rm_interfaces__rosidl_typesupport_introspection_cExport.cmake
[27.089s] -- Installing: /home/yy/sight/pfa-nav/install/pb_rm_interfaces/share/pb_rm_interfaces/cmake/pb_rm_interfaces__rosidl_typesupport_introspection_cExport-release.cmake
[27.089s] -- Installing: /home/yy/sight/pfa-nav/install/pb_rm_interfaces/share/pb_rm_interfaces/cmake/pb_rm_interfaces__rosidl_typesupport_cExport.cmake
[27.089s] -- Installing: /home/yy/sight/pfa-nav/install/pb_rm_interfaces/share/pb_rm_interfaces/cmake/pb_rm_interfaces__rosidl_typesupport_cExport-release.cmake
[27.089s] -- Installing: /home/yy/sight/pfa-nav/install/pb_rm_interfaces/share/pb_rm_interfaces/cmake/export_pb_rm_interfaces__rosidl_generator_cppExport.cmake
[27.089s] -- Installing: /home/yy/sight/pfa-nav/install/pb_rm_interfaces/share/pb_rm_interfaces/cmake/export_pb_rm_interfaces__rosidl_typesupport_fastrtps_cppExport.cmake
[27.089s] -- Installing: /home/yy/sight/pfa-nav/install/pb_rm_interfaces/share/pb_rm_interfaces/cmake/export_pb_rm_interfaces__rosidl_typesupport_fastrtps_cppExport-release.cmake
[27.089s] -- Installing: /home/yy/sight/pfa-nav/install/pb_rm_interfaces/share/pb_rm_interfaces/cmake/pb_rm_interfaces__rosidl_typesupport_introspection_cppExport.cmake
[27.090s] -- Installing: /home/yy/sight/pfa-nav/install/pb_rm_interfaces/share/pb_rm_interfaces/cmake/pb_rm_interfaces__rosidl_typesupport_introspection_cppExport-release.cmake
[27.090s] -- Installing: /home/yy/sight/pfa-nav/install/pb_rm_interfaces/share/pb_rm_interfaces/cmake/pb_rm_interfaces__rosidl_typesupport_cppExport.cmake
[27.090s] -- Installing: /home/yy/sight/pfa-nav/install/pb_rm_interfaces/share/pb_rm_interfaces/cmake/pb_rm_interfaces__rosidl_typesupport_cppExport-release.cmake
[27.090s] -- Installing: /home/yy/sight/pfa-nav/install/pb_rm_interfaces/share/pb_rm_interfaces/cmake/export_pb_rm_interfaces__rosidl_generator_pyExport.cmake
[27.090s] -- Installing: /home/yy/sight/pfa-nav/install/pb_rm_interfaces/share/pb_rm_interfaces/cmake/export_pb_rm_interfaces__rosidl_generator_pyExport-release.cmake
[27.095s] Invoked command in '/home/yy/sight/pfa-nav/build/pb_rm_interfaces' returned '0': CMAKE_PREFIX_PATH=/opt/ros/humble /usr/bin/cmake --install /home/yy/sight/pfa-nav/build/pb_rm_interfaces
