[0.005s] Invoking command in '/home/yy/sight/pfa-nav/build/sensor_scan_generation': CMAKE_PREFIX_PATH=/opt/ros/humble /usr/bin/cmake --build /home/yy/sight/pfa-nav/build/sensor_scan_generation -- -j20 -l20
[0.032s] [35m[1mConsolidate compiler generated dependencies of target sensor_scan_generation[0m
[0.037s] [ 50%] Built target sensor_scan_generation_node
[0.048s] [100%] Built target sensor_scan_generation
[0.054s] Invoked command in '/home/yy/sight/pfa-nav/build/sensor_scan_generation' returned '0': CMAKE_PREFIX_PATH=/opt/ros/humble /usr/bin/cmake --build /home/yy/sight/pfa-nav/build/sensor_scan_generation -- -j20 -l20
[0.055s] Invoking command in '/home/yy/sight/pfa-nav/build/sensor_scan_generation': CMAKE_PREFIX_PATH=/opt/ros/humble /usr/bin/cmake --install /home/yy/sight/pfa-nav/build/sensor_scan_generation
[0.059s] -- Install configuration: "Release"
[0.060s] -- Execute custom install script
[0.060s] -- Up-to-date symlink: /home/yy/sight/pfa-nav/install/sensor_scan_generation/lib/sensor_scan_generation/sensor_scan_generation_node
[0.060s] -- Up-to-date symlink: /home/yy/sight/pfa-nav/install/sensor_scan_generation/include/sensor_scan_generation/sensor_scan_generation.hpp
[0.060s] -- Up-to-date symlink: /home/yy/sight/pfa-nav/install/sensor_scan_generation/share/sensor_scan_generation/environment/library_path.sh
[0.060s] -- Up-to-date symlink: /home/yy/sight/pfa-nav/install/sensor_scan_generation/share/sensor_scan_generation/environment/library_path.dsv
[0.060s] -- Up-to-date symlink: /home/yy/sight/pfa-nav/install/sensor_scan_generation/lib/libsensor_scan_generation.so
[0.060s] -- Up-to-date symlink: /home/yy/sight/pfa-nav/install/sensor_scan_generation/share/sensor_scan_generation/launch/sensor_scan_generation.launch.py
[0.060s] -- Up-to-date symlink: /home/yy/sight/pfa-nav/install/sensor_scan_generation/share/ament_index/resource_index/package_run_dependencies/sensor_scan_generation
[0.060s] -- Up-to-date symlink: /home/yy/sight/pfa-nav/install/sensor_scan_generation/share/ament_index/resource_index/parent_prefix_path/sensor_scan_generation
[0.060s] -- Up-to-date symlink: /home/yy/sight/pfa-nav/install/sensor_scan_generation/share/sensor_scan_generation/environment/ament_prefix_path.sh
[0.060s] -- Up-to-date symlink: /home/yy/sight/pfa-nav/install/sensor_scan_generation/share/sensor_scan_generation/environment/ament_prefix_path.dsv
[0.060s] -- Up-to-date symlink: /home/yy/sight/pfa-nav/install/sensor_scan_generation/share/sensor_scan_generation/environment/path.sh
[0.061s] -- Up-to-date symlink: /home/yy/sight/pfa-nav/install/sensor_scan_generation/share/sensor_scan_generation/environment/path.dsv
[0.061s] -- Up-to-date symlink: /home/yy/sight/pfa-nav/install/sensor_scan_generation/share/sensor_scan_generation/local_setup.bash
[0.061s] -- Up-to-date symlink: /home/yy/sight/pfa-nav/install/sensor_scan_generation/share/sensor_scan_generation/local_setup.sh
[0.061s] -- Up-to-date symlink: /home/yy/sight/pfa-nav/install/sensor_scan_generation/share/sensor_scan_generation/local_setup.zsh
[0.061s] -- Up-to-date symlink: /home/yy/sight/pfa-nav/install/sensor_scan_generation/share/sensor_scan_generation/local_setup.dsv
[0.061s] -- Symlinking: /home/yy/sight/pfa-nav/install/sensor_scan_generation/share/sensor_scan_generation/package.dsv
[0.065s] -- Up-to-date symlink: /home/yy/sight/pfa-nav/install/sensor_scan_generation/share/ament_index/resource_index/packages/sensor_scan_generation
[0.065s] -- Up-to-date symlink: /home/yy/sight/pfa-nav/install/sensor_scan_generation/share/ament_index/resource_index/rclcpp_components/sensor_scan_generation
[0.065s] -- Up-to-date symlink: /home/yy/sight/pfa-nav/install/sensor_scan_generation/share/sensor_scan_generation/cmake/ament_cmake_export_dependencies-extras.cmake
[0.065s] -- Up-to-date symlink: /home/yy/sight/pfa-nav/install/sensor_scan_generation/share/sensor_scan_generation/cmake/ament_cmake_export_include_directories-extras.cmake
[0.065s] -- Up-to-date symlink: /home/yy/sight/pfa-nav/install/sensor_scan_generation/share/sensor_scan_generation/cmake/ament_cmake_export_libraries-extras.cmake
[0.065s] -- Up-to-date symlink: /home/yy/sight/pfa-nav/install/sensor_scan_generation/share/sensor_scan_generation/cmake/sensor_scan_generationConfig.cmake
[0.065s] -- Up-to-date symlink: /home/yy/sight/pfa-nav/install/sensor_scan_generation/share/sensor_scan_generation/cmake/sensor_scan_generationConfig-version.cmake
[0.065s] -- Up-to-date symlink: /home/yy/sight/pfa-nav/install/sensor_scan_generation/share/sensor_scan_generation/package.xml
[0.067s] Invoked command in '/home/yy/sight/pfa-nav/build/sensor_scan_generation' returned '0': CMAKE_PREFIX_PATH=/opt/ros/humble /usr/bin/cmake --install /home/yy/sight/pfa-nav/build/sensor_scan_generation
