[0.006s] Invoking command in '/home/yy/sight/pfa-nav/build/rmoss_util': AMENT_PREFIX_PATH=/home/yy/sight/pfa-nav/install/rmoss_interfaces:${AMENT_PREFIX_PATH} CMAKE_PREFIX_PATH=/home/yy/sight/pfa-nav/install/rmoss_interfaces:/opt/ros/humble LD_LIBRARY_PATH=/home/yy/sight/pfa-nav/install/rmoss_interfaces/lib:/usr/lib/x86_64-linux-gnu/gazebo-11/plugins:/opt/ros/humble/opt/rviz_ogre_vendor/lib:/opt/ros/humble/lib/x86_64-linux-gnu:/opt/ros/humble/lib:/opt/MVS/lib/64:/opt/MVS/lib/32:/opt/MVS/lib/64:/opt/MVS/lib/32:/opt/MVS/lib/64:/opt/MVS/lib/32 PYTHONPATH=/home/yy/sight/pfa-nav/install/rmoss_interfaces/local/lib/python3.10/dist-packages:${PYTHONPATH} /usr/bin/cmake --build /home/yy/sight/pfa-nav/build/rmoss_util -- -j20 -l20
[0.042s] [ 15%] Built target gtest_main
[0.042s] [ 30%] Built target gtest
[0.046s] [ 84%] Built target rmoss_util
[0.062s] [100%] Built target test_url_resolve
[0.069s] Invoked command in '/home/yy/sight/pfa-nav/build/rmoss_util' returned '0': AMENT_PREFIX_PATH=/home/yy/sight/pfa-nav/install/rmoss_interfaces:${AMENT_PREFIX_PATH} CMAKE_PREFIX_PATH=/home/yy/sight/pfa-nav/install/rmoss_interfaces:/opt/ros/humble LD_LIBRARY_PATH=/home/yy/sight/pfa-nav/install/rmoss_interfaces/lib:/usr/lib/x86_64-linux-gnu/gazebo-11/plugins:/opt/ros/humble/opt/rviz_ogre_vendor/lib:/opt/ros/humble/lib/x86_64-linux-gnu:/opt/ros/humble/lib:/opt/MVS/lib/64:/opt/MVS/lib/32:/opt/MVS/lib/64:/opt/MVS/lib/32:/opt/MVS/lib/64:/opt/MVS/lib/32 PYTHONPATH=/home/yy/sight/pfa-nav/install/rmoss_interfaces/local/lib/python3.10/dist-packages:${PYTHONPATH} /usr/bin/cmake --build /home/yy/sight/pfa-nav/build/rmoss_util -- -j20 -l20
[0.071s] Invoking command in '/home/yy/sight/pfa-nav/build/rmoss_util': AMENT_PREFIX_PATH=/home/yy/sight/pfa-nav/install/rmoss_interfaces:${AMENT_PREFIX_PATH} CMAKE_PREFIX_PATH=/home/yy/sight/pfa-nav/install/rmoss_interfaces:/opt/ros/humble LD_LIBRARY_PATH=/home/yy/sight/pfa-nav/install/rmoss_interfaces/lib:/usr/lib/x86_64-linux-gnu/gazebo-11/plugins:/opt/ros/humble/opt/rviz_ogre_vendor/lib:/opt/ros/humble/lib/x86_64-linux-gnu:/opt/ros/humble/lib:/opt/MVS/lib/64:/opt/MVS/lib/32:/opt/MVS/lib/64:/opt/MVS/lib/32:/opt/MVS/lib/64:/opt/MVS/lib/32 PYTHONPATH=/home/yy/sight/pfa-nav/install/rmoss_interfaces/local/lib/python3.10/dist-packages:${PYTHONPATH} /usr/bin/cmake --install /home/yy/sight/pfa-nav/build/rmoss_util
[0.075s] -- Install configuration: "Release"
[0.075s] -- Execute custom install script
[0.076s] -- Up-to-date symlink: /home/yy/sight/pfa-nav/install/rmoss_util/include/rmoss_util/debug.hpp
[0.076s] -- Up-to-date symlink: /home/yy/sight/pfa-nav/install/rmoss_util/include/rmoss_util/image_utils.hpp
[0.076s] -- Up-to-date symlink: /home/yy/sight/pfa-nav/install/rmoss_util/include/rmoss_util/mono_measure_tool.hpp
[0.076s] -- Up-to-date symlink: /home/yy/sight/pfa-nav/install/rmoss_util/include/rmoss_util/task_manager.hpp
[0.076s] -- Up-to-date symlink: /home/yy/sight/pfa-nav/install/rmoss_util/include/rmoss_util/time_utils.hpp
[0.076s] -- Up-to-date symlink: /home/yy/sight/pfa-nav/install/rmoss_util/include/rmoss_util/url_resolver.hpp
[0.076s] -- Up-to-date symlink: /home/yy/sight/pfa-nav/install/rmoss_util/share/rmoss_util/environment/library_path.sh
[0.076s] -- Up-to-date symlink: /home/yy/sight/pfa-nav/install/rmoss_util/share/rmoss_util/environment/library_path.dsv
[0.076s] -- Up-to-date symlink: /home/yy/sight/pfa-nav/install/rmoss_util/share/ament_index/resource_index/package_run_dependencies/rmoss_util
[0.076s] -- Up-to-date symlink: /home/yy/sight/pfa-nav/install/rmoss_util/share/ament_index/resource_index/parent_prefix_path/rmoss_util
[0.076s] -- Up-to-date symlink: /home/yy/sight/pfa-nav/install/rmoss_util/share/rmoss_util/environment/ament_prefix_path.sh
[0.076s] -- Up-to-date symlink: /home/yy/sight/pfa-nav/install/rmoss_util/share/rmoss_util/environment/ament_prefix_path.dsv
[0.076s] -- Up-to-date symlink: /home/yy/sight/pfa-nav/install/rmoss_util/share/rmoss_util/environment/path.sh
[0.076s] -- Up-to-date symlink: /home/yy/sight/pfa-nav/install/rmoss_util/share/rmoss_util/environment/path.dsv
[0.076s] -- Up-to-date symlink: /home/yy/sight/pfa-nav/install/rmoss_util/share/rmoss_util/local_setup.bash
[0.076s] -- Up-to-date symlink: /home/yy/sight/pfa-nav/install/rmoss_util/share/rmoss_util/local_setup.sh
[0.076s] -- Up-to-date symlink: /home/yy/sight/pfa-nav/install/rmoss_util/share/rmoss_util/local_setup.zsh
[0.076s] -- Up-to-date symlink: /home/yy/sight/pfa-nav/install/rmoss_util/share/rmoss_util/local_setup.dsv
[0.076s] -- Symlinking: /home/yy/sight/pfa-nav/install/rmoss_util/share/rmoss_util/package.dsv
[0.082s] -- Up-to-date symlink: /home/yy/sight/pfa-nav/install/rmoss_util/share/ament_index/resource_index/packages/rmoss_util
[0.082s] -- Up-to-date symlink: /home/yy/sight/pfa-nav/install/rmoss_util/share/rmoss_util/cmake/ament_cmake_export_targets-extras.cmake
[0.082s] -- Up-to-date symlink: /home/yy/sight/pfa-nav/install/rmoss_util/share/rmoss_util/cmake/ament_cmake_export_dependencies-extras.cmake
[0.082s] -- Up-to-date symlink: /home/yy/sight/pfa-nav/install/rmoss_util/share/rmoss_util/cmake/rmoss_utilConfig.cmake
[0.082s] -- Up-to-date symlink: /home/yy/sight/pfa-nav/install/rmoss_util/share/rmoss_util/cmake/rmoss_utilConfig-version.cmake
[0.082s] -- Up-to-date symlink: /home/yy/sight/pfa-nav/install/rmoss_util/share/rmoss_util/package.xml
[0.083s] -- Up-to-date: /home/yy/sight/pfa-nav/install/rmoss_util/lib/librmoss_util.so
[0.083s] -- Up-to-date: /home/yy/sight/pfa-nav/install/rmoss_util/share/rmoss_util/cmake/rmoss_utilExport.cmake
[0.083s] -- Up-to-date: /home/yy/sight/pfa-nav/install/rmoss_util/share/rmoss_util/cmake/rmoss_utilExport-release.cmake
[0.084s] Invoked command in '/home/yy/sight/pfa-nav/build/rmoss_util' returned '0': AMENT_PREFIX_PATH=/home/yy/sight/pfa-nav/install/rmoss_interfaces:${AMENT_PREFIX_PATH} CMAKE_PREFIX_PATH=/home/yy/sight/pfa-nav/install/rmoss_interfaces:/opt/ros/humble LD_LIBRARY_PATH=/home/yy/sight/pfa-nav/install/rmoss_interfaces/lib:/usr/lib/x86_64-linux-gnu/gazebo-11/plugins:/opt/ros/humble/opt/rviz_ogre_vendor/lib:/opt/ros/humble/lib/x86_64-linux-gnu:/opt/ros/humble/lib:/opt/MVS/lib/64:/opt/MVS/lib/32:/opt/MVS/lib/64:/opt/MVS/lib/32:/opt/MVS/lib/64:/opt/MVS/lib/32 PYTHONPATH=/home/yy/sight/pfa-nav/install/rmoss_interfaces/local/lib/python3.10/dist-packages:${PYTHONPATH} /usr/bin/cmake --install /home/yy/sight/pfa-nav/build/rmoss_util
