[0.029s] Invoking command in '/home/yy/sight/pfa-nav/build/rmoss_projectile_motion': CMAKE_PREFIX_PATH=/opt/ros/humble /usr/bin/cmake /home/yy/sight/pfa-nav/src/rmoss_core/rmoss_projectile_motion -DCMAKE_BUILD_TYPE=Release -DAMENT_CMAKE_SYMLINK_INSTALL=1 -DCMAKE_INSTALL_PREFIX=/home/yy/sight/pfa-nav/install/rmoss_projectile_motion
[0.326s] -- The C compiler identification is GNU 11.4.0
[0.326s] -- The CXX compiler identification is GNU 11.4.0
[0.326s] -- Detecting C compiler ABI info
[0.326s] -- Detecting C compiler ABI info - done
[0.326s] -- Check for working C compiler: /usr/bin/cc - skipped
[0.326s] -- Detecting C compile features
[0.326s] -- Detecting C compile features - done
[0.326s] -- Detecting CXX compiler ABI info
[0.326s] -- Detecting CXX compiler ABI info - done
[0.326s] -- Check for working CXX compiler: /usr/bin/c++ - skipped
[0.326s] -- Detecting CXX compile features
[0.326s] -- Detecting CXX compile features - done
[0.326s] -- Found ament_cmake: 1.3.12 (/opt/ros/humble/share/ament_cmake/cmake)
[0.439s] -- Found Python3: /usr/bin/python3 (found version "3.10.12") found components: Interpreter 
[0.529s] -- Override CMake install command with custom implementation using symlinks instead of copying resources
[0.558s] -- Found rclcpp: 16.0.14 (/opt/ros/humble/share/rclcpp/cmake)
[0.600s] -- Found rosidl_generator_c: 3.1.7 (/opt/ros/humble/share/rosidl_generator_c/cmake)
[0.608s] -- Found rosidl_adapter: 3.1.7 (/opt/ros/humble/share/rosidl_adapter/cmake)
[0.625s] -- Found rosidl_generator_cpp: 3.1.7 (/opt/ros/humble/share/rosidl_generator_cpp/cmake)
[0.640s] -- Using all available rosidl_typesupport_c: rosidl_typesupport_fastrtps_c;rosidl_typesupport_introspection_c
[0.658s] -- Using all available rosidl_typesupport_cpp: rosidl_typesupport_fastrtps_cpp;rosidl_typesupport_introspection_cpp
[0.768s] -- Found rmw_implementation_cmake: 6.1.2 (/opt/ros/humble/share/rmw_implementation_cmake/cmake)
[0.769s] -- Found rmw_fastrtps_cpp: 6.2.8 (/opt/ros/humble/share/rmw_fastrtps_cpp/cmake)
[0.904s] -- Found OpenSSL: /usr/lib/x86_64-linux-gnu/libcrypto.so (found version "3.0.2")  
[0.938s] -- Found FastRTPS: /opt/ros/humble/include  
[0.973s] -- Using RMW implementation 'rmw_fastrtps_cpp' as default
[0.983s] -- Looking for pthread.h
[1.047s] -- Looking for pthread.h - found
[1.047s] -- Performing Test CMAKE_HAVE_LIBC_PTHREAD
[1.121s] -- Performing Test CMAKE_HAVE_LIBC_PTHREAD - Success
[1.121s] -- Found Threads: TRUE  
[1.180s] -- Found eigen3_cmake_module: 0.1.1 (/opt/ros/humble/share/eigen3_cmake_module/cmake)
[1.186s] -- Found Eigen3: TRUE (found version "3.4.0") 
[1.187s] -- Found geometry_msgs: 4.9.0 (/opt/ros/humble/share/geometry_msgs/cmake)
[1.205s] -- Found ament_lint_auto: 0.12.14 (/opt/ros/humble/share/ament_lint_auto/cmake)
[1.273s] -- Added test 'copyright' to check source files copyright and LICENSE
[1.273s] -- Added test 'cppcheck' to perform static code analysis on C / C++ code
[1.274s] -- Configured cppcheck include dirs: /home/yy/sight/pfa-nav/src/rmoss_core/rmoss_projectile_motion/include
[1.274s] -- Configured cppcheck exclude dirs and/or files: 
[1.274s] -- Added test 'cpplint' to check C / C++ code against the Google style
[1.274s] -- Configured cpplint exclude dirs and/or files: 
[1.275s] -- Added test 'lint_cmake' to check CMake code style
[1.275s] -- Added test 'uncrustify' to check C / C++ code style
[1.275s] -- Configured uncrustify additional arguments: 
[1.283s] -- Added test 'xmllint' to check XML markup files
[1.284s] -- Configuring done
[1.287s] -- Generating done
[1.290s] -- Build files have been written to: /home/yy/sight/pfa-nav/build/rmoss_projectile_motion
[1.300s] Invoked command in '/home/yy/sight/pfa-nav/build/rmoss_projectile_motion' returned '0': CMAKE_PREFIX_PATH=/opt/ros/humble /usr/bin/cmake /home/yy/sight/pfa-nav/src/rmoss_core/rmoss_projectile_motion -DCMAKE_BUILD_TYPE=Release -DAMENT_CMAKE_SYMLINK_INSTALL=1 -DCMAKE_INSTALL_PREFIX=/home/yy/sight/pfa-nav/install/rmoss_projectile_motion
[1.302s] Invoking command in '/home/yy/sight/pfa-nav/build/rmoss_projectile_motion': CMAKE_PREFIX_PATH=/opt/ros/humble /usr/bin/cmake --build /home/yy/sight/pfa-nav/build/rmoss_projectile_motion -- -j20 -l20
[1.974s] [ 20%] [32mBuilding CXX object CMakeFiles/rmoss_projectile_motion.dir/src/gimbal_transform_tool.cpp.o[0m
[1.974s] [ 40%] [32mBuilding CXX object CMakeFiles/rmoss_projectile_motion.dir/src/iterative_projectile_tool.cpp.o[0m
[1.974s] [ 60%] [32mBuilding CXX object CMakeFiles/rmoss_projectile_motion.dir/src/gravity_projectile_solver.cpp.o[0m
[1.974s] [ 80%] [32mBuilding CXX object CMakeFiles/rmoss_projectile_motion.dir/src/gaf_projectile_solver.cpp.o[0m
[3.079s] [100%] [32m[1mLinking CXX shared library librmoss_projectile_motion.so[0m
[3.261s] [100%] Built target rmoss_projectile_motion
[3.294s] Invoked command in '/home/yy/sight/pfa-nav/build/rmoss_projectile_motion' returned '0': CMAKE_PREFIX_PATH=/opt/ros/humble /usr/bin/cmake --build /home/yy/sight/pfa-nav/build/rmoss_projectile_motion -- -j20 -l20
[3.295s] Invoking command in '/home/yy/sight/pfa-nav/build/rmoss_projectile_motion': CMAKE_PREFIX_PATH=/opt/ros/humble /usr/bin/cmake --install /home/yy/sight/pfa-nav/build/rmoss_projectile_motion
[6.827s] -- Install configuration: "Release"
[6.827s] -- Execute custom install script
[6.827s] -- Symlinking: /home/yy/sight/pfa-nav/install/rmoss_projectile_motion/include/rmoss_projectile_motion/gaf_projectile_solver.hpp
[6.827s] -- Symlinking: /home/yy/sight/pfa-nav/install/rmoss_projectile_motion/include/rmoss_projectile_motion/gimbal_transform_tool.hpp
[6.827s] -- Symlinking: /home/yy/sight/pfa-nav/install/rmoss_projectile_motion/include/rmoss_projectile_motion/gravity_projectile_solver.hpp
[6.828s] -- Symlinking: /home/yy/sight/pfa-nav/install/rmoss_projectile_motion/include/rmoss_projectile_motion/iterative_projectile_tool.hpp
[6.828s] -- Symlinking: /home/yy/sight/pfa-nav/install/rmoss_projectile_motion/include/rmoss_projectile_motion/projectile_solver_interface.hpp
[6.828s] -- Symlinking: /home/yy/sight/pfa-nav/install/rmoss_projectile_motion/share/rmoss_projectile_motion/environment/library_path.sh
[6.828s] -- Symlinking: /home/yy/sight/pfa-nav/install/rmoss_projectile_motion/share/rmoss_projectile_motion/environment/library_path.dsv
[6.828s] -- Symlinking: /home/yy/sight/pfa-nav/install/rmoss_projectile_motion/share/ament_index/resource_index/package_run_dependencies/rmoss_projectile_motion
[6.828s] -- Symlinking: /home/yy/sight/pfa-nav/install/rmoss_projectile_motion/share/ament_index/resource_index/parent_prefix_path/rmoss_projectile_motion
[6.828s] -- Symlinking: /home/yy/sight/pfa-nav/install/rmoss_projectile_motion/share/rmoss_projectile_motion/environment/ament_prefix_path.sh
[6.828s] -- Symlinking: /home/yy/sight/pfa-nav/install/rmoss_projectile_motion/share/rmoss_projectile_motion/environment/ament_prefix_path.dsv
[6.828s] -- Symlinking: /home/yy/sight/pfa-nav/install/rmoss_projectile_motion/share/rmoss_projectile_motion/environment/path.sh
[6.828s] -- Symlinking: /home/yy/sight/pfa-nav/install/rmoss_projectile_motion/share/rmoss_projectile_motion/environment/path.dsv
[6.828s] -- Symlinking: /home/yy/sight/pfa-nav/install/rmoss_projectile_motion/share/rmoss_projectile_motion/local_setup.bash
[6.828s] -- Symlinking: /home/yy/sight/pfa-nav/install/rmoss_projectile_motion/share/rmoss_projectile_motion/local_setup.sh
[6.828s] -- Symlinking: /home/yy/sight/pfa-nav/install/rmoss_projectile_motion/share/rmoss_projectile_motion/local_setup.zsh
[6.828s] -- Symlinking: /home/yy/sight/pfa-nav/install/rmoss_projectile_motion/share/rmoss_projectile_motion/local_setup.dsv
[6.828s] -- Symlinking: /home/yy/sight/pfa-nav/install/rmoss_projectile_motion/share/rmoss_projectile_motion/package.dsv
[6.828s] -- Symlinking: /home/yy/sight/pfa-nav/install/rmoss_projectile_motion/share/ament_index/resource_index/packages/rmoss_projectile_motion
[6.828s] -- Symlinking: /home/yy/sight/pfa-nav/install/rmoss_projectile_motion/share/rmoss_projectile_motion/cmake/ament_cmake_export_targets-extras.cmake
[6.828s] -- Symlinking: /home/yy/sight/pfa-nav/install/rmoss_projectile_motion/share/rmoss_projectile_motion/cmake/ament_cmake_export_dependencies-extras.cmake
[6.828s] -- Symlinking: /home/yy/sight/pfa-nav/install/rmoss_projectile_motion/share/rmoss_projectile_motion/cmake/rmoss_projectile_motionConfig.cmake
[6.828s] -- Symlinking: /home/yy/sight/pfa-nav/install/rmoss_projectile_motion/share/rmoss_projectile_motion/cmake/rmoss_projectile_motionConfig-version.cmake
[6.829s] -- Symlinking: /home/yy/sight/pfa-nav/install/rmoss_projectile_motion/share/rmoss_projectile_motion/package.xml
[6.829s] -- Installing: /home/yy/sight/pfa-nav/install/rmoss_projectile_motion/lib/librmoss_projectile_motion.so
[6.829s] -- Set runtime path of "/home/yy/sight/pfa-nav/install/rmoss_projectile_motion/lib/librmoss_projectile_motion.so" to ""
[6.829s] -- Installing: /home/yy/sight/pfa-nav/install/rmoss_projectile_motion/share/rmoss_projectile_motion/cmake/rmoss_projectile_motionExport.cmake
[6.829s] -- Installing: /home/yy/sight/pfa-nav/install/rmoss_projectile_motion/share/rmoss_projectile_motion/cmake/rmoss_projectile_motionExport-release.cmake
[6.838s] Invoked command in '/home/yy/sight/pfa-nav/build/rmoss_projectile_motion' returned '0': CMAKE_PREFIX_PATH=/opt/ros/humble /usr/bin/cmake --install /home/yy/sight/pfa-nav/build/rmoss_projectile_motion
