[0.278s] Invoking command in '/home/yy/sight/pfa-nav/build/small_gicp_relocalization': CMAKE_PREFIX_PATH=/opt/ros/humble /usr/bin/cmake /home/yy/sight/pfa-nav/src/pb2025_sentry_nav/small_gicp_relocalization -DCMAKE_BUILD_TYPE=Release -DAMENT_CMAKE_SYMLINK_INSTALL=1 -DCMAKE_INSTALL_PREFIX=/home/yy/sight/pfa-nav/install/small_gicp_relocalization
[0.319s] -- The C compiler identification is GNU 11.4.0
[0.391s] -- The CXX compiler identification is GNU 11.4.0
[0.396s] -- Detecting C compiler ABI info
[0.459s] -- Detecting C compiler ABI info - done
[0.466s] -- Check for working C compiler: /usr/bin/cc - skipped
[0.467s] -- Detecting C compile features
[0.467s] -- Detecting C compile features - done
[0.474s] -- Detecting CXX compiler ABI info
[0.557s] -- Detecting CXX compiler ABI info - done
[0.562s] -- Check for working CXX compiler: /usr/bin/c++ - skipped
[0.562s] -- Detecting CXX compile features
[0.563s] -- Detecting CXX compile features - done
[0.565s] -- Found ament_cmake_auto: 1.3.12 (/opt/ros/humble/share/ament_cmake_auto/cmake)
[0.702s] -- Found Python3: /usr/bin/python3 (found version "3.10.12") found components: Interpreter 
[0.792s] -- Override CMake install command with custom implementation using symlinks instead of copying resources
[1.116s] -- Found OpenMP_C: -fopenmp (found version "4.5") 
[1.203s] -- Found OpenMP_CXX: -fopenmp (found version "4.5") 
[1.203s] -- Found OpenMP: TRUE (found version "4.5")  
[1.312s] -- Found rosidl_generator_c: 3.1.7 (/opt/ros/humble/share/rosidl_generator_c/cmake)
[1.316s] -- Found rosidl_adapter: 3.1.7 (/opt/ros/humble/share/rosidl_adapter/cmake)
[1.322s] -- Found rosidl_generator_cpp: 3.1.7 (/opt/ros/humble/share/rosidl_generator_cpp/cmake)
[1.333s] -- Using all available rosidl_typesupport_c: rosidl_typesupport_fastrtps_c;rosidl_typesupport_introspection_c
[1.351s] -- Using all available rosidl_typesupport_cpp: rosidl_typesupport_fastrtps_cpp;rosidl_typesupport_introspection_cpp
[1.381s] -- Found rmw_implementation_cmake: 6.1.2 (/opt/ros/humble/share/rmw_implementation_cmake/cmake)
[1.383s] -- Found rmw_fastrtps_cpp: 6.2.8 (/opt/ros/humble/share/rmw_fastrtps_cpp/cmake)
[1.459s] -- Found OpenSSL: /usr/lib/x86_64-linux-gnu/libcrypto.so (found version "3.0.2")  
[1.492s] -- Found FastRTPS: /opt/ros/humble/include  
[1.537s] -- Using RMW implementation 'rmw_fastrtps_cpp' as default
[1.547s] -- Looking for pthread.h
[1.642s] -- Looking for pthread.h - found
[1.642s] -- Performing Test CMAKE_HAVE_LIBC_PTHREAD
[1.733s] -- Performing Test CMAKE_HAVE_LIBC_PTHREAD - Success
[1.735s] -- Found Threads: TRUE  
[1.955s] -- Checking for module 'eigen3'
[1.967s] --   Found eigen3, version 3.4.0
[2.021s] -- Found Eigen: /usr/include/eigen3 (Required is at least version "3.1") 
[2.021s] -- Eigen found (include: /usr/include/eigen3, version: 3.4.0)
[2.055s] -- Checking for module 'flann'
[2.065s] --   Found flann, version 1.9.1
[2.186s] -- Found FLANN: /usr/lib/x86_64-linux-gnu/libflann_cpp.so  
[2.186s] -- FLANN found (include: /usr/include, lib: /usr/lib/x86_64-linux-gnu/libflann_cpp.so)
[4.284s] -- Checking for module 'libusb-1.0'
[4.327s] --   Found libusb-1.0, version 1.0.25
[4.442s] -- Found libusb: /usr/lib/x86_64-linux-gnu/libusb-1.0.so  
[4.444s] -- OpenNI found (version: 1.5.4.0, include: /usr/include/ni, lib: /usr/lib/libOpenNI.so;libusb::libusb)
[4.634s] -- OpenNI2 found (version: 2.2.0.33, include: /usr/include/openni2, lib: /usr/lib/x86_64-linux-gnu/libOpenNI2.so;libusb::libusb)
[5.191s] -- Eigen found (include: /usr/include/eigen3, version: 3.4.0)
[5.213s] -- OpenNI found (version: 1.5.4.0, include: /usr/include/ni, lib: /usr/lib/libOpenNI.so;libusb::libusb)
[5.225s] -- OpenNI2 found (version: 2.2.0.33, include: /usr/include/openni2, lib: /usr/lib/x86_64-linux-gnu/libOpenNI2.so;libusb::libusb)
[5.643s] -- Found Qhull version 8.0.2
[6.114s] -- OpenNI found (version: 1.5.4.0, include: /usr/include/ni, lib: /usr/lib/libOpenNI.so;libusb::libusb)
[6.470s] -- Found PCL_COMMON: /usr/lib/x86_64-linux-gnu/libpcl_common.so  
[6.478s] -- Found PCL_KDTREE: /usr/lib/x86_64-linux-gnu/libpcl_kdtree.so  
[6.479s] -- Found PCL_OCTREE: /usr/lib/x86_64-linux-gnu/libpcl_octree.so  
[6.483s] -- Found PCL_SEARCH: /usr/lib/x86_64-linux-gnu/libpcl_search.so  
[6.488s] -- Found PCL_SAMPLE_CONSENSUS: /usr/lib/x86_64-linux-gnu/libpcl_sample_consensus.so  
[6.489s] -- Found PCL_FILTERS: /usr/lib/x86_64-linux-gnu/libpcl_filters.so  
[6.494s] -- Found PCL_2D: /usr/include/pcl-1.12  
[6.499s] -- Found PCL_GEOMETRY: /usr/include/pcl-1.12  
[6.499s] -- Found PCL_IO: /usr/lib/x86_64-linux-gnu/libpcl_io.so  
[6.499s] -- Found PCL_FEATURES: /usr/lib/x86_64-linux-gnu/libpcl_features.so  
[6.500s] -- Found PCL_ML: /usr/lib/x86_64-linux-gnu/libpcl_ml.so  
[6.503s] -- Found PCL_SEGMENTATION: /usr/lib/x86_64-linux-gnu/libpcl_segmentation.so  
[6.510s] -- Found PCL_VISUALIZATION: /usr/lib/x86_64-linux-gnu/libpcl_visualization.so  
[6.512s] -- Found PCL_SURFACE: /usr/lib/x86_64-linux-gnu/libpcl_surface.so  
[6.513s] -- Found PCL_REGISTRATION: /usr/lib/x86_64-linux-gnu/libpcl_registration.so  
[6.519s] -- Found PCL_KEYPOINTS: /usr/lib/x86_64-linux-gnu/libpcl_keypoints.so  
[6.520s] -- Found PCL_TRACKING: /usr/lib/x86_64-linux-gnu/libpcl_tracking.so  
[6.521s] -- Found PCL_RECOGNITION: /usr/lib/x86_64-linux-gnu/libpcl_recognition.so  
[6.522s] -- Found PCL_STEREO: /usr/lib/x86_64-linux-gnu/libpcl_stereo.so  
[6.526s] -- Found PCL_APPS: /usr/lib/x86_64-linux-gnu/libpcl_apps.so  
[6.527s] -- Found PCL_IN_HAND_SCANNER: /usr/include/pcl-1.12  
[6.528s] -- Found PCL_MODELER: /usr/include/pcl-1.12  
[6.528s] -- Found PCL_POINT_CLOUD_EDITOR: /usr/include/pcl-1.12  
[6.534s] -- Found PCL_OUTOFCORE: /usr/lib/x86_64-linux-gnu/libpcl_outofcore.so  
[6.536s] -- Found PCL_PEOPLE: /usr/lib/x86_64-linux-gnu/libpcl_people.so  
[6.564s] -- Found ament_lint_auto: 0.12.14 (/opt/ros/humble/share/ament_lint_auto/cmake)
[6.605s] [0mIn this package, headers install destination is set to `include` by ament_auto_package. It is recommended to install `include/small_gicp_relocalization` instead and will be the default behavior of ament_auto_package from ROS 2 Kilted Kaiju. On distributions before Kilted, ament_auto_package behaves the same way when you use USE_SCOPED_HEADER_INSTALL_DIR option.[0m
[6.625s] -- Added test 'copyright' to check source files copyright and LICENSE
[6.625s] -- Added test 'cppcheck' to perform static code analysis on C / C++ code
[6.625s] -- Configured cppcheck include dirs: /home/yy/sight/pfa-nav/src/pb2025_sentry_nav/small_gicp_relocalization/include
[6.625s] -- Configured cppcheck exclude dirs and/or files: 
[6.625s] -- Added test 'cpplint' to check C / C++ code against the Google style
[6.625s] -- Configured cpplint exclude dirs and/or files: 
[6.625s] -- Added test 'lint_cmake' to check CMake code style
[6.633s] -- Added test 'pep257' to check Python code against some of the docstring style conventions in PEP 257
[6.633s] -- Added test 'xmllint' to check XML markup files
[6.636s] -- Added test 'clang_format' to check C / C++ code style
[6.636s] -- Added test 'black' to check Python code style
[6.637s] -- Configuring done
[6.712s] -- Generating done
[6.738s] -- Build files have been written to: /home/yy/sight/pfa-nav/build/small_gicp_relocalization
[6.878s] Invoked command in '/home/yy/sight/pfa-nav/build/small_gicp_relocalization' returned '0': CMAKE_PREFIX_PATH=/opt/ros/humble /usr/bin/cmake /home/yy/sight/pfa-nav/src/pb2025_sentry_nav/small_gicp_relocalization -DCMAKE_BUILD_TYPE=Release -DAMENT_CMAKE_SYMLINK_INSTALL=1 -DCMAKE_INSTALL_PREFIX=/home/yy/sight/pfa-nav/install/small_gicp_relocalization
[6.882s] Invoking command in '/home/yy/sight/pfa-nav/build/small_gicp_relocalization': CMAKE_PREFIX_PATH=/opt/ros/humble /usr/bin/cmake --build /home/yy/sight/pfa-nav/build/small_gicp_relocalization -- -j20 -l20
[22.590s] [ 25%] [32mBuilding CXX object CMakeFiles/small_gicp_relocalization.dir/src/small_gicp_relocalization.cpp.o[0m
[22.590s] [ 50%] [32mBuilding CXX object CMakeFiles/small_gicp_relocalization_node.dir/rclcpp_components/node_main_small_gicp_relocalization_node.cpp.o[0m
[22.590s] [ 75%] [32m[1mLinking CXX executable small_gicp_relocalization_node[0m
[22.590s] [ 75%] Built target small_gicp_relocalization_node
[40.875s] [100%] [32m[1mLinking CXX shared library libsmall_gicp_relocalization.so[0m
[41.151s] [100%] Built target small_gicp_relocalization
[41.162s] Invoked command in '/home/yy/sight/pfa-nav/build/small_gicp_relocalization' returned '0': CMAKE_PREFIX_PATH=/opt/ros/humble /usr/bin/cmake --build /home/yy/sight/pfa-nav/build/small_gicp_relocalization -- -j20 -l20
[41.163s] Invoking command in '/home/yy/sight/pfa-nav/build/small_gicp_relocalization': CMAKE_PREFIX_PATH=/opt/ros/humble /usr/bin/cmake --install /home/yy/sight/pfa-nav/build/small_gicp_relocalization
[41.173s] -- Install configuration: "Release"
[41.173s] -- Execute custom install script
[41.174s] -- Symlinking: /home/yy/sight/pfa-nav/install/small_gicp_relocalization/lib/small_gicp_relocalization/small_gicp_relocalization_node
[41.182s] -- Symlinking: /home/yy/sight/pfa-nav/install/small_gicp_relocalization/include/small_gicp_relocalization/small_gicp_relocalization.hpp
[41.190s] -- Symlinking: /home/yy/sight/pfa-nav/install/small_gicp_relocalization/share/small_gicp_relocalization/environment/library_path.sh
[41.197s] -- Symlinking: /home/yy/sight/pfa-nav/install/small_gicp_relocalization/share/small_gicp_relocalization/environment/library_path.dsv
[41.207s] -- Symlinking: /home/yy/sight/pfa-nav/install/small_gicp_relocalization/lib/libsmall_gicp_relocalization.so
[41.215s] -- Symlinking: /home/yy/sight/pfa-nav/install/small_gicp_relocalization/share/small_gicp_relocalization/launch/small_gicp_relocalization_launch.py
[41.224s] -- Symlinking: /home/yy/sight/pfa-nav/install/small_gicp_relocalization/share/ament_index/resource_index/package_run_dependencies/small_gicp_relocalization
[41.229s] -- Symlinking: /home/yy/sight/pfa-nav/install/small_gicp_relocalization/share/ament_index/resource_index/parent_prefix_path/small_gicp_relocalization
[41.238s] -- Symlinking: /home/yy/sight/pfa-nav/install/small_gicp_relocalization/share/small_gicp_relocalization/environment/ament_prefix_path.sh
[41.248s] -- Symlinking: /home/yy/sight/pfa-nav/install/small_gicp_relocalization/share/small_gicp_relocalization/environment/ament_prefix_path.dsv
[41.256s] -- Symlinking: /home/yy/sight/pfa-nav/install/small_gicp_relocalization/share/small_gicp_relocalization/environment/path.sh
[41.264s] -- Symlinking: /home/yy/sight/pfa-nav/install/small_gicp_relocalization/share/small_gicp_relocalization/environment/path.dsv
[41.272s] -- Symlinking: /home/yy/sight/pfa-nav/install/small_gicp_relocalization/share/small_gicp_relocalization/local_setup.bash
[41.278s] -- Symlinking: /home/yy/sight/pfa-nav/install/small_gicp_relocalization/share/small_gicp_relocalization/local_setup.sh
[41.284s] -- Symlinking: /home/yy/sight/pfa-nav/install/small_gicp_relocalization/share/small_gicp_relocalization/local_setup.zsh
[41.289s] -- Symlinking: /home/yy/sight/pfa-nav/install/small_gicp_relocalization/share/small_gicp_relocalization/local_setup.dsv
[41.295s] -- Symlinking: /home/yy/sight/pfa-nav/install/small_gicp_relocalization/share/small_gicp_relocalization/package.dsv
[41.303s] -- Symlinking: /home/yy/sight/pfa-nav/install/small_gicp_relocalization/share/ament_index/resource_index/packages/small_gicp_relocalization
[41.308s] -- Symlinking: /home/yy/sight/pfa-nav/install/small_gicp_relocalization/share/ament_index/resource_index/rclcpp_components/small_gicp_relocalization
[41.313s] -- Symlinking: /home/yy/sight/pfa-nav/install/small_gicp_relocalization/share/small_gicp_relocalization/cmake/ament_cmake_export_dependencies-extras.cmake
[41.318s] -- Symlinking: /home/yy/sight/pfa-nav/install/small_gicp_relocalization/share/small_gicp_relocalization/cmake/ament_cmake_export_include_directories-extras.cmake
[41.327s] -- Symlinking: /home/yy/sight/pfa-nav/install/small_gicp_relocalization/share/small_gicp_relocalization/cmake/ament_cmake_export_libraries-extras.cmake
[41.336s] -- Symlinking: /home/yy/sight/pfa-nav/install/small_gicp_relocalization/share/small_gicp_relocalization/cmake/small_gicp_relocalizationConfig.cmake
[41.345s] -- Symlinking: /home/yy/sight/pfa-nav/install/small_gicp_relocalization/share/small_gicp_relocalization/cmake/small_gicp_relocalizationConfig-version.cmake
[41.350s] -- Symlinking: /home/yy/sight/pfa-nav/install/small_gicp_relocalization/share/small_gicp_relocalization/package.xml
[41.360s] Invoked command in '/home/yy/sight/pfa-nav/build/small_gicp_relocalization' returned '0': CMAKE_PREFIX_PATH=/opt/ros/humble /usr/bin/cmake --install /home/yy/sight/pfa-nav/build/small_gicp_relocalization
