[0.007s] Invoking command in '/home/yy/sight/pfa-nav/build/point_lio': AMENT_PREFIX_PATH=/home/yy/sight/pfa-nav/install/livox_ros_driver2:${AMENT_PREFIX_PATH} CMAKE_PREFIX_PATH=/home/yy/sight/pfa-nav/install/livox_ros_driver2:/opt/ros/humble LD_LIBRARY_PATH=/home/yy/sight/pfa-nav/install/livox_ros_driver2/lib:/usr/lib/x86_64-linux-gnu/gazebo-11/plugins:/opt/ros/humble/opt/rviz_ogre_vendor/lib:/opt/ros/humble/lib/x86_64-linux-gnu:/opt/ros/humble/lib:/opt/MVS/lib/64:/opt/MVS/lib/32:/opt/MVS/lib/64:/opt/MVS/lib/32:/opt/MVS/lib/64:/opt/MVS/lib/32 PYTHONPATH=/home/yy/sight/pfa-nav/install/livox_ros_driver2/local/lib/python3.10/dist-packages:${PYTHONPATH} /usr/bin/cmake --build /home/yy/sight/pfa-nav/build/point_lio -- -j20 -l20
[0.028s] -- Processor number:  20
[0.028s] -- core for MP:  3
[0.028s] -- Found ament_cmake: 1.3.12 (/opt/ros/humble/share/ament_cmake/cmake)
[0.083s] -- Override CMake install command with custom implementation using symlinks instead of copying resources
[0.086s] -- Found rclcpp: 16.0.15 (/opt/ros/humble/share/rclcpp/cmake)
[0.100s] -- Found rosidl_generator_c: 3.1.7 (/opt/ros/humble/share/rosidl_generator_c/cmake)
[0.101s] -- Found rosidl_adapter: 3.1.7 (/opt/ros/humble/share/rosidl_adapter/cmake)
[0.104s] -- Found rosidl_generator_cpp: 3.1.7 (/opt/ros/humble/share/rosidl_generator_cpp/cmake)
[0.108s] -- Using all available rosidl_typesupport_c: rosidl_typesupport_fastrtps_c;rosidl_typesupport_introspection_c
[0.114s] -- Using all available rosidl_typesupport_cpp: rosidl_typesupport_fastrtps_cpp;rosidl_typesupport_introspection_cpp
[0.128s] -- Found rmw_implementation_cmake: 6.1.2 (/opt/ros/humble/share/rmw_implementation_cmake/cmake)
[0.129s] -- Found rmw_fastrtps_cpp: 6.2.9 (/opt/ros/humble/share/rmw_fastrtps_cpp/cmake)
[0.182s] -- Using RMW implementation 'rmw_fastrtps_cpp' as default
[0.205s] -- Found rclpy: 3.3.17 (/opt/ros/humble/share/rclpy/cmake)
[0.205s] -- Found geometry_msgs: 4.9.0 (/opt/ros/humble/share/geometry_msgs/cmake)
[0.210s] -- Found nav_msgs: 4.9.0 (/opt/ros/humble/share/nav_msgs/cmake)
[0.218s] -- Found sensor_msgs: 4.9.0 (/opt/ros/humble/share/sensor_msgs/cmake)
[0.226s] -- Found visualization_msgs: 4.9.0 (/opt/ros/humble/share/visualization_msgs/cmake)
[0.235s] -- Found pcl_ros: 2.4.5 (/opt/ros/humble/share/pcl_ros/cmake)
[0.254s] -- Eigen found (include: /usr/include/eigen3, version: 3.4.0)
[0.270s] -- FLANN found (include: /usr/include, lib: /usr/lib/x86_64-linux-gnu/libflann_cpp.so)
[0.428s] -- OpenNI found (version: 1.5.4.0, include: /usr/include/ni, lib: /usr/lib/libOpenNI.so;libusb::libusb)
[0.432s] -- OpenNI2 found (version: 2.2.0.33, include: /usr/include/openni2, lib: /usr/lib/x86_64-linux-gnu/libOpenNI2.so;libusb::libusb)
[0.513s] -- Eigen found (include: /usr/include/eigen3, version: 3.4.0)
[0.516s] -- OpenNI found (version: 1.5.4.0, include: /usr/include/ni, lib: /usr/lib/libOpenNI.so;libusb::libusb)
[0.521s] -- OpenNI2 found (version: 2.2.0.33, include: /usr/include/openni2, lib: /usr/lib/x86_64-linux-gnu/libOpenNI2.so;libusb::libusb)
[0.599s] -- Found Qhull version 8.0.2
[0.680s] -- OpenNI found (version: 1.5.4.0, include: /usr/include/ni, lib: /usr/lib/libOpenNI.so;libusb::libusb)
[0.766s] -- Found eigen3_cmake_module: 0.1.1 (/opt/ros/humble/share/eigen3_cmake_module/cmake)
[0.766s] -- Ensuring Eigen3 include directory is part of orocos-kdl CMake target
[0.803s] -- Found livox_ros_driver2: 1.1.0 (/home/yy/sight/pfa-nav/install/livox_ros_driver2/share/livox_ros_driver2/cmake)
[0.866s] -- Configuring done
[0.888s] -- Generating done
[0.892s] -- Build files have been written to: /home/yy/sight/pfa-nav/build/point_lio
[0.921s] [35m[1mConsolidate compiler generated dependencies of target pointlio_mapping[0m
[0.957s] [ 14%] [32mBuilding CXX object CMakeFiles/pointlio_mapping.dir/src/laserMapping.cpp.o[0m
[0.958s] [ 28%] [32mBuilding CXX object CMakeFiles/pointlio_mapping.dir/src/li_initialization.cpp.o[0m
[0.958s] [ 42%] [32mBuilding CXX object CMakeFiles/pointlio_mapping.dir/src/Estimator.cpp.o[0m
[0.958s] [ 71%] [32mBuilding CXX object CMakeFiles/pointlio_mapping.dir/src/IMU_Processing.cpp.o[0m
[0.958s] [ 57%] [32mBuilding CXX object CMakeFiles/pointlio_mapping.dir/src/parameters.cpp.o[0m
[0.959s] [ 85%] [32mBuilding CXX object CMakeFiles/pointlio_mapping.dir/src/preprocess.cpp.o[0m
[27.936s] [100%] [32m[1mLinking CXX executable pointlio_mapping[0m
[28.396s] [100%] Built target pointlio_mapping
[28.403s] Invoked command in '/home/yy/sight/pfa-nav/build/point_lio' returned '0': AMENT_PREFIX_PATH=/home/yy/sight/pfa-nav/install/livox_ros_driver2:${AMENT_PREFIX_PATH} CMAKE_PREFIX_PATH=/home/yy/sight/pfa-nav/install/livox_ros_driver2:/opt/ros/humble LD_LIBRARY_PATH=/home/yy/sight/pfa-nav/install/livox_ros_driver2/lib:/usr/lib/x86_64-linux-gnu/gazebo-11/plugins:/opt/ros/humble/opt/rviz_ogre_vendor/lib:/opt/ros/humble/lib/x86_64-linux-gnu:/opt/ros/humble/lib:/opt/MVS/lib/64:/opt/MVS/lib/32:/opt/MVS/lib/64:/opt/MVS/lib/32:/opt/MVS/lib/64:/opt/MVS/lib/32 PYTHONPATH=/home/yy/sight/pfa-nav/install/livox_ros_driver2/local/lib/python3.10/dist-packages:${PYTHONPATH} /usr/bin/cmake --build /home/yy/sight/pfa-nav/build/point_lio -- -j20 -l20
[28.404s] Invoking command in '/home/yy/sight/pfa-nav/build/point_lio': AMENT_PREFIX_PATH=/home/yy/sight/pfa-nav/install/livox_ros_driver2:${AMENT_PREFIX_PATH} CMAKE_PREFIX_PATH=/home/yy/sight/pfa-nav/install/livox_ros_driver2:/opt/ros/humble LD_LIBRARY_PATH=/home/yy/sight/pfa-nav/install/livox_ros_driver2/lib:/usr/lib/x86_64-linux-gnu/gazebo-11/plugins:/opt/ros/humble/opt/rviz_ogre_vendor/lib:/opt/ros/humble/lib/x86_64-linux-gnu:/opt/ros/humble/lib:/opt/MVS/lib/64:/opt/MVS/lib/32:/opt/MVS/lib/64:/opt/MVS/lib/32:/opt/MVS/lib/64:/opt/MVS/lib/32 PYTHONPATH=/home/yy/sight/pfa-nav/install/livox_ros_driver2/local/lib/python3.10/dist-packages:${PYTHONPATH} /usr/bin/cmake --install /home/yy/sight/pfa-nav/build/point_lio
[28.408s] -- Install configuration: "Release"
[28.409s] -- Execute custom install script
[28.409s] -- Up-to-date symlink: /home/yy/sight/pfa-nav/install/point_lio/lib/point_lio/pointlio_mapping
[28.409s] -- Up-to-date symlink: /home/yy/sight/pfa-nav/install/point_lio/share/point_lio/config/avia.yaml
[28.409s] -- Up-to-date symlink: /home/yy/sight/pfa-nav/install/point_lio/share/point_lio/config/horizon.yaml
[28.409s] -- Up-to-date symlink: /home/yy/sight/pfa-nav/install/point_lio/share/point_lio/config/mid360.yaml
[28.409s] -- Up-to-date symlink: /home/yy/sight/pfa-nav/install/point_lio/share/point_lio/config/ouster64.yaml
[28.409s] -- Up-to-date symlink: /home/yy/sight/pfa-nav/install/point_lio/share/point_lio/config/velody16.yaml
[28.409s] -- Up-to-date symlink: /home/yy/sight/pfa-nav/install/point_lio/share/point_lio/launch/point_lio.launch.py
[28.409s] -- Up-to-date symlink: /home/yy/sight/pfa-nav/install/point_lio/share/point_lio/rviz_cfg/.gitignore
[28.409s] -- Up-to-date symlink: /home/yy/sight/pfa-nav/install/point_lio/share/point_lio/rviz_cfg/loam_livox.rviz
[28.409s] -- Up-to-date symlink: /home/yy/sight/pfa-nav/install/point_lio/share/ament_index/resource_index/package_run_dependencies/point_lio
[28.409s] -- Up-to-date symlink: /home/yy/sight/pfa-nav/install/point_lio/share/ament_index/resource_index/parent_prefix_path/point_lio
[28.409s] -- Up-to-date symlink: /home/yy/sight/pfa-nav/install/point_lio/share/point_lio/environment/ament_prefix_path.sh
[28.409s] -- Up-to-date symlink: /home/yy/sight/pfa-nav/install/point_lio/share/point_lio/environment/ament_prefix_path.dsv
[28.409s] -- Up-to-date symlink: /home/yy/sight/pfa-nav/install/point_lio/share/point_lio/environment/path.sh
[28.409s] -- Up-to-date symlink: /home/yy/sight/pfa-nav/install/point_lio/share/point_lio/environment/path.dsv
[28.410s] -- Up-to-date symlink: /home/yy/sight/pfa-nav/install/point_lio/share/point_lio/local_setup.bash
[28.410s] -- Up-to-date symlink: /home/yy/sight/pfa-nav/install/point_lio/share/point_lio/local_setup.sh
[28.410s] -- Up-to-date symlink: /home/yy/sight/pfa-nav/install/point_lio/share/point_lio/local_setup.zsh
[28.410s] -- Up-to-date symlink: /home/yy/sight/pfa-nav/install/point_lio/share/point_lio/local_setup.dsv
[28.410s] -- Symlinking: /home/yy/sight/pfa-nav/install/point_lio/share/point_lio/package.dsv
[28.416s] -- Up-to-date symlink: /home/yy/sight/pfa-nav/install/point_lio/share/ament_index/resource_index/packages/point_lio
[28.416s] -- Up-to-date symlink: /home/yy/sight/pfa-nav/install/point_lio/share/point_lio/cmake/ament_cmake_export_dependencies-extras.cmake
[28.416s] -- Up-to-date symlink: /home/yy/sight/pfa-nav/install/point_lio/share/point_lio/cmake/point_lioConfig.cmake
[28.416s] -- Up-to-date symlink: /home/yy/sight/pfa-nav/install/point_lio/share/point_lio/cmake/point_lioConfig-version.cmake
[28.416s] -- Up-to-date symlink: /home/yy/sight/pfa-nav/install/point_lio/share/point_lio/package.xml
[28.417s] Invoked command in '/home/yy/sight/pfa-nav/build/point_lio' returned '0': AMENT_PREFIX_PATH=/home/yy/sight/pfa-nav/install/livox_ros_driver2:${AMENT_PREFIX_PATH} CMAKE_PREFIX_PATH=/home/yy/sight/pfa-nav/install/livox_ros_driver2:/opt/ros/humble LD_LIBRARY_PATH=/home/yy/sight/pfa-nav/install/livox_ros_driver2/lib:/usr/lib/x86_64-linux-gnu/gazebo-11/plugins:/opt/ros/humble/opt/rviz_ogre_vendor/lib:/opt/ros/humble/lib/x86_64-linux-gnu:/opt/ros/humble/lib:/opt/MVS/lib/64:/opt/MVS/lib/32:/opt/MVS/lib/64:/opt/MVS/lib/32:/opt/MVS/lib/64:/opt/MVS/lib/32 PYTHONPATH=/home/yy/sight/pfa-nav/install/livox_ros_driver2/local/lib/python3.10/dist-packages:${PYTHONPATH} /usr/bin/cmake --install /home/yy/sight/pfa-nav/build/point_lio
