[0.279s] Invoking command in '/home/yy/sight/pfa-nav/build/terrain_analysis': CMAKE_PREFIX_PATH=/opt/ros/humble /usr/bin/cmake /home/yy/sight/pfa-nav/src/pb2025_sentry_nav/terrain_analysis -DCMAKE_BUILD_TYPE=Release -DAMENT_CMAKE_SYMLINK_INSTALL=1 -DCMAKE_INSTALL_PREFIX=/home/yy/sight/pfa-nav/install/terrain_analysis
[0.320s] -- The C compiler identification is GNU 11.4.0
[0.385s] -- The CXX compiler identification is GNU 11.4.0
[0.391s] -- Detecting C compiler ABI info
[0.458s] -- Detecting C compiler ABI info - done
[0.464s] -- Check for working C compiler: /usr/bin/cc - skipped
[0.464s] -- Detecting C compile features
[0.464s] -- Detecting C compile features - done
[0.467s] -- Detecting CXX compiler ABI info
[0.543s] -- Detecting CXX compiler ABI info - done
[0.550s] -- Check for working CXX compiler: /usr/bin/c++ - skipped
[0.550s] -- Detecting CXX compile features
[0.551s] -- Detecting CXX compile features - done
[0.555s] -- Found ament_cmake: 1.3.12 (/opt/ros/humble/share/ament_cmake/cmake)
[0.678s] -- Found Python3: /usr/bin/python3 (found version "3.10.12") found components: Interpreter 
[0.735s] -- Override CMake install command with custom implementation using symlinks instead of copying resources
[0.756s] -- Found rclcpp: 16.0.14 (/opt/ros/humble/share/rclcpp/cmake)
[0.797s] -- Found rosidl_generator_c: 3.1.7 (/opt/ros/humble/share/rosidl_generator_c/cmake)
[0.808s] -- Found rosidl_adapter: 3.1.7 (/opt/ros/humble/share/rosidl_adapter/cmake)
[0.808s] -- Found rosidl_generator_cpp: 3.1.7 (/opt/ros/humble/share/rosidl_generator_cpp/cmake)
[0.819s] -- Using all available rosidl_typesupport_c: rosidl_typesupport_fastrtps_c;rosidl_typesupport_introspection_c
[0.837s] -- Using all available rosidl_typesupport_cpp: rosidl_typesupport_fastrtps_cpp;rosidl_typesupport_introspection_cpp
[0.875s] -- Found rmw_implementation_cmake: 6.1.2 (/opt/ros/humble/share/rmw_implementation_cmake/cmake)
[0.877s] -- Found rmw_fastrtps_cpp: 6.2.8 (/opt/ros/humble/share/rmw_fastrtps_cpp/cmake)
[0.956s] -- Found OpenSSL: /usr/lib/x86_64-linux-gnu/libcrypto.so (found version "3.0.2")  
[0.984s] -- Found FastRTPS: /opt/ros/humble/include  
[1.025s] -- Using RMW implementation 'rmw_fastrtps_cpp' as default
[1.035s] -- Looking for pthread.h
[1.105s] -- Looking for pthread.h - found
[1.108s] -- Performing Test CMAKE_HAVE_LIBC_PTHREAD
[1.192s] -- Performing Test CMAKE_HAVE_LIBC_PTHREAD - Success
[1.192s] -- Found Threads: TRUE  
[1.247s] -- Found nav_msgs: 4.9.0 (/opt/ros/humble/share/nav_msgs/cmake)
[1.287s] -- Found sensor_msgs: 4.9.0 (/opt/ros/humble/share/sensor_msgs/cmake)
[1.320s] -- Found tf2_ros: 0.25.16 (/opt/ros/humble/share/tf2_ros/cmake)
[1.416s] -- Found tf2_geometry_msgs: 0.25.16 (/opt/ros/humble/share/tf2_geometry_msgs/cmake)
[1.429s] -- Found eigen3_cmake_module: 0.1.1 (/opt/ros/humble/share/eigen3_cmake_module/cmake)
[1.429s] -- Found Eigen3: TRUE (found version "3.4.0") 
[1.429s] -- Ensuring Eigen3 include directory is part of orocos-kdl CMake target
[1.431s] -- Found pcl_conversions: 2.4.5 (/opt/ros/humble/share/pcl_conversions/cmake)
[1.461s] -- Checking for module 'eigen3'
[1.477s] --   Found eigen3, version 3.4.0
[1.516s] -- Found Eigen: /usr/include/eigen3 (Required is at least version "3.1") 
[1.516s] -- Eigen found (include: /usr/include/eigen3, version: 3.4.0)
[1.556s] -- Checking for module 'flann'
[1.574s] --   Found flann, version 1.9.1
[1.626s] -- Found FLANN: /usr/lib/x86_64-linux-gnu/libflann_cpp.so  
[1.626s] -- FLANN found (include: /usr/include, lib: /usr/lib/x86_64-linux-gnu/libflann_cpp.so)
[3.247s] -- Checking for module 'libusb-1.0'
[3.271s] --   Found libusb-1.0, version 1.0.25
[3.357s] -- Found libusb: /usr/lib/x86_64-linux-gnu/libusb-1.0.so  
[3.359s] -- OpenNI found (version: 1.5.4.0, include: /usr/include/ni, lib: /usr/lib/libOpenNI.so;libusb::libusb)
[3.497s] -- OpenNI2 found (version: 2.2.0.33, include: /usr/include/openni2, lib: /usr/lib/x86_64-linux-gnu/libOpenNI2.so;libusb::libusb)
[3.959s] -- Eigen found (include: /usr/include/eigen3, version: 3.4.0)
[3.975s] -- OpenNI found (version: 1.5.4.0, include: /usr/include/ni, lib: /usr/lib/libOpenNI.so;libusb::libusb)
[3.988s] -- OpenNI2 found (version: 2.2.0.33, include: /usr/include/openni2, lib: /usr/lib/x86_64-linux-gnu/libOpenNI2.so;libusb::libusb)
[4.303s] -- Found Qhull version 8.0.2
[4.642s] -- OpenNI found (version: 1.5.4.0, include: /usr/include/ni, lib: /usr/lib/libOpenNI.so;libusb::libusb)
[5.083s] -- Found PCL_COMMON: /usr/lib/x86_64-linux-gnu/libpcl_common.so  
[5.083s] -- Found PCL_KDTREE: /usr/lib/x86_64-linux-gnu/libpcl_kdtree.so  
[5.084s] -- Found PCL_OCTREE: /usr/lib/x86_64-linux-gnu/libpcl_octree.so  
[5.084s] -- Found PCL_SEARCH: /usr/lib/x86_64-linux-gnu/libpcl_search.so  
[5.084s] -- Found PCL_SAMPLE_CONSENSUS: /usr/lib/x86_64-linux-gnu/libpcl_sample_consensus.so  
[5.088s] -- Found PCL_FILTERS: /usr/lib/x86_64-linux-gnu/libpcl_filters.so  
[5.089s] -- Found PCL_2D: /usr/include/pcl-1.12  
[5.089s] -- Found PCL_GEOMETRY: /usr/include/pcl-1.12  
[5.095s] -- Found PCL_IO: /usr/lib/x86_64-linux-gnu/libpcl_io.so  
[5.095s] -- Found PCL_FEATURES: /usr/lib/x86_64-linux-gnu/libpcl_features.so  
[5.097s] -- Found PCL_ML: /usr/lib/x86_64-linux-gnu/libpcl_ml.so  
[5.108s] -- Found PCL_SEGMENTATION: /usr/lib/x86_64-linux-gnu/libpcl_segmentation.so  
[5.112s] -- Found PCL_VISUALIZATION: /usr/lib/x86_64-linux-gnu/libpcl_visualization.so  
[5.119s] -- Found PCL_SURFACE: /usr/lib/x86_64-linux-gnu/libpcl_surface.so  
[5.119s] -- Found PCL_REGISTRATION: /usr/lib/x86_64-linux-gnu/libpcl_registration.so  
[5.119s] -- Found PCL_KEYPOINTS: /usr/lib/x86_64-linux-gnu/libpcl_keypoints.so  
[5.119s] -- Found PCL_TRACKING: /usr/lib/x86_64-linux-gnu/libpcl_tracking.so  
[5.126s] -- Found PCL_RECOGNITION: /usr/lib/x86_64-linux-gnu/libpcl_recognition.so  
[5.129s] -- Found PCL_STEREO: /usr/lib/x86_64-linux-gnu/libpcl_stereo.so  
[5.129s] -- Found PCL_APPS: /usr/lib/x86_64-linux-gnu/libpcl_apps.so  
[5.141s] -- Found PCL_IN_HAND_SCANNER: /usr/include/pcl-1.12  
[5.141s] -- Found PCL_MODELER: /usr/include/pcl-1.12  
[5.141s] -- Found PCL_POINT_CLOUD_EDITOR: /usr/include/pcl-1.12  
[5.141s] -- Found PCL_OUTOFCORE: /usr/lib/x86_64-linux-gnu/libpcl_outofcore.so  
[5.151s] -- Found PCL_PEOPLE: /usr/lib/x86_64-linux-gnu/libpcl_people.so  
[5.152s] -- Found pcl_ros: 2.4.5 (/opt/ros/humble/share/pcl_ros/cmake)
[5.223s] -- Found ament_lint_auto: 0.12.14 (/opt/ros/humble/share/ament_lint_auto/cmake)
[5.480s] -- Added test 'copyright' to check source files copyright and LICENSE
[5.481s] -- Added test 'cppcheck' to perform static code analysis on C / C++ code
[5.481s] -- Configured cppcheck include dirs: 
[5.481s] -- Configured cppcheck exclude dirs and/or files: 
[5.481s] -- Added test 'cpplint' to check C / C++ code against the Google style
[5.482s] -- Configured cpplint exclude dirs and/or files: 
[5.482s] -- Added test 'lint_cmake' to check CMake code style
[5.483s] -- Added test 'uncrustify' to check C / C++ code style
[5.483s] -- Configured uncrustify additional arguments: 
[5.483s] -- Added test 'xmllint' to check XML markup files
[5.485s] -- Configuring done
[5.530s] -- Generating done
[5.549s] -- Build files have been written to: /home/yy/sight/pfa-nav/build/terrain_analysis
[5.631s] Invoked command in '/home/yy/sight/pfa-nav/build/terrain_analysis' returned '0': CMAKE_PREFIX_PATH=/opt/ros/humble /usr/bin/cmake /home/yy/sight/pfa-nav/src/pb2025_sentry_nav/terrain_analysis -DCMAKE_BUILD_TYPE=Release -DAMENT_CMAKE_SYMLINK_INSTALL=1 -DCMAKE_INSTALL_PREFIX=/home/yy/sight/pfa-nav/install/terrain_analysis
[5.631s] Invoking command in '/home/yy/sight/pfa-nav/build/terrain_analysis': CMAKE_PREFIX_PATH=/opt/ros/humble /usr/bin/cmake --build /home/yy/sight/pfa-nav/build/terrain_analysis -- -j20 -l20
[7.587s] [ 50%] [32mBuilding CXX object CMakeFiles/terrainAnalysis.dir/src/terrainAnalysis.cpp.o[0m
[37.603s] [100%] [32m[1mLinking CXX executable terrainAnalysis[0m
[38.115s] [100%] Built target terrainAnalysis
[38.138s] Invoked command in '/home/yy/sight/pfa-nav/build/terrain_analysis' returned '0': CMAKE_PREFIX_PATH=/opt/ros/humble /usr/bin/cmake --build /home/yy/sight/pfa-nav/build/terrain_analysis -- -j20 -l20
[38.140s] Invoking command in '/home/yy/sight/pfa-nav/build/terrain_analysis': CMAKE_PREFIX_PATH=/opt/ros/humble /usr/bin/cmake --install /home/yy/sight/pfa-nav/build/terrain_analysis
[38.147s] -- Install configuration: "Release"
[38.148s] -- Execute custom install script
[38.148s] -- Symlinking: /home/yy/sight/pfa-nav/install/terrain_analysis/lib/terrain_analysis/terrainAnalysis
[38.154s] -- Symlinking: /home/yy/sight/pfa-nav/install/terrain_analysis/share/terrain_analysis/launch/terrain_analysis.launch
[38.162s] -- Symlinking: /home/yy/sight/pfa-nav/install/terrain_analysis/share/ament_index/resource_index/package_run_dependencies/terrain_analysis
[38.174s] -- Symlinking: /home/yy/sight/pfa-nav/install/terrain_analysis/share/ament_index/resource_index/parent_prefix_path/terrain_analysis
[38.183s] -- Symlinking: /home/yy/sight/pfa-nav/install/terrain_analysis/share/terrain_analysis/environment/ament_prefix_path.sh
[38.191s] -- Symlinking: /home/yy/sight/pfa-nav/install/terrain_analysis/share/terrain_analysis/environment/ament_prefix_path.dsv
[38.197s] -- Symlinking: /home/yy/sight/pfa-nav/install/terrain_analysis/share/terrain_analysis/environment/path.sh
[38.205s] -- Symlinking: /home/yy/sight/pfa-nav/install/terrain_analysis/share/terrain_analysis/environment/path.dsv
[38.214s] -- Symlinking: /home/yy/sight/pfa-nav/install/terrain_analysis/share/terrain_analysis/local_setup.bash
[38.222s] -- Symlinking: /home/yy/sight/pfa-nav/install/terrain_analysis/share/terrain_analysis/local_setup.sh
[38.230s] -- Symlinking: /home/yy/sight/pfa-nav/install/terrain_analysis/share/terrain_analysis/local_setup.zsh
[38.239s] -- Symlinking: /home/yy/sight/pfa-nav/install/terrain_analysis/share/terrain_analysis/local_setup.dsv
[38.245s] -- Symlinking: /home/yy/sight/pfa-nav/install/terrain_analysis/share/terrain_analysis/package.dsv
[38.253s] -- Symlinking: /home/yy/sight/pfa-nav/install/terrain_analysis/share/ament_index/resource_index/packages/terrain_analysis
[38.262s] -- Symlinking: /home/yy/sight/pfa-nav/install/terrain_analysis/share/terrain_analysis/cmake/terrain_analysisConfig.cmake
[38.268s] -- Symlinking: /home/yy/sight/pfa-nav/install/terrain_analysis/share/terrain_analysis/cmake/terrain_analysisConfig-version.cmake
[38.276s] -- Symlinking: /home/yy/sight/pfa-nav/install/terrain_analysis/share/terrain_analysis/package.xml
[38.285s] Invoked command in '/home/yy/sight/pfa-nav/build/terrain_analysis' returned '0': CMAKE_PREFIX_PATH=/opt/ros/humble /usr/bin/cmake --install /home/yy/sight/pfa-nav/build/terrain_analysis
