[0.029s] Invoking command in '/home/yy/sight/pfa-nav/build/livox_ros_driver2': CMAKE_PREFIX_PATH=/opt/ros/humble /usr/bin/cmake /home/yy/sight/pfa-nav/src/pb2025_sentry_nav/livox_ros_driver2 -DCMAKE_BUILD_TYPE=Release -DAMENT_CMAKE_SYMLINK_INSTALL=1 -DCMAKE_INSTALL_PREFIX=/home/yy/sight/pfa-nav/install/livox_ros_driver2
[0.326s] -- The C compiler identification is GNU 11.4.0
[0.326s] -- The CXX compiler identification is GNU 11.4.0
[0.326s] -- Detecting C compiler ABI info
[0.326s] -- Detecting C compiler ABI info - done
[0.327s] -- Check for working C compiler: /usr/bin/cc - skipped
[0.327s] -- Detecting C compile features
[0.327s] -- Detecting C compile features - done
[0.327s] -- Detecting CXX compiler ABI info
[0.327s] -- Detecting CXX compiler ABI info - done
[0.327s] -- Check for working CXX compiler: /usr/bin/c++ - skipped
[0.327s] -- Detecting CXX compile features
[0.327s] -- Detecting CXX compile features - done
[0.328s] -- livox_ros_driver2 version: 1.2.4
[0.328s] -- Found ament_cmake_auto: 1.3.12 (/opt/ros/humble/share/ament_cmake_auto/cmake)
[0.461s] -- Found Python3: /usr/bin/python3 (found version "3.10.12") found components: Interpreter 
[0.532s] -- Override CMake install command with custom implementation using symlinks instead of copying resources
[0.643s] -- Using all available rosidl_typesupport_c: rosidl_typesupport_fastrtps_c;rosidl_typesupport_introspection_c
[0.653s] -- Found rosidl_adapter: 3.1.7 (/opt/ros/humble/share/rosidl_adapter/cmake)
[0.705s] -- Using all available rosidl_typesupport_cpp: rosidl_typesupport_fastrtps_cpp;rosidl_typesupport_introspection_cpp
[0.809s] -- Found rmw_implementation_cmake: 6.1.2 (/opt/ros/humble/share/rmw_implementation_cmake/cmake)
[0.811s] -- Found rmw_fastrtps_cpp: 6.2.8 (/opt/ros/humble/share/rmw_fastrtps_cpp/cmake)
[0.915s] -- Found OpenSSL: /usr/lib/x86_64-linux-gnu/libcrypto.so (found version "3.0.2")  
[0.943s] -- Found FastRTPS: /opt/ros/humble/include  
[0.975s] -- Using RMW implementation 'rmw_fastrtps_cpp' as default
[0.984s] -- Looking for pthread.h
[1.054s] -- Looking for pthread.h - found
[1.056s] -- Performing Test CMAKE_HAVE_LIBC_PTHREAD
[1.122s] -- Performing Test CMAKE_HAVE_LIBC_PTHREAD - Success
[1.122s] -- Found Threads: TRUE  
[1.312s] -- Checking for module 'eigen3'
[1.324s] --   Found eigen3, version 3.4.0
[1.349s] -- Found Eigen: /usr/include/eigen3 (Required is at least version "3.1") 
[1.349s] -- Eigen found (include: /usr/include/eigen3, version: 3.4.0)
[1.386s] -- Checking for module 'flann'
[1.395s] --   Found flann, version 1.9.1
[1.432s] -- Found FLANN: /usr/lib/x86_64-linux-gnu/libflann_cpp.so  
[1.432s] -- FLANN found (include: /usr/include, lib: /usr/lib/x86_64-linux-gnu/libflann_cpp.so)
[3.164s] -- Checking for module 'libusb-1.0'
[3.203s] --   Found libusb-1.0, version 1.0.25
[3.306s] -- Found libusb: /usr/lib/x86_64-linux-gnu/libusb-1.0.so  
[3.313s] -- OpenNI found (version: 1.5.4.0, include: /usr/include/ni, lib: /usr/lib/libOpenNI.so;libusb::libusb)
[3.446s] -- OpenNI2 found (version: 2.2.0.33, include: /usr/include/openni2, lib: /usr/lib/x86_64-linux-gnu/libOpenNI2.so;libusb::libusb)
[3.639s] -- Eigen found (include: /usr/include/eigen3, version: 3.4.0)
[3.650s] -- OpenNI found (version: 1.5.4.0, include: /usr/include/ni, lib: /usr/lib/libOpenNI.so;libusb::libusb)
[3.667s] -- OpenNI2 found (version: 2.2.0.33, include: /usr/include/openni2, lib: /usr/lib/x86_64-linux-gnu/libOpenNI2.so;libusb::libusb)
[4.148s] -- Found Qhull version 8.0.2
[4.623s] -- OpenNI found (version: 1.5.4.0, include: /usr/include/ni, lib: /usr/lib/libOpenNI.so;libusb::libusb)
[5.165s] -- Found PCL_COMMON: /usr/lib/x86_64-linux-gnu/libpcl_common.so  
[5.165s] -- Found PCL_KDTREE: /usr/lib/x86_64-linux-gnu/libpcl_kdtree.so  
[5.165s] -- Found PCL_OCTREE: /usr/lib/x86_64-linux-gnu/libpcl_octree.so  
[5.165s] -- Found PCL_SEARCH: /usr/lib/x86_64-linux-gnu/libpcl_search.so  
[5.178s] -- Found PCL_SAMPLE_CONSENSUS: /usr/lib/x86_64-linux-gnu/libpcl_sample_consensus.so  
[5.179s] -- Found PCL_FILTERS: /usr/lib/x86_64-linux-gnu/libpcl_filters.so  
[5.180s] -- Found PCL_2D: /usr/include/pcl-1.12  
[5.180s] -- Found PCL_GEOMETRY: /usr/include/pcl-1.12  
[5.190s] -- Found PCL_IO: /usr/lib/x86_64-linux-gnu/libpcl_io.so  
[5.192s] -- Found PCL_FEATURES: /usr/lib/x86_64-linux-gnu/libpcl_features.so  
[5.193s] -- Found PCL_ML: /usr/lib/x86_64-linux-gnu/libpcl_ml.so  
[5.204s] -- Found PCL_SEGMENTATION: /usr/lib/x86_64-linux-gnu/libpcl_segmentation.so  
[5.205s] -- Found PCL_VISUALIZATION: /usr/lib/x86_64-linux-gnu/libpcl_visualization.so  
[5.206s] -- Found PCL_SURFACE: /usr/lib/x86_64-linux-gnu/libpcl_surface.so  
[5.212s] -- Found PCL_REGISTRATION: /usr/lib/x86_64-linux-gnu/libpcl_registration.so  
[5.214s] -- Found PCL_KEYPOINTS: /usr/lib/x86_64-linux-gnu/libpcl_keypoints.so  
[5.223s] -- Found PCL_TRACKING: /usr/lib/x86_64-linux-gnu/libpcl_tracking.so  
[5.226s] -- Found PCL_RECOGNITION: /usr/lib/x86_64-linux-gnu/libpcl_recognition.so  
[5.229s] -- Found PCL_STEREO: /usr/lib/x86_64-linux-gnu/libpcl_stereo.so  
[5.231s] -- Found PCL_APPS: /usr/lib/x86_64-linux-gnu/libpcl_apps.so  
[5.237s] -- Found PCL_IN_HAND_SCANNER: /usr/include/pcl-1.12  
[5.239s] -- Found PCL_MODELER: /usr/include/pcl-1.12  
[5.243s] -- Found PCL_POINT_CLOUD_EDITOR: /usr/include/pcl-1.12  
[5.249s] -- Found PCL_OUTOFCORE: /usr/lib/x86_64-linux-gnu/libpcl_outofcore.so  
[5.252s] -- Found PCL_PEOPLE: /usr/lib/x86_64-linux-gnu/libpcl_people.so  
[5.382s] -- Found PkgConfig: /usr/bin/pkg-config (found version "0.29.2") 
[5.832s] -- Found ament_cmake_ros: 0.10.0 (/opt/ros/humble/share/ament_cmake_ros/cmake)
[6.306s] -- Using all available rosidl_typesupport_c: rosidl_typesupport_fastrtps_c;rosidl_typesupport_introspection_c
[6.899s] -- Using all available rosidl_typesupport_cpp: rosidl_typesupport_fastrtps_cpp;rosidl_typesupport_introspection_cpp
[6.957s] -- Found PythonInterp: /usr/bin/python3 (found suitable version "3.10.12", minimum required is "3.6") 
[6.965s] -- Found python_cmake_module: 0.10.0 (/opt/ros/humble/share/python_cmake_module/cmake)
[7.034s] -- Found PythonLibs: /usr/lib/x86_64-linux-gnu/libpython3.10.so (found suitable version "3.10.12", minimum required is "3.5") 
[7.034s] -- Using PYTHON_EXECUTABLE: /usr/bin/python3
[7.034s] -- Using PYTHON_INCLUDE_DIRS: /usr/include/python3.10
[7.034s] -- Using PYTHON_LIBRARIES: /usr/lib/x86_64-linux-gnu/libpython3.10.so
[7.083s] -- Found PythonExtra: .so  
[7.211s] -- Found ament_lint_auto: 0.12.14 (/opt/ros/humble/share/ament_lint_auto/cmake)
[7.256s] -- Added test 'copyright' to check source files copyright and LICENSE
[7.269s] -- Added test 'cppcheck' to perform static code analysis on C / C++ code
[7.271s] -- Configured cppcheck include dirs: /home/yy/sight/pfa-nav/src/pb2025_sentry_nav/livox_ros_driver2/Livox-SDK2/include;/home/yy/sight/pfa-nav/src/pb2025_sentry_nav/livox_ros_driver2/3rdparty;/home/yy/sight/pfa-nav/src/pb2025_sentry_nav/livox_ros_driver2/src
[7.274s] -- Configured cppcheck exclude dirs and/or files: 
[7.280s] -- Added test 'cpplint' to check C / C++ code against the Google style
[7.280s] -- Configured cpplint exclude dirs and/or files: 
[7.286s] -- Added test 'flake8' to check Python code syntax and style conventions
[7.287s] -- Added test 'lint_cmake' to check CMake code style
[7.289s] -- Added test 'pep257' to check Python code against some of the docstring style conventions in PEP 257
[7.297s] -- Added test 'uncrustify' to check C / C++ code style
[7.297s] -- Configured uncrustify additional arguments: 
[7.302s] -- Added test 'xmllint' to check XML markup files
[7.307s] -- Configuring done
[7.467s] -- Generating done
[7.520s] -- Build files have been written to: /home/yy/sight/pfa-nav/build/livox_ros_driver2
[7.603s] Invoked command in '/home/yy/sight/pfa-nav/build/livox_ros_driver2' returned '0': CMAKE_PREFIX_PATH=/opt/ros/humble /usr/bin/cmake /home/yy/sight/pfa-nav/src/pb2025_sentry_nav/livox_ros_driver2 -DCMAKE_BUILD_TYPE=Release -DAMENT_CMAKE_SYMLINK_INSTALL=1 -DCMAKE_INSTALL_PREFIX=/home/yy/sight/pfa-nav/install/livox_ros_driver2
[7.604s] Invoking command in '/home/yy/sight/pfa-nav/build/livox_ros_driver2': CMAKE_PREFIX_PATH=/opt/ros/humble /usr/bin/cmake --build /home/yy/sight/pfa-nav/build/livox_ros_driver2 -- -j20 -l20
[25.205s] [  1%] [34m[1mGenerating C code for ROS interfaces[0m
[25.205s] [  3%] [34m[1mGenerating C++ code for ROS interfaces[0m
[25.206s] [  5%] [32mBuilding CXX object CMakeFiles/livox_ros_driver2_node.dir/rclcpp_components/node_main_livox_ros_driver2_node.cpp.o[0m
[25.206s] [  5%] Built target ament_cmake_python_symlink_livox_ros_driver2
[25.206s] running egg_info
[25.206s] creating livox_ros_driver2.egg-info
[25.206s] writing livox_ros_driver2.egg-info/PKG-INFO
[25.206s] writing dependency_links to livox_ros_driver2.egg-info/dependency_links.txt
[25.206s] writing top-level names to livox_ros_driver2.egg-info/top_level.txt
[25.206s] writing manifest file 'livox_ros_driver2.egg-info/SOURCES.txt'
[25.206s] reading manifest file 'livox_ros_driver2.egg-info/SOURCES.txt'
[25.206s] writing manifest file 'livox_ros_driver2.egg-info/SOURCES.txt'
[25.206s] [  5%] Built target ament_cmake_python_build_livox_ros_driver2_egg
[25.206s] [  5%] Built target livox_interfaces2__cpp
[25.206s] [  7%] [34m[1mGenerating C++ type support dispatch for ROS interfaces[0m
[25.206s] [  8%] [34m[1mGenerating C++ type support for eProsima Fast-RTPS[0m
[25.206s] [ 10%] [34m[1mGenerating C++ introspection for ROS interfaces[0m
[25.206s] [ 12%] [32mBuilding C object CMakeFiles/livox_interfaces2__rosidl_generator_c.dir/rosidl_generator_c/livox_ros_driver2/msg/detail/custom_point__functions.c.o[0m
[25.206s] [ 14%] [32mBuilding C object CMakeFiles/livox_interfaces2__rosidl_generator_c.dir/rosidl_generator_c/livox_ros_driver2/msg/detail/custom_msg__functions.c.o[0m
[25.207s] [ 15%] [32m[1mLinking C shared library liblivox_ros_driver2__rosidl_generator_c.so[0m
[25.207s] [ 15%] Built target livox_interfaces2__rosidl_generator_c
[25.207s] [ 17%] [34m[1mGenerating C type support dispatch for ROS interfaces[0m
[25.207s] [ 19%] [34m[1mGenerating C introspection for ROS interfaces[0m
[25.207s] [ 21%] [34m[1mGenerating C type support for eProsima Fast-RTPS[0m
[25.207s] [ 24%] [32mBuilding CXX object CMakeFiles/livox_interfaces2__rosidl_typesupport_introspection_cpp.dir/rosidl_typesupport_introspection_cpp/livox_ros_driver2/msg/detail/custom_msg__type_support.cpp.o[0m
[25.207s] [ 24%] [32mBuilding CXX object CMakeFiles/livox_interfaces2__rosidl_typesupport_introspection_cpp.dir/rosidl_typesupport_introspection_cpp/livox_ros_driver2/msg/detail/custom_point__type_support.cpp.o[0m
[25.207s] [ 26%] [32mBuilding CXX object CMakeFiles/livox_interfaces2__rosidl_typesupport_cpp.dir/rosidl_typesupport_cpp/livox_ros_driver2/msg/custom_point__type_support.cpp.o[0m
[25.207s] [ 28%] [32mBuilding CXX object CMakeFiles/livox_interfaces2__rosidl_typesupport_cpp.dir/rosidl_typesupport_cpp/livox_ros_driver2/msg/custom_msg__type_support.cpp.o[0m
[25.207s] [ 29%] [32mBuilding CXX object CMakeFiles/livox_interfaces2__rosidl_typesupport_fastrtps_cpp.dir/rosidl_typesupport_fastrtps_cpp/livox_ros_driver2/msg/detail/dds_fastrtps/custom_point__type_support.cpp.o[0m
[25.207s] [ 31%] [32mBuilding CXX object CMakeFiles/livox_interfaces2__rosidl_typesupport_fastrtps_cpp.dir/rosidl_typesupport_fastrtps_cpp/livox_ros_driver2/msg/detail/dds_fastrtps/custom_msg__type_support.cpp.o[0m
[25.207s] [ 33%] [32mBuilding CXX object CMakeFiles/livox_interfaces2__rosidl_typesupport_c.dir/rosidl_typesupport_c/livox_ros_driver2/msg/custom_point__type_support.cpp.o[0m
[25.207s] [ 35%] [32m[1mLinking CXX shared library liblivox_ros_driver2__rosidl_typesupport_cpp.so[0m
[25.207s] [ 36%] [32mBuilding CXX object CMakeFiles/livox_interfaces2__rosidl_typesupport_c.dir/rosidl_typesupport_c/livox_ros_driver2/msg/custom_msg__type_support.cpp.o[0m
[25.209s] [ 38%] [32mBuilding C object CMakeFiles/livox_interfaces2__rosidl_typesupport_introspection_c.dir/rosidl_typesupport_introspection_c/livox_ros_driver2/msg/detail/custom_point__type_support.c.o[0m
[25.209s] [ 40%] [32m[1mLinking CXX shared library liblivox_ros_driver2__rosidl_typesupport_c.so[0m
[25.209s] [ 40%] Built target livox_interfaces2__rosidl_typesupport_cpp
[25.209s] [ 42%] [32mBuilding C object CMakeFiles/livox_interfaces2__rosidl_typesupport_introspection_c.dir/rosidl_typesupport_introspection_c/livox_ros_driver2/msg/detail/custom_msg__type_support.c.o[0m
[25.209s] [ 43%] [32mBuilding CXX object CMakeFiles/livox_interfaces2__rosidl_typesupport_fastrtps_c.dir/rosidl_typesupport_fastrtps_c/livox_ros_driver2/msg/detail/custom_point__type_support_c.cpp.o[0m
[25.209s] [ 43%] Built target livox_interfaces2__rosidl_typesupport_c
[25.209s] [ 45%] [32m[1mLinking C shared library liblivox_ros_driver2__rosidl_typesupport_introspection_c.so[0m
[25.209s] [ 45%] Built target livox_interfaces2__rosidl_typesupport_introspection_c
[25.209s] [ 47%] [32m[1mLinking CXX shared library liblivox_ros_driver2__rosidl_typesupport_introspection_cpp.so[0m
[25.209s] [ 47%] Built target livox_interfaces2__rosidl_typesupport_introspection_cpp
[25.209s] [ 49%] [32m[1mLinking CXX shared library liblivox_ros_driver2__rosidl_typesupport_fastrtps_cpp.so[0m
[25.210s] [ 49%] Built target livox_interfaces2__rosidl_typesupport_fastrtps_cpp
[25.210s] [ 50%] [32mBuilding CXX object CMakeFiles/livox_interfaces2__rosidl_typesupport_fastrtps_c.dir/rosidl_typesupport_fastrtps_c/livox_ros_driver2/msg/detail/custom_msg__type_support_c.cpp.o[0m
[25.210s] [ 52%] [32m[1mLinking CXX shared library liblivox_ros_driver2__rosidl_typesupport_fastrtps_c.so[0m
[25.210s] [ 52%] Built target livox_interfaces2__rosidl_typesupport_fastrtps_c
[25.210s] [ 54%] [32m[1mLinking CXX executable livox_ros_driver2_node[0m
[25.210s] [ 54%] Built target livox_ros_driver2_node
[25.210s] [ 54%] Built target livox_interfaces2
[25.210s] [ 56%] [32mBuilding CXX object CMakeFiles/livox_ros_driver2.dir/src/livox_ros_driver2.cpp.o[0m
[25.210s] [ 57%] [32mBuilding CXX object CMakeFiles/livox_ros_driver2.dir/src/call_back/livox_lidar_callback.cpp.o[0m
[25.210s] [ 59%] [32mBuilding CXX object CMakeFiles/livox_ros_driver2.dir/src/call_back/lidar_common_callback.cpp.o[0m
[25.210s] [ 61%] [32mBuilding CXX object CMakeFiles/livox_ros_driver2.dir/src/parse_cfg_file/parse_livox_lidar_cfg.cpp.o[0m
[25.779s] [ 63%] [32mBuilding CXX object CMakeFiles/livox_ros_driver2.dir/src/parse_cfg_file/parse_cfg_file.cpp.o[0m
[26.971s] [ 64%] [32mBuilding CXX object CMakeFiles/livox_ros_driver2.dir/src/comm/pub_handler.cpp.o[0m
[28.373s] [ 66%] [32mBuilding CXX object CMakeFiles/livox_ros_driver2.dir/src/comm/cache_index.cpp.o[0m
[29.155s] [ 68%] [32mBuilding CXX object CMakeFiles/livox_ros_driver2.dir/src/comm/lidar_imu_data_queue.cpp.o[0m
[29.492s] [ 70%] [32mBuilding CXX object CMakeFiles/livox_ros_driver2.dir/src/comm/semaphore.cpp.o[0m
[29.794s] [ 71%] [32mBuilding CXX object CMakeFiles/livox_ros_driver2.dir/src/comm/ldq.cpp.o[0m
[30.412s] [ 73%] [32mBuilding CXX object CMakeFiles/livox_ros_driver2.dir/src/comm/comm.cpp.o[0m
[30.964s] [ 75%] [32mBuilding CXX object CMakeFiles/livox_ros_driver2.dir/src/lds_lidar.cpp.o[0m
[31.905s] [ 77%] [32mBuilding CXX object CMakeFiles/livox_ros_driver2.dir/src/lds.cpp.o[0m
[32.355s] [ 78%] [32mBuilding CXX object CMakeFiles/livox_ros_driver2.dir/src/driver_node.cpp.o[0m
[36.420s] [ 80%] [32mBuilding CXX object CMakeFiles/livox_ros_driver2.dir/src/lddc.cpp.o[0m
[41.976s] [ 82%] [32m[1mLinking CXX shared library liblivox_ros_driver2.so[0m
[42.272s] [ 82%] Built target livox_ros_driver2
[42.291s] [ 84%] [34m[1mGenerating Python code for ROS interfaces[0m
[42.681s] [ 84%] Built target livox_interfaces2__py
[42.696s] [ 85%] [32mBuilding C object CMakeFiles/livox_interfaces2__rosidl_generator_py.dir/rosidl_generator_py/livox_ros_driver2/msg/_custom_point_s.c.o[0m
[42.783s] [ 87%] [32mBuilding C object CMakeFiles/livox_interfaces2__rosidl_generator_py.dir/rosidl_generator_py/livox_ros_driver2/msg/_custom_msg_s.c.o[0m
[42.883s] [ 89%] [32m[1mLinking C shared library rosidl_generator_py/livox_ros_driver2/liblivox_interfaces2__rosidl_generator_py.so[0m
[42.916s] [ 89%] Built target livox_interfaces2__rosidl_generator_py
[42.931s] [ 91%] [32mBuilding C object CMakeFiles/livox_ros_driver2__rosidl_typesupport_fastrtps_c__pyext.dir/rosidl_generator_py/livox_ros_driver2/_livox_ros_driver2_s.ep.rosidl_typesupport_fastrtps_c.c.o[0m
[43.000s] [ 92%] [32m[1mLinking C shared library rosidl_generator_py/livox_ros_driver2/livox_ros_driver2_s__rosidl_typesupport_fastrtps_c.cpython-310-x86_64-linux-gnu.so[0m
[43.026s] [ 92%] Built target livox_ros_driver2__rosidl_typesupport_fastrtps_c__pyext
[43.047s] [ 94%] [32mBuilding C object CMakeFiles/livox_ros_driver2__rosidl_typesupport_c__pyext.dir/rosidl_generator_py/livox_ros_driver2/_livox_ros_driver2_s.ep.rosidl_typesupport_c.c.o[0m
[43.117s] [ 96%] [32m[1mLinking C shared library rosidl_generator_py/livox_ros_driver2/livox_ros_driver2_s__rosidl_typesupport_c.cpython-310-x86_64-linux-gnu.so[0m
[43.147s] [ 96%] Built target livox_ros_driver2__rosidl_typesupport_c__pyext
[43.168s] [ 98%] [32mBuilding C object CMakeFiles/livox_ros_driver2__rosidl_typesupport_introspection_c__pyext.dir/rosidl_generator_py/livox_ros_driver2/_livox_ros_driver2_s.ep.rosidl_typesupport_introspection_c.c.o[0m
[43.241s] [100%] [32m[1mLinking C shared library rosidl_generator_py/livox_ros_driver2/livox_ros_driver2_s__rosidl_typesupport_introspection_c.cpython-310-x86_64-linux-gnu.so[0m
[43.275s] [100%] Built target livox_ros_driver2__rosidl_typesupport_introspection_c__pyext
[43.285s] Invoked command in '/home/yy/sight/pfa-nav/build/livox_ros_driver2' returned '0': CMAKE_PREFIX_PATH=/opt/ros/humble /usr/bin/cmake --build /home/yy/sight/pfa-nav/build/livox_ros_driver2 -- -j20 -l20
[43.287s] Invoking command in '/home/yy/sight/pfa-nav/build/livox_ros_driver2': CMAKE_PREFIX_PATH=/opt/ros/humble /usr/bin/cmake --install /home/yy/sight/pfa-nav/build/livox_ros_driver2
[43.291s] -- Install configuration: "Release"
[43.292s] -- Execute custom install script
[43.292s] -- Symlinking: /home/yy/sight/pfa-nav/install/livox_ros_driver2/share/ament_index/resource_index/rosidl_interfaces/livox_ros_driver2
[43.297s] -- Symlinking: /home/yy/sight/pfa-nav/install/livox_ros_driver2/include/livox_ros_driver2/livox_ros_driver2/msg/custom_msg.h
[43.305s] -- Symlinking: /home/yy/sight/pfa-nav/install/livox_ros_driver2/include/livox_ros_driver2/livox_ros_driver2/msg/custom_point.h
[43.312s] -- Symlinking: /home/yy/sight/pfa-nav/install/livox_ros_driver2/include/livox_ros_driver2/livox_ros_driver2/msg/detail/custom_msg__functions.h
[43.318s] -- Symlinking: /home/yy/sight/pfa-nav/install/livox_ros_driver2/include/livox_ros_driver2/livox_ros_driver2/msg/detail/custom_msg__struct.h
[43.327s] -- Symlinking: /home/yy/sight/pfa-nav/install/livox_ros_driver2/include/livox_ros_driver2/livox_ros_driver2/msg/detail/custom_msg__type_support.h
[43.333s] -- Symlinking: /home/yy/sight/pfa-nav/install/livox_ros_driver2/include/livox_ros_driver2/livox_ros_driver2/msg/detail/custom_point__functions.h
[43.340s] -- Symlinking: /home/yy/sight/pfa-nav/install/livox_ros_driver2/include/livox_ros_driver2/livox_ros_driver2/msg/detail/custom_point__struct.h
[43.348s] -- Symlinking: /home/yy/sight/pfa-nav/install/livox_ros_driver2/include/livox_ros_driver2/livox_ros_driver2/msg/detail/custom_point__type_support.h
[43.356s] -- Symlinking: /home/yy/sight/pfa-nav/install/livox_ros_driver2/include/livox_ros_driver2/livox_ros_driver2/msg/rosidl_generator_c__visibility_control.h
[43.365s] -- Symlinking: /home/yy/sight/pfa-nav/install/livox_ros_driver2/share/livox_ros_driver2/environment/library_path.sh
[43.373s] -- Symlinking: /home/yy/sight/pfa-nav/install/livox_ros_driver2/share/livox_ros_driver2/environment/library_path.dsv
[43.382s] -- Symlinking: /home/yy/sight/pfa-nav/install/livox_ros_driver2/include/livox_ros_driver2/livox_ros_driver2/msg/detail/custom_msg__rosidl_typesupport_fastrtps_c.h
[43.388s] -- Symlinking: /home/yy/sight/pfa-nav/install/livox_ros_driver2/include/livox_ros_driver2/livox_ros_driver2/msg/detail/custom_point__rosidl_typesupport_fastrtps_c.h
[43.397s] -- Symlinking: /home/yy/sight/pfa-nav/install/livox_ros_driver2/include/livox_ros_driver2/livox_ros_driver2/msg/rosidl_typesupport_fastrtps_c__visibility_control.h
[43.405s] -- Symlinking: /home/yy/sight/pfa-nav/install/livox_ros_driver2/include/livox_ros_driver2/livox_ros_driver2/msg/detail/custom_msg__rosidl_typesupport_introspection_c.h
[43.414s] -- Symlinking: /home/yy/sight/pfa-nav/install/livox_ros_driver2/include/livox_ros_driver2/livox_ros_driver2/msg/detail/custom_point__rosidl_typesupport_introspection_c.h
[43.422s] -- Symlinking: /home/yy/sight/pfa-nav/install/livox_ros_driver2/include/livox_ros_driver2/livox_ros_driver2/msg/rosidl_typesupport_introspection_c__visibility_control.h
[43.429s] -- Symlinking: /home/yy/sight/pfa-nav/install/livox_ros_driver2/include/livox_ros_driver2/livox_ros_driver2/msg/custom_msg.hpp
[43.437s] -- Symlinking: /home/yy/sight/pfa-nav/install/livox_ros_driver2/include/livox_ros_driver2/livox_ros_driver2/msg/custom_point.hpp
[43.446s] -- Symlinking: /home/yy/sight/pfa-nav/install/livox_ros_driver2/include/livox_ros_driver2/livox_ros_driver2/msg/detail/custom_msg__builder.hpp
[43.456s] -- Symlinking: /home/yy/sight/pfa-nav/install/livox_ros_driver2/include/livox_ros_driver2/livox_ros_driver2/msg/detail/custom_msg__struct.hpp
[43.464s] -- Symlinking: /home/yy/sight/pfa-nav/install/livox_ros_driver2/include/livox_ros_driver2/livox_ros_driver2/msg/detail/custom_msg__traits.hpp
[43.472s] -- Symlinking: /home/yy/sight/pfa-nav/install/livox_ros_driver2/include/livox_ros_driver2/livox_ros_driver2/msg/detail/custom_msg__type_support.hpp
[43.481s] -- Symlinking: /home/yy/sight/pfa-nav/install/livox_ros_driver2/include/livox_ros_driver2/livox_ros_driver2/msg/detail/custom_point__builder.hpp
[43.488s] -- Symlinking: /home/yy/sight/pfa-nav/install/livox_ros_driver2/include/livox_ros_driver2/livox_ros_driver2/msg/detail/custom_point__struct.hpp
[43.495s] -- Symlinking: /home/yy/sight/pfa-nav/install/livox_ros_driver2/include/livox_ros_driver2/livox_ros_driver2/msg/detail/custom_point__traits.hpp
[43.502s] -- Symlinking: /home/yy/sight/pfa-nav/install/livox_ros_driver2/include/livox_ros_driver2/livox_ros_driver2/msg/detail/custom_point__type_support.hpp
[43.508s] -- Symlinking: /home/yy/sight/pfa-nav/install/livox_ros_driver2/include/livox_ros_driver2/livox_ros_driver2/msg/rosidl_generator_cpp__visibility_control.hpp
[43.517s] -- Symlinking: /home/yy/sight/pfa-nav/install/livox_ros_driver2/include/livox_ros_driver2/livox_ros_driver2/msg/detail/custom_msg__rosidl_typesupport_fastrtps_cpp.hpp
[43.523s] -- Symlinking: /home/yy/sight/pfa-nav/install/livox_ros_driver2/include/livox_ros_driver2/livox_ros_driver2/msg/detail/custom_point__rosidl_typesupport_fastrtps_cpp.hpp
[43.530s] -- Symlinking: /home/yy/sight/pfa-nav/install/livox_ros_driver2/include/livox_ros_driver2/livox_ros_driver2/msg/rosidl_typesupport_fastrtps_cpp__visibility_control.h
[43.539s] -- Symlinking: /home/yy/sight/pfa-nav/install/livox_ros_driver2/include/livox_ros_driver2/livox_ros_driver2/msg/detail/custom_msg__rosidl_typesupport_introspection_cpp.hpp
[43.546s] -- Symlinking: /home/yy/sight/pfa-nav/install/livox_ros_driver2/include/livox_ros_driver2/livox_ros_driver2/msg/detail/custom_point__rosidl_typesupport_introspection_cpp.hpp
[43.554s] -- Symlinking: /home/yy/sight/pfa-nav/install/livox_ros_driver2/share/livox_ros_driver2/environment/pythonpath.sh
[43.559s] -- Symlinking: /home/yy/sight/pfa-nav/install/livox_ros_driver2/share/livox_ros_driver2/environment/pythonpath.dsv
[43.565s] -- Symlinking: /home/yy/sight/pfa-nav/install/livox_ros_driver2/local/lib/python3.10/dist-packages/livox_ros_driver2-1.1.0-py3.10.egg-info/PKG-INFO
[43.571s] -- Symlinking: /home/yy/sight/pfa-nav/install/livox_ros_driver2/local/lib/python3.10/dist-packages/livox_ros_driver2-1.1.0-py3.10.egg-info/SOURCES.txt
[43.580s] -- Symlinking: /home/yy/sight/pfa-nav/install/livox_ros_driver2/local/lib/python3.10/dist-packages/livox_ros_driver2-1.1.0-py3.10.egg-info/dependency_links.txt
[43.585s] -- Symlinking: /home/yy/sight/pfa-nav/install/livox_ros_driver2/local/lib/python3.10/dist-packages/livox_ros_driver2-1.1.0-py3.10.egg-info/top_level.txt
[43.593s] -- Symlinking: /home/yy/sight/pfa-nav/install/livox_ros_driver2/local/lib/python3.10/dist-packages/livox_ros_driver2/__init__.py
[43.600s] -- Symlinking: /home/yy/sight/pfa-nav/install/livox_ros_driver2/local/lib/python3.10/dist-packages/livox_ros_driver2/_livox_ros_driver2_s.ep.rosidl_typesupport_c.c
[43.606s] -- Symlinking: /home/yy/sight/pfa-nav/install/livox_ros_driver2/local/lib/python3.10/dist-packages/livox_ros_driver2/_livox_ros_driver2_s.ep.rosidl_typesupport_fastrtps_c.c
[43.614s] -- Symlinking: /home/yy/sight/pfa-nav/install/livox_ros_driver2/local/lib/python3.10/dist-packages/livox_ros_driver2/_livox_ros_driver2_s.ep.rosidl_typesupport_introspection_c.c
[43.622s] -- Symlinking: /home/yy/sight/pfa-nav/install/livox_ros_driver2/local/lib/python3.10/dist-packages/livox_ros_driver2/liblivox_interfaces2__rosidl_generator_py.so
[43.627s] -- Symlinking: /home/yy/sight/pfa-nav/install/livox_ros_driver2/local/lib/python3.10/dist-packages/livox_ros_driver2/livox_ros_driver2_s__rosidl_typesupport_c.cpython-310-x86_64-linux-gnu.so
[43.633s] -- Symlinking: /home/yy/sight/pfa-nav/install/livox_ros_driver2/local/lib/python3.10/dist-packages/livox_ros_driver2/livox_ros_driver2_s__rosidl_typesupport_fastrtps_c.cpython-310-x86_64-linux-gnu.so
[43.641s] -- Symlinking: /home/yy/sight/pfa-nav/install/livox_ros_driver2/local/lib/python3.10/dist-packages/livox_ros_driver2/livox_ros_driver2_s__rosidl_typesupport_introspection_c.cpython-310-x86_64-linux-gnu.so
[43.651s] -- Symlinking: /home/yy/sight/pfa-nav/install/livox_ros_driver2/local/lib/python3.10/dist-packages/livox_ros_driver2/msg/__init__.py
[43.659s] -- Symlinking: /home/yy/sight/pfa-nav/install/livox_ros_driver2/local/lib/python3.10/dist-packages/livox_ros_driver2/msg/_custom_msg.py
[43.666s] -- Symlinking: /home/yy/sight/pfa-nav/install/livox_ros_driver2/local/lib/python3.10/dist-packages/livox_ros_driver2/msg/_custom_msg_s.c
[43.674s] -- Symlinking: /home/yy/sight/pfa-nav/install/livox_ros_driver2/local/lib/python3.10/dist-packages/livox_ros_driver2/msg/_custom_point.py
[43.682s] -- Symlinking: /home/yy/sight/pfa-nav/install/livox_ros_driver2/local/lib/python3.10/dist-packages/livox_ros_driver2/msg/_custom_point_s.c
[43.690s] -- Up-to-date symlink: /home/yy/sight/pfa-nav/install/livox_ros_driver2/local/lib/python3.10/dist-packages/livox_ros_driver2/livox_ros_driver2_s__rosidl_typesupport_fastrtps_c.cpython-310-x86_64-linux-gnu.so
[43.690s] -- Up-to-date symlink: /home/yy/sight/pfa-nav/install/livox_ros_driver2/local/lib/python3.10/dist-packages/livox_ros_driver2/livox_ros_driver2_s__rosidl_typesupport_introspection_c.cpython-310-x86_64-linux-gnu.so
[43.690s] -- Up-to-date symlink: /home/yy/sight/pfa-nav/install/livox_ros_driver2/local/lib/python3.10/dist-packages/livox_ros_driver2/livox_ros_driver2_s__rosidl_typesupport_c.cpython-310-x86_64-linux-gnu.so
[43.691s] -- Symlinking: /home/yy/sight/pfa-nav/install/livox_ros_driver2/share/livox_ros_driver2/msg/CustomPoint.idl
[43.698s] -- Symlinking: /home/yy/sight/pfa-nav/install/livox_ros_driver2/share/livox_ros_driver2/msg/CustomMsg.idl
[43.704s] -- Symlinking: /home/yy/sight/pfa-nav/install/livox_ros_driver2/share/livox_ros_driver2/msg/CustomPoint.msg
[43.711s] -- Symlinking: /home/yy/sight/pfa-nav/install/livox_ros_driver2/share/livox_ros_driver2/msg/CustomMsg.msg
[43.716s] -- Symlinking: /home/yy/sight/pfa-nav/install/livox_ros_driver2/lib/livox_ros_driver2/livox_ros_driver2_node
[43.721s] -- Symlinking: /home/yy/sight/pfa-nav/install/livox_ros_driver2/lib/liblivox_ros_driver2.so
[43.730s] -- Symlinking: /home/yy/sight/pfa-nav/install/livox_ros_driver2/share/livox_ros_driver2/config/HAP_config.json
[43.737s] -- Symlinking: /home/yy/sight/pfa-nav/install/livox_ros_driver2/share/livox_ros_driver2/config/MID360_config.json
[43.745s] -- Symlinking: /home/yy/sight/pfa-nav/install/livox_ros_driver2/share/livox_ros_driver2/config/display_point_cloud.rviz
[43.750s] -- Symlinking: /home/yy/sight/pfa-nav/install/livox_ros_driver2/share/livox_ros_driver2/config/mixed_HAP_MID360_config.json
[43.759s] -- Symlinking: /home/yy/sight/pfa-nav/install/livox_ros_driver2/share/livox_ros_driver2/launch/msg_HAP_launch.py
[43.767s] -- Symlinking: /home/yy/sight/pfa-nav/install/livox_ros_driver2/share/livox_ros_driver2/launch/msg_MID360_launch.py
[43.773s] -- Symlinking: /home/yy/sight/pfa-nav/install/livox_ros_driver2/share/livox_ros_driver2/launch/rviz_HAP_launch.py
[43.780s] -- Symlinking: /home/yy/sight/pfa-nav/install/livox_ros_driver2/share/livox_ros_driver2/launch/rviz_MID360_launch.py
[43.786s] -- Symlinking: /home/yy/sight/pfa-nav/install/livox_ros_driver2/share/livox_ros_driver2/launch/rviz_mixed.py
[43.794s] -- Symlinking: /home/yy/sight/pfa-nav/install/livox_ros_driver2/share/ament_index/resource_index/package_run_dependencies/livox_ros_driver2
[43.801s] -- Symlinking: /home/yy/sight/pfa-nav/install/livox_ros_driver2/share/ament_index/resource_index/parent_prefix_path/livox_ros_driver2
[43.809s] -- Symlinking: /home/yy/sight/pfa-nav/install/livox_ros_driver2/share/livox_ros_driver2/environment/ament_prefix_path.sh
[43.817s] -- Symlinking: /home/yy/sight/pfa-nav/install/livox_ros_driver2/share/livox_ros_driver2/environment/ament_prefix_path.dsv
[43.823s] -- Symlinking: /home/yy/sight/pfa-nav/install/livox_ros_driver2/share/livox_ros_driver2/environment/path.sh
[43.832s] -- Symlinking: /home/yy/sight/pfa-nav/install/livox_ros_driver2/share/livox_ros_driver2/environment/path.dsv
[43.837s] -- Symlinking: /home/yy/sight/pfa-nav/install/livox_ros_driver2/share/livox_ros_driver2/local_setup.bash
[43.845s] -- Symlinking: /home/yy/sight/pfa-nav/install/livox_ros_driver2/share/livox_ros_driver2/local_setup.sh
[43.851s] -- Symlinking: /home/yy/sight/pfa-nav/install/livox_ros_driver2/share/livox_ros_driver2/local_setup.zsh
[43.859s] -- Symlinking: /home/yy/sight/pfa-nav/install/livox_ros_driver2/share/livox_ros_driver2/local_setup.dsv
[43.868s] -- Symlinking: /home/yy/sight/pfa-nav/install/livox_ros_driver2/share/livox_ros_driver2/package.dsv
[43.876s] -- Symlinking: /home/yy/sight/pfa-nav/install/livox_ros_driver2/share/ament_index/resource_index/packages/livox_ros_driver2
[43.883s] -- Symlinking: /home/yy/sight/pfa-nav/install/livox_ros_driver2/share/ament_index/resource_index/rclcpp_components/livox_ros_driver2
[43.891s] -- Symlinking: /home/yy/sight/pfa-nav/install/livox_ros_driver2/share/livox_ros_driver2/cmake/rosidl_cmake-extras.cmake
[43.899s] -- Symlinking: /home/yy/sight/pfa-nav/install/livox_ros_driver2/share/livox_ros_driver2/cmake/ament_cmake_export_dependencies-extras.cmake
[43.905s] -- Symlinking: /home/yy/sight/pfa-nav/install/livox_ros_driver2/share/livox_ros_driver2/cmake/ament_cmake_export_include_directories-extras.cmake
[43.912s] -- Symlinking: /home/yy/sight/pfa-nav/install/livox_ros_driver2/share/livox_ros_driver2/cmake/ament_cmake_export_libraries-extras.cmake
[43.918s] -- Symlinking: /home/yy/sight/pfa-nav/install/livox_ros_driver2/share/livox_ros_driver2/cmake/ament_cmake_export_targets-extras.cmake
[43.924s] -- Symlinking: /home/yy/sight/pfa-nav/install/livox_ros_driver2/share/livox_ros_driver2/cmake/rosidl_cmake_export_typesupport_targets-extras.cmake
[43.932s] -- Symlinking: /home/yy/sight/pfa-nav/install/livox_ros_driver2/share/livox_ros_driver2/cmake/rosidl_cmake_export_typesupport_libraries-extras.cmake
[43.938s] -- Symlinking: /home/yy/sight/pfa-nav/install/livox_ros_driver2/share/livox_ros_driver2/cmake/livox_ros_driver2Config.cmake
[43.946s] -- Symlinking: /home/yy/sight/pfa-nav/install/livox_ros_driver2/share/livox_ros_driver2/cmake/livox_ros_driver2Config-version.cmake
[43.952s] -- Symlinking: /home/yy/sight/pfa-nav/install/livox_ros_driver2/share/livox_ros_driver2/package.xml
[43.961s] -- Installing: /home/yy/sight/pfa-nav/install/livox_ros_driver2/lib/liblivox_ros_driver2__rosidl_generator_c.so
[43.961s] -- Set runtime path of "/home/yy/sight/pfa-nav/install/livox_ros_driver2/lib/liblivox_ros_driver2__rosidl_generator_c.so" to ""
[43.961s] -- Installing: /home/yy/sight/pfa-nav/install/livox_ros_driver2/lib/liblivox_ros_driver2__rosidl_typesupport_fastrtps_c.so
[43.961s] -- Set runtime path of "/home/yy/sight/pfa-nav/install/livox_ros_driver2/lib/liblivox_ros_driver2__rosidl_typesupport_fastrtps_c.so" to ""
[43.961s] -- Installing: /home/yy/sight/pfa-nav/install/livox_ros_driver2/lib/liblivox_ros_driver2__rosidl_typesupport_introspection_c.so
[43.961s] -- Set runtime path of "/home/yy/sight/pfa-nav/install/livox_ros_driver2/lib/liblivox_ros_driver2__rosidl_typesupport_introspection_c.so" to ""
[43.961s] -- Installing: /home/yy/sight/pfa-nav/install/livox_ros_driver2/lib/liblivox_ros_driver2__rosidl_typesupport_c.so
[43.962s] -- Set runtime path of "/home/yy/sight/pfa-nav/install/livox_ros_driver2/lib/liblivox_ros_driver2__rosidl_typesupport_c.so" to ""
[43.962s] -- Installing: /home/yy/sight/pfa-nav/install/livox_ros_driver2/lib/liblivox_ros_driver2__rosidl_typesupport_fastrtps_cpp.so
[43.962s] -- Set runtime path of "/home/yy/sight/pfa-nav/install/livox_ros_driver2/lib/liblivox_ros_driver2__rosidl_typesupport_fastrtps_cpp.so" to ""
[43.962s] -- Installing: /home/yy/sight/pfa-nav/install/livox_ros_driver2/lib/liblivox_ros_driver2__rosidl_typesupport_introspection_cpp.so
[43.962s] -- Set runtime path of "/home/yy/sight/pfa-nav/install/livox_ros_driver2/lib/liblivox_ros_driver2__rosidl_typesupport_introspection_cpp.so" to ""
[43.962s] -- Installing: /home/yy/sight/pfa-nav/install/livox_ros_driver2/lib/liblivox_ros_driver2__rosidl_typesupport_cpp.so
[43.963s] -- Set runtime path of "/home/yy/sight/pfa-nav/install/livox_ros_driver2/lib/liblivox_ros_driver2__rosidl_typesupport_cpp.so" to ""
[43.985s] Listing '/home/yy/sight/pfa-nav/install/livox_ros_driver2/local/lib/python3.10/dist-packages/livox_ros_driver2'...
[43.985s] Compiling '/home/yy/sight/pfa-nav/install/livox_ros_driver2/local/lib/python3.10/dist-packages/livox_ros_driver2/__init__.py'...
[43.985s] Listing '/home/yy/sight/pfa-nav/install/livox_ros_driver2/local/lib/python3.10/dist-packages/livox_ros_driver2/msg'...
[43.985s] Compiling '/home/yy/sight/pfa-nav/install/livox_ros_driver2/local/lib/python3.10/dist-packages/livox_ros_driver2/msg/__init__.py'...
[43.985s] Compiling '/home/yy/sight/pfa-nav/install/livox_ros_driver2/local/lib/python3.10/dist-packages/livox_ros_driver2/msg/_custom_msg.py'...
[43.985s] Compiling '/home/yy/sight/pfa-nav/install/livox_ros_driver2/local/lib/python3.10/dist-packages/livox_ros_driver2/msg/_custom_point.py'...
[43.988s] -- Installing: /home/yy/sight/pfa-nav/install/livox_ros_driver2/lib/liblivox_interfaces2__rosidl_generator_py.so
[43.988s] -- Set runtime path of "/home/yy/sight/pfa-nav/install/livox_ros_driver2/lib/liblivox_interfaces2__rosidl_generator_py.so" to ""
[43.988s] -- Installing: /home/yy/sight/pfa-nav/install/livox_ros_driver2/share/livox_ros_driver2/cmake/export_livox_interfaces2__rosidl_generator_cExport.cmake
[43.988s] -- Installing: /home/yy/sight/pfa-nav/install/livox_ros_driver2/share/livox_ros_driver2/cmake/export_livox_interfaces2__rosidl_generator_cExport-release.cmake
[43.988s] -- Installing: /home/yy/sight/pfa-nav/install/livox_ros_driver2/share/livox_ros_driver2/cmake/export_livox_interfaces2__rosidl_typesupport_fastrtps_cExport.cmake
[43.988s] -- Installing: /home/yy/sight/pfa-nav/install/livox_ros_driver2/share/livox_ros_driver2/cmake/export_livox_interfaces2__rosidl_typesupport_fastrtps_cExport-release.cmake
[43.989s] -- Installing: /home/yy/sight/pfa-nav/install/livox_ros_driver2/share/livox_ros_driver2/cmake/livox_interfaces2__rosidl_typesupport_introspection_cExport.cmake
[43.989s] -- Installing: /home/yy/sight/pfa-nav/install/livox_ros_driver2/share/livox_ros_driver2/cmake/livox_interfaces2__rosidl_typesupport_introspection_cExport-release.cmake
[43.989s] -- Installing: /home/yy/sight/pfa-nav/install/livox_ros_driver2/share/livox_ros_driver2/cmake/livox_interfaces2__rosidl_typesupport_cExport.cmake
[43.989s] -- Installing: /home/yy/sight/pfa-nav/install/livox_ros_driver2/share/livox_ros_driver2/cmake/livox_interfaces2__rosidl_typesupport_cExport-release.cmake
[43.989s] -- Installing: /home/yy/sight/pfa-nav/install/livox_ros_driver2/share/livox_ros_driver2/cmake/export_livox_interfaces2__rosidl_generator_cppExport.cmake
[43.989s] -- Installing: /home/yy/sight/pfa-nav/install/livox_ros_driver2/share/livox_ros_driver2/cmake/export_livox_interfaces2__rosidl_typesupport_fastrtps_cppExport.cmake
[43.989s] -- Installing: /home/yy/sight/pfa-nav/install/livox_ros_driver2/share/livox_ros_driver2/cmake/export_livox_interfaces2__rosidl_typesupport_fastrtps_cppExport-release.cmake
[43.989s] -- Installing: /home/yy/sight/pfa-nav/install/livox_ros_driver2/share/livox_ros_driver2/cmake/livox_interfaces2__rosidl_typesupport_introspection_cppExport.cmake
[43.989s] -- Installing: /home/yy/sight/pfa-nav/install/livox_ros_driver2/share/livox_ros_driver2/cmake/livox_interfaces2__rosidl_typesupport_introspection_cppExport-release.cmake
[43.990s] -- Installing: /home/yy/sight/pfa-nav/install/livox_ros_driver2/share/livox_ros_driver2/cmake/livox_interfaces2__rosidl_typesupport_cppExport.cmake
[43.990s] -- Installing: /home/yy/sight/pfa-nav/install/livox_ros_driver2/share/livox_ros_driver2/cmake/livox_interfaces2__rosidl_typesupport_cppExport-release.cmake
[43.990s] -- Installing: /home/yy/sight/pfa-nav/install/livox_ros_driver2/share/livox_ros_driver2/cmake/export_livox_interfaces2__rosidl_generator_pyExport.cmake
[43.990s] -- Installing: /home/yy/sight/pfa-nav/install/livox_ros_driver2/share/livox_ros_driver2/cmake/export_livox_interfaces2__rosidl_generator_pyExport-release.cmake
[43.992s] Invoked command in '/home/yy/sight/pfa-nav/build/livox_ros_driver2' returned '0': CMAKE_PREFIX_PATH=/opt/ros/humble /usr/bin/cmake --install /home/yy/sight/pfa-nav/build/livox_ros_driver2
