[0.893s] Invoking command in '/home/yy/sight/pfa-nav/build/joint_state_publisher': PYTHONPATH=/home/yy/sight/pfa-nav/build/joint_state_publisher/prefix_override:/usr/lib/python3/dist-packages/colcon_core/task/python/colcon_distutils_commands:/home/yy/sight/pfa-nav/install/joint_state_publisher/lib/python3.10/site-packages:${PYTHONPATH} /usr/bin/python3 -W ignore:setup.py install is deprecated -W ignore:easy_install command is deprecated setup.py develop --editable --build-directory /home/yy/sight/pfa-nav/build/joint_state_publisher/build --no-deps symlink_data
[1.963s] running develop
[1.963s] running egg_info
[1.963s] creating joint_state_publisher.egg-info
[1.963s] writing joint_state_publisher.egg-info/PKG-INFO
[1.963s] writing dependency_links to joint_state_publisher.egg-info/dependency_links.txt
[1.963s] writing entry points to joint_state_publisher.egg-info/entry_points.txt
[1.963s] writing requirements to joint_state_publisher.egg-info/requires.txt
[1.963s] writing top-level names to joint_state_publisher.egg-info/top_level.txt
[1.963s] writing manifest file 'joint_state_publisher.egg-info/SOURCES.txt'
[1.964s] reading manifest file 'joint_state_publisher.egg-info/SOURCES.txt'
[1.964s] writing manifest file 'joint_state_publisher.egg-info/SOURCES.txt'
[1.964s] running build_ext
[1.964s] Creating /home/yy/sight/pfa-nav/install/joint_state_publisher/lib/python3.10/site-packages/joint-state-publisher.egg-link (link to .)
[1.964s] Installing joint_state_publisher script to /home/yy/sight/pfa-nav/install/joint_state_publisher/lib/joint_state_publisher
[1.964s] 
[1.964s] Installed /home/yy/sight/pfa-nav/build/joint_state_publisher
[1.964s] running symlink_data
[1.964s] creating /home/yy/sight/pfa-nav/install/joint_state_publisher/share/ament_index
[1.964s] creating /home/yy/sight/pfa-nav/install/joint_state_publisher/share/ament_index/resource_index
[1.964s] creating /home/yy/sight/pfa-nav/install/joint_state_publisher/share/ament_index/resource_index/packages
[1.964s] symbolically linking /home/yy/sight/pfa-nav/build/joint_state_publisher/resource/joint_state_publisher -> /home/yy/sight/pfa-nav/install/joint_state_publisher/share/ament_index/resource_index/packages
[1.964s] symbolically linking /home/yy/sight/pfa-nav/build/joint_state_publisher/package.xml -> /home/yy/sight/pfa-nav/install/joint_state_publisher/share/joint_state_publisher
[1.992s] Invoked command in '/home/yy/sight/pfa-nav/build/joint_state_publisher' returned '0': PYTHONPATH=/home/yy/sight/pfa-nav/build/joint_state_publisher/prefix_override:/usr/lib/python3/dist-packages/colcon_core/task/python/colcon_distutils_commands:/home/yy/sight/pfa-nav/install/joint_state_publisher/lib/python3.10/site-packages:${PYTHONPATH} /usr/bin/python3 -W ignore:setup.py install is deprecated -W ignore:easy_install command is deprecated setup.py develop --editable --build-directory /home/yy/sight/pfa-nav/build/joint_state_publisher/build --no-deps symlink_data
