-- Found ament_cmake_auto: 1.3.12 (/opt/ros/humble/share/ament_cmake_auto/cmake)
-- Override CMake install command with custom implementation using symlinks instead of copying resources
-- Found rosidl_generator_c: 3.1.7 (/opt/ros/humble/share/rosidl_generator_c/cmake)
-- Found rosidl_adapter: 3.1.7 (/opt/ros/humble/share/rosidl_adapter/cmake)
-- Found rosidl_generator_cpp: 3.1.7 (/opt/ros/humble/share/rosidl_generator_cpp/cmake)
-- Using all available rosidl_typesupport_c: rosidl_typesupport_fastrtps_c;rosidl_typesupport_introspection_c
-- Using all available rosidl_typesupport_cpp: rosidl_typesupport_fastrtps_cpp;rosidl_typesupport_introspection_cpp
-- Found rmw_implementation_cmake: 6.1.2 (/opt/ros/humble/share/rmw_implementation_cmake/cmake)
-- Found rmw_fastrtps_cpp: 6.2.9 (/opt/ros/humble/share/rmw_fastrtps_cpp/cmake)
-- Using RMW implementation 'rmw_fastrtps_cpp' as default
-- Found eigen3_cmake_module: 0.1.1 (/opt/ros/humble/share/eigen3_cmake_module/cmake)
-- Ensuring Eigen3 include directory is part of orocos-kdl CMake target
-- Found ament_lint_auto: 0.12.14 (/opt/ros/humble/share/ament_lint_auto/cmake)
[0mIn this package, headers install destination is set to `include` by ament_auto_package. It is recommended to install `include/pb_teleop_twist_joy` instead and will be the default behavior of ament_auto_package from ROS 2 Kilted Kaiju. On distributions before Kilted, ament_auto_package behaves the same way when you use USE_SCOPED_HEADER_INSTALL_DIR option.[0m
-- Added test 'copyright' to check source files copyright and LICENSE
-- Added test 'cppcheck' to perform static code analysis on C / C++ code
-- Configured cppcheck include dirs: /home/yy/sight/pfa-nav/src/pb2025_sentry_nav/pb_teleop_twist_joy/include
-- Configured cppcheck exclude dirs and/or files: 
-- Added test 'cpplint' to check C / C++ code against the Google style
-- Configured cpplint exclude dirs and/or files: 
-- Added test 'lint_cmake' to check CMake code style
-- Added test 'pep257' to check Python code against some of the docstring style conventions in PEP 257
-- Added test 'xmllint' to check XML markup files
-- Added test 'clang_format' to check C / C++ code style
-- Added test 'black' to check Python code style
-- Configuring done
-- Generating done
-- Build files have been written to: /home/yy/sight/pfa-nav/build/pb_teleop_twist_joy
[35m[1mConsolidate compiler generated dependencies of target pb_teleop_twist_joy_node[0m
[35m[1mConsolidate compiler generated dependencies of target pb_teleop_twist_joy[0m
[ 50%] Built target pb_teleop_twist_joy_node
[ 75%] [32m[1mLinking CXX shared library libpb_teleop_twist_joy.so[0m
[100%] Built target pb_teleop_twist_joy
-- Install configuration: "Release"
-- Execute custom install script
-- Up-to-date symlink: /home/yy/sight/pfa-nav/install/pb_teleop_twist_joy/lib/pb_teleop_twist_joy/pb_teleop_twist_joy_node
-- Up-to-date symlink: /home/yy/sight/pfa-nav/install/pb_teleop_twist_joy/include/pb_teleop_twist_joy/pb_teleop_twist_joy.hpp
-- Up-to-date symlink: /home/yy/sight/pfa-nav/install/pb_teleop_twist_joy/share/pb_teleop_twist_joy/environment/library_path.sh
-- Up-to-date symlink: /home/yy/sight/pfa-nav/install/pb_teleop_twist_joy/share/pb_teleop_twist_joy/environment/library_path.dsv
-- Up-to-date symlink: /home/yy/sight/pfa-nav/install/pb_teleop_twist_joy/lib/libpb_teleop_twist_joy.so
-- Up-to-date symlink: /home/yy/sight/pfa-nav/install/pb_teleop_twist_joy/share/pb_teleop_twist_joy/config/xbox.config.yaml
-- Up-to-date symlink: /home/yy/sight/pfa-nav/install/pb_teleop_twist_joy/share/pb_teleop_twist_joy/launch/pb_teleop_twist_joy_launch.py
-- Up-to-date symlink: /home/yy/sight/pfa-nav/install/pb_teleop_twist_joy/share/ament_index/resource_index/package_run_dependencies/pb_teleop_twist_joy
-- Up-to-date symlink: /home/yy/sight/pfa-nav/install/pb_teleop_twist_joy/share/ament_index/resource_index/parent_prefix_path/pb_teleop_twist_joy
-- Up-to-date symlink: /home/yy/sight/pfa-nav/install/pb_teleop_twist_joy/share/pb_teleop_twist_joy/environment/ament_prefix_path.sh
-- Up-to-date symlink: /home/yy/sight/pfa-nav/install/pb_teleop_twist_joy/share/pb_teleop_twist_joy/environment/ament_prefix_path.dsv
-- Up-to-date symlink: /home/yy/sight/pfa-nav/install/pb_teleop_twist_joy/share/pb_teleop_twist_joy/environment/path.sh
-- Up-to-date symlink: /home/yy/sight/pfa-nav/install/pb_teleop_twist_joy/share/pb_teleop_twist_joy/environment/path.dsv
-- Up-to-date symlink: /home/yy/sight/pfa-nav/install/pb_teleop_twist_joy/share/pb_teleop_twist_joy/local_setup.bash
-- Up-to-date symlink: /home/yy/sight/pfa-nav/install/pb_teleop_twist_joy/share/pb_teleop_twist_joy/local_setup.sh
-- Up-to-date symlink: /home/yy/sight/pfa-nav/install/pb_teleop_twist_joy/share/pb_teleop_twist_joy/local_setup.zsh
-- Up-to-date symlink: /home/yy/sight/pfa-nav/install/pb_teleop_twist_joy/share/pb_teleop_twist_joy/local_setup.dsv
-- Symlinking: /home/yy/sight/pfa-nav/install/pb_teleop_twist_joy/share/pb_teleop_twist_joy/package.dsv
-- Up-to-date symlink: /home/yy/sight/pfa-nav/install/pb_teleop_twist_joy/share/ament_index/resource_index/packages/pb_teleop_twist_joy
-- Up-to-date symlink: /home/yy/sight/pfa-nav/install/pb_teleop_twist_joy/share/ament_index/resource_index/rclcpp_components/pb_teleop_twist_joy
-- Up-to-date symlink: /home/yy/sight/pfa-nav/install/pb_teleop_twist_joy/share/pb_teleop_twist_joy/cmake/ament_cmake_export_dependencies-extras.cmake
-- Up-to-date symlink: /home/yy/sight/pfa-nav/install/pb_teleop_twist_joy/share/pb_teleop_twist_joy/cmake/ament_cmake_export_include_directories-extras.cmake
-- Up-to-date symlink: /home/yy/sight/pfa-nav/install/pb_teleop_twist_joy/share/pb_teleop_twist_joy/cmake/ament_cmake_export_libraries-extras.cmake
-- Up-to-date symlink: /home/yy/sight/pfa-nav/install/pb_teleop_twist_joy/share/pb_teleop_twist_joy/cmake/pb_teleop_twist_joyConfig.cmake
-- Up-to-date symlink: /home/yy/sight/pfa-nav/install/pb_teleop_twist_joy/share/pb_teleop_twist_joy/cmake/pb_teleop_twist_joyConfig-version.cmake
-- Up-to-date symlink: /home/yy/sight/pfa-nav/install/pb_teleop_twist_joy/share/pb_teleop_twist_joy/package.xml
