[0.005s] Invoking command in '/home/yy/sight/pfa-nav/build/pb_teleop_twist_joy': CMAKE_PREFIX_PATH=/opt/ros/humble /usr/bin/cmake --build /home/yy/sight/pfa-nav/build/pb_teleop_twist_joy -- -j20 -l20
[0.023s] -- Found ament_cmake_auto: 1.3.12 (/opt/ros/humble/share/ament_cmake_auto/cmake)
[0.079s] -- Override CMake install command with custom implementation using symlinks instead of copying resources
[0.126s] -- Found rosidl_generator_c: 3.1.7 (/opt/ros/humble/share/rosidl_generator_c/cmake)
[0.127s] -- Found rosidl_adapter: 3.1.7 (/opt/ros/humble/share/rosidl_adapter/cmake)
[0.130s] -- Found rosidl_generator_cpp: 3.1.7 (/opt/ros/humble/share/rosidl_generator_cpp/cmake)
[0.134s] -- Using all available rosidl_typesupport_c: rosidl_typesupport_fastrtps_c;rosidl_typesupport_introspection_c
[0.140s] -- Using all available rosidl_typesupport_cpp: rosidl_typesupport_fastrtps_cpp;rosidl_typesupport_introspection_cpp
[0.154s] -- Found rmw_implementation_cmake: 6.1.2 (/opt/ros/humble/share/rmw_implementation_cmake/cmake)
[0.155s] -- Found rmw_fastrtps_cpp: 6.2.9 (/opt/ros/humble/share/rmw_fastrtps_cpp/cmake)
[0.212s] -- Using RMW implementation 'rmw_fastrtps_cpp' as default
[0.280s] -- Found eigen3_cmake_module: 0.1.1 (/opt/ros/humble/share/eigen3_cmake_module/cmake)
[0.281s] -- Ensuring Eigen3 include directory is part of orocos-kdl CMake target
[0.328s] -- Found ament_lint_auto: 0.12.14 (/opt/ros/humble/share/ament_lint_auto/cmake)
[0.331s] [0mIn this package, headers install destination is set to `include` by ament_auto_package. It is recommended to install `include/pb_teleop_twist_joy` instead and will be the default behavior of ament_auto_package from ROS 2 Kilted Kaiju. On distributions before Kilted, ament_auto_package behaves the same way when you use USE_SCOPED_HEADER_INSTALL_DIR option.[0m
[0.334s] -- Added test 'copyright' to check source files copyright and LICENSE
[0.335s] -- Added test 'cppcheck' to perform static code analysis on C / C++ code
[0.335s] -- Configured cppcheck include dirs: /home/yy/sight/pfa-nav/src/pb2025_sentry_nav/pb_teleop_twist_joy/include
[0.335s] -- Configured cppcheck exclude dirs and/or files: 
[0.335s] -- Added test 'cpplint' to check C / C++ code against the Google style
[0.335s] -- Configured cpplint exclude dirs and/or files: 
[0.335s] -- Added test 'lint_cmake' to check CMake code style
[0.336s] -- Added test 'pep257' to check Python code against some of the docstring style conventions in PEP 257
[0.336s] -- Added test 'xmllint' to check XML markup files
[0.336s] -- Added test 'clang_format' to check C / C++ code style
[0.336s] -- Added test 'black' to check Python code style
[0.338s] -- Configuring done
[0.348s] -- Generating done
[0.351s] -- Build files have been written to: /home/yy/sight/pfa-nav/build/pb_teleop_twist_joy
[0.366s] [35m[1mConsolidate compiler generated dependencies of target pb_teleop_twist_joy_node[0m
[0.368s] [35m[1mConsolidate compiler generated dependencies of target pb_teleop_twist_joy[0m
[0.376s] [ 50%] Built target pb_teleop_twist_joy_node
[0.378s] [ 75%] [32m[1mLinking CXX shared library libpb_teleop_twist_joy.so[0m
[0.490s] [100%] Built target pb_teleop_twist_joy
[0.496s] Invoked command in '/home/yy/sight/pfa-nav/build/pb_teleop_twist_joy' returned '0': CMAKE_PREFIX_PATH=/opt/ros/humble /usr/bin/cmake --build /home/yy/sight/pfa-nav/build/pb_teleop_twist_joy -- -j20 -l20
[0.497s] Invoking command in '/home/yy/sight/pfa-nav/build/pb_teleop_twist_joy': CMAKE_PREFIX_PATH=/opt/ros/humble /usr/bin/cmake --install /home/yy/sight/pfa-nav/build/pb_teleop_twist_joy
[0.502s] -- Install configuration: "Release"
[0.503s] -- Execute custom install script
[0.503s] -- Up-to-date symlink: /home/yy/sight/pfa-nav/install/pb_teleop_twist_joy/lib/pb_teleop_twist_joy/pb_teleop_twist_joy_node
[0.503s] -- Up-to-date symlink: /home/yy/sight/pfa-nav/install/pb_teleop_twist_joy/include/pb_teleop_twist_joy/pb_teleop_twist_joy.hpp
[0.503s] -- Up-to-date symlink: /home/yy/sight/pfa-nav/install/pb_teleop_twist_joy/share/pb_teleop_twist_joy/environment/library_path.sh
[0.503s] -- Up-to-date symlink: /home/yy/sight/pfa-nav/install/pb_teleop_twist_joy/share/pb_teleop_twist_joy/environment/library_path.dsv
[0.503s] -- Up-to-date symlink: /home/yy/sight/pfa-nav/install/pb_teleop_twist_joy/lib/libpb_teleop_twist_joy.so
[0.503s] -- Up-to-date symlink: /home/yy/sight/pfa-nav/install/pb_teleop_twist_joy/share/pb_teleop_twist_joy/config/xbox.config.yaml
[0.503s] -- Up-to-date symlink: /home/yy/sight/pfa-nav/install/pb_teleop_twist_joy/share/pb_teleop_twist_joy/launch/pb_teleop_twist_joy_launch.py
[0.504s] -- Up-to-date symlink: /home/yy/sight/pfa-nav/install/pb_teleop_twist_joy/share/ament_index/resource_index/package_run_dependencies/pb_teleop_twist_joy
[0.504s] -- Up-to-date symlink: /home/yy/sight/pfa-nav/install/pb_teleop_twist_joy/share/ament_index/resource_index/parent_prefix_path/pb_teleop_twist_joy
[0.504s] -- Up-to-date symlink: /home/yy/sight/pfa-nav/install/pb_teleop_twist_joy/share/pb_teleop_twist_joy/environment/ament_prefix_path.sh
[0.504s] -- Up-to-date symlink: /home/yy/sight/pfa-nav/install/pb_teleop_twist_joy/share/pb_teleop_twist_joy/environment/ament_prefix_path.dsv
[0.504s] -- Up-to-date symlink: /home/yy/sight/pfa-nav/install/pb_teleop_twist_joy/share/pb_teleop_twist_joy/environment/path.sh
[0.504s] -- Up-to-date symlink: /home/yy/sight/pfa-nav/install/pb_teleop_twist_joy/share/pb_teleop_twist_joy/environment/path.dsv
[0.504s] -- Up-to-date symlink: /home/yy/sight/pfa-nav/install/pb_teleop_twist_joy/share/pb_teleop_twist_joy/local_setup.bash
[0.504s] -- Up-to-date symlink: /home/yy/sight/pfa-nav/install/pb_teleop_twist_joy/share/pb_teleop_twist_joy/local_setup.sh
[0.504s] -- Up-to-date symlink: /home/yy/sight/pfa-nav/install/pb_teleop_twist_joy/share/pb_teleop_twist_joy/local_setup.zsh
[0.504s] -- Up-to-date symlink: /home/yy/sight/pfa-nav/install/pb_teleop_twist_joy/share/pb_teleop_twist_joy/local_setup.dsv
[0.504s] -- Symlinking: /home/yy/sight/pfa-nav/install/pb_teleop_twist_joy/share/pb_teleop_twist_joy/package.dsv
[0.508s] -- Up-to-date symlink: /home/yy/sight/pfa-nav/install/pb_teleop_twist_joy/share/ament_index/resource_index/packages/pb_teleop_twist_joy
[0.508s] -- Up-to-date symlink: /home/yy/sight/pfa-nav/install/pb_teleop_twist_joy/share/ament_index/resource_index/rclcpp_components/pb_teleop_twist_joy
[0.508s] -- Up-to-date symlink: /home/yy/sight/pfa-nav/install/pb_teleop_twist_joy/share/pb_teleop_twist_joy/cmake/ament_cmake_export_dependencies-extras.cmake
[0.508s] -- Up-to-date symlink: /home/yy/sight/pfa-nav/install/pb_teleop_twist_joy/share/pb_teleop_twist_joy/cmake/ament_cmake_export_include_directories-extras.cmake
[0.509s] -- Up-to-date symlink: /home/yy/sight/pfa-nav/install/pb_teleop_twist_joy/share/pb_teleop_twist_joy/cmake/ament_cmake_export_libraries-extras.cmake
[0.509s] -- Up-to-date symlink: /home/yy/sight/pfa-nav/install/pb_teleop_twist_joy/share/pb_teleop_twist_joy/cmake/pb_teleop_twist_joyConfig.cmake
[0.509s] -- Up-to-date symlink: /home/yy/sight/pfa-nav/install/pb_teleop_twist_joy/share/pb_teleop_twist_joy/cmake/pb_teleop_twist_joyConfig-version.cmake
[0.509s] -- Up-to-date symlink: /home/yy/sight/pfa-nav/install/pb_teleop_twist_joy/share/pb_teleop_twist_joy/package.xml
[0.510s] Invoked command in '/home/yy/sight/pfa-nav/build/pb_teleop_twist_joy' returned '0': CMAKE_PREFIX_PATH=/opt/ros/humble /usr/bin/cmake --install /home/yy/sight/pfa-nav/build/pb_teleop_twist_joy
