[0.281s] Invoking command in '/home/yy/sight/pfa-nav/build/terrain_analysis_ext': CMAKE_PREFIX_PATH=/opt/ros/humble /usr/bin/cmake /home/yy/sight/pfa-nav/src/pb2025_sentry_nav/terrain_analysis_ext -DCMAKE_BUILD_TYPE=Release -DAMENT_CMAKE_SYMLINK_INSTALL=1 -DCMAKE_INSTALL_PREFIX=/home/yy/sight/pfa-nav/install/terrain_analysis_ext
[0.328s] -- The C compiler identification is GNU 11.4.0
[0.388s] -- The CXX compiler identification is GNU 11.4.0
[0.393s] -- Detecting C compiler ABI info
[0.458s] -- Detecting C compiler ABI info - done
[0.464s] -- Check for working C compiler: /usr/bin/cc - skipped
[0.464s] -- Detecting C compile features
[0.464s] -- Detecting C compile features - done
[0.468s] -- Detecting CXX compiler ABI info
[0.541s] -- Detecting CXX compiler ABI info - done
[0.548s] -- Check for working CXX compiler: /usr/bin/c++ - skipped
[0.548s] -- Detecting CXX compile features
[0.549s] -- Detecting CXX compile features - done
[0.555s] -- Found ament_cmake: 1.3.12 (/opt/ros/humble/share/ament_cmake/cmake)
[0.669s] -- Found Python3: /usr/bin/python3 (found version "3.10.12") found components: Interpreter 
[0.724s] -- Override CMake install command with custom implementation using symlinks instead of copying resources
[0.762s] -- Found rclcpp: 16.0.14 (/opt/ros/humble/share/rclcpp/cmake)
[0.795s] -- Found rosidl_generator_c: 3.1.7 (/opt/ros/humble/share/rosidl_generator_c/cmake)
[0.799s] -- Found rosidl_adapter: 3.1.7 (/opt/ros/humble/share/rosidl_adapter/cmake)
[0.807s] -- Found rosidl_generator_cpp: 3.1.7 (/opt/ros/humble/share/rosidl_generator_cpp/cmake)
[0.815s] -- Using all available rosidl_typesupport_c: rosidl_typesupport_fastrtps_c;rosidl_typesupport_introspection_c
[0.832s] -- Using all available rosidl_typesupport_cpp: rosidl_typesupport_fastrtps_cpp;rosidl_typesupport_introspection_cpp
[0.880s] -- Found rmw_implementation_cmake: 6.1.2 (/opt/ros/humble/share/rmw_implementation_cmake/cmake)
[0.882s] -- Found rmw_fastrtps_cpp: 6.2.8 (/opt/ros/humble/share/rmw_fastrtps_cpp/cmake)
[0.960s] -- Found OpenSSL: /usr/lib/x86_64-linux-gnu/libcrypto.so (found version "3.0.2")  
[0.983s] -- Found FastRTPS: /opt/ros/humble/include  
[1.021s] -- Using RMW implementation 'rmw_fastrtps_cpp' as default
[1.029s] -- Looking for pthread.h
[1.113s] -- Looking for pthread.h - found
[1.114s] -- Performing Test CMAKE_HAVE_LIBC_PTHREAD
[1.191s] -- Performing Test CMAKE_HAVE_LIBC_PTHREAD - Success
[1.191s] -- Found Threads: TRUE  
[1.249s] -- Found nav_msgs: 4.9.0 (/opt/ros/humble/share/nav_msgs/cmake)
[1.292s] -- Found sensor_msgs: 4.9.0 (/opt/ros/humble/share/sensor_msgs/cmake)
[1.321s] -- Found tf2_ros: 0.25.16 (/opt/ros/humble/share/tf2_ros/cmake)
[1.402s] -- Found tf2_geometry_msgs: 0.25.16 (/opt/ros/humble/share/tf2_geometry_msgs/cmake)
[1.413s] -- Found eigen3_cmake_module: 0.1.1 (/opt/ros/humble/share/eigen3_cmake_module/cmake)
[1.414s] -- Found Eigen3: TRUE (found version "3.4.0") 
[1.414s] -- Ensuring Eigen3 include directory is part of orocos-kdl CMake target
[1.417s] -- Found pcl_conversions: 2.4.5 (/opt/ros/humble/share/pcl_conversions/cmake)
[1.450s] -- Checking for module 'eigen3'
[1.455s] --   Found eigen3, version 3.4.0
[1.490s] -- Found Eigen: /usr/include/eigen3 (Required is at least version "3.1") 
[1.490s] -- Eigen found (include: /usr/include/eigen3, version: 3.4.0)
[1.524s] -- Checking for module 'flann'
[1.537s] --   Found flann, version 1.9.1
[1.607s] -- Found FLANN: /usr/lib/x86_64-linux-gnu/libflann_cpp.so  
[1.607s] -- FLANN found (include: /usr/include, lib: /usr/lib/x86_64-linux-gnu/libflann_cpp.so)
[3.141s] -- Checking for module 'libusb-1.0'
[3.186s] --   Found libusb-1.0, version 1.0.25
[3.281s] -- Found libusb: /usr/lib/x86_64-linux-gnu/libusb-1.0.so  
[3.281s] -- OpenNI found (version: 1.5.4.0, include: /usr/include/ni, lib: /usr/lib/libOpenNI.so;libusb::libusb)
[3.420s] -- OpenNI2 found (version: 2.2.0.33, include: /usr/include/openni2, lib: /usr/lib/x86_64-linux-gnu/libOpenNI2.so;libusb::libusb)
[3.727s] -- Eigen found (include: /usr/include/eigen3, version: 3.4.0)
[3.753s] -- OpenNI found (version: 1.5.4.0, include: /usr/include/ni, lib: /usr/lib/libOpenNI.so;libusb::libusb)
[3.765s] -- OpenNI2 found (version: 2.2.0.33, include: /usr/include/openni2, lib: /usr/lib/x86_64-linux-gnu/libOpenNI2.so;libusb::libusb)
[4.197s] -- Found Qhull version 8.0.2
[4.663s] -- OpenNI found (version: 1.5.4.0, include: /usr/include/ni, lib: /usr/lib/libOpenNI.so;libusb::libusb)
[5.179s] -- Found PCL_COMMON: /usr/lib/x86_64-linux-gnu/libpcl_common.so  
[5.180s] -- Found PCL_KDTREE: /usr/lib/x86_64-linux-gnu/libpcl_kdtree.so  
[5.180s] -- Found PCL_OCTREE: /usr/lib/x86_64-linux-gnu/libpcl_octree.so  
[5.181s] -- Found PCL_SEARCH: /usr/lib/x86_64-linux-gnu/libpcl_search.so  
[5.197s] -- Found PCL_SAMPLE_CONSENSUS: /usr/lib/x86_64-linux-gnu/libpcl_sample_consensus.so  
[5.197s] -- Found PCL_FILTERS: /usr/lib/x86_64-linux-gnu/libpcl_filters.so  
[5.197s] -- Found PCL_2D: /usr/include/pcl-1.12  
[5.197s] -- Found PCL_GEOMETRY: /usr/include/pcl-1.12  
[5.209s] -- Found PCL_IO: /usr/lib/x86_64-linux-gnu/libpcl_io.so  
[5.211s] -- Found PCL_FEATURES: /usr/lib/x86_64-linux-gnu/libpcl_features.so  
[5.218s] -- Found PCL_ML: /usr/lib/x86_64-linux-gnu/libpcl_ml.so  
[5.224s] -- Found PCL_SEGMENTATION: /usr/lib/x86_64-linux-gnu/libpcl_segmentation.so  
[5.234s] -- Found PCL_VISUALIZATION: /usr/lib/x86_64-linux-gnu/libpcl_visualization.so  
[5.235s] -- Found PCL_SURFACE: /usr/lib/x86_64-linux-gnu/libpcl_surface.so  
[5.236s] -- Found PCL_REGISTRATION: /usr/lib/x86_64-linux-gnu/libpcl_registration.so  
[5.252s] -- Found PCL_KEYPOINTS: /usr/lib/x86_64-linux-gnu/libpcl_keypoints.so  
[5.253s] -- Found PCL_TRACKING: /usr/lib/x86_64-linux-gnu/libpcl_tracking.so  
[5.254s] -- Found PCL_RECOGNITION: /usr/lib/x86_64-linux-gnu/libpcl_recognition.so  
[5.274s] -- Found PCL_STEREO: /usr/lib/x86_64-linux-gnu/libpcl_stereo.so  
[5.277s] -- Found PCL_APPS: /usr/lib/x86_64-linux-gnu/libpcl_apps.so  
[5.277s] -- Found PCL_IN_HAND_SCANNER: /usr/include/pcl-1.12  
[5.277s] -- Found PCL_MODELER: /usr/include/pcl-1.12  
[5.277s] -- Found PCL_POINT_CLOUD_EDITOR: /usr/include/pcl-1.12  
[5.291s] -- Found PCL_OUTOFCORE: /usr/lib/x86_64-linux-gnu/libpcl_outofcore.so  
[5.296s] -- Found PCL_PEOPLE: /usr/lib/x86_64-linux-gnu/libpcl_people.so  
[5.311s] -- Found pcl_ros: 2.4.5 (/opt/ros/humble/share/pcl_ros/cmake)
[5.375s] -- Found ament_lint_auto: 0.12.14 (/opt/ros/humble/share/ament_lint_auto/cmake)
[5.631s] -- Added test 'copyright' to check source files copyright and LICENSE
[5.631s] -- Added test 'cppcheck' to perform static code analysis on C / C++ code
[5.631s] -- Configured cppcheck include dirs: 
[5.631s] -- Configured cppcheck exclude dirs and/or files: 
[5.631s] -- Added test 'cpplint' to check C / C++ code against the Google style
[5.631s] -- Configured cpplint exclude dirs and/or files: 
[5.635s] -- Added test 'lint_cmake' to check CMake code style
[5.636s] -- Added test 'uncrustify' to check C / C++ code style
[5.636s] -- Configured uncrustify additional arguments: 
[5.643s] -- Added test 'xmllint' to check XML markup files
[5.643s] -- Configuring done
[5.764s] -- Generating done
[5.789s] -- Build files have been written to: /home/yy/sight/pfa-nav/build/terrain_analysis_ext
[5.877s] Invoked command in '/home/yy/sight/pfa-nav/build/terrain_analysis_ext' returned '0': CMAKE_PREFIX_PATH=/opt/ros/humble /usr/bin/cmake /home/yy/sight/pfa-nav/src/pb2025_sentry_nav/terrain_analysis_ext -DCMAKE_BUILD_TYPE=Release -DAMENT_CMAKE_SYMLINK_INSTALL=1 -DCMAKE_INSTALL_PREFIX=/home/yy/sight/pfa-nav/install/terrain_analysis_ext
[5.878s] Invoking command in '/home/yy/sight/pfa-nav/build/terrain_analysis_ext': CMAKE_PREFIX_PATH=/opt/ros/humble /usr/bin/cmake --build /home/yy/sight/pfa-nav/build/terrain_analysis_ext -- -j20 -l20
[21.262s] [ 50%] [32mBuilding CXX object CMakeFiles/terrainAnalysisExt.dir/src/terrainAnalysisExt.cpp.o[0m
[36.850s] [100%] [32m[1mLinking CXX executable terrainAnalysisExt[0m
[37.358s] [100%] Built target terrainAnalysisExt
[37.369s] Invoked command in '/home/yy/sight/pfa-nav/build/terrain_analysis_ext' returned '0': CMAKE_PREFIX_PATH=/opt/ros/humble /usr/bin/cmake --build /home/yy/sight/pfa-nav/build/terrain_analysis_ext -- -j20 -l20
[37.369s] Invoking command in '/home/yy/sight/pfa-nav/build/terrain_analysis_ext': CMAKE_PREFIX_PATH=/opt/ros/humble /usr/bin/cmake --install /home/yy/sight/pfa-nav/build/terrain_analysis_ext
[37.375s] -- Install configuration: "Release"
[37.375s] -- Execute custom install script
[37.376s] -- Symlinking: /home/yy/sight/pfa-nav/install/terrain_analysis_ext/lib/terrain_analysis_ext/terrainAnalysisExt
[37.382s] -- Symlinking: /home/yy/sight/pfa-nav/install/terrain_analysis_ext/share/terrain_analysis_ext/launch/terrain_analysis_ext.launch
[37.387s] -- Symlinking: /home/yy/sight/pfa-nav/install/terrain_analysis_ext/share/ament_index/resource_index/package_run_dependencies/terrain_analysis_ext
[37.393s] -- Symlinking: /home/yy/sight/pfa-nav/install/terrain_analysis_ext/share/ament_index/resource_index/parent_prefix_path/terrain_analysis_ext
[37.399s] -- Symlinking: /home/yy/sight/pfa-nav/install/terrain_analysis_ext/share/terrain_analysis_ext/environment/ament_prefix_path.sh
[37.406s] -- Symlinking: /home/yy/sight/pfa-nav/install/terrain_analysis_ext/share/terrain_analysis_ext/environment/ament_prefix_path.dsv
[37.412s] -- Symlinking: /home/yy/sight/pfa-nav/install/terrain_analysis_ext/share/terrain_analysis_ext/environment/path.sh
[37.418s] -- Symlinking: /home/yy/sight/pfa-nav/install/terrain_analysis_ext/share/terrain_analysis_ext/environment/path.dsv
[37.425s] -- Symlinking: /home/yy/sight/pfa-nav/install/terrain_analysis_ext/share/terrain_analysis_ext/local_setup.bash
[37.432s] -- Symlinking: /home/yy/sight/pfa-nav/install/terrain_analysis_ext/share/terrain_analysis_ext/local_setup.sh
[37.442s] -- Symlinking: /home/yy/sight/pfa-nav/install/terrain_analysis_ext/share/terrain_analysis_ext/local_setup.zsh
[37.451s] -- Symlinking: /home/yy/sight/pfa-nav/install/terrain_analysis_ext/share/terrain_analysis_ext/local_setup.dsv
[37.461s] -- Symlinking: /home/yy/sight/pfa-nav/install/terrain_analysis_ext/share/terrain_analysis_ext/package.dsv
[37.472s] -- Symlinking: /home/yy/sight/pfa-nav/install/terrain_analysis_ext/share/ament_index/resource_index/packages/terrain_analysis_ext
[37.480s] -- Symlinking: /home/yy/sight/pfa-nav/install/terrain_analysis_ext/share/terrain_analysis_ext/cmake/terrain_analysis_extConfig.cmake
[37.485s] -- Symlinking: /home/yy/sight/pfa-nav/install/terrain_analysis_ext/share/terrain_analysis_ext/cmake/terrain_analysis_extConfig-version.cmake
[37.490s] -- Symlinking: /home/yy/sight/pfa-nav/install/terrain_analysis_ext/share/terrain_analysis_ext/package.xml
[37.504s] Invoked command in '/home/yy/sight/pfa-nav/build/terrain_analysis_ext' returned '0': CMAKE_PREFIX_PATH=/opt/ros/humble /usr/bin/cmake --install /home/yy/sight/pfa-nav/build/terrain_analysis_ext
