[0.009s] Invoking command in '/home/yy/sight/pfa-nav/build/rmoss_cam': AMENT_PREFIX_PATH=/home/yy/sight/pfa-nav/install/rmoss_util:/home/yy/sight/pfa-nav/install/rmoss_interfaces:${AMENT_PREFIX_PATH} CMAKE_PREFIX_PATH=/home/yy/sight/pfa-nav/install/rmoss_util:/home/yy/sight/pfa-nav/install/rmoss_interfaces:/opt/ros/humble LD_LIBRARY_PATH=/home/yy/sight/pfa-nav/install/rmoss_util/lib:/home/yy/sight/pfa-nav/install/rmoss_interfaces/lib:/usr/lib/x86_64-linux-gnu/gazebo-11/plugins:/opt/ros/humble/opt/rviz_ogre_vendor/lib:/opt/ros/humble/lib/x86_64-linux-gnu:/opt/ros/humble/lib:/opt/MVS/lib/64:/opt/MVS/lib/32:/opt/MVS/lib/64:/opt/MVS/lib/32:/opt/MVS/lib/64:/opt/MVS/lib/32 PYTHONPATH=/home/yy/sight/pfa-nav/install/rmoss_interfaces/local/lib/python3.10/dist-packages:${PYTHONPATH} /usr/bin/cmake /home/yy/sight/pfa-nav/src/rmoss_core/rmoss_cam -DCMAKE_BUILD_TYPE=Release -DAMENT_CMAKE_SYMLINK_INSTALL=1 -DCMAKE_INSTALL_PREFIX=/home/yy/sight/pfa-nav/install/rmoss_cam
[0.052s] -- The C compiler identification is GNU 11.4.0
[0.100s] -- The CXX compiler identification is GNU 11.4.0
[0.106s] -- Detecting C compiler ABI info
[0.161s] -- Detecting C compiler ABI info - done
[0.165s] -- Check for working C compiler: /usr/bin/cc - skipped
[0.165s] -- Detecting C compile features
[0.165s] -- Detecting C compile features - done
[0.166s] -- Detecting CXX compiler ABI info
[0.223s] -- Detecting CXX compiler ABI info - done
[0.229s] -- Check for working CXX compiler: /usr/bin/c++ - skipped
[0.229s] -- Detecting CXX compile features
[0.229s] -- Detecting CXX compile features - done
[0.230s] -- Found ament_cmake: 1.3.12 (/opt/ros/humble/share/ament_cmake/cmake)
[0.309s] -- Found Python3: /usr/bin/python3 (found version "3.10.12") found components: Interpreter 
[0.347s] -- Override CMake install command with custom implementation using symlinks instead of copying resources
[0.369s] -- Found rclcpp: 16.0.14 (/opt/ros/humble/share/rclcpp/cmake)
[0.390s] -- Found rosidl_generator_c: 3.1.7 (/opt/ros/humble/share/rosidl_generator_c/cmake)
[0.392s] -- Found rosidl_adapter: 3.1.7 (/opt/ros/humble/share/rosidl_adapter/cmake)
[0.397s] -- Found rosidl_generator_cpp: 3.1.7 (/opt/ros/humble/share/rosidl_generator_cpp/cmake)
[0.403s] -- Using all available rosidl_typesupport_c: rosidl_typesupport_fastrtps_c;rosidl_typesupport_introspection_c
[0.411s] -- Using all available rosidl_typesupport_cpp: rosidl_typesupport_fastrtps_cpp;rosidl_typesupport_introspection_cpp
[0.434s] -- Found rmw_implementation_cmake: 6.1.2 (/opt/ros/humble/share/rmw_implementation_cmake/cmake)
[0.435s] -- Found rmw_fastrtps_cpp: 6.2.8 (/opt/ros/humble/share/rmw_fastrtps_cpp/cmake)
[0.492s] -- Found OpenSSL: /usr/lib/x86_64-linux-gnu/libcrypto.so (found version "3.0.2")  
[0.512s] -- Found FastRTPS: /opt/ros/humble/include  
[0.549s] -- Using RMW implementation 'rmw_fastrtps_cpp' as default
[0.553s] -- Looking for pthread.h
[0.605s] -- Looking for pthread.h - found
[0.605s] -- Performing Test CMAKE_HAVE_LIBC_PTHREAD
[0.656s] -- Performing Test CMAKE_HAVE_LIBC_PTHREAD - Success
[0.657s] -- Found Threads: TRUE  
[0.683s] -- Found rclcpp_components: 16.0.14 (/opt/ros/humble/share/rclcpp_components/cmake)
[0.697s] -- Found sensor_msgs: 4.9.0 (/opt/ros/humble/share/sensor_msgs/cmake)
[0.712s] -- Found rmoss_interfaces: 0.9.0 (/home/yy/sight/pfa-nav/install/rmoss_interfaces/share/rmoss_interfaces/cmake)
[0.723s] -- Found rmoss_util: 0.9.0 (/home/yy/sight/pfa-nav/install/rmoss_util/share/rmoss_util/cmake)
[0.745s] -- Found camera_info_manager: 3.1.12 (/opt/ros/humble/share/camera_info_manager/cmake)
[0.754s] -- Found OpenCV: /usr (found version "4.5.4") 
[0.758s] -- Found ament_lint_auto: 0.12.14 (/opt/ros/humble/share/ament_lint_auto/cmake)
[0.820s] -- Found ament_cmake_gtest: 1.3.12 (/opt/ros/humble/share/ament_cmake_gtest/cmake)
[0.821s] -- Found gtest sources under '/opt/ros/humble/src/gtest_vendor': C++ tests using 'Google Test' will be built
[0.829s] -- Added test 'copyright' to check source files copyright and LICENSE
[0.831s] -- Added test 'cppcheck' to perform static code analysis on C / C++ code
[0.831s] -- Configured cppcheck include dirs: /home/yy/sight/pfa-nav/src/rmoss_core/rmoss_cam/include
[0.831s] -- Configured cppcheck exclude dirs and/or files: 
[0.833s] -- Added test 'cpplint' to check C / C++ code against the Google style
[0.833s] -- Configured cpplint exclude dirs and/or files: 
[0.833s] -- Added test 'flake8' to check Python code syntax and style conventions
[0.834s] -- Added test 'lint_cmake' to check CMake code style
[0.835s] -- Added test 'pep257' to check Python code against some of the docstring style conventions in PEP 257
[0.836s] -- Added test 'uncrustify' to check C / C++ code style
[0.836s] -- Configured uncrustify additional arguments: 
[0.837s] -- Added test 'xmllint' to check XML markup files
[0.839s] -- Configuring done
[0.892s] -- Generating done
[0.903s] -- Build files have been written to: /home/yy/sight/pfa-nav/build/rmoss_cam
[0.911s] Invoked command in '/home/yy/sight/pfa-nav/build/rmoss_cam' returned '0': AMENT_PREFIX_PATH=/home/yy/sight/pfa-nav/install/rmoss_util:/home/yy/sight/pfa-nav/install/rmoss_interfaces:${AMENT_PREFIX_PATH} CMAKE_PREFIX_PATH=/home/yy/sight/pfa-nav/install/rmoss_util:/home/yy/sight/pfa-nav/install/rmoss_interfaces:/opt/ros/humble LD_LIBRARY_PATH=/home/yy/sight/pfa-nav/install/rmoss_util/lib:/home/yy/sight/pfa-nav/install/rmoss_interfaces/lib:/usr/lib/x86_64-linux-gnu/gazebo-11/plugins:/opt/ros/humble/opt/rviz_ogre_vendor/lib:/opt/ros/humble/lib/x86_64-linux-gnu:/opt/ros/humble/lib:/opt/MVS/lib/64:/opt/MVS/lib/32:/opt/MVS/lib/64:/opt/MVS/lib/32:/opt/MVS/lib/64:/opt/MVS/lib/32 PYTHONPATH=/home/yy/sight/pfa-nav/install/rmoss_interfaces/local/lib/python3.10/dist-packages:${PYTHONPATH} /usr/bin/cmake /home/yy/sight/pfa-nav/src/rmoss_core/rmoss_cam -DCMAKE_BUILD_TYPE=Release -DAMENT_CMAKE_SYMLINK_INSTALL=1 -DCMAKE_INSTALL_PREFIX=/home/yy/sight/pfa-nav/install/rmoss_cam
[0.912s] Invoking command in '/home/yy/sight/pfa-nav/build/rmoss_cam': AMENT_PREFIX_PATH=/home/yy/sight/pfa-nav/install/rmoss_util:/home/yy/sight/pfa-nav/install/rmoss_interfaces:${AMENT_PREFIX_PATH} CMAKE_PREFIX_PATH=/home/yy/sight/pfa-nav/install/rmoss_util:/home/yy/sight/pfa-nav/install/rmoss_interfaces:/opt/ros/humble LD_LIBRARY_PATH=/home/yy/sight/pfa-nav/install/rmoss_util/lib:/home/yy/sight/pfa-nav/install/rmoss_interfaces/lib:/usr/lib/x86_64-linux-gnu/gazebo-11/plugins:/opt/ros/humble/opt/rviz_ogre_vendor/lib:/opt/ros/humble/lib/x86_64-linux-gnu:/opt/ros/humble/lib:/opt/MVS/lib/64:/opt/MVS/lib/32:/opt/MVS/lib/64:/opt/MVS/lib/32:/opt/MVS/lib/64:/opt/MVS/lib/32 PYTHONPATH=/home/yy/sight/pfa-nav/install/rmoss_interfaces/local/lib/python3.10/dist-packages:${PYTHONPATH} /usr/bin/cmake --build /home/yy/sight/pfa-nav/build/rmoss_cam -- -j20 -l20
[0.954s] [  3%] [32mBuilding CXX object CMakeFiles/rmoss_cam.dir/src/cam_server.cpp.o[0m
[4.630s] [  7%] [32mBuilding CXX object CMakeFiles/rmoss_cam.dir/src/cam_client.cpp.o[0m
[11.839s] [ 11%] [32m[1mLinking CXX shared library librmoss_cam.so[0m
[12.026s] [ 11%] Built target rmoss_cam
[12.038s] [ 14%] [32mBuilding CXX object CMakeFiles/image_task_demo.dir/rclcpp_components/node_main_image_task_demo.cpp.o[0m
[12.043s] [ 18%] [32mBuilding CXX object gtest/CMakeFiles/gtest.dir/src/gtest-all.cc.o[0m
[12.044s] [ 22%] [32mBuilding CXX object gtest/CMakeFiles/gtest_main.dir/src/gtest_main.cc.o[0m
[12.525s] [ 25%] [32m[1mLinking CXX static library libgtest_main.a[0m
[12.555s] [ 25%] Built target gtest_main
[12.573s] [ 29%] [32mBuilding CXX object CMakeFiles/image_task_demo_component.dir/src/image_task_demo_node.cpp.o[0m
[14.795s] [ 33%] [32m[1mLinking CXX executable image_task_demo[0m
[14.867s] [ 33%] Built target image_task_demo
[14.880s] [ 37%] [32mBuilding CXX object CMakeFiles/virtual_cam_component.dir/src/virtual_cam/virtual_cam_node.cpp.o[0m
[14.880s] [ 40%] [32mBuilding CXX object CMakeFiles/virtual_cam_component.dir/src/virtual_cam/virtual_cam.cpp.o[0m
[14.885s] [ 48%] [32mBuilding CXX object CMakeFiles/virtual_cam.dir/rclcpp_components/node_main_virtual_cam.cpp.o[0m
[14.885s] [ 48%] [32mBuilding CXX object CMakeFiles/usb_cam_component.dir/src/usb_cam/usb_cam_node.cpp.o[0m
[14.885s] [ 51%] [32mBuilding CXX object CMakeFiles/usb_cam_component.dir/src/usb_cam/usb_cam.cpp.o[0m
[14.885s] [ 55%] [32mBuilding CXX object CMakeFiles/usb_cam.dir/rclcpp_components/node_main_usb_cam.cpp.o[0m
[16.228s] [ 59%] [32m[1mLinking CXX shared library libimage_task_demo_component.so[0m
[16.324s] [ 59%] Built target image_task_demo_component
[16.812s] [ 62%] [32m[1mLinking CXX static library libgtest.a[0m
[16.848s] [ 62%] Built target gtest
[16.864s] [ 66%] [32mBuilding CXX object test/CMakeFiles/test_cam_server.dir/test_cam_server.cpp.o[0m
[16.870s] [ 70%] [32mBuilding CXX object test/CMakeFiles/test_cam_client.dir/test_cam_client.cpp.o[0m
[16.948s] [ 74%] [32m[1mLinking CXX executable virtual_cam[0m
[17.016s] [ 74%] Built target virtual_cam
[18.008s] [ 77%] [32m[1mLinking CXX shared library libusb_cam_component.so[0m
[18.037s] [ 81%] [32m[1mLinking CXX executable usb_cam[0m
[18.114s] [ 81%] Built target usb_cam
[18.147s] [ 81%] Built target usb_cam_component
[19.204s] [ 85%] [32m[1mLinking CXX shared library libvirtual_cam_component.so[0m
[19.316s] [ 85%] Built target virtual_cam_component
[19.332s] [ 88%] [32mBuilding CXX object CMakeFiles/benchmark_test.dir/src/benchmark_test_main.cpp.o[0m
[20.222s] [ 92%] [32m[1mLinking CXX executable test_cam_client[0m
[20.322s] [ 96%] [32m[1mLinking CXX executable test_cam_server[0m
[20.346s] [ 96%] Built target test_cam_client
[20.450s] [ 96%] Built target test_cam_server
[24.747s] [100%] [32m[1mLinking CXX executable benchmark_test[0m
[25.109s] [100%] Built target benchmark_test
[25.116s] Invoked command in '/home/yy/sight/pfa-nav/build/rmoss_cam' returned '0': AMENT_PREFIX_PATH=/home/yy/sight/pfa-nav/install/rmoss_util:/home/yy/sight/pfa-nav/install/rmoss_interfaces:${AMENT_PREFIX_PATH} CMAKE_PREFIX_PATH=/home/yy/sight/pfa-nav/install/rmoss_util:/home/yy/sight/pfa-nav/install/rmoss_interfaces:/opt/ros/humble LD_LIBRARY_PATH=/home/yy/sight/pfa-nav/install/rmoss_util/lib:/home/yy/sight/pfa-nav/install/rmoss_interfaces/lib:/usr/lib/x86_64-linux-gnu/gazebo-11/plugins:/opt/ros/humble/opt/rviz_ogre_vendor/lib:/opt/ros/humble/lib/x86_64-linux-gnu:/opt/ros/humble/lib:/opt/MVS/lib/64:/opt/MVS/lib/32:/opt/MVS/lib/64:/opt/MVS/lib/32:/opt/MVS/lib/64:/opt/MVS/lib/32 PYTHONPATH=/home/yy/sight/pfa-nav/install/rmoss_interfaces/local/lib/python3.10/dist-packages:${PYTHONPATH} /usr/bin/cmake --build /home/yy/sight/pfa-nav/build/rmoss_cam -- -j20 -l20
[25.118s] Invoking command in '/home/yy/sight/pfa-nav/build/rmoss_cam': AMENT_PREFIX_PATH=/home/yy/sight/pfa-nav/install/rmoss_util:/home/yy/sight/pfa-nav/install/rmoss_interfaces:${AMENT_PREFIX_PATH} CMAKE_PREFIX_PATH=/home/yy/sight/pfa-nav/install/rmoss_util:/home/yy/sight/pfa-nav/install/rmoss_interfaces:/opt/ros/humble LD_LIBRARY_PATH=/home/yy/sight/pfa-nav/install/rmoss_util/lib:/home/yy/sight/pfa-nav/install/rmoss_interfaces/lib:/usr/lib/x86_64-linux-gnu/gazebo-11/plugins:/opt/ros/humble/opt/rviz_ogre_vendor/lib:/opt/ros/humble/lib/x86_64-linux-gnu:/opt/ros/humble/lib:/opt/MVS/lib/64:/opt/MVS/lib/32:/opt/MVS/lib/64:/opt/MVS/lib/32:/opt/MVS/lib/64:/opt/MVS/lib/32 PYTHONPATH=/home/yy/sight/pfa-nav/install/rmoss_interfaces/local/lib/python3.10/dist-packages:${PYTHONPATH} /usr/bin/cmake --install /home/yy/sight/pfa-nav/build/rmoss_cam
[25.125s] -- Install configuration: "Release"
[25.125s] -- Execute custom install script
[25.125s] -- Symlinking: /home/yy/sight/pfa-nav/install/rmoss_cam/lib/rmoss_cam/usb_cam
[25.133s] -- Symlinking: /home/yy/sight/pfa-nav/install/rmoss_cam/lib/rmoss_cam/virtual_cam
[25.138s] -- Symlinking: /home/yy/sight/pfa-nav/install/rmoss_cam/lib/rmoss_cam/image_task_demo
[25.144s] -- Symlinking: /home/yy/sight/pfa-nav/install/rmoss_cam/include/rmoss_cam/cam_client.hpp
[25.151s] -- Symlinking: /home/yy/sight/pfa-nav/install/rmoss_cam/include/rmoss_cam/cam_interface.hpp
[25.155s] -- Symlinking: /home/yy/sight/pfa-nav/install/rmoss_cam/include/rmoss_cam/cam_server.hpp
[25.163s] -- Symlinking: /home/yy/sight/pfa-nav/install/rmoss_cam/include/rmoss_cam/image_task_demo_node.hpp
[25.168s] -- Symlinking: /home/yy/sight/pfa-nav/install/rmoss_cam/include/rmoss_cam/usb_cam.hpp
[25.173s] -- Symlinking: /home/yy/sight/pfa-nav/install/rmoss_cam/include/rmoss_cam/usb_cam_node.hpp
[25.181s] -- Symlinking: /home/yy/sight/pfa-nav/install/rmoss_cam/include/rmoss_cam/virtual_cam.hpp
[25.185s] -- Symlinking: /home/yy/sight/pfa-nav/install/rmoss_cam/include/rmoss_cam/virtual_cam_node.hpp
[25.192s] -- Symlinking: /home/yy/sight/pfa-nav/install/rmoss_cam/lib/rmoss_cam/benchmark_test
[25.198s] -- Symlinking: /home/yy/sight/pfa-nav/install/rmoss_cam/share/rmoss_cam/launch/benchmark.launch.py
[25.203s] -- Symlinking: /home/yy/sight/pfa-nav/install/rmoss_cam/share/rmoss_cam/launch/composition.launch.py
[25.207s] -- Symlinking: /home/yy/sight/pfa-nav/install/rmoss_cam/share/rmoss_cam/launch/usb_cam.launch.py
[25.215s] -- Symlinking: /home/yy/sight/pfa-nav/install/rmoss_cam/share/rmoss_cam/launch/virtual_image_cam.launch.py
[25.221s] -- Symlinking: /home/yy/sight/pfa-nav/install/rmoss_cam/share/rmoss_cam/resource/image_cam_calibration.yaml
[25.227s] -- Symlinking: /home/yy/sight/pfa-nav/install/rmoss_cam/share/rmoss_cam/resource/test.jpg
[25.234s] -- Symlinking: /home/yy/sight/pfa-nav/install/rmoss_cam/share/rmoss_cam/config/cam_params.yaml
[25.242s] -- Symlinking: /home/yy/sight/pfa-nav/install/rmoss_cam/share/rmoss_cam/scripts/task_client.py
[25.247s] -- Symlinking: /home/yy/sight/pfa-nav/install/rmoss_cam/share/ament_index/resource_index/package_run_dependencies/rmoss_cam
[25.254s] -- Symlinking: /home/yy/sight/pfa-nav/install/rmoss_cam/share/ament_index/resource_index/parent_prefix_path/rmoss_cam
[25.262s] -- Symlinking: /home/yy/sight/pfa-nav/install/rmoss_cam/share/rmoss_cam/environment/ament_prefix_path.sh
[25.267s] -- Symlinking: /home/yy/sight/pfa-nav/install/rmoss_cam/share/rmoss_cam/environment/ament_prefix_path.dsv
[25.272s] -- Symlinking: /home/yy/sight/pfa-nav/install/rmoss_cam/share/rmoss_cam/environment/path.sh
[25.279s] -- Symlinking: /home/yy/sight/pfa-nav/install/rmoss_cam/share/rmoss_cam/environment/path.dsv
[25.285s] -- Symlinking: /home/yy/sight/pfa-nav/install/rmoss_cam/share/rmoss_cam/local_setup.bash
[25.293s] -- Symlinking: /home/yy/sight/pfa-nav/install/rmoss_cam/share/rmoss_cam/local_setup.sh
[25.299s] -- Symlinking: /home/yy/sight/pfa-nav/install/rmoss_cam/share/rmoss_cam/local_setup.zsh
[25.304s] -- Symlinking: /home/yy/sight/pfa-nav/install/rmoss_cam/share/rmoss_cam/local_setup.dsv
[25.312s] -- Symlinking: /home/yy/sight/pfa-nav/install/rmoss_cam/share/rmoss_cam/package.dsv
[25.319s] -- Symlinking: /home/yy/sight/pfa-nav/install/rmoss_cam/share/ament_index/resource_index/packages/rmoss_cam
[25.325s] -- Symlinking: /home/yy/sight/pfa-nav/install/rmoss_cam/share/ament_index/resource_index/rclcpp_components/rmoss_cam
[25.331s] -- Symlinking: /home/yy/sight/pfa-nav/install/rmoss_cam/share/rmoss_cam/cmake/ament_cmake_export_targets-extras.cmake
[25.338s] -- Symlinking: /home/yy/sight/pfa-nav/install/rmoss_cam/share/rmoss_cam/cmake/ament_cmake_export_dependencies-extras.cmake
[25.344s] -- Symlinking: /home/yy/sight/pfa-nav/install/rmoss_cam/share/rmoss_cam/cmake/rmoss_camConfig.cmake
[25.351s] -- Symlinking: /home/yy/sight/pfa-nav/install/rmoss_cam/share/rmoss_cam/cmake/rmoss_camConfig-version.cmake
[25.356s] -- Symlinking: /home/yy/sight/pfa-nav/install/rmoss_cam/share/rmoss_cam/package.xml
[25.363s] -- Installing: /home/yy/sight/pfa-nav/install/rmoss_cam/lib/librmoss_cam.so
[25.364s] -- Set runtime path of "/home/yy/sight/pfa-nav/install/rmoss_cam/lib/librmoss_cam.so" to ""
[25.364s] -- Installing: /home/yy/sight/pfa-nav/install/rmoss_cam/lib/libusb_cam_component.so
[25.364s] -- Set runtime path of "/home/yy/sight/pfa-nav/install/rmoss_cam/lib/libusb_cam_component.so" to ""
[25.364s] -- Installing: /home/yy/sight/pfa-nav/install/rmoss_cam/lib/libvirtual_cam_component.so
[25.365s] -- Set runtime path of "/home/yy/sight/pfa-nav/install/rmoss_cam/lib/libvirtual_cam_component.so" to ""
[25.365s] -- Installing: /home/yy/sight/pfa-nav/install/rmoss_cam/lib/libimage_task_demo_component.so
[25.365s] -- Set runtime path of "/home/yy/sight/pfa-nav/install/rmoss_cam/lib/libimage_task_demo_component.so" to ""
[25.365s] -- Installing: /home/yy/sight/pfa-nav/install/rmoss_cam/share/rmoss_cam/cmake/export_rmoss_camExport.cmake
[25.365s] -- Installing: /home/yy/sight/pfa-nav/install/rmoss_cam/share/rmoss_cam/cmake/export_rmoss_camExport-release.cmake
[25.367s] Invoked command in '/home/yy/sight/pfa-nav/build/rmoss_cam' returned '0': AMENT_PREFIX_PATH=/home/yy/sight/pfa-nav/install/rmoss_util:/home/yy/sight/pfa-nav/install/rmoss_interfaces:${AMENT_PREFIX_PATH} CMAKE_PREFIX_PATH=/home/yy/sight/pfa-nav/install/rmoss_util:/home/yy/sight/pfa-nav/install/rmoss_interfaces:/opt/ros/humble LD_LIBRARY_PATH=/home/yy/sight/pfa-nav/install/rmoss_util/lib:/home/yy/sight/pfa-nav/install/rmoss_interfaces/lib:/usr/lib/x86_64-linux-gnu/gazebo-11/plugins:/opt/ros/humble/opt/rviz_ogre_vendor/lib:/opt/ros/humble/lib/x86_64-linux-gnu:/opt/ros/humble/lib:/opt/MVS/lib/64:/opt/MVS/lib/32:/opt/MVS/lib/64:/opt/MVS/lib/32:/opt/MVS/lib/64:/opt/MVS/lib/32 PYTHONPATH=/home/yy/sight/pfa-nav/install/rmoss_interfaces/local/lib/python3.10/dist-packages:${PYTHONPATH} /usr/bin/cmake --install /home/yy/sight/pfa-nav/build/rmoss_cam
