[0.005s] Invoking command in '/home/yy/sight/pfa-nav/build/livox_ros_driver2': CMAKE_PREFIX_PATH=/opt/ros/humble /usr/bin/cmake --build /home/yy/sight/pfa-nav/build/livox_ros_driver2 -- -j20 -l20
[0.034s] -- livox_ros_driver2 version: 1.2.4
[0.035s] -- Found ament_cmake_auto: 1.3.12 (/opt/ros/humble/share/ament_cmake_auto/cmake)
[0.097s] -- Override CMake install command with custom implementation using symlinks instead of copying resources
[0.140s] -- Using all available rosidl_typesupport_c: rosidl_typesupport_fastrtps_c;rosidl_typesupport_introspection_c
[0.141s] -- Found rosidl_adapter: 3.1.7 (/opt/ros/humble/share/rosidl_adapter/cmake)
[0.158s] -- Using all available rosidl_typesupport_cpp: rosidl_typesupport_fastrtps_cpp;rosidl_typesupport_introspection_cpp
[0.188s] -- Found rmw_implementation_cmake: 6.1.2 (/opt/ros/humble/share/rmw_implementation_cmake/cmake)
[0.189s] -- Found rmw_fastrtps_cpp: 6.2.9 (/opt/ros/humble/share/rmw_fastrtps_cpp/cmake)
[0.248s] -- Using RMW implementation 'rmw_fastrtps_cpp' as default
[0.316s] -- Eigen found (include: /usr/include/eigen3, version: 3.4.0)
[0.340s] -- FLANN found (include: /usr/include, lib: /usr/lib/x86_64-linux-gnu/libflann_cpp.so)
[0.617s] -- OpenNI found (version: 1.5.4.0, include: /usr/include/ni, lib: /usr/lib/libOpenNI.so;libusb::libusb)
[0.620s] -- OpenNI2 found (version: 2.2.0.33, include: /usr/include/openni2, lib: /usr/lib/x86_64-linux-gnu/libOpenNI2.so;libusb::libusb)
[0.699s] -- Eigen found (include: /usr/include/eigen3, version: 3.4.0)
[0.703s] -- OpenNI found (version: 1.5.4.0, include: /usr/include/ni, lib: /usr/lib/libOpenNI.so;libusb::libusb)
[0.706s] -- OpenNI2 found (version: 2.2.0.33, include: /usr/include/openni2, lib: /usr/lib/x86_64-linux-gnu/libOpenNI2.so;libusb::libusb)
[0.784s] -- Found Qhull version 8.0.2
[0.868s] -- OpenNI found (version: 1.5.4.0, include: /usr/include/ni, lib: /usr/lib/libOpenNI.so;libusb::libusb)
[1.074s] -- Found ament_cmake_ros: 0.10.0 (/opt/ros/humble/share/ament_cmake_ros/cmake)
[1.176s] -- Using all available rosidl_typesupport_c: rosidl_typesupport_fastrtps_c;rosidl_typesupport_introspection_c
[1.307s] -- Using all available rosidl_typesupport_cpp: rosidl_typesupport_fastrtps_cpp;rosidl_typesupport_introspection_cpp
[1.318s] -- Found python_cmake_module: 0.10.0 (/opt/ros/humble/share/python_cmake_module/cmake)
[1.327s] -- Using PYTHON_EXECUTABLE: /usr/bin/python3
[1.327s] -- Using PYTHON_INCLUDE_DIRS: /usr/include/python3.10
[1.327s] -- Using PYTHON_LIBRARIES: /usr/lib/x86_64-linux-gnu/libpython3.10.so
[1.346s] -- Found ament_lint_auto: 0.12.14 (/opt/ros/humble/share/ament_lint_auto/cmake)
[1.353s] -- Added test 'copyright' to check source files copyright and LICENSE
[1.355s] -- Added test 'cppcheck' to perform static code analysis on C / C++ code
[1.355s] -- Configured cppcheck include dirs: /home/yy/sight/pfa-nav/src/pb2025_sentry_nav/livox_ros_driver2/Livox-SDK2/include;/home/yy/sight/pfa-nav/src/pb2025_sentry_nav/livox_ros_driver2/3rdparty;/home/yy/sight/pfa-nav/src/pb2025_sentry_nav/livox_ros_driver2/src
[1.355s] -- Configured cppcheck exclude dirs and/or files: 
[1.357s] -- Added test 'cpplint' to check C / C++ code against the Google style
[1.357s] -- Configured cpplint exclude dirs and/or files: 
[1.357s] -- Added test 'flake8' to check Python code syntax and style conventions
[1.357s] -- Added test 'lint_cmake' to check CMake code style
[1.358s] -- Added test 'pep257' to check Python code against some of the docstring style conventions in PEP 257
[1.359s] -- Added test 'uncrustify' to check C / C++ code style
[1.359s] -- Configured uncrustify additional arguments: 
[1.359s] -- Added test 'xmllint' to check XML markup files
[1.361s] -- Configuring done
[1.429s] -- Generating done
[1.439s] -- Build files have been written to: /home/yy/sight/pfa-nav/build/livox_ros_driver2
[1.467s] [35m[1mConsolidate compiler generated dependencies of target livox_interfaces2__rosidl_generator_c[0m
[1.468s] [35m[1mConsolidate compiler generated dependencies of target livox_ros_driver2_node[0m
[1.476s] [  1%] Built target livox_interfaces2__cpp
[1.477s] [  8%] Built target livox_interfaces2__rosidl_generator_c
[1.485s] [ 12%] Built target livox_ros_driver2_node
[1.485s] [35m[1mConsolidate compiler generated dependencies of target livox_interfaces2__rosidl_typesupport_introspection_cpp[0m
[1.485s] [ 12%] Built target ament_cmake_python_symlink_livox_ros_driver2
[1.485s] [35m[1mConsolidate compiler generated dependencies of target livox_interfaces2__rosidl_typesupport_cpp[0m
[1.485s] [35m[1mConsolidate compiler generated dependencies of target livox_interfaces2__rosidl_typesupport_fastrtps_cpp[0m
[1.486s] [35m[1mConsolidate compiler generated dependencies of target livox_interfaces2__rosidl_typesupport_fastrtps_c[0m
[1.487s] [35m[1mConsolidate compiler generated dependencies of target livox_interfaces2__rosidl_typesupport_introspection_c[0m
[1.489s] [35m[1mConsolidate compiler generated dependencies of target livox_interfaces2__rosidl_typesupport_c[0m
[1.494s] [ 26%] Built target livox_interfaces2__rosidl_typesupport_fastrtps_cpp
[1.494s] [ 26%] Built target livox_interfaces2__rosidl_typesupport_cpp
[1.494s] [ 33%] Built target livox_interfaces2__rosidl_typesupport_fastrtps_c
[1.496s] [ 45%] Built target livox_interfaces2__rosidl_typesupport_introspection_cpp
[1.496s] [ 47%] Built target livox_interfaces2__rosidl_typesupport_introspection_c
[1.496s] [ 54%] Built target livox_interfaces2__rosidl_typesupport_c
[1.508s] [35m[1mConsolidate compiler generated dependencies of target livox_ros_driver2[0m
[1.510s] [ 54%] Built target livox_interfaces2
[1.525s] [ 56%] Built target livox_interfaces2__py
[1.535s] [35m[1mConsolidate compiler generated dependencies of target livox_interfaces2__rosidl_generator_py[0m
[1.545s] [ 61%] Built target livox_interfaces2__rosidl_generator_py
[1.547s] [ 63%] [32mBuilding CXX object CMakeFiles/livox_ros_driver2.dir/src/livox_ros_driver2.cpp.o[0m
[1.547s] [ 64%] [32mBuilding CXX object CMakeFiles/livox_ros_driver2.dir/src/lddc.cpp.o[0m
[1.548s] [ 66%] [32mBuilding CXX object CMakeFiles/livox_ros_driver2.dir/src/driver_node.cpp.o[0m
[1.552s] [35m[1mConsolidate compiler generated dependencies of target livox_ros_driver2__rosidl_typesupport_introspection_c__pyext[0m
[1.553s] [35m[1mConsolidate compiler generated dependencies of target livox_ros_driver2__rosidl_typesupport_c__pyext[0m
[1.553s] [35m[1mConsolidate compiler generated dependencies of target livox_ros_driver2__rosidl_typesupport_fastrtps_c__pyext[0m
[1.561s] [ 70%] Built target livox_ros_driver2__rosidl_typesupport_introspection_c__pyext
[1.561s] [ 73%] Built target livox_ros_driver2__rosidl_typesupport_c__pyext
[1.562s] [ 77%] Built target livox_ros_driver2__rosidl_typesupport_fastrtps_c__pyext
[1.595s] running egg_info
[1.596s] writing livox_ros_driver2.egg-info/PKG-INFO
[1.596s] writing dependency_links to livox_ros_driver2.egg-info/dependency_links.txt
[1.596s] writing top-level names to livox_ros_driver2.egg-info/top_level.txt
[1.597s] reading manifest file 'livox_ros_driver2.egg-info/SOURCES.txt'
[1.597s] writing manifest file 'livox_ros_driver2.egg-info/SOURCES.txt'
[1.614s] [ 77%] Built target ament_cmake_python_build_livox_ros_driver2_egg
[6.307s] [ 78%] [32m[1mLinking CXX shared library liblivox_ros_driver2.so[0m
[6.655s] [100%] Built target livox_ros_driver2
[6.661s] Invoked command in '/home/yy/sight/pfa-nav/build/livox_ros_driver2' returned '0': CMAKE_PREFIX_PATH=/opt/ros/humble /usr/bin/cmake --build /home/yy/sight/pfa-nav/build/livox_ros_driver2 -- -j20 -l20
[6.662s] Invoking command in '/home/yy/sight/pfa-nav/build/livox_ros_driver2': CMAKE_PREFIX_PATH=/opt/ros/humble /usr/bin/cmake --install /home/yy/sight/pfa-nav/build/livox_ros_driver2
[6.667s] -- Install configuration: "Release"
[6.667s] -- Execute custom install script
[6.667s] -- Up-to-date symlink: /home/yy/sight/pfa-nav/install/livox_ros_driver2/share/ament_index/resource_index/rosidl_interfaces/livox_ros_driver2
[6.667s] -- Up-to-date symlink: /home/yy/sight/pfa-nav/install/livox_ros_driver2/include/livox_ros_driver2/livox_ros_driver2/msg/custom_msg.h
[6.667s] -- Up-to-date symlink: /home/yy/sight/pfa-nav/install/livox_ros_driver2/include/livox_ros_driver2/livox_ros_driver2/msg/custom_point.h
[6.667s] -- Up-to-date symlink: /home/yy/sight/pfa-nav/install/livox_ros_driver2/include/livox_ros_driver2/livox_ros_driver2/msg/detail/custom_msg__functions.h
[6.667s] -- Up-to-date symlink: /home/yy/sight/pfa-nav/install/livox_ros_driver2/include/livox_ros_driver2/livox_ros_driver2/msg/detail/custom_msg__struct.h
[6.667s] -- Up-to-date symlink: /home/yy/sight/pfa-nav/install/livox_ros_driver2/include/livox_ros_driver2/livox_ros_driver2/msg/detail/custom_msg__type_support.h
[6.667s] -- Up-to-date symlink: /home/yy/sight/pfa-nav/install/livox_ros_driver2/include/livox_ros_driver2/livox_ros_driver2/msg/detail/custom_point__functions.h
[6.667s] -- Up-to-date symlink: /home/yy/sight/pfa-nav/install/livox_ros_driver2/include/livox_ros_driver2/livox_ros_driver2/msg/detail/custom_point__struct.h
[6.667s] -- Up-to-date symlink: /home/yy/sight/pfa-nav/install/livox_ros_driver2/include/livox_ros_driver2/livox_ros_driver2/msg/detail/custom_point__type_support.h
[6.667s] -- Up-to-date symlink: /home/yy/sight/pfa-nav/install/livox_ros_driver2/include/livox_ros_driver2/livox_ros_driver2/msg/rosidl_generator_c__visibility_control.h
[6.667s] -- Up-to-date symlink: /home/yy/sight/pfa-nav/install/livox_ros_driver2/share/livox_ros_driver2/environment/library_path.sh
[6.668s] -- Up-to-date symlink: /home/yy/sight/pfa-nav/install/livox_ros_driver2/share/livox_ros_driver2/environment/library_path.dsv
[6.668s] -- Up-to-date symlink: /home/yy/sight/pfa-nav/install/livox_ros_driver2/include/livox_ros_driver2/livox_ros_driver2/msg/detail/custom_msg__rosidl_typesupport_fastrtps_c.h
[6.668s] -- Up-to-date symlink: /home/yy/sight/pfa-nav/install/livox_ros_driver2/include/livox_ros_driver2/livox_ros_driver2/msg/detail/custom_point__rosidl_typesupport_fastrtps_c.h
[6.668s] -- Up-to-date symlink: /home/yy/sight/pfa-nav/install/livox_ros_driver2/include/livox_ros_driver2/livox_ros_driver2/msg/rosidl_typesupport_fastrtps_c__visibility_control.h
[6.668s] -- Up-to-date symlink: /home/yy/sight/pfa-nav/install/livox_ros_driver2/include/livox_ros_driver2/livox_ros_driver2/msg/detail/custom_msg__rosidl_typesupport_introspection_c.h
[6.668s] -- Up-to-date symlink: /home/yy/sight/pfa-nav/install/livox_ros_driver2/include/livox_ros_driver2/livox_ros_driver2/msg/detail/custom_point__rosidl_typesupport_introspection_c.h
[6.668s] -- Up-to-date symlink: /home/yy/sight/pfa-nav/install/livox_ros_driver2/include/livox_ros_driver2/livox_ros_driver2/msg/rosidl_typesupport_introspection_c__visibility_control.h
[6.668s] -- Up-to-date symlink: /home/yy/sight/pfa-nav/install/livox_ros_driver2/include/livox_ros_driver2/livox_ros_driver2/msg/custom_msg.hpp
[6.668s] -- Up-to-date symlink: /home/yy/sight/pfa-nav/install/livox_ros_driver2/include/livox_ros_driver2/livox_ros_driver2/msg/custom_point.hpp
[6.668s] -- Up-to-date symlink: /home/yy/sight/pfa-nav/install/livox_ros_driver2/include/livox_ros_driver2/livox_ros_driver2/msg/detail/custom_msg__builder.hpp
[6.668s] -- Up-to-date symlink: /home/yy/sight/pfa-nav/install/livox_ros_driver2/include/livox_ros_driver2/livox_ros_driver2/msg/detail/custom_msg__struct.hpp
[6.668s] -- Up-to-date symlink: /home/yy/sight/pfa-nav/install/livox_ros_driver2/include/livox_ros_driver2/livox_ros_driver2/msg/detail/custom_msg__traits.hpp
[6.668s] -- Up-to-date symlink: /home/yy/sight/pfa-nav/install/livox_ros_driver2/include/livox_ros_driver2/livox_ros_driver2/msg/detail/custom_msg__type_support.hpp
[6.668s] -- Up-to-date symlink: /home/yy/sight/pfa-nav/install/livox_ros_driver2/include/livox_ros_driver2/livox_ros_driver2/msg/detail/custom_point__builder.hpp
[6.668s] -- Up-to-date symlink: /home/yy/sight/pfa-nav/install/livox_ros_driver2/include/livox_ros_driver2/livox_ros_driver2/msg/detail/custom_point__struct.hpp
[6.668s] -- Up-to-date symlink: /home/yy/sight/pfa-nav/install/livox_ros_driver2/include/livox_ros_driver2/livox_ros_driver2/msg/detail/custom_point__traits.hpp
[6.668s] -- Up-to-date symlink: /home/yy/sight/pfa-nav/install/livox_ros_driver2/include/livox_ros_driver2/livox_ros_driver2/msg/detail/custom_point__type_support.hpp
[6.669s] -- Up-to-date symlink: /home/yy/sight/pfa-nav/install/livox_ros_driver2/include/livox_ros_driver2/livox_ros_driver2/msg/rosidl_generator_cpp__visibility_control.hpp
[6.669s] -- Up-to-date symlink: /home/yy/sight/pfa-nav/install/livox_ros_driver2/include/livox_ros_driver2/livox_ros_driver2/msg/detail/custom_msg__rosidl_typesupport_fastrtps_cpp.hpp
[6.669s] -- Up-to-date symlink: /home/yy/sight/pfa-nav/install/livox_ros_driver2/include/livox_ros_driver2/livox_ros_driver2/msg/detail/custom_point__rosidl_typesupport_fastrtps_cpp.hpp
[6.669s] -- Up-to-date symlink: /home/yy/sight/pfa-nav/install/livox_ros_driver2/include/livox_ros_driver2/livox_ros_driver2/msg/rosidl_typesupport_fastrtps_cpp__visibility_control.h
[6.669s] -- Up-to-date symlink: /home/yy/sight/pfa-nav/install/livox_ros_driver2/include/livox_ros_driver2/livox_ros_driver2/msg/detail/custom_msg__rosidl_typesupport_introspection_cpp.hpp
[6.669s] -- Up-to-date symlink: /home/yy/sight/pfa-nav/install/livox_ros_driver2/include/livox_ros_driver2/livox_ros_driver2/msg/detail/custom_point__rosidl_typesupport_introspection_cpp.hpp
[6.669s] -- Up-to-date symlink: /home/yy/sight/pfa-nav/install/livox_ros_driver2/share/livox_ros_driver2/environment/pythonpath.sh
[6.669s] -- Up-to-date symlink: /home/yy/sight/pfa-nav/install/livox_ros_driver2/share/livox_ros_driver2/environment/pythonpath.dsv
[6.669s] -- Up-to-date symlink: /home/yy/sight/pfa-nav/install/livox_ros_driver2/local/lib/python3.10/dist-packages/livox_ros_driver2-1.1.0-py3.10.egg-info/PKG-INFO
[6.669s] -- Up-to-date symlink: /home/yy/sight/pfa-nav/install/livox_ros_driver2/local/lib/python3.10/dist-packages/livox_ros_driver2-1.1.0-py3.10.egg-info/SOURCES.txt
[6.669s] -- Up-to-date symlink: /home/yy/sight/pfa-nav/install/livox_ros_driver2/local/lib/python3.10/dist-packages/livox_ros_driver2-1.1.0-py3.10.egg-info/dependency_links.txt
[6.669s] -- Up-to-date symlink: /home/yy/sight/pfa-nav/install/livox_ros_driver2/local/lib/python3.10/dist-packages/livox_ros_driver2-1.1.0-py3.10.egg-info/top_level.txt
[6.670s] -- Up-to-date symlink: /home/yy/sight/pfa-nav/install/livox_ros_driver2/local/lib/python3.10/dist-packages/livox_ros_driver2/__init__.py
[6.670s] -- Up-to-date symlink: /home/yy/sight/pfa-nav/install/livox_ros_driver2/local/lib/python3.10/dist-packages/livox_ros_driver2/_livox_ros_driver2_s.ep.rosidl_typesupport_c.c
[6.670s] -- Up-to-date symlink: /home/yy/sight/pfa-nav/install/livox_ros_driver2/local/lib/python3.10/dist-packages/livox_ros_driver2/_livox_ros_driver2_s.ep.rosidl_typesupport_fastrtps_c.c
[6.670s] -- Up-to-date symlink: /home/yy/sight/pfa-nav/install/livox_ros_driver2/local/lib/python3.10/dist-packages/livox_ros_driver2/_livox_ros_driver2_s.ep.rosidl_typesupport_introspection_c.c
[6.670s] -- Up-to-date symlink: /home/yy/sight/pfa-nav/install/livox_ros_driver2/local/lib/python3.10/dist-packages/livox_ros_driver2/liblivox_interfaces2__rosidl_generator_py.so
[6.670s] -- Up-to-date symlink: /home/yy/sight/pfa-nav/install/livox_ros_driver2/local/lib/python3.10/dist-packages/livox_ros_driver2/livox_ros_driver2_s__rosidl_typesupport_c.cpython-310-x86_64-linux-gnu.so
[6.670s] -- Up-to-date symlink: /home/yy/sight/pfa-nav/install/livox_ros_driver2/local/lib/python3.10/dist-packages/livox_ros_driver2/livox_ros_driver2_s__rosidl_typesupport_fastrtps_c.cpython-310-x86_64-linux-gnu.so
[6.670s] -- Up-to-date symlink: /home/yy/sight/pfa-nav/install/livox_ros_driver2/local/lib/python3.10/dist-packages/livox_ros_driver2/livox_ros_driver2_s__rosidl_typesupport_introspection_c.cpython-310-x86_64-linux-gnu.so
[6.670s] -- Up-to-date symlink: /home/yy/sight/pfa-nav/install/livox_ros_driver2/local/lib/python3.10/dist-packages/livox_ros_driver2/msg/__init__.py
[6.670s] -- Up-to-date symlink: /home/yy/sight/pfa-nav/install/livox_ros_driver2/local/lib/python3.10/dist-packages/livox_ros_driver2/msg/_custom_msg.py
[6.670s] -- Up-to-date symlink: /home/yy/sight/pfa-nav/install/livox_ros_driver2/local/lib/python3.10/dist-packages/livox_ros_driver2/msg/_custom_msg_s.c
[6.670s] -- Up-to-date symlink: /home/yy/sight/pfa-nav/install/livox_ros_driver2/local/lib/python3.10/dist-packages/livox_ros_driver2/msg/_custom_point.py
[6.670s] -- Up-to-date symlink: /home/yy/sight/pfa-nav/install/livox_ros_driver2/local/lib/python3.10/dist-packages/livox_ros_driver2/msg/_custom_point_s.c
[6.670s] -- Up-to-date symlink: /home/yy/sight/pfa-nav/install/livox_ros_driver2/local/lib/python3.10/dist-packages/livox_ros_driver2/livox_ros_driver2_s__rosidl_typesupport_fastrtps_c.cpython-310-x86_64-linux-gnu.so
[6.670s] -- Up-to-date symlink: /home/yy/sight/pfa-nav/install/livox_ros_driver2/local/lib/python3.10/dist-packages/livox_ros_driver2/livox_ros_driver2_s__rosidl_typesupport_introspection_c.cpython-310-x86_64-linux-gnu.so
[6.670s] -- Up-to-date symlink: /home/yy/sight/pfa-nav/install/livox_ros_driver2/local/lib/python3.10/dist-packages/livox_ros_driver2/livox_ros_driver2_s__rosidl_typesupport_c.cpython-310-x86_64-linux-gnu.so
[6.670s] -- Up-to-date symlink: /home/yy/sight/pfa-nav/install/livox_ros_driver2/share/livox_ros_driver2/msg/CustomPoint.idl
[6.670s] -- Up-to-date symlink: /home/yy/sight/pfa-nav/install/livox_ros_driver2/share/livox_ros_driver2/msg/CustomMsg.idl
[6.670s] -- Up-to-date symlink: /home/yy/sight/pfa-nav/install/livox_ros_driver2/share/livox_ros_driver2/msg/CustomPoint.msg
[6.670s] -- Up-to-date symlink: /home/yy/sight/pfa-nav/install/livox_ros_driver2/share/livox_ros_driver2/msg/CustomMsg.msg
[6.671s] -- Up-to-date symlink: /home/yy/sight/pfa-nav/install/livox_ros_driver2/lib/livox_ros_driver2/livox_ros_driver2_node
[6.671s] -- Up-to-date symlink: /home/yy/sight/pfa-nav/install/livox_ros_driver2/lib/liblivox_ros_driver2.so
[6.671s] -- Up-to-date symlink: /home/yy/sight/pfa-nav/install/livox_ros_driver2/share/livox_ros_driver2/config/HAP_config.json
[6.671s] -- Up-to-date symlink: /home/yy/sight/pfa-nav/install/livox_ros_driver2/share/livox_ros_driver2/config/MID360_config.json
[6.671s] -- Up-to-date symlink: /home/yy/sight/pfa-nav/install/livox_ros_driver2/share/livox_ros_driver2/config/display_point_cloud.rviz
[6.671s] -- Up-to-date symlink: /home/yy/sight/pfa-nav/install/livox_ros_driver2/share/livox_ros_driver2/config/mixed_HAP_MID360_config.json
[6.671s] -- Up-to-date symlink: /home/yy/sight/pfa-nav/install/livox_ros_driver2/share/livox_ros_driver2/launch/msg_HAP_launch.py
[6.671s] -- Up-to-date symlink: /home/yy/sight/pfa-nav/install/livox_ros_driver2/share/livox_ros_driver2/launch/msg_MID360_launch.py
[6.671s] -- Up-to-date symlink: /home/yy/sight/pfa-nav/install/livox_ros_driver2/share/livox_ros_driver2/launch/rviz_HAP_launch.py
[6.671s] -- Up-to-date symlink: /home/yy/sight/pfa-nav/install/livox_ros_driver2/share/livox_ros_driver2/launch/rviz_MID360_launch.py
[6.671s] -- Up-to-date symlink: /home/yy/sight/pfa-nav/install/livox_ros_driver2/share/livox_ros_driver2/launch/rviz_mixed.py
[6.671s] -- Up-to-date symlink: /home/yy/sight/pfa-nav/install/livox_ros_driver2/share/ament_index/resource_index/package_run_dependencies/livox_ros_driver2
[6.671s] -- Up-to-date symlink: /home/yy/sight/pfa-nav/install/livox_ros_driver2/share/ament_index/resource_index/parent_prefix_path/livox_ros_driver2
[6.671s] -- Up-to-date symlink: /home/yy/sight/pfa-nav/install/livox_ros_driver2/share/livox_ros_driver2/environment/ament_prefix_path.sh
[6.671s] -- Up-to-date symlink: /home/yy/sight/pfa-nav/install/livox_ros_driver2/share/livox_ros_driver2/environment/ament_prefix_path.dsv
[6.672s] -- Up-to-date symlink: /home/yy/sight/pfa-nav/install/livox_ros_driver2/share/livox_ros_driver2/environment/path.sh
[6.672s] -- Up-to-date symlink: /home/yy/sight/pfa-nav/install/livox_ros_driver2/share/livox_ros_driver2/environment/path.dsv
[6.672s] -- Up-to-date symlink: /home/yy/sight/pfa-nav/install/livox_ros_driver2/share/livox_ros_driver2/local_setup.bash
[6.672s] -- Up-to-date symlink: /home/yy/sight/pfa-nav/install/livox_ros_driver2/share/livox_ros_driver2/local_setup.sh
[6.672s] -- Up-to-date symlink: /home/yy/sight/pfa-nav/install/livox_ros_driver2/share/livox_ros_driver2/local_setup.zsh
[6.672s] -- Up-to-date symlink: /home/yy/sight/pfa-nav/install/livox_ros_driver2/share/livox_ros_driver2/local_setup.dsv
[6.672s] -- Symlinking: /home/yy/sight/pfa-nav/install/livox_ros_driver2/share/livox_ros_driver2/package.dsv
[6.677s] -- Up-to-date symlink: /home/yy/sight/pfa-nav/install/livox_ros_driver2/share/ament_index/resource_index/packages/livox_ros_driver2
[6.677s] -- Up-to-date symlink: /home/yy/sight/pfa-nav/install/livox_ros_driver2/share/ament_index/resource_index/rclcpp_components/livox_ros_driver2
[6.677s] -- Up-to-date symlink: /home/yy/sight/pfa-nav/install/livox_ros_driver2/share/livox_ros_driver2/cmake/rosidl_cmake-extras.cmake
[6.677s] -- Up-to-date symlink: /home/yy/sight/pfa-nav/install/livox_ros_driver2/share/livox_ros_driver2/cmake/ament_cmake_export_dependencies-extras.cmake
[6.677s] -- Up-to-date symlink: /home/yy/sight/pfa-nav/install/livox_ros_driver2/share/livox_ros_driver2/cmake/ament_cmake_export_include_directories-extras.cmake
[6.677s] -- Up-to-date symlink: /home/yy/sight/pfa-nav/install/livox_ros_driver2/share/livox_ros_driver2/cmake/ament_cmake_export_libraries-extras.cmake
[6.677s] -- Up-to-date symlink: /home/yy/sight/pfa-nav/install/livox_ros_driver2/share/livox_ros_driver2/cmake/ament_cmake_export_targets-extras.cmake
[6.677s] -- Up-to-date symlink: /home/yy/sight/pfa-nav/install/livox_ros_driver2/share/livox_ros_driver2/cmake/rosidl_cmake_export_typesupport_targets-extras.cmake
[6.677s] -- Up-to-date symlink: /home/yy/sight/pfa-nav/install/livox_ros_driver2/share/livox_ros_driver2/cmake/rosidl_cmake_export_typesupport_libraries-extras.cmake
[6.677s] -- Up-to-date symlink: /home/yy/sight/pfa-nav/install/livox_ros_driver2/share/livox_ros_driver2/cmake/livox_ros_driver2Config.cmake
[6.677s] -- Up-to-date symlink: /home/yy/sight/pfa-nav/install/livox_ros_driver2/share/livox_ros_driver2/cmake/livox_ros_driver2Config-version.cmake
[6.677s] -- Up-to-date symlink: /home/yy/sight/pfa-nav/install/livox_ros_driver2/share/livox_ros_driver2/package.xml
[6.678s] -- Up-to-date: /home/yy/sight/pfa-nav/install/livox_ros_driver2/lib/liblivox_ros_driver2__rosidl_generator_c.so
[6.678s] -- Up-to-date: /home/yy/sight/pfa-nav/install/livox_ros_driver2/lib/liblivox_ros_driver2__rosidl_typesupport_fastrtps_c.so
[6.679s] -- Up-to-date: /home/yy/sight/pfa-nav/install/livox_ros_driver2/lib/liblivox_ros_driver2__rosidl_typesupport_introspection_c.so
[6.679s] -- Up-to-date: /home/yy/sight/pfa-nav/install/livox_ros_driver2/lib/liblivox_ros_driver2__rosidl_typesupport_c.so
[6.680s] -- Up-to-date: /home/yy/sight/pfa-nav/install/livox_ros_driver2/lib/liblivox_ros_driver2__rosidl_typesupport_fastrtps_cpp.so
[6.680s] -- Up-to-date: /home/yy/sight/pfa-nav/install/livox_ros_driver2/lib/liblivox_ros_driver2__rosidl_typesupport_introspection_cpp.so
[6.680s] -- Up-to-date: /home/yy/sight/pfa-nav/install/livox_ros_driver2/lib/liblivox_ros_driver2__rosidl_typesupport_cpp.so
[6.696s] Listing '/home/yy/sight/pfa-nav/install/livox_ros_driver2/local/lib/python3.10/dist-packages/livox_ros_driver2'...
[6.696s] Compiling '/home/yy/sight/pfa-nav/install/livox_ros_driver2/local/lib/python3.10/dist-packages/livox_ros_driver2/__init__.py'...
[6.696s] Listing '/home/yy/sight/pfa-nav/install/livox_ros_driver2/local/lib/python3.10/dist-packages/livox_ros_driver2/msg'...
[6.699s] -- Up-to-date: /home/yy/sight/pfa-nav/install/livox_ros_driver2/lib/liblivox_interfaces2__rosidl_generator_py.so
[6.699s] -- Up-to-date: /home/yy/sight/pfa-nav/install/livox_ros_driver2/share/livox_ros_driver2/cmake/export_livox_interfaces2__rosidl_generator_cExport.cmake
[6.699s] -- Up-to-date: /home/yy/sight/pfa-nav/install/livox_ros_driver2/share/livox_ros_driver2/cmake/export_livox_interfaces2__rosidl_generator_cExport-release.cmake
[6.699s] -- Up-to-date: /home/yy/sight/pfa-nav/install/livox_ros_driver2/share/livox_ros_driver2/cmake/export_livox_interfaces2__rosidl_typesupport_fastrtps_cExport.cmake
[6.699s] -- Up-to-date: /home/yy/sight/pfa-nav/install/livox_ros_driver2/share/livox_ros_driver2/cmake/export_livox_interfaces2__rosidl_typesupport_fastrtps_cExport-release.cmake
[6.699s] -- Up-to-date: /home/yy/sight/pfa-nav/install/livox_ros_driver2/share/livox_ros_driver2/cmake/livox_interfaces2__rosidl_typesupport_introspection_cExport.cmake
[6.699s] -- Up-to-date: /home/yy/sight/pfa-nav/install/livox_ros_driver2/share/livox_ros_driver2/cmake/livox_interfaces2__rosidl_typesupport_introspection_cExport-release.cmake
[6.699s] -- Up-to-date: /home/yy/sight/pfa-nav/install/livox_ros_driver2/share/livox_ros_driver2/cmake/livox_interfaces2__rosidl_typesupport_cExport.cmake
[6.699s] -- Up-to-date: /home/yy/sight/pfa-nav/install/livox_ros_driver2/share/livox_ros_driver2/cmake/livox_interfaces2__rosidl_typesupport_cExport-release.cmake
[6.699s] -- Up-to-date: /home/yy/sight/pfa-nav/install/livox_ros_driver2/share/livox_ros_driver2/cmake/export_livox_interfaces2__rosidl_generator_cppExport.cmake
[6.699s] -- Up-to-date: /home/yy/sight/pfa-nav/install/livox_ros_driver2/share/livox_ros_driver2/cmake/export_livox_interfaces2__rosidl_typesupport_fastrtps_cppExport.cmake
[6.699s] -- Up-to-date: /home/yy/sight/pfa-nav/install/livox_ros_driver2/share/livox_ros_driver2/cmake/export_livox_interfaces2__rosidl_typesupport_fastrtps_cppExport-release.cmake
[6.699s] -- Up-to-date: /home/yy/sight/pfa-nav/install/livox_ros_driver2/share/livox_ros_driver2/cmake/livox_interfaces2__rosidl_typesupport_introspection_cppExport.cmake
[6.699s] -- Up-to-date: /home/yy/sight/pfa-nav/install/livox_ros_driver2/share/livox_ros_driver2/cmake/livox_interfaces2__rosidl_typesupport_introspection_cppExport-release.cmake
[6.699s] -- Up-to-date: /home/yy/sight/pfa-nav/install/livox_ros_driver2/share/livox_ros_driver2/cmake/livox_interfaces2__rosidl_typesupport_cppExport.cmake
[6.700s] -- Up-to-date: /home/yy/sight/pfa-nav/install/livox_ros_driver2/share/livox_ros_driver2/cmake/livox_interfaces2__rosidl_typesupport_cppExport-release.cmake
[6.700s] -- Up-to-date: /home/yy/sight/pfa-nav/install/livox_ros_driver2/share/livox_ros_driver2/cmake/export_livox_interfaces2__rosidl_generator_pyExport.cmake
[6.700s] -- Up-to-date: /home/yy/sight/pfa-nav/install/livox_ros_driver2/share/livox_ros_driver2/cmake/export_livox_interfaces2__rosidl_generator_pyExport-release.cmake
[6.701s] Invoked command in '/home/yy/sight/pfa-nav/build/livox_ros_driver2' returned '0': CMAKE_PREFIX_PATH=/opt/ros/humble /usr/bin/cmake --install /home/yy/sight/pfa-nav/build/livox_ros_driver2
