[0.304s] Invoking command in '/home/yy/sight/pfa-nav/build/terrain_analysis': CMAKE_PREFIX_PATH=${CMAKE_PREFIX_PATH}:/home/yy/sight/pfa-nav/install/sdformat_tools:/home/yy/sight/pfa-nav/install/joint_state_publisher_gui:/home/yy/sight/pfa-nav/install/joint_state_publisher:/opt/ros/humble /usr/bin/cmake --build /home/yy/sight/pfa-nav/build/terrain_analysis -- -j20 -l20
[0.389s] [100%] Built target terrainAnalysis
[0.498s] Invoked command in '/home/yy/sight/pfa-nav/build/terrain_analysis' returned '0': CMAKE_PREFIX_PATH=${CMAKE_PREFIX_PATH}:/home/yy/sight/pfa-nav/install/sdformat_tools:/home/yy/sight/pfa-nav/install/joint_state_publisher_gui:/home/yy/sight/pfa-nav/install/joint_state_publisher:/opt/ros/humble /usr/bin/cmake --build /home/yy/sight/pfa-nav/build/terrain_analysis -- -j20 -l20
[0.500s] Invoking command in '/home/yy/sight/pfa-nav/build/terrain_analysis': CMAKE_PREFIX_PATH=${CMAKE_PREFIX_PATH}:/home/yy/sight/pfa-nav/install/sdformat_tools:/home/yy/sight/pfa-nav/install/joint_state_publisher_gui:/home/yy/sight/pfa-nav/install/joint_state_publisher:/opt/ros/humble /usr/bin/cmake --install /home/yy/sight/pfa-nav/build/terrain_analysis
[0.512s] -- Install configuration: "Release"
[0.512s] -- Execute custom install script
[0.512s] -- Up-to-date symlink: /home/yy/sight/pfa-nav/install/terrain_analysis/lib/terrain_analysis/terrainAnalysis
[0.512s] -- Up-to-date symlink: /home/yy/sight/pfa-nav/install/terrain_analysis/share/terrain_analysis/launch/terrain_analysis.launch
[0.512s] -- Up-to-date symlink: /home/yy/sight/pfa-nav/install/terrain_analysis/share/ament_index/resource_index/package_run_dependencies/terrain_analysis
[0.512s] -- Up-to-date symlink: /home/yy/sight/pfa-nav/install/terrain_analysis/share/ament_index/resource_index/parent_prefix_path/terrain_analysis
[0.512s] -- Up-to-date symlink: /home/yy/sight/pfa-nav/install/terrain_analysis/share/terrain_analysis/environment/ament_prefix_path.sh
[0.512s] -- Up-to-date symlink: /home/yy/sight/pfa-nav/install/terrain_analysis/share/terrain_analysis/environment/ament_prefix_path.dsv
[0.512s] -- Up-to-date symlink: /home/yy/sight/pfa-nav/install/terrain_analysis/share/terrain_analysis/environment/path.sh
[0.512s] -- Up-to-date symlink: /home/yy/sight/pfa-nav/install/terrain_analysis/share/terrain_analysis/environment/path.dsv
[0.512s] -- Up-to-date symlink: /home/yy/sight/pfa-nav/install/terrain_analysis/share/terrain_analysis/local_setup.bash
[0.512s] -- Up-to-date symlink: /home/yy/sight/pfa-nav/install/terrain_analysis/share/terrain_analysis/local_setup.sh
[0.512s] -- Up-to-date symlink: /home/yy/sight/pfa-nav/install/terrain_analysis/share/terrain_analysis/local_setup.zsh
[0.512s] -- Up-to-date symlink: /home/yy/sight/pfa-nav/install/terrain_analysis/share/terrain_analysis/local_setup.dsv
[0.512s] -- Symlinking: /home/yy/sight/pfa-nav/install/terrain_analysis/share/terrain_analysis/package.dsv
[0.529s] -- Up-to-date symlink: /home/yy/sight/pfa-nav/install/terrain_analysis/share/ament_index/resource_index/packages/terrain_analysis
[0.529s] -- Up-to-date symlink: /home/yy/sight/pfa-nav/install/terrain_analysis/share/terrain_analysis/cmake/terrain_analysisConfig.cmake
[0.529s] -- Up-to-date symlink: /home/yy/sight/pfa-nav/install/terrain_analysis/share/terrain_analysis/cmake/terrain_analysisConfig-version.cmake
[0.529s] -- Up-to-date symlink: /home/yy/sight/pfa-nav/install/terrain_analysis/share/terrain_analysis/package.xml
[0.588s] Invoked command in '/home/yy/sight/pfa-nav/build/terrain_analysis' returned '0': CMAKE_PREFIX_PATH=${CMAKE_PREFIX_PATH}:/home/yy/sight/pfa-nav/install/sdformat_tools:/home/yy/sight/pfa-nav/install/joint_state_publisher_gui:/home/yy/sight/pfa-nav/install/joint_state_publisher:/opt/ros/humble /usr/bin/cmake --install /home/yy/sight/pfa-nav/build/terrain_analysis
