[0.011s] Invoking command in '/home/yy/sight/pfa-nav/build/rmoss_core': AMENT_PREFIX_PATH=/home/yy/sight/pfa-nav/install/rmoss_cam:/home/yy/sight/pfa-nav/install/rmoss_util:/home/yy/sight/pfa-nav/install/rmoss_base:/home/yy/sight/pfa-nav/install/rmoss_projectile_motion:/home/yy/sight/pfa-nav/install/rmoss_interfaces:${AMENT_PREFIX_PATH} CMAKE_PREFIX_PATH=/home/yy/sight/pfa-nav/install/rmoss_cam:/home/yy/sight/pfa-nav/install/rmoss_util:/home/yy/sight/pfa-nav/install/rmoss_base:/home/yy/sight/pfa-nav/install/rmoss_projectile_motion:/home/yy/sight/pfa-nav/install/rmoss_interfaces:/opt/ros/humble LD_LIBRARY_PATH=/home/yy/sight/pfa-nav/install/rmoss_cam/lib:/home/yy/sight/pfa-nav/install/rmoss_util/lib:/home/yy/sight/pfa-nav/install/rmoss_base/lib:/home/yy/sight/pfa-nav/install/rmoss_projectile_motion/lib:/home/yy/sight/pfa-nav/install/rmoss_interfaces/lib:/usr/lib/x86_64-linux-gnu/gazebo-11/plugins:/opt/ros/humble/opt/rviz_ogre_vendor/lib:/opt/ros/humble/lib/x86_64-linux-gnu:/opt/ros/humble/lib:/opt/MVS/lib/64:/opt/MVS/lib/32:/opt/MVS/lib/64:/opt/MVS/lib/32:/opt/MVS/lib/64:/opt/MVS/lib/32 PYTHONPATH=/home/yy/sight/pfa-nav/install/rmoss_interfaces/local/lib/python3.10/dist-packages:${PYTHONPATH} /usr/bin/cmake /home/yy/sight/pfa-nav/src/rmoss_core/rmoss_core -DCMAKE_BUILD_TYPE=Release -DAMENT_CMAKE_SYMLINK_INSTALL=1 -DCMAKE_INSTALL_PREFIX=/home/yy/sight/pfa-nav/install/rmoss_core
[0.052s] -- The C compiler identification is GNU 11.4.0
[0.086s] -- The CXX compiler identification is GNU 11.4.0
[0.090s] -- Detecting C compiler ABI info
[0.139s] -- Detecting C compiler ABI info - done
[0.145s] -- Check for working C compiler: /usr/bin/cc - skipped
[0.145s] -- Detecting C compile features
[0.146s] -- Detecting C compile features - done
[0.148s] -- Detecting CXX compiler ABI info
[0.199s] -- Detecting CXX compiler ABI info - done
[0.204s] -- Check for working CXX compiler: /usr/bin/c++ - skipped
[0.204s] -- Detecting CXX compile features
[0.204s] -- Detecting CXX compile features - done
[0.206s] -- Found ament_cmake: 1.3.12 (/opt/ros/humble/share/ament_cmake/cmake)
[0.288s] -- Found Python3: /usr/bin/python3 (found version "3.10.12") found components: Interpreter 
[0.328s] -- Override CMake install command with custom implementation using symlinks instead of copying resources
[0.345s] -- Found ament_lint_auto: 0.12.14 (/opt/ros/humble/share/ament_lint_auto/cmake)
[0.379s] -- Configuring done
[0.380s] -- Generating done
[0.380s] -- Build files have been written to: /home/yy/sight/pfa-nav/build/rmoss_core
[0.384s] Invoked command in '/home/yy/sight/pfa-nav/build/rmoss_core' returned '0': AMENT_PREFIX_PATH=/home/yy/sight/pfa-nav/install/rmoss_cam:/home/yy/sight/pfa-nav/install/rmoss_util:/home/yy/sight/pfa-nav/install/rmoss_base:/home/yy/sight/pfa-nav/install/rmoss_projectile_motion:/home/yy/sight/pfa-nav/install/rmoss_interfaces:${AMENT_PREFIX_PATH} CMAKE_PREFIX_PATH=/home/yy/sight/pfa-nav/install/rmoss_cam:/home/yy/sight/pfa-nav/install/rmoss_util:/home/yy/sight/pfa-nav/install/rmoss_base:/home/yy/sight/pfa-nav/install/rmoss_projectile_motion:/home/yy/sight/pfa-nav/install/rmoss_interfaces:/opt/ros/humble LD_LIBRARY_PATH=/home/yy/sight/pfa-nav/install/rmoss_cam/lib:/home/yy/sight/pfa-nav/install/rmoss_util/lib:/home/yy/sight/pfa-nav/install/rmoss_base/lib:/home/yy/sight/pfa-nav/install/rmoss_projectile_motion/lib:/home/yy/sight/pfa-nav/install/rmoss_interfaces/lib:/usr/lib/x86_64-linux-gnu/gazebo-11/plugins:/opt/ros/humble/opt/rviz_ogre_vendor/lib:/opt/ros/humble/lib/x86_64-linux-gnu:/opt/ros/humble/lib:/opt/MVS/lib/64:/opt/MVS/lib/32:/opt/MVS/lib/64:/opt/MVS/lib/32:/opt/MVS/lib/64:/opt/MVS/lib/32 PYTHONPATH=/home/yy/sight/pfa-nav/install/rmoss_interfaces/local/lib/python3.10/dist-packages:${PYTHONPATH} /usr/bin/cmake /home/yy/sight/pfa-nav/src/rmoss_core/rmoss_core -DCMAKE_BUILD_TYPE=Release -DAMENT_CMAKE_SYMLINK_INSTALL=1 -DCMAKE_INSTALL_PREFIX=/home/yy/sight/pfa-nav/install/rmoss_core
[0.385s] Invoking command in '/home/yy/sight/pfa-nav/build/rmoss_core': AMENT_PREFIX_PATH=/home/yy/sight/pfa-nav/install/rmoss_cam:/home/yy/sight/pfa-nav/install/rmoss_util:/home/yy/sight/pfa-nav/install/rmoss_base:/home/yy/sight/pfa-nav/install/rmoss_projectile_motion:/home/yy/sight/pfa-nav/install/rmoss_interfaces:${AMENT_PREFIX_PATH} CMAKE_PREFIX_PATH=/home/yy/sight/pfa-nav/install/rmoss_cam:/home/yy/sight/pfa-nav/install/rmoss_util:/home/yy/sight/pfa-nav/install/rmoss_base:/home/yy/sight/pfa-nav/install/rmoss_projectile_motion:/home/yy/sight/pfa-nav/install/rmoss_interfaces:/opt/ros/humble LD_LIBRARY_PATH=/home/yy/sight/pfa-nav/install/rmoss_cam/lib:/home/yy/sight/pfa-nav/install/rmoss_util/lib:/home/yy/sight/pfa-nav/install/rmoss_base/lib:/home/yy/sight/pfa-nav/install/rmoss_projectile_motion/lib:/home/yy/sight/pfa-nav/install/rmoss_interfaces/lib:/usr/lib/x86_64-linux-gnu/gazebo-11/plugins:/opt/ros/humble/opt/rviz_ogre_vendor/lib:/opt/ros/humble/lib/x86_64-linux-gnu:/opt/ros/humble/lib:/opt/MVS/lib/64:/opt/MVS/lib/32:/opt/MVS/lib/64:/opt/MVS/lib/32:/opt/MVS/lib/64:/opt/MVS/lib/32 PYTHONPATH=/home/yy/sight/pfa-nav/install/rmoss_interfaces/local/lib/python3.10/dist-packages:${PYTHONPATH} /usr/bin/cmake --build /home/yy/sight/pfa-nav/build/rmoss_core -- -j20 -l20
[0.413s] Invoked command in '/home/yy/sight/pfa-nav/build/rmoss_core' returned '0': AMENT_PREFIX_PATH=/home/yy/sight/pfa-nav/install/rmoss_cam:/home/yy/sight/pfa-nav/install/rmoss_util:/home/yy/sight/pfa-nav/install/rmoss_base:/home/yy/sight/pfa-nav/install/rmoss_projectile_motion:/home/yy/sight/pfa-nav/install/rmoss_interfaces:${AMENT_PREFIX_PATH} CMAKE_PREFIX_PATH=/home/yy/sight/pfa-nav/install/rmoss_cam:/home/yy/sight/pfa-nav/install/rmoss_util:/home/yy/sight/pfa-nav/install/rmoss_base:/home/yy/sight/pfa-nav/install/rmoss_projectile_motion:/home/yy/sight/pfa-nav/install/rmoss_interfaces:/opt/ros/humble LD_LIBRARY_PATH=/home/yy/sight/pfa-nav/install/rmoss_cam/lib:/home/yy/sight/pfa-nav/install/rmoss_util/lib:/home/yy/sight/pfa-nav/install/rmoss_base/lib:/home/yy/sight/pfa-nav/install/rmoss_projectile_motion/lib:/home/yy/sight/pfa-nav/install/rmoss_interfaces/lib:/usr/lib/x86_64-linux-gnu/gazebo-11/plugins:/opt/ros/humble/opt/rviz_ogre_vendor/lib:/opt/ros/humble/lib/x86_64-linux-gnu:/opt/ros/humble/lib:/opt/MVS/lib/64:/opt/MVS/lib/32:/opt/MVS/lib/64:/opt/MVS/lib/32:/opt/MVS/lib/64:/opt/MVS/lib/32 PYTHONPATH=/home/yy/sight/pfa-nav/install/rmoss_interfaces/local/lib/python3.10/dist-packages:${PYTHONPATH} /usr/bin/cmake --build /home/yy/sight/pfa-nav/build/rmoss_core -- -j20 -l20
[0.413s] Invoking command in '/home/yy/sight/pfa-nav/build/rmoss_core': AMENT_PREFIX_PATH=/home/yy/sight/pfa-nav/install/rmoss_cam:/home/yy/sight/pfa-nav/install/rmoss_util:/home/yy/sight/pfa-nav/install/rmoss_base:/home/yy/sight/pfa-nav/install/rmoss_projectile_motion:/home/yy/sight/pfa-nav/install/rmoss_interfaces:${AMENT_PREFIX_PATH} CMAKE_PREFIX_PATH=/home/yy/sight/pfa-nav/install/rmoss_cam:/home/yy/sight/pfa-nav/install/rmoss_util:/home/yy/sight/pfa-nav/install/rmoss_base:/home/yy/sight/pfa-nav/install/rmoss_projectile_motion:/home/yy/sight/pfa-nav/install/rmoss_interfaces:/opt/ros/humble LD_LIBRARY_PATH=/home/yy/sight/pfa-nav/install/rmoss_cam/lib:/home/yy/sight/pfa-nav/install/rmoss_util/lib:/home/yy/sight/pfa-nav/install/rmoss_base/lib:/home/yy/sight/pfa-nav/install/rmoss_projectile_motion/lib:/home/yy/sight/pfa-nav/install/rmoss_interfaces/lib:/usr/lib/x86_64-linux-gnu/gazebo-11/plugins:/opt/ros/humble/opt/rviz_ogre_vendor/lib:/opt/ros/humble/lib/x86_64-linux-gnu:/opt/ros/humble/lib:/opt/MVS/lib/64:/opt/MVS/lib/32:/opt/MVS/lib/64:/opt/MVS/lib/32:/opt/MVS/lib/64:/opt/MVS/lib/32 PYTHONPATH=/home/yy/sight/pfa-nav/install/rmoss_interfaces/local/lib/python3.10/dist-packages:${PYTHONPATH} /usr/bin/cmake --install /home/yy/sight/pfa-nav/build/rmoss_core
[0.420s] -- Install configuration: "Release"
[0.420s] -- Execute custom install script
[0.420s] -- Symlinking: /home/yy/sight/pfa-nav/install/rmoss_core/share/ament_index/resource_index/package_run_dependencies/rmoss_core
[0.428s] -- Symlinking: /home/yy/sight/pfa-nav/install/rmoss_core/share/ament_index/resource_index/parent_prefix_path/rmoss_core
[0.435s] -- Symlinking: /home/yy/sight/pfa-nav/install/rmoss_core/share/rmoss_core/environment/ament_prefix_path.sh
[0.440s] -- Symlinking: /home/yy/sight/pfa-nav/install/rmoss_core/share/rmoss_core/environment/ament_prefix_path.dsv
[0.445s] -- Symlinking: /home/yy/sight/pfa-nav/install/rmoss_core/share/rmoss_core/environment/path.sh
[0.450s] -- Symlinking: /home/yy/sight/pfa-nav/install/rmoss_core/share/rmoss_core/environment/path.dsv
[0.457s] -- Symlinking: /home/yy/sight/pfa-nav/install/rmoss_core/share/rmoss_core/local_setup.bash
[0.465s] -- Symlinking: /home/yy/sight/pfa-nav/install/rmoss_core/share/rmoss_core/local_setup.sh
[0.470s] -- Symlinking: /home/yy/sight/pfa-nav/install/rmoss_core/share/rmoss_core/local_setup.zsh
[0.478s] -- Symlinking: /home/yy/sight/pfa-nav/install/rmoss_core/share/rmoss_core/local_setup.dsv
[0.485s] -- Symlinking: /home/yy/sight/pfa-nav/install/rmoss_core/share/rmoss_core/package.dsv
[0.490s] -- Symlinking: /home/yy/sight/pfa-nav/install/rmoss_core/share/ament_index/resource_index/packages/rmoss_core
[0.498s] -- Symlinking: /home/yy/sight/pfa-nav/install/rmoss_core/share/rmoss_core/cmake/rmoss_coreConfig.cmake
[0.505s] -- Symlinking: /home/yy/sight/pfa-nav/install/rmoss_core/share/rmoss_core/cmake/rmoss_coreConfig-version.cmake
[0.510s] -- Symlinking: /home/yy/sight/pfa-nav/install/rmoss_core/share/rmoss_core/package.xml
[0.516s] Invoked command in '/home/yy/sight/pfa-nav/build/rmoss_core' returned '0': AMENT_PREFIX_PATH=/home/yy/sight/pfa-nav/install/rmoss_cam:/home/yy/sight/pfa-nav/install/rmoss_util:/home/yy/sight/pfa-nav/install/rmoss_base:/home/yy/sight/pfa-nav/install/rmoss_projectile_motion:/home/yy/sight/pfa-nav/install/rmoss_interfaces:${AMENT_PREFIX_PATH} CMAKE_PREFIX_PATH=/home/yy/sight/pfa-nav/install/rmoss_cam:/home/yy/sight/pfa-nav/install/rmoss_util:/home/yy/sight/pfa-nav/install/rmoss_base:/home/yy/sight/pfa-nav/install/rmoss_projectile_motion:/home/yy/sight/pfa-nav/install/rmoss_interfaces:/opt/ros/humble LD_LIBRARY_PATH=/home/yy/sight/pfa-nav/install/rmoss_cam/lib:/home/yy/sight/pfa-nav/install/rmoss_util/lib:/home/yy/sight/pfa-nav/install/rmoss_base/lib:/home/yy/sight/pfa-nav/install/rmoss_projectile_motion/lib:/home/yy/sight/pfa-nav/install/rmoss_interfaces/lib:/usr/lib/x86_64-linux-gnu/gazebo-11/plugins:/opt/ros/humble/opt/rviz_ogre_vendor/lib:/opt/ros/humble/lib/x86_64-linux-gnu:/opt/ros/humble/lib:/opt/MVS/lib/64:/opt/MVS/lib/32:/opt/MVS/lib/64:/opt/MVS/lib/32:/opt/MVS/lib/64:/opt/MVS/lib/32 PYTHONPATH=/home/yy/sight/pfa-nav/install/rmoss_interfaces/local/lib/python3.10/dist-packages:${PYTHONPATH} /usr/bin/cmake --install /home/yy/sight/pfa-nav/build/rmoss_core
