[0.005s] Invoking command in '/home/yy/sight/pfa-nav/build/pb_omni_pid_pursuit_controller': CMAKE_PREFIX_PATH=/opt/ros/humble /usr/bin/cmake --build /home/yy/sight/pfa-nav/build/pb_omni_pid_pursuit_controller -- -j20 -l20
[0.022s] -- Found ament_cmake_auto: 1.3.12 (/opt/ros/humble/share/ament_cmake_auto/cmake)
[0.079s] -- Override CMake install command with custom implementation using symlinks instead of copying resources
[0.126s] -- Found rosidl_generator_c: 3.1.7 (/opt/ros/humble/share/rosidl_generator_c/cmake)
[0.127s] -- Found rosidl_adapter: 3.1.7 (/opt/ros/humble/share/rosidl_adapter/cmake)
[0.130s] -- Found rosidl_generator_cpp: 3.1.7 (/opt/ros/humble/share/rosidl_generator_cpp/cmake)
[0.134s] -- Using all available rosidl_typesupport_c: rosidl_typesupport_fastrtps_c;rosidl_typesupport_introspection_c
[0.139s] -- Using all available rosidl_typesupport_cpp: rosidl_typesupport_fastrtps_cpp;rosidl_typesupport_introspection_cpp
[0.154s] -- Found rmw_implementation_cmake: 6.1.2 (/opt/ros/humble/share/rmw_implementation_cmake/cmake)
[0.155s] -- Found rmw_fastrtps_cpp: 6.2.9 (/opt/ros/humble/share/rmw_fastrtps_cpp/cmake)
[0.210s] -- Using RMW implementation 'rmw_fastrtps_cpp' as default
[0.329s] -- Ensuring Eigen3 include directory is part of orocos-kdl CMake target
[0.404s] -- Found ament_lint_auto: 0.12.14 (/opt/ros/humble/share/ament_lint_auto/cmake)
[0.407s] [0mIn this package, headers install destination is set to `include` by ament_auto_package. It is recommended to install `include/pb_omni_pid_pursuit_controller` instead and will be the default behavior of ament_auto_package from ROS 2 Kilted Kaiju. On distributions before Kilted, ament_auto_package behaves the same way when you use USE_SCOPED_HEADER_INSTALL_DIR option.[0m
[0.414s] -- Added test 'copyright' to check source files copyright and LICENSE
[0.414s] -- Added test 'cppcheck' to perform static code analysis on C / C++ code
[0.414s] -- Configured cppcheck include dirs: /home/yy/sight/pfa-nav/src/pb2025_sentry_nav/pb_omni_pid_pursuit_controller/include
[0.414s] -- Configured cppcheck exclude dirs and/or files: 
[0.415s] -- Added test 'cpplint' to check C / C++ code against the Google style
[0.415s] -- Configured cpplint exclude dirs and/or files: 
[0.415s] -- Added test 'lint_cmake' to check CMake code style
[0.415s] -- Added test 'xmllint' to check XML markup files
[0.415s] -- Added test 'clang_format' to check C / C++ code style
[0.417s] -- Configuring done
[0.442s] -- Generating done
[0.445s] -- Build files have been written to: /home/yy/sight/pfa-nav/build/pb_omni_pid_pursuit_controller
[0.467s] [35m[1mConsolidate compiler generated dependencies of target pb_omni_pid_pursuit_controller[0m
[0.482s] [ 33%] [32mBuilding CXX object CMakeFiles/pb_omni_pid_pursuit_controller.dir/src/omni_pid_pursuit_controller.cpp.o[0m
[4.964s] [ 66%] [32m[1mLinking CXX shared library libpb_omni_pid_pursuit_controller.so[0m
[5.122s] [100%] Built target pb_omni_pid_pursuit_controller
[5.129s] Invoked command in '/home/yy/sight/pfa-nav/build/pb_omni_pid_pursuit_controller' returned '0': CMAKE_PREFIX_PATH=/opt/ros/humble /usr/bin/cmake --build /home/yy/sight/pfa-nav/build/pb_omni_pid_pursuit_controller -- -j20 -l20
[5.131s] Invoking command in '/home/yy/sight/pfa-nav/build/pb_omni_pid_pursuit_controller': CMAKE_PREFIX_PATH=/opt/ros/humble /usr/bin/cmake --install /home/yy/sight/pfa-nav/build/pb_omni_pid_pursuit_controller
[5.137s] -- Install configuration: "Release"
[5.137s] -- Execute custom install script
[5.137s] -- Up-to-date symlink: /home/yy/sight/pfa-nav/install/pb_omni_pid_pursuit_controller/share/pb_omni_pid_pursuit_controller//pb_omni_pid_pursuit_controller.xml
[5.138s] -- Up-to-date symlink: /home/yy/sight/pfa-nav/install/pb_omni_pid_pursuit_controller/include/pb_omni_pid_pursuit_controller/omni_pid_pursuit_controller.hpp
[5.138s] -- Up-to-date symlink: /home/yy/sight/pfa-nav/install/pb_omni_pid_pursuit_controller/include/pb_omni_pid_pursuit_controller/pid.hpp
[5.138s] -- Up-to-date symlink: /home/yy/sight/pfa-nav/install/pb_omni_pid_pursuit_controller/share/pb_omni_pid_pursuit_controller/environment/library_path.sh
[5.138s] -- Up-to-date symlink: /home/yy/sight/pfa-nav/install/pb_omni_pid_pursuit_controller/share/pb_omni_pid_pursuit_controller/environment/library_path.dsv
[5.138s] -- Up-to-date symlink: /home/yy/sight/pfa-nav/install/pb_omni_pid_pursuit_controller/lib/libpb_omni_pid_pursuit_controller.so
[5.138s] -- Up-to-date symlink: /home/yy/sight/pfa-nav/install/pb_omni_pid_pursuit_controller/share/ament_index/resource_index/package_run_dependencies/pb_omni_pid_pursuit_controller
[5.138s] -- Up-to-date symlink: /home/yy/sight/pfa-nav/install/pb_omni_pid_pursuit_controller/share/ament_index/resource_index/parent_prefix_path/pb_omni_pid_pursuit_controller
[5.138s] -- Up-to-date symlink: /home/yy/sight/pfa-nav/install/pb_omni_pid_pursuit_controller/share/pb_omni_pid_pursuit_controller/environment/ament_prefix_path.sh
[5.138s] -- Up-to-date symlink: /home/yy/sight/pfa-nav/install/pb_omni_pid_pursuit_controller/share/pb_omni_pid_pursuit_controller/environment/ament_prefix_path.dsv
[5.138s] -- Up-to-date symlink: /home/yy/sight/pfa-nav/install/pb_omni_pid_pursuit_controller/share/pb_omni_pid_pursuit_controller/environment/path.sh
[5.138s] -- Up-to-date symlink: /home/yy/sight/pfa-nav/install/pb_omni_pid_pursuit_controller/share/pb_omni_pid_pursuit_controller/environment/path.dsv
[5.138s] -- Up-to-date symlink: /home/yy/sight/pfa-nav/install/pb_omni_pid_pursuit_controller/share/pb_omni_pid_pursuit_controller/local_setup.bash
[5.138s] -- Up-to-date symlink: /home/yy/sight/pfa-nav/install/pb_omni_pid_pursuit_controller/share/pb_omni_pid_pursuit_controller/local_setup.sh
[5.138s] -- Up-to-date symlink: /home/yy/sight/pfa-nav/install/pb_omni_pid_pursuit_controller/share/pb_omni_pid_pursuit_controller/local_setup.zsh
[5.138s] -- Up-to-date symlink: /home/yy/sight/pfa-nav/install/pb_omni_pid_pursuit_controller/share/pb_omni_pid_pursuit_controller/local_setup.dsv
[5.139s] -- Symlinking: /home/yy/sight/pfa-nav/install/pb_omni_pid_pursuit_controller/share/pb_omni_pid_pursuit_controller/package.dsv
[5.145s] -- Up-to-date symlink: /home/yy/sight/pfa-nav/install/pb_omni_pid_pursuit_controller/share/ament_index/resource_index/packages/pb_omni_pid_pursuit_controller
[5.145s] -- Up-to-date symlink: /home/yy/sight/pfa-nav/install/pb_omni_pid_pursuit_controller/share/ament_index/resource_index/nav2_core__pluginlib__plugin/pb_omni_pid_pursuit_controller
[5.145s] -- Up-to-date symlink: /home/yy/sight/pfa-nav/install/pb_omni_pid_pursuit_controller/share/pb_omni_pid_pursuit_controller/cmake/ament_cmake_export_dependencies-extras.cmake
[5.145s] -- Up-to-date symlink: /home/yy/sight/pfa-nav/install/pb_omni_pid_pursuit_controller/share/pb_omni_pid_pursuit_controller/cmake/ament_cmake_export_include_directories-extras.cmake
[5.145s] -- Up-to-date symlink: /home/yy/sight/pfa-nav/install/pb_omni_pid_pursuit_controller/share/pb_omni_pid_pursuit_controller/cmake/ament_cmake_export_libraries-extras.cmake
[5.145s] -- Up-to-date symlink: /home/yy/sight/pfa-nav/install/pb_omni_pid_pursuit_controller/share/pb_omni_pid_pursuit_controller/cmake/pb_omni_pid_pursuit_controllerConfig.cmake
[5.145s] -- Up-to-date symlink: /home/yy/sight/pfa-nav/install/pb_omni_pid_pursuit_controller/share/pb_omni_pid_pursuit_controller/cmake/pb_omni_pid_pursuit_controllerConfig-version.cmake
[5.145s] -- Up-to-date symlink: /home/yy/sight/pfa-nav/install/pb_omni_pid_pursuit_controller/share/pb_omni_pid_pursuit_controller/package.xml
[5.147s] Invoked command in '/home/yy/sight/pfa-nav/build/pb_omni_pid_pursuit_controller' returned '0': CMAKE_PREFIX_PATH=/opt/ros/humble /usr/bin/cmake --install /home/yy/sight/pfa-nav/build/pb_omni_pid_pursuit_controller
