[0.902s] Invoking command in '/home/yy/sight/pfa-nav/build/sdformat_tools': PYTHONPATH=/home/yy/sight/pfa-nav/build/sdformat_tools/prefix_override:/usr/lib/python3/dist-packages/colcon_core/task/python/colcon_distutils_commands:/home/yy/sight/pfa-nav/install/sdformat_tools/lib/python3.10/site-packages:${PYTHONPATH} /usr/bin/python3 -W ignore:setup.py install is deprecated -W ignore:easy_install command is deprecated setup.py develop --editable --build-directory /home/yy/sight/pfa-nav/build/sdformat_tools/build --no-deps symlink_data
[1.967s] running develop
[1.967s] running egg_info
[1.971s] creating sdformat_tools.egg-info
[1.971s] writing sdformat_tools.egg-info/PKG-INFO
[1.971s] writing dependency_links to sdformat_tools.egg-info/dependency_links.txt
[1.971s] writing entry points to sdformat_tools.egg-info/entry_points.txt
[1.971s] writing requirements to sdformat_tools.egg-info/requires.txt
[1.972s] writing top-level names to sdformat_tools.egg-info/top_level.txt
[1.972s] writing manifest file 'sdformat_tools.egg-info/SOURCES.txt'
[1.972s] reading manifest file 'sdformat_tools.egg-info/SOURCES.txt'
[1.972s] writing manifest file 'sdformat_tools.egg-info/SOURCES.txt'
[1.972s] running build_ext
[1.972s] Creating /home/yy/sight/pfa-nav/install/sdformat_tools/lib/python3.10/site-packages/sdformat-tools.egg-link (link to .)
[1.972s] Installing sdf2urdf script to /home/yy/sight/pfa-nav/install/sdformat_tools/bin
[1.972s] Installing xmacro4sdf script to /home/yy/sight/pfa-nav/install/sdformat_tools/bin
[1.972s] 
[1.972s] Installed /home/yy/sight/pfa-nav/build/sdformat_tools
[1.972s] running symlink_data
[1.972s] creating /home/yy/sight/pfa-nav/install/sdformat_tools/share/ament_index
[1.972s] creating /home/yy/sight/pfa-nav/install/sdformat_tools/share/ament_index/resource_index
[1.972s] creating /home/yy/sight/pfa-nav/install/sdformat_tools/share/ament_index/resource_index/packages
[1.972s] symbolically linking /home/yy/sight/pfa-nav/build/sdformat_tools/resource/sdformat_tools -> /home/yy/sight/pfa-nav/install/sdformat_tools/share/ament_index/resource_index/packages
[1.972s] symbolically linking /home/yy/sight/pfa-nav/build/sdformat_tools/package.xml -> /home/yy/sight/pfa-nav/install/sdformat_tools/share/sdformat_tools
[2.044s] Invoked command in '/home/yy/sight/pfa-nav/build/sdformat_tools' returned '0': PYTHONPATH=/home/yy/sight/pfa-nav/build/sdformat_tools/prefix_override:/usr/lib/python3/dist-packages/colcon_core/task/python/colcon_distutils_commands:/home/yy/sight/pfa-nav/install/sdformat_tools/lib/python3.10/site-packages:${PYTHONPATH} /usr/bin/python3 -W ignore:setup.py install is deprecated -W ignore:easy_install command is deprecated setup.py develop --editable --build-directory /home/yy/sight/pfa-nav/build/sdformat_tools/build --no-deps symlink_data
