[0.282s] Invoking command in '/home/yy/sight/pfa-nav/build/loam_interface': CMAKE_PREFIX_PATH=/opt/ros/humble /usr/bin/cmake /home/yy/sight/pfa-nav/src/pb2025_sentry_nav/loam_interface -DCMAKE_BUILD_TYPE=Release -DAMENT_CMAKE_SYMLINK_INSTALL=1 -DCMAKE_INSTALL_PREFIX=/home/yy/sight/pfa-nav/install/loam_interface
[1.497s] -- The C compiler identification is GNU 11.4.0
[1.498s] -- The CXX compiler identification is GNU 11.4.0
[1.498s] -- Detecting C compiler ABI info
[1.498s] -- Detecting C compiler ABI info - done
[1.498s] -- Check for working C compiler: /usr/bin/cc - skipped
[1.498s] -- Detecting C compile features
[1.498s] -- Detecting C compile features - done
[1.498s] -- Detecting CXX compiler ABI info
[1.498s] -- Detecting CXX compiler ABI info - done
[1.498s] -- Check for working CXX compiler: /usr/bin/c++ - skipped
[1.498s] -- Detecting CXX compile features
[1.498s] -- Detecting CXX compile features - done
[1.498s] -- Found ament_cmake_auto: 1.3.12 (/opt/ros/humble/share/ament_cmake_auto/cmake)
[1.498s] -- Found Python3: /usr/bin/python3 (found version "3.10.12") found components: Interpreter 
[1.498s] -- Override CMake install command with custom implementation using symlinks instead of copying resources
[1.498s] -- Found rosidl_generator_c: 3.1.7 (/opt/ros/humble/share/rosidl_generator_c/cmake)
[1.498s] -- Found rosidl_adapter: 3.1.7 (/opt/ros/humble/share/rosidl_adapter/cmake)
[1.498s] -- Found rosidl_generator_cpp: 3.1.7 (/opt/ros/humble/share/rosidl_generator_cpp/cmake)
[1.498s] -- Using all available rosidl_typesupport_c: rosidl_typesupport_fastrtps_c;rosidl_typesupport_introspection_c
[1.498s] -- Using all available rosidl_typesupport_cpp: rosidl_typesupport_fastrtps_cpp;rosidl_typesupport_introspection_cpp
[1.499s] -- Found rmw_implementation_cmake: 6.1.2 (/opt/ros/humble/share/rmw_implementation_cmake/cmake)
[1.499s] -- Found rmw_fastrtps_cpp: 6.2.8 (/opt/ros/humble/share/rmw_fastrtps_cpp/cmake)
[1.499s] -- Found OpenSSL: /usr/lib/x86_64-linux-gnu/libcrypto.so (found version "3.0.2")  
[1.499s] -- Found FastRTPS: /opt/ros/humble/include  
[1.499s] -- Using RMW implementation 'rmw_fastrtps_cpp' as default
[1.499s] -- Looking for pthread.h
[1.499s] -- Looking for pthread.h - found
[1.499s] -- Performing Test CMAKE_HAVE_LIBC_PTHREAD
[1.499s] -- Performing Test CMAKE_HAVE_LIBC_PTHREAD - Success
[1.499s] -- Found Threads: TRUE  
[1.499s] -- Found eigen3_cmake_module: 0.1.1 (/opt/ros/humble/share/eigen3_cmake_module/cmake)
[1.499s] -- Found Eigen3: TRUE (found version "3.4.0") 
[1.499s] -- Ensuring Eigen3 include directory is part of orocos-kdl CMake target
[1.499s] -- Checking for module 'eigen3'
[1.499s] --   Found eigen3, version 3.4.0
[1.539s] -- Found Eigen: /usr/include/eigen3 (Required is at least version "3.1") 
[1.539s] -- Eigen found (include: /usr/include/eigen3, version: 3.4.0)
[1.577s] -- Checking for module 'flann'
[1.586s] --   Found flann, version 1.9.1
[1.635s] -- Found FLANN: /usr/lib/x86_64-linux-gnu/libflann_cpp.so  
[1.635s] -- FLANN found (include: /usr/include, lib: /usr/lib/x86_64-linux-gnu/libflann_cpp.so)
[3.289s] -- Checking for module 'libusb-1.0'
[3.319s] --   Found libusb-1.0, version 1.0.25
[3.408s] -- Found libusb: /usr/lib/x86_64-linux-gnu/libusb-1.0.so  
[3.412s] -- OpenNI found (version: 1.5.4.0, include: /usr/include/ni, lib: /usr/lib/libOpenNI.so;libusb::libusb)
[3.548s] -- OpenNI2 found (version: 2.2.0.33, include: /usr/include/openni2, lib: /usr/lib/x86_64-linux-gnu/libOpenNI2.so;libusb::libusb)
[3.967s] -- Eigen found (include: /usr/include/eigen3, version: 3.4.0)
[3.982s] -- OpenNI found (version: 1.5.4.0, include: /usr/include/ni, lib: /usr/lib/libOpenNI.so;libusb::libusb)
[4.000s] -- OpenNI2 found (version: 2.2.0.33, include: /usr/include/openni2, lib: /usr/lib/x86_64-linux-gnu/libOpenNI2.so;libusb::libusb)
[4.380s] -- Found Qhull version 8.0.2
[4.828s] -- OpenNI found (version: 1.5.4.0, include: /usr/include/ni, lib: /usr/lib/libOpenNI.so;libusb::libusb)
[5.310s] -- Found PCL_COMMON: /usr/lib/x86_64-linux-gnu/libpcl_common.so  
[5.311s] -- Found PCL_KDTREE: /usr/lib/x86_64-linux-gnu/libpcl_kdtree.so  
[5.312s] -- Found PCL_OCTREE: /usr/lib/x86_64-linux-gnu/libpcl_octree.so  
[5.313s] -- Found PCL_SEARCH: /usr/lib/x86_64-linux-gnu/libpcl_search.so  
[5.320s] -- Found PCL_SAMPLE_CONSENSUS: /usr/lib/x86_64-linux-gnu/libpcl_sample_consensus.so  
[5.320s] -- Found PCL_FILTERS: /usr/lib/x86_64-linux-gnu/libpcl_filters.so  
[5.322s] -- Found PCL_2D: /usr/include/pcl-1.12  
[5.322s] -- Found PCL_GEOMETRY: /usr/include/pcl-1.12  
[5.330s] -- Found PCL_IO: /usr/lib/x86_64-linux-gnu/libpcl_io.so  
[5.333s] -- Found PCL_FEATURES: /usr/lib/x86_64-linux-gnu/libpcl_features.so  
[5.333s] -- Found PCL_ML: /usr/lib/x86_64-linux-gnu/libpcl_ml.so  
[5.340s] -- Found PCL_SEGMENTATION: /usr/lib/x86_64-linux-gnu/libpcl_segmentation.so  
[5.347s] -- Found PCL_VISUALIZATION: /usr/lib/x86_64-linux-gnu/libpcl_visualization.so  
[5.347s] -- Found PCL_SURFACE: /usr/lib/x86_64-linux-gnu/libpcl_surface.so  
[5.351s] -- Found PCL_REGISTRATION: /usr/lib/x86_64-linux-gnu/libpcl_registration.so  
[5.354s] -- Found PCL_KEYPOINTS: /usr/lib/x86_64-linux-gnu/libpcl_keypoints.so  
[5.354s] -- Found PCL_TRACKING: /usr/lib/x86_64-linux-gnu/libpcl_tracking.so  
[5.355s] -- Found PCL_RECOGNITION: /usr/lib/x86_64-linux-gnu/libpcl_recognition.so  
[5.370s] -- Found PCL_STEREO: /usr/lib/x86_64-linux-gnu/libpcl_stereo.so  
[5.370s] -- Found PCL_APPS: /usr/lib/x86_64-linux-gnu/libpcl_apps.so  
[5.370s] -- Found PCL_IN_HAND_SCANNER: /usr/include/pcl-1.12  
[5.370s] -- Found PCL_MODELER: /usr/include/pcl-1.12  
[5.370s] -- Found PCL_POINT_CLOUD_EDITOR: /usr/include/pcl-1.12  
[5.373s] -- Found PCL_OUTOFCORE: /usr/lib/x86_64-linux-gnu/libpcl_outofcore.so  
[5.374s] -- Found PCL_PEOPLE: /usr/lib/x86_64-linux-gnu/libpcl_people.so  
[5.419s] -- Found ament_lint_auto: 0.12.14 (/opt/ros/humble/share/ament_lint_auto/cmake)
[5.472s] [0mIn this package, headers install destination is set to `include` by ament_auto_package. It is recommended to install `include/loam_interface` instead and will be the default behavior of ament_auto_package from ROS 2 Kilted Kaiju. On distributions before Kilted, ament_auto_package behaves the same way when you use USE_SCOPED_HEADER_INSTALL_DIR option.[0m
[5.482s] -- Added test 'copyright' to check source files copyright and LICENSE
[5.485s] -- Added test 'cppcheck' to perform static code analysis on C / C++ code
[5.485s] -- Configured cppcheck include dirs: /home/yy/sight/pfa-nav/src/pb2025_sentry_nav/loam_interface/include
[5.485s] -- Configured cppcheck exclude dirs and/or files: 
[5.488s] -- Added test 'cpplint' to check C / C++ code against the Google style
[5.488s] -- Configured cpplint exclude dirs and/or files: 
[5.488s] -- Added test 'lint_cmake' to check CMake code style
[5.489s] -- Added test 'pep257' to check Python code against some of the docstring style conventions in PEP 257
[5.492s] -- Added test 'xmllint' to check XML markup files
[5.496s] -- Added test 'clang_format' to check C / C++ code style
[5.496s] -- Added test 'black' to check Python code style
[5.504s] -- Configuring done
[5.593s] -- Generating done
[5.605s] -- Build files have been written to: /home/yy/sight/pfa-nav/build/loam_interface
[5.679s] Invoked command in '/home/yy/sight/pfa-nav/build/loam_interface' returned '0': CMAKE_PREFIX_PATH=/opt/ros/humble /usr/bin/cmake /home/yy/sight/pfa-nav/src/pb2025_sentry_nav/loam_interface -DCMAKE_BUILD_TYPE=Release -DAMENT_CMAKE_SYMLINK_INSTALL=1 -DCMAKE_INSTALL_PREFIX=/home/yy/sight/pfa-nav/install/loam_interface
[5.679s] Invoking command in '/home/yy/sight/pfa-nav/build/loam_interface': CMAKE_PREFIX_PATH=/opt/ros/humble /usr/bin/cmake --build /home/yy/sight/pfa-nav/build/loam_interface -- -j20 -l20
[9.484s] [ 25%] [32mBuilding CXX object CMakeFiles/loam_interface_node.dir/rclcpp_components/node_main_loam_interface_node.cpp.o[0m
[9.484s] [ 50%] [32mBuilding CXX object CMakeFiles/loam_interface.dir/src/loam_interface.cpp.o[0m
[13.767s] [ 75%] [32m[1mLinking CXX executable loam_interface_node[0m
[13.958s] [ 75%] Built target loam_interface_node
[28.109s] [100%] [32m[1mLinking CXX shared library libloam_interface.so[0m
[28.433s] [100%] Built target loam_interface
[28.445s] Invoked command in '/home/yy/sight/pfa-nav/build/loam_interface' returned '0': CMAKE_PREFIX_PATH=/opt/ros/humble /usr/bin/cmake --build /home/yy/sight/pfa-nav/build/loam_interface -- -j20 -l20
[28.447s] Invoking command in '/home/yy/sight/pfa-nav/build/loam_interface': CMAKE_PREFIX_PATH=/opt/ros/humble /usr/bin/cmake --install /home/yy/sight/pfa-nav/build/loam_interface
[29.468s] -- Install configuration: "Release"
[29.469s] -- Execute custom install script
[29.469s] -- Symlinking: /home/yy/sight/pfa-nav/install/loam_interface/lib/loam_interface/loam_interface_node
[29.470s] -- Symlinking: /home/yy/sight/pfa-nav/install/loam_interface/include/loam_interface/loam_interface.hpp
[29.470s] -- Symlinking: /home/yy/sight/pfa-nav/install/loam_interface/share/loam_interface/environment/library_path.sh
[29.470s] -- Symlinking: /home/yy/sight/pfa-nav/install/loam_interface/share/loam_interface/environment/library_path.dsv
[29.470s] -- Symlinking: /home/yy/sight/pfa-nav/install/loam_interface/lib/libloam_interface.so
[29.470s] -- Symlinking: /home/yy/sight/pfa-nav/install/loam_interface/share/loam_interface/launch/loam_interface_launch.py
[29.470s] -- Symlinking: /home/yy/sight/pfa-nav/install/loam_interface/share/ament_index/resource_index/package_run_dependencies/loam_interface
[29.470s] -- Symlinking: /home/yy/sight/pfa-nav/install/loam_interface/share/ament_index/resource_index/parent_prefix_path/loam_interface
[29.470s] -- Symlinking: /home/yy/sight/pfa-nav/install/loam_interface/share/loam_interface/environment/ament_prefix_path.sh
[29.470s] -- Symlinking: /home/yy/sight/pfa-nav/install/loam_interface/share/loam_interface/environment/ament_prefix_path.dsv
[29.470s] -- Symlinking: /home/yy/sight/pfa-nav/install/loam_interface/share/loam_interface/environment/path.sh
[29.470s] -- Symlinking: /home/yy/sight/pfa-nav/install/loam_interface/share/loam_interface/environment/path.dsv
[29.470s] -- Symlinking: /home/yy/sight/pfa-nav/install/loam_interface/share/loam_interface/local_setup.bash
[29.470s] -- Symlinking: /home/yy/sight/pfa-nav/install/loam_interface/share/loam_interface/local_setup.sh
[29.470s] -- Symlinking: /home/yy/sight/pfa-nav/install/loam_interface/share/loam_interface/local_setup.zsh
[29.470s] -- Symlinking: /home/yy/sight/pfa-nav/install/loam_interface/share/loam_interface/local_setup.dsv
[29.470s] -- Symlinking: /home/yy/sight/pfa-nav/install/loam_interface/share/loam_interface/package.dsv
[29.470s] -- Symlinking: /home/yy/sight/pfa-nav/install/loam_interface/share/ament_index/resource_index/packages/loam_interface
[29.470s] -- Symlinking: /home/yy/sight/pfa-nav/install/loam_interface/share/ament_index/resource_index/rclcpp_components/loam_interface
[29.470s] -- Symlinking: /home/yy/sight/pfa-nav/install/loam_interface/share/loam_interface/cmake/ament_cmake_export_dependencies-extras.cmake
[29.470s] -- Symlinking: /home/yy/sight/pfa-nav/install/loam_interface/share/loam_interface/cmake/ament_cmake_export_include_directories-extras.cmake
[29.470s] -- Symlinking: /home/yy/sight/pfa-nav/install/loam_interface/share/loam_interface/cmake/ament_cmake_export_libraries-extras.cmake
[29.470s] -- Symlinking: /home/yy/sight/pfa-nav/install/loam_interface/share/loam_interface/cmake/loam_interfaceConfig.cmake
[29.470s] -- Symlinking: /home/yy/sight/pfa-nav/install/loam_interface/share/loam_interface/cmake/loam_interfaceConfig-version.cmake
[29.470s] -- Symlinking: /home/yy/sight/pfa-nav/install/loam_interface/share/loam_interface/package.xml
[29.471s] Invoked command in '/home/yy/sight/pfa-nav/build/loam_interface' returned '0': CMAKE_PREFIX_PATH=/opt/ros/humble /usr/bin/cmake --install /home/yy/sight/pfa-nav/build/loam_interface
