[0.305s] Invoking command in '/home/yy/sight/pfa-nav/build/pb_teleop_twist_joy': CMAKE_PREFIX_PATH=${CMAKE_PREFIX_PATH}:/home/yy/sight/pfa-nav/install/sdformat_tools:/home/yy/sight/pfa-nav/install/joint_state_publisher_gui:/home/yy/sight/pfa-nav/install/joint_state_publisher:/opt/ros/humble /usr/bin/cmake --build /home/yy/sight/pfa-nav/build/pb_teleop_twist_joy -- -j20 -l20
[0.366s] [ 50%] Built target pb_teleop_twist_joy_node
[0.379s] [100%] Built target pb_teleop_twist_joy
[0.436s] Invoked command in '/home/yy/sight/pfa-nav/build/pb_teleop_twist_joy' returned '0': CMAKE_PREFIX_PATH=${CMAKE_PREFIX_PATH}:/home/yy/sight/pfa-nav/install/sdformat_tools:/home/yy/sight/pfa-nav/install/joint_state_publisher_gui:/home/yy/sight/pfa-nav/install/joint_state_publisher:/opt/ros/humble /usr/bin/cmake --build /home/yy/sight/pfa-nav/build/pb_teleop_twist_joy -- -j20 -l20
[0.437s] Invoking command in '/home/yy/sight/pfa-nav/build/pb_teleop_twist_joy': CMAKE_PREFIX_PATH=${CMAKE_PREFIX_PATH}:/home/yy/sight/pfa-nav/install/sdformat_tools:/home/yy/sight/pfa-nav/install/joint_state_publisher_gui:/home/yy/sight/pfa-nav/install/joint_state_publisher:/opt/ros/humble /usr/bin/cmake --install /home/yy/sight/pfa-nav/build/pb_teleop_twist_joy
[0.492s] -- Install configuration: "Release"
[0.492s] -- Execute custom install script
[0.493s] -- Up-to-date symlink: /home/yy/sight/pfa-nav/install/pb_teleop_twist_joy/lib/pb_teleop_twist_joy/pb_teleop_twist_joy_node
[0.493s] -- Up-to-date symlink: /home/yy/sight/pfa-nav/install/pb_teleop_twist_joy/include/pb_teleop_twist_joy/pb_teleop_twist_joy.hpp
[0.493s] -- Up-to-date symlink: /home/yy/sight/pfa-nav/install/pb_teleop_twist_joy/share/pb_teleop_twist_joy/environment/library_path.sh
[0.493s] -- Up-to-date symlink: /home/yy/sight/pfa-nav/install/pb_teleop_twist_joy/share/pb_teleop_twist_joy/environment/library_path.dsv
[0.493s] -- Up-to-date symlink: /home/yy/sight/pfa-nav/install/pb_teleop_twist_joy/lib/libpb_teleop_twist_joy.so
[0.493s] -- Up-to-date symlink: /home/yy/sight/pfa-nav/install/pb_teleop_twist_joy/share/pb_teleop_twist_joy/config/xbox.config.yaml
[0.493s] -- Up-to-date symlink: /home/yy/sight/pfa-nav/install/pb_teleop_twist_joy/share/pb_teleop_twist_joy/launch/pb_teleop_twist_joy_launch.py
[0.493s] -- Up-to-date symlink: /home/yy/sight/pfa-nav/install/pb_teleop_twist_joy/share/ament_index/resource_index/package_run_dependencies/pb_teleop_twist_joy
[0.493s] -- Up-to-date symlink: /home/yy/sight/pfa-nav/install/pb_teleop_twist_joy/share/ament_index/resource_index/parent_prefix_path/pb_teleop_twist_joy
[0.493s] -- Up-to-date symlink: /home/yy/sight/pfa-nav/install/pb_teleop_twist_joy/share/pb_teleop_twist_joy/environment/ament_prefix_path.sh
[0.493s] -- Up-to-date symlink: /home/yy/sight/pfa-nav/install/pb_teleop_twist_joy/share/pb_teleop_twist_joy/environment/ament_prefix_path.dsv
[0.493s] -- Up-to-date symlink: /home/yy/sight/pfa-nav/install/pb_teleop_twist_joy/share/pb_teleop_twist_joy/environment/path.sh
[0.494s] -- Up-to-date symlink: /home/yy/sight/pfa-nav/install/pb_teleop_twist_joy/share/pb_teleop_twist_joy/environment/path.dsv
[0.494s] -- Up-to-date symlink: /home/yy/sight/pfa-nav/install/pb_teleop_twist_joy/share/pb_teleop_twist_joy/local_setup.bash
[0.494s] -- Up-to-date symlink: /home/yy/sight/pfa-nav/install/pb_teleop_twist_joy/share/pb_teleop_twist_joy/local_setup.sh
[0.494s] -- Up-to-date symlink: /home/yy/sight/pfa-nav/install/pb_teleop_twist_joy/share/pb_teleop_twist_joy/local_setup.zsh
[0.494s] -- Up-to-date symlink: /home/yy/sight/pfa-nav/install/pb_teleop_twist_joy/share/pb_teleop_twist_joy/local_setup.dsv
[0.494s] -- Symlinking: /home/yy/sight/pfa-nav/install/pb_teleop_twist_joy/share/pb_teleop_twist_joy/package.dsv
[0.494s] -- Up-to-date symlink: /home/yy/sight/pfa-nav/install/pb_teleop_twist_joy/share/ament_index/resource_index/packages/pb_teleop_twist_joy
[0.494s] -- Up-to-date symlink: /home/yy/sight/pfa-nav/install/pb_teleop_twist_joy/share/ament_index/resource_index/rclcpp_components/pb_teleop_twist_joy
[0.494s] -- Up-to-date symlink: /home/yy/sight/pfa-nav/install/pb_teleop_twist_joy/share/pb_teleop_twist_joy/cmake/ament_cmake_export_dependencies-extras.cmake
[0.494s] -- Up-to-date symlink: /home/yy/sight/pfa-nav/install/pb_teleop_twist_joy/share/pb_teleop_twist_joy/cmake/ament_cmake_export_include_directories-extras.cmake
[0.494s] -- Up-to-date symlink: /home/yy/sight/pfa-nav/install/pb_teleop_twist_joy/share/pb_teleop_twist_joy/cmake/ament_cmake_export_libraries-extras.cmake
[0.494s] -- Up-to-date symlink: /home/yy/sight/pfa-nav/install/pb_teleop_twist_joy/share/pb_teleop_twist_joy/cmake/pb_teleop_twist_joyConfig.cmake
[0.494s] -- Up-to-date symlink: /home/yy/sight/pfa-nav/install/pb_teleop_twist_joy/share/pb_teleop_twist_joy/cmake/pb_teleop_twist_joyConfig-version.cmake
[0.494s] -- Up-to-date symlink: /home/yy/sight/pfa-nav/install/pb_teleop_twist_joy/share/pb_teleop_twist_joy/package.xml
[0.541s] Invoked command in '/home/yy/sight/pfa-nav/build/pb_teleop_twist_joy' returned '0': CMAKE_PREFIX_PATH=${CMAKE_PREFIX_PATH}:/home/yy/sight/pfa-nav/install/sdformat_tools:/home/yy/sight/pfa-nav/install/joint_state_publisher_gui:/home/yy/sight/pfa-nav/install/joint_state_publisher:/opt/ros/humble /usr/bin/cmake --install /home/yy/sight/pfa-nav/build/pb_teleop_twist_joy
