[0.008s] Invoking command in '/home/yy/sight/pfa-nav/build/rmoss_gz_bridge': AMENT_PREFIX_PATH=/home/yy/sight/pfa-nav/install/rmoss_interfaces:/home/yy/sight/pfa-nav/install/rmoss_gz_resources:/home/yy/sight/pfa-nav/install/rmoss_gz_plugins:${AMENT_PREFIX_PATH} CMAKE_PREFIX_PATH=/home/yy/sight/pfa-nav/install/rmoss_interfaces:/home/yy/sight/pfa-nav/install/rmoss_gz_resources:/home/yy/sight/pfa-nav/install/rmoss_gz_plugins:/opt/ros/humble LD_LIBRARY_PATH=/home/yy/sight/pfa-nav/install/rmoss_interfaces/lib:/usr/lib/x86_64-linux-gnu/gazebo-11/plugins:/opt/ros/humble/opt/rviz_ogre_vendor/lib:/opt/ros/humble/lib/x86_64-linux-gnu:/opt/ros/humble/lib:/opt/MVS/lib/64:/opt/MVS/lib/32:/opt/MVS/lib/64:/opt/MVS/lib/32:/opt/MVS/lib/64:/opt/MVS/lib/32 PYTHONPATH=/home/yy/sight/pfa-nav/install/rmoss_interfaces/local/lib/python3.10/dist-packages:${PYTHONPATH} /usr/bin/cmake --build /home/yy/sight/pfa-nav/build/rmoss_gz_bridge -- -j20 -l20
[0.030s] -- Found ament_cmake: 1.3.12 (/opt/ros/humble/share/ament_cmake/cmake)
[0.093s] -- Override CMake install command with custom implementation using symlinks instead of copying resources
[0.099s] -- Found ament_index_cpp: 1.4.0 (/opt/ros/humble/share/ament_index_cpp/cmake)
[0.099s] -- Found rclcpp: 16.0.15 (/opt/ros/humble/share/rclcpp/cmake)
[0.114s] -- Found rosidl_generator_c: 3.1.7 (/opt/ros/humble/share/rosidl_generator_c/cmake)
[0.115s] -- Found rosidl_adapter: 3.1.7 (/opt/ros/humble/share/rosidl_adapter/cmake)
[0.118s] -- Found rosidl_generator_cpp: 3.1.7 (/opt/ros/humble/share/rosidl_generator_cpp/cmake)
[0.123s] -- Using all available rosidl_typesupport_c: rosidl_typesupport_fastrtps_c;rosidl_typesupport_introspection_c
[0.129s] -- Using all available rosidl_typesupport_cpp: rosidl_typesupport_fastrtps_cpp;rosidl_typesupport_introspection_cpp
[0.144s] -- Found rmw_implementation_cmake: 6.1.2 (/opt/ros/humble/share/rmw_implementation_cmake/cmake)
[0.144s] -- Found rmw_fastrtps_cpp: 6.2.9 (/opt/ros/humble/share/rmw_fastrtps_cpp/cmake)
[0.203s] -- Using RMW implementation 'rmw_fastrtps_cpp' as default
[0.227s] -- Found rclcpp_components: 16.0.15 (/opt/ros/humble/share/rclcpp_components/cmake)
[0.235s] -- Found geometry_msgs: 4.9.0 (/opt/ros/humble/share/geometry_msgs/cmake)
[0.241s] -- Found sensor_msgs: 4.9.0 (/opt/ros/humble/share/sensor_msgs/cmake)
[0.249s] -- Found nav_msgs: 4.9.0 (/opt/ros/humble/share/nav_msgs/cmake)
[0.257s] -- Found rmoss_interfaces: 0.9.0 (/home/yy/sight/pfa-nav/install/rmoss_interfaces/share/rmoss_interfaces/cmake)
[0.266s] -- Found tf2_ros: 0.25.16 (/opt/ros/humble/share/tf2_ros/cmake)
[0.295s] -- Found ros_gz_bridge: 0.244.20 (/opt/ros/humble/share/ros_gz_bridge/cmake)
[0.309s] -- Found Protobuf: /usr/lib/x86_64-linux-gnu/libprotobuf.so (found suitable version "3.12.4", minimum required is "3") 
[0.361s] -- Found Protobuf: /usr/lib/x86_64-linux-gnu/libprotobuf.so (found version "3.12.4") 
[0.487s] -- Looking for ignition-transport11 -- found version 11.4.1
[0.488s] -- Looking for ignition-msgs8 -- found version 8.7.0
[0.488s] -- Compiling against Ignition Fortress
[0.491s] -- Found ament_lint_auto: 0.12.14 (/opt/ros/humble/share/ament_lint_auto/cmake)
[0.530s] -- Added test 'copyright' to check source files copyright and LICENSE
[0.531s] -- Added test 'cppcheck' to perform static code analysis on C / C++ code
[0.531s] -- Configured cppcheck include dirs: /home/yy/sight/pfa-nav/src/rmoss_gazebo/rmoss_gz_bridge/include
[0.531s] -- Configured cppcheck exclude dirs and/or files: 
[0.532s] -- Added test 'cpplint' to check C / C++ code against the Google style
[0.532s] -- Configured cpplint exclude dirs and/or files: 
[0.532s] -- Added test 'lint_cmake' to check CMake code style
[0.533s] -- Added test 'uncrustify' to check C / C++ code style
[0.533s] -- Configured uncrustify additional arguments: 
[0.533s] -- Added test 'xmllint' to check XML markup files
[0.535s] -- Configuring done
[0.553s] -- Generating done
[0.557s] -- Build files have been written to: /home/yy/sight/pfa-nav/build/rmoss_gz_bridge
[0.582s] [35m[1mConsolidate compiler generated dependencies of target rfid_bridge[0m
[0.583s] [35m[1mConsolidate compiler generated dependencies of target pose_bridge[0m
[0.599s] [ 16%] [32m[1mLinking CXX executable rfid_bridge[0m
[0.604s] [ 33%] [32m[1mLinking CXX executable pose_bridge[0m
[0.837s] [ 66%] Built target rfid_bridge
[1.099s] [100%] Built target pose_bridge
[1.109s] Invoked command in '/home/yy/sight/pfa-nav/build/rmoss_gz_bridge' returned '0': AMENT_PREFIX_PATH=/home/yy/sight/pfa-nav/install/rmoss_interfaces:/home/yy/sight/pfa-nav/install/rmoss_gz_resources:/home/yy/sight/pfa-nav/install/rmoss_gz_plugins:${AMENT_PREFIX_PATH} CMAKE_PREFIX_PATH=/home/yy/sight/pfa-nav/install/rmoss_interfaces:/home/yy/sight/pfa-nav/install/rmoss_gz_resources:/home/yy/sight/pfa-nav/install/rmoss_gz_plugins:/opt/ros/humble LD_LIBRARY_PATH=/home/yy/sight/pfa-nav/install/rmoss_interfaces/lib:/usr/lib/x86_64-linux-gnu/gazebo-11/plugins:/opt/ros/humble/opt/rviz_ogre_vendor/lib:/opt/ros/humble/lib/x86_64-linux-gnu:/opt/ros/humble/lib:/opt/MVS/lib/64:/opt/MVS/lib/32:/opt/MVS/lib/64:/opt/MVS/lib/32:/opt/MVS/lib/64:/opt/MVS/lib/32 PYTHONPATH=/home/yy/sight/pfa-nav/install/rmoss_interfaces/local/lib/python3.10/dist-packages:${PYTHONPATH} /usr/bin/cmake --build /home/yy/sight/pfa-nav/build/rmoss_gz_bridge -- -j20 -l20
[1.110s] Invoking command in '/home/yy/sight/pfa-nav/build/rmoss_gz_bridge': AMENT_PREFIX_PATH=/home/yy/sight/pfa-nav/install/rmoss_interfaces:/home/yy/sight/pfa-nav/install/rmoss_gz_resources:/home/yy/sight/pfa-nav/install/rmoss_gz_plugins:${AMENT_PREFIX_PATH} CMAKE_PREFIX_PATH=/home/yy/sight/pfa-nav/install/rmoss_interfaces:/home/yy/sight/pfa-nav/install/rmoss_gz_resources:/home/yy/sight/pfa-nav/install/rmoss_gz_plugins:/opt/ros/humble LD_LIBRARY_PATH=/home/yy/sight/pfa-nav/install/rmoss_interfaces/lib:/usr/lib/x86_64-linux-gnu/gazebo-11/plugins:/opt/ros/humble/opt/rviz_ogre_vendor/lib:/opt/ros/humble/lib/x86_64-linux-gnu:/opt/ros/humble/lib:/opt/MVS/lib/64:/opt/MVS/lib/32:/opt/MVS/lib/64:/opt/MVS/lib/32:/opt/MVS/lib/64:/opt/MVS/lib/32 PYTHONPATH=/home/yy/sight/pfa-nav/install/rmoss_interfaces/local/lib/python3.10/dist-packages:${PYTHONPATH} /usr/bin/cmake --install /home/yy/sight/pfa-nav/build/rmoss_gz_bridge
[1.117s] -- Install configuration: "Release"
[1.117s] -- Execute custom install script
[1.117s] -- Up-to-date symlink: /home/yy/sight/pfa-nav/install/rmoss_gz_bridge/include/rmoss_gz_bridge/pose_bridge_node.hpp
[1.118s] -- Up-to-date symlink: /home/yy/sight/pfa-nav/install/rmoss_gz_bridge/include/rmoss_gz_bridge/rfid_bridge_node.hpp
[1.118s] -- Up-to-date symlink: /home/yy/sight/pfa-nav/install/rmoss_gz_bridge/lib/rmoss_gz_bridge/pose_bridge
[1.118s] -- Up-to-date symlink: /home/yy/sight/pfa-nav/install/rmoss_gz_bridge/lib/rmoss_gz_bridge/rfid_bridge
[1.118s] -- Up-to-date symlink: /home/yy/sight/pfa-nav/install/rmoss_gz_bridge/share/ament_index/resource_index/package_run_dependencies/rmoss_gz_bridge
[1.118s] -- Up-to-date symlink: /home/yy/sight/pfa-nav/install/rmoss_gz_bridge/share/ament_index/resource_index/parent_prefix_path/rmoss_gz_bridge
[1.118s] -- Up-to-date symlink: /home/yy/sight/pfa-nav/install/rmoss_gz_bridge/share/rmoss_gz_bridge/environment/ament_prefix_path.sh
[1.118s] -- Up-to-date symlink: /home/yy/sight/pfa-nav/install/rmoss_gz_bridge/share/rmoss_gz_bridge/environment/ament_prefix_path.dsv
[1.118s] -- Up-to-date symlink: /home/yy/sight/pfa-nav/install/rmoss_gz_bridge/share/rmoss_gz_bridge/environment/path.sh
[1.119s] -- Up-to-date symlink: /home/yy/sight/pfa-nav/install/rmoss_gz_bridge/share/rmoss_gz_bridge/environment/path.dsv
[1.119s] -- Up-to-date symlink: /home/yy/sight/pfa-nav/install/rmoss_gz_bridge/share/rmoss_gz_bridge/local_setup.bash
[1.119s] -- Up-to-date symlink: /home/yy/sight/pfa-nav/install/rmoss_gz_bridge/share/rmoss_gz_bridge/local_setup.sh
[1.119s] -- Up-to-date symlink: /home/yy/sight/pfa-nav/install/rmoss_gz_bridge/share/rmoss_gz_bridge/local_setup.zsh
[1.119s] -- Up-to-date symlink: /home/yy/sight/pfa-nav/install/rmoss_gz_bridge/share/rmoss_gz_bridge/local_setup.dsv
[1.119s] -- Symlinking: /home/yy/sight/pfa-nav/install/rmoss_gz_bridge/share/rmoss_gz_bridge/package.dsv
[1.125s] -- Up-to-date symlink: /home/yy/sight/pfa-nav/install/rmoss_gz_bridge/share/ament_index/resource_index/packages/rmoss_gz_bridge
[1.125s] -- Up-to-date symlink: /home/yy/sight/pfa-nav/install/rmoss_gz_bridge/share/rmoss_gz_bridge/cmake/ament_cmake_export_dependencies-extras.cmake
[1.125s] -- Up-to-date symlink: /home/yy/sight/pfa-nav/install/rmoss_gz_bridge/share/rmoss_gz_bridge/cmake/rmoss_gz_bridgeConfig.cmake
[1.125s] -- Up-to-date symlink: /home/yy/sight/pfa-nav/install/rmoss_gz_bridge/share/rmoss_gz_bridge/cmake/rmoss_gz_bridgeConfig-version.cmake
[1.125s] -- Up-to-date symlink: /home/yy/sight/pfa-nav/install/rmoss_gz_bridge/share/rmoss_gz_bridge/package.xml
[1.127s] Invoked command in '/home/yy/sight/pfa-nav/build/rmoss_gz_bridge' returned '0': AMENT_PREFIX_PATH=/home/yy/sight/pfa-nav/install/rmoss_interfaces:/home/yy/sight/pfa-nav/install/rmoss_gz_resources:/home/yy/sight/pfa-nav/install/rmoss_gz_plugins:${AMENT_PREFIX_PATH} CMAKE_PREFIX_PATH=/home/yy/sight/pfa-nav/install/rmoss_interfaces:/home/yy/sight/pfa-nav/install/rmoss_gz_resources:/home/yy/sight/pfa-nav/install/rmoss_gz_plugins:/opt/ros/humble LD_LIBRARY_PATH=/home/yy/sight/pfa-nav/install/rmoss_interfaces/lib:/usr/lib/x86_64-linux-gnu/gazebo-11/plugins:/opt/ros/humble/opt/rviz_ogre_vendor/lib:/opt/ros/humble/lib/x86_64-linux-gnu:/opt/ros/humble/lib:/opt/MVS/lib/64:/opt/MVS/lib/32:/opt/MVS/lib/64:/opt/MVS/lib/32:/opt/MVS/lib/64:/opt/MVS/lib/32 PYTHONPATH=/home/yy/sight/pfa-nav/install/rmoss_interfaces/local/lib/python3.10/dist-packages:${PYTHONPATH} /usr/bin/cmake --install /home/yy/sight/pfa-nav/build/rmoss_gz_bridge
