[0.004s] Invoking command in '/home/yy/sight/pfa-nav/build/pointcloud_to_laserscan': CMAKE_PREFIX_PATH=/opt/ros/humble /usr/bin/cmake --build /home/yy/sight/pfa-nav/build/pointcloud_to_laserscan -- -j20 -l20
[0.033s] [35m[1mConsolidate compiler generated dependencies of target laserscan_to_pointcloud[0m
[0.040s] [ 20%] Built target laserscan_to_pointcloud_node
[0.042s] [ 40%] Built target pointcloud_to_laserscan_node
[0.047s] [ 60%] Built target laserscan_to_pointcloud
[0.055s] [35m[1mConsolidate compiler generated dependencies of target pointcloud_to_laserscan[0m
[0.066s] [ 80%] Built target pointcloud_to_laserscan
[0.084s] [100%] Built target dummy_pointcloud_publisher
[0.091s] Invoked command in '/home/yy/sight/pfa-nav/build/pointcloud_to_laserscan' returned '0': CMAKE_PREFIX_PATH=/opt/ros/humble /usr/bin/cmake --build /home/yy/sight/pfa-nav/build/pointcloud_to_laserscan -- -j20 -l20
[0.092s] Invoking command in '/home/yy/sight/pfa-nav/build/pointcloud_to_laserscan': CMAKE_PREFIX_PATH=/opt/ros/humble /usr/bin/cmake --install /home/yy/sight/pfa-nav/build/pointcloud_to_laserscan
[0.097s] -- Install configuration: "Release"
[0.097s] -- Execute custom install script
[0.097s] -- Up-to-date symlink: /home/yy/sight/pfa-nav/install/pointcloud_to_laserscan/lib/pointcloud_to_laserscan/laserscan_to_pointcloud_node
[0.098s] -- Up-to-date symlink: /home/yy/sight/pfa-nav/install/pointcloud_to_laserscan/lib/pointcloud_to_laserscan/pointcloud_to_laserscan_node
[0.098s] -- Up-to-date symlink: /home/yy/sight/pfa-nav/install/pointcloud_to_laserscan/include/pointcloud_to_laserscan/laserscan_to_pointcloud_node.hpp
[0.098s] -- Up-to-date symlink: /home/yy/sight/pfa-nav/install/pointcloud_to_laserscan/include/pointcloud_to_laserscan/pointcloud_to_laserscan_node.hpp
[0.098s] -- Up-to-date symlink: /home/yy/sight/pfa-nav/install/pointcloud_to_laserscan/include/pointcloud_to_laserscan/visibility_control.h
[0.098s] -- Up-to-date symlink: /home/yy/sight/pfa-nav/install/pointcloud_to_laserscan/share/pointcloud_to_laserscan/environment/library_path.sh
[0.099s] -- Up-to-date symlink: /home/yy/sight/pfa-nav/install/pointcloud_to_laserscan/share/pointcloud_to_laserscan/environment/library_path.dsv
[0.099s] -- Up-to-date symlink: /home/yy/sight/pfa-nav/install/pointcloud_to_laserscan/lib/liblaserscan_to_pointcloud.so
[0.099s] -- Up-to-date symlink: /home/yy/sight/pfa-nav/install/pointcloud_to_laserscan/lib/libpointcloud_to_laserscan.so
[0.099s] -- Up-to-date symlink: /home/yy/sight/pfa-nav/install/pointcloud_to_laserscan/lib/pointcloud_to_laserscan/dummy_pointcloud_publisher
[0.099s] -- Up-to-date symlink: /home/yy/sight/pfa-nav/install/pointcloud_to_laserscan/share/pointcloud_to_laserscan/launch/sample_laserscan_to_pointcloud_launch.py
[0.099s] -- Up-to-date symlink: /home/yy/sight/pfa-nav/install/pointcloud_to_laserscan/share/pointcloud_to_laserscan/launch/sample_pointcloud_to_laserscan_launch.py
[0.099s] -- Up-to-date symlink: /home/yy/sight/pfa-nav/install/pointcloud_to_laserscan/share/ament_index/resource_index/package_run_dependencies/pointcloud_to_laserscan
[0.099s] -- Up-to-date symlink: /home/yy/sight/pfa-nav/install/pointcloud_to_laserscan/share/ament_index/resource_index/parent_prefix_path/pointcloud_to_laserscan
[0.099s] -- Up-to-date symlink: /home/yy/sight/pfa-nav/install/pointcloud_to_laserscan/share/pointcloud_to_laserscan/environment/ament_prefix_path.sh
[0.099s] -- Up-to-date symlink: /home/yy/sight/pfa-nav/install/pointcloud_to_laserscan/share/pointcloud_to_laserscan/environment/ament_prefix_path.dsv
[0.099s] -- Up-to-date symlink: /home/yy/sight/pfa-nav/install/pointcloud_to_laserscan/share/pointcloud_to_laserscan/environment/path.sh
[0.099s] -- Up-to-date symlink: /home/yy/sight/pfa-nav/install/pointcloud_to_laserscan/share/pointcloud_to_laserscan/environment/path.dsv
[0.099s] -- Up-to-date symlink: /home/yy/sight/pfa-nav/install/pointcloud_to_laserscan/share/pointcloud_to_laserscan/local_setup.bash
[0.099s] -- Up-to-date symlink: /home/yy/sight/pfa-nav/install/pointcloud_to_laserscan/share/pointcloud_to_laserscan/local_setup.sh
[0.100s] -- Up-to-date symlink: /home/yy/sight/pfa-nav/install/pointcloud_to_laserscan/share/pointcloud_to_laserscan/local_setup.zsh
[0.100s] -- Up-to-date symlink: /home/yy/sight/pfa-nav/install/pointcloud_to_laserscan/share/pointcloud_to_laserscan/local_setup.dsv
[0.100s] -- Symlinking: /home/yy/sight/pfa-nav/install/pointcloud_to_laserscan/share/pointcloud_to_laserscan/package.dsv
[0.104s] -- Up-to-date symlink: /home/yy/sight/pfa-nav/install/pointcloud_to_laserscan/share/ament_index/resource_index/packages/pointcloud_to_laserscan
[0.104s] -- Up-to-date symlink: /home/yy/sight/pfa-nav/install/pointcloud_to_laserscan/share/ament_index/resource_index/rclcpp_components/pointcloud_to_laserscan
[0.104s] -- Up-to-date symlink: /home/yy/sight/pfa-nav/install/pointcloud_to_laserscan/share/pointcloud_to_laserscan/cmake/ament_cmake_export_dependencies-extras.cmake
[0.104s] -- Up-to-date symlink: /home/yy/sight/pfa-nav/install/pointcloud_to_laserscan/share/pointcloud_to_laserscan/cmake/ament_cmake_export_include_directories-extras.cmake
[0.104s] -- Up-to-date symlink: /home/yy/sight/pfa-nav/install/pointcloud_to_laserscan/share/pointcloud_to_laserscan/cmake/ament_cmake_export_libraries-extras.cmake
[0.104s] -- Up-to-date symlink: /home/yy/sight/pfa-nav/install/pointcloud_to_laserscan/share/pointcloud_to_laserscan/cmake/pointcloud_to_laserscanConfig.cmake
[0.104s] -- Up-to-date symlink: /home/yy/sight/pfa-nav/install/pointcloud_to_laserscan/share/pointcloud_to_laserscan/cmake/pointcloud_to_laserscanConfig-version.cmake
[0.104s] -- Up-to-date symlink: /home/yy/sight/pfa-nav/install/pointcloud_to_laserscan/share/pointcloud_to_laserscan/package.xml
[0.105s] Invoked command in '/home/yy/sight/pfa-nav/build/pointcloud_to_laserscan' returned '0': CMAKE_PREFIX_PATH=/opt/ros/humble /usr/bin/cmake --install /home/yy/sight/pfa-nav/build/pointcloud_to_laserscan
