[0.019s] Invoking command in '/home/yy/sight/pfa-nav/build/rmoss_gz_bridge': AMENT_PREFIX_PATH=/home/yy/sight/pfa-nav/install/rmoss_interfaces:/home/yy/sight/pfa-nav/install/rmoss_gz_resources:/home/yy/sight/pfa-nav/install/rmoss_gz_plugins:${AMENT_PREFIX_PATH} CMAKE_PREFIX_PATH=/home/yy/sight/pfa-nav/install/rmoss_interfaces:/home/yy/sight/pfa-nav/install/rmoss_gz_resources:/home/yy/sight/pfa-nav/install/rmoss_gz_plugins:/opt/ros/humble LD_LIBRARY_PATH=/home/yy/sight/pfa-nav/install/rmoss_interfaces/lib:/usr/lib/x86_64-linux-gnu/gazebo-11/plugins:/opt/ros/humble/opt/rviz_ogre_vendor/lib:/opt/ros/humble/lib/x86_64-linux-gnu:/opt/ros/humble/lib:/opt/MVS/lib/64:/opt/MVS/lib/32:/opt/MVS/lib/64:/opt/MVS/lib/32:/opt/MVS/lib/64:/opt/MVS/lib/32 PYTHONPATH=/home/yy/sight/pfa-nav/install/rmoss_interfaces/local/lib/python3.10/dist-packages:${PYTHONPATH} /usr/bin/cmake /home/yy/sight/pfa-nav/src/rmoss_gazebo/rmoss_gz_bridge -DCMAKE_BUILD_TYPE=Release -DAMENT_CMAKE_SYMLINK_INSTALL=1 -DCMAKE_INSTALL_PREFIX=/home/yy/sight/pfa-nav/install/rmoss_gz_bridge
[0.070s] -- The C compiler identification is GNU 11.4.0
[0.111s] -- The CXX compiler identification is GNU 11.4.0
[0.118s] -- Detecting C compiler ABI info
[0.175s] -- Detecting C compiler ABI info - done
[0.181s] -- Check for working C compiler: /usr/bin/cc - skipped
[0.181s] -- Detecting C compile features
[0.182s] -- Detecting C compile features - done
[0.187s] -- Detecting CXX compiler ABI info
[0.244s] -- Detecting CXX compiler ABI info - done
[0.249s] -- Check for working CXX compiler: /usr/bin/c++ - skipped
[0.250s] -- Detecting CXX compile features
[0.250s] -- Detecting CXX compile features - done
[0.251s] -- Found ament_cmake: 1.3.12 (/opt/ros/humble/share/ament_cmake/cmake)
[0.368s] -- Found Python3: /usr/bin/python3 (found version "3.10.12") found components: Interpreter 
[0.473s] -- Override CMake install command with custom implementation using symlinks instead of copying resources
[0.500s] -- Found ament_index_cpp: 1.4.0 (/opt/ros/humble/share/ament_index_cpp/cmake)
[0.501s] -- Found rclcpp: 16.0.14 (/opt/ros/humble/share/rclcpp/cmake)
[0.531s] -- Found rosidl_generator_c: 3.1.7 (/opt/ros/humble/share/rosidl_generator_c/cmake)
[0.534s] -- Found rosidl_adapter: 3.1.7 (/opt/ros/humble/share/rosidl_adapter/cmake)
[0.538s] -- Found rosidl_generator_cpp: 3.1.7 (/opt/ros/humble/share/rosidl_generator_cpp/cmake)
[0.544s] -- Using all available rosidl_typesupport_c: rosidl_typesupport_fastrtps_c;rosidl_typesupport_introspection_c
[0.554s] -- Using all available rosidl_typesupport_cpp: rosidl_typesupport_fastrtps_cpp;rosidl_typesupport_introspection_cpp
[0.577s] -- Found rmw_implementation_cmake: 6.1.2 (/opt/ros/humble/share/rmw_implementation_cmake/cmake)
[0.578s] -- Found rmw_fastrtps_cpp: 6.2.8 (/opt/ros/humble/share/rmw_fastrtps_cpp/cmake)
[0.630s] -- Found OpenSSL: /usr/lib/x86_64-linux-gnu/libcrypto.so (found version "3.0.2")  
[0.648s] -- Found FastRTPS: /opt/ros/humble/include  
[0.675s] -- Using RMW implementation 'rmw_fastrtps_cpp' as default
[0.681s] -- Looking for pthread.h
[0.728s] -- Looking for pthread.h - found
[0.729s] -- Performing Test CMAKE_HAVE_LIBC_PTHREAD
[0.782s] -- Performing Test CMAKE_HAVE_LIBC_PTHREAD - Success
[0.782s] -- Found Threads: TRUE  
[0.820s] -- Found rclcpp_components: 16.0.14 (/opt/ros/humble/share/rclcpp_components/cmake)
[0.846s] -- Found geometry_msgs: 4.9.0 (/opt/ros/humble/share/geometry_msgs/cmake)
[0.860s] -- Found sensor_msgs: 4.9.0 (/opt/ros/humble/share/sensor_msgs/cmake)
[0.875s] -- Found nav_msgs: 4.9.0 (/opt/ros/humble/share/nav_msgs/cmake)
[0.891s] -- Found rmoss_interfaces: 0.9.0 (/home/yy/sight/pfa-nav/install/rmoss_interfaces/share/rmoss_interfaces/cmake)
[0.908s] -- Found tf2_ros: 0.25.16 (/opt/ros/humble/share/tf2_ros/cmake)
[0.954s] -- Found ros_gz_bridge: 0.244.20 (/opt/ros/humble/share/ros_gz_bridge/cmake)
[0.988s] -- Found Protobuf: /usr/lib/x86_64-linux-gnu/libprotobuf.so (found suitable version "3.12.4", minimum required is "3") 
[1.043s] -- Found Protobuf: /usr/lib/x86_64-linux-gnu/libprotobuf.so (found version "3.12.4") 
[1.234s] -- Looking for ignition-transport11 -- found version 11.4.1
[1.234s] -- Looking for ignition-msgs8 -- found version 8.7.0
[1.235s] -- Compiling against Ignition Fortress
[1.242s] -- Found ament_lint_auto: 0.12.14 (/opt/ros/humble/share/ament_lint_auto/cmake)
[1.299s] -- Added test 'copyright' to check source files copyright and LICENSE
[1.299s] -- Added test 'cppcheck' to perform static code analysis on C / C++ code
[1.299s] -- Configured cppcheck include dirs: /home/yy/sight/pfa-nav/src/rmoss_gazebo/rmoss_gz_bridge/include
[1.299s] -- Configured cppcheck exclude dirs and/or files: 
[1.300s] -- Added test 'cpplint' to check C / C++ code against the Google style
[1.300s] -- Configured cpplint exclude dirs and/or files: 
[1.300s] -- Added test 'lint_cmake' to check CMake code style
[1.301s] -- Added test 'uncrustify' to check C / C++ code style
[1.301s] -- Configured uncrustify additional arguments: 
[1.301s] -- Added test 'xmllint' to check XML markup files
[1.303s] -- Configuring done
[1.320s] -- Generating done
[1.329s] -- Build files have been written to: /home/yy/sight/pfa-nav/build/rmoss_gz_bridge
[1.346s] Invoked command in '/home/yy/sight/pfa-nav/build/rmoss_gz_bridge' returned '0': AMENT_PREFIX_PATH=/home/yy/sight/pfa-nav/install/rmoss_interfaces:/home/yy/sight/pfa-nav/install/rmoss_gz_resources:/home/yy/sight/pfa-nav/install/rmoss_gz_plugins:${AMENT_PREFIX_PATH} CMAKE_PREFIX_PATH=/home/yy/sight/pfa-nav/install/rmoss_interfaces:/home/yy/sight/pfa-nav/install/rmoss_gz_resources:/home/yy/sight/pfa-nav/install/rmoss_gz_plugins:/opt/ros/humble LD_LIBRARY_PATH=/home/yy/sight/pfa-nav/install/rmoss_interfaces/lib:/usr/lib/x86_64-linux-gnu/gazebo-11/plugins:/opt/ros/humble/opt/rviz_ogre_vendor/lib:/opt/ros/humble/lib/x86_64-linux-gnu:/opt/ros/humble/lib:/opt/MVS/lib/64:/opt/MVS/lib/32:/opt/MVS/lib/64:/opt/MVS/lib/32:/opt/MVS/lib/64:/opt/MVS/lib/32 PYTHONPATH=/home/yy/sight/pfa-nav/install/rmoss_interfaces/local/lib/python3.10/dist-packages:${PYTHONPATH} /usr/bin/cmake /home/yy/sight/pfa-nav/src/rmoss_gazebo/rmoss_gz_bridge -DCMAKE_BUILD_TYPE=Release -DAMENT_CMAKE_SYMLINK_INSTALL=1 -DCMAKE_INSTALL_PREFIX=/home/yy/sight/pfa-nav/install/rmoss_gz_bridge
[1.347s] Invoking command in '/home/yy/sight/pfa-nav/build/rmoss_gz_bridge': AMENT_PREFIX_PATH=/home/yy/sight/pfa-nav/install/rmoss_interfaces:/home/yy/sight/pfa-nav/install/rmoss_gz_resources:/home/yy/sight/pfa-nav/install/rmoss_gz_plugins:${AMENT_PREFIX_PATH} CMAKE_PREFIX_PATH=/home/yy/sight/pfa-nav/install/rmoss_interfaces:/home/yy/sight/pfa-nav/install/rmoss_gz_resources:/home/yy/sight/pfa-nav/install/rmoss_gz_plugins:/opt/ros/humble LD_LIBRARY_PATH=/home/yy/sight/pfa-nav/install/rmoss_interfaces/lib:/usr/lib/x86_64-linux-gnu/gazebo-11/plugins:/opt/ros/humble/opt/rviz_ogre_vendor/lib:/opt/ros/humble/lib/x86_64-linux-gnu:/opt/ros/humble/lib:/opt/MVS/lib/64:/opt/MVS/lib/32:/opt/MVS/lib/64:/opt/MVS/lib/32:/opt/MVS/lib/64:/opt/MVS/lib/32 PYTHONPATH=/home/yy/sight/pfa-nav/install/rmoss_interfaces/local/lib/python3.10/dist-packages:${PYTHONPATH} /usr/bin/cmake --build /home/yy/sight/pfa-nav/build/rmoss_gz_bridge -- -j20 -l20
[1.393s] [ 16%] [32mBuilding CXX object CMakeFiles/pose_bridge.dir/src/pose_bridge_node.cpp.o[0m
[12.261s] [ 33%] [32mBuilding CXX object CMakeFiles/pose_bridge.dir/src/pose_bridge_main.cpp.o[0m
[17.007s] [ 50%] [32m[1mLinking CXX executable pose_bridge[0m
[17.409s] [ 50%] Built target pose_bridge
[17.426s] [ 66%] [32mBuilding CXX object CMakeFiles/rfid_bridge.dir/src/rfid_bridge_node.cpp.o[0m
[23.751s] [ 83%] [32mBuilding CXX object CMakeFiles/rfid_bridge.dir/src/rfid_bridge_main.cpp.o[0m
[28.273s] [100%] [32m[1mLinking CXX executable rfid_bridge[0m
[28.499s] [100%] Built target rfid_bridge
[28.509s] Invoked command in '/home/yy/sight/pfa-nav/build/rmoss_gz_bridge' returned '0': AMENT_PREFIX_PATH=/home/yy/sight/pfa-nav/install/rmoss_interfaces:/home/yy/sight/pfa-nav/install/rmoss_gz_resources:/home/yy/sight/pfa-nav/install/rmoss_gz_plugins:${AMENT_PREFIX_PATH} CMAKE_PREFIX_PATH=/home/yy/sight/pfa-nav/install/rmoss_interfaces:/home/yy/sight/pfa-nav/install/rmoss_gz_resources:/home/yy/sight/pfa-nav/install/rmoss_gz_plugins:/opt/ros/humble LD_LIBRARY_PATH=/home/yy/sight/pfa-nav/install/rmoss_interfaces/lib:/usr/lib/x86_64-linux-gnu/gazebo-11/plugins:/opt/ros/humble/opt/rviz_ogre_vendor/lib:/opt/ros/humble/lib/x86_64-linux-gnu:/opt/ros/humble/lib:/opt/MVS/lib/64:/opt/MVS/lib/32:/opt/MVS/lib/64:/opt/MVS/lib/32:/opt/MVS/lib/64:/opt/MVS/lib/32 PYTHONPATH=/home/yy/sight/pfa-nav/install/rmoss_interfaces/local/lib/python3.10/dist-packages:${PYTHONPATH} /usr/bin/cmake --build /home/yy/sight/pfa-nav/build/rmoss_gz_bridge -- -j20 -l20
[28.511s] Invoking command in '/home/yy/sight/pfa-nav/build/rmoss_gz_bridge': AMENT_PREFIX_PATH=/home/yy/sight/pfa-nav/install/rmoss_interfaces:/home/yy/sight/pfa-nav/install/rmoss_gz_resources:/home/yy/sight/pfa-nav/install/rmoss_gz_plugins:${AMENT_PREFIX_PATH} CMAKE_PREFIX_PATH=/home/yy/sight/pfa-nav/install/rmoss_interfaces:/home/yy/sight/pfa-nav/install/rmoss_gz_resources:/home/yy/sight/pfa-nav/install/rmoss_gz_plugins:/opt/ros/humble LD_LIBRARY_PATH=/home/yy/sight/pfa-nav/install/rmoss_interfaces/lib:/usr/lib/x86_64-linux-gnu/gazebo-11/plugins:/opt/ros/humble/opt/rviz_ogre_vendor/lib:/opt/ros/humble/lib/x86_64-linux-gnu:/opt/ros/humble/lib:/opt/MVS/lib/64:/opt/MVS/lib/32:/opt/MVS/lib/64:/opt/MVS/lib/32:/opt/MVS/lib/64:/opt/MVS/lib/32 PYTHONPATH=/home/yy/sight/pfa-nav/install/rmoss_interfaces/local/lib/python3.10/dist-packages:${PYTHONPATH} /usr/bin/cmake --install /home/yy/sight/pfa-nav/build/rmoss_gz_bridge
[28.516s] -- Install configuration: "Release"
[28.517s] -- Execute custom install script
[28.517s] -- Symlinking: /home/yy/sight/pfa-nav/install/rmoss_gz_bridge/include/rmoss_gz_bridge/pose_bridge_node.hpp
[28.526s] -- Symlinking: /home/yy/sight/pfa-nav/install/rmoss_gz_bridge/include/rmoss_gz_bridge/rfid_bridge_node.hpp
[28.533s] -- Symlinking: /home/yy/sight/pfa-nav/install/rmoss_gz_bridge/lib/rmoss_gz_bridge/pose_bridge
[28.541s] -- Symlinking: /home/yy/sight/pfa-nav/install/rmoss_gz_bridge/lib/rmoss_gz_bridge/rfid_bridge
[28.549s] -- Symlinking: /home/yy/sight/pfa-nav/install/rmoss_gz_bridge/share/ament_index/resource_index/package_run_dependencies/rmoss_gz_bridge
[28.555s] -- Symlinking: /home/yy/sight/pfa-nav/install/rmoss_gz_bridge/share/ament_index/resource_index/parent_prefix_path/rmoss_gz_bridge
[28.563s] -- Symlinking: /home/yy/sight/pfa-nav/install/rmoss_gz_bridge/share/rmoss_gz_bridge/environment/ament_prefix_path.sh
[28.571s] -- Symlinking: /home/yy/sight/pfa-nav/install/rmoss_gz_bridge/share/rmoss_gz_bridge/environment/ament_prefix_path.dsv
[28.579s] -- Symlinking: /home/yy/sight/pfa-nav/install/rmoss_gz_bridge/share/rmoss_gz_bridge/environment/path.sh
[28.588s] -- Symlinking: /home/yy/sight/pfa-nav/install/rmoss_gz_bridge/share/rmoss_gz_bridge/environment/path.dsv
[28.597s] -- Symlinking: /home/yy/sight/pfa-nav/install/rmoss_gz_bridge/share/rmoss_gz_bridge/local_setup.bash
[28.606s] -- Symlinking: /home/yy/sight/pfa-nav/install/rmoss_gz_bridge/share/rmoss_gz_bridge/local_setup.sh
[28.615s] -- Symlinking: /home/yy/sight/pfa-nav/install/rmoss_gz_bridge/share/rmoss_gz_bridge/local_setup.zsh
[28.623s] -- Symlinking: /home/yy/sight/pfa-nav/install/rmoss_gz_bridge/share/rmoss_gz_bridge/local_setup.dsv
[28.632s] -- Symlinking: /home/yy/sight/pfa-nav/install/rmoss_gz_bridge/share/rmoss_gz_bridge/package.dsv
[28.641s] -- Symlinking: /home/yy/sight/pfa-nav/install/rmoss_gz_bridge/share/ament_index/resource_index/packages/rmoss_gz_bridge
[28.646s] -- Symlinking: /home/yy/sight/pfa-nav/install/rmoss_gz_bridge/share/rmoss_gz_bridge/cmake/ament_cmake_export_dependencies-extras.cmake
[28.656s] -- Symlinking: /home/yy/sight/pfa-nav/install/rmoss_gz_bridge/share/rmoss_gz_bridge/cmake/rmoss_gz_bridgeConfig.cmake
[28.665s] -- Symlinking: /home/yy/sight/pfa-nav/install/rmoss_gz_bridge/share/rmoss_gz_bridge/cmake/rmoss_gz_bridgeConfig-version.cmake
[28.674s] -- Symlinking: /home/yy/sight/pfa-nav/install/rmoss_gz_bridge/share/rmoss_gz_bridge/package.xml
[28.688s] Invoked command in '/home/yy/sight/pfa-nav/build/rmoss_gz_bridge' returned '0': AMENT_PREFIX_PATH=/home/yy/sight/pfa-nav/install/rmoss_interfaces:/home/yy/sight/pfa-nav/install/rmoss_gz_resources:/home/yy/sight/pfa-nav/install/rmoss_gz_plugins:${AMENT_PREFIX_PATH} CMAKE_PREFIX_PATH=/home/yy/sight/pfa-nav/install/rmoss_interfaces:/home/yy/sight/pfa-nav/install/rmoss_gz_resources:/home/yy/sight/pfa-nav/install/rmoss_gz_plugins:/opt/ros/humble LD_LIBRARY_PATH=/home/yy/sight/pfa-nav/install/rmoss_interfaces/lib:/usr/lib/x86_64-linux-gnu/gazebo-11/plugins:/opt/ros/humble/opt/rviz_ogre_vendor/lib:/opt/ros/humble/lib/x86_64-linux-gnu:/opt/ros/humble/lib:/opt/MVS/lib/64:/opt/MVS/lib/32:/opt/MVS/lib/64:/opt/MVS/lib/32:/opt/MVS/lib/64:/opt/MVS/lib/32 PYTHONPATH=/home/yy/sight/pfa-nav/install/rmoss_interfaces/local/lib/python3.10/dist-packages:${PYTHONPATH} /usr/bin/cmake --install /home/yy/sight/pfa-nav/build/rmoss_gz_bridge
