[0.278s] Invoking command in '/home/yy/sight/pfa-nav/build/pb_teleop_twist_joy': CMAKE_PREFIX_PATH=/opt/ros/humble /usr/bin/cmake /home/yy/sight/pfa-nav/src/pb2025_sentry_nav/pb_teleop_twist_joy -DCMAKE_BUILD_TYPE=Release -DAMENT_CMAKE_SYMLINK_INSTALL=1 -DCMAKE_INSTALL_PREFIX=/home/yy/sight/pfa-nav/install/pb_teleop_twist_joy
[0.320s] -- The C compiler identification is GNU 11.4.0
[0.364s] -- The CXX compiler identification is GNU 11.4.0
[0.370s] -- Detecting C compiler ABI info
[0.448s] -- Detecting C compiler ABI info - done
[0.461s] -- Check for working C compiler: /usr/bin/cc - skipped
[0.462s] -- Detecting C compile features
[0.462s] -- Detecting C compile features - done
[0.463s] -- Detecting CXX compiler ABI info
[0.546s] -- Detecting CXX compiler ABI info - done
[0.555s] -- Check for working CXX compiler: /usr/bin/c++ - skipped
[0.555s] -- Detecting CXX compile features
[0.555s] -- Detecting CXX compile features - done
[0.559s] -- Found ament_cmake_auto: 1.3.12 (/opt/ros/humble/share/ament_cmake_auto/cmake)
[0.698s] -- Found Python3: /usr/bin/python3 (found version "3.10.12") found components: Interpreter 
[0.768s] -- Override CMake install command with custom implementation using symlinks instead of copying resources
[0.897s] -- Found rosidl_generator_c: 3.1.7 (/opt/ros/humble/share/rosidl_generator_c/cmake)
[0.901s] -- Found rosidl_adapter: 3.1.7 (/opt/ros/humble/share/rosidl_adapter/cmake)
[0.909s] -- Found rosidl_generator_cpp: 3.1.7 (/opt/ros/humble/share/rosidl_generator_cpp/cmake)
[0.924s] -- Using all available rosidl_typesupport_c: rosidl_typesupport_fastrtps_c;rosidl_typesupport_introspection_c
[0.938s] -- Using all available rosidl_typesupport_cpp: rosidl_typesupport_fastrtps_cpp;rosidl_typesupport_introspection_cpp
[0.979s] -- Found rmw_implementation_cmake: 6.1.2 (/opt/ros/humble/share/rmw_implementation_cmake/cmake)
[0.981s] -- Found rmw_fastrtps_cpp: 6.2.8 (/opt/ros/humble/share/rmw_fastrtps_cpp/cmake)
[1.057s] -- Found OpenSSL: /usr/lib/x86_64-linux-gnu/libcrypto.so (found version "3.0.2")  
[1.082s] -- Found FastRTPS: /opt/ros/humble/include  
[1.117s] -- Using RMW implementation 'rmw_fastrtps_cpp' as default
[1.123s] -- Looking for pthread.h
[1.199s] -- Looking for pthread.h - found
[1.200s] -- Performing Test CMAKE_HAVE_LIBC_PTHREAD
[1.275s] -- Performing Test CMAKE_HAVE_LIBC_PTHREAD - Success
[1.275s] -- Found Threads: TRUE  
[1.430s] -- Found eigen3_cmake_module: 0.1.1 (/opt/ros/humble/share/eigen3_cmake_module/cmake)
[1.432s] -- Found Eigen3: TRUE (found version "3.4.0") 
[1.432s] -- Ensuring Eigen3 include directory is part of orocos-kdl CMake target
[1.506s] -- Found ament_lint_auto: 0.12.14 (/opt/ros/humble/share/ament_lint_auto/cmake)
[1.525s] [0mIn this package, headers install destination is set to `include` by ament_auto_package. It is recommended to install `include/pb_teleop_twist_joy` instead and will be the default behavior of ament_auto_package from ROS 2 Kilted Kaiju. On distributions before Kilted, ament_auto_package behaves the same way when you use USE_SCOPED_HEADER_INSTALL_DIR option.[0m
[1.530s] -- Added test 'copyright' to check source files copyright and LICENSE
[1.531s] -- Added test 'cppcheck' to perform static code analysis on C / C++ code
[1.532s] -- Configured cppcheck include dirs: /home/yy/sight/pfa-nav/src/pb2025_sentry_nav/pb_teleop_twist_joy/include
[1.532s] -- Configured cppcheck exclude dirs and/or files: 
[1.532s] -- Added test 'cpplint' to check C / C++ code against the Google style
[1.533s] -- Configured cpplint exclude dirs and/or files: 
[1.533s] -- Added test 'lint_cmake' to check CMake code style
[1.535s] -- Added test 'pep257' to check Python code against some of the docstring style conventions in PEP 257
[1.535s] -- Added test 'xmllint' to check XML markup files
[1.535s] -- Added test 'clang_format' to check C / C++ code style
[1.536s] -- Added test 'black' to check Python code style
[1.539s] -- Configuring done
[1.560s] -- Generating done
[1.563s] -- Build files have been written to: /home/yy/sight/pfa-nav/build/pb_teleop_twist_joy
[1.584s] Invoked command in '/home/yy/sight/pfa-nav/build/pb_teleop_twist_joy' returned '0': CMAKE_PREFIX_PATH=/opt/ros/humble /usr/bin/cmake /home/yy/sight/pfa-nav/src/pb2025_sentry_nav/pb_teleop_twist_joy -DCMAKE_BUILD_TYPE=Release -DAMENT_CMAKE_SYMLINK_INSTALL=1 -DCMAKE_INSTALL_PREFIX=/home/yy/sight/pfa-nav/install/pb_teleop_twist_joy
[1.584s] Invoking command in '/home/yy/sight/pfa-nav/build/pb_teleop_twist_joy': CMAKE_PREFIX_PATH=/opt/ros/humble /usr/bin/cmake --build /home/yy/sight/pfa-nav/build/pb_teleop_twist_joy -- -j20 -l20
[2.105s] [ 25%] [32mBuilding CXX object CMakeFiles/pb_teleop_twist_joy_node.dir/rclcpp_components/node_main_pb_teleop_twist_joy_node.cpp.o[0m
[2.105s] [ 50%] [32mBuilding CXX object CMakeFiles/pb_teleop_twist_joy.dir/src/pb_teleop_twist_joy.cpp.o[0m
[10.628s] [ 75%] [32m[1mLinking CXX executable pb_teleop_twist_joy_node[0m
[11.094s] [ 75%] Built target pb_teleop_twist_joy_node
[24.957s] [100%] [32m[1mLinking CXX shared library libpb_teleop_twist_joy.so[0m
[25.186s] [100%] Built target pb_teleop_twist_joy
[25.195s] Invoked command in '/home/yy/sight/pfa-nav/build/pb_teleop_twist_joy' returned '0': CMAKE_PREFIX_PATH=/opt/ros/humble /usr/bin/cmake --build /home/yy/sight/pfa-nav/build/pb_teleop_twist_joy -- -j20 -l20
[25.200s] Invoking command in '/home/yy/sight/pfa-nav/build/pb_teleop_twist_joy': CMAKE_PREFIX_PATH=/opt/ros/humble /usr/bin/cmake --install /home/yy/sight/pfa-nav/build/pb_teleop_twist_joy
[26.359s] -- Install configuration: "Release"
[26.360s] -- Execute custom install script
[26.360s] -- Symlinking: /home/yy/sight/pfa-nav/install/pb_teleop_twist_joy/lib/pb_teleop_twist_joy/pb_teleop_twist_joy_node
[26.360s] -- Symlinking: /home/yy/sight/pfa-nav/install/pb_teleop_twist_joy/include/pb_teleop_twist_joy/pb_teleop_twist_joy.hpp
[26.360s] -- Symlinking: /home/yy/sight/pfa-nav/install/pb_teleop_twist_joy/share/pb_teleop_twist_joy/environment/library_path.sh
[26.360s] -- Symlinking: /home/yy/sight/pfa-nav/install/pb_teleop_twist_joy/share/pb_teleop_twist_joy/environment/library_path.dsv
[26.360s] -- Symlinking: /home/yy/sight/pfa-nav/install/pb_teleop_twist_joy/lib/libpb_teleop_twist_joy.so
[26.360s] -- Symlinking: /home/yy/sight/pfa-nav/install/pb_teleop_twist_joy/share/pb_teleop_twist_joy/config/xbox.config.yaml
[26.360s] -- Symlinking: /home/yy/sight/pfa-nav/install/pb_teleop_twist_joy/share/pb_teleop_twist_joy/launch/pb_teleop_twist_joy_launch.py
[26.360s] -- Symlinking: /home/yy/sight/pfa-nav/install/pb_teleop_twist_joy/share/ament_index/resource_index/package_run_dependencies/pb_teleop_twist_joy
[26.360s] -- Symlinking: /home/yy/sight/pfa-nav/install/pb_teleop_twist_joy/share/ament_index/resource_index/parent_prefix_path/pb_teleop_twist_joy
[26.360s] -- Symlinking: /home/yy/sight/pfa-nav/install/pb_teleop_twist_joy/share/pb_teleop_twist_joy/environment/ament_prefix_path.sh
[26.360s] -- Symlinking: /home/yy/sight/pfa-nav/install/pb_teleop_twist_joy/share/pb_teleop_twist_joy/environment/ament_prefix_path.dsv
[26.360s] -- Symlinking: /home/yy/sight/pfa-nav/install/pb_teleop_twist_joy/share/pb_teleop_twist_joy/environment/path.sh
[26.360s] -- Symlinking: /home/yy/sight/pfa-nav/install/pb_teleop_twist_joy/share/pb_teleop_twist_joy/environment/path.dsv
[26.360s] -- Symlinking: /home/yy/sight/pfa-nav/install/pb_teleop_twist_joy/share/pb_teleop_twist_joy/local_setup.bash
[26.360s] -- Symlinking: /home/yy/sight/pfa-nav/install/pb_teleop_twist_joy/share/pb_teleop_twist_joy/local_setup.sh
[26.360s] -- Symlinking: /home/yy/sight/pfa-nav/install/pb_teleop_twist_joy/share/pb_teleop_twist_joy/local_setup.zsh
[26.360s] -- Symlinking: /home/yy/sight/pfa-nav/install/pb_teleop_twist_joy/share/pb_teleop_twist_joy/local_setup.dsv
[26.360s] -- Symlinking: /home/yy/sight/pfa-nav/install/pb_teleop_twist_joy/share/pb_teleop_twist_joy/package.dsv
[26.360s] -- Symlinking: /home/yy/sight/pfa-nav/install/pb_teleop_twist_joy/share/ament_index/resource_index/packages/pb_teleop_twist_joy
[26.360s] -- Symlinking: /home/yy/sight/pfa-nav/install/pb_teleop_twist_joy/share/ament_index/resource_index/rclcpp_components/pb_teleop_twist_joy
[26.360s] -- Symlinking: /home/yy/sight/pfa-nav/install/pb_teleop_twist_joy/share/pb_teleop_twist_joy/cmake/ament_cmake_export_dependencies-extras.cmake
[26.360s] -- Symlinking: /home/yy/sight/pfa-nav/install/pb_teleop_twist_joy/share/pb_teleop_twist_joy/cmake/ament_cmake_export_include_directories-extras.cmake
[26.360s] -- Symlinking: /home/yy/sight/pfa-nav/install/pb_teleop_twist_joy/share/pb_teleop_twist_joy/cmake/ament_cmake_export_libraries-extras.cmake
[26.360s] -- Symlinking: /home/yy/sight/pfa-nav/install/pb_teleop_twist_joy/share/pb_teleop_twist_joy/cmake/pb_teleop_twist_joyConfig.cmake
[26.361s] -- Symlinking: /home/yy/sight/pfa-nav/install/pb_teleop_twist_joy/share/pb_teleop_twist_joy/cmake/pb_teleop_twist_joyConfig-version.cmake
[26.361s] -- Symlinking: /home/yy/sight/pfa-nav/install/pb_teleop_twist_joy/share/pb_teleop_twist_joy/package.xml
[26.378s] Invoked command in '/home/yy/sight/pfa-nav/build/pb_teleop_twist_joy' returned '0': CMAKE_PREFIX_PATH=/opt/ros/humble /usr/bin/cmake --install /home/yy/sight/pfa-nav/build/pb_teleop_twist_joy
