[0.281s] Invoking command in '/home/yy/sight/pfa-nav/build/ign_sim_pointcloud_tool': CMAKE_PREFIX_PATH=/opt/ros/humble /usr/bin/cmake /home/yy/sight/pfa-nav/src/pb2025_sentry_nav/ign_sim_pointcloud_tool -DCMAKE_BUILD_TYPE=Release -DAMENT_CMAKE_SYMLINK_INSTALL=1 -DCMAKE_INSTALL_PREFIX=/home/yy/sight/pfa-nav/install/ign_sim_pointcloud_tool
[1.490s] -- The C compiler identification is GNU 11.4.0
[1.490s] -- The CXX compiler identification is GNU 11.4.0
[1.495s] -- Detecting C compiler ABI info
[1.495s] -- Detecting C compiler ABI info - done
[1.495s] -- Check for working C compiler: /usr/bin/cc - skipped
[1.495s] -- Detecting C compile features
[1.495s] -- Detecting C compile features - done
[1.495s] -- Detecting CXX compiler ABI info
[1.495s] -- Detecting CXX compiler ABI info - done
[1.495s] -- Check for working CXX compiler: /usr/bin/c++ - skipped
[1.495s] -- Detecting CXX compile features
[1.495s] -- Detecting CXX compile features - done
[1.495s] -- Found ament_cmake_auto: 1.3.12 (/opt/ros/humble/share/ament_cmake_auto/cmake)
[1.495s] -- Found Python3: /usr/bin/python3 (found version "3.10.12") found components: Interpreter 
[1.495s] -- Override CMake install command with custom implementation using symlinks instead of copying resources
[1.495s] -- Found rosidl_generator_c: 3.1.7 (/opt/ros/humble/share/rosidl_generator_c/cmake)
[1.495s] -- Found rosidl_adapter: 3.1.7 (/opt/ros/humble/share/rosidl_adapter/cmake)
[1.495s] -- Found rosidl_generator_cpp: 3.1.7 (/opt/ros/humble/share/rosidl_generator_cpp/cmake)
[1.495s] -- Using all available rosidl_typesupport_c: rosidl_typesupport_fastrtps_c;rosidl_typesupport_introspection_c
[1.496s] -- Using all available rosidl_typesupport_cpp: rosidl_typesupport_fastrtps_cpp;rosidl_typesupport_introspection_cpp
[1.496s] -- Found rmw_implementation_cmake: 6.1.2 (/opt/ros/humble/share/rmw_implementation_cmake/cmake)
[1.496s] -- Found rmw_fastrtps_cpp: 6.2.8 (/opt/ros/humble/share/rmw_fastrtps_cpp/cmake)
[1.496s] -- Found OpenSSL: /usr/lib/x86_64-linux-gnu/libcrypto.so (found version "3.0.2")  
[1.496s] -- Found FastRTPS: /opt/ros/humble/include  
[1.496s] -- Using RMW implementation 'rmw_fastrtps_cpp' as default
[1.496s] -- Looking for pthread.h
[1.496s] -- Looking for pthread.h - found
[1.496s] -- Performing Test CMAKE_HAVE_LIBC_PTHREAD
[1.496s] -- Performing Test CMAKE_HAVE_LIBC_PTHREAD - Success
[1.496s] -- Found Threads: TRUE  
[1.496s] -- Checking for module 'eigen3'
[1.496s] --   Found eigen3, version 3.4.0
[1.496s] -- Found Eigen: /usr/include/eigen3 (Required is at least version "3.1") 
[1.496s] -- Eigen found (include: /usr/include/eigen3, version: 3.4.0)
[1.496s] -- Checking for module 'flann'
[1.497s] --   Found flann, version 1.9.1
[1.497s] -- Found FLANN: /usr/lib/x86_64-linux-gnu/libflann_cpp.so  
[1.497s] -- FLANN found (include: /usr/include, lib: /usr/lib/x86_64-linux-gnu/libflann_cpp.so)
[3.160s] -- Checking for module 'libusb-1.0'
[3.197s] --   Found libusb-1.0, version 1.0.25
[3.281s] -- Found libusb: /usr/lib/x86_64-linux-gnu/libusb-1.0.so  
[3.287s] -- OpenNI found (version: 1.5.4.0, include: /usr/include/ni, lib: /usr/lib/libOpenNI.so;libusb::libusb)
[3.410s] -- OpenNI2 found (version: 2.2.0.33, include: /usr/include/openni2, lib: /usr/lib/x86_64-linux-gnu/libOpenNI2.so;libusb::libusb)
[3.750s] -- Eigen found (include: /usr/include/eigen3, version: 3.4.0)
[3.764s] -- OpenNI found (version: 1.5.4.0, include: /usr/include/ni, lib: /usr/lib/libOpenNI.so;libusb::libusb)
[3.783s] -- OpenNI2 found (version: 2.2.0.33, include: /usr/include/openni2, lib: /usr/lib/x86_64-linux-gnu/libOpenNI2.so;libusb::libusb)
[4.129s] -- Found Qhull version 8.0.2
[4.353s] -- OpenNI found (version: 1.5.4.0, include: /usr/include/ni, lib: /usr/lib/libOpenNI.so;libusb::libusb)
[4.647s] -- Found PCL_COMMON: /usr/lib/x86_64-linux-gnu/libpcl_common.so  
[4.649s] -- Found PCL_KDTREE: /usr/lib/x86_64-linux-gnu/libpcl_kdtree.so  
[4.650s] -- Found PCL_OCTREE: /usr/lib/x86_64-linux-gnu/libpcl_octree.so  
[4.652s] -- Found PCL_SEARCH: /usr/lib/x86_64-linux-gnu/libpcl_search.so  
[4.653s] -- Found PCL_SAMPLE_CONSENSUS: /usr/lib/x86_64-linux-gnu/libpcl_sample_consensus.so  
[4.654s] -- Found PCL_FILTERS: /usr/lib/x86_64-linux-gnu/libpcl_filters.so  
[4.654s] -- Found PCL_2D: /usr/include/pcl-1.12  
[4.655s] -- Found PCL_GEOMETRY: /usr/include/pcl-1.12  
[4.656s] -- Found PCL_IO: /usr/lib/x86_64-linux-gnu/libpcl_io.so  
[4.657s] -- Found PCL_FEATURES: /usr/lib/x86_64-linux-gnu/libpcl_features.so  
[4.658s] -- Found PCL_ML: /usr/lib/x86_64-linux-gnu/libpcl_ml.so  
[4.659s] -- Found PCL_SEGMENTATION: /usr/lib/x86_64-linux-gnu/libpcl_segmentation.so  
[4.660s] -- Found PCL_VISUALIZATION: /usr/lib/x86_64-linux-gnu/libpcl_visualization.so  
[4.661s] -- Found PCL_SURFACE: /usr/lib/x86_64-linux-gnu/libpcl_surface.so  
[4.662s] -- Found PCL_REGISTRATION: /usr/lib/x86_64-linux-gnu/libpcl_registration.so  
[4.665s] -- Found PCL_KEYPOINTS: /usr/lib/x86_64-linux-gnu/libpcl_keypoints.so  
[4.665s] -- Found PCL_TRACKING: /usr/lib/x86_64-linux-gnu/libpcl_tracking.so  
[4.666s] -- Found PCL_RECOGNITION: /usr/lib/x86_64-linux-gnu/libpcl_recognition.so  
[4.667s] -- Found PCL_STEREO: /usr/lib/x86_64-linux-gnu/libpcl_stereo.so  
[4.668s] -- Found PCL_APPS: /usr/lib/x86_64-linux-gnu/libpcl_apps.so  
[4.668s] -- Found PCL_IN_HAND_SCANNER: /usr/include/pcl-1.12  
[4.669s] -- Found PCL_MODELER: /usr/include/pcl-1.12  
[4.676s] -- Found PCL_POINT_CLOUD_EDITOR: /usr/include/pcl-1.12  
[4.676s] -- Found PCL_OUTOFCORE: /usr/lib/x86_64-linux-gnu/libpcl_outofcore.so  
[4.676s] -- Found PCL_PEOPLE: /usr/lib/x86_64-linux-gnu/libpcl_people.so  
[4.703s] -- Found ament_lint_auto: 0.12.14 (/opt/ros/humble/share/ament_lint_auto/cmake)
[4.742s] [0mIn this package, headers install destination is set to `include` by ament_auto_package. It is recommended to install `include/ign_sim_pointcloud_tool` instead and will be the default behavior of ament_auto_package from ROS 2 Kilted Kaiju. On distributions before Kilted, ament_auto_package behaves the same way when you use USE_SCOPED_HEADER_INSTALL_DIR option.[0m
[4.753s] -- Added test 'copyright' to check source files copyright and LICENSE
[4.753s] -- Added test 'cppcheck' to perform static code analysis on C / C++ code
[4.756s] -- Configured cppcheck include dirs: /home/yy/sight/pfa-nav/src/pb2025_sentry_nav/ign_sim_pointcloud_tool/include
[4.758s] -- Configured cppcheck exclude dirs and/or files: 
[4.758s] -- Added test 'cpplint' to check C / C++ code against the Google style
[4.758s] -- Configured cpplint exclude dirs and/or files: 
[4.758s] -- Added test 'lint_cmake' to check CMake code style
[4.759s] -- Added test 'xmllint' to check XML markup files
[4.766s] -- Added test 'clang_format' to check C / C++ code style
[4.767s] -- Configuring done
[4.866s] -- Generating done
[4.895s] -- Build files have been written to: /home/yy/sight/pfa-nav/build/ign_sim_pointcloud_tool
[4.978s] Invoked command in '/home/yy/sight/pfa-nav/build/ign_sim_pointcloud_tool' returned '0': CMAKE_PREFIX_PATH=/opt/ros/humble /usr/bin/cmake /home/yy/sight/pfa-nav/src/pb2025_sentry_nav/ign_sim_pointcloud_tool -DCMAKE_BUILD_TYPE=Release -DAMENT_CMAKE_SYMLINK_INSTALL=1 -DCMAKE_INSTALL_PREFIX=/home/yy/sight/pfa-nav/install/ign_sim_pointcloud_tool
[4.979s] Invoking command in '/home/yy/sight/pfa-nav/build/ign_sim_pointcloud_tool': CMAKE_PREFIX_PATH=/opt/ros/humble /usr/bin/cmake --build /home/yy/sight/pfa-nav/build/ign_sim_pointcloud_tool -- -j20 -l20
[6.819s] [ 25%] [32mBuilding CXX object CMakeFiles/ign_sim_pointcloud_tool.dir/src/point_cloud_converter.cpp.o[0m
[6.820s] [ 50%] [32mBuilding CXX object CMakeFiles/ign_sim_pointcloud_tool_node.dir/rclcpp_components/node_main_ign_sim_pointcloud_tool_node.cpp.o[0m
[13.911s] [ 75%] [32m[1mLinking CXX executable ign_sim_pointcloud_tool_node[0m
[14.166s] [ 75%] Built target ign_sim_pointcloud_tool_node
[25.836s] [100%] [32m[1mLinking CXX shared library libign_sim_pointcloud_tool.so[0m
[26.336s] [100%] Built target ign_sim_pointcloud_tool
[26.346s] Invoked command in '/home/yy/sight/pfa-nav/build/ign_sim_pointcloud_tool' returned '0': CMAKE_PREFIX_PATH=/opt/ros/humble /usr/bin/cmake --build /home/yy/sight/pfa-nav/build/ign_sim_pointcloud_tool -- -j20 -l20
[26.357s] Invoking command in '/home/yy/sight/pfa-nav/build/ign_sim_pointcloud_tool': CMAKE_PREFIX_PATH=/opt/ros/humble /usr/bin/cmake --install /home/yy/sight/pfa-nav/build/ign_sim_pointcloud_tool
[27.098s] -- Install configuration: "Release"
[27.098s] -- Execute custom install script
[27.098s] -- Symlinking: /home/yy/sight/pfa-nav/install/ign_sim_pointcloud_tool/lib/ign_sim_pointcloud_tool/ign_sim_pointcloud_tool_node
[27.098s] -- Symlinking: /home/yy/sight/pfa-nav/install/ign_sim_pointcloud_tool/include/ign_sim_pointcloud_tool/point_cloud_converter.hpp
[27.098s] -- Symlinking: /home/yy/sight/pfa-nav/install/ign_sim_pointcloud_tool/share/ign_sim_pointcloud_tool/environment/library_path.sh
[27.098s] -- Symlinking: /home/yy/sight/pfa-nav/install/ign_sim_pointcloud_tool/share/ign_sim_pointcloud_tool/environment/library_path.dsv
[27.098s] -- Symlinking: /home/yy/sight/pfa-nav/install/ign_sim_pointcloud_tool/lib/libign_sim_pointcloud_tool.so
[27.098s] -- Symlinking: /home/yy/sight/pfa-nav/install/ign_sim_pointcloud_tool/share/ament_index/resource_index/package_run_dependencies/ign_sim_pointcloud_tool
[27.098s] -- Symlinking: /home/yy/sight/pfa-nav/install/ign_sim_pointcloud_tool/share/ament_index/resource_index/parent_prefix_path/ign_sim_pointcloud_tool
[27.098s] -- Symlinking: /home/yy/sight/pfa-nav/install/ign_sim_pointcloud_tool/share/ign_sim_pointcloud_tool/environment/ament_prefix_path.sh
[27.098s] -- Symlinking: /home/yy/sight/pfa-nav/install/ign_sim_pointcloud_tool/share/ign_sim_pointcloud_tool/environment/ament_prefix_path.dsv
[27.098s] -- Symlinking: /home/yy/sight/pfa-nav/install/ign_sim_pointcloud_tool/share/ign_sim_pointcloud_tool/environment/path.sh
[27.098s] -- Symlinking: /home/yy/sight/pfa-nav/install/ign_sim_pointcloud_tool/share/ign_sim_pointcloud_tool/environment/path.dsv
[27.098s] -- Symlinking: /home/yy/sight/pfa-nav/install/ign_sim_pointcloud_tool/share/ign_sim_pointcloud_tool/local_setup.bash
[27.098s] -- Symlinking: /home/yy/sight/pfa-nav/install/ign_sim_pointcloud_tool/share/ign_sim_pointcloud_tool/local_setup.sh
[27.098s] -- Symlinking: /home/yy/sight/pfa-nav/install/ign_sim_pointcloud_tool/share/ign_sim_pointcloud_tool/local_setup.zsh
[27.098s] -- Symlinking: /home/yy/sight/pfa-nav/install/ign_sim_pointcloud_tool/share/ign_sim_pointcloud_tool/local_setup.dsv
[27.098s] -- Symlinking: /home/yy/sight/pfa-nav/install/ign_sim_pointcloud_tool/share/ign_sim_pointcloud_tool/package.dsv
[27.098s] -- Symlinking: /home/yy/sight/pfa-nav/install/ign_sim_pointcloud_tool/share/ament_index/resource_index/packages/ign_sim_pointcloud_tool
[27.099s] -- Symlinking: /home/yy/sight/pfa-nav/install/ign_sim_pointcloud_tool/share/ament_index/resource_index/rclcpp_components/ign_sim_pointcloud_tool
[27.099s] -- Symlinking: /home/yy/sight/pfa-nav/install/ign_sim_pointcloud_tool/share/ign_sim_pointcloud_tool/cmake/ament_cmake_export_dependencies-extras.cmake
[27.099s] -- Symlinking: /home/yy/sight/pfa-nav/install/ign_sim_pointcloud_tool/share/ign_sim_pointcloud_tool/cmake/ament_cmake_export_include_directories-extras.cmake
[27.099s] -- Symlinking: /home/yy/sight/pfa-nav/install/ign_sim_pointcloud_tool/share/ign_sim_pointcloud_tool/cmake/ament_cmake_export_libraries-extras.cmake
[27.099s] -- Symlinking: /home/yy/sight/pfa-nav/install/ign_sim_pointcloud_tool/share/ign_sim_pointcloud_tool/cmake/ign_sim_pointcloud_toolConfig.cmake
[27.099s] -- Symlinking: /home/yy/sight/pfa-nav/install/ign_sim_pointcloud_tool/share/ign_sim_pointcloud_tool/cmake/ign_sim_pointcloud_toolConfig-version.cmake
[27.099s] -- Symlinking: /home/yy/sight/pfa-nav/install/ign_sim_pointcloud_tool/share/ign_sim_pointcloud_tool/package.xml
[27.114s] Invoked command in '/home/yy/sight/pfa-nav/build/ign_sim_pointcloud_tool' returned '0': CMAKE_PREFIX_PATH=/opt/ros/humble /usr/bin/cmake --install /home/yy/sight/pfa-nav/build/ign_sim_pointcloud_tool
