-- Found ament_cmake: 1.3.12 (/opt/ros/humble/share/ament_cmake/cmake)
-- Override CMake install command with custom implementation using symlinks instead of copying resources
-- Found ament_index_cpp: 1.4.0 (/opt/ros/humble/share/ament_index_cpp/cmake)
-- Found rclcpp: 16.0.15 (/opt/ros/humble/share/rclcpp/cmake)
-- Found rosidl_generator_c: 3.1.7 (/opt/ros/humble/share/rosidl_generator_c/cmake)
-- Found rosidl_adapter: 3.1.7 (/opt/ros/humble/share/rosidl_adapter/cmake)
-- Found rosidl_generator_cpp: 3.1.7 (/opt/ros/humble/share/rosidl_generator_cpp/cmake)
-- Using all available rosidl_typesupport_c: rosidl_typesupport_fastrtps_c;rosidl_typesupport_introspection_c
-- Using all available rosidl_typesupport_cpp: rosidl_typesupport_fastrtps_cpp;rosidl_typesupport_introspection_cpp
-- Found rmw_implementation_cmake: 6.1.2 (/opt/ros/humble/share/rmw_implementation_cmake/cmake)
-- Found rmw_fastrtps_cpp: 6.2.9 (/opt/ros/humble/share/rmw_fastrtps_cpp/cmake)
-- Using RMW implementation 'rmw_fastrtps_cpp' as default
-- Found rclcpp_components: 16.0.15 (/opt/ros/humble/share/rclcpp_components/cmake)
-- Found geometry_msgs: 4.9.0 (/opt/ros/humble/share/geometry_msgs/cmake)
-- Found sensor_msgs: 4.9.0 (/opt/ros/humble/share/sensor_msgs/cmake)
-- Found nav_msgs: 4.9.0 (/opt/ros/humble/share/nav_msgs/cmake)
-- Found example_interfaces: 0.9.3 (/opt/ros/humble/share/example_interfaces/cmake)
-- Found rmoss_interfaces: 0.9.0 (/home/yy/sight/pfa-nav/install/rmoss_interfaces/share/rmoss_interfaces/cmake)
-- Found tf2_ros: 0.25.16 (/opt/ros/humble/share/tf2_ros/cmake)
-- Found ros_gz_bridge: 0.244.20 (/opt/ros/humble/share/ros_gz_bridge/cmake)
-- Found Protobuf: /usr/lib/x86_64-linux-gnu/libprotobuf.so (found suitable version "3.12.4", minimum required is "3") 
-- Found Protobuf: /usr/lib/x86_64-linux-gnu/libprotobuf.so (found version "3.12.4") 
-- Looking for ignition-transport11 -- found version 11.4.1
-- Looking for ignition-msgs8 -- found version 8.7.0
-- Compiling against Ignition Fortress
-- Found ament_lint_auto: 0.12.14 (/opt/ros/humble/share/ament_lint_auto/cmake)
-- Added test 'copyright' to check source files copyright and LICENSE
-- Added test 'cppcheck' to perform static code analysis on C / C++ code
-- Configured cppcheck include dirs: /home/yy/sight/pfa-nav/src/rmoss_gazebo/rmoss_gz_base/include
-- Configured cppcheck exclude dirs and/or files: 
-- Added test 'cpplint' to check C / C++ code against the Google style
-- Configured cpplint exclude dirs and/or files: 
-- Added test 'flake8' to check Python code syntax and style conventions
-- Added test 'lint_cmake' to check CMake code style
-- Added test 'pep257' to check Python code against some of the docstring style conventions in PEP 257
-- Added test 'uncrustify' to check C / C++ code style
-- Configured uncrustify additional arguments: 
-- Added test 'xmllint' to check XML markup files
-- Configuring done
-- Generating done
-- Build files have been written to: /home/yy/sight/pfa-nav/build/rmoss_gz_base
[35m[1mConsolidate compiler generated dependencies of target rmoss_gz_base[0m
[  6%] [32m[1mLinking CXX shared library librmoss_gz_base.so[0m
[ 87%] Built target rmoss_gz_base
[35m[1mConsolidate compiler generated dependencies of target rmua19_robot_base[0m
[ 93%] [32m[1mLinking CXX executable rmua19_robot_base[0m
[100%] Built target rmua19_robot_base
-- Install configuration: "Release"
-- Execute custom install script
-- Up-to-date symlink: /home/yy/sight/pfa-nav/install/rmoss_gz_base/include/rmoss_gz_base/chassis_controller.hpp
-- Up-to-date symlink: /home/yy/sight/pfa-nav/install/rmoss_gz_base/include/rmoss_gz_base/gimbal_controller.hpp
-- Up-to-date symlink: /home/yy/sight/pfa-nav/install/rmoss_gz_base/include/rmoss_gz_base/gz_chassis_actuator.hpp
-- Up-to-date symlink: /home/yy/sight/pfa-nav/install/rmoss_gz_base/include/rmoss_gz_base/gz_gimbal_actuator.hpp
-- Up-to-date symlink: /home/yy/sight/pfa-nav/install/rmoss_gz_base/include/rmoss_gz_base/gz_gimbal_encoder.hpp
-- Up-to-date symlink: /home/yy/sight/pfa-nav/install/rmoss_gz_base/include/rmoss_gz_base/gz_gimbal_imu.hpp
-- Up-to-date symlink: /home/yy/sight/pfa-nav/install/rmoss_gz_base/include/rmoss_gz_base/gz_light_bar_cmd.hpp
-- Up-to-date symlink: /home/yy/sight/pfa-nav/install/rmoss_gz_base/include/rmoss_gz_base/gz_odometry.hpp
-- Up-to-date symlink: /home/yy/sight/pfa-nav/install/rmoss_gz_base/include/rmoss_gz_base/gz_shoot_actuator.hpp
-- Up-to-date symlink: /home/yy/sight/pfa-nav/install/rmoss_gz_base/include/rmoss_gz_base/hardware_interface.hpp
-- Up-to-date symlink: /home/yy/sight/pfa-nav/install/rmoss_gz_base/include/rmoss_gz_base/odometry_publisher.hpp
-- Up-to-date symlink: /home/yy/sight/pfa-nav/install/rmoss_gz_base/include/rmoss_gz_base/pid.hpp
-- Up-to-date symlink: /home/yy/sight/pfa-nav/install/rmoss_gz_base/include/rmoss_gz_base/rmua19_robot_base_node.hpp
-- Up-to-date symlink: /home/yy/sight/pfa-nav/install/rmoss_gz_base/include/rmoss_gz_base/shooter_controller.hpp
-- Up-to-date symlink: /home/yy/sight/pfa-nav/install/rmoss_gz_base/lib/rmoss_gz_base/rmua19_robot_base
-- Up-to-date symlink: /home/yy/sight/pfa-nav/install/rmoss_gz_base/lib/rmoss_gz_base/test_chassis_cmd.py
-- Up-to-date symlink: /home/yy/sight/pfa-nav/install/rmoss_gz_base/lib/rmoss_gz_base/test_gimbal_cmd.py
-- Up-to-date symlink: /home/yy/sight/pfa-nav/install/rmoss_gz_base/lib/rmoss_gz_base/test_gimbal_cmd2.py
-- Up-to-date symlink: /home/yy/sight/pfa-nav/install/rmoss_gz_base/lib/rmoss_gz_base/test_shoot_cmd.py
-- Up-to-date symlink: /home/yy/sight/pfa-nav/install/rmoss_gz_base/share/rmoss_gz_base/environment/library_path.sh
-- Up-to-date symlink: /home/yy/sight/pfa-nav/install/rmoss_gz_base/share/rmoss_gz_base/environment/library_path.dsv
-- Up-to-date symlink: /home/yy/sight/pfa-nav/install/rmoss_gz_base/share/ament_index/resource_index/package_run_dependencies/rmoss_gz_base
-- Up-to-date symlink: /home/yy/sight/pfa-nav/install/rmoss_gz_base/share/ament_index/resource_index/parent_prefix_path/rmoss_gz_base
-- Up-to-date symlink: /home/yy/sight/pfa-nav/install/rmoss_gz_base/share/rmoss_gz_base/environment/ament_prefix_path.sh
-- Up-to-date symlink: /home/yy/sight/pfa-nav/install/rmoss_gz_base/share/rmoss_gz_base/environment/ament_prefix_path.dsv
-- Up-to-date symlink: /home/yy/sight/pfa-nav/install/rmoss_gz_base/share/rmoss_gz_base/environment/path.sh
-- Up-to-date symlink: /home/yy/sight/pfa-nav/install/rmoss_gz_base/share/rmoss_gz_base/environment/path.dsv
-- Up-to-date symlink: /home/yy/sight/pfa-nav/install/rmoss_gz_base/share/rmoss_gz_base/local_setup.bash
-- Up-to-date symlink: /home/yy/sight/pfa-nav/install/rmoss_gz_base/share/rmoss_gz_base/local_setup.sh
-- Up-to-date symlink: /home/yy/sight/pfa-nav/install/rmoss_gz_base/share/rmoss_gz_base/local_setup.zsh
-- Up-to-date symlink: /home/yy/sight/pfa-nav/install/rmoss_gz_base/share/rmoss_gz_base/local_setup.dsv
-- Symlinking: /home/yy/sight/pfa-nav/install/rmoss_gz_base/share/rmoss_gz_base/package.dsv
-- Up-to-date symlink: /home/yy/sight/pfa-nav/install/rmoss_gz_base/share/ament_index/resource_index/packages/rmoss_gz_base
-- Up-to-date symlink: /home/yy/sight/pfa-nav/install/rmoss_gz_base/share/ament_index/resource_index/rclcpp_components/rmoss_gz_base
-- Up-to-date symlink: /home/yy/sight/pfa-nav/install/rmoss_gz_base/share/rmoss_gz_base/cmake/ament_cmake_export_targets-extras.cmake
-- Up-to-date symlink: /home/yy/sight/pfa-nav/install/rmoss_gz_base/share/rmoss_gz_base/cmake/ament_cmake_export_dependencies-extras.cmake
-- Up-to-date symlink: /home/yy/sight/pfa-nav/install/rmoss_gz_base/share/rmoss_gz_base/cmake/rmoss_gz_baseConfig.cmake
-- Up-to-date symlink: /home/yy/sight/pfa-nav/install/rmoss_gz_base/share/rmoss_gz_base/cmake/rmoss_gz_baseConfig-version.cmake
-- Up-to-date symlink: /home/yy/sight/pfa-nav/install/rmoss_gz_base/share/rmoss_gz_base/package.xml
-- Installing: /home/yy/sight/pfa-nav/install/rmoss_gz_base/lib/librmoss_gz_base.so
-- Set runtime path of "/home/yy/sight/pfa-nav/install/rmoss_gz_base/lib/librmoss_gz_base.so" to ""
-- Up-to-date: /home/yy/sight/pfa-nav/install/rmoss_gz_base/share/rmoss_gz_base/cmake/rmoss_gz_baseExport.cmake
-- Up-to-date: /home/yy/sight/pfa-nav/install/rmoss_gz_base/share/rmoss_gz_base/cmake/rmoss_gz_baseExport-release.cmake
