[0.009s] Invoking command in '/home/yy/sight/pfa-nav/build/rmoss_gz_base': AMENT_PREFIX_PATH=/home/yy/sight/pfa-nav/install/rmoss_interfaces:/home/yy/sight/pfa-nav/install/rmoss_gz_resources:/home/yy/sight/pfa-nav/install/rmoss_gz_plugins:${AMENT_PREFIX_PATH} CMAKE_PREFIX_PATH=/home/yy/sight/pfa-nav/install/rmoss_interfaces:/home/yy/sight/pfa-nav/install/rmoss_gz_resources:/home/yy/sight/pfa-nav/install/rmoss_gz_plugins:/opt/ros/humble LD_LIBRARY_PATH=/home/yy/sight/pfa-nav/install/rmoss_interfaces/lib:/usr/lib/x86_64-linux-gnu/gazebo-11/plugins:/opt/ros/humble/opt/rviz_ogre_vendor/lib:/opt/ros/humble/lib/x86_64-linux-gnu:/opt/ros/humble/lib:/opt/MVS/lib/64:/opt/MVS/lib/32:/opt/MVS/lib/64:/opt/MVS/lib/32:/opt/MVS/lib/64:/opt/MVS/lib/32 PYTHONPATH=/home/yy/sight/pfa-nav/install/rmoss_interfaces/local/lib/python3.10/dist-packages:${PYTHONPATH} /usr/bin/cmake --build /home/yy/sight/pfa-nav/build/rmoss_gz_base -- -j20 -l20
[0.033s] -- Found ament_cmake: 1.3.12 (/opt/ros/humble/share/ament_cmake/cmake)
[0.123s] -- Override CMake install command with custom implementation using symlinks instead of copying resources
[0.129s] -- Found ament_index_cpp: 1.4.0 (/opt/ros/humble/share/ament_index_cpp/cmake)
[0.129s] -- Found rclcpp: 16.0.15 (/opt/ros/humble/share/rclcpp/cmake)
[0.146s] -- Found rosidl_generator_c: 3.1.7 (/opt/ros/humble/share/rosidl_generator_c/cmake)
[0.147s] -- Found rosidl_adapter: 3.1.7 (/opt/ros/humble/share/rosidl_adapter/cmake)
[0.150s] -- Found rosidl_generator_cpp: 3.1.7 (/opt/ros/humble/share/rosidl_generator_cpp/cmake)
[0.154s] -- Using all available rosidl_typesupport_c: rosidl_typesupport_fastrtps_c;rosidl_typesupport_introspection_c
[0.160s] -- Using all available rosidl_typesupport_cpp: rosidl_typesupport_fastrtps_cpp;rosidl_typesupport_introspection_cpp
[0.175s] -- Found rmw_implementation_cmake: 6.1.2 (/opt/ros/humble/share/rmw_implementation_cmake/cmake)
[0.175s] -- Found rmw_fastrtps_cpp: 6.2.9 (/opt/ros/humble/share/rmw_fastrtps_cpp/cmake)
[0.257s] -- Using RMW implementation 'rmw_fastrtps_cpp' as default
[0.289s] -- Found rclcpp_components: 16.0.15 (/opt/ros/humble/share/rclcpp_components/cmake)
[0.298s] -- Found geometry_msgs: 4.9.0 (/opt/ros/humble/share/geometry_msgs/cmake)
[0.304s] -- Found sensor_msgs: 4.9.0 (/opt/ros/humble/share/sensor_msgs/cmake)
[0.311s] -- Found nav_msgs: 4.9.0 (/opt/ros/humble/share/nav_msgs/cmake)
[0.319s] -- Found example_interfaces: 0.9.3 (/opt/ros/humble/share/example_interfaces/cmake)
[0.336s] -- Found rmoss_interfaces: 0.9.0 (/home/yy/sight/pfa-nav/install/rmoss_interfaces/share/rmoss_interfaces/cmake)
[0.345s] -- Found tf2_ros: 0.25.16 (/opt/ros/humble/share/tf2_ros/cmake)
[0.365s] -- Found ros_gz_bridge: 0.244.20 (/opt/ros/humble/share/ros_gz_bridge/cmake)
[0.391s] -- Found Protobuf: /usr/lib/x86_64-linux-gnu/libprotobuf.so (found suitable version "3.12.4", minimum required is "3") 
[0.442s] -- Found Protobuf: /usr/lib/x86_64-linux-gnu/libprotobuf.so (found version "3.12.4") 
[0.599s] -- Looking for ignition-transport11 -- found version 11.4.1
[0.600s] -- Looking for ignition-msgs8 -- found version 8.7.0
[0.600s] -- Compiling against Ignition Fortress
[0.604s] -- Found ament_lint_auto: 0.12.14 (/opt/ros/humble/share/ament_lint_auto/cmake)
[0.662s] -- Added test 'copyright' to check source files copyright and LICENSE
[0.664s] -- Added test 'cppcheck' to perform static code analysis on C / C++ code
[0.664s] -- Configured cppcheck include dirs: /home/yy/sight/pfa-nav/src/rmoss_gazebo/rmoss_gz_base/include
[0.664s] -- Configured cppcheck exclude dirs and/or files: 
[0.665s] -- Added test 'cpplint' to check C / C++ code against the Google style
[0.665s] -- Configured cpplint exclude dirs and/or files: 
[0.665s] -- Added test 'flake8' to check Python code syntax and style conventions
[0.666s] -- Added test 'lint_cmake' to check CMake code style
[0.666s] -- Added test 'pep257' to check Python code against some of the docstring style conventions in PEP 257
[0.667s] -- Added test 'uncrustify' to check C / C++ code style
[0.667s] -- Configured uncrustify additional arguments: 
[0.668s] -- Added test 'xmllint' to check XML markup files
[0.670s] -- Configuring done
[0.693s] -- Generating done
[0.699s] -- Build files have been written to: /home/yy/sight/pfa-nav/build/rmoss_gz_base
[0.740s] [35m[1mConsolidate compiler generated dependencies of target rmoss_gz_base[0m
[0.769s] [  6%] [32m[1mLinking CXX shared library librmoss_gz_base.so[0m
[1.221s] [ 87%] Built target rmoss_gz_base
[1.232s] [35m[1mConsolidate compiler generated dependencies of target rmua19_robot_base[0m
[1.249s] [ 93%] [32m[1mLinking CXX executable rmua19_robot_base[0m
[1.374s] [100%] Built target rmua19_robot_base
[1.381s] Invoked command in '/home/yy/sight/pfa-nav/build/rmoss_gz_base' returned '0': AMENT_PREFIX_PATH=/home/yy/sight/pfa-nav/install/rmoss_interfaces:/home/yy/sight/pfa-nav/install/rmoss_gz_resources:/home/yy/sight/pfa-nav/install/rmoss_gz_plugins:${AMENT_PREFIX_PATH} CMAKE_PREFIX_PATH=/home/yy/sight/pfa-nav/install/rmoss_interfaces:/home/yy/sight/pfa-nav/install/rmoss_gz_resources:/home/yy/sight/pfa-nav/install/rmoss_gz_plugins:/opt/ros/humble LD_LIBRARY_PATH=/home/yy/sight/pfa-nav/install/rmoss_interfaces/lib:/usr/lib/x86_64-linux-gnu/gazebo-11/plugins:/opt/ros/humble/opt/rviz_ogre_vendor/lib:/opt/ros/humble/lib/x86_64-linux-gnu:/opt/ros/humble/lib:/opt/MVS/lib/64:/opt/MVS/lib/32:/opt/MVS/lib/64:/opt/MVS/lib/32:/opt/MVS/lib/64:/opt/MVS/lib/32 PYTHONPATH=/home/yy/sight/pfa-nav/install/rmoss_interfaces/local/lib/python3.10/dist-packages:${PYTHONPATH} /usr/bin/cmake --build /home/yy/sight/pfa-nav/build/rmoss_gz_base -- -j20 -l20
[1.383s] Invoking command in '/home/yy/sight/pfa-nav/build/rmoss_gz_base': AMENT_PREFIX_PATH=/home/yy/sight/pfa-nav/install/rmoss_interfaces:/home/yy/sight/pfa-nav/install/rmoss_gz_resources:/home/yy/sight/pfa-nav/install/rmoss_gz_plugins:${AMENT_PREFIX_PATH} CMAKE_PREFIX_PATH=/home/yy/sight/pfa-nav/install/rmoss_interfaces:/home/yy/sight/pfa-nav/install/rmoss_gz_resources:/home/yy/sight/pfa-nav/install/rmoss_gz_plugins:/opt/ros/humble LD_LIBRARY_PATH=/home/yy/sight/pfa-nav/install/rmoss_interfaces/lib:/usr/lib/x86_64-linux-gnu/gazebo-11/plugins:/opt/ros/humble/opt/rviz_ogre_vendor/lib:/opt/ros/humble/lib/x86_64-linux-gnu:/opt/ros/humble/lib:/opt/MVS/lib/64:/opt/MVS/lib/32:/opt/MVS/lib/64:/opt/MVS/lib/32:/opt/MVS/lib/64:/opt/MVS/lib/32 PYTHONPATH=/home/yy/sight/pfa-nav/install/rmoss_interfaces/local/lib/python3.10/dist-packages:${PYTHONPATH} /usr/bin/cmake --install /home/yy/sight/pfa-nav/build/rmoss_gz_base
[1.390s] -- Install configuration: "Release"
[1.390s] -- Execute custom install script
[1.390s] -- Up-to-date symlink: /home/yy/sight/pfa-nav/install/rmoss_gz_base/include/rmoss_gz_base/chassis_controller.hpp
[1.390s] -- Up-to-date symlink: /home/yy/sight/pfa-nav/install/rmoss_gz_base/include/rmoss_gz_base/gimbal_controller.hpp
[1.390s] -- Up-to-date symlink: /home/yy/sight/pfa-nav/install/rmoss_gz_base/include/rmoss_gz_base/gz_chassis_actuator.hpp
[1.390s] -- Up-to-date symlink: /home/yy/sight/pfa-nav/install/rmoss_gz_base/include/rmoss_gz_base/gz_gimbal_actuator.hpp
[1.390s] -- Up-to-date symlink: /home/yy/sight/pfa-nav/install/rmoss_gz_base/include/rmoss_gz_base/gz_gimbal_encoder.hpp
[1.390s] -- Up-to-date symlink: /home/yy/sight/pfa-nav/install/rmoss_gz_base/include/rmoss_gz_base/gz_gimbal_imu.hpp
[1.390s] -- Up-to-date symlink: /home/yy/sight/pfa-nav/install/rmoss_gz_base/include/rmoss_gz_base/gz_light_bar_cmd.hpp
[1.390s] -- Up-to-date symlink: /home/yy/sight/pfa-nav/install/rmoss_gz_base/include/rmoss_gz_base/gz_odometry.hpp
[1.390s] -- Up-to-date symlink: /home/yy/sight/pfa-nav/install/rmoss_gz_base/include/rmoss_gz_base/gz_shoot_actuator.hpp
[1.390s] -- Up-to-date symlink: /home/yy/sight/pfa-nav/install/rmoss_gz_base/include/rmoss_gz_base/hardware_interface.hpp
[1.390s] -- Up-to-date symlink: /home/yy/sight/pfa-nav/install/rmoss_gz_base/include/rmoss_gz_base/odometry_publisher.hpp
[1.391s] -- Up-to-date symlink: /home/yy/sight/pfa-nav/install/rmoss_gz_base/include/rmoss_gz_base/pid.hpp
[1.391s] -- Up-to-date symlink: /home/yy/sight/pfa-nav/install/rmoss_gz_base/include/rmoss_gz_base/rmua19_robot_base_node.hpp
[1.391s] -- Up-to-date symlink: /home/yy/sight/pfa-nav/install/rmoss_gz_base/include/rmoss_gz_base/shooter_controller.hpp
[1.391s] -- Up-to-date symlink: /home/yy/sight/pfa-nav/install/rmoss_gz_base/lib/rmoss_gz_base/rmua19_robot_base
[1.391s] -- Up-to-date symlink: /home/yy/sight/pfa-nav/install/rmoss_gz_base/lib/rmoss_gz_base/test_chassis_cmd.py
[1.391s] -- Up-to-date symlink: /home/yy/sight/pfa-nav/install/rmoss_gz_base/lib/rmoss_gz_base/test_gimbal_cmd.py
[1.391s] -- Up-to-date symlink: /home/yy/sight/pfa-nav/install/rmoss_gz_base/lib/rmoss_gz_base/test_gimbal_cmd2.py
[1.391s] -- Up-to-date symlink: /home/yy/sight/pfa-nav/install/rmoss_gz_base/lib/rmoss_gz_base/test_shoot_cmd.py
[1.391s] -- Up-to-date symlink: /home/yy/sight/pfa-nav/install/rmoss_gz_base/share/rmoss_gz_base/environment/library_path.sh
[1.391s] -- Up-to-date symlink: /home/yy/sight/pfa-nav/install/rmoss_gz_base/share/rmoss_gz_base/environment/library_path.dsv
[1.391s] -- Up-to-date symlink: /home/yy/sight/pfa-nav/install/rmoss_gz_base/share/ament_index/resource_index/package_run_dependencies/rmoss_gz_base
[1.391s] -- Up-to-date symlink: /home/yy/sight/pfa-nav/install/rmoss_gz_base/share/ament_index/resource_index/parent_prefix_path/rmoss_gz_base
[1.391s] -- Up-to-date symlink: /home/yy/sight/pfa-nav/install/rmoss_gz_base/share/rmoss_gz_base/environment/ament_prefix_path.sh
[1.391s] -- Up-to-date symlink: /home/yy/sight/pfa-nav/install/rmoss_gz_base/share/rmoss_gz_base/environment/ament_prefix_path.dsv
[1.391s] -- Up-to-date symlink: /home/yy/sight/pfa-nav/install/rmoss_gz_base/share/rmoss_gz_base/environment/path.sh
[1.391s] -- Up-to-date symlink: /home/yy/sight/pfa-nav/install/rmoss_gz_base/share/rmoss_gz_base/environment/path.dsv
[1.391s] -- Up-to-date symlink: /home/yy/sight/pfa-nav/install/rmoss_gz_base/share/rmoss_gz_base/local_setup.bash
[1.392s] -- Up-to-date symlink: /home/yy/sight/pfa-nav/install/rmoss_gz_base/share/rmoss_gz_base/local_setup.sh
[1.392s] -- Up-to-date symlink: /home/yy/sight/pfa-nav/install/rmoss_gz_base/share/rmoss_gz_base/local_setup.zsh
[1.392s] -- Up-to-date symlink: /home/yy/sight/pfa-nav/install/rmoss_gz_base/share/rmoss_gz_base/local_setup.dsv
[1.392s] -- Symlinking: /home/yy/sight/pfa-nav/install/rmoss_gz_base/share/rmoss_gz_base/package.dsv
[1.397s] -- Up-to-date symlink: /home/yy/sight/pfa-nav/install/rmoss_gz_base/share/ament_index/resource_index/packages/rmoss_gz_base
[1.398s] -- Up-to-date symlink: /home/yy/sight/pfa-nav/install/rmoss_gz_base/share/ament_index/resource_index/rclcpp_components/rmoss_gz_base
[1.398s] -- Up-to-date symlink: /home/yy/sight/pfa-nav/install/rmoss_gz_base/share/rmoss_gz_base/cmake/ament_cmake_export_targets-extras.cmake
[1.398s] -- Up-to-date symlink: /home/yy/sight/pfa-nav/install/rmoss_gz_base/share/rmoss_gz_base/cmake/ament_cmake_export_dependencies-extras.cmake
[1.398s] -- Up-to-date symlink: /home/yy/sight/pfa-nav/install/rmoss_gz_base/share/rmoss_gz_base/cmake/rmoss_gz_baseConfig.cmake
[1.398s] -- Up-to-date symlink: /home/yy/sight/pfa-nav/install/rmoss_gz_base/share/rmoss_gz_base/cmake/rmoss_gz_baseConfig-version.cmake
[1.398s] -- Up-to-date symlink: /home/yy/sight/pfa-nav/install/rmoss_gz_base/share/rmoss_gz_base/package.xml
[1.399s] -- Installing: /home/yy/sight/pfa-nav/install/rmoss_gz_base/lib/librmoss_gz_base.so
[1.402s] -- Set runtime path of "/home/yy/sight/pfa-nav/install/rmoss_gz_base/lib/librmoss_gz_base.so" to ""
[1.402s] -- Up-to-date: /home/yy/sight/pfa-nav/install/rmoss_gz_base/share/rmoss_gz_base/cmake/rmoss_gz_baseExport.cmake
[1.402s] -- Up-to-date: /home/yy/sight/pfa-nav/install/rmoss_gz_base/share/rmoss_gz_base/cmake/rmoss_gz_baseExport-release.cmake
[1.404s] Invoked command in '/home/yy/sight/pfa-nav/build/rmoss_gz_base' returned '0': AMENT_PREFIX_PATH=/home/yy/sight/pfa-nav/install/rmoss_interfaces:/home/yy/sight/pfa-nav/install/rmoss_gz_resources:/home/yy/sight/pfa-nav/install/rmoss_gz_plugins:${AMENT_PREFIX_PATH} CMAKE_PREFIX_PATH=/home/yy/sight/pfa-nav/install/rmoss_interfaces:/home/yy/sight/pfa-nav/install/rmoss_gz_resources:/home/yy/sight/pfa-nav/install/rmoss_gz_plugins:/opt/ros/humble LD_LIBRARY_PATH=/home/yy/sight/pfa-nav/install/rmoss_interfaces/lib:/usr/lib/x86_64-linux-gnu/gazebo-11/plugins:/opt/ros/humble/opt/rviz_ogre_vendor/lib:/opt/ros/humble/lib/x86_64-linux-gnu:/opt/ros/humble/lib:/opt/MVS/lib/64:/opt/MVS/lib/32:/opt/MVS/lib/64:/opt/MVS/lib/32:/opt/MVS/lib/64:/opt/MVS/lib/32 PYTHONPATH=/home/yy/sight/pfa-nav/install/rmoss_interfaces/local/lib/python3.10/dist-packages:${PYTHONPATH} /usr/bin/cmake --install /home/yy/sight/pfa-nav/build/rmoss_gz_base
