[0.018s] Invoking command in '/home/yy/sight/pfa-nav/build/rmoss_gz_cam': AMENT_PREFIX_PATH=/home/yy/sight/pfa-nav/install/rmoss_interfaces:${AMENT_PREFIX_PATH} CMAKE_PREFIX_PATH=/home/yy/sight/pfa-nav/install/rmoss_interfaces:/opt/ros/humble LD_LIBRARY_PATH=/home/yy/sight/pfa-nav/install/rmoss_interfaces/lib:/usr/lib/x86_64-linux-gnu/gazebo-11/plugins:/opt/ros/humble/opt/rviz_ogre_vendor/lib:/opt/ros/humble/lib/x86_64-linux-gnu:/opt/ros/humble/lib:/opt/MVS/lib/64:/opt/MVS/lib/32:/opt/MVS/lib/64:/opt/MVS/lib/32:/opt/MVS/lib/64:/opt/MVS/lib/32 PYTHONPATH=/home/yy/sight/pfa-nav/install/rmoss_interfaces/local/lib/python3.10/dist-packages:${PYTHONPATH} /usr/bin/cmake /home/yy/sight/pfa-nav/src/rmoss_gazebo/rmoss_gz_cam -DCMAKE_BUILD_TYPE=Release -DAMENT_CMAKE_SYMLINK_INSTALL=1 -DCMAKE_INSTALL_PREFIX=/home/yy/sight/pfa-nav/install/rmoss_gz_cam
[1.057s] -- The C compiler identification is GNU 11.4.0
[1.057s] -- The CXX compiler identification is GNU 11.4.0
[1.057s] -- Detecting C compiler ABI info
[1.057s] -- Detecting C compiler ABI info - done
[1.057s] -- Check for working C compiler: /usr/bin/cc - skipped
[1.057s] -- Detecting C compile features
[1.057s] -- Detecting C compile features - done
[1.057s] -- Detecting CXX compiler ABI info
[1.057s] -- Detecting CXX compiler ABI info - done
[1.057s] -- Check for working CXX compiler: /usr/bin/c++ - skipped
[1.057s] -- Detecting CXX compile features
[1.057s] -- Detecting CXX compile features - done
[1.057s] -- Found ament_cmake: 1.3.12 (/opt/ros/humble/share/ament_cmake/cmake)
[1.057s] -- Found Python3: /usr/bin/python3 (found version "3.10.12") found components: Interpreter 
[1.057s] -- Override CMake install command with custom implementation using symlinks instead of copying resources
[1.057s] -- Found rclcpp: 16.0.14 (/opt/ros/humble/share/rclcpp/cmake)
[1.057s] -- Found rosidl_generator_c: 3.1.7 (/opt/ros/humble/share/rosidl_generator_c/cmake)
[1.057s] -- Found rosidl_adapter: 3.1.7 (/opt/ros/humble/share/rosidl_adapter/cmake)
[1.057s] -- Found rosidl_generator_cpp: 3.1.7 (/opt/ros/humble/share/rosidl_generator_cpp/cmake)
[1.057s] -- Using all available rosidl_typesupport_c: rosidl_typesupport_fastrtps_c;rosidl_typesupport_introspection_c
[1.057s] -- Using all available rosidl_typesupport_cpp: rosidl_typesupport_fastrtps_cpp;rosidl_typesupport_introspection_cpp
[1.057s] -- Found rmw_implementation_cmake: 6.1.2 (/opt/ros/humble/share/rmw_implementation_cmake/cmake)
[1.057s] -- Found rmw_fastrtps_cpp: 6.2.8 (/opt/ros/humble/share/rmw_fastrtps_cpp/cmake)
[1.057s] -- Found OpenSSL: /usr/lib/x86_64-linux-gnu/libcrypto.so (found version "3.0.2")  
[1.057s] -- Found FastRTPS: /opt/ros/humble/include  
[1.057s] -- Using RMW implementation 'rmw_fastrtps_cpp' as default
[1.057s] -- Looking for pthread.h
[1.058s] -- Looking for pthread.h - found
[1.058s] -- Performing Test CMAKE_HAVE_LIBC_PTHREAD
[1.058s] -- Performing Test CMAKE_HAVE_LIBC_PTHREAD - Success
[1.058s] -- Found Threads: TRUE  
[1.058s] -- Found rclcpp_components: 16.0.14 (/opt/ros/humble/share/rclcpp_components/cmake)
[1.058s] -- Found sensor_msgs: 4.9.0 (/opt/ros/humble/share/sensor_msgs/cmake)
[1.058s] -- Found rmoss_interfaces: 0.9.0 (/home/yy/sight/pfa-nav/install/rmoss_interfaces/share/rmoss_interfaces/cmake)
[1.058s] -- Found image_transport: 3.1.12 (/opt/ros/humble/share/image_transport/cmake)
[1.058s] -- Found ros_gz_bridge: 0.244.20 (/opt/ros/humble/share/ros_gz_bridge/cmake)
[1.058s] -- Found Protobuf: /usr/lib/x86_64-linux-gnu/libprotobuf.so (found suitable version "3.12.4", minimum required is "3") 
[1.072s] -- Found Protobuf: /usr/lib/x86_64-linux-gnu/libprotobuf.so (found version "3.12.4") 
[1.310s] -- Looking for ignition-transport11 -- found version 11.4.1
[1.310s] -- Looking for ignition-msgs8 -- found version 8.7.0
[1.310s] -- Compiling against Ignition Fortress
[1.313s] -- Found ament_lint_auto: 0.12.14 (/opt/ros/humble/share/ament_lint_auto/cmake)
[1.373s] -- Added test 'copyright' to check source files copyright and LICENSE
[1.374s] -- Added test 'cppcheck' to perform static code analysis on C / C++ code
[1.374s] -- Configured cppcheck include dirs: /home/yy/sight/pfa-nav/src/rmoss_gazebo/rmoss_gz_cam/include
[1.374s] -- Configured cppcheck exclude dirs and/or files: 
[1.375s] -- Added test 'cpplint' to check C / C++ code against the Google style
[1.375s] -- Configured cpplint exclude dirs and/or files: 
[1.375s] -- Added test 'flake8' to check Python code syntax and style conventions
[1.376s] -- Added test 'lint_cmake' to check CMake code style
[1.376s] -- Added test 'pep257' to check Python code against some of the docstring style conventions in PEP 257
[1.377s] -- Added test 'uncrustify' to check C / C++ code style
[1.377s] -- Configured uncrustify additional arguments: 
[1.377s] -- Added test 'xmllint' to check XML markup files
[1.379s] -- Configuring done
[1.402s] -- Generating done
[1.409s] -- Build files have been written to: /home/yy/sight/pfa-nav/build/rmoss_gz_cam
[1.426s] Invoked command in '/home/yy/sight/pfa-nav/build/rmoss_gz_cam' returned '0': AMENT_PREFIX_PATH=/home/yy/sight/pfa-nav/install/rmoss_interfaces:${AMENT_PREFIX_PATH} CMAKE_PREFIX_PATH=/home/yy/sight/pfa-nav/install/rmoss_interfaces:/opt/ros/humble LD_LIBRARY_PATH=/home/yy/sight/pfa-nav/install/rmoss_interfaces/lib:/usr/lib/x86_64-linux-gnu/gazebo-11/plugins:/opt/ros/humble/opt/rviz_ogre_vendor/lib:/opt/ros/humble/lib/x86_64-linux-gnu:/opt/ros/humble/lib:/opt/MVS/lib/64:/opt/MVS/lib/32:/opt/MVS/lib/64:/opt/MVS/lib/32:/opt/MVS/lib/64:/opt/MVS/lib/32 PYTHONPATH=/home/yy/sight/pfa-nav/install/rmoss_interfaces/local/lib/python3.10/dist-packages:${PYTHONPATH} /usr/bin/cmake /home/yy/sight/pfa-nav/src/rmoss_gazebo/rmoss_gz_cam -DCMAKE_BUILD_TYPE=Release -DAMENT_CMAKE_SYMLINK_INSTALL=1 -DCMAKE_INSTALL_PREFIX=/home/yy/sight/pfa-nav/install/rmoss_gz_cam
[1.427s] Invoking command in '/home/yy/sight/pfa-nav/build/rmoss_gz_cam': AMENT_PREFIX_PATH=/home/yy/sight/pfa-nav/install/rmoss_interfaces:${AMENT_PREFIX_PATH} CMAKE_PREFIX_PATH=/home/yy/sight/pfa-nav/install/rmoss_interfaces:/opt/ros/humble LD_LIBRARY_PATH=/home/yy/sight/pfa-nav/install/rmoss_interfaces/lib:/usr/lib/x86_64-linux-gnu/gazebo-11/plugins:/opt/ros/humble/opt/rviz_ogre_vendor/lib:/opt/ros/humble/lib/x86_64-linux-gnu:/opt/ros/humble/lib:/opt/MVS/lib/64:/opt/MVS/lib/32:/opt/MVS/lib/64:/opt/MVS/lib/32:/opt/MVS/lib/64:/opt/MVS/lib/32 PYTHONPATH=/home/yy/sight/pfa-nav/install/rmoss_interfaces/local/lib/python3.10/dist-packages:${PYTHONPATH} /usr/bin/cmake --build /home/yy/sight/pfa-nav/build/rmoss_gz_cam -- -j20 -l20
[3.710s] [ 25%] [32mBuilding CXX object CMakeFiles/rmoss_gz_cam.dir/src/gz_cam_node.cpp.o[0m
[11.205s] [ 50%] [32m[1mLinking CXX shared library librmoss_gz_cam.so[0m
[11.621s] [ 50%] Built target rmoss_gz_cam
[11.638s] [ 75%] [32mBuilding CXX object CMakeFiles/gz_cam.dir/src/gz_cam_main.cpp.o[0m
[16.267s] [100%] [32m[1mLinking CXX executable gz_cam[0m
[16.430s] [100%] Built target gz_cam
[16.440s] Invoked command in '/home/yy/sight/pfa-nav/build/rmoss_gz_cam' returned '0': AMENT_PREFIX_PATH=/home/yy/sight/pfa-nav/install/rmoss_interfaces:${AMENT_PREFIX_PATH} CMAKE_PREFIX_PATH=/home/yy/sight/pfa-nav/install/rmoss_interfaces:/opt/ros/humble LD_LIBRARY_PATH=/home/yy/sight/pfa-nav/install/rmoss_interfaces/lib:/usr/lib/x86_64-linux-gnu/gazebo-11/plugins:/opt/ros/humble/opt/rviz_ogre_vendor/lib:/opt/ros/humble/lib/x86_64-linux-gnu:/opt/ros/humble/lib:/opt/MVS/lib/64:/opt/MVS/lib/32:/opt/MVS/lib/64:/opt/MVS/lib/32:/opt/MVS/lib/64:/opt/MVS/lib/32 PYTHONPATH=/home/yy/sight/pfa-nav/install/rmoss_interfaces/local/lib/python3.10/dist-packages:${PYTHONPATH} /usr/bin/cmake --build /home/yy/sight/pfa-nav/build/rmoss_gz_cam -- -j20 -l20
[16.441s] Invoking command in '/home/yy/sight/pfa-nav/build/rmoss_gz_cam': AMENT_PREFIX_PATH=/home/yy/sight/pfa-nav/install/rmoss_interfaces:${AMENT_PREFIX_PATH} CMAKE_PREFIX_PATH=/home/yy/sight/pfa-nav/install/rmoss_interfaces:/opt/ros/humble LD_LIBRARY_PATH=/home/yy/sight/pfa-nav/install/rmoss_interfaces/lib:/usr/lib/x86_64-linux-gnu/gazebo-11/plugins:/opt/ros/humble/opt/rviz_ogre_vendor/lib:/opt/ros/humble/lib/x86_64-linux-gnu:/opt/ros/humble/lib:/opt/MVS/lib/64:/opt/MVS/lib/32:/opt/MVS/lib/64:/opt/MVS/lib/32:/opt/MVS/lib/64:/opt/MVS/lib/32 PYTHONPATH=/home/yy/sight/pfa-nav/install/rmoss_interfaces/local/lib/python3.10/dist-packages:${PYTHONPATH} /usr/bin/cmake --install /home/yy/sight/pfa-nav/build/rmoss_gz_cam
[16.448s] -- Install configuration: "Release"
[16.448s] -- Execute custom install script
[16.448s] -- Symlinking: /home/yy/sight/pfa-nav/install/rmoss_gz_cam/include/rmoss_gz_cam/gz_cam_node.hpp
[16.453s] -- Symlinking: /home/yy/sight/pfa-nav/install/rmoss_gz_cam/lib/rmoss_gz_cam/gz_cam
[16.460s] -- Symlinking: /home/yy/sight/pfa-nav/install/rmoss_gz_cam/share/rmoss_gz_cam/launch/gz_cam.launch.py
[16.467s] -- Symlinking: /home/yy/sight/pfa-nav/install/rmoss_gz_cam/share/ament_index/resource_index/package_run_dependencies/rmoss_gz_cam
[16.474s] -- Symlinking: /home/yy/sight/pfa-nav/install/rmoss_gz_cam/share/ament_index/resource_index/parent_prefix_path/rmoss_gz_cam
[16.482s] -- Symlinking: /home/yy/sight/pfa-nav/install/rmoss_gz_cam/share/rmoss_gz_cam/environment/ament_prefix_path.sh
[16.489s] -- Symlinking: /home/yy/sight/pfa-nav/install/rmoss_gz_cam/share/rmoss_gz_cam/environment/ament_prefix_path.dsv
[16.496s] -- Symlinking: /home/yy/sight/pfa-nav/install/rmoss_gz_cam/share/rmoss_gz_cam/environment/path.sh
[16.503s] -- Symlinking: /home/yy/sight/pfa-nav/install/rmoss_gz_cam/share/rmoss_gz_cam/environment/path.dsv
[16.510s] -- Symlinking: /home/yy/sight/pfa-nav/install/rmoss_gz_cam/share/rmoss_gz_cam/local_setup.bash
[16.517s] -- Symlinking: /home/yy/sight/pfa-nav/install/rmoss_gz_cam/share/rmoss_gz_cam/local_setup.sh
[16.524s] -- Symlinking: /home/yy/sight/pfa-nav/install/rmoss_gz_cam/share/rmoss_gz_cam/local_setup.zsh
[16.530s] -- Symlinking: /home/yy/sight/pfa-nav/install/rmoss_gz_cam/share/rmoss_gz_cam/local_setup.dsv
[16.537s] -- Symlinking: /home/yy/sight/pfa-nav/install/rmoss_gz_cam/share/rmoss_gz_cam/package.dsv
[16.544s] -- Symlinking: /home/yy/sight/pfa-nav/install/rmoss_gz_cam/share/ament_index/resource_index/packages/rmoss_gz_cam
[16.550s] -- Symlinking: /home/yy/sight/pfa-nav/install/rmoss_gz_cam/share/ament_index/resource_index/rclcpp_components/rmoss_gz_cam
[16.555s] -- Symlinking: /home/yy/sight/pfa-nav/install/rmoss_gz_cam/share/rmoss_gz_cam/cmake/rmoss_gz_camConfig.cmake
[16.563s] -- Symlinking: /home/yy/sight/pfa-nav/install/rmoss_gz_cam/share/rmoss_gz_cam/cmake/rmoss_gz_camConfig-version.cmake
[16.570s] -- Symlinking: /home/yy/sight/pfa-nav/install/rmoss_gz_cam/share/rmoss_gz_cam/package.xml
[16.576s] -- Installing: /home/yy/sight/pfa-nav/install/rmoss_gz_cam/lib/librmoss_gz_cam.so
[16.576s] -- Set runtime path of "/home/yy/sight/pfa-nav/install/rmoss_gz_cam/lib/librmoss_gz_cam.so" to ""
[16.580s] Invoked command in '/home/yy/sight/pfa-nav/build/rmoss_gz_cam' returned '0': AMENT_PREFIX_PATH=/home/yy/sight/pfa-nav/install/rmoss_interfaces:${AMENT_PREFIX_PATH} CMAKE_PREFIX_PATH=/home/yy/sight/pfa-nav/install/rmoss_interfaces:/opt/ros/humble LD_LIBRARY_PATH=/home/yy/sight/pfa-nav/install/rmoss_interfaces/lib:/usr/lib/x86_64-linux-gnu/gazebo-11/plugins:/opt/ros/humble/opt/rviz_ogre_vendor/lib:/opt/ros/humble/lib/x86_64-linux-gnu:/opt/ros/humble/lib:/opt/MVS/lib/64:/opt/MVS/lib/32:/opt/MVS/lib/64:/opt/MVS/lib/32:/opt/MVS/lib/64:/opt/MVS/lib/32 PYTHONPATH=/home/yy/sight/pfa-nav/install/rmoss_interfaces/local/lib/python3.10/dist-packages:${PYTHONPATH} /usr/bin/cmake --install /home/yy/sight/pfa-nav/build/rmoss_gz_cam
