[0.005s] Invoking command in '/home/yy/sight/pfa-nav/build/pb_nav2_plugins': CMAKE_PREFIX_PATH=/opt/ros/humble /usr/bin/cmake --build /home/yy/sight/pfa-nav/build/pb_nav2_plugins -- -j20 -l20
[0.024s] -- Found ament_cmake_auto: 1.3.12 (/opt/ros/humble/share/ament_cmake_auto/cmake)
[0.094s] -- Override CMake install command with custom implementation using symlinks instead of copying resources
[0.144s] -- Found rosidl_generator_c: 3.1.7 (/opt/ros/humble/share/rosidl_generator_c/cmake)
[0.145s] -- Found rosidl_adapter: 3.1.7 (/opt/ros/humble/share/rosidl_adapter/cmake)
[0.148s] -- Found rosidl_generator_cpp: 3.1.7 (/opt/ros/humble/share/rosidl_generator_cpp/cmake)
[0.152s] -- Using all available rosidl_typesupport_c: rosidl_typesupport_fastrtps_c;rosidl_typesupport_introspection_c
[0.158s] -- Using all available rosidl_typesupport_cpp: rosidl_typesupport_fastrtps_cpp;rosidl_typesupport_introspection_cpp
[0.173s] -- Found rmw_implementation_cmake: 6.1.2 (/opt/ros/humble/share/rmw_implementation_cmake/cmake)
[0.173s] -- Found rmw_fastrtps_cpp: 6.2.9 (/opt/ros/humble/share/rmw_fastrtps_cpp/cmake)
[0.226s] -- Using RMW implementation 'rmw_fastrtps_cpp' as default
[0.386s] -- Found eigen3_cmake_module: 0.1.1 (/opt/ros/humble/share/eigen3_cmake_module/cmake)
[0.387s] -- Ensuring Eigen3 include directory is part of orocos-kdl CMake target
[0.717s] -- Found ament_lint_auto: 0.12.14 (/opt/ros/humble/share/ament_lint_auto/cmake)
[0.722s] [0mIn this package, headers install destination is set to `include` by ament_auto_package. It is recommended to install `include/pb_nav2_plugins` instead and will be the default behavior of ament_auto_package from ROS 2 Kilted Kaiju. On distributions before Kilted, ament_auto_package behaves the same way when you use USE_SCOPED_HEADER_INSTALL_DIR option.[0m
[0.725s] -- Added test 'copyright' to check source files copyright and LICENSE
[0.726s] -- Added test 'cppcheck' to perform static code analysis on C / C++ code
[0.726s] -- Configured cppcheck include dirs: /home/yy/sight/pfa-nav/src/pb2025_sentry_nav/pb_nav2_plugins/pb_nav2_plugins-d70977132936da4d758bd6e8c0771a8cf4861ad9/include
[0.726s] -- Configured cppcheck exclude dirs and/or files: 
[0.727s] -- Added test 'cpplint' to check C / C++ code against the Google style
[0.727s] -- Configured cpplint exclude dirs and/or files: 
[0.727s] -- Added test 'lint_cmake' to check CMake code style
[0.727s] -- Added test 'xmllint' to check XML markup files
[0.728s] -- Added test 'clang_format' to check C / C++ code style
[0.730s] -- Configuring done
[0.794s] -- Generating done
[0.801s] -- Build files have been written to: /home/yy/sight/pfa-nav/build/pb_nav2_plugins
[0.822s] [35m[1mConsolidate compiler generated dependencies of target pb_back_up_frees_space_behavior[0m
[0.837s] [ 25%] [32mBuilding CXX object CMakeFiles/pb_back_up_frees_space_behavior.dir/src/behaviors/back_up_free_space.cpp.o[0m
[5.988s] [ 50%] [32m[1mLinking CXX shared library libpb_back_up_frees_space_behavior.so[0m
[6.181s] [ 50%] Built target pb_back_up_frees_space_behavior
[6.188s] [35m[1mConsolidate compiler generated dependencies of target layers[0m
[6.203s] [ 75%] [32mBuilding CXX object CMakeFiles/layers.dir/src/layers/intensity_voxel_layer.cpp.o[0m
[9.659s] [100%] [32m[1mLinking CXX shared library liblayers.so[0m
[9.849s] [100%] Built target layers
[9.857s] Invoked command in '/home/yy/sight/pfa-nav/build/pb_nav2_plugins' returned '0': CMAKE_PREFIX_PATH=/opt/ros/humble /usr/bin/cmake --build /home/yy/sight/pfa-nav/build/pb_nav2_plugins -- -j20 -l20
[9.858s] Invoking command in '/home/yy/sight/pfa-nav/build/pb_nav2_plugins': CMAKE_PREFIX_PATH=/opt/ros/humble /usr/bin/cmake --install /home/yy/sight/pfa-nav/build/pb_nav2_plugins
[9.864s] -- Install configuration: "Release"
[9.864s] -- Execute custom install script
[9.864s] -- Up-to-date symlink: /home/yy/sight/pfa-nav/install/pb_nav2_plugins/share/pb_nav2_plugins//behavior_plugin.xml
[9.865s] -- Up-to-date symlink: /home/yy/sight/pfa-nav/install/pb_nav2_plugins/share/pb_nav2_plugins//costmap_plugins.xml
[9.865s] -- Up-to-date symlink: /home/yy/sight/pfa-nav/install/pb_nav2_plugins/include/pb_nav2_plugins/behaviors/back_up_free_space.hpp
[9.865s] -- Up-to-date symlink: /home/yy/sight/pfa-nav/install/pb_nav2_plugins/include/pb_nav2_plugins/layers/intensity_voxel_layer.hpp
[9.865s] -- Up-to-date symlink: /home/yy/sight/pfa-nav/install/pb_nav2_plugins/share/pb_nav2_plugins/environment/library_path.sh
[9.865s] -- Up-to-date symlink: /home/yy/sight/pfa-nav/install/pb_nav2_plugins/share/pb_nav2_plugins/environment/library_path.dsv
[9.865s] -- Up-to-date symlink: /home/yy/sight/pfa-nav/install/pb_nav2_plugins/lib/libpb_back_up_frees_space_behavior.so
[9.865s] -- Up-to-date symlink: /home/yy/sight/pfa-nav/install/pb_nav2_plugins/lib/liblayers.so
[9.865s] -- Up-to-date symlink: /home/yy/sight/pfa-nav/install/pb_nav2_plugins/share/ament_index/resource_index/package_run_dependencies/pb_nav2_plugins
[9.865s] -- Up-to-date symlink: /home/yy/sight/pfa-nav/install/pb_nav2_plugins/share/ament_index/resource_index/parent_prefix_path/pb_nav2_plugins
[9.865s] -- Up-to-date symlink: /home/yy/sight/pfa-nav/install/pb_nav2_plugins/share/pb_nav2_plugins/environment/ament_prefix_path.sh
[9.865s] -- Up-to-date symlink: /home/yy/sight/pfa-nav/install/pb_nav2_plugins/share/pb_nav2_plugins/environment/ament_prefix_path.dsv
[9.866s] -- Up-to-date symlink: /home/yy/sight/pfa-nav/install/pb_nav2_plugins/share/pb_nav2_plugins/environment/path.sh
[9.866s] -- Up-to-date symlink: /home/yy/sight/pfa-nav/install/pb_nav2_plugins/share/pb_nav2_plugins/environment/path.dsv
[9.866s] -- Up-to-date symlink: /home/yy/sight/pfa-nav/install/pb_nav2_plugins/share/pb_nav2_plugins/local_setup.bash
[9.866s] -- Up-to-date symlink: /home/yy/sight/pfa-nav/install/pb_nav2_plugins/share/pb_nav2_plugins/local_setup.sh
[9.866s] -- Up-to-date symlink: /home/yy/sight/pfa-nav/install/pb_nav2_plugins/share/pb_nav2_plugins/local_setup.zsh
[9.866s] -- Up-to-date symlink: /home/yy/sight/pfa-nav/install/pb_nav2_plugins/share/pb_nav2_plugins/local_setup.dsv
[9.866s] -- Symlinking: /home/yy/sight/pfa-nav/install/pb_nav2_plugins/share/pb_nav2_plugins/package.dsv
[9.872s] -- Up-to-date symlink: /home/yy/sight/pfa-nav/install/pb_nav2_plugins/share/ament_index/resource_index/packages/pb_nav2_plugins
[9.872s] -- Up-to-date symlink: /home/yy/sight/pfa-nav/install/pb_nav2_plugins/share/ament_index/resource_index/nav2_core__pluginlib__plugin/pb_nav2_plugins
[9.872s] -- Up-to-date symlink: /home/yy/sight/pfa-nav/install/pb_nav2_plugins/share/ament_index/resource_index/nav2_costmap_2d__pluginlib__plugin/pb_nav2_plugins
[9.872s] -- Up-to-date symlink: /home/yy/sight/pfa-nav/install/pb_nav2_plugins/share/pb_nav2_plugins/cmake/ament_cmake_export_dependencies-extras.cmake
[9.872s] -- Up-to-date symlink: /home/yy/sight/pfa-nav/install/pb_nav2_plugins/share/pb_nav2_plugins/cmake/ament_cmake_export_include_directories-extras.cmake
[9.873s] -- Up-to-date symlink: /home/yy/sight/pfa-nav/install/pb_nav2_plugins/share/pb_nav2_plugins/cmake/ament_cmake_export_libraries-extras.cmake
[9.873s] -- Up-to-date symlink: /home/yy/sight/pfa-nav/install/pb_nav2_plugins/share/pb_nav2_plugins/cmake/pb_nav2_pluginsConfig.cmake
[9.873s] -- Up-to-date symlink: /home/yy/sight/pfa-nav/install/pb_nav2_plugins/share/pb_nav2_plugins/cmake/pb_nav2_pluginsConfig-version.cmake
[9.873s] -- Up-to-date symlink: /home/yy/sight/pfa-nav/install/pb_nav2_plugins/share/pb_nav2_plugins/package.xml
[9.874s] Invoked command in '/home/yy/sight/pfa-nav/build/pb_nav2_plugins' returned '0': CMAKE_PREFIX_PATH=/opt/ros/humble /usr/bin/cmake --install /home/yy/sight/pfa-nav/build/pb_nav2_plugins
