[0.085s] Invoking command in '/home/yy/sight/pfa-nav/build/point_lio': AMENT_PREFIX_PATH=/home/yy/sight/pfa-nav/install/livox_ros_driver2:${AMENT_PREFIX_PATH} CMAKE_PREFIX_PATH=/home/yy/sight/pfa-nav/install/livox_ros_driver2:/opt/ros/humble LD_LIBRARY_PATH=/home/yy/sight/pfa-nav/install/livox_ros_driver2/lib:/usr/lib/x86_64-linux-gnu/gazebo-11/plugins:/opt/ros/humble/opt/rviz_ogre_vendor/lib:/opt/ros/humble/lib/x86_64-linux-gnu:/opt/ros/humble/lib:/opt/MVS/lib/64:/opt/MVS/lib/32:/opt/MVS/lib/64:/opt/MVS/lib/32:/opt/MVS/lib/64:/opt/MVS/lib/32 PYTHONPATH=/home/yy/sight/pfa-nav/install/livox_ros_driver2/local/lib/python3.10/dist-packages:${PYTHONPATH} /usr/bin/cmake --build /home/yy/sight/pfa-nav/build/point_lio -- -j20 -l20
[0.118s] [35m[1mConsolidate compiler generated dependencies of target pointlio_mapping[0m
[0.170s] [100%] Built target pointlio_mapping
[0.196s] Invoked command in '/home/yy/sight/pfa-nav/build/point_lio' returned '0': AMENT_PREFIX_PATH=/home/yy/sight/pfa-nav/install/livox_ros_driver2:${AMENT_PREFIX_PATH} CMAKE_PREFIX_PATH=/home/yy/sight/pfa-nav/install/livox_ros_driver2:/opt/ros/humble LD_LIBRARY_PATH=/home/yy/sight/pfa-nav/install/livox_ros_driver2/lib:/usr/lib/x86_64-linux-gnu/gazebo-11/plugins:/opt/ros/humble/opt/rviz_ogre_vendor/lib:/opt/ros/humble/lib/x86_64-linux-gnu:/opt/ros/humble/lib:/opt/MVS/lib/64:/opt/MVS/lib/32:/opt/MVS/lib/64:/opt/MVS/lib/32:/opt/MVS/lib/64:/opt/MVS/lib/32 PYTHONPATH=/home/yy/sight/pfa-nav/install/livox_ros_driver2/local/lib/python3.10/dist-packages:${PYTHONPATH} /usr/bin/cmake --build /home/yy/sight/pfa-nav/build/point_lio -- -j20 -l20
[0.197s] Invoking command in '/home/yy/sight/pfa-nav/build/point_lio': AMENT_PREFIX_PATH=/home/yy/sight/pfa-nav/install/livox_ros_driver2:${AMENT_PREFIX_PATH} CMAKE_PREFIX_PATH=/home/yy/sight/pfa-nav/install/livox_ros_driver2:/opt/ros/humble LD_LIBRARY_PATH=/home/yy/sight/pfa-nav/install/livox_ros_driver2/lib:/usr/lib/x86_64-linux-gnu/gazebo-11/plugins:/opt/ros/humble/opt/rviz_ogre_vendor/lib:/opt/ros/humble/lib/x86_64-linux-gnu:/opt/ros/humble/lib:/opt/MVS/lib/64:/opt/MVS/lib/32:/opt/MVS/lib/64:/opt/MVS/lib/32:/opt/MVS/lib/64:/opt/MVS/lib/32 PYTHONPATH=/home/yy/sight/pfa-nav/install/livox_ros_driver2/local/lib/python3.10/dist-packages:${PYTHONPATH} /usr/bin/cmake --install /home/yy/sight/pfa-nav/build/point_lio
[0.204s] -- Install configuration: "Release"
[0.204s] -- Execute custom install script
[0.205s] -- Up-to-date symlink: /home/yy/sight/pfa-nav/install/point_lio/lib/point_lio/pointlio_mapping
[0.205s] -- Up-to-date symlink: /home/yy/sight/pfa-nav/install/point_lio/share/point_lio/config/avia.yaml
[0.205s] -- Up-to-date symlink: /home/yy/sight/pfa-nav/install/point_lio/share/point_lio/config/horizon.yaml
[0.205s] -- Up-to-date symlink: /home/yy/sight/pfa-nav/install/point_lio/share/point_lio/config/mid360.yaml
[0.205s] -- Up-to-date symlink: /home/yy/sight/pfa-nav/install/point_lio/share/point_lio/config/ouster64.yaml
[0.205s] -- Up-to-date symlink: /home/yy/sight/pfa-nav/install/point_lio/share/point_lio/config/velody16.yaml
[0.205s] -- Up-to-date symlink: /home/yy/sight/pfa-nav/install/point_lio/share/point_lio/launch/point_lio.launch.py
[0.205s] -- Up-to-date symlink: /home/yy/sight/pfa-nav/install/point_lio/share/point_lio/rviz_cfg/.gitignore
[0.205s] -- Up-to-date symlink: /home/yy/sight/pfa-nav/install/point_lio/share/point_lio/rviz_cfg/loam_livox.rviz
[0.206s] -- Up-to-date symlink: /home/yy/sight/pfa-nav/install/point_lio/share/ament_index/resource_index/package_run_dependencies/point_lio
[0.206s] -- Up-to-date symlink: /home/yy/sight/pfa-nav/install/point_lio/share/ament_index/resource_index/parent_prefix_path/point_lio
[0.206s] -- Up-to-date symlink: /home/yy/sight/pfa-nav/install/point_lio/share/point_lio/environment/ament_prefix_path.sh
[0.206s] -- Up-to-date symlink: /home/yy/sight/pfa-nav/install/point_lio/share/point_lio/environment/ament_prefix_path.dsv
[0.206s] -- Up-to-date symlink: /home/yy/sight/pfa-nav/install/point_lio/share/point_lio/environment/path.sh
[0.206s] -- Up-to-date symlink: /home/yy/sight/pfa-nav/install/point_lio/share/point_lio/environment/path.dsv
[0.206s] -- Up-to-date symlink: /home/yy/sight/pfa-nav/install/point_lio/share/point_lio/local_setup.bash
[0.206s] -- Up-to-date symlink: /home/yy/sight/pfa-nav/install/point_lio/share/point_lio/local_setup.sh
[0.206s] -- Up-to-date symlink: /home/yy/sight/pfa-nav/install/point_lio/share/point_lio/local_setup.zsh
[0.206s] -- Up-to-date symlink: /home/yy/sight/pfa-nav/install/point_lio/share/point_lio/local_setup.dsv
[0.206s] -- Symlinking: /home/yy/sight/pfa-nav/install/point_lio/share/point_lio/package.dsv
[0.208s] -- Up-to-date symlink: /home/yy/sight/pfa-nav/install/point_lio/share/ament_index/resource_index/packages/point_lio
[0.208s] -- Up-to-date symlink: /home/yy/sight/pfa-nav/install/point_lio/share/point_lio/cmake/ament_cmake_export_dependencies-extras.cmake
[0.208s] -- Up-to-date symlink: /home/yy/sight/pfa-nav/install/point_lio/share/point_lio/cmake/point_lioConfig.cmake
[0.208s] -- Up-to-date symlink: /home/yy/sight/pfa-nav/install/point_lio/share/point_lio/cmake/point_lioConfig-version.cmake
[0.208s] -- Up-to-date symlink: /home/yy/sight/pfa-nav/install/point_lio/share/point_lio/package.xml
[0.236s] Invoked command in '/home/yy/sight/pfa-nav/build/point_lio' returned '0': AMENT_PREFIX_PATH=/home/yy/sight/pfa-nav/install/livox_ros_driver2:${AMENT_PREFIX_PATH} CMAKE_PREFIX_PATH=/home/yy/sight/pfa-nav/install/livox_ros_driver2:/opt/ros/humble LD_LIBRARY_PATH=/home/yy/sight/pfa-nav/install/livox_ros_driver2/lib:/usr/lib/x86_64-linux-gnu/gazebo-11/plugins:/opt/ros/humble/opt/rviz_ogre_vendor/lib:/opt/ros/humble/lib/x86_64-linux-gnu:/opt/ros/humble/lib:/opt/MVS/lib/64:/opt/MVS/lib/32:/opt/MVS/lib/64:/opt/MVS/lib/32:/opt/MVS/lib/64:/opt/MVS/lib/32 PYTHONPATH=/home/yy/sight/pfa-nav/install/livox_ros_driver2/local/lib/python3.10/dist-packages:${PYTHONPATH} /usr/bin/cmake --install /home/yy/sight/pfa-nav/build/point_lio
