[0.057s] Invoking command in '/home/yy/sight/pfa-nav/build/small_gicp': CMAKE_PREFIX_PATH=/opt/ros/humble /usr/bin/cmake /home/yy/sight/pfa-nav/src/small_gicp -DCMAKE_BUILD_TYPE=Release -DCMAKE_INSTALL_PREFIX=/home/yy/sight/pfa-nav/install/small_gicp
[3.641s] -- The C compiler identification is GNU 11.4.0
[3.641s] -- The CXX compiler identification is GNU 11.4.0
[3.641s] -- Detecting C compiler ABI info
[3.641s] -- Detecting C compiler ABI info - done
[3.641s] -- Check for working C compiler: /usr/bin/cc - skipped
[3.641s] -- Detecting C compile features
[3.642s] -- Detecting C compile features - done
[3.642s] -- Detecting CXX compiler ABI info
[3.642s] -- Detecting CXX compiler ABI info - done
[3.642s] -- Check for working CXX compiler: /usr/bin/c++ - skipped
[3.642s] -- Detecting CXX compile features
[3.642s] -- Detecting CXX compile features - done
[3.642s] -- Found OpenMP_C: -fopenmp (found version "4.5") 
[3.642s] -- Found OpenMP_CXX: -fopenmp (found version "4.5") 
[3.642s] -- Found OpenMP: TRUE (found version "4.5")  
[3.642s] -- Configuring done
[3.642s] -- Generating done
[3.642s] -- Build files have been written to: /home/yy/sight/pfa-nav/build/small_gicp
[3.666s] Invoked command in '/home/yy/sight/pfa-nav/build/small_gicp' returned '0': CMAKE_PREFIX_PATH=/opt/ros/humble /usr/bin/cmake /home/yy/sight/pfa-nav/src/small_gicp -DCMAKE_BUILD_TYPE=Release -DCMAKE_INSTALL_PREFIX=/home/yy/sight/pfa-nav/install/small_gicp
[3.666s] Invoking command in '/home/yy/sight/pfa-nav/build/small_gicp': CMAKE_PREFIX_PATH=/opt/ros/humble /usr/bin/cmake --build /home/yy/sight/pfa-nav/build/small_gicp -- -j20 -l20
[8.432s] [ 33%] [32mBuilding CXX object CMakeFiles/small_gicp.dir/src/small_gicp/registration/registration_helper.cpp.o[0m
[8.432s] [ 66%] [32mBuilding CXX object CMakeFiles/small_gicp.dir/src/small_gicp/registration/registration.cpp.o[0m
[23.392s] [100%] [32m[1mLinking CXX shared library libsmall_gicp.so[0m
[23.474s] [100%] Built target small_gicp
[23.484s] Invoked command in '/home/yy/sight/pfa-nav/build/small_gicp' returned '0': CMAKE_PREFIX_PATH=/opt/ros/humble /usr/bin/cmake --build /home/yy/sight/pfa-nav/build/small_gicp -- -j20 -l20
[23.492s] Invoking command in '/home/yy/sight/pfa-nav/build/small_gicp': CMAKE_PREFIX_PATH=/opt/ros/humble /usr/bin/cmake --install /home/yy/sight/pfa-nav/build/small_gicp
[24.332s] -- Install configuration: "Release"
[24.332s] -- Installing: /home/yy/sight/pfa-nav/install/small_gicp/include
[24.332s] -- Installing: /home/yy/sight/pfa-nav/install/small_gicp/include/small_gicp
[24.332s] -- Installing: /home/yy/sight/pfa-nav/install/small_gicp/include/small_gicp/registration
[24.333s] -- Installing: /home/yy/sight/pfa-nav/install/small_gicp/include/small_gicp/registration/registration_result.hpp
[24.333s] -- Installing: /home/yy/sight/pfa-nav/install/small_gicp/include/small_gicp/registration/reduction_omp.hpp
[24.333s] -- Installing: /home/yy/sight/pfa-nav/install/small_gicp/include/small_gicp/registration/reduction.hpp
[24.333s] -- Installing: /home/yy/sight/pfa-nav/install/small_gicp/include/small_gicp/registration/registration.hpp
[24.333s] -- Installing: /home/yy/sight/pfa-nav/install/small_gicp/include/small_gicp/registration/registration_helper.hpp
[24.333s] -- Installing: /home/yy/sight/pfa-nav/install/small_gicp/include/small_gicp/registration/termination_criteria.hpp
[24.333s] -- Installing: /home/yy/sight/pfa-nav/install/small_gicp/include/small_gicp/registration/optimizer.hpp
[24.333s] -- Installing: /home/yy/sight/pfa-nav/install/small_gicp/include/small_gicp/registration/rejector.hpp
[24.333s] -- Installing: /home/yy/sight/pfa-nav/install/small_gicp/include/small_gicp/registration/reduction_tbb.hpp
[24.333s] -- Installing: /home/yy/sight/pfa-nav/install/small_gicp/include/small_gicp/points
[24.333s] -- Installing: /home/yy/sight/pfa-nav/install/small_gicp/include/small_gicp/points/traits.hpp
[24.333s] -- Installing: /home/yy/sight/pfa-nav/install/small_gicp/include/small_gicp/points/point_cloud.hpp
[24.333s] -- Installing: /home/yy/sight/pfa-nav/install/small_gicp/include/small_gicp/points/eigen.hpp
[24.333s] -- Installing: /home/yy/sight/pfa-nav/install/small_gicp/include/small_gicp/factors
[24.333s] -- Installing: /home/yy/sight/pfa-nav/install/small_gicp/include/small_gicp/factors/icp_factor.hpp
[24.333s] -- Installing: /home/yy/sight/pfa-nav/install/small_gicp/include/small_gicp/factors/plane_icp_factor.hpp
[24.333s] -- Installing: /home/yy/sight/pfa-nav/install/small_gicp/include/small_gicp/factors/general_factor.hpp
[24.333s] -- Installing: /home/yy/sight/pfa-nav/install/small_gicp/include/small_gicp/factors/robust_kernel.hpp
[24.333s] -- Installing: /home/yy/sight/pfa-nav/install/small_gicp/include/small_gicp/factors/gicp_factor.hpp
[24.333s] -- Installing: /home/yy/sight/pfa-nav/install/small_gicp/include/small_gicp/benchmark
[24.333s] -- Installing: /home/yy/sight/pfa-nav/install/small_gicp/include/small_gicp/benchmark/benchmark_odom.hpp
[24.333s] -- Installing: /home/yy/sight/pfa-nav/install/small_gicp/include/small_gicp/benchmark/read_points.hpp
[24.333s] -- Installing: /home/yy/sight/pfa-nav/install/small_gicp/include/small_gicp/benchmark/benchmark.hpp
[24.333s] -- Installing: /home/yy/sight/pfa-nav/install/small_gicp/include/small_gicp/pcl
[24.333s] -- Installing: /home/yy/sight/pfa-nav/install/small_gicp/include/small_gicp/pcl/pcl_point_traits.hpp
[24.334s] -- Installing: /home/yy/sight/pfa-nav/install/small_gicp/include/small_gicp/pcl/pcl_point.hpp
[24.334s] -- Installing: /home/yy/sight/pfa-nav/install/small_gicp/include/small_gicp/pcl/pcl_registration_impl.hpp
[24.334s] -- Installing: /home/yy/sight/pfa-nav/install/small_gicp/include/small_gicp/pcl/pcl_proxy.hpp
[24.334s] -- Installing: /home/yy/sight/pfa-nav/install/small_gicp/include/small_gicp/pcl/pcl_registration.hpp
[24.334s] -- Installing: /home/yy/sight/pfa-nav/install/small_gicp/include/small_gicp/ann
[24.334s] -- Installing: /home/yy/sight/pfa-nav/install/small_gicp/include/small_gicp/ann/kdtree_tbb.hpp
[24.334s] -- Installing: /home/yy/sight/pfa-nav/install/small_gicp/include/small_gicp/ann/knn_result.hpp
[24.334s] -- Installing: /home/yy/sight/pfa-nav/install/small_gicp/include/small_gicp/ann/traits.hpp
[24.334s] -- Installing: /home/yy/sight/pfa-nav/install/small_gicp/include/small_gicp/ann/kdtree_omp.hpp
[24.334s] -- Installing: /home/yy/sight/pfa-nav/install/small_gicp/include/small_gicp/ann/sequential_voxelmap_accessor.hpp
[24.334s] -- Installing: /home/yy/sight/pfa-nav/install/small_gicp/include/small_gicp/ann/projection.hpp
[24.334s] -- Installing: /home/yy/sight/pfa-nav/install/small_gicp/include/small_gicp/ann/kdtree.hpp
[24.334s] -- Installing: /home/yy/sight/pfa-nav/install/small_gicp/include/small_gicp/ann/gaussian_voxelmap.hpp
[24.334s] -- Installing: /home/yy/sight/pfa-nav/install/small_gicp/include/small_gicp/ann/flat_container.hpp
[24.334s] -- Installing: /home/yy/sight/pfa-nav/install/small_gicp/include/small_gicp/ann/incremental_voxelmap.hpp
[24.334s] -- Installing: /home/yy/sight/pfa-nav/install/small_gicp/include/small_gicp/ann/projective_search.hpp
[24.334s] -- Installing: /home/yy/sight/pfa-nav/install/small_gicp/include/small_gicp/util
[24.334s] -- Installing: /home/yy/sight/pfa-nav/install/small_gicp/include/small_gicp/util/downsampling.hpp
[24.334s] -- Installing: /home/yy/sight/pfa-nav/install/small_gicp/include/small_gicp/util/lie.hpp
[24.335s] -- Installing: /home/yy/sight/pfa-nav/install/small_gicp/include/small_gicp/util/sort_tbb.hpp
[24.335s] -- Installing: /home/yy/sight/pfa-nav/install/small_gicp/include/small_gicp/util/normal_estimation.hpp
[24.335s] -- Installing: /home/yy/sight/pfa-nav/install/small_gicp/include/small_gicp/util/normal_estimation_omp.hpp
[24.335s] -- Installing: /home/yy/sight/pfa-nav/install/small_gicp/include/small_gicp/util/fast_floor.hpp
[24.335s] -- Installing: /home/yy/sight/pfa-nav/install/small_gicp/include/small_gicp/util/downsampling_omp.hpp
[24.335s] -- Installing: /home/yy/sight/pfa-nav/install/small_gicp/include/small_gicp/util/vector3i_hash.hpp
[24.335s] -- Installing: /home/yy/sight/pfa-nav/install/small_gicp/include/small_gicp/util/downsampling_tbb.hpp
[24.335s] -- Installing: /home/yy/sight/pfa-nav/install/small_gicp/include/small_gicp/util/normal_estimation_tbb.hpp
[24.335s] -- Installing: /home/yy/sight/pfa-nav/install/small_gicp/include/small_gicp/util/sort_omp.hpp
[24.335s] -- Installing: /home/yy/sight/pfa-nav/install/small_gicp/lib/libsmall_gicp.so
[24.335s] -- Installing: /home/yy/sight/pfa-nav/install/small_gicp/lib/cmake/small_gicp/small_gicp-targets.cmake
[24.335s] -- Installing: /home/yy/sight/pfa-nav/install/small_gicp/lib/cmake/small_gicp/small_gicp-targets-release.cmake
[24.335s] -- Installing: /home/yy/sight/pfa-nav/install/small_gicp/lib/cmake/small_gicp/small_gicp-config.cmake
[24.335s] -- Installing: /home/yy/sight/pfa-nav/install/small_gicp/lib/cmake/small_gicp/small_gicp-config-version.cmake
[24.359s] Invoked command in '/home/yy/sight/pfa-nav/build/small_gicp' returned '0': CMAKE_PREFIX_PATH=/opt/ros/humble /usr/bin/cmake --install /home/yy/sight/pfa-nav/build/small_gicp
