[0.305s] Invoking command in '/home/yy/sight/pfa-nav/build/terrain_analysis_ext': CMAKE_PREFIX_PATH=${CMAKE_PREFIX_PATH}:/home/yy/sight/pfa-nav/install/sdformat_tools:/home/yy/sight/pfa-nav/install/joint_state_publisher_gui:/home/yy/sight/pfa-nav/install/joint_state_publisher:/opt/ros/humble /usr/bin/cmake --build /home/yy/sight/pfa-nav/build/terrain_analysis_ext -- -j20 -l20
[0.387s] [100%] Built target terrainAnalysisExt
[0.396s] Invoked command in '/home/yy/sight/pfa-nav/build/terrain_analysis_ext' returned '0': CMAKE_PREFIX_PATH=${CMAKE_PREFIX_PATH}:/home/yy/sight/pfa-nav/install/sdformat_tools:/home/yy/sight/pfa-nav/install/joint_state_publisher_gui:/home/yy/sight/pfa-nav/install/joint_state_publisher:/opt/ros/humble /usr/bin/cmake --build /home/yy/sight/pfa-nav/build/terrain_analysis_ext -- -j20 -l20
[0.400s] Invoking command in '/home/yy/sight/pfa-nav/build/terrain_analysis_ext': CMAKE_PREFIX_PATH=${CMAKE_PREFIX_PATH}:/home/yy/sight/pfa-nav/install/sdformat_tools:/home/yy/sight/pfa-nav/install/joint_state_publisher_gui:/home/yy/sight/pfa-nav/install/joint_state_publisher:/opt/ros/humble /usr/bin/cmake --install /home/yy/sight/pfa-nav/build/terrain_analysis_ext
[0.473s] -- Install configuration: "Release"
[0.473s] -- Execute custom install script
[0.473s] -- Up-to-date symlink: /home/yy/sight/pfa-nav/install/terrain_analysis_ext/lib/terrain_analysis_ext/terrainAnalysisExt
[0.473s] -- Up-to-date symlink: /home/yy/sight/pfa-nav/install/terrain_analysis_ext/share/terrain_analysis_ext/launch/terrain_analysis_ext.launch
[0.473s] -- Up-to-date symlink: /home/yy/sight/pfa-nav/install/terrain_analysis_ext/share/ament_index/resource_index/package_run_dependencies/terrain_analysis_ext
[0.473s] -- Up-to-date symlink: /home/yy/sight/pfa-nav/install/terrain_analysis_ext/share/ament_index/resource_index/parent_prefix_path/terrain_analysis_ext
[0.473s] -- Up-to-date symlink: /home/yy/sight/pfa-nav/install/terrain_analysis_ext/share/terrain_analysis_ext/environment/ament_prefix_path.sh
[0.474s] -- Up-to-date symlink: /home/yy/sight/pfa-nav/install/terrain_analysis_ext/share/terrain_analysis_ext/environment/ament_prefix_path.dsv
[0.474s] -- Up-to-date symlink: /home/yy/sight/pfa-nav/install/terrain_analysis_ext/share/terrain_analysis_ext/environment/path.sh
[0.474s] -- Up-to-date symlink: /home/yy/sight/pfa-nav/install/terrain_analysis_ext/share/terrain_analysis_ext/environment/path.dsv
[0.474s] -- Up-to-date symlink: /home/yy/sight/pfa-nav/install/terrain_analysis_ext/share/terrain_analysis_ext/local_setup.bash
[0.474s] -- Up-to-date symlink: /home/yy/sight/pfa-nav/install/terrain_analysis_ext/share/terrain_analysis_ext/local_setup.sh
[0.474s] -- Up-to-date symlink: /home/yy/sight/pfa-nav/install/terrain_analysis_ext/share/terrain_analysis_ext/local_setup.zsh
[0.474s] -- Up-to-date symlink: /home/yy/sight/pfa-nav/install/terrain_analysis_ext/share/terrain_analysis_ext/local_setup.dsv
[0.474s] -- Symlinking: /home/yy/sight/pfa-nav/install/terrain_analysis_ext/share/terrain_analysis_ext/package.dsv
[0.475s] -- Up-to-date symlink: /home/yy/sight/pfa-nav/install/terrain_analysis_ext/share/ament_index/resource_index/packages/terrain_analysis_ext
[0.475s] -- Up-to-date symlink: /home/yy/sight/pfa-nav/install/terrain_analysis_ext/share/terrain_analysis_ext/cmake/terrain_analysis_extConfig.cmake
[0.475s] -- Up-to-date symlink: /home/yy/sight/pfa-nav/install/terrain_analysis_ext/share/terrain_analysis_ext/cmake/terrain_analysis_extConfig-version.cmake
[0.475s] -- Up-to-date symlink: /home/yy/sight/pfa-nav/install/terrain_analysis_ext/share/terrain_analysis_ext/package.xml
[0.509s] Invoked command in '/home/yy/sight/pfa-nav/build/terrain_analysis_ext' returned '0': CMAKE_PREFIX_PATH=${CMAKE_PREFIX_PATH}:/home/yy/sight/pfa-nav/install/sdformat_tools:/home/yy/sight/pfa-nav/install/joint_state_publisher_gui:/home/yy/sight/pfa-nav/install/joint_state_publisher:/opt/ros/humble /usr/bin/cmake --install /home/yy/sight/pfa-nav/build/terrain_analysis_ext
