-- Found ament_cmake: 1.3.12 (/opt/ros/humble/share/ament_cmake/cmake)
-- Override CMake install command with custom implementation using symlinks instead of copying resources
-- Found rclcpp: 16.0.15 (/opt/ros/humble/share/rclcpp/cmake)
-- Found rosidl_generator_c: 3.1.7 (/opt/ros/humble/share/rosidl_generator_c/cmake)
-- Found rosidl_adapter: 3.1.7 (/opt/ros/humble/share/rosidl_adapter/cmake)
-- Found rosidl_generator_cpp: 3.1.7 (/opt/ros/humble/share/rosidl_generator_cpp/cmake)
-- Using all available rosidl_typesupport_c: rosidl_typesupport_fastrtps_c;rosidl_typesupport_introspection_c
-- Using all available rosidl_typesupport_cpp: rosidl_typesupport_fastrtps_cpp;rosidl_typesupport_introspection_cpp
-- Found rmw_implementation_cmake: 6.1.2 (/opt/ros/humble/share/rmw_implementation_cmake/cmake)
-- Found rmw_fastrtps_cpp: 6.2.9 (/opt/ros/humble/share/rmw_fastrtps_cpp/cmake)
-- Using RMW implementation 'rmw_fastrtps_cpp' as default
-- Found rclcpp_components: 16.0.15 (/opt/ros/humble/share/rclcpp_components/cmake)
-- Found sensor_msgs: 4.9.0 (/opt/ros/humble/share/sensor_msgs/cmake)
-- Found rmoss_interfaces: 0.9.0 (/home/yy/sight/pfa-nav/install/rmoss_interfaces/share/rmoss_interfaces/cmake)
-- Found image_transport: 3.1.12 (/opt/ros/humble/share/image_transport/cmake)
-- Found ros_gz_bridge: 0.244.20 (/opt/ros/humble/share/ros_gz_bridge/cmake)
-- Found Protobuf: /usr/lib/x86_64-linux-gnu/libprotobuf.so (found suitable version "3.12.4", minimum required is "3") 
-- Found Protobuf: /usr/lib/x86_64-linux-gnu/libprotobuf.so (found version "3.12.4") 
-- Looking for ignition-transport11 -- found version 11.4.1
-- Looking for ignition-msgs8 -- found version 8.7.0
-- Compiling against Ignition Fortress
-- Found ament_lint_auto: 0.12.14 (/opt/ros/humble/share/ament_lint_auto/cmake)
-- Added test 'copyright' to check source files copyright and LICENSE
-- Added test 'cppcheck' to perform static code analysis on C / C++ code
-- Configured cppcheck include dirs: /home/yy/sight/pfa-nav/src/rmoss_gazebo/rmoss_gz_cam/include
-- Configured cppcheck exclude dirs and/or files: 
-- Added test 'cpplint' to check C / C++ code against the Google style
-- Configured cpplint exclude dirs and/or files: 
-- Added test 'flake8' to check Python code syntax and style conventions
-- Added test 'lint_cmake' to check CMake code style
-- Added test 'pep257' to check Python code against some of the docstring style conventions in PEP 257
-- Added test 'uncrustify' to check C / C++ code style
-- Configured uncrustify additional arguments: 
-- Added test 'xmllint' to check XML markup files
-- Configuring done
-- Generating done
-- Build files have been written to: /home/yy/sight/pfa-nav/build/rmoss_gz_cam
[35m[1mConsolidate compiler generated dependencies of target rmoss_gz_cam[0m
[ 25%] [32m[1mLinking CXX shared library librmoss_gz_cam.so[0m
[ 50%] Built target rmoss_gz_cam
[35m[1mConsolidate compiler generated dependencies of target gz_cam[0m
[ 75%] [32m[1mLinking CXX executable gz_cam[0m
[100%] Built target gz_cam
-- Install configuration: "Release"
-- Execute custom install script
-- Up-to-date symlink: /home/yy/sight/pfa-nav/install/rmoss_gz_cam/include/rmoss_gz_cam/gz_cam_node.hpp
-- Up-to-date symlink: /home/yy/sight/pfa-nav/install/rmoss_gz_cam/lib/rmoss_gz_cam/gz_cam
-- Up-to-date symlink: /home/yy/sight/pfa-nav/install/rmoss_gz_cam/share/rmoss_gz_cam/launch/gz_cam.launch.py
-- Up-to-date symlink: /home/yy/sight/pfa-nav/install/rmoss_gz_cam/share/ament_index/resource_index/package_run_dependencies/rmoss_gz_cam
-- Up-to-date symlink: /home/yy/sight/pfa-nav/install/rmoss_gz_cam/share/ament_index/resource_index/parent_prefix_path/rmoss_gz_cam
-- Up-to-date symlink: /home/yy/sight/pfa-nav/install/rmoss_gz_cam/share/rmoss_gz_cam/environment/ament_prefix_path.sh
-- Up-to-date symlink: /home/yy/sight/pfa-nav/install/rmoss_gz_cam/share/rmoss_gz_cam/environment/ament_prefix_path.dsv
-- Up-to-date symlink: /home/yy/sight/pfa-nav/install/rmoss_gz_cam/share/rmoss_gz_cam/environment/path.sh
-- Up-to-date symlink: /home/yy/sight/pfa-nav/install/rmoss_gz_cam/share/rmoss_gz_cam/environment/path.dsv
-- Up-to-date symlink: /home/yy/sight/pfa-nav/install/rmoss_gz_cam/share/rmoss_gz_cam/local_setup.bash
-- Up-to-date symlink: /home/yy/sight/pfa-nav/install/rmoss_gz_cam/share/rmoss_gz_cam/local_setup.sh
-- Up-to-date symlink: /home/yy/sight/pfa-nav/install/rmoss_gz_cam/share/rmoss_gz_cam/local_setup.zsh
-- Up-to-date symlink: /home/yy/sight/pfa-nav/install/rmoss_gz_cam/share/rmoss_gz_cam/local_setup.dsv
-- Symlinking: /home/yy/sight/pfa-nav/install/rmoss_gz_cam/share/rmoss_gz_cam/package.dsv
-- Up-to-date symlink: /home/yy/sight/pfa-nav/install/rmoss_gz_cam/share/ament_index/resource_index/packages/rmoss_gz_cam
-- Up-to-date symlink: /home/yy/sight/pfa-nav/install/rmoss_gz_cam/share/ament_index/resource_index/rclcpp_components/rmoss_gz_cam
-- Up-to-date symlink: /home/yy/sight/pfa-nav/install/rmoss_gz_cam/share/rmoss_gz_cam/cmake/rmoss_gz_camConfig.cmake
-- Up-to-date symlink: /home/yy/sight/pfa-nav/install/rmoss_gz_cam/share/rmoss_gz_cam/cmake/rmoss_gz_camConfig-version.cmake
-- Up-to-date symlink: /home/yy/sight/pfa-nav/install/rmoss_gz_cam/share/rmoss_gz_cam/package.xml
-- Installing: /home/yy/sight/pfa-nav/install/rmoss_gz_cam/lib/librmoss_gz_cam.so
-- Set runtime path of "/home/yy/sight/pfa-nav/install/rmoss_gz_cam/lib/librmoss_gz_cam.so" to ""
