[0.007s] Invoking command in '/home/yy/sight/pfa-nav/build/rmoss_gz_cam': AMENT_PREFIX_PATH=/home/yy/sight/pfa-nav/install/rmoss_interfaces:${AMENT_PREFIX_PATH} CMAKE_PREFIX_PATH=/home/yy/sight/pfa-nav/install/rmoss_interfaces:/opt/ros/humble LD_LIBRARY_PATH=/home/yy/sight/pfa-nav/install/rmoss_interfaces/lib:/usr/lib/x86_64-linux-gnu/gazebo-11/plugins:/opt/ros/humble/opt/rviz_ogre_vendor/lib:/opt/ros/humble/lib/x86_64-linux-gnu:/opt/ros/humble/lib:/opt/MVS/lib/64:/opt/MVS/lib/32:/opt/MVS/lib/64:/opt/MVS/lib/32:/opt/MVS/lib/64:/opt/MVS/lib/32 PYTHONPATH=/home/yy/sight/pfa-nav/install/rmoss_interfaces/local/lib/python3.10/dist-packages:${PYTHONPATH} /usr/bin/cmake --build /home/yy/sight/pfa-nav/build/rmoss_gz_cam -- -j20 -l20
[0.027s] -- Found ament_cmake: 1.3.12 (/opt/ros/humble/share/ament_cmake/cmake)
[0.093s] -- Override CMake install command with custom implementation using symlinks instead of copying resources
[0.096s] -- Found rclcpp: 16.0.15 (/opt/ros/humble/share/rclcpp/cmake)
[0.110s] -- Found rosidl_generator_c: 3.1.7 (/opt/ros/humble/share/rosidl_generator_c/cmake)
[0.111s] -- Found rosidl_adapter: 3.1.7 (/opt/ros/humble/share/rosidl_adapter/cmake)
[0.114s] -- Found rosidl_generator_cpp: 3.1.7 (/opt/ros/humble/share/rosidl_generator_cpp/cmake)
[0.118s] -- Using all available rosidl_typesupport_c: rosidl_typesupport_fastrtps_c;rosidl_typesupport_introspection_c
[0.124s] -- Using all available rosidl_typesupport_cpp: rosidl_typesupport_fastrtps_cpp;rosidl_typesupport_introspection_cpp
[0.139s] -- Found rmw_implementation_cmake: 6.1.2 (/opt/ros/humble/share/rmw_implementation_cmake/cmake)
[0.139s] -- Found rmw_fastrtps_cpp: 6.2.9 (/opt/ros/humble/share/rmw_fastrtps_cpp/cmake)
[0.207s] -- Using RMW implementation 'rmw_fastrtps_cpp' as default
[0.231s] -- Found rclcpp_components: 16.0.15 (/opt/ros/humble/share/rclcpp_components/cmake)
[0.239s] -- Found sensor_msgs: 4.9.0 (/opt/ros/humble/share/sensor_msgs/cmake)
[0.260s] -- Found rmoss_interfaces: 0.9.0 (/home/yy/sight/pfa-nav/install/rmoss_interfaces/share/rmoss_interfaces/cmake)
[0.276s] -- Found image_transport: 3.1.12 (/opt/ros/humble/share/image_transport/cmake)
[0.291s] -- Found ros_gz_bridge: 0.244.20 (/opt/ros/humble/share/ros_gz_bridge/cmake)
[0.312s] -- Found Protobuf: /usr/lib/x86_64-linux-gnu/libprotobuf.so (found suitable version "3.12.4", minimum required is "3") 
[0.334s] -- Found Protobuf: /usr/lib/x86_64-linux-gnu/libprotobuf.so (found version "3.12.4") 
[0.541s] -- Looking for ignition-transport11 -- found version 11.4.1
[0.541s] -- Looking for ignition-msgs8 -- found version 8.7.0
[0.541s] -- Compiling against Ignition Fortress
[0.543s] -- Found ament_lint_auto: 0.12.14 (/opt/ros/humble/share/ament_lint_auto/cmake)
[0.609s] -- Added test 'copyright' to check source files copyright and LICENSE
[0.609s] -- Added test 'cppcheck' to perform static code analysis on C / C++ code
[0.609s] -- Configured cppcheck include dirs: /home/yy/sight/pfa-nav/src/rmoss_gazebo/rmoss_gz_cam/include
[0.610s] -- Configured cppcheck exclude dirs and/or files: 
[0.610s] -- Added test 'cpplint' to check C / C++ code against the Google style
[0.610s] -- Configured cpplint exclude dirs and/or files: 
[0.610s] -- Added test 'flake8' to check Python code syntax and style conventions
[0.611s] -- Added test 'lint_cmake' to check CMake code style
[0.611s] -- Added test 'pep257' to check Python code against some of the docstring style conventions in PEP 257
[0.611s] -- Added test 'uncrustify' to check C / C++ code style
[0.611s] -- Configured uncrustify additional arguments: 
[0.612s] -- Added test 'xmllint' to check XML markup files
[0.613s] -- Configuring done
[0.635s] -- Generating done
[0.642s] -- Build files have been written to: /home/yy/sight/pfa-nav/build/rmoss_gz_cam
[0.670s] [35m[1mConsolidate compiler generated dependencies of target rmoss_gz_cam[0m
[0.691s] [ 25%] [32m[1mLinking CXX shared library librmoss_gz_cam.so[0m
[1.043s] [ 50%] Built target rmoss_gz_cam
[1.054s] [35m[1mConsolidate compiler generated dependencies of target gz_cam[0m
[1.071s] [ 75%] [32m[1mLinking CXX executable gz_cam[0m
[1.227s] [100%] Built target gz_cam
[1.236s] Invoked command in '/home/yy/sight/pfa-nav/build/rmoss_gz_cam' returned '0': AMENT_PREFIX_PATH=/home/yy/sight/pfa-nav/install/rmoss_interfaces:${AMENT_PREFIX_PATH} CMAKE_PREFIX_PATH=/home/yy/sight/pfa-nav/install/rmoss_interfaces:/opt/ros/humble LD_LIBRARY_PATH=/home/yy/sight/pfa-nav/install/rmoss_interfaces/lib:/usr/lib/x86_64-linux-gnu/gazebo-11/plugins:/opt/ros/humble/opt/rviz_ogre_vendor/lib:/opt/ros/humble/lib/x86_64-linux-gnu:/opt/ros/humble/lib:/opt/MVS/lib/64:/opt/MVS/lib/32:/opt/MVS/lib/64:/opt/MVS/lib/32:/opt/MVS/lib/64:/opt/MVS/lib/32 PYTHONPATH=/home/yy/sight/pfa-nav/install/rmoss_interfaces/local/lib/python3.10/dist-packages:${PYTHONPATH} /usr/bin/cmake --build /home/yy/sight/pfa-nav/build/rmoss_gz_cam -- -j20 -l20
[1.238s] Invoking command in '/home/yy/sight/pfa-nav/build/rmoss_gz_cam': AMENT_PREFIX_PATH=/home/yy/sight/pfa-nav/install/rmoss_interfaces:${AMENT_PREFIX_PATH} CMAKE_PREFIX_PATH=/home/yy/sight/pfa-nav/install/rmoss_interfaces:/opt/ros/humble LD_LIBRARY_PATH=/home/yy/sight/pfa-nav/install/rmoss_interfaces/lib:/usr/lib/x86_64-linux-gnu/gazebo-11/plugins:/opt/ros/humble/opt/rviz_ogre_vendor/lib:/opt/ros/humble/lib/x86_64-linux-gnu:/opt/ros/humble/lib:/opt/MVS/lib/64:/opt/MVS/lib/32:/opt/MVS/lib/64:/opt/MVS/lib/32:/opt/MVS/lib/64:/opt/MVS/lib/32 PYTHONPATH=/home/yy/sight/pfa-nav/install/rmoss_interfaces/local/lib/python3.10/dist-packages:${PYTHONPATH} /usr/bin/cmake --install /home/yy/sight/pfa-nav/build/rmoss_gz_cam
[1.245s] -- Install configuration: "Release"
[1.245s] -- Execute custom install script
[1.246s] -- Up-to-date symlink: /home/yy/sight/pfa-nav/install/rmoss_gz_cam/include/rmoss_gz_cam/gz_cam_node.hpp
[1.246s] -- Up-to-date symlink: /home/yy/sight/pfa-nav/install/rmoss_gz_cam/lib/rmoss_gz_cam/gz_cam
[1.246s] -- Up-to-date symlink: /home/yy/sight/pfa-nav/install/rmoss_gz_cam/share/rmoss_gz_cam/launch/gz_cam.launch.py
[1.246s] -- Up-to-date symlink: /home/yy/sight/pfa-nav/install/rmoss_gz_cam/share/ament_index/resource_index/package_run_dependencies/rmoss_gz_cam
[1.246s] -- Up-to-date symlink: /home/yy/sight/pfa-nav/install/rmoss_gz_cam/share/ament_index/resource_index/parent_prefix_path/rmoss_gz_cam
[1.246s] -- Up-to-date symlink: /home/yy/sight/pfa-nav/install/rmoss_gz_cam/share/rmoss_gz_cam/environment/ament_prefix_path.sh
[1.246s] -- Up-to-date symlink: /home/yy/sight/pfa-nav/install/rmoss_gz_cam/share/rmoss_gz_cam/environment/ament_prefix_path.dsv
[1.247s] -- Up-to-date symlink: /home/yy/sight/pfa-nav/install/rmoss_gz_cam/share/rmoss_gz_cam/environment/path.sh
[1.247s] -- Up-to-date symlink: /home/yy/sight/pfa-nav/install/rmoss_gz_cam/share/rmoss_gz_cam/environment/path.dsv
[1.247s] -- Up-to-date symlink: /home/yy/sight/pfa-nav/install/rmoss_gz_cam/share/rmoss_gz_cam/local_setup.bash
[1.247s] -- Up-to-date symlink: /home/yy/sight/pfa-nav/install/rmoss_gz_cam/share/rmoss_gz_cam/local_setup.sh
[1.247s] -- Up-to-date symlink: /home/yy/sight/pfa-nav/install/rmoss_gz_cam/share/rmoss_gz_cam/local_setup.zsh
[1.247s] -- Up-to-date symlink: /home/yy/sight/pfa-nav/install/rmoss_gz_cam/share/rmoss_gz_cam/local_setup.dsv
[1.247s] -- Symlinking: /home/yy/sight/pfa-nav/install/rmoss_gz_cam/share/rmoss_gz_cam/package.dsv
[1.255s] -- Up-to-date symlink: /home/yy/sight/pfa-nav/install/rmoss_gz_cam/share/ament_index/resource_index/packages/rmoss_gz_cam
[1.256s] -- Up-to-date symlink: /home/yy/sight/pfa-nav/install/rmoss_gz_cam/share/ament_index/resource_index/rclcpp_components/rmoss_gz_cam
[1.256s] -- Up-to-date symlink: /home/yy/sight/pfa-nav/install/rmoss_gz_cam/share/rmoss_gz_cam/cmake/rmoss_gz_camConfig.cmake
[1.256s] -- Up-to-date symlink: /home/yy/sight/pfa-nav/install/rmoss_gz_cam/share/rmoss_gz_cam/cmake/rmoss_gz_camConfig-version.cmake
[1.256s] -- Up-to-date symlink: /home/yy/sight/pfa-nav/install/rmoss_gz_cam/share/rmoss_gz_cam/package.xml
[1.257s] -- Installing: /home/yy/sight/pfa-nav/install/rmoss_gz_cam/lib/librmoss_gz_cam.so
[1.257s] -- Set runtime path of "/home/yy/sight/pfa-nav/install/rmoss_gz_cam/lib/librmoss_gz_cam.so" to ""
[1.260s] Invoked command in '/home/yy/sight/pfa-nav/build/rmoss_gz_cam' returned '0': AMENT_PREFIX_PATH=/home/yy/sight/pfa-nav/install/rmoss_interfaces:${AMENT_PREFIX_PATH} CMAKE_PREFIX_PATH=/home/yy/sight/pfa-nav/install/rmoss_interfaces:/opt/ros/humble LD_LIBRARY_PATH=/home/yy/sight/pfa-nav/install/rmoss_interfaces/lib:/usr/lib/x86_64-linux-gnu/gazebo-11/plugins:/opt/ros/humble/opt/rviz_ogre_vendor/lib:/opt/ros/humble/lib/x86_64-linux-gnu:/opt/ros/humble/lib:/opt/MVS/lib/64:/opt/MVS/lib/32:/opt/MVS/lib/64:/opt/MVS/lib/32:/opt/MVS/lib/64:/opt/MVS/lib/32 PYTHONPATH=/home/yy/sight/pfa-nav/install/rmoss_interfaces/local/lib/python3.10/dist-packages:${PYTHONPATH} /usr/bin/cmake --install /home/yy/sight/pfa-nav/build/rmoss_gz_cam
