[0.095s] Invoking command in '/home/yy/sight/pfa-nav/build/rmoss_gz_bridge': AMENT_PREFIX_PATH=/home/yy/sight/pfa-nav/install/rmoss_interfaces:/home/yy/sight/pfa-nav/install/rmoss_gz_resources:/home/yy/sight/pfa-nav/install/rmoss_gz_plugins:${AMENT_PREFIX_PATH} CMAKE_PREFIX_PATH=/home/yy/sight/pfa-nav/install/rmoss_interfaces:/home/yy/sight/pfa-nav/install/rmoss_gz_resources:/home/yy/sight/pfa-nav/install/rmoss_gz_plugins:/opt/ros/humble LD_LIBRARY_PATH=/home/yy/sight/pfa-nav/install/rmoss_interfaces/lib:/usr/lib/x86_64-linux-gnu/gazebo-11/plugins:/opt/ros/humble/opt/rviz_ogre_vendor/lib:/opt/ros/humble/lib/x86_64-linux-gnu:/opt/ros/humble/lib:/opt/MVS/lib/64:/opt/MVS/lib/32:/opt/MVS/lib/64:/opt/MVS/lib/32:/opt/MVS/lib/64:/opt/MVS/lib/32 PYTHONPATH=/home/yy/sight/pfa-nav/install/rmoss_interfaces/local/lib/python3.10/dist-packages:${PYTHONPATH} /usr/bin/cmake --build /home/yy/sight/pfa-nav/build/rmoss_gz_bridge -- -j20 -l20
[0.129s] [35m[1mConsolidate compiler generated dependencies of target pose_bridge[0m
[0.129s] [35m[1mConsolidate compiler generated dependencies of target rfid_bridge[0m
[0.150s] [ 50%] Built target pose_bridge
[0.155s] [100%] Built target rfid_bridge
[0.187s] Invoked command in '/home/yy/sight/pfa-nav/build/rmoss_gz_bridge' returned '0': AMENT_PREFIX_PATH=/home/yy/sight/pfa-nav/install/rmoss_interfaces:/home/yy/sight/pfa-nav/install/rmoss_gz_resources:/home/yy/sight/pfa-nav/install/rmoss_gz_plugins:${AMENT_PREFIX_PATH} CMAKE_PREFIX_PATH=/home/yy/sight/pfa-nav/install/rmoss_interfaces:/home/yy/sight/pfa-nav/install/rmoss_gz_resources:/home/yy/sight/pfa-nav/install/rmoss_gz_plugins:/opt/ros/humble LD_LIBRARY_PATH=/home/yy/sight/pfa-nav/install/rmoss_interfaces/lib:/usr/lib/x86_64-linux-gnu/gazebo-11/plugins:/opt/ros/humble/opt/rviz_ogre_vendor/lib:/opt/ros/humble/lib/x86_64-linux-gnu:/opt/ros/humble/lib:/opt/MVS/lib/64:/opt/MVS/lib/32:/opt/MVS/lib/64:/opt/MVS/lib/32:/opt/MVS/lib/64:/opt/MVS/lib/32 PYTHONPATH=/home/yy/sight/pfa-nav/install/rmoss_interfaces/local/lib/python3.10/dist-packages:${PYTHONPATH} /usr/bin/cmake --build /home/yy/sight/pfa-nav/build/rmoss_gz_bridge -- -j20 -l20
[0.191s] Invoking command in '/home/yy/sight/pfa-nav/build/rmoss_gz_bridge': AMENT_PREFIX_PATH=/home/yy/sight/pfa-nav/install/rmoss_interfaces:/home/yy/sight/pfa-nav/install/rmoss_gz_resources:/home/yy/sight/pfa-nav/install/rmoss_gz_plugins:${AMENT_PREFIX_PATH} CMAKE_PREFIX_PATH=/home/yy/sight/pfa-nav/install/rmoss_interfaces:/home/yy/sight/pfa-nav/install/rmoss_gz_resources:/home/yy/sight/pfa-nav/install/rmoss_gz_plugins:/opt/ros/humble LD_LIBRARY_PATH=/home/yy/sight/pfa-nav/install/rmoss_interfaces/lib:/usr/lib/x86_64-linux-gnu/gazebo-11/plugins:/opt/ros/humble/opt/rviz_ogre_vendor/lib:/opt/ros/humble/lib/x86_64-linux-gnu:/opt/ros/humble/lib:/opt/MVS/lib/64:/opt/MVS/lib/32:/opt/MVS/lib/64:/opt/MVS/lib/32:/opt/MVS/lib/64:/opt/MVS/lib/32 PYTHONPATH=/home/yy/sight/pfa-nav/install/rmoss_interfaces/local/lib/python3.10/dist-packages:${PYTHONPATH} /usr/bin/cmake --install /home/yy/sight/pfa-nav/build/rmoss_gz_bridge
[0.199s] -- Install configuration: "Release"
[0.199s] -- Execute custom install script
[0.199s] -- Up-to-date symlink: /home/yy/sight/pfa-nav/install/rmoss_gz_bridge/include/rmoss_gz_bridge/pose_bridge_node.hpp
[0.199s] -- Up-to-date symlink: /home/yy/sight/pfa-nav/install/rmoss_gz_bridge/include/rmoss_gz_bridge/rfid_bridge_node.hpp
[0.199s] -- Up-to-date symlink: /home/yy/sight/pfa-nav/install/rmoss_gz_bridge/lib/rmoss_gz_bridge/pose_bridge
[0.199s] -- Up-to-date symlink: /home/yy/sight/pfa-nav/install/rmoss_gz_bridge/lib/rmoss_gz_bridge/rfid_bridge
[0.199s] -- Up-to-date symlink: /home/yy/sight/pfa-nav/install/rmoss_gz_bridge/share/ament_index/resource_index/package_run_dependencies/rmoss_gz_bridge
[0.200s] -- Up-to-date symlink: /home/yy/sight/pfa-nav/install/rmoss_gz_bridge/share/ament_index/resource_index/parent_prefix_path/rmoss_gz_bridge
[0.200s] -- Up-to-date symlink: /home/yy/sight/pfa-nav/install/rmoss_gz_bridge/share/rmoss_gz_bridge/environment/ament_prefix_path.sh
[0.200s] -- Up-to-date symlink: /home/yy/sight/pfa-nav/install/rmoss_gz_bridge/share/rmoss_gz_bridge/environment/ament_prefix_path.dsv
[0.201s] -- Up-to-date symlink: /home/yy/sight/pfa-nav/install/rmoss_gz_bridge/share/rmoss_gz_bridge/environment/path.sh
[0.201s] -- Up-to-date symlink: /home/yy/sight/pfa-nav/install/rmoss_gz_bridge/share/rmoss_gz_bridge/environment/path.dsv
[0.201s] -- Up-to-date symlink: /home/yy/sight/pfa-nav/install/rmoss_gz_bridge/share/rmoss_gz_bridge/local_setup.bash
[0.201s] -- Up-to-date symlink: /home/yy/sight/pfa-nav/install/rmoss_gz_bridge/share/rmoss_gz_bridge/local_setup.sh
[0.201s] -- Up-to-date symlink: /home/yy/sight/pfa-nav/install/rmoss_gz_bridge/share/rmoss_gz_bridge/local_setup.zsh
[0.201s] -- Up-to-date symlink: /home/yy/sight/pfa-nav/install/rmoss_gz_bridge/share/rmoss_gz_bridge/local_setup.dsv
[0.201s] -- Symlinking: /home/yy/sight/pfa-nav/install/rmoss_gz_bridge/share/rmoss_gz_bridge/package.dsv
[0.204s] -- Up-to-date symlink: /home/yy/sight/pfa-nav/install/rmoss_gz_bridge/share/ament_index/resource_index/packages/rmoss_gz_bridge
[0.204s] -- Up-to-date symlink: /home/yy/sight/pfa-nav/install/rmoss_gz_bridge/share/rmoss_gz_bridge/cmake/ament_cmake_export_dependencies-extras.cmake
[0.204s] -- Up-to-date symlink: /home/yy/sight/pfa-nav/install/rmoss_gz_bridge/share/rmoss_gz_bridge/cmake/rmoss_gz_bridgeConfig.cmake
[0.204s] -- Up-to-date symlink: /home/yy/sight/pfa-nav/install/rmoss_gz_bridge/share/rmoss_gz_bridge/cmake/rmoss_gz_bridgeConfig-version.cmake
[0.204s] -- Up-to-date symlink: /home/yy/sight/pfa-nav/install/rmoss_gz_bridge/share/rmoss_gz_bridge/package.xml
[0.244s] Invoked command in '/home/yy/sight/pfa-nav/build/rmoss_gz_bridge' returned '0': AMENT_PREFIX_PATH=/home/yy/sight/pfa-nav/install/rmoss_interfaces:/home/yy/sight/pfa-nav/install/rmoss_gz_resources:/home/yy/sight/pfa-nav/install/rmoss_gz_plugins:${AMENT_PREFIX_PATH} CMAKE_PREFIX_PATH=/home/yy/sight/pfa-nav/install/rmoss_interfaces:/home/yy/sight/pfa-nav/install/rmoss_gz_resources:/home/yy/sight/pfa-nav/install/rmoss_gz_plugins:/opt/ros/humble LD_LIBRARY_PATH=/home/yy/sight/pfa-nav/install/rmoss_interfaces/lib:/usr/lib/x86_64-linux-gnu/gazebo-11/plugins:/opt/ros/humble/opt/rviz_ogre_vendor/lib:/opt/ros/humble/lib/x86_64-linux-gnu:/opt/ros/humble/lib:/opt/MVS/lib/64:/opt/MVS/lib/32:/opt/MVS/lib/64:/opt/MVS/lib/32:/opt/MVS/lib/64:/opt/MVS/lib/32 PYTHONPATH=/home/yy/sight/pfa-nav/install/rmoss_interfaces/local/lib/python3.10/dist-packages:${PYTHONPATH} /usr/bin/cmake --install /home/yy/sight/pfa-nav/build/rmoss_gz_bridge
