[0.012s] Invoking command in '/home/yy/sight/pfa-nav/build/pb_rm_interfaces': CMAKE_PREFIX_PATH=/opt/ros/humble /usr/bin/cmake --build /home/yy/sight/pfa-nav/build/pb_rm_interfaces -- -j20 -l20
[0.046s] [  0%] Built target pb_rm_interfaces__cpp
[0.047s] [  0%] Built target ament_cmake_python_symlink_pb_rm_interfaces
[0.049s] [ 12%] Built target pb_rm_interfaces__rosidl_generator_c
[0.060s] [ 24%] Built target pb_rm_interfaces__rosidl_typesupport_introspection_cpp
[0.061s] [ 36%] Built target pb_rm_interfaces__rosidl_typesupport_c
[0.061s] [ 48%] Built target pb_rm_interfaces__rosidl_typesupport_introspection_c
[0.061s] [ 60%] Built target pb_rm_interfaces__rosidl_typesupport_cpp
[0.063s] [ 71%] Built target pb_rm_interfaces__rosidl_typesupport_fastrtps_cpp
[0.065s] [ 83%] Built target pb_rm_interfaces__rosidl_typesupport_fastrtps_c
[0.076s] [ 83%] Built target pb_rm_interfaces
[0.092s] [ 84%] Built target pb_rm_interfaces__py
[0.109s] [ 95%] Built target pb_rm_interfaces__rosidl_generator_py
[0.122s] [ 97%] Built target pb_rm_interfaces__rosidl_typesupport_introspection_c__pyext
[0.122s] [ 99%] Built target pb_rm_interfaces__rosidl_typesupport_fastrtps_c__pyext
[0.124s] [100%] Built target pb_rm_interfaces__rosidl_typesupport_c__pyext
[0.148s] running egg_info
[0.148s] writing pb_rm_interfaces.egg-info/PKG-INFO
[0.148s] writing dependency_links to pb_rm_interfaces.egg-info/dependency_links.txt
[0.148s] writing top-level names to pb_rm_interfaces.egg-info/top_level.txt
[0.149s] reading manifest file 'pb_rm_interfaces.egg-info/SOURCES.txt'
[0.150s] writing manifest file 'pb_rm_interfaces.egg-info/SOURCES.txt'
[0.165s] [100%] Built target ament_cmake_python_build_pb_rm_interfaces_egg
[0.173s] Invoked command in '/home/yy/sight/pfa-nav/build/pb_rm_interfaces' returned '0': CMAKE_PREFIX_PATH=/opt/ros/humble /usr/bin/cmake --build /home/yy/sight/pfa-nav/build/pb_rm_interfaces -- -j20 -l20
[0.174s] Invoking command in '/home/yy/sight/pfa-nav/build/pb_rm_interfaces': CMAKE_PREFIX_PATH=/opt/ros/humble /usr/bin/cmake --install /home/yy/sight/pfa-nav/build/pb_rm_interfaces
[0.180s] -- Install configuration: "Release"
[0.180s] -- Execute custom install script
[0.180s] -- Up-to-date symlink: /home/yy/sight/pfa-nav/install/pb_rm_interfaces/share/ament_index/resource_index/rosidl_interfaces/pb_rm_interfaces
[0.181s] -- Up-to-date symlink: /home/yy/sight/pfa-nav/install/pb_rm_interfaces/include/pb_rm_interfaces/pb_rm_interfaces/msg/buff.h
[0.181s] -- Up-to-date symlink: /home/yy/sight/pfa-nav/install/pb_rm_interfaces/include/pb_rm_interfaces/pb_rm_interfaces/msg/detail/buff__functions.h
[0.181s] -- Up-to-date symlink: /home/yy/sight/pfa-nav/install/pb_rm_interfaces/include/pb_rm_interfaces/pb_rm_interfaces/msg/detail/buff__struct.h
[0.181s] -- Up-to-date symlink: /home/yy/sight/pfa-nav/install/pb_rm_interfaces/include/pb_rm_interfaces/pb_rm_interfaces/msg/detail/buff__type_support.h
[0.181s] -- Up-to-date symlink: /home/yy/sight/pfa-nav/install/pb_rm_interfaces/include/pb_rm_interfaces/pb_rm_interfaces/msg/detail/event_data__functions.h
[0.181s] -- Up-to-date symlink: /home/yy/sight/pfa-nav/install/pb_rm_interfaces/include/pb_rm_interfaces/pb_rm_interfaces/msg/detail/event_data__struct.h
[0.181s] -- Up-to-date symlink: /home/yy/sight/pfa-nav/install/pb_rm_interfaces/include/pb_rm_interfaces/pb_rm_interfaces/msg/detail/event_data__type_support.h
[0.181s] -- Up-to-date symlink: /home/yy/sight/pfa-nav/install/pb_rm_interfaces/include/pb_rm_interfaces/pb_rm_interfaces/msg/detail/game_robot_hp__functions.h
[0.181s] -- Up-to-date symlink: /home/yy/sight/pfa-nav/install/pb_rm_interfaces/include/pb_rm_interfaces/pb_rm_interfaces/msg/detail/game_robot_hp__struct.h
[0.181s] -- Up-to-date symlink: /home/yy/sight/pfa-nav/install/pb_rm_interfaces/include/pb_rm_interfaces/pb_rm_interfaces/msg/detail/game_robot_hp__type_support.h
[0.181s] -- Up-to-date symlink: /home/yy/sight/pfa-nav/install/pb_rm_interfaces/include/pb_rm_interfaces/pb_rm_interfaces/msg/detail/game_status__functions.h
[0.181s] -- Up-to-date symlink: /home/yy/sight/pfa-nav/install/pb_rm_interfaces/include/pb_rm_interfaces/pb_rm_interfaces/msg/detail/game_status__struct.h
[0.181s] -- Up-to-date symlink: /home/yy/sight/pfa-nav/install/pb_rm_interfaces/include/pb_rm_interfaces/pb_rm_interfaces/msg/detail/game_status__type_support.h
[0.181s] -- Up-to-date symlink: /home/yy/sight/pfa-nav/install/pb_rm_interfaces/include/pb_rm_interfaces/pb_rm_interfaces/msg/detail/gimbal__functions.h
[0.181s] -- Up-to-date symlink: /home/yy/sight/pfa-nav/install/pb_rm_interfaces/include/pb_rm_interfaces/pb_rm_interfaces/msg/detail/gimbal__struct.h
[0.181s] -- Up-to-date symlink: /home/yy/sight/pfa-nav/install/pb_rm_interfaces/include/pb_rm_interfaces/pb_rm_interfaces/msg/detail/gimbal__type_support.h
[0.181s] -- Up-to-date symlink: /home/yy/sight/pfa-nav/install/pb_rm_interfaces/include/pb_rm_interfaces/pb_rm_interfaces/msg/detail/gimbal_cmd__functions.h
[0.181s] -- Up-to-date symlink: /home/yy/sight/pfa-nav/install/pb_rm_interfaces/include/pb_rm_interfaces/pb_rm_interfaces/msg/detail/gimbal_cmd__struct.h
[0.181s] -- Up-to-date symlink: /home/yy/sight/pfa-nav/install/pb_rm_interfaces/include/pb_rm_interfaces/pb_rm_interfaces/msg/detail/gimbal_cmd__type_support.h
[0.181s] -- Up-to-date symlink: /home/yy/sight/pfa-nav/install/pb_rm_interfaces/include/pb_rm_interfaces/pb_rm_interfaces/msg/detail/ground_robot_position__functions.h
[0.181s] -- Up-to-date symlink: /home/yy/sight/pfa-nav/install/pb_rm_interfaces/include/pb_rm_interfaces/pb_rm_interfaces/msg/detail/ground_robot_position__struct.h
[0.181s] -- Up-to-date symlink: /home/yy/sight/pfa-nav/install/pb_rm_interfaces/include/pb_rm_interfaces/pb_rm_interfaces/msg/detail/ground_robot_position__type_support.h
[0.181s] -- Up-to-date symlink: /home/yy/sight/pfa-nav/install/pb_rm_interfaces/include/pb_rm_interfaces/pb_rm_interfaces/msg/detail/models__functions.h
[0.181s] -- Up-to-date symlink: /home/yy/sight/pfa-nav/install/pb_rm_interfaces/include/pb_rm_interfaces/pb_rm_interfaces/msg/detail/models__struct.h
[0.182s] -- Up-to-date symlink: /home/yy/sight/pfa-nav/install/pb_rm_interfaces/include/pb_rm_interfaces/pb_rm_interfaces/msg/detail/models__type_support.h
[0.182s] -- Up-to-date symlink: /home/yy/sight/pfa-nav/install/pb_rm_interfaces/include/pb_rm_interfaces/pb_rm_interfaces/msg/detail/rfid_status__functions.h
[0.182s] -- Up-to-date symlink: /home/yy/sight/pfa-nav/install/pb_rm_interfaces/include/pb_rm_interfaces/pb_rm_interfaces/msg/detail/rfid_status__struct.h
[0.182s] -- Up-to-date symlink: /home/yy/sight/pfa-nav/install/pb_rm_interfaces/include/pb_rm_interfaces/pb_rm_interfaces/msg/detail/rfid_status__type_support.h
[0.182s] -- Up-to-date symlink: /home/yy/sight/pfa-nav/install/pb_rm_interfaces/include/pb_rm_interfaces/pb_rm_interfaces/msg/detail/robot_state_info__functions.h
[0.182s] -- Up-to-date symlink: /home/yy/sight/pfa-nav/install/pb_rm_interfaces/include/pb_rm_interfaces/pb_rm_interfaces/msg/detail/robot_state_info__struct.h
[0.182s] -- Up-to-date symlink: /home/yy/sight/pfa-nav/install/pb_rm_interfaces/include/pb_rm_interfaces/pb_rm_interfaces/msg/detail/robot_state_info__type_support.h
[0.182s] -- Up-to-date symlink: /home/yy/sight/pfa-nav/install/pb_rm_interfaces/include/pb_rm_interfaces/pb_rm_interfaces/msg/detail/robot_status__functions.h
[0.182s] -- Up-to-date symlink: /home/yy/sight/pfa-nav/install/pb_rm_interfaces/include/pb_rm_interfaces/pb_rm_interfaces/msg/detail/robot_status__struct.h
[0.182s] -- Up-to-date symlink: /home/yy/sight/pfa-nav/install/pb_rm_interfaces/include/pb_rm_interfaces/pb_rm_interfaces/msg/detail/robot_status__type_support.h
[0.182s] -- Up-to-date symlink: /home/yy/sight/pfa-nav/install/pb_rm_interfaces/include/pb_rm_interfaces/pb_rm_interfaces/msg/event_data.h
[0.182s] -- Up-to-date symlink: /home/yy/sight/pfa-nav/install/pb_rm_interfaces/include/pb_rm_interfaces/pb_rm_interfaces/msg/game_robot_hp.h
[0.182s] -- Up-to-date symlink: /home/yy/sight/pfa-nav/install/pb_rm_interfaces/include/pb_rm_interfaces/pb_rm_interfaces/msg/game_status.h
[0.182s] -- Up-to-date symlink: /home/yy/sight/pfa-nav/install/pb_rm_interfaces/include/pb_rm_interfaces/pb_rm_interfaces/msg/gimbal.h
[0.182s] -- Up-to-date symlink: /home/yy/sight/pfa-nav/install/pb_rm_interfaces/include/pb_rm_interfaces/pb_rm_interfaces/msg/gimbal_cmd.h
[0.182s] -- Up-to-date symlink: /home/yy/sight/pfa-nav/install/pb_rm_interfaces/include/pb_rm_interfaces/pb_rm_interfaces/msg/ground_robot_position.h
[0.182s] -- Up-to-date symlink: /home/yy/sight/pfa-nav/install/pb_rm_interfaces/include/pb_rm_interfaces/pb_rm_interfaces/msg/models.h
[0.182s] -- Up-to-date symlink: /home/yy/sight/pfa-nav/install/pb_rm_interfaces/include/pb_rm_interfaces/pb_rm_interfaces/msg/rfid_status.h
[0.182s] -- Up-to-date symlink: /home/yy/sight/pfa-nav/install/pb_rm_interfaces/include/pb_rm_interfaces/pb_rm_interfaces/msg/robot_state_info.h
[0.182s] -- Up-to-date symlink: /home/yy/sight/pfa-nav/install/pb_rm_interfaces/include/pb_rm_interfaces/pb_rm_interfaces/msg/robot_status.h
[0.182s] -- Up-to-date symlink: /home/yy/sight/pfa-nav/install/pb_rm_interfaces/include/pb_rm_interfaces/pb_rm_interfaces/msg/rosidl_generator_c__visibility_control.h
[0.183s] -- Up-to-date symlink: /home/yy/sight/pfa-nav/install/pb_rm_interfaces/share/pb_rm_interfaces/environment/library_path.sh
[0.183s] -- Up-to-date symlink: /home/yy/sight/pfa-nav/install/pb_rm_interfaces/share/pb_rm_interfaces/environment/library_path.dsv
[0.183s] -- Up-to-date symlink: /home/yy/sight/pfa-nav/install/pb_rm_interfaces/include/pb_rm_interfaces/pb_rm_interfaces/msg/detail/buff__rosidl_typesupport_fastrtps_c.h
[0.183s] -- Up-to-date symlink: /home/yy/sight/pfa-nav/install/pb_rm_interfaces/include/pb_rm_interfaces/pb_rm_interfaces/msg/detail/event_data__rosidl_typesupport_fastrtps_c.h
[0.183s] -- Up-to-date symlink: /home/yy/sight/pfa-nav/install/pb_rm_interfaces/include/pb_rm_interfaces/pb_rm_interfaces/msg/detail/game_robot_hp__rosidl_typesupport_fastrtps_c.h
[0.183s] -- Up-to-date symlink: /home/yy/sight/pfa-nav/install/pb_rm_interfaces/include/pb_rm_interfaces/pb_rm_interfaces/msg/detail/game_status__rosidl_typesupport_fastrtps_c.h
[0.183s] -- Up-to-date symlink: /home/yy/sight/pfa-nav/install/pb_rm_interfaces/include/pb_rm_interfaces/pb_rm_interfaces/msg/detail/gimbal__rosidl_typesupport_fastrtps_c.h
[0.183s] -- Up-to-date symlink: /home/yy/sight/pfa-nav/install/pb_rm_interfaces/include/pb_rm_interfaces/pb_rm_interfaces/msg/detail/gimbal_cmd__rosidl_typesupport_fastrtps_c.h
[0.183s] -- Up-to-date symlink: /home/yy/sight/pfa-nav/install/pb_rm_interfaces/include/pb_rm_interfaces/pb_rm_interfaces/msg/detail/ground_robot_position__rosidl_typesupport_fastrtps_c.h
[0.183s] -- Up-to-date symlink: /home/yy/sight/pfa-nav/install/pb_rm_interfaces/include/pb_rm_interfaces/pb_rm_interfaces/msg/detail/models__rosidl_typesupport_fastrtps_c.h
[0.183s] -- Up-to-date symlink: /home/yy/sight/pfa-nav/install/pb_rm_interfaces/include/pb_rm_interfaces/pb_rm_interfaces/msg/detail/rfid_status__rosidl_typesupport_fastrtps_c.h
[0.183s] -- Up-to-date symlink: /home/yy/sight/pfa-nav/install/pb_rm_interfaces/include/pb_rm_interfaces/pb_rm_interfaces/msg/detail/robot_state_info__rosidl_typesupport_fastrtps_c.h
[0.183s] -- Up-to-date symlink: /home/yy/sight/pfa-nav/install/pb_rm_interfaces/include/pb_rm_interfaces/pb_rm_interfaces/msg/detail/robot_status__rosidl_typesupport_fastrtps_c.h
[0.183s] -- Up-to-date symlink: /home/yy/sight/pfa-nav/install/pb_rm_interfaces/include/pb_rm_interfaces/pb_rm_interfaces/msg/rosidl_typesupport_fastrtps_c__visibility_control.h
[0.183s] -- Up-to-date symlink: /home/yy/sight/pfa-nav/install/pb_rm_interfaces/include/pb_rm_interfaces/pb_rm_interfaces/msg/detail/buff__rosidl_typesupport_introspection_c.h
[0.184s] -- Up-to-date symlink: /home/yy/sight/pfa-nav/install/pb_rm_interfaces/include/pb_rm_interfaces/pb_rm_interfaces/msg/detail/event_data__rosidl_typesupport_introspection_c.h
[0.184s] -- Up-to-date symlink: /home/yy/sight/pfa-nav/install/pb_rm_interfaces/include/pb_rm_interfaces/pb_rm_interfaces/msg/detail/game_robot_hp__rosidl_typesupport_introspection_c.h
[0.184s] -- Up-to-date symlink: /home/yy/sight/pfa-nav/install/pb_rm_interfaces/include/pb_rm_interfaces/pb_rm_interfaces/msg/detail/game_status__rosidl_typesupport_introspection_c.h
[0.184s] -- Up-to-date symlink: /home/yy/sight/pfa-nav/install/pb_rm_interfaces/include/pb_rm_interfaces/pb_rm_interfaces/msg/detail/gimbal__rosidl_typesupport_introspection_c.h
[0.184s] -- Up-to-date symlink: /home/yy/sight/pfa-nav/install/pb_rm_interfaces/include/pb_rm_interfaces/pb_rm_interfaces/msg/detail/gimbal_cmd__rosidl_typesupport_introspection_c.h
[0.184s] -- Up-to-date symlink: /home/yy/sight/pfa-nav/install/pb_rm_interfaces/include/pb_rm_interfaces/pb_rm_interfaces/msg/detail/ground_robot_position__rosidl_typesupport_introspection_c.h
[0.184s] -- Up-to-date symlink: /home/yy/sight/pfa-nav/install/pb_rm_interfaces/include/pb_rm_interfaces/pb_rm_interfaces/msg/detail/models__rosidl_typesupport_introspection_c.h
[0.184s] -- Up-to-date symlink: /home/yy/sight/pfa-nav/install/pb_rm_interfaces/include/pb_rm_interfaces/pb_rm_interfaces/msg/detail/rfid_status__rosidl_typesupport_introspection_c.h
[0.184s] -- Up-to-date symlink: /home/yy/sight/pfa-nav/install/pb_rm_interfaces/include/pb_rm_interfaces/pb_rm_interfaces/msg/detail/robot_state_info__rosidl_typesupport_introspection_c.h
[0.184s] -- Up-to-date symlink: /home/yy/sight/pfa-nav/install/pb_rm_interfaces/include/pb_rm_interfaces/pb_rm_interfaces/msg/detail/robot_status__rosidl_typesupport_introspection_c.h
[0.184s] -- Up-to-date symlink: /home/yy/sight/pfa-nav/install/pb_rm_interfaces/include/pb_rm_interfaces/pb_rm_interfaces/msg/rosidl_typesupport_introspection_c__visibility_control.h
[0.184s] -- Up-to-date symlink: /home/yy/sight/pfa-nav/install/pb_rm_interfaces/include/pb_rm_interfaces/pb_rm_interfaces/msg/buff.hpp
[0.184s] -- Up-to-date symlink: /home/yy/sight/pfa-nav/install/pb_rm_interfaces/include/pb_rm_interfaces/pb_rm_interfaces/msg/detail/buff__builder.hpp
[0.184s] -- Up-to-date symlink: /home/yy/sight/pfa-nav/install/pb_rm_interfaces/include/pb_rm_interfaces/pb_rm_interfaces/msg/detail/buff__struct.hpp
[0.184s] -- Up-to-date symlink: /home/yy/sight/pfa-nav/install/pb_rm_interfaces/include/pb_rm_interfaces/pb_rm_interfaces/msg/detail/buff__traits.hpp
[0.184s] -- Up-to-date symlink: /home/yy/sight/pfa-nav/install/pb_rm_interfaces/include/pb_rm_interfaces/pb_rm_interfaces/msg/detail/buff__type_support.hpp
[0.184s] -- Up-to-date symlink: /home/yy/sight/pfa-nav/install/pb_rm_interfaces/include/pb_rm_interfaces/pb_rm_interfaces/msg/detail/event_data__builder.hpp
[0.185s] -- Up-to-date symlink: /home/yy/sight/pfa-nav/install/pb_rm_interfaces/include/pb_rm_interfaces/pb_rm_interfaces/msg/detail/event_data__struct.hpp
[0.185s] -- Up-to-date symlink: /home/yy/sight/pfa-nav/install/pb_rm_interfaces/include/pb_rm_interfaces/pb_rm_interfaces/msg/detail/event_data__traits.hpp
[0.185s] -- Up-to-date symlink: /home/yy/sight/pfa-nav/install/pb_rm_interfaces/include/pb_rm_interfaces/pb_rm_interfaces/msg/detail/event_data__type_support.hpp
[0.185s] -- Up-to-date symlink: /home/yy/sight/pfa-nav/install/pb_rm_interfaces/include/pb_rm_interfaces/pb_rm_interfaces/msg/detail/game_robot_hp__builder.hpp
[0.185s] -- Up-to-date symlink: /home/yy/sight/pfa-nav/install/pb_rm_interfaces/include/pb_rm_interfaces/pb_rm_interfaces/msg/detail/game_robot_hp__struct.hpp
[0.185s] -- Up-to-date symlink: /home/yy/sight/pfa-nav/install/pb_rm_interfaces/include/pb_rm_interfaces/pb_rm_interfaces/msg/detail/game_robot_hp__traits.hpp
[0.185s] -- Up-to-date symlink: /home/yy/sight/pfa-nav/install/pb_rm_interfaces/include/pb_rm_interfaces/pb_rm_interfaces/msg/detail/game_robot_hp__type_support.hpp
[0.185s] -- Up-to-date symlink: /home/yy/sight/pfa-nav/install/pb_rm_interfaces/include/pb_rm_interfaces/pb_rm_interfaces/msg/detail/game_status__builder.hpp
[0.185s] -- Up-to-date symlink: /home/yy/sight/pfa-nav/install/pb_rm_interfaces/include/pb_rm_interfaces/pb_rm_interfaces/msg/detail/game_status__struct.hpp
[0.185s] -- Up-to-date symlink: /home/yy/sight/pfa-nav/install/pb_rm_interfaces/include/pb_rm_interfaces/pb_rm_interfaces/msg/detail/game_status__traits.hpp
[0.185s] -- Up-to-date symlink: /home/yy/sight/pfa-nav/install/pb_rm_interfaces/include/pb_rm_interfaces/pb_rm_interfaces/msg/detail/game_status__type_support.hpp
[0.185s] -- Up-to-date symlink: /home/yy/sight/pfa-nav/install/pb_rm_interfaces/include/pb_rm_interfaces/pb_rm_interfaces/msg/detail/gimbal__builder.hpp
[0.185s] -- Up-to-date symlink: /home/yy/sight/pfa-nav/install/pb_rm_interfaces/include/pb_rm_interfaces/pb_rm_interfaces/msg/detail/gimbal__struct.hpp
[0.185s] -- Up-to-date symlink: /home/yy/sight/pfa-nav/install/pb_rm_interfaces/include/pb_rm_interfaces/pb_rm_interfaces/msg/detail/gimbal__traits.hpp
[0.185s] -- Up-to-date symlink: /home/yy/sight/pfa-nav/install/pb_rm_interfaces/include/pb_rm_interfaces/pb_rm_interfaces/msg/detail/gimbal__type_support.hpp
[0.185s] -- Up-to-date symlink: /home/yy/sight/pfa-nav/install/pb_rm_interfaces/include/pb_rm_interfaces/pb_rm_interfaces/msg/detail/gimbal_cmd__builder.hpp
[0.185s] -- Up-to-date symlink: /home/yy/sight/pfa-nav/install/pb_rm_interfaces/include/pb_rm_interfaces/pb_rm_interfaces/msg/detail/gimbal_cmd__struct.hpp
[0.186s] -- Up-to-date symlink: /home/yy/sight/pfa-nav/install/pb_rm_interfaces/include/pb_rm_interfaces/pb_rm_interfaces/msg/detail/gimbal_cmd__traits.hpp
[0.186s] -- Up-to-date symlink: /home/yy/sight/pfa-nav/install/pb_rm_interfaces/include/pb_rm_interfaces/pb_rm_interfaces/msg/detail/gimbal_cmd__type_support.hpp
[0.186s] -- Up-to-date symlink: /home/yy/sight/pfa-nav/install/pb_rm_interfaces/include/pb_rm_interfaces/pb_rm_interfaces/msg/detail/ground_robot_position__builder.hpp
[0.186s] -- Up-to-date symlink: /home/yy/sight/pfa-nav/install/pb_rm_interfaces/include/pb_rm_interfaces/pb_rm_interfaces/msg/detail/ground_robot_position__struct.hpp
[0.186s] -- Up-to-date symlink: /home/yy/sight/pfa-nav/install/pb_rm_interfaces/include/pb_rm_interfaces/pb_rm_interfaces/msg/detail/ground_robot_position__traits.hpp
[0.186s] -- Up-to-date symlink: /home/yy/sight/pfa-nav/install/pb_rm_interfaces/include/pb_rm_interfaces/pb_rm_interfaces/msg/detail/ground_robot_position__type_support.hpp
[0.186s] -- Up-to-date symlink: /home/yy/sight/pfa-nav/install/pb_rm_interfaces/include/pb_rm_interfaces/pb_rm_interfaces/msg/detail/models__builder.hpp
[0.186s] -- Up-to-date symlink: /home/yy/sight/pfa-nav/install/pb_rm_interfaces/include/pb_rm_interfaces/pb_rm_interfaces/msg/detail/models__struct.hpp
[0.186s] -- Up-to-date symlink: /home/yy/sight/pfa-nav/install/pb_rm_interfaces/include/pb_rm_interfaces/pb_rm_interfaces/msg/detail/models__traits.hpp
[0.186s] -- Up-to-date symlink: /home/yy/sight/pfa-nav/install/pb_rm_interfaces/include/pb_rm_interfaces/pb_rm_interfaces/msg/detail/models__type_support.hpp
[0.186s] -- Up-to-date symlink: /home/yy/sight/pfa-nav/install/pb_rm_interfaces/include/pb_rm_interfaces/pb_rm_interfaces/msg/detail/rfid_status__builder.hpp
[0.186s] -- Up-to-date symlink: /home/yy/sight/pfa-nav/install/pb_rm_interfaces/include/pb_rm_interfaces/pb_rm_interfaces/msg/detail/rfid_status__struct.hpp
[0.186s] -- Up-to-date symlink: /home/yy/sight/pfa-nav/install/pb_rm_interfaces/include/pb_rm_interfaces/pb_rm_interfaces/msg/detail/rfid_status__traits.hpp
[0.186s] -- Up-to-date symlink: /home/yy/sight/pfa-nav/install/pb_rm_interfaces/include/pb_rm_interfaces/pb_rm_interfaces/msg/detail/rfid_status__type_support.hpp
[0.186s] -- Up-to-date symlink: /home/yy/sight/pfa-nav/install/pb_rm_interfaces/include/pb_rm_interfaces/pb_rm_interfaces/msg/detail/robot_state_info__builder.hpp
[0.186s] -- Up-to-date symlink: /home/yy/sight/pfa-nav/install/pb_rm_interfaces/include/pb_rm_interfaces/pb_rm_interfaces/msg/detail/robot_state_info__struct.hpp
[0.186s] -- Up-to-date symlink: /home/yy/sight/pfa-nav/install/pb_rm_interfaces/include/pb_rm_interfaces/pb_rm_interfaces/msg/detail/robot_state_info__traits.hpp
[0.187s] -- Up-to-date symlink: /home/yy/sight/pfa-nav/install/pb_rm_interfaces/include/pb_rm_interfaces/pb_rm_interfaces/msg/detail/robot_state_info__type_support.hpp
[0.187s] -- Up-to-date symlink: /home/yy/sight/pfa-nav/install/pb_rm_interfaces/include/pb_rm_interfaces/pb_rm_interfaces/msg/detail/robot_status__builder.hpp
[0.187s] -- Up-to-date symlink: /home/yy/sight/pfa-nav/install/pb_rm_interfaces/include/pb_rm_interfaces/pb_rm_interfaces/msg/detail/robot_status__struct.hpp
[0.187s] -- Up-to-date symlink: /home/yy/sight/pfa-nav/install/pb_rm_interfaces/include/pb_rm_interfaces/pb_rm_interfaces/msg/detail/robot_status__traits.hpp
[0.187s] -- Up-to-date symlink: /home/yy/sight/pfa-nav/install/pb_rm_interfaces/include/pb_rm_interfaces/pb_rm_interfaces/msg/detail/robot_status__type_support.hpp
[0.187s] -- Up-to-date symlink: /home/yy/sight/pfa-nav/install/pb_rm_interfaces/include/pb_rm_interfaces/pb_rm_interfaces/msg/event_data.hpp
[0.187s] -- Up-to-date symlink: /home/yy/sight/pfa-nav/install/pb_rm_interfaces/include/pb_rm_interfaces/pb_rm_interfaces/msg/game_robot_hp.hpp
[0.187s] -- Up-to-date symlink: /home/yy/sight/pfa-nav/install/pb_rm_interfaces/include/pb_rm_interfaces/pb_rm_interfaces/msg/game_status.hpp
[0.187s] -- Up-to-date symlink: /home/yy/sight/pfa-nav/install/pb_rm_interfaces/include/pb_rm_interfaces/pb_rm_interfaces/msg/gimbal.hpp
[0.187s] -- Up-to-date symlink: /home/yy/sight/pfa-nav/install/pb_rm_interfaces/include/pb_rm_interfaces/pb_rm_interfaces/msg/gimbal_cmd.hpp
[0.187s] -- Up-to-date symlink: /home/yy/sight/pfa-nav/install/pb_rm_interfaces/include/pb_rm_interfaces/pb_rm_interfaces/msg/ground_robot_position.hpp
[0.187s] -- Up-to-date symlink: /home/yy/sight/pfa-nav/install/pb_rm_interfaces/include/pb_rm_interfaces/pb_rm_interfaces/msg/models.hpp
[0.187s] -- Up-to-date symlink: /home/yy/sight/pfa-nav/install/pb_rm_interfaces/include/pb_rm_interfaces/pb_rm_interfaces/msg/rfid_status.hpp
[0.187s] -- Up-to-date symlink: /home/yy/sight/pfa-nav/install/pb_rm_interfaces/include/pb_rm_interfaces/pb_rm_interfaces/msg/robot_state_info.hpp
[0.187s] -- Up-to-date symlink: /home/yy/sight/pfa-nav/install/pb_rm_interfaces/include/pb_rm_interfaces/pb_rm_interfaces/msg/robot_status.hpp
[0.188s] -- Up-to-date symlink: /home/yy/sight/pfa-nav/install/pb_rm_interfaces/include/pb_rm_interfaces/pb_rm_interfaces/msg/rosidl_generator_cpp__visibility_control.hpp
[0.188s] -- Up-to-date symlink: /home/yy/sight/pfa-nav/install/pb_rm_interfaces/include/pb_rm_interfaces/pb_rm_interfaces/msg/detail/buff__rosidl_typesupport_fastrtps_cpp.hpp
[0.188s] -- Up-to-date symlink: /home/yy/sight/pfa-nav/install/pb_rm_interfaces/include/pb_rm_interfaces/pb_rm_interfaces/msg/detail/event_data__rosidl_typesupport_fastrtps_cpp.hpp
[0.188s] -- Up-to-date symlink: /home/yy/sight/pfa-nav/install/pb_rm_interfaces/include/pb_rm_interfaces/pb_rm_interfaces/msg/detail/game_robot_hp__rosidl_typesupport_fastrtps_cpp.hpp
[0.188s] -- Up-to-date symlink: /home/yy/sight/pfa-nav/install/pb_rm_interfaces/include/pb_rm_interfaces/pb_rm_interfaces/msg/detail/game_status__rosidl_typesupport_fastrtps_cpp.hpp
[0.188s] -- Up-to-date symlink: /home/yy/sight/pfa-nav/install/pb_rm_interfaces/include/pb_rm_interfaces/pb_rm_interfaces/msg/detail/gimbal__rosidl_typesupport_fastrtps_cpp.hpp
[0.188s] -- Up-to-date symlink: /home/yy/sight/pfa-nav/install/pb_rm_interfaces/include/pb_rm_interfaces/pb_rm_interfaces/msg/detail/gimbal_cmd__rosidl_typesupport_fastrtps_cpp.hpp
[0.188s] -- Up-to-date symlink: /home/yy/sight/pfa-nav/install/pb_rm_interfaces/include/pb_rm_interfaces/pb_rm_interfaces/msg/detail/ground_robot_position__rosidl_typesupport_fastrtps_cpp.hpp
[0.188s] -- Up-to-date symlink: /home/yy/sight/pfa-nav/install/pb_rm_interfaces/include/pb_rm_interfaces/pb_rm_interfaces/msg/detail/models__rosidl_typesupport_fastrtps_cpp.hpp
[0.188s] -- Up-to-date symlink: /home/yy/sight/pfa-nav/install/pb_rm_interfaces/include/pb_rm_interfaces/pb_rm_interfaces/msg/detail/rfid_status__rosidl_typesupport_fastrtps_cpp.hpp
[0.188s] -- Up-to-date symlink: /home/yy/sight/pfa-nav/install/pb_rm_interfaces/include/pb_rm_interfaces/pb_rm_interfaces/msg/detail/robot_state_info__rosidl_typesupport_fastrtps_cpp.hpp
[0.188s] -- Up-to-date symlink: /home/yy/sight/pfa-nav/install/pb_rm_interfaces/include/pb_rm_interfaces/pb_rm_interfaces/msg/detail/robot_status__rosidl_typesupport_fastrtps_cpp.hpp
[0.188s] -- Up-to-date symlink: /home/yy/sight/pfa-nav/install/pb_rm_interfaces/include/pb_rm_interfaces/pb_rm_interfaces/msg/rosidl_typesupport_fastrtps_cpp__visibility_control.h
[0.188s] -- Up-to-date symlink: /home/yy/sight/pfa-nav/install/pb_rm_interfaces/include/pb_rm_interfaces/pb_rm_interfaces/msg/detail/buff__rosidl_typesupport_introspection_cpp.hpp
[0.189s] -- Up-to-date symlink: /home/yy/sight/pfa-nav/install/pb_rm_interfaces/include/pb_rm_interfaces/pb_rm_interfaces/msg/detail/event_data__rosidl_typesupport_introspection_cpp.hpp
[0.189s] -- Up-to-date symlink: /home/yy/sight/pfa-nav/install/pb_rm_interfaces/include/pb_rm_interfaces/pb_rm_interfaces/msg/detail/game_robot_hp__rosidl_typesupport_introspection_cpp.hpp
[0.189s] -- Up-to-date symlink: /home/yy/sight/pfa-nav/install/pb_rm_interfaces/include/pb_rm_interfaces/pb_rm_interfaces/msg/detail/game_status__rosidl_typesupport_introspection_cpp.hpp
[0.189s] -- Up-to-date symlink: /home/yy/sight/pfa-nav/install/pb_rm_interfaces/include/pb_rm_interfaces/pb_rm_interfaces/msg/detail/gimbal__rosidl_typesupport_introspection_cpp.hpp
[0.189s] -- Up-to-date symlink: /home/yy/sight/pfa-nav/install/pb_rm_interfaces/include/pb_rm_interfaces/pb_rm_interfaces/msg/detail/gimbal_cmd__rosidl_typesupport_introspection_cpp.hpp
[0.189s] -- Up-to-date symlink: /home/yy/sight/pfa-nav/install/pb_rm_interfaces/include/pb_rm_interfaces/pb_rm_interfaces/msg/detail/ground_robot_position__rosidl_typesupport_introspection_cpp.hpp
[0.189s] -- Up-to-date symlink: /home/yy/sight/pfa-nav/install/pb_rm_interfaces/include/pb_rm_interfaces/pb_rm_interfaces/msg/detail/models__rosidl_typesupport_introspection_cpp.hpp
[0.189s] -- Up-to-date symlink: /home/yy/sight/pfa-nav/install/pb_rm_interfaces/include/pb_rm_interfaces/pb_rm_interfaces/msg/detail/rfid_status__rosidl_typesupport_introspection_cpp.hpp
[0.189s] -- Up-to-date symlink: /home/yy/sight/pfa-nav/install/pb_rm_interfaces/include/pb_rm_interfaces/pb_rm_interfaces/msg/detail/robot_state_info__rosidl_typesupport_introspection_cpp.hpp
[0.189s] -- Up-to-date symlink: /home/yy/sight/pfa-nav/install/pb_rm_interfaces/include/pb_rm_interfaces/pb_rm_interfaces/msg/detail/robot_status__rosidl_typesupport_introspection_cpp.hpp
[0.189s] -- Up-to-date symlink: /home/yy/sight/pfa-nav/install/pb_rm_interfaces/share/pb_rm_interfaces/environment/pythonpath.sh
[0.189s] -- Up-to-date symlink: /home/yy/sight/pfa-nav/install/pb_rm_interfaces/share/pb_rm_interfaces/environment/pythonpath.dsv
[0.189s] -- Up-to-date symlink: /home/yy/sight/pfa-nav/install/pb_rm_interfaces/local/lib/python3.10/dist-packages/pb_rm_interfaces-1.0.0-py3.10.egg-info/PKG-INFO
[0.189s] -- Up-to-date symlink: /home/yy/sight/pfa-nav/install/pb_rm_interfaces/local/lib/python3.10/dist-packages/pb_rm_interfaces-1.0.0-py3.10.egg-info/SOURCES.txt
[0.189s] -- Up-to-date symlink: /home/yy/sight/pfa-nav/install/pb_rm_interfaces/local/lib/python3.10/dist-packages/pb_rm_interfaces-1.0.0-py3.10.egg-info/dependency_links.txt
[0.190s] -- Up-to-date symlink: /home/yy/sight/pfa-nav/install/pb_rm_interfaces/local/lib/python3.10/dist-packages/pb_rm_interfaces-1.0.0-py3.10.egg-info/top_level.txt
[0.190s] -- Up-to-date symlink: /home/yy/sight/pfa-nav/install/pb_rm_interfaces/local/lib/python3.10/dist-packages/pb_rm_interfaces/__init__.py
[0.190s] -- Up-to-date symlink: /home/yy/sight/pfa-nav/install/pb_rm_interfaces/local/lib/python3.10/dist-packages/pb_rm_interfaces/_pb_rm_interfaces_s.ep.rosidl_typesupport_c.c
[0.190s] -- Up-to-date symlink: /home/yy/sight/pfa-nav/install/pb_rm_interfaces/local/lib/python3.10/dist-packages/pb_rm_interfaces/_pb_rm_interfaces_s.ep.rosidl_typesupport_fastrtps_c.c
[0.190s] -- Up-to-date symlink: /home/yy/sight/pfa-nav/install/pb_rm_interfaces/local/lib/python3.10/dist-packages/pb_rm_interfaces/_pb_rm_interfaces_s.ep.rosidl_typesupport_introspection_c.c
[0.190s] -- Up-to-date symlink: /home/yy/sight/pfa-nav/install/pb_rm_interfaces/local/lib/python3.10/dist-packages/pb_rm_interfaces/libpb_rm_interfaces__rosidl_generator_py.so
[0.190s] -- Up-to-date symlink: /home/yy/sight/pfa-nav/install/pb_rm_interfaces/local/lib/python3.10/dist-packages/pb_rm_interfaces/msg/__init__.py
[0.190s] -- Up-to-date symlink: /home/yy/sight/pfa-nav/install/pb_rm_interfaces/local/lib/python3.10/dist-packages/pb_rm_interfaces/msg/_buff.py
[0.190s] -- Up-to-date symlink: /home/yy/sight/pfa-nav/install/pb_rm_interfaces/local/lib/python3.10/dist-packages/pb_rm_interfaces/msg/_buff_s.c
[0.190s] -- Up-to-date symlink: /home/yy/sight/pfa-nav/install/pb_rm_interfaces/local/lib/python3.10/dist-packages/pb_rm_interfaces/msg/_event_data.py
[0.190s] -- Up-to-date symlink: /home/yy/sight/pfa-nav/install/pb_rm_interfaces/local/lib/python3.10/dist-packages/pb_rm_interfaces/msg/_event_data_s.c
[0.190s] -- Up-to-date symlink: /home/yy/sight/pfa-nav/install/pb_rm_interfaces/local/lib/python3.10/dist-packages/pb_rm_interfaces/msg/_game_robot_hp.py
[0.190s] -- Up-to-date symlink: /home/yy/sight/pfa-nav/install/pb_rm_interfaces/local/lib/python3.10/dist-packages/pb_rm_interfaces/msg/_game_robot_hp_s.c
[0.190s] -- Up-to-date symlink: /home/yy/sight/pfa-nav/install/pb_rm_interfaces/local/lib/python3.10/dist-packages/pb_rm_interfaces/msg/_game_status.py
[0.190s] -- Up-to-date symlink: /home/yy/sight/pfa-nav/install/pb_rm_interfaces/local/lib/python3.10/dist-packages/pb_rm_interfaces/msg/_game_status_s.c
[0.191s] -- Up-to-date symlink: /home/yy/sight/pfa-nav/install/pb_rm_interfaces/local/lib/python3.10/dist-packages/pb_rm_interfaces/msg/_gimbal.py
[0.191s] -- Up-to-date symlink: /home/yy/sight/pfa-nav/install/pb_rm_interfaces/local/lib/python3.10/dist-packages/pb_rm_interfaces/msg/_gimbal_cmd.py
[0.191s] -- Up-to-date symlink: /home/yy/sight/pfa-nav/install/pb_rm_interfaces/local/lib/python3.10/dist-packages/pb_rm_interfaces/msg/_gimbal_cmd_s.c
[0.191s] -- Up-to-date symlink: /home/yy/sight/pfa-nav/install/pb_rm_interfaces/local/lib/python3.10/dist-packages/pb_rm_interfaces/msg/_gimbal_s.c
[0.191s] -- Up-to-date symlink: /home/yy/sight/pfa-nav/install/pb_rm_interfaces/local/lib/python3.10/dist-packages/pb_rm_interfaces/msg/_ground_robot_position.py
[0.191s] -- Up-to-date symlink: /home/yy/sight/pfa-nav/install/pb_rm_interfaces/local/lib/python3.10/dist-packages/pb_rm_interfaces/msg/_ground_robot_position_s.c
[0.191s] -- Up-to-date symlink: /home/yy/sight/pfa-nav/install/pb_rm_interfaces/local/lib/python3.10/dist-packages/pb_rm_interfaces/msg/_models.py
[0.191s] -- Up-to-date symlink: /home/yy/sight/pfa-nav/install/pb_rm_interfaces/local/lib/python3.10/dist-packages/pb_rm_interfaces/msg/_models_s.c
[0.191s] -- Up-to-date symlink: /home/yy/sight/pfa-nav/install/pb_rm_interfaces/local/lib/python3.10/dist-packages/pb_rm_interfaces/msg/_rfid_status.py
[0.191s] -- Up-to-date symlink: /home/yy/sight/pfa-nav/install/pb_rm_interfaces/local/lib/python3.10/dist-packages/pb_rm_interfaces/msg/_rfid_status_s.c
[0.191s] -- Up-to-date symlink: /home/yy/sight/pfa-nav/install/pb_rm_interfaces/local/lib/python3.10/dist-packages/pb_rm_interfaces/msg/_robot_state_info.py
[0.191s] -- Up-to-date symlink: /home/yy/sight/pfa-nav/install/pb_rm_interfaces/local/lib/python3.10/dist-packages/pb_rm_interfaces/msg/_robot_state_info_s.c
[0.191s] -- Up-to-date symlink: /home/yy/sight/pfa-nav/install/pb_rm_interfaces/local/lib/python3.10/dist-packages/pb_rm_interfaces/msg/_robot_status.py
[0.191s] -- Up-to-date symlink: /home/yy/sight/pfa-nav/install/pb_rm_interfaces/local/lib/python3.10/dist-packages/pb_rm_interfaces/msg/_robot_status_s.c
[0.192s] -- Up-to-date symlink: /home/yy/sight/pfa-nav/install/pb_rm_interfaces/local/lib/python3.10/dist-packages/pb_rm_interfaces/pb_rm_interfaces_s__rosidl_typesupport_c.cpython-310-x86_64-linux-gnu.so
[0.192s] -- Up-to-date symlink: /home/yy/sight/pfa-nav/install/pb_rm_interfaces/local/lib/python3.10/dist-packages/pb_rm_interfaces/pb_rm_interfaces_s__rosidl_typesupport_fastrtps_c.cpython-310-x86_64-linux-gnu.so
[0.192s] -- Up-to-date symlink: /home/yy/sight/pfa-nav/install/pb_rm_interfaces/local/lib/python3.10/dist-packages/pb_rm_interfaces/pb_rm_interfaces_s__rosidl_typesupport_introspection_c.cpython-310-x86_64-linux-gnu.so
[0.192s] -- Up-to-date symlink: /home/yy/sight/pfa-nav/install/pb_rm_interfaces/local/lib/python3.10/dist-packages/pb_rm_interfaces/pb_rm_interfaces_s__rosidl_typesupport_fastrtps_c.cpython-310-x86_64-linux-gnu.so
[0.192s] -- Up-to-date symlink: /home/yy/sight/pfa-nav/install/pb_rm_interfaces/local/lib/python3.10/dist-packages/pb_rm_interfaces/pb_rm_interfaces_s__rosidl_typesupport_introspection_c.cpython-310-x86_64-linux-gnu.so
[0.192s] -- Up-to-date symlink: /home/yy/sight/pfa-nav/install/pb_rm_interfaces/local/lib/python3.10/dist-packages/pb_rm_interfaces/pb_rm_interfaces_s__rosidl_typesupport_c.cpython-310-x86_64-linux-gnu.so
[0.192s] -- Up-to-date symlink: /home/yy/sight/pfa-nav/install/pb_rm_interfaces/share/pb_rm_interfaces/msg/Buff.idl
[0.192s] -- Up-to-date symlink: /home/yy/sight/pfa-nav/install/pb_rm_interfaces/share/pb_rm_interfaces/msg/EventData.idl
[0.192s] -- Up-to-date symlink: /home/yy/sight/pfa-nav/install/pb_rm_interfaces/share/pb_rm_interfaces/msg/GameRobotHP.idl
[0.192s] -- Up-to-date symlink: /home/yy/sight/pfa-nav/install/pb_rm_interfaces/share/pb_rm_interfaces/msg/GameStatus.idl
[0.192s] -- Up-to-date symlink: /home/yy/sight/pfa-nav/install/pb_rm_interfaces/share/pb_rm_interfaces/msg/GroundRobotPosition.idl
[0.192s] -- Up-to-date symlink: /home/yy/sight/pfa-nav/install/pb_rm_interfaces/share/pb_rm_interfaces/msg/RfidStatus.idl
[0.192s] -- Up-to-date symlink: /home/yy/sight/pfa-nav/install/pb_rm_interfaces/share/pb_rm_interfaces/msg/RobotStatus.idl
[0.192s] -- Up-to-date symlink: /home/yy/sight/pfa-nav/install/pb_rm_interfaces/share/pb_rm_interfaces/msg/Gimbal.idl
[0.192s] -- Up-to-date symlink: /home/yy/sight/pfa-nav/install/pb_rm_interfaces/share/pb_rm_interfaces/msg/GimbalCmd.idl
[0.192s] -- Up-to-date symlink: /home/yy/sight/pfa-nav/install/pb_rm_interfaces/share/pb_rm_interfaces/msg/Models.idl
[0.192s] -- Up-to-date symlink: /home/yy/sight/pfa-nav/install/pb_rm_interfaces/share/pb_rm_interfaces/msg/RobotStateInfo.idl
[0.192s] -- Up-to-date symlink: /home/yy/sight/pfa-nav/install/pb_rm_interfaces/share/pb_rm_interfaces/referee/Buff.msg
[0.193s] -- Up-to-date symlink: /home/yy/sight/pfa-nav/install/pb_rm_interfaces/share/pb_rm_interfaces/referee/EventData.msg
[0.193s] -- Up-to-date symlink: /home/yy/sight/pfa-nav/install/pb_rm_interfaces/share/pb_rm_interfaces/referee/GameRobotHP.msg
[0.193s] -- Up-to-date symlink: /home/yy/sight/pfa-nav/install/pb_rm_interfaces/share/pb_rm_interfaces/referee/GameStatus.msg
[0.193s] -- Up-to-date symlink: /home/yy/sight/pfa-nav/install/pb_rm_interfaces/share/pb_rm_interfaces/referee/GroundRobotPosition.msg
[0.193s] -- Up-to-date symlink: /home/yy/sight/pfa-nav/install/pb_rm_interfaces/share/pb_rm_interfaces/referee/RfidStatus.msg
[0.193s] -- Up-to-date symlink: /home/yy/sight/pfa-nav/install/pb_rm_interfaces/share/pb_rm_interfaces/referee/RobotStatus.msg
[0.193s] -- Up-to-date symlink: /home/yy/sight/pfa-nav/install/pb_rm_interfaces/share/pb_rm_interfaces/msg/Gimbal.msg
[0.193s] -- Up-to-date symlink: /home/yy/sight/pfa-nav/install/pb_rm_interfaces/share/pb_rm_interfaces/msg/GimbalCmd.msg
[0.193s] -- Up-to-date symlink: /home/yy/sight/pfa-nav/install/pb_rm_interfaces/share/pb_rm_interfaces/msg/Models.msg
[0.193s] -- Up-to-date symlink: /home/yy/sight/pfa-nav/install/pb_rm_interfaces/share/pb_rm_interfaces/msg/RobotStateInfo.msg
[0.193s] -- Up-to-date symlink: /home/yy/sight/pfa-nav/install/pb_rm_interfaces/share/ament_index/resource_index/package_run_dependencies/pb_rm_interfaces
[0.193s] -- Up-to-date symlink: /home/yy/sight/pfa-nav/install/pb_rm_interfaces/share/ament_index/resource_index/parent_prefix_path/pb_rm_interfaces
[0.193s] -- Up-to-date symlink: /home/yy/sight/pfa-nav/install/pb_rm_interfaces/share/pb_rm_interfaces/environment/ament_prefix_path.sh
[0.193s] -- Up-to-date symlink: /home/yy/sight/pfa-nav/install/pb_rm_interfaces/share/pb_rm_interfaces/environment/ament_prefix_path.dsv
[0.193s] -- Up-to-date symlink: /home/yy/sight/pfa-nav/install/pb_rm_interfaces/share/pb_rm_interfaces/environment/path.sh
[0.193s] -- Up-to-date symlink: /home/yy/sight/pfa-nav/install/pb_rm_interfaces/share/pb_rm_interfaces/environment/path.dsv
[0.193s] -- Up-to-date symlink: /home/yy/sight/pfa-nav/install/pb_rm_interfaces/share/pb_rm_interfaces/local_setup.bash
[0.193s] -- Up-to-date symlink: /home/yy/sight/pfa-nav/install/pb_rm_interfaces/share/pb_rm_interfaces/local_setup.sh
[0.194s] -- Up-to-date symlink: /home/yy/sight/pfa-nav/install/pb_rm_interfaces/share/pb_rm_interfaces/local_setup.zsh
[0.194s] -- Up-to-date symlink: /home/yy/sight/pfa-nav/install/pb_rm_interfaces/share/pb_rm_interfaces/local_setup.dsv
[0.194s] -- Symlinking: /home/yy/sight/pfa-nav/install/pb_rm_interfaces/share/pb_rm_interfaces/package.dsv
[0.198s] -- Up-to-date symlink: /home/yy/sight/pfa-nav/install/pb_rm_interfaces/share/ament_index/resource_index/packages/pb_rm_interfaces
[0.198s] -- Up-to-date symlink: /home/yy/sight/pfa-nav/install/pb_rm_interfaces/share/pb_rm_interfaces/cmake/rosidl_cmake-extras.cmake
[0.198s] -- Up-to-date symlink: /home/yy/sight/pfa-nav/install/pb_rm_interfaces/share/pb_rm_interfaces/cmake/ament_cmake_export_dependencies-extras.cmake
[0.198s] -- Up-to-date symlink: /home/yy/sight/pfa-nav/install/pb_rm_interfaces/share/pb_rm_interfaces/cmake/ament_cmake_export_include_directories-extras.cmake
[0.198s] -- Up-to-date symlink: /home/yy/sight/pfa-nav/install/pb_rm_interfaces/share/pb_rm_interfaces/cmake/ament_cmake_export_libraries-extras.cmake
[0.198s] -- Up-to-date symlink: /home/yy/sight/pfa-nav/install/pb_rm_interfaces/share/pb_rm_interfaces/cmake/ament_cmake_export_targets-extras.cmake
[0.198s] -- Up-to-date symlink: /home/yy/sight/pfa-nav/install/pb_rm_interfaces/share/pb_rm_interfaces/cmake/rosidl_cmake_export_typesupport_targets-extras.cmake
[0.198s] -- Up-to-date symlink: /home/yy/sight/pfa-nav/install/pb_rm_interfaces/share/pb_rm_interfaces/cmake/rosidl_cmake_export_typesupport_libraries-extras.cmake
[0.198s] -- Up-to-date symlink: /home/yy/sight/pfa-nav/install/pb_rm_interfaces/share/pb_rm_interfaces/cmake/pb_rm_interfacesConfig.cmake
[0.199s] -- Up-to-date symlink: /home/yy/sight/pfa-nav/install/pb_rm_interfaces/share/pb_rm_interfaces/cmake/pb_rm_interfacesConfig-version.cmake
[0.199s] -- Up-to-date symlink: /home/yy/sight/pfa-nav/install/pb_rm_interfaces/share/pb_rm_interfaces/package.xml
[0.199s] -- Up-to-date: /home/yy/sight/pfa-nav/install/pb_rm_interfaces/lib/libpb_rm_interfaces__rosidl_generator_c.so
[0.199s] -- Up-to-date: /home/yy/sight/pfa-nav/install/pb_rm_interfaces/lib/libpb_rm_interfaces__rosidl_typesupport_fastrtps_c.so
[0.199s] -- Up-to-date: /home/yy/sight/pfa-nav/install/pb_rm_interfaces/lib/libpb_rm_interfaces__rosidl_typesupport_introspection_c.so
[0.199s] -- Up-to-date: /home/yy/sight/pfa-nav/install/pb_rm_interfaces/lib/libpb_rm_interfaces__rosidl_typesupport_c.so
[0.199s] -- Up-to-date: /home/yy/sight/pfa-nav/install/pb_rm_interfaces/lib/libpb_rm_interfaces__rosidl_typesupport_fastrtps_cpp.so
[0.199s] -- Up-to-date: /home/yy/sight/pfa-nav/install/pb_rm_interfaces/lib/libpb_rm_interfaces__rosidl_typesupport_introspection_cpp.so
[0.199s] -- Up-to-date: /home/yy/sight/pfa-nav/install/pb_rm_interfaces/lib/libpb_rm_interfaces__rosidl_typesupport_cpp.so
[0.215s] Listing '/home/yy/sight/pfa-nav/install/pb_rm_interfaces/local/lib/python3.10/dist-packages/pb_rm_interfaces'...
[0.215s] Listing '/home/yy/sight/pfa-nav/install/pb_rm_interfaces/local/lib/python3.10/dist-packages/pb_rm_interfaces/msg'...
[0.217s] -- Up-to-date: /home/yy/sight/pfa-nav/install/pb_rm_interfaces/lib/libpb_rm_interfaces__rosidl_generator_py.so
[0.217s] -- Up-to-date: /home/yy/sight/pfa-nav/install/pb_rm_interfaces/share/pb_rm_interfaces/cmake/export_pb_rm_interfaces__rosidl_generator_cExport.cmake
[0.217s] -- Up-to-date: /home/yy/sight/pfa-nav/install/pb_rm_interfaces/share/pb_rm_interfaces/cmake/export_pb_rm_interfaces__rosidl_generator_cExport-release.cmake
[0.217s] -- Up-to-date: /home/yy/sight/pfa-nav/install/pb_rm_interfaces/share/pb_rm_interfaces/cmake/export_pb_rm_interfaces__rosidl_typesupport_fastrtps_cExport.cmake
[0.217s] -- Up-to-date: /home/yy/sight/pfa-nav/install/pb_rm_interfaces/share/pb_rm_interfaces/cmake/export_pb_rm_interfaces__rosidl_typesupport_fastrtps_cExport-release.cmake
[0.217s] -- Up-to-date: /home/yy/sight/pfa-nav/install/pb_rm_interfaces/share/pb_rm_interfaces/cmake/pb_rm_interfaces__rosidl_typesupport_introspection_cExport.cmake
[0.217s] -- Up-to-date: /home/yy/sight/pfa-nav/install/pb_rm_interfaces/share/pb_rm_interfaces/cmake/pb_rm_interfaces__rosidl_typesupport_introspection_cExport-release.cmake
[0.217s] -- Up-to-date: /home/yy/sight/pfa-nav/install/pb_rm_interfaces/share/pb_rm_interfaces/cmake/pb_rm_interfaces__rosidl_typesupport_cExport.cmake
[0.218s] -- Up-to-date: /home/yy/sight/pfa-nav/install/pb_rm_interfaces/share/pb_rm_interfaces/cmake/pb_rm_interfaces__rosidl_typesupport_cExport-release.cmake
[0.218s] -- Up-to-date: /home/yy/sight/pfa-nav/install/pb_rm_interfaces/share/pb_rm_interfaces/cmake/export_pb_rm_interfaces__rosidl_generator_cppExport.cmake
[0.218s] -- Up-to-date: /home/yy/sight/pfa-nav/install/pb_rm_interfaces/share/pb_rm_interfaces/cmake/export_pb_rm_interfaces__rosidl_typesupport_fastrtps_cppExport.cmake
[0.218s] -- Up-to-date: /home/yy/sight/pfa-nav/install/pb_rm_interfaces/share/pb_rm_interfaces/cmake/export_pb_rm_interfaces__rosidl_typesupport_fastrtps_cppExport-release.cmake
[0.218s] -- Up-to-date: /home/yy/sight/pfa-nav/install/pb_rm_interfaces/share/pb_rm_interfaces/cmake/pb_rm_interfaces__rosidl_typesupport_introspection_cppExport.cmake
[0.218s] -- Up-to-date: /home/yy/sight/pfa-nav/install/pb_rm_interfaces/share/pb_rm_interfaces/cmake/pb_rm_interfaces__rosidl_typesupport_introspection_cppExport-release.cmake
[0.218s] -- Up-to-date: /home/yy/sight/pfa-nav/install/pb_rm_interfaces/share/pb_rm_interfaces/cmake/pb_rm_interfaces__rosidl_typesupport_cppExport.cmake
[0.218s] -- Up-to-date: /home/yy/sight/pfa-nav/install/pb_rm_interfaces/share/pb_rm_interfaces/cmake/pb_rm_interfaces__rosidl_typesupport_cppExport-release.cmake
[0.218s] -- Up-to-date: /home/yy/sight/pfa-nav/install/pb_rm_interfaces/share/pb_rm_interfaces/cmake/export_pb_rm_interfaces__rosidl_generator_pyExport.cmake
[0.218s] -- Up-to-date: /home/yy/sight/pfa-nav/install/pb_rm_interfaces/share/pb_rm_interfaces/cmake/export_pb_rm_interfaces__rosidl_generator_pyExport-release.cmake
[0.219s] Invoked command in '/home/yy/sight/pfa-nav/build/pb_rm_interfaces' returned '0': CMAKE_PREFIX_PATH=/opt/ros/humble /usr/bin/cmake --install /home/yy/sight/pfa-nav/build/pb_rm_interfaces
