[0.005s] Invoking command in '/home/yy/sight/pfa-nav/build/sensor_scan_generation': CMAKE_PREFIX_PATH=/opt/ros/humble /usr/bin/cmake --build /home/yy/sight/pfa-nav/build/sensor_scan_generation -- -j20 -l20
[0.025s] -- Found ament_cmake_auto: 1.3.12 (/opt/ros/humble/share/ament_cmake_auto/cmake)
[0.081s] -- Override CMake install command with custom implementation using symlinks instead of copying resources
[0.129s] -- Found rosidl_generator_c: 3.1.7 (/opt/ros/humble/share/rosidl_generator_c/cmake)
[0.130s] -- Found rosidl_adapter: 3.1.7 (/opt/ros/humble/share/rosidl_adapter/cmake)
[0.133s] -- Found rosidl_generator_cpp: 3.1.7 (/opt/ros/humble/share/rosidl_generator_cpp/cmake)
[0.137s] -- Using all available rosidl_typesupport_c: rosidl_typesupport_fastrtps_c;rosidl_typesupport_introspection_c
[0.143s] -- Using all available rosidl_typesupport_cpp: rosidl_typesupport_fastrtps_cpp;rosidl_typesupport_introspection_cpp
[0.157s] -- Found rmw_implementation_cmake: 6.1.2 (/opt/ros/humble/share/rmw_implementation_cmake/cmake)
[0.158s] -- Found rmw_fastrtps_cpp: 6.2.9 (/opt/ros/humble/share/rmw_fastrtps_cpp/cmake)
[0.210s] -- Using RMW implementation 'rmw_fastrtps_cpp' as default
[0.287s] -- Eigen found (include: /usr/include/eigen3, version: 3.4.0)
[0.305s] -- FLANN found (include: /usr/include, lib: /usr/lib/x86_64-linux-gnu/libflann_cpp.so)
[0.464s] -- OpenNI found (version: 1.5.4.0, include: /usr/include/ni, lib: /usr/lib/libOpenNI.so;libusb::libusb)
[0.469s] -- OpenNI2 found (version: 2.2.0.33, include: /usr/include/openni2, lib: /usr/lib/x86_64-linux-gnu/libOpenNI2.so;libusb::libusb)
[0.552s] -- Eigen found (include: /usr/include/eigen3, version: 3.4.0)
[0.555s] -- OpenNI found (version: 1.5.4.0, include: /usr/include/ni, lib: /usr/lib/libOpenNI.so;libusb::libusb)
[0.559s] -- OpenNI2 found (version: 2.2.0.33, include: /usr/include/openni2, lib: /usr/lib/x86_64-linux-gnu/libOpenNI2.so;libusb::libusb)
[0.635s] -- Found Qhull version 8.0.2
[0.713s] -- OpenNI found (version: 1.5.4.0, include: /usr/include/ni, lib: /usr/lib/libOpenNI.so;libusb::libusb)
[0.800s] -- Found eigen3_cmake_module: 0.1.1 (/opt/ros/humble/share/eigen3_cmake_module/cmake)
[0.801s] -- Ensuring Eigen3 include directory is part of orocos-kdl CMake target
[0.836s] -- Found ament_lint_auto: 0.12.14 (/opt/ros/humble/share/ament_lint_auto/cmake)
[0.839s] [0mIn this package, headers install destination is set to `include` by ament_auto_package. It is recommended to install `include/sensor_scan_generation` instead and will be the default behavior of ament_auto_package from ROS 2 Kilted Kaiju. On distributions before Kilted, ament_auto_package behaves the same way when you use USE_SCOPED_HEADER_INSTALL_DIR option.[0m
[0.842s] -- Added test 'copyright' to check source files copyright and LICENSE
[0.842s] -- Added test 'cppcheck' to perform static code analysis on C / C++ code
[0.842s] -- Configured cppcheck include dirs: /home/yy/sight/pfa-nav/src/pb2025_sentry_nav/sensor_scan_generation/include
[0.842s] -- Configured cppcheck exclude dirs and/or files: 
[0.843s] -- Added test 'cpplint' to check C / C++ code against the Google style
[0.843s] -- Configured cpplint exclude dirs and/or files: 
[0.843s] -- Added test 'lint_cmake' to check CMake code style
[0.843s] -- Added test 'pep257' to check Python code against some of the docstring style conventions in PEP 257
[0.843s] -- Added test 'xmllint' to check XML markup files
[0.843s] -- Added test 'clang_format' to check C / C++ code style
[0.844s] -- Added test 'black' to check Python code style
[0.846s] -- Configuring done
[0.868s] -- Generating done
[0.873s] -- Build files have been written to: /home/yy/sight/pfa-nav/build/sensor_scan_generation
[0.894s] [35m[1mConsolidate compiler generated dependencies of target sensor_scan_generation_node[0m
[0.894s] [35m[1mConsolidate compiler generated dependencies of target sensor_scan_generation[0m
[0.905s] [ 50%] Built target sensor_scan_generation_node
[0.912s] [ 75%] [32mBuilding CXX object CMakeFiles/sensor_scan_generation.dir/src/sensor_scan_generation.cpp.o[0m
[11.423s] [100%] [32m[1mLinking CXX shared library libsensor_scan_generation.so[0m
[11.672s] [100%] Built target sensor_scan_generation
[11.679s] Invoked command in '/home/yy/sight/pfa-nav/build/sensor_scan_generation' returned '0': CMAKE_PREFIX_PATH=/opt/ros/humble /usr/bin/cmake --build /home/yy/sight/pfa-nav/build/sensor_scan_generation -- -j20 -l20
[11.679s] Invoking command in '/home/yy/sight/pfa-nav/build/sensor_scan_generation': CMAKE_PREFIX_PATH=/opt/ros/humble /usr/bin/cmake --install /home/yy/sight/pfa-nav/build/sensor_scan_generation
[11.684s] -- Install configuration: "Release"
[11.684s] -- Execute custom install script
[11.684s] -- Up-to-date symlink: /home/yy/sight/pfa-nav/install/sensor_scan_generation/lib/sensor_scan_generation/sensor_scan_generation_node
[11.684s] -- Up-to-date symlink: /home/yy/sight/pfa-nav/install/sensor_scan_generation/include/sensor_scan_generation/sensor_scan_generation.hpp
[11.684s] -- Up-to-date symlink: /home/yy/sight/pfa-nav/install/sensor_scan_generation/share/sensor_scan_generation/environment/library_path.sh
[11.684s] -- Up-to-date symlink: /home/yy/sight/pfa-nav/install/sensor_scan_generation/share/sensor_scan_generation/environment/library_path.dsv
[11.684s] -- Up-to-date symlink: /home/yy/sight/pfa-nav/install/sensor_scan_generation/lib/libsensor_scan_generation.so
[11.684s] -- Up-to-date symlink: /home/yy/sight/pfa-nav/install/sensor_scan_generation/share/sensor_scan_generation/launch/sensor_scan_generation.launch.py
[11.684s] -- Up-to-date symlink: /home/yy/sight/pfa-nav/install/sensor_scan_generation/share/ament_index/resource_index/package_run_dependencies/sensor_scan_generation
[11.684s] -- Up-to-date symlink: /home/yy/sight/pfa-nav/install/sensor_scan_generation/share/ament_index/resource_index/parent_prefix_path/sensor_scan_generation
[11.684s] -- Up-to-date symlink: /home/yy/sight/pfa-nav/install/sensor_scan_generation/share/sensor_scan_generation/environment/ament_prefix_path.sh
[11.685s] -- Up-to-date symlink: /home/yy/sight/pfa-nav/install/sensor_scan_generation/share/sensor_scan_generation/environment/ament_prefix_path.dsv
[11.685s] -- Up-to-date symlink: /home/yy/sight/pfa-nav/install/sensor_scan_generation/share/sensor_scan_generation/environment/path.sh
[11.685s] -- Up-to-date symlink: /home/yy/sight/pfa-nav/install/sensor_scan_generation/share/sensor_scan_generation/environment/path.dsv
[11.685s] -- Up-to-date symlink: /home/yy/sight/pfa-nav/install/sensor_scan_generation/share/sensor_scan_generation/local_setup.bash
[11.685s] -- Up-to-date symlink: /home/yy/sight/pfa-nav/install/sensor_scan_generation/share/sensor_scan_generation/local_setup.sh
[11.685s] -- Up-to-date symlink: /home/yy/sight/pfa-nav/install/sensor_scan_generation/share/sensor_scan_generation/local_setup.zsh
[11.685s] -- Up-to-date symlink: /home/yy/sight/pfa-nav/install/sensor_scan_generation/share/sensor_scan_generation/local_setup.dsv
[11.685s] -- Symlinking: /home/yy/sight/pfa-nav/install/sensor_scan_generation/share/sensor_scan_generation/package.dsv
[11.690s] -- Up-to-date symlink: /home/yy/sight/pfa-nav/install/sensor_scan_generation/share/ament_index/resource_index/packages/sensor_scan_generation
[11.690s] -- Up-to-date symlink: /home/yy/sight/pfa-nav/install/sensor_scan_generation/share/ament_index/resource_index/rclcpp_components/sensor_scan_generation
[11.690s] -- Up-to-date symlink: /home/yy/sight/pfa-nav/install/sensor_scan_generation/share/sensor_scan_generation/cmake/ament_cmake_export_dependencies-extras.cmake
[11.690s] -- Up-to-date symlink: /home/yy/sight/pfa-nav/install/sensor_scan_generation/share/sensor_scan_generation/cmake/ament_cmake_export_include_directories-extras.cmake
[11.691s] -- Up-to-date symlink: /home/yy/sight/pfa-nav/install/sensor_scan_generation/share/sensor_scan_generation/cmake/ament_cmake_export_libraries-extras.cmake
[11.691s] -- Up-to-date symlink: /home/yy/sight/pfa-nav/install/sensor_scan_generation/share/sensor_scan_generation/cmake/sensor_scan_generationConfig.cmake
[11.691s] -- Up-to-date symlink: /home/yy/sight/pfa-nav/install/sensor_scan_generation/share/sensor_scan_generation/cmake/sensor_scan_generationConfig-version.cmake
[11.691s] -- Up-to-date symlink: /home/yy/sight/pfa-nav/install/sensor_scan_generation/share/sensor_scan_generation/package.xml
[11.692s] Invoked command in '/home/yy/sight/pfa-nav/build/sensor_scan_generation' returned '0': CMAKE_PREFIX_PATH=/opt/ros/humble /usr/bin/cmake --install /home/yy/sight/pfa-nav/build/sensor_scan_generation
