[0.006s] Invoking command in '/home/yy/sight/pfa-nav/build/small_gicp_relocalization': CMAKE_PREFIX_PATH=/opt/ros/humble /usr/bin/cmake --build /home/yy/sight/pfa-nav/build/small_gicp_relocalization -- -j20 -l20
[0.038s] [35m[1mConsolidate compiler generated dependencies of target small_gicp_relocalization[0m
[0.042s] [ 50%] Built target small_gicp_relocalization_node
[0.057s] [100%] Built target small_gicp_relocalization
[0.064s] Invoked command in '/home/yy/sight/pfa-nav/build/small_gicp_relocalization' returned '0': CMAKE_PREFIX_PATH=/opt/ros/humble /usr/bin/cmake --build /home/yy/sight/pfa-nav/build/small_gicp_relocalization -- -j20 -l20
[0.065s] Invoking command in '/home/yy/sight/pfa-nav/build/small_gicp_relocalization': CMAKE_PREFIX_PATH=/opt/ros/humble /usr/bin/cmake --install /home/yy/sight/pfa-nav/build/small_gicp_relocalization
[0.068s] -- Install configuration: "Release"
[0.068s] -- Execute custom install script
[0.068s] -- Up-to-date symlink: /home/yy/sight/pfa-nav/install/small_gicp_relocalization/lib/small_gicp_relocalization/small_gicp_relocalization_node
[0.068s] -- Up-to-date symlink: /home/yy/sight/pfa-nav/install/small_gicp_relocalization/include/small_gicp_relocalization/small_gicp_relocalization.hpp
[0.068s] -- Up-to-date symlink: /home/yy/sight/pfa-nav/install/small_gicp_relocalization/share/small_gicp_relocalization/environment/library_path.sh
[0.068s] -- Up-to-date symlink: /home/yy/sight/pfa-nav/install/small_gicp_relocalization/share/small_gicp_relocalization/environment/library_path.dsv
[0.069s] -- Up-to-date symlink: /home/yy/sight/pfa-nav/install/small_gicp_relocalization/lib/libsmall_gicp_relocalization.so
[0.069s] -- Up-to-date symlink: /home/yy/sight/pfa-nav/install/small_gicp_relocalization/share/small_gicp_relocalization/launch/small_gicp_relocalization_launch.py
[0.069s] -- Up-to-date symlink: /home/yy/sight/pfa-nav/install/small_gicp_relocalization/share/ament_index/resource_index/package_run_dependencies/small_gicp_relocalization
[0.069s] -- Up-to-date symlink: /home/yy/sight/pfa-nav/install/small_gicp_relocalization/share/ament_index/resource_index/parent_prefix_path/small_gicp_relocalization
[0.069s] -- Up-to-date symlink: /home/yy/sight/pfa-nav/install/small_gicp_relocalization/share/small_gicp_relocalization/environment/ament_prefix_path.sh
[0.069s] -- Up-to-date symlink: /home/yy/sight/pfa-nav/install/small_gicp_relocalization/share/small_gicp_relocalization/environment/ament_prefix_path.dsv
[0.069s] -- Up-to-date symlink: /home/yy/sight/pfa-nav/install/small_gicp_relocalization/share/small_gicp_relocalization/environment/path.sh
[0.069s] -- Up-to-date symlink: /home/yy/sight/pfa-nav/install/small_gicp_relocalization/share/small_gicp_relocalization/environment/path.dsv
[0.069s] -- Up-to-date symlink: /home/yy/sight/pfa-nav/install/small_gicp_relocalization/share/small_gicp_relocalization/local_setup.bash
[0.069s] -- Up-to-date symlink: /home/yy/sight/pfa-nav/install/small_gicp_relocalization/share/small_gicp_relocalization/local_setup.sh
[0.069s] -- Up-to-date symlink: /home/yy/sight/pfa-nav/install/small_gicp_relocalization/share/small_gicp_relocalization/local_setup.zsh
[0.069s] -- Up-to-date symlink: /home/yy/sight/pfa-nav/install/small_gicp_relocalization/share/small_gicp_relocalization/local_setup.dsv
[0.069s] -- Symlinking: /home/yy/sight/pfa-nav/install/small_gicp_relocalization/share/small_gicp_relocalization/package.dsv
[0.075s] -- Up-to-date symlink: /home/yy/sight/pfa-nav/install/small_gicp_relocalization/share/ament_index/resource_index/packages/small_gicp_relocalization
[0.075s] -- Up-to-date symlink: /home/yy/sight/pfa-nav/install/small_gicp_relocalization/share/ament_index/resource_index/rclcpp_components/small_gicp_relocalization
[0.075s] -- Up-to-date symlink: /home/yy/sight/pfa-nav/install/small_gicp_relocalization/share/small_gicp_relocalization/cmake/ament_cmake_export_dependencies-extras.cmake
[0.075s] -- Up-to-date symlink: /home/yy/sight/pfa-nav/install/small_gicp_relocalization/share/small_gicp_relocalization/cmake/ament_cmake_export_include_directories-extras.cmake
[0.075s] -- Up-to-date symlink: /home/yy/sight/pfa-nav/install/small_gicp_relocalization/share/small_gicp_relocalization/cmake/ament_cmake_export_libraries-extras.cmake
[0.075s] -- Up-to-date symlink: /home/yy/sight/pfa-nav/install/small_gicp_relocalization/share/small_gicp_relocalization/cmake/small_gicp_relocalizationConfig.cmake
[0.075s] -- Up-to-date symlink: /home/yy/sight/pfa-nav/install/small_gicp_relocalization/share/small_gicp_relocalization/cmake/small_gicp_relocalizationConfig-version.cmake
[0.075s] -- Up-to-date symlink: /home/yy/sight/pfa-nav/install/small_gicp_relocalization/share/small_gicp_relocalization/package.xml
[0.076s] Invoked command in '/home/yy/sight/pfa-nav/build/small_gicp_relocalization' returned '0': CMAKE_PREFIX_PATH=/opt/ros/humble /usr/bin/cmake --install /home/yy/sight/pfa-nav/build/small_gicp_relocalization
