[0.007s] Invoking command in '/home/yy/sight/pfa-nav/build/rmoss_cam': AMENT_PREFIX_PATH=/home/yy/sight/pfa-nav/install/rmoss_util:/home/yy/sight/pfa-nav/install/rmoss_interfaces:${AMENT_PREFIX_PATH} CMAKE_PREFIX_PATH=/home/yy/sight/pfa-nav/install/rmoss_util:/home/yy/sight/pfa-nav/install/rmoss_interfaces:/opt/ros/humble LD_LIBRARY_PATH=/home/yy/sight/pfa-nav/install/rmoss_util/lib:/home/yy/sight/pfa-nav/install/rmoss_interfaces/lib:/usr/lib/x86_64-linux-gnu/gazebo-11/plugins:/opt/ros/humble/opt/rviz_ogre_vendor/lib:/opt/ros/humble/lib/x86_64-linux-gnu:/opt/ros/humble/lib:/opt/MVS/lib/64:/opt/MVS/lib/32:/opt/MVS/lib/64:/opt/MVS/lib/32:/opt/MVS/lib/64:/opt/MVS/lib/32 PYTHONPATH=/home/yy/sight/pfa-nav/install/rmoss_interfaces/local/lib/python3.10/dist-packages:${PYTHONPATH} /usr/bin/cmake --build /home/yy/sight/pfa-nav/build/rmoss_cam -- -j20 -l20
[0.024s] -- Found ament_cmake: 1.3.12 (/opt/ros/humble/share/ament_cmake/cmake)
[0.079s] -- Override CMake install command with custom implementation using symlinks instead of copying resources
[0.082s] -- Found rclcpp: 16.0.15 (/opt/ros/humble/share/rclcpp/cmake)
[0.096s] -- Found rosidl_generator_c: 3.1.7 (/opt/ros/humble/share/rosidl_generator_c/cmake)
[0.097s] -- Found rosidl_adapter: 3.1.7 (/opt/ros/humble/share/rosidl_adapter/cmake)
[0.099s] -- Found rosidl_generator_cpp: 3.1.7 (/opt/ros/humble/share/rosidl_generator_cpp/cmake)
[0.104s] -- Using all available rosidl_typesupport_c: rosidl_typesupport_fastrtps_c;rosidl_typesupport_introspection_c
[0.109s] -- Using all available rosidl_typesupport_cpp: rosidl_typesupport_fastrtps_cpp;rosidl_typesupport_introspection_cpp
[0.124s] -- Found rmw_implementation_cmake: 6.1.2 (/opt/ros/humble/share/rmw_implementation_cmake/cmake)
[0.124s] -- Found rmw_fastrtps_cpp: 6.2.9 (/opt/ros/humble/share/rmw_fastrtps_cpp/cmake)
[0.179s] -- Using RMW implementation 'rmw_fastrtps_cpp' as default
[0.201s] -- Found rclcpp_components: 16.0.15 (/opt/ros/humble/share/rclcpp_components/cmake)
[0.209s] -- Found sensor_msgs: 4.9.0 (/opt/ros/humble/share/sensor_msgs/cmake)
[0.222s] -- Found rmoss_interfaces: 0.9.0 (/home/yy/sight/pfa-nav/install/rmoss_interfaces/share/rmoss_interfaces/cmake)
[0.233s] -- Found rmoss_util: 0.9.0 (/home/yy/sight/pfa-nav/install/rmoss_util/share/rmoss_util/cmake)
[0.250s] -- Found camera_info_manager: 3.1.12 (/opt/ros/humble/share/camera_info_manager/cmake)
[0.260s] -- Found ament_lint_auto: 0.12.14 (/opt/ros/humble/share/ament_lint_auto/cmake)
[0.296s] -- Found ament_cmake_gtest: 1.3.12 (/opt/ros/humble/share/ament_cmake_gtest/cmake)
[0.296s] -- Found gtest sources under '/opt/ros/humble/src/gtest_vendor': C++ tests using 'Google Test' will be built
[0.302s] -- Added test 'copyright' to check source files copyright and LICENSE
[0.303s] -- Added test 'cppcheck' to perform static code analysis on C / C++ code
[0.304s] -- Configured cppcheck include dirs: /home/yy/sight/pfa-nav/src/rmoss_core/rmoss_cam/include
[0.304s] -- Configured cppcheck exclude dirs and/or files: 
[0.304s] -- Added test 'cpplint' to check C / C++ code against the Google style
[0.304s] -- Configured cpplint exclude dirs and/or files: 
[0.305s] -- Added test 'flake8' to check Python code syntax and style conventions
[0.305s] -- Added test 'lint_cmake' to check CMake code style
[0.305s] -- Added test 'pep257' to check Python code against some of the docstring style conventions in PEP 257
[0.306s] -- Added test 'uncrustify' to check C / C++ code style
[0.306s] -- Configured uncrustify additional arguments: 
[0.306s] -- Added test 'xmllint' to check XML markup files
[0.309s] -- Configuring done
[0.352s] -- Generating done
[0.364s] -- Build files have been written to: /home/yy/sight/pfa-nav/build/rmoss_cam
[0.380s] [35m[1mConsolidate compiler generated dependencies of target gtest_main[0m
[0.380s] [35m[1mConsolidate compiler generated dependencies of target gtest[0m
[0.382s] [35m[1mConsolidate compiler generated dependencies of target image_task_demo[0m
[0.382s] [35m[1mConsolidate compiler generated dependencies of target usb_cam[0m
[0.383s] [35m[1mConsolidate compiler generated dependencies of target virtual_cam[0m
[0.384s] [35m[1mConsolidate compiler generated dependencies of target rmoss_cam[0m
[0.387s] [  7%] Built target gtest
[0.388s] [ 14%] Built target gtest_main
[0.390s] [ 22%] Built target image_task_demo
[0.394s] [ 29%] Built target usb_cam
[0.394s] [ 37%] Built target virtual_cam
[0.400s] [ 40%] [32m[1mLinking CXX shared library librmoss_cam.so[0m
[0.542s] [ 48%] Built target rmoss_cam
[0.548s] [35m[1mConsolidate compiler generated dependencies of target test_cam_client[0m
[0.550s] [35m[1mConsolidate compiler generated dependencies of target image_task_demo_component[0m
[0.551s] [35m[1mConsolidate compiler generated dependencies of target test_cam_server[0m
[0.551s] [35m[1mConsolidate compiler generated dependencies of target usb_cam_component[0m
[0.551s] [35m[1mConsolidate compiler generated dependencies of target virtual_cam_component[0m
[0.559s] [ 51%] [32m[1mLinking CXX executable test_cam_client[0m
[0.561s] [ 55%] [32m[1mLinking CXX shared library libimage_task_demo_component.so[0m
[0.561s] [ 59%] [32m[1mLinking CXX executable test_cam_server[0m
[0.564s] [ 62%] [32m[1mLinking CXX shared library libusb_cam_component.so[0m
[0.566s] [ 66%] [32m[1mLinking CXX shared library libvirtual_cam_component.so[0m
[0.651s] [ 70%] Built target image_task_demo_component
[0.667s] [ 77%] Built target usb_cam_component
[0.681s] [ 85%] Built target virtual_cam_component
[0.689s] [ 88%] Built target test_cam_client
[0.690s] [35m[1mConsolidate compiler generated dependencies of target benchmark_test[0m
[0.696s] [ 92%] Built target test_cam_server
[0.702s] [ 96%] [32m[1mLinking CXX executable benchmark_test[0m
[1.025s] [100%] Built target benchmark_test
[1.031s] Invoked command in '/home/yy/sight/pfa-nav/build/rmoss_cam' returned '0': AMENT_PREFIX_PATH=/home/yy/sight/pfa-nav/install/rmoss_util:/home/yy/sight/pfa-nav/install/rmoss_interfaces:${AMENT_PREFIX_PATH} CMAKE_PREFIX_PATH=/home/yy/sight/pfa-nav/install/rmoss_util:/home/yy/sight/pfa-nav/install/rmoss_interfaces:/opt/ros/humble LD_LIBRARY_PATH=/home/yy/sight/pfa-nav/install/rmoss_util/lib:/home/yy/sight/pfa-nav/install/rmoss_interfaces/lib:/usr/lib/x86_64-linux-gnu/gazebo-11/plugins:/opt/ros/humble/opt/rviz_ogre_vendor/lib:/opt/ros/humble/lib/x86_64-linux-gnu:/opt/ros/humble/lib:/opt/MVS/lib/64:/opt/MVS/lib/32:/opt/MVS/lib/64:/opt/MVS/lib/32:/opt/MVS/lib/64:/opt/MVS/lib/32 PYTHONPATH=/home/yy/sight/pfa-nav/install/rmoss_interfaces/local/lib/python3.10/dist-packages:${PYTHONPATH} /usr/bin/cmake --build /home/yy/sight/pfa-nav/build/rmoss_cam -- -j20 -l20
[1.033s] Invoking command in '/home/yy/sight/pfa-nav/build/rmoss_cam': AMENT_PREFIX_PATH=/home/yy/sight/pfa-nav/install/rmoss_util:/home/yy/sight/pfa-nav/install/rmoss_interfaces:${AMENT_PREFIX_PATH} CMAKE_PREFIX_PATH=/home/yy/sight/pfa-nav/install/rmoss_util:/home/yy/sight/pfa-nav/install/rmoss_interfaces:/opt/ros/humble LD_LIBRARY_PATH=/home/yy/sight/pfa-nav/install/rmoss_util/lib:/home/yy/sight/pfa-nav/install/rmoss_interfaces/lib:/usr/lib/x86_64-linux-gnu/gazebo-11/plugins:/opt/ros/humble/opt/rviz_ogre_vendor/lib:/opt/ros/humble/lib/x86_64-linux-gnu:/opt/ros/humble/lib:/opt/MVS/lib/64:/opt/MVS/lib/32:/opt/MVS/lib/64:/opt/MVS/lib/32:/opt/MVS/lib/64:/opt/MVS/lib/32 PYTHONPATH=/home/yy/sight/pfa-nav/install/rmoss_interfaces/local/lib/python3.10/dist-packages:${PYTHONPATH} /usr/bin/cmake --install /home/yy/sight/pfa-nav/build/rmoss_cam
[1.039s] -- Install configuration: "Release"
[1.039s] -- Execute custom install script
[1.039s] -- Up-to-date symlink: /home/yy/sight/pfa-nav/install/rmoss_cam/lib/rmoss_cam/usb_cam
[1.040s] -- Up-to-date symlink: /home/yy/sight/pfa-nav/install/rmoss_cam/lib/rmoss_cam/virtual_cam
[1.040s] -- Up-to-date symlink: /home/yy/sight/pfa-nav/install/rmoss_cam/lib/rmoss_cam/image_task_demo
[1.040s] -- Up-to-date symlink: /home/yy/sight/pfa-nav/install/rmoss_cam/include/rmoss_cam/cam_client.hpp
[1.040s] -- Up-to-date symlink: /home/yy/sight/pfa-nav/install/rmoss_cam/include/rmoss_cam/cam_interface.hpp
[1.040s] -- Up-to-date symlink: /home/yy/sight/pfa-nav/install/rmoss_cam/include/rmoss_cam/cam_server.hpp
[1.040s] -- Up-to-date symlink: /home/yy/sight/pfa-nav/install/rmoss_cam/include/rmoss_cam/image_task_demo_node.hpp
[1.040s] -- Up-to-date symlink: /home/yy/sight/pfa-nav/install/rmoss_cam/include/rmoss_cam/usb_cam.hpp
[1.041s] -- Up-to-date symlink: /home/yy/sight/pfa-nav/install/rmoss_cam/include/rmoss_cam/usb_cam_node.hpp
[1.041s] -- Up-to-date symlink: /home/yy/sight/pfa-nav/install/rmoss_cam/include/rmoss_cam/virtual_cam.hpp
[1.041s] -- Up-to-date symlink: /home/yy/sight/pfa-nav/install/rmoss_cam/include/rmoss_cam/virtual_cam_node.hpp
[1.041s] -- Up-to-date symlink: /home/yy/sight/pfa-nav/install/rmoss_cam/lib/rmoss_cam/benchmark_test
[1.041s] -- Up-to-date symlink: /home/yy/sight/pfa-nav/install/rmoss_cam/share/rmoss_cam/launch/benchmark.launch.py
[1.041s] -- Up-to-date symlink: /home/yy/sight/pfa-nav/install/rmoss_cam/share/rmoss_cam/launch/composition.launch.py
[1.041s] -- Up-to-date symlink: /home/yy/sight/pfa-nav/install/rmoss_cam/share/rmoss_cam/launch/usb_cam.launch.py
[1.041s] -- Up-to-date symlink: /home/yy/sight/pfa-nav/install/rmoss_cam/share/rmoss_cam/launch/virtual_image_cam.launch.py
[1.041s] -- Up-to-date symlink: /home/yy/sight/pfa-nav/install/rmoss_cam/share/rmoss_cam/resource/image_cam_calibration.yaml
[1.041s] -- Up-to-date symlink: /home/yy/sight/pfa-nav/install/rmoss_cam/share/rmoss_cam/resource/test.jpg
[1.042s] -- Up-to-date symlink: /home/yy/sight/pfa-nav/install/rmoss_cam/share/rmoss_cam/config/cam_params.yaml
[1.042s] -- Up-to-date symlink: /home/yy/sight/pfa-nav/install/rmoss_cam/share/rmoss_cam/scripts/task_client.py
[1.042s] -- Up-to-date symlink: /home/yy/sight/pfa-nav/install/rmoss_cam/share/ament_index/resource_index/package_run_dependencies/rmoss_cam
[1.042s] -- Up-to-date symlink: /home/yy/sight/pfa-nav/install/rmoss_cam/share/ament_index/resource_index/parent_prefix_path/rmoss_cam
[1.042s] -- Up-to-date symlink: /home/yy/sight/pfa-nav/install/rmoss_cam/share/rmoss_cam/environment/ament_prefix_path.sh
[1.042s] -- Up-to-date symlink: /home/yy/sight/pfa-nav/install/rmoss_cam/share/rmoss_cam/environment/ament_prefix_path.dsv
[1.042s] -- Up-to-date symlink: /home/yy/sight/pfa-nav/install/rmoss_cam/share/rmoss_cam/environment/path.sh
[1.042s] -- Up-to-date symlink: /home/yy/sight/pfa-nav/install/rmoss_cam/share/rmoss_cam/environment/path.dsv
[1.042s] -- Up-to-date symlink: /home/yy/sight/pfa-nav/install/rmoss_cam/share/rmoss_cam/local_setup.bash
[1.042s] -- Up-to-date symlink: /home/yy/sight/pfa-nav/install/rmoss_cam/share/rmoss_cam/local_setup.sh
[1.042s] -- Up-to-date symlink: /home/yy/sight/pfa-nav/install/rmoss_cam/share/rmoss_cam/local_setup.zsh
[1.042s] -- Up-to-date symlink: /home/yy/sight/pfa-nav/install/rmoss_cam/share/rmoss_cam/local_setup.dsv
[1.042s] -- Symlinking: /home/yy/sight/pfa-nav/install/rmoss_cam/share/rmoss_cam/package.dsv
[1.047s] -- Up-to-date symlink: /home/yy/sight/pfa-nav/install/rmoss_cam/share/ament_index/resource_index/packages/rmoss_cam
[1.047s] -- Up-to-date symlink: /home/yy/sight/pfa-nav/install/rmoss_cam/share/ament_index/resource_index/rclcpp_components/rmoss_cam
[1.047s] -- Up-to-date symlink: /home/yy/sight/pfa-nav/install/rmoss_cam/share/rmoss_cam/cmake/ament_cmake_export_targets-extras.cmake
[1.047s] -- Up-to-date symlink: /home/yy/sight/pfa-nav/install/rmoss_cam/share/rmoss_cam/cmake/ament_cmake_export_dependencies-extras.cmake
[1.047s] -- Up-to-date symlink: /home/yy/sight/pfa-nav/install/rmoss_cam/share/rmoss_cam/cmake/rmoss_camConfig.cmake
[1.047s] -- Up-to-date symlink: /home/yy/sight/pfa-nav/install/rmoss_cam/share/rmoss_cam/cmake/rmoss_camConfig-version.cmake
[1.047s] -- Up-to-date symlink: /home/yy/sight/pfa-nav/install/rmoss_cam/share/rmoss_cam/package.xml
[1.048s] -- Installing: /home/yy/sight/pfa-nav/install/rmoss_cam/lib/librmoss_cam.so
[1.048s] -- Set runtime path of "/home/yy/sight/pfa-nav/install/rmoss_cam/lib/librmoss_cam.so" to ""
[1.049s] -- Installing: /home/yy/sight/pfa-nav/install/rmoss_cam/lib/libusb_cam_component.so
[1.049s] -- Set runtime path of "/home/yy/sight/pfa-nav/install/rmoss_cam/lib/libusb_cam_component.so" to ""
[1.050s] -- Installing: /home/yy/sight/pfa-nav/install/rmoss_cam/lib/libvirtual_cam_component.so
[1.050s] -- Set runtime path of "/home/yy/sight/pfa-nav/install/rmoss_cam/lib/libvirtual_cam_component.so" to ""
[1.050s] -- Installing: /home/yy/sight/pfa-nav/install/rmoss_cam/lib/libimage_task_demo_component.so
[1.051s] -- Set runtime path of "/home/yy/sight/pfa-nav/install/rmoss_cam/lib/libimage_task_demo_component.so" to ""
[1.051s] -- Up-to-date: /home/yy/sight/pfa-nav/install/rmoss_cam/share/rmoss_cam/cmake/export_rmoss_camExport.cmake
[1.051s] -- Up-to-date: /home/yy/sight/pfa-nav/install/rmoss_cam/share/rmoss_cam/cmake/export_rmoss_camExport-release.cmake
[1.052s] Invoked command in '/home/yy/sight/pfa-nav/build/rmoss_cam' returned '0': AMENT_PREFIX_PATH=/home/yy/sight/pfa-nav/install/rmoss_util:/home/yy/sight/pfa-nav/install/rmoss_interfaces:${AMENT_PREFIX_PATH} CMAKE_PREFIX_PATH=/home/yy/sight/pfa-nav/install/rmoss_util:/home/yy/sight/pfa-nav/install/rmoss_interfaces:/opt/ros/humble LD_LIBRARY_PATH=/home/yy/sight/pfa-nav/install/rmoss_util/lib:/home/yy/sight/pfa-nav/install/rmoss_interfaces/lib:/usr/lib/x86_64-linux-gnu/gazebo-11/plugins:/opt/ros/humble/opt/rviz_ogre_vendor/lib:/opt/ros/humble/lib/x86_64-linux-gnu:/opt/ros/humble/lib:/opt/MVS/lib/64:/opt/MVS/lib/32:/opt/MVS/lib/64:/opt/MVS/lib/32:/opt/MVS/lib/64:/opt/MVS/lib/32 PYTHONPATH=/home/yy/sight/pfa-nav/install/rmoss_interfaces/local/lib/python3.10/dist-packages:${PYTHONPATH} /usr/bin/cmake --install /home/yy/sight/pfa-nav/build/rmoss_cam
