-- Found ament_cmake: 1.3.12 (/opt/ros/humble/share/ament_cmake/cmake)
-- Override CMake install command with custom implementation using symlinks instead of copying resources
-- Found geometry_msgs: 4.9.0 (/opt/ros/humble/share/geometry_msgs/cmake)
-- Found rosidl_generator_c: 3.1.7 (/opt/ros/humble/share/rosidl_generator_c/cmake)
-- Found rosidl_adapter: 3.1.7 (/opt/ros/humble/share/rosidl_adapter/cmake)
-- Found rosidl_generator_cpp: 3.1.7 (/opt/ros/humble/share/rosidl_generator_cpp/cmake)
-- Using all available rosidl_typesupport_c: rosidl_typesupport_fastrtps_c;rosidl_typesupport_introspection_c
-- Using all available rosidl_typesupport_cpp: rosidl_typesupport_fastrtps_cpp;rosidl_typesupport_introspection_cpp
-- Found visualization_msgs: 4.9.0 (/opt/ros/humble/share/visualization_msgs/cmake)
-- Found interactive_markers: 2.3.2 (/opt/ros/humble/share/interactive_markers/cmake)
-- Found rmw_implementation_cmake: 6.1.2 (/opt/ros/humble/share/rmw_implementation_cmake/cmake)
-- Found rmw_fastrtps_cpp: 6.2.9 (/opt/ros/humble/share/rmw_fastrtps_cpp/cmake)
-- Using RMW implementation 'rmw_fastrtps_cpp' as default
-- Found nav2_msgs: 1.1.19 (/opt/ros/humble/share/nav2_msgs/cmake)
-- Found rclcpp_action: 16.0.15 (/opt/ros/humble/share/rclcpp_action/cmake)
-- Found rclcpp_components: 16.0.15 (/opt/ros/humble/share/rclcpp_components/cmake)
-- Found rviz_common: 11.2.22 (/opt/ros/humble/share/rviz_common/cmake)
-- Setting assimp_DIR to: '/opt/ros/humble/share/rviz_assimp_vendor/cmake/../../../opt/rviz_assimp_vendor/lib/cmake/assimp-4.1'
-- Setting OGRE_DIR to: '/opt/ros/humble/share/rviz_ogre_vendor/cmake/../../../opt/rviz_ogre_vendor/lib/OGRE/cmake'
-- Found OGRE
--   static     : OFF
--   components : HLMS;MeshLodGenerator;Overlay;Paging;Property;RTShaderSystem;Terrain;Volume
--   plugins    : Plugin_BSPSceneManager;Plugin_OctreeSceneManager;Plugin_PCZSceneManager;Plugin_ParticleFX;RenderSystem_GL;RenderSystem_GL3Plus;Codec_STBI
--   media      : /opt/ros/humble/opt/rviz_ogre_vendor/share/OGRE/Media
-- OGRE_LIBRARIES: OgreHLMS;OgreMeshLodGenerator;OgreOverlay;OgrePaging;OgreProperty;OgreRTShaderSystem;OgreTerrain;OgreVolume;OgreMain
-- OGRE_LIBRARY_DIRS: /opt/ros/humble/opt/rviz_ogre_vendor/lib
-- OGRE_PLUGINS: Plugin_BSPSceneManager;Plugin_OctreeSceneManager;Plugin_PCZSceneManager;Plugin_ParticleFX;RenderSystem_GL;RenderSystem_GL3Plus;Codec_STBI
-- OGRE_PLUGIN_DIR: /opt/ros/humble/opt/rviz_ogre_vendor/lib/OGRE
-- rviz_ogre_vendor::OgreOverlay for IMPORTED_LOCATION_RELEASE: /opt/ros/humble/opt/rviz_ogre_vendor/lib/libOgreOverlay.so
-- rviz_ogre_vendor::OgreOverlay for IMPORTED_LOCATION_DEBUG: /opt/ros/humble/opt/rviz_ogre_vendor/lib/libOgreOverlay.so
-- rviz_ogre_vendor::OgreMain for IMPORTED_LOCATION_RELEASE: /opt/ros/humble/opt/rviz_ogre_vendor/lib/libOgreMain.so
-- rviz_ogre_vendor::OgreMain for IMPORTED_LOCATION_DEBUG: /opt/ros/humble/opt/rviz_ogre_vendor/lib/libOgreMain.so
-- library: /usr/lib/x86_64-linux-gnu/libcurl.so
-- Ensuring Eigen3 include directory is part of orocos-kdl CMake target
-- Found rviz_default_plugins: 11.2.22 (/opt/ros/humble/share/rviz_default_plugins/cmake)
-- Found rosidl_default_generators: 1.2.0 (/opt/ros/humble/share/rosidl_default_generators/cmake)
-- Found ament_cmake_ros: 0.10.0 (/opt/ros/humble/share/ament_cmake_ros/cmake)
-- Using all available rosidl_typesupport_c: rosidl_typesupport_fastrtps_c;rosidl_typesupport_introspection_c
-- Using all available rosidl_typesupport_cpp: rosidl_typesupport_fastrtps_cpp;rosidl_typesupport_introspection_cpp
-- Found python_cmake_module: 0.10.0 (/opt/ros/humble/share/python_cmake_module/cmake)
-- Using PYTHON_EXECUTABLE: /usr/bin/python3
-- Using PYTHON_INCLUDE_DIRS: /usr/include/python3.10
-- Using PYTHON_LIBRARIES: /usr/lib/x86_64-linux-gnu/libpython3.10.so
-- Found ament_lint_auto: 0.12.14 (/opt/ros/humble/share/ament_lint_auto/cmake)
-- Added test 'cppcheck' to perform static code analysis on C / C++ code
-- Configured cppcheck include dirs: /home/yy/sight/pfa-nav/src/wp_map_tools/include
-- Configured cppcheck exclude dirs and/or files: 
-- Added test 'flake8' to check Python code syntax and style conventions
-- Added test 'lint_cmake' to check CMake code style
-- Added test 'pep257' to check Python code against some of the docstring style conventions in PEP 257
-- Added test 'uncrustify' to check C / C++ code style
-- Configured uncrustify additional arguments: 
-- Added test 'xmllint' to check XML markup files
-- Configuring done
-- Generating done
-- Build files have been written to: /home/yy/sight/pfa-nav/build/wp_map_tools
[35m[1mConsolidate compiler generated dependencies of target wp_map_tools__rosidl_generator_c[0m
[  1%] Built target wp_map_tools__cpp
[  8%] Built target wp_map_tools__rosidl_generator_c
[  8%] Built target ament_cmake_python_symlink_wp_map_tools
[35m[1mConsolidate compiler generated dependencies of target wp_map_tools__rosidl_typesupport_c[0m
[35m[1mConsolidate compiler generated dependencies of target wp_map_tools__rosidl_typesupport_introspection_c[0m
[35m[1mConsolidate compiler generated dependencies of target wp_map_tools__rosidl_typesupport_fastrtps_cpp[0m
[35m[1mConsolidate compiler generated dependencies of target wp_map_tools__rosidl_typesupport_cpp[0m
[35m[1mConsolidate compiler generated dependencies of target wp_map_tools__rosidl_typesupport_fastrtps_c[0m
[35m[1mConsolidate compiler generated dependencies of target wp_map_tools__rosidl_typesupport_introspection_cpp[0m
[ 23%] Built target wp_map_tools__rosidl_typesupport_c
[ 23%] Built target wp_map_tools__rosidl_typesupport_introspection_c
[ 31%] Built target wp_map_tools__rosidl_typesupport_fastrtps_c
[ 38%] Built target wp_map_tools__rosidl_typesupport_fastrtps_cpp
[ 52%] Built target wp_map_tools__rosidl_typesupport_cpp
[ 53%] Built target wp_map_tools__rosidl_typesupport_introspection_cpp
[ 56%] [34m[1mAutomatic MOC for target wp_navi_server[0m
[ 56%] [34m[1mAutomatic MOC for target wp_edit_node[0m
[ 56%] Built target wp_map_tools
[ 58%] [34m[1mAutomatic MOC for target wp_map_plugins[0m
[ 59%] [34m[1mAutomatic MOC for target demo_navi_waypoint[0m
[ 61%] [34m[1mAutomatic MOC for target wp_saver[0m
[ 61%] Built target wp_navi_server_autogen
[ 61%] Built target wp_saver_autogen
[ 61%] Built target demo_navi_waypoint_autogen
[ 62%] Built target wp_map_tools__py
[ 62%] Built target wp_edit_node_autogen
[ 62%] Built target wp_map_plugins_autogen
[35m[1mConsolidate compiler generated dependencies of target wp_navi_server[0m
[35m[1mConsolidate compiler generated dependencies of target wp_map_tools__rosidl_generator_py[0m
[35m[1mConsolidate compiler generated dependencies of target wp_saver[0m
[35m[1mConsolidate compiler generated dependencies of target demo_navi_waypoint[0m
[35m[1mConsolidate compiler generated dependencies of target wp_edit_node[0m
[35m[1mConsolidate compiler generated dependencies of target wp_map_plugins[0m
[ 64%] [32m[1mLinking CXX executable wp_navi_server[0m
[ 70%] Built target wp_map_tools__rosidl_generator_py
[ 74%] Built target demo_navi_waypoint
[ 79%] Built target wp_saver
[ 80%] [32m[1mLinking CXX executable wp_edit_node[0m
[35m[1mConsolidate compiler generated dependencies of target wp_map_tools__rosidl_typesupport_introspection_c__pyext[0m
[ 82%] [32mBuilding CXX object CMakeFiles/wp_map_plugins.dir/src/add_waypoint_tool.cpp.o[0m
[35m[1mConsolidate compiler generated dependencies of target wp_map_tools__rosidl_typesupport_fastrtps_c__pyext[0m
[35m[1mConsolidate compiler generated dependencies of target wp_map_tools__rosidl_typesupport_c__pyext[0m
[ 85%] Built target wp_map_tools__rosidl_typesupport_introspection_c__pyext
[ 88%] Built target wp_map_tools__rosidl_typesupport_fastrtps_c__pyext
[ 91%] Built target wp_map_tools__rosidl_typesupport_c__pyext
running egg_info
writing wp_map_tools.egg-info/PKG-INFO
writing dependency_links to wp_map_tools.egg-info/dependency_links.txt
writing top-level names to wp_map_tools.egg-info/top_level.txt
reading manifest file 'wp_map_tools.egg-info/SOURCES.txt'
writing manifest file 'wp_map_tools.egg-info/SOURCES.txt'
[ 91%] Built target ament_cmake_python_build_wp_map_tools_egg
[ 94%] Built target wp_navi_server
[ 97%] Built target wp_edit_node
In file included from [01m[K/home/yy/sight/pfa-nav/src/wp_map_tools/include/wp_map_tools/add_waypoint_tool.hpp:17[m[K,
                 from [01m[K/home/yy/sight/pfa-nav/src/wp_map_tools/src/add_waypoint_tool.cpp:36[m[K:
[01m[K/opt/ros/humble/include/tf2_geometry_msgs/tf2_geometry_msgs/tf2_geometry_msgs.h:35:2:[m[K [01;35m[Kwarning: [m[K#warning This header is obsolete, please include tf2_geometry_msgs/tf2_geometry_msgs.hpp instead [[01;35m[K]8;;https://gcc.gnu.org/onlinedocs/gcc/Warning-Options.html#index-Wcpp-Wcpp]8;;[m[K]
   35 | #[01;35m[Kwarning[m[K This header is obsolete, please include tf2_geometry_msgs/tf2_geometry_msgs.hpp instead
      |  [01;35m[K^~~~~~~[m[K
[ 98%] [32m[1mLinking CXX shared library libwp_map_plugins.so[0m
[100%] Built target wp_map_plugins
-- Install configuration: "Release"
-- Execute custom install script
-- Up-to-date symlink: /home/yy/sight/pfa-nav/install/wp_map_tools/share/ament_index/resource_index/rosidl_interfaces/wp_map_tools
-- Up-to-date symlink: /home/yy/sight/pfa-nav/install/wp_map_tools/include/wp_map_tools/wp_map_tools/msg/detail/waypoint__functions.h
-- Up-to-date symlink: /home/yy/sight/pfa-nav/install/wp_map_tools/include/wp_map_tools/wp_map_tools/msg/detail/waypoint__struct.h
-- Up-to-date symlink: /home/yy/sight/pfa-nav/install/wp_map_tools/include/wp_map_tools/wp_map_tools/msg/detail/waypoint__type_support.h
-- Up-to-date symlink: /home/yy/sight/pfa-nav/install/wp_map_tools/include/wp_map_tools/wp_map_tools/msg/rosidl_generator_c__visibility_control.h
-- Up-to-date symlink: /home/yy/sight/pfa-nav/install/wp_map_tools/include/wp_map_tools/wp_map_tools/msg/waypoint.h
-- Up-to-date symlink: /home/yy/sight/pfa-nav/install/wp_map_tools/include/wp_map_tools/wp_map_tools/srv/detail/get_waypoint_by_name__functions.h
-- Up-to-date symlink: /home/yy/sight/pfa-nav/install/wp_map_tools/include/wp_map_tools/wp_map_tools/srv/detail/get_waypoint_by_name__struct.h
-- Up-to-date symlink: /home/yy/sight/pfa-nav/install/wp_map_tools/include/wp_map_tools/wp_map_tools/srv/detail/get_waypoint_by_name__type_support.h
-- Up-to-date symlink: /home/yy/sight/pfa-nav/install/wp_map_tools/include/wp_map_tools/wp_map_tools/srv/detail/save_waypoints__functions.h
-- Up-to-date symlink: /home/yy/sight/pfa-nav/install/wp_map_tools/include/wp_map_tools/wp_map_tools/srv/detail/save_waypoints__struct.h
-- Up-to-date symlink: /home/yy/sight/pfa-nav/install/wp_map_tools/include/wp_map_tools/wp_map_tools/srv/detail/save_waypoints__type_support.h
-- Up-to-date symlink: /home/yy/sight/pfa-nav/install/wp_map_tools/include/wp_map_tools/wp_map_tools/srv/get_waypoint_by_name.h
-- Up-to-date symlink: /home/yy/sight/pfa-nav/install/wp_map_tools/include/wp_map_tools/wp_map_tools/srv/save_waypoints.h
-- Up-to-date symlink: /home/yy/sight/pfa-nav/install/wp_map_tools/share/wp_map_tools/environment/library_path.sh
-- Up-to-date symlink: /home/yy/sight/pfa-nav/install/wp_map_tools/share/wp_map_tools/environment/library_path.dsv
-- Up-to-date symlink: /home/yy/sight/pfa-nav/install/wp_map_tools/include/wp_map_tools/wp_map_tools/msg/detail/waypoint__rosidl_typesupport_fastrtps_c.h
-- Up-to-date symlink: /home/yy/sight/pfa-nav/install/wp_map_tools/include/wp_map_tools/wp_map_tools/msg/rosidl_typesupport_fastrtps_c__visibility_control.h
-- Up-to-date symlink: /home/yy/sight/pfa-nav/install/wp_map_tools/include/wp_map_tools/wp_map_tools/srv/detail/get_waypoint_by_name__rosidl_typesupport_fastrtps_c.h
-- Up-to-date symlink: /home/yy/sight/pfa-nav/install/wp_map_tools/include/wp_map_tools/wp_map_tools/srv/detail/save_waypoints__rosidl_typesupport_fastrtps_c.h
-- Up-to-date symlink: /home/yy/sight/pfa-nav/install/wp_map_tools/include/wp_map_tools/wp_map_tools/msg/detail/waypoint__builder.hpp
-- Up-to-date symlink: /home/yy/sight/pfa-nav/install/wp_map_tools/include/wp_map_tools/wp_map_tools/msg/detail/waypoint__struct.hpp
-- Up-to-date symlink: /home/yy/sight/pfa-nav/install/wp_map_tools/include/wp_map_tools/wp_map_tools/msg/detail/waypoint__traits.hpp
-- Up-to-date symlink: /home/yy/sight/pfa-nav/install/wp_map_tools/include/wp_map_tools/wp_map_tools/msg/detail/waypoint__type_support.hpp
-- Up-to-date symlink: /home/yy/sight/pfa-nav/install/wp_map_tools/include/wp_map_tools/wp_map_tools/msg/rosidl_generator_cpp__visibility_control.hpp
-- Up-to-date symlink: /home/yy/sight/pfa-nav/install/wp_map_tools/include/wp_map_tools/wp_map_tools/msg/waypoint.hpp
-- Up-to-date symlink: /home/yy/sight/pfa-nav/install/wp_map_tools/include/wp_map_tools/wp_map_tools/srv/detail/get_waypoint_by_name__builder.hpp
-- Up-to-date symlink: /home/yy/sight/pfa-nav/install/wp_map_tools/include/wp_map_tools/wp_map_tools/srv/detail/get_waypoint_by_name__struct.hpp
-- Up-to-date symlink: /home/yy/sight/pfa-nav/install/wp_map_tools/include/wp_map_tools/wp_map_tools/srv/detail/get_waypoint_by_name__traits.hpp
-- Up-to-date symlink: /home/yy/sight/pfa-nav/install/wp_map_tools/include/wp_map_tools/wp_map_tools/srv/detail/get_waypoint_by_name__type_support.hpp
-- Up-to-date symlink: /home/yy/sight/pfa-nav/install/wp_map_tools/include/wp_map_tools/wp_map_tools/srv/detail/save_waypoints__builder.hpp
-- Up-to-date symlink: /home/yy/sight/pfa-nav/install/wp_map_tools/include/wp_map_tools/wp_map_tools/srv/detail/save_waypoints__struct.hpp
-- Up-to-date symlink: /home/yy/sight/pfa-nav/install/wp_map_tools/include/wp_map_tools/wp_map_tools/srv/detail/save_waypoints__traits.hpp
-- Up-to-date symlink: /home/yy/sight/pfa-nav/install/wp_map_tools/include/wp_map_tools/wp_map_tools/srv/detail/save_waypoints__type_support.hpp
-- Up-to-date symlink: /home/yy/sight/pfa-nav/install/wp_map_tools/include/wp_map_tools/wp_map_tools/srv/get_waypoint_by_name.hpp
-- Up-to-date symlink: /home/yy/sight/pfa-nav/install/wp_map_tools/include/wp_map_tools/wp_map_tools/srv/save_waypoints.hpp
-- Up-to-date symlink: /home/yy/sight/pfa-nav/install/wp_map_tools/include/wp_map_tools/wp_map_tools/msg/detail/waypoint__rosidl_typesupport_fastrtps_cpp.hpp
-- Up-to-date symlink: /home/yy/sight/pfa-nav/install/wp_map_tools/include/wp_map_tools/wp_map_tools/msg/rosidl_typesupport_fastrtps_cpp__visibility_control.h
-- Up-to-date symlink: /home/yy/sight/pfa-nav/install/wp_map_tools/include/wp_map_tools/wp_map_tools/srv/detail/get_waypoint_by_name__rosidl_typesupport_fastrtps_cpp.hpp
-- Up-to-date symlink: /home/yy/sight/pfa-nav/install/wp_map_tools/include/wp_map_tools/wp_map_tools/srv/detail/save_waypoints__rosidl_typesupport_fastrtps_cpp.hpp
-- Up-to-date symlink: /home/yy/sight/pfa-nav/install/wp_map_tools/include/wp_map_tools/wp_map_tools/msg/detail/waypoint__rosidl_typesupport_introspection_c.h
-- Up-to-date symlink: /home/yy/sight/pfa-nav/install/wp_map_tools/include/wp_map_tools/wp_map_tools/msg/rosidl_typesupport_introspection_c__visibility_control.h
-- Up-to-date symlink: /home/yy/sight/pfa-nav/install/wp_map_tools/include/wp_map_tools/wp_map_tools/srv/detail/get_waypoint_by_name__rosidl_typesupport_introspection_c.h
-- Up-to-date symlink: /home/yy/sight/pfa-nav/install/wp_map_tools/include/wp_map_tools/wp_map_tools/srv/detail/save_waypoints__rosidl_typesupport_introspection_c.h
-- Up-to-date symlink: /home/yy/sight/pfa-nav/install/wp_map_tools/include/wp_map_tools/wp_map_tools/msg/detail/waypoint__rosidl_typesupport_introspection_cpp.hpp
-- Up-to-date symlink: /home/yy/sight/pfa-nav/install/wp_map_tools/include/wp_map_tools/wp_map_tools/srv/detail/get_waypoint_by_name__rosidl_typesupport_introspection_cpp.hpp
-- Up-to-date symlink: /home/yy/sight/pfa-nav/install/wp_map_tools/include/wp_map_tools/wp_map_tools/srv/detail/save_waypoints__rosidl_typesupport_introspection_cpp.hpp
-- Up-to-date symlink: /home/yy/sight/pfa-nav/install/wp_map_tools/share/wp_map_tools/environment/pythonpath.sh
-- Up-to-date symlink: /home/yy/sight/pfa-nav/install/wp_map_tools/share/wp_map_tools/environment/pythonpath.dsv
-- Up-to-date symlink: /home/yy/sight/pfa-nav/install/wp_map_tools/local/lib/python3.10/dist-packages/wp_map_tools-1.0.0-py3.10.egg-info/PKG-INFO
-- Up-to-date symlink: /home/yy/sight/pfa-nav/install/wp_map_tools/local/lib/python3.10/dist-packages/wp_map_tools-1.0.0-py3.10.egg-info/SOURCES.txt
-- Up-to-date symlink: /home/yy/sight/pfa-nav/install/wp_map_tools/local/lib/python3.10/dist-packages/wp_map_tools-1.0.0-py3.10.egg-info/dependency_links.txt
-- Up-to-date symlink: /home/yy/sight/pfa-nav/install/wp_map_tools/local/lib/python3.10/dist-packages/wp_map_tools-1.0.0-py3.10.egg-info/top_level.txt
-- Up-to-date symlink: /home/yy/sight/pfa-nav/install/wp_map_tools/local/lib/python3.10/dist-packages/wp_map_tools/__init__.py
-- Up-to-date symlink: /home/yy/sight/pfa-nav/install/wp_map_tools/local/lib/python3.10/dist-packages/wp_map_tools/_wp_map_tools_s.ep.rosidl_typesupport_c.c
-- Up-to-date symlink: /home/yy/sight/pfa-nav/install/wp_map_tools/local/lib/python3.10/dist-packages/wp_map_tools/_wp_map_tools_s.ep.rosidl_typesupport_fastrtps_c.c
-- Up-to-date symlink: /home/yy/sight/pfa-nav/install/wp_map_tools/local/lib/python3.10/dist-packages/wp_map_tools/_wp_map_tools_s.ep.rosidl_typesupport_introspection_c.c
-- Up-to-date symlink: /home/yy/sight/pfa-nav/install/wp_map_tools/local/lib/python3.10/dist-packages/wp_map_tools/libwp_map_tools__rosidl_generator_py.so
-- Up-to-date symlink: /home/yy/sight/pfa-nav/install/wp_map_tools/local/lib/python3.10/dist-packages/wp_map_tools/msg/__init__.py
-- Up-to-date symlink: /home/yy/sight/pfa-nav/install/wp_map_tools/local/lib/python3.10/dist-packages/wp_map_tools/msg/_waypoint.py
-- Up-to-date symlink: /home/yy/sight/pfa-nav/install/wp_map_tools/local/lib/python3.10/dist-packages/wp_map_tools/msg/_waypoint_s.c
-- Up-to-date symlink: /home/yy/sight/pfa-nav/install/wp_map_tools/local/lib/python3.10/dist-packages/wp_map_tools/srv/__init__.py
-- Up-to-date symlink: /home/yy/sight/pfa-nav/install/wp_map_tools/local/lib/python3.10/dist-packages/wp_map_tools/srv/_get_waypoint_by_name.py
-- Up-to-date symlink: /home/yy/sight/pfa-nav/install/wp_map_tools/local/lib/python3.10/dist-packages/wp_map_tools/srv/_get_waypoint_by_name_s.c
-- Up-to-date symlink: /home/yy/sight/pfa-nav/install/wp_map_tools/local/lib/python3.10/dist-packages/wp_map_tools/srv/_save_waypoints.py
-- Up-to-date symlink: /home/yy/sight/pfa-nav/install/wp_map_tools/local/lib/python3.10/dist-packages/wp_map_tools/srv/_save_waypoints_s.c
-- Up-to-date symlink: /home/yy/sight/pfa-nav/install/wp_map_tools/local/lib/python3.10/dist-packages/wp_map_tools/wp_map_tools_s__rosidl_typesupport_c.cpython-310-x86_64-linux-gnu.so
-- Up-to-date symlink: /home/yy/sight/pfa-nav/install/wp_map_tools/local/lib/python3.10/dist-packages/wp_map_tools/wp_map_tools_s__rosidl_typesupport_fastrtps_c.cpython-310-x86_64-linux-gnu.so
-- Up-to-date symlink: /home/yy/sight/pfa-nav/install/wp_map_tools/local/lib/python3.10/dist-packages/wp_map_tools/wp_map_tools_s__rosidl_typesupport_introspection_c.cpython-310-x86_64-linux-gnu.so
-- Up-to-date symlink: /home/yy/sight/pfa-nav/install/wp_map_tools/local/lib/python3.10/dist-packages/wp_map_tools/wp_map_tools_s__rosidl_typesupport_fastrtps_c.cpython-310-x86_64-linux-gnu.so
-- Up-to-date symlink: /home/yy/sight/pfa-nav/install/wp_map_tools/local/lib/python3.10/dist-packages/wp_map_tools/wp_map_tools_s__rosidl_typesupport_introspection_c.cpython-310-x86_64-linux-gnu.so
-- Up-to-date symlink: /home/yy/sight/pfa-nav/install/wp_map_tools/local/lib/python3.10/dist-packages/wp_map_tools/wp_map_tools_s__rosidl_typesupport_c.cpython-310-x86_64-linux-gnu.so
-- Up-to-date symlink: /home/yy/sight/pfa-nav/install/wp_map_tools/share/wp_map_tools/msg/Waypoint.idl
-- Up-to-date symlink: /home/yy/sight/pfa-nav/install/wp_map_tools/share/wp_map_tools/srv/SaveWaypoints.idl
-- Up-to-date symlink: /home/yy/sight/pfa-nav/install/wp_map_tools/share/wp_map_tools/srv/GetWaypointByName.idl
-- Up-to-date symlink: /home/yy/sight/pfa-nav/install/wp_map_tools/share/wp_map_tools/msg/Waypoint.msg
-- Up-to-date symlink: /home/yy/sight/pfa-nav/install/wp_map_tools/share/wp_map_tools/srv/SaveWaypoints.srv
-- Up-to-date symlink: /home/yy/sight/pfa-nav/install/wp_map_tools/share/wp_map_tools/srv/SaveWaypoints_Request.msg
-- Up-to-date symlink: /home/yy/sight/pfa-nav/install/wp_map_tools/share/wp_map_tools/srv/SaveWaypoints_Response.msg
-- Up-to-date symlink: /home/yy/sight/pfa-nav/install/wp_map_tools/share/wp_map_tools/srv/GetWaypointByName.srv
-- Up-to-date symlink: /home/yy/sight/pfa-nav/install/wp_map_tools/share/wp_map_tools/srv/GetWaypointByName_Request.msg
-- Up-to-date symlink: /home/yy/sight/pfa-nav/install/wp_map_tools/share/wp_map_tools/srv/GetWaypointByName_Response.msg
-- Up-to-date symlink: /home/yy/sight/pfa-nav/install/wp_map_tools/share/wp_map_tools//plugins_description.xml
-- Up-to-date symlink: /home/yy/sight/pfa-nav/install/wp_map_tools/share/wp_map_tools/plugins_description.xml
-- Up-to-date symlink: /home/yy/sight/pfa-nav/install/wp_map_tools/include//wp_map_tools/add_waypoint_tool.hpp
-- Up-to-date symlink: /home/yy/sight/pfa-nav/install/wp_map_tools/share/wp_map_tools/launch/ELSE/add_waypoint_home.launch.py
-- Up-to-date symlink: /home/yy/sight/pfa-nav/install/wp_map_tools/share/wp_map_tools/launch/ELSE/marker_navigation.launch.py
-- Up-to-date symlink: /home/yy/sight/pfa-nav/install/wp_map_tools/share/wp_map_tools/launch/ELSE/navi_waypoint_home.launch.py
-- Up-to-date symlink: /home/yy/sight/pfa-nav/install/wp_map_tools/share/wp_map_tools/launch/ELSE/navi_waypoint_sim.launch.py
-- Up-to-date symlink: /home/yy/sight/pfa-nav/install/wp_map_tools/share/wp_map_tools/launch/add_waypoint_reality.launch.py
-- Up-to-date symlink: /home/yy/sight/pfa-nav/install/wp_map_tools/share/wp_map_tools/launch/add_waypoint_simulation.launch.py
-- Up-to-date symlink: /home/yy/sight/pfa-nav/install/wp_map_tools/share/wp_map_tools/meshes/charger.dae
-- Up-to-date symlink: /home/yy/sight/pfa-nav/install/wp_map_tools/share/wp_map_tools/meshes/waypoint.dae
-- Up-to-date symlink: /home/yy/sight/pfa-nav/install/wp_map_tools/share/wp_map_tools/rviz/edit.rviz
-- Up-to-date symlink: /home/yy/sight/pfa-nav/install/wp_map_tools/share/wp_map_tools/rviz/navi.rviz
-- Up-to-date symlink: /home/yy/sight/pfa-nav/install/wp_map_tools/share/wp_map_tools/msg/Waypoint.msg
-- Up-to-date symlink: /home/yy/sight/pfa-nav/install/wp_map_tools/share/wp_map_tools/srv/AddNewWaypoint.srv
-- Up-to-date symlink: /home/yy/sight/pfa-nav/install/wp_map_tools/share/wp_map_tools/srv/GetChargerByName.srv
-- Up-to-date symlink: /home/yy/sight/pfa-nav/install/wp_map_tools/share/wp_map_tools/srv/GetNumOfWaypoints.srv
-- Up-to-date symlink: /home/yy/sight/pfa-nav/install/wp_map_tools/share/wp_map_tools/srv/GetWaypointByIndex.srv
-- Up-to-date symlink: /home/yy/sight/pfa-nav/install/wp_map_tools/share/wp_map_tools/srv/GetWaypointByName.srv
-- Up-to-date symlink: /home/yy/sight/pfa-nav/install/wp_map_tools/share/wp_map_tools/srv/SaveWaypoints.srv
-- Up-to-date symlink: /home/yy/sight/pfa-nav/install/wp_map_tools/share/wp_map_tools/icons/classes/AddCharger.png
-- Up-to-date symlink: /home/yy/sight/pfa-nav/install/wp_map_tools/share/wp_map_tools/icons/classes/AddWaypointTool.png
-- Up-to-date symlink: /home/yy/sight/pfa-nav/install/wp_map_tools/lib/wp_map_tools/wp_edit_node
-- Up-to-date symlink: /home/yy/sight/pfa-nav/install/wp_map_tools/lib/wp_map_tools/wp_saver
-- Up-to-date symlink: /home/yy/sight/pfa-nav/install/wp_map_tools/lib/wp_map_tools/wp_navi_server
-- Up-to-date symlink: /home/yy/sight/pfa-nav/install/wp_map_tools/lib/wp_map_tools/demo_navi_waypoint
-- Up-to-date symlink: /home/yy/sight/pfa-nav/install/wp_map_tools/share/ament_index/resource_index/package_run_dependencies/wp_map_tools
-- Up-to-date symlink: /home/yy/sight/pfa-nav/install/wp_map_tools/share/ament_index/resource_index/parent_prefix_path/wp_map_tools
-- Up-to-date symlink: /home/yy/sight/pfa-nav/install/wp_map_tools/share/wp_map_tools/environment/ament_prefix_path.sh
-- Up-to-date symlink: /home/yy/sight/pfa-nav/install/wp_map_tools/share/wp_map_tools/environment/ament_prefix_path.dsv
-- Up-to-date symlink: /home/yy/sight/pfa-nav/install/wp_map_tools/share/wp_map_tools/environment/path.sh
-- Up-to-date symlink: /home/yy/sight/pfa-nav/install/wp_map_tools/share/wp_map_tools/environment/path.dsv
-- Up-to-date symlink: /home/yy/sight/pfa-nav/install/wp_map_tools/share/wp_map_tools/local_setup.bash
-- Up-to-date symlink: /home/yy/sight/pfa-nav/install/wp_map_tools/share/wp_map_tools/local_setup.sh
-- Up-to-date symlink: /home/yy/sight/pfa-nav/install/wp_map_tools/share/wp_map_tools/local_setup.zsh
-- Up-to-date symlink: /home/yy/sight/pfa-nav/install/wp_map_tools/share/wp_map_tools/local_setup.dsv
-- Symlinking: /home/yy/sight/pfa-nav/install/wp_map_tools/share/wp_map_tools/package.dsv
-- Up-to-date symlink: /home/yy/sight/pfa-nav/install/wp_map_tools/share/ament_index/resource_index/packages/wp_map_tools
-- Up-to-date symlink: /home/yy/sight/pfa-nav/install/wp_map_tools/share/ament_index/resource_index/rviz_common__pluginlib__plugin/wp_map_tools
-- Up-to-date symlink: /home/yy/sight/pfa-nav/install/wp_map_tools/share/wp_map_tools/cmake/ament_cmake_export_dependencies-extras.cmake
-- Up-to-date symlink: /home/yy/sight/pfa-nav/install/wp_map_tools/share/wp_map_tools/cmake/rosidl_cmake-extras.cmake
-- Up-to-date symlink: /home/yy/sight/pfa-nav/install/wp_map_tools/share/wp_map_tools/cmake/ament_cmake_export_include_directories-extras.cmake
-- Up-to-date symlink: /home/yy/sight/pfa-nav/install/wp_map_tools/share/wp_map_tools/cmake/ament_cmake_export_libraries-extras.cmake
-- Up-to-date symlink: /home/yy/sight/pfa-nav/install/wp_map_tools/share/wp_map_tools/cmake/ament_cmake_export_targets-extras.cmake
-- Up-to-date symlink: /home/yy/sight/pfa-nav/install/wp_map_tools/share/wp_map_tools/cmake/rosidl_cmake_export_typesupport_targets-extras.cmake
-- Up-to-date symlink: /home/yy/sight/pfa-nav/install/wp_map_tools/share/wp_map_tools/cmake/rosidl_cmake_export_typesupport_libraries-extras.cmake
-- Up-to-date symlink: /home/yy/sight/pfa-nav/install/wp_map_tools/share/wp_map_tools/cmake/wp_map_toolsConfig.cmake
-- Up-to-date symlink: /home/yy/sight/pfa-nav/install/wp_map_tools/share/wp_map_tools/cmake/wp_map_toolsConfig-version.cmake
-- Up-to-date symlink: /home/yy/sight/pfa-nav/install/wp_map_tools/share/wp_map_tools/package.xml
-- Up-to-date: /home/yy/sight/pfa-nav/install/wp_map_tools/lib/libwp_map_tools__rosidl_generator_c.so
-- Up-to-date: /home/yy/sight/pfa-nav/install/wp_map_tools/lib/libwp_map_tools__rosidl_typesupport_fastrtps_c.so
-- Up-to-date: /home/yy/sight/pfa-nav/install/wp_map_tools/lib/libwp_map_tools__rosidl_typesupport_fastrtps_cpp.so
-- Up-to-date: /home/yy/sight/pfa-nav/install/wp_map_tools/lib/libwp_map_tools__rosidl_typesupport_introspection_c.so
-- Up-to-date: /home/yy/sight/pfa-nav/install/wp_map_tools/lib/libwp_map_tools__rosidl_typesupport_c.so
-- Up-to-date: /home/yy/sight/pfa-nav/install/wp_map_tools/lib/libwp_map_tools__rosidl_typesupport_introspection_cpp.so
-- Up-to-date: /home/yy/sight/pfa-nav/install/wp_map_tools/lib/libwp_map_tools__rosidl_typesupport_cpp.so
Listing '/home/yy/sight/pfa-nav/install/wp_map_tools/local/lib/python3.10/dist-packages/wp_map_tools'...
Compiling '/home/yy/sight/pfa-nav/install/wp_map_tools/local/lib/python3.10/dist-packages/wp_map_tools/__init__.py'...
Listing '/home/yy/sight/pfa-nav/install/wp_map_tools/local/lib/python3.10/dist-packages/wp_map_tools/msg'...
Listing '/home/yy/sight/pfa-nav/install/wp_map_tools/local/lib/python3.10/dist-packages/wp_map_tools/srv'...
-- Up-to-date: /home/yy/sight/pfa-nav/install/wp_map_tools/lib/libwp_map_tools__rosidl_generator_py.so
-- Installing: /home/yy/sight/pfa-nav/install/wp_map_tools/lib/libwp_map_plugins.so
-- Set runtime path of "/home/yy/sight/pfa-nav/install/wp_map_tools/lib/libwp_map_plugins.so" to ""
-- Up-to-date: /home/yy/sight/pfa-nav/install/wp_map_tools/share/wp_map_tools/cmake/export_wp_map_tools__rosidl_generator_cExport.cmake
-- Up-to-date: /home/yy/sight/pfa-nav/install/wp_map_tools/share/wp_map_tools/cmake/export_wp_map_tools__rosidl_generator_cExport-release.cmake
-- Up-to-date: /home/yy/sight/pfa-nav/install/wp_map_tools/share/wp_map_tools/cmake/export_wp_map_tools__rosidl_typesupport_fastrtps_cExport.cmake
-- Up-to-date: /home/yy/sight/pfa-nav/install/wp_map_tools/share/wp_map_tools/cmake/export_wp_map_tools__rosidl_typesupport_fastrtps_cExport-release.cmake
-- Up-to-date: /home/yy/sight/pfa-nav/install/wp_map_tools/share/wp_map_tools/cmake/export_wp_map_tools__rosidl_generator_cppExport.cmake
-- Up-to-date: /home/yy/sight/pfa-nav/install/wp_map_tools/share/wp_map_tools/cmake/export_wp_map_tools__rosidl_typesupport_fastrtps_cppExport.cmake
-- Up-to-date: /home/yy/sight/pfa-nav/install/wp_map_tools/share/wp_map_tools/cmake/export_wp_map_tools__rosidl_typesupport_fastrtps_cppExport-release.cmake
-- Up-to-date: /home/yy/sight/pfa-nav/install/wp_map_tools/share/wp_map_tools/cmake/wp_map_tools__rosidl_typesupport_introspection_cExport.cmake
-- Up-to-date: /home/yy/sight/pfa-nav/install/wp_map_tools/share/wp_map_tools/cmake/wp_map_tools__rosidl_typesupport_introspection_cExport-release.cmake
-- Up-to-date: /home/yy/sight/pfa-nav/install/wp_map_tools/share/wp_map_tools/cmake/wp_map_tools__rosidl_typesupport_cExport.cmake
-- Up-to-date: /home/yy/sight/pfa-nav/install/wp_map_tools/share/wp_map_tools/cmake/wp_map_tools__rosidl_typesupport_cExport-release.cmake
-- Up-to-date: /home/yy/sight/pfa-nav/install/wp_map_tools/share/wp_map_tools/cmake/wp_map_tools__rosidl_typesupport_introspection_cppExport.cmake
-- Up-to-date: /home/yy/sight/pfa-nav/install/wp_map_tools/share/wp_map_tools/cmake/wp_map_tools__rosidl_typesupport_introspection_cppExport-release.cmake
-- Up-to-date: /home/yy/sight/pfa-nav/install/wp_map_tools/share/wp_map_tools/cmake/wp_map_tools__rosidl_typesupport_cppExport.cmake
-- Up-to-date: /home/yy/sight/pfa-nav/install/wp_map_tools/share/wp_map_tools/cmake/wp_map_tools__rosidl_typesupport_cppExport-release.cmake
-- Up-to-date: /home/yy/sight/pfa-nav/install/wp_map_tools/share/wp_map_tools/cmake/export_wp_map_tools__rosidl_generator_pyExport.cmake
-- Up-to-date: /home/yy/sight/pfa-nav/install/wp_map_tools/share/wp_map_tools/cmake/export_wp_map_tools__rosidl_generator_pyExport-release.cmake
-- Up-to-date: /home/yy/sight/pfa-nav/install/wp_map_tools/share/wp_map_tools/cmake/wp_map_pluginsExport.cmake
-- Up-to-date: /home/yy/sight/pfa-nav/install/wp_map_tools/share/wp_map_tools/cmake/wp_map_pluginsExport-release.cmake
