[0.005s] Invoking command in '/home/yy/sight/pfa-nav/build/wp_map_tools': CMAKE_PREFIX_PATH=/opt/ros/humble /usr/bin/cmake --build /home/yy/sight/pfa-nav/build/wp_map_tools -- -j20 -l20
[0.027s] -- Found ament_cmake: 1.3.12 (/opt/ros/humble/share/ament_cmake/cmake)
[0.083s] -- Override CMake install command with custom implementation using symlinks instead of copying resources
[0.086s] -- Found geometry_msgs: 4.9.0 (/opt/ros/humble/share/geometry_msgs/cmake)
[0.098s] -- Found rosidl_generator_c: 3.1.7 (/opt/ros/humble/share/rosidl_generator_c/cmake)
[0.099s] -- Found rosidl_adapter: 3.1.7 (/opt/ros/humble/share/rosidl_adapter/cmake)
[0.102s] -- Found rosidl_generator_cpp: 3.1.7 (/opt/ros/humble/share/rosidl_generator_cpp/cmake)
[0.106s] -- Using all available rosidl_typesupport_c: rosidl_typesupport_fastrtps_c;rosidl_typesupport_introspection_c
[0.111s] -- Using all available rosidl_typesupport_cpp: rosidl_typesupport_fastrtps_cpp;rosidl_typesupport_introspection_cpp
[0.128s] -- Found visualization_msgs: 4.9.0 (/opt/ros/humble/share/visualization_msgs/cmake)
[0.144s] -- Found interactive_markers: 2.3.2 (/opt/ros/humble/share/interactive_markers/cmake)
[0.156s] -- Found rmw_implementation_cmake: 6.1.2 (/opt/ros/humble/share/rmw_implementation_cmake/cmake)
[0.157s] -- Found rmw_fastrtps_cpp: 6.2.9 (/opt/ros/humble/share/rmw_fastrtps_cpp/cmake)
[0.214s] -- Using RMW implementation 'rmw_fastrtps_cpp' as default
[0.234s] -- Found nav2_msgs: 1.1.19 (/opt/ros/humble/share/nav2_msgs/cmake)
[0.262s] -- Found rclcpp_action: 16.0.15 (/opt/ros/humble/share/rclcpp_action/cmake)
[0.265s] -- Found rclcpp_components: 16.0.15 (/opt/ros/humble/share/rclcpp_components/cmake)
[0.274s] -- Found rviz_common: 11.2.22 (/opt/ros/humble/share/rviz_common/cmake)
[0.279s] -- Setting assimp_DIR to: '/opt/ros/humble/share/rviz_assimp_vendor/cmake/../../../opt/rviz_assimp_vendor/lib/cmake/assimp-4.1'
[0.285s] -- Setting OGRE_DIR to: '/opt/ros/humble/share/rviz_ogre_vendor/cmake/../../../opt/rviz_ogre_vendor/lib/OGRE/cmake'
[0.285s] -- Found OGRE
[0.285s] --   static     : OFF
[0.285s] --   components : HLMS;MeshLodGenerator;Overlay;Paging;Property;RTShaderSystem;Terrain;Volume
[0.285s] --   plugins    : Plugin_BSPSceneManager;Plugin_OctreeSceneManager;Plugin_PCZSceneManager;Plugin_ParticleFX;RenderSystem_GL;RenderSystem_GL3Plus;Codec_STBI
[0.286s] --   media      : /opt/ros/humble/opt/rviz_ogre_vendor/share/OGRE/Media
[0.286s] -- OGRE_LIBRARIES: OgreHLMS;OgreMeshLodGenerator;OgreOverlay;OgrePaging;OgreProperty;OgreRTShaderSystem;OgreTerrain;OgreVolume;OgreMain
[0.286s] -- OGRE_LIBRARY_DIRS: /opt/ros/humble/opt/rviz_ogre_vendor/lib
[0.286s] -- OGRE_PLUGINS: Plugin_BSPSceneManager;Plugin_OctreeSceneManager;Plugin_PCZSceneManager;Plugin_ParticleFX;RenderSystem_GL;RenderSystem_GL3Plus;Codec_STBI
[0.286s] -- OGRE_PLUGIN_DIR: /opt/ros/humble/opt/rviz_ogre_vendor/lib/OGRE
[0.286s] -- rviz_ogre_vendor::OgreOverlay for IMPORTED_LOCATION_RELEASE: /opt/ros/humble/opt/rviz_ogre_vendor/lib/libOgreOverlay.so
[0.286s] -- rviz_ogre_vendor::OgreOverlay for IMPORTED_LOCATION_DEBUG: /opt/ros/humble/opt/rviz_ogre_vendor/lib/libOgreOverlay.so
[0.286s] -- rviz_ogre_vendor::OgreMain for IMPORTED_LOCATION_RELEASE: /opt/ros/humble/opt/rviz_ogre_vendor/lib/libOgreMain.so
[0.286s] -- rviz_ogre_vendor::OgreMain for IMPORTED_LOCATION_DEBUG: /opt/ros/humble/opt/rviz_ogre_vendor/lib/libOgreMain.so
[0.324s] -- library: /usr/lib/x86_64-linux-gnu/libcurl.so
[0.336s] -- Ensuring Eigen3 include directory is part of orocos-kdl CMake target
[0.355s] -- Found rviz_default_plugins: 11.2.22 (/opt/ros/humble/share/rviz_default_plugins/cmake)
[0.373s] -- Found rosidl_default_generators: 1.2.0 (/opt/ros/humble/share/rosidl_default_generators/cmake)
[0.517s] -- Found ament_cmake_ros: 0.10.0 (/opt/ros/humble/share/ament_cmake_ros/cmake)
[0.706s] -- Using all available rosidl_typesupport_c: rosidl_typesupport_fastrtps_c;rosidl_typesupport_introspection_c
[0.781s] -- Using all available rosidl_typesupport_cpp: rosidl_typesupport_fastrtps_cpp;rosidl_typesupport_introspection_cpp
[0.793s] -- Found python_cmake_module: 0.10.0 (/opt/ros/humble/share/python_cmake_module/cmake)
[0.804s] -- Using PYTHON_EXECUTABLE: /usr/bin/python3
[0.804s] -- Using PYTHON_INCLUDE_DIRS: /usr/include/python3.10
[0.804s] -- Using PYTHON_LIBRARIES: /usr/lib/x86_64-linux-gnu/libpython3.10.so
[0.826s] -- Found ament_lint_auto: 0.12.14 (/opt/ros/humble/share/ament_lint_auto/cmake)
[0.832s] -- Added test 'cppcheck' to perform static code analysis on C / C++ code
[0.833s] -- Configured cppcheck include dirs: /home/yy/sight/pfa-nav/src/wp_map_tools/include
[0.833s] -- Configured cppcheck exclude dirs and/or files: 
[0.833s] -- Added test 'flake8' to check Python code syntax and style conventions
[0.833s] -- Added test 'lint_cmake' to check CMake code style
[0.833s] -- Added test 'pep257' to check Python code against some of the docstring style conventions in PEP 257
[0.834s] -- Added test 'uncrustify' to check C / C++ code style
[0.834s] -- Configured uncrustify additional arguments: 
[0.834s] -- Added test 'xmllint' to check XML markup files
[0.836s] -- Configuring done
[0.899s] -- Generating done
[0.910s] -- Build files have been written to: /home/yy/sight/pfa-nav/build/wp_map_tools
[0.932s] [35m[1mConsolidate compiler generated dependencies of target wp_map_tools__rosidl_generator_c[0m
[0.939s] [  1%] Built target wp_map_tools__cpp
[0.940s] [  8%] Built target wp_map_tools__rosidl_generator_c
[0.945s] [  8%] Built target ament_cmake_python_symlink_wp_map_tools
[0.945s] [35m[1mConsolidate compiler generated dependencies of target wp_map_tools__rosidl_typesupport_c[0m
[0.946s] [35m[1mConsolidate compiler generated dependencies of target wp_map_tools__rosidl_typesupport_introspection_c[0m
[0.946s] [35m[1mConsolidate compiler generated dependencies of target wp_map_tools__rosidl_typesupport_fastrtps_cpp[0m
[0.947s] [35m[1mConsolidate compiler generated dependencies of target wp_map_tools__rosidl_typesupport_cpp[0m
[0.948s] [35m[1mConsolidate compiler generated dependencies of target wp_map_tools__rosidl_typesupport_fastrtps_c[0m
[0.948s] [35m[1mConsolidate compiler generated dependencies of target wp_map_tools__rosidl_typesupport_introspection_cpp[0m
[0.951s] [ 23%] Built target wp_map_tools__rosidl_typesupport_c
[0.951s] [ 23%] Built target wp_map_tools__rosidl_typesupport_introspection_c
[0.955s] [ 31%] Built target wp_map_tools__rosidl_typesupport_fastrtps_c
[0.955s] [ 38%] Built target wp_map_tools__rosidl_typesupport_fastrtps_cpp
[0.956s] [ 52%] Built target wp_map_tools__rosidl_typesupport_cpp
[0.956s] [ 53%] Built target wp_map_tools__rosidl_typesupport_introspection_cpp
[0.966s] [ 56%] [34m[1mAutomatic MOC for target wp_navi_server[0m
[0.966s] [ 56%] [34m[1mAutomatic MOC for target wp_edit_node[0m
[0.966s] [ 56%] Built target wp_map_tools
[0.970s] [ 58%] [34m[1mAutomatic MOC for target wp_map_plugins[0m
[0.970s] [ 59%] [34m[1mAutomatic MOC for target demo_navi_waypoint[0m
[0.970s] [ 61%] [34m[1mAutomatic MOC for target wp_saver[0m
[0.976s] [ 61%] Built target wp_navi_server_autogen
[0.981s] [ 61%] Built target wp_saver_autogen
[0.981s] [ 61%] Built target demo_navi_waypoint_autogen
[0.981s] [ 62%] Built target wp_map_tools__py
[0.981s] [ 62%] Built target wp_edit_node_autogen
[0.982s] [ 62%] Built target wp_map_plugins_autogen
[0.983s] [35m[1mConsolidate compiler generated dependencies of target wp_navi_server[0m
[0.988s] [35m[1mConsolidate compiler generated dependencies of target wp_map_tools__rosidl_generator_py[0m
[0.988s] [35m[1mConsolidate compiler generated dependencies of target wp_saver[0m
[0.988s] [35m[1mConsolidate compiler generated dependencies of target demo_navi_waypoint[0m
[0.989s] [35m[1mConsolidate compiler generated dependencies of target wp_edit_node[0m
[0.989s] [35m[1mConsolidate compiler generated dependencies of target wp_map_plugins[0m
[0.995s] [ 64%] [32m[1mLinking CXX executable wp_navi_server[0m
[0.996s] [ 70%] Built target wp_map_tools__rosidl_generator_py
[1.000s] [ 74%] Built target demo_navi_waypoint
[1.001s] [ 79%] Built target wp_saver
[1.001s] [ 80%] [32m[1mLinking CXX executable wp_edit_node[0m
[1.002s] [35m[1mConsolidate compiler generated dependencies of target wp_map_tools__rosidl_typesupport_introspection_c__pyext[0m
[1.002s] [ 82%] [32mBuilding CXX object CMakeFiles/wp_map_plugins.dir/src/add_waypoint_tool.cpp.o[0m
[1.003s] [35m[1mConsolidate compiler generated dependencies of target wp_map_tools__rosidl_typesupport_fastrtps_c__pyext[0m
[1.004s] [35m[1mConsolidate compiler generated dependencies of target wp_map_tools__rosidl_typesupport_c__pyext[0m
[1.008s] [ 85%] Built target wp_map_tools__rosidl_typesupport_introspection_c__pyext
[1.009s] [ 88%] Built target wp_map_tools__rosidl_typesupport_fastrtps_c__pyext
[1.013s] [ 91%] Built target wp_map_tools__rosidl_typesupport_c__pyext
[1.060s] running egg_info
[1.061s] writing wp_map_tools.egg-info/PKG-INFO
[1.061s] writing dependency_links to wp_map_tools.egg-info/dependency_links.txt
[1.061s] writing top-level names to wp_map_tools.egg-info/top_level.txt
[1.062s] reading manifest file 'wp_map_tools.egg-info/SOURCES.txt'
[1.062s] writing manifest file 'wp_map_tools.egg-info/SOURCES.txt'
[1.078s] [ 91%] Built target ament_cmake_python_build_wp_map_tools_egg
[1.102s] [ 94%] Built target wp_navi_server
[1.105s] [ 97%] Built target wp_edit_node
[1.188s] In file included from [01m[K/home/yy/sight/pfa-nav/src/wp_map_tools/include/wp_map_tools/add_waypoint_tool.hpp:17[m[K,
[1.188s]                  from [01m[K/home/yy/sight/pfa-nav/src/wp_map_tools/src/add_waypoint_tool.cpp:36[m[K:
[1.188s] [01m[K/opt/ros/humble/include/tf2_geometry_msgs/tf2_geometry_msgs/tf2_geometry_msgs.h:35:2:[m[K [01;35m[Kwarning: [m[K#warning This header is obsolete, please include tf2_geometry_msgs/tf2_geometry_msgs.hpp instead [[01;35m[K]8;;https://gcc.gnu.org/onlinedocs/gcc/Warning-Options.html#index-Wcpp-Wcpp]8;;[m[K]
[1.188s]    35 | #[01;35m[Kwarning[m[K This header is obsolete, please include tf2_geometry_msgs/tf2_geometry_msgs.hpp instead
[1.188s]       |  [01;35m[K^~~~~~~[m[K
[3.909s] [ 98%] [32m[1mLinking CXX shared library libwp_map_plugins.so[0m
[4.560s] [100%] Built target wp_map_plugins
[4.569s] Invoked command in '/home/yy/sight/pfa-nav/build/wp_map_tools' returned '0': CMAKE_PREFIX_PATH=/opt/ros/humble /usr/bin/cmake --build /home/yy/sight/pfa-nav/build/wp_map_tools -- -j20 -l20
[4.571s] Invoking command in '/home/yy/sight/pfa-nav/build/wp_map_tools': CMAKE_PREFIX_PATH=/opt/ros/humble /usr/bin/cmake --install /home/yy/sight/pfa-nav/build/wp_map_tools
[4.575s] -- Install configuration: "Release"
[4.576s] -- Execute custom install script
[4.576s] -- Up-to-date symlink: /home/yy/sight/pfa-nav/install/wp_map_tools/share/ament_index/resource_index/rosidl_interfaces/wp_map_tools
[4.576s] -- Up-to-date symlink: /home/yy/sight/pfa-nav/install/wp_map_tools/include/wp_map_tools/wp_map_tools/msg/detail/waypoint__functions.h
[4.576s] -- Up-to-date symlink: /home/yy/sight/pfa-nav/install/wp_map_tools/include/wp_map_tools/wp_map_tools/msg/detail/waypoint__struct.h
[4.576s] -- Up-to-date symlink: /home/yy/sight/pfa-nav/install/wp_map_tools/include/wp_map_tools/wp_map_tools/msg/detail/waypoint__type_support.h
[4.576s] -- Up-to-date symlink: /home/yy/sight/pfa-nav/install/wp_map_tools/include/wp_map_tools/wp_map_tools/msg/rosidl_generator_c__visibility_control.h
[4.576s] -- Up-to-date symlink: /home/yy/sight/pfa-nav/install/wp_map_tools/include/wp_map_tools/wp_map_tools/msg/waypoint.h
[4.576s] -- Up-to-date symlink: /home/yy/sight/pfa-nav/install/wp_map_tools/include/wp_map_tools/wp_map_tools/srv/detail/get_waypoint_by_name__functions.h
[4.576s] -- Up-to-date symlink: /home/yy/sight/pfa-nav/install/wp_map_tools/include/wp_map_tools/wp_map_tools/srv/detail/get_waypoint_by_name__struct.h
[4.576s] -- Up-to-date symlink: /home/yy/sight/pfa-nav/install/wp_map_tools/include/wp_map_tools/wp_map_tools/srv/detail/get_waypoint_by_name__type_support.h
[4.576s] -- Up-to-date symlink: /home/yy/sight/pfa-nav/install/wp_map_tools/include/wp_map_tools/wp_map_tools/srv/detail/save_waypoints__functions.h
[4.576s] -- Up-to-date symlink: /home/yy/sight/pfa-nav/install/wp_map_tools/include/wp_map_tools/wp_map_tools/srv/detail/save_waypoints__struct.h
[4.576s] -- Up-to-date symlink: /home/yy/sight/pfa-nav/install/wp_map_tools/include/wp_map_tools/wp_map_tools/srv/detail/save_waypoints__type_support.h
[4.576s] -- Up-to-date symlink: /home/yy/sight/pfa-nav/install/wp_map_tools/include/wp_map_tools/wp_map_tools/srv/get_waypoint_by_name.h
[4.576s] -- Up-to-date symlink: /home/yy/sight/pfa-nav/install/wp_map_tools/include/wp_map_tools/wp_map_tools/srv/save_waypoints.h
[4.576s] -- Up-to-date symlink: /home/yy/sight/pfa-nav/install/wp_map_tools/share/wp_map_tools/environment/library_path.sh
[4.576s] -- Up-to-date symlink: /home/yy/sight/pfa-nav/install/wp_map_tools/share/wp_map_tools/environment/library_path.dsv
[4.577s] -- Up-to-date symlink: /home/yy/sight/pfa-nav/install/wp_map_tools/include/wp_map_tools/wp_map_tools/msg/detail/waypoint__rosidl_typesupport_fastrtps_c.h
[4.577s] -- Up-to-date symlink: /home/yy/sight/pfa-nav/install/wp_map_tools/include/wp_map_tools/wp_map_tools/msg/rosidl_typesupport_fastrtps_c__visibility_control.h
[4.577s] -- Up-to-date symlink: /home/yy/sight/pfa-nav/install/wp_map_tools/include/wp_map_tools/wp_map_tools/srv/detail/get_waypoint_by_name__rosidl_typesupport_fastrtps_c.h
[4.577s] -- Up-to-date symlink: /home/yy/sight/pfa-nav/install/wp_map_tools/include/wp_map_tools/wp_map_tools/srv/detail/save_waypoints__rosidl_typesupport_fastrtps_c.h
[4.577s] -- Up-to-date symlink: /home/yy/sight/pfa-nav/install/wp_map_tools/include/wp_map_tools/wp_map_tools/msg/detail/waypoint__builder.hpp
[4.577s] -- Up-to-date symlink: /home/yy/sight/pfa-nav/install/wp_map_tools/include/wp_map_tools/wp_map_tools/msg/detail/waypoint__struct.hpp
[4.577s] -- Up-to-date symlink: /home/yy/sight/pfa-nav/install/wp_map_tools/include/wp_map_tools/wp_map_tools/msg/detail/waypoint__traits.hpp
[4.577s] -- Up-to-date symlink: /home/yy/sight/pfa-nav/install/wp_map_tools/include/wp_map_tools/wp_map_tools/msg/detail/waypoint__type_support.hpp
[4.577s] -- Up-to-date symlink: /home/yy/sight/pfa-nav/install/wp_map_tools/include/wp_map_tools/wp_map_tools/msg/rosidl_generator_cpp__visibility_control.hpp
[4.577s] -- Up-to-date symlink: /home/yy/sight/pfa-nav/install/wp_map_tools/include/wp_map_tools/wp_map_tools/msg/waypoint.hpp
[4.577s] -- Up-to-date symlink: /home/yy/sight/pfa-nav/install/wp_map_tools/include/wp_map_tools/wp_map_tools/srv/detail/get_waypoint_by_name__builder.hpp
[4.577s] -- Up-to-date symlink: /home/yy/sight/pfa-nav/install/wp_map_tools/include/wp_map_tools/wp_map_tools/srv/detail/get_waypoint_by_name__struct.hpp
[4.577s] -- Up-to-date symlink: /home/yy/sight/pfa-nav/install/wp_map_tools/include/wp_map_tools/wp_map_tools/srv/detail/get_waypoint_by_name__traits.hpp
[4.577s] -- Up-to-date symlink: /home/yy/sight/pfa-nav/install/wp_map_tools/include/wp_map_tools/wp_map_tools/srv/detail/get_waypoint_by_name__type_support.hpp
[4.577s] -- Up-to-date symlink: /home/yy/sight/pfa-nav/install/wp_map_tools/include/wp_map_tools/wp_map_tools/srv/detail/save_waypoints__builder.hpp
[4.577s] -- Up-to-date symlink: /home/yy/sight/pfa-nav/install/wp_map_tools/include/wp_map_tools/wp_map_tools/srv/detail/save_waypoints__struct.hpp
[4.577s] -- Up-to-date symlink: /home/yy/sight/pfa-nav/install/wp_map_tools/include/wp_map_tools/wp_map_tools/srv/detail/save_waypoints__traits.hpp
[4.577s] -- Up-to-date symlink: /home/yy/sight/pfa-nav/install/wp_map_tools/include/wp_map_tools/wp_map_tools/srv/detail/save_waypoints__type_support.hpp
[4.577s] -- Up-to-date symlink: /home/yy/sight/pfa-nav/install/wp_map_tools/include/wp_map_tools/wp_map_tools/srv/get_waypoint_by_name.hpp
[4.578s] -- Up-to-date symlink: /home/yy/sight/pfa-nav/install/wp_map_tools/include/wp_map_tools/wp_map_tools/srv/save_waypoints.hpp
[4.578s] -- Up-to-date symlink: /home/yy/sight/pfa-nav/install/wp_map_tools/include/wp_map_tools/wp_map_tools/msg/detail/waypoint__rosidl_typesupport_fastrtps_cpp.hpp
[4.578s] -- Up-to-date symlink: /home/yy/sight/pfa-nav/install/wp_map_tools/include/wp_map_tools/wp_map_tools/msg/rosidl_typesupport_fastrtps_cpp__visibility_control.h
[4.578s] -- Up-to-date symlink: /home/yy/sight/pfa-nav/install/wp_map_tools/include/wp_map_tools/wp_map_tools/srv/detail/get_waypoint_by_name__rosidl_typesupport_fastrtps_cpp.hpp
[4.578s] -- Up-to-date symlink: /home/yy/sight/pfa-nav/install/wp_map_tools/include/wp_map_tools/wp_map_tools/srv/detail/save_waypoints__rosidl_typesupport_fastrtps_cpp.hpp
[4.578s] -- Up-to-date symlink: /home/yy/sight/pfa-nav/install/wp_map_tools/include/wp_map_tools/wp_map_tools/msg/detail/waypoint__rosidl_typesupport_introspection_c.h
[4.578s] -- Up-to-date symlink: /home/yy/sight/pfa-nav/install/wp_map_tools/include/wp_map_tools/wp_map_tools/msg/rosidl_typesupport_introspection_c__visibility_control.h
[4.578s] -- Up-to-date symlink: /home/yy/sight/pfa-nav/install/wp_map_tools/include/wp_map_tools/wp_map_tools/srv/detail/get_waypoint_by_name__rosidl_typesupport_introspection_c.h
[4.578s] -- Up-to-date symlink: /home/yy/sight/pfa-nav/install/wp_map_tools/include/wp_map_tools/wp_map_tools/srv/detail/save_waypoints__rosidl_typesupport_introspection_c.h
[4.578s] -- Up-to-date symlink: /home/yy/sight/pfa-nav/install/wp_map_tools/include/wp_map_tools/wp_map_tools/msg/detail/waypoint__rosidl_typesupport_introspection_cpp.hpp
[4.578s] -- Up-to-date symlink: /home/yy/sight/pfa-nav/install/wp_map_tools/include/wp_map_tools/wp_map_tools/srv/detail/get_waypoint_by_name__rosidl_typesupport_introspection_cpp.hpp
[4.578s] -- Up-to-date symlink: /home/yy/sight/pfa-nav/install/wp_map_tools/include/wp_map_tools/wp_map_tools/srv/detail/save_waypoints__rosidl_typesupport_introspection_cpp.hpp
[4.578s] -- Up-to-date symlink: /home/yy/sight/pfa-nav/install/wp_map_tools/share/wp_map_tools/environment/pythonpath.sh
[4.578s] -- Up-to-date symlink: /home/yy/sight/pfa-nav/install/wp_map_tools/share/wp_map_tools/environment/pythonpath.dsv
[4.579s] -- Up-to-date symlink: /home/yy/sight/pfa-nav/install/wp_map_tools/local/lib/python3.10/dist-packages/wp_map_tools-1.0.0-py3.10.egg-info/PKG-INFO
[4.579s] -- Up-to-date symlink: /home/yy/sight/pfa-nav/install/wp_map_tools/local/lib/python3.10/dist-packages/wp_map_tools-1.0.0-py3.10.egg-info/SOURCES.txt
[4.579s] -- Up-to-date symlink: /home/yy/sight/pfa-nav/install/wp_map_tools/local/lib/python3.10/dist-packages/wp_map_tools-1.0.0-py3.10.egg-info/dependency_links.txt
[4.579s] -- Up-to-date symlink: /home/yy/sight/pfa-nav/install/wp_map_tools/local/lib/python3.10/dist-packages/wp_map_tools-1.0.0-py3.10.egg-info/top_level.txt
[4.579s] -- Up-to-date symlink: /home/yy/sight/pfa-nav/install/wp_map_tools/local/lib/python3.10/dist-packages/wp_map_tools/__init__.py
[4.579s] -- Up-to-date symlink: /home/yy/sight/pfa-nav/install/wp_map_tools/local/lib/python3.10/dist-packages/wp_map_tools/_wp_map_tools_s.ep.rosidl_typesupport_c.c
[4.579s] -- Up-to-date symlink: /home/yy/sight/pfa-nav/install/wp_map_tools/local/lib/python3.10/dist-packages/wp_map_tools/_wp_map_tools_s.ep.rosidl_typesupport_fastrtps_c.c
[4.579s] -- Up-to-date symlink: /home/yy/sight/pfa-nav/install/wp_map_tools/local/lib/python3.10/dist-packages/wp_map_tools/_wp_map_tools_s.ep.rosidl_typesupport_introspection_c.c
[4.579s] -- Up-to-date symlink: /home/yy/sight/pfa-nav/install/wp_map_tools/local/lib/python3.10/dist-packages/wp_map_tools/libwp_map_tools__rosidl_generator_py.so
[4.579s] -- Up-to-date symlink: /home/yy/sight/pfa-nav/install/wp_map_tools/local/lib/python3.10/dist-packages/wp_map_tools/msg/__init__.py
[4.579s] -- Up-to-date symlink: /home/yy/sight/pfa-nav/install/wp_map_tools/local/lib/python3.10/dist-packages/wp_map_tools/msg/_waypoint.py
[4.579s] -- Up-to-date symlink: /home/yy/sight/pfa-nav/install/wp_map_tools/local/lib/python3.10/dist-packages/wp_map_tools/msg/_waypoint_s.c
[4.579s] -- Up-to-date symlink: /home/yy/sight/pfa-nav/install/wp_map_tools/local/lib/python3.10/dist-packages/wp_map_tools/srv/__init__.py
[4.579s] -- Up-to-date symlink: /home/yy/sight/pfa-nav/install/wp_map_tools/local/lib/python3.10/dist-packages/wp_map_tools/srv/_get_waypoint_by_name.py
[4.579s] -- Up-to-date symlink: /home/yy/sight/pfa-nav/install/wp_map_tools/local/lib/python3.10/dist-packages/wp_map_tools/srv/_get_waypoint_by_name_s.c
[4.579s] -- Up-to-date symlink: /home/yy/sight/pfa-nav/install/wp_map_tools/local/lib/python3.10/dist-packages/wp_map_tools/srv/_save_waypoints.py
[4.579s] -- Up-to-date symlink: /home/yy/sight/pfa-nav/install/wp_map_tools/local/lib/python3.10/dist-packages/wp_map_tools/srv/_save_waypoints_s.c
[4.579s] -- Up-to-date symlink: /home/yy/sight/pfa-nav/install/wp_map_tools/local/lib/python3.10/dist-packages/wp_map_tools/wp_map_tools_s__rosidl_typesupport_c.cpython-310-x86_64-linux-gnu.so
[4.579s] -- Up-to-date symlink: /home/yy/sight/pfa-nav/install/wp_map_tools/local/lib/python3.10/dist-packages/wp_map_tools/wp_map_tools_s__rosidl_typesupport_fastrtps_c.cpython-310-x86_64-linux-gnu.so
[4.579s] -- Up-to-date symlink: /home/yy/sight/pfa-nav/install/wp_map_tools/local/lib/python3.10/dist-packages/wp_map_tools/wp_map_tools_s__rosidl_typesupport_introspection_c.cpython-310-x86_64-linux-gnu.so
[4.580s] -- Up-to-date symlink: /home/yy/sight/pfa-nav/install/wp_map_tools/local/lib/python3.10/dist-packages/wp_map_tools/wp_map_tools_s__rosidl_typesupport_fastrtps_c.cpython-310-x86_64-linux-gnu.so
[4.580s] -- Up-to-date symlink: /home/yy/sight/pfa-nav/install/wp_map_tools/local/lib/python3.10/dist-packages/wp_map_tools/wp_map_tools_s__rosidl_typesupport_introspection_c.cpython-310-x86_64-linux-gnu.so
[4.580s] -- Up-to-date symlink: /home/yy/sight/pfa-nav/install/wp_map_tools/local/lib/python3.10/dist-packages/wp_map_tools/wp_map_tools_s__rosidl_typesupport_c.cpython-310-x86_64-linux-gnu.so
[4.580s] -- Up-to-date symlink: /home/yy/sight/pfa-nav/install/wp_map_tools/share/wp_map_tools/msg/Waypoint.idl
[4.580s] -- Up-to-date symlink: /home/yy/sight/pfa-nav/install/wp_map_tools/share/wp_map_tools/srv/SaveWaypoints.idl
[4.580s] -- Up-to-date symlink: /home/yy/sight/pfa-nav/install/wp_map_tools/share/wp_map_tools/srv/GetWaypointByName.idl
[4.580s] -- Up-to-date symlink: /home/yy/sight/pfa-nav/install/wp_map_tools/share/wp_map_tools/msg/Waypoint.msg
[4.580s] -- Up-to-date symlink: /home/yy/sight/pfa-nav/install/wp_map_tools/share/wp_map_tools/srv/SaveWaypoints.srv
[4.580s] -- Up-to-date symlink: /home/yy/sight/pfa-nav/install/wp_map_tools/share/wp_map_tools/srv/SaveWaypoints_Request.msg
[4.580s] -- Up-to-date symlink: /home/yy/sight/pfa-nav/install/wp_map_tools/share/wp_map_tools/srv/SaveWaypoints_Response.msg
[4.580s] -- Up-to-date symlink: /home/yy/sight/pfa-nav/install/wp_map_tools/share/wp_map_tools/srv/GetWaypointByName.srv
[4.580s] -- Up-to-date symlink: /home/yy/sight/pfa-nav/install/wp_map_tools/share/wp_map_tools/srv/GetWaypointByName_Request.msg
[4.580s] -- Up-to-date symlink: /home/yy/sight/pfa-nav/install/wp_map_tools/share/wp_map_tools/srv/GetWaypointByName_Response.msg
[4.580s] -- Up-to-date symlink: /home/yy/sight/pfa-nav/install/wp_map_tools/share/wp_map_tools//plugins_description.xml
[4.580s] -- Up-to-date symlink: /home/yy/sight/pfa-nav/install/wp_map_tools/share/wp_map_tools/plugins_description.xml
[4.580s] -- Up-to-date symlink: /home/yy/sight/pfa-nav/install/wp_map_tools/include//wp_map_tools/add_waypoint_tool.hpp
[4.581s] -- Up-to-date symlink: /home/yy/sight/pfa-nav/install/wp_map_tools/share/wp_map_tools/launch/ELSE/add_waypoint_home.launch.py
[4.581s] -- Up-to-date symlink: /home/yy/sight/pfa-nav/install/wp_map_tools/share/wp_map_tools/launch/ELSE/marker_navigation.launch.py
[4.581s] -- Up-to-date symlink: /home/yy/sight/pfa-nav/install/wp_map_tools/share/wp_map_tools/launch/ELSE/navi_waypoint_home.launch.py
[4.581s] -- Up-to-date symlink: /home/yy/sight/pfa-nav/install/wp_map_tools/share/wp_map_tools/launch/ELSE/navi_waypoint_sim.launch.py
[4.581s] -- Up-to-date symlink: /home/yy/sight/pfa-nav/install/wp_map_tools/share/wp_map_tools/launch/add_waypoint_reality.launch.py
[4.581s] -- Up-to-date symlink: /home/yy/sight/pfa-nav/install/wp_map_tools/share/wp_map_tools/launch/add_waypoint_simulation.launch.py
[4.581s] -- Up-to-date symlink: /home/yy/sight/pfa-nav/install/wp_map_tools/share/wp_map_tools/meshes/charger.dae
[4.581s] -- Up-to-date symlink: /home/yy/sight/pfa-nav/install/wp_map_tools/share/wp_map_tools/meshes/waypoint.dae
[4.581s] -- Up-to-date symlink: /home/yy/sight/pfa-nav/install/wp_map_tools/share/wp_map_tools/rviz/edit.rviz
[4.581s] -- Up-to-date symlink: /home/yy/sight/pfa-nav/install/wp_map_tools/share/wp_map_tools/rviz/navi.rviz
[4.581s] -- Up-to-date symlink: /home/yy/sight/pfa-nav/install/wp_map_tools/share/wp_map_tools/msg/Waypoint.msg
[4.581s] -- Up-to-date symlink: /home/yy/sight/pfa-nav/install/wp_map_tools/share/wp_map_tools/srv/AddNewWaypoint.srv
[4.581s] -- Up-to-date symlink: /home/yy/sight/pfa-nav/install/wp_map_tools/share/wp_map_tools/srv/GetChargerByName.srv
[4.581s] -- Up-to-date symlink: /home/yy/sight/pfa-nav/install/wp_map_tools/share/wp_map_tools/srv/GetNumOfWaypoints.srv
[4.581s] -- Up-to-date symlink: /home/yy/sight/pfa-nav/install/wp_map_tools/share/wp_map_tools/srv/GetWaypointByIndex.srv
[4.582s] -- Up-to-date symlink: /home/yy/sight/pfa-nav/install/wp_map_tools/share/wp_map_tools/srv/GetWaypointByName.srv
[4.582s] -- Up-to-date symlink: /home/yy/sight/pfa-nav/install/wp_map_tools/share/wp_map_tools/srv/SaveWaypoints.srv
[4.582s] -- Up-to-date symlink: /home/yy/sight/pfa-nav/install/wp_map_tools/share/wp_map_tools/icons/classes/AddCharger.png
[4.582s] -- Up-to-date symlink: /home/yy/sight/pfa-nav/install/wp_map_tools/share/wp_map_tools/icons/classes/AddWaypointTool.png
[4.582s] -- Up-to-date symlink: /home/yy/sight/pfa-nav/install/wp_map_tools/lib/wp_map_tools/wp_edit_node
[4.582s] -- Up-to-date symlink: /home/yy/sight/pfa-nav/install/wp_map_tools/lib/wp_map_tools/wp_saver
[4.582s] -- Up-to-date symlink: /home/yy/sight/pfa-nav/install/wp_map_tools/lib/wp_map_tools/wp_navi_server
[4.582s] -- Up-to-date symlink: /home/yy/sight/pfa-nav/install/wp_map_tools/lib/wp_map_tools/demo_navi_waypoint
[4.582s] -- Up-to-date symlink: /home/yy/sight/pfa-nav/install/wp_map_tools/share/ament_index/resource_index/package_run_dependencies/wp_map_tools
[4.582s] -- Up-to-date symlink: /home/yy/sight/pfa-nav/install/wp_map_tools/share/ament_index/resource_index/parent_prefix_path/wp_map_tools
[4.582s] -- Up-to-date symlink: /home/yy/sight/pfa-nav/install/wp_map_tools/share/wp_map_tools/environment/ament_prefix_path.sh
[4.582s] -- Up-to-date symlink: /home/yy/sight/pfa-nav/install/wp_map_tools/share/wp_map_tools/environment/ament_prefix_path.dsv
[4.582s] -- Up-to-date symlink: /home/yy/sight/pfa-nav/install/wp_map_tools/share/wp_map_tools/environment/path.sh
[4.582s] -- Up-to-date symlink: /home/yy/sight/pfa-nav/install/wp_map_tools/share/wp_map_tools/environment/path.dsv
[4.582s] -- Up-to-date symlink: /home/yy/sight/pfa-nav/install/wp_map_tools/share/wp_map_tools/local_setup.bash
[4.582s] -- Up-to-date symlink: /home/yy/sight/pfa-nav/install/wp_map_tools/share/wp_map_tools/local_setup.sh
[4.582s] -- Up-to-date symlink: /home/yy/sight/pfa-nav/install/wp_map_tools/share/wp_map_tools/local_setup.zsh
[4.583s] -- Up-to-date symlink: /home/yy/sight/pfa-nav/install/wp_map_tools/share/wp_map_tools/local_setup.dsv
[4.583s] -- Symlinking: /home/yy/sight/pfa-nav/install/wp_map_tools/share/wp_map_tools/package.dsv
[4.587s] -- Up-to-date symlink: /home/yy/sight/pfa-nav/install/wp_map_tools/share/ament_index/resource_index/packages/wp_map_tools
[4.587s] -- Up-to-date symlink: /home/yy/sight/pfa-nav/install/wp_map_tools/share/ament_index/resource_index/rviz_common__pluginlib__plugin/wp_map_tools
[4.587s] -- Up-to-date symlink: /home/yy/sight/pfa-nav/install/wp_map_tools/share/wp_map_tools/cmake/ament_cmake_export_dependencies-extras.cmake
[4.587s] -- Up-to-date symlink: /home/yy/sight/pfa-nav/install/wp_map_tools/share/wp_map_tools/cmake/rosidl_cmake-extras.cmake
[4.587s] -- Up-to-date symlink: /home/yy/sight/pfa-nav/install/wp_map_tools/share/wp_map_tools/cmake/ament_cmake_export_include_directories-extras.cmake
[4.587s] -- Up-to-date symlink: /home/yy/sight/pfa-nav/install/wp_map_tools/share/wp_map_tools/cmake/ament_cmake_export_libraries-extras.cmake
[4.587s] -- Up-to-date symlink: /home/yy/sight/pfa-nav/install/wp_map_tools/share/wp_map_tools/cmake/ament_cmake_export_targets-extras.cmake
[4.588s] -- Up-to-date symlink: /home/yy/sight/pfa-nav/install/wp_map_tools/share/wp_map_tools/cmake/rosidl_cmake_export_typesupport_targets-extras.cmake
[4.588s] -- Up-to-date symlink: /home/yy/sight/pfa-nav/install/wp_map_tools/share/wp_map_tools/cmake/rosidl_cmake_export_typesupport_libraries-extras.cmake
[4.588s] -- Up-to-date symlink: /home/yy/sight/pfa-nav/install/wp_map_tools/share/wp_map_tools/cmake/wp_map_toolsConfig.cmake
[4.588s] -- Up-to-date symlink: /home/yy/sight/pfa-nav/install/wp_map_tools/share/wp_map_tools/cmake/wp_map_toolsConfig-version.cmake
[4.588s] -- Up-to-date symlink: /home/yy/sight/pfa-nav/install/wp_map_tools/share/wp_map_tools/package.xml
[4.588s] -- Up-to-date: /home/yy/sight/pfa-nav/install/wp_map_tools/lib/libwp_map_tools__rosidl_generator_c.so
[4.589s] -- Up-to-date: /home/yy/sight/pfa-nav/install/wp_map_tools/lib/libwp_map_tools__rosidl_typesupport_fastrtps_c.so
[4.589s] -- Up-to-date: /home/yy/sight/pfa-nav/install/wp_map_tools/lib/libwp_map_tools__rosidl_typesupport_fastrtps_cpp.so
[4.590s] -- Up-to-date: /home/yy/sight/pfa-nav/install/wp_map_tools/lib/libwp_map_tools__rosidl_typesupport_introspection_c.so
[4.591s] -- Up-to-date: /home/yy/sight/pfa-nav/install/wp_map_tools/lib/libwp_map_tools__rosidl_typesupport_c.so
[4.591s] -- Up-to-date: /home/yy/sight/pfa-nav/install/wp_map_tools/lib/libwp_map_tools__rosidl_typesupport_introspection_cpp.so
[4.592s] -- Up-to-date: /home/yy/sight/pfa-nav/install/wp_map_tools/lib/libwp_map_tools__rosidl_typesupport_cpp.so
[4.607s] Listing '/home/yy/sight/pfa-nav/install/wp_map_tools/local/lib/python3.10/dist-packages/wp_map_tools'...
[4.607s] Compiling '/home/yy/sight/pfa-nav/install/wp_map_tools/local/lib/python3.10/dist-packages/wp_map_tools/__init__.py'...
[4.607s] Listing '/home/yy/sight/pfa-nav/install/wp_map_tools/local/lib/python3.10/dist-packages/wp_map_tools/msg'...
[4.607s] Listing '/home/yy/sight/pfa-nav/install/wp_map_tools/local/lib/python3.10/dist-packages/wp_map_tools/srv'...
[4.610s] -- Up-to-date: /home/yy/sight/pfa-nav/install/wp_map_tools/lib/libwp_map_tools__rosidl_generator_py.so
[4.611s] -- Installing: /home/yy/sight/pfa-nav/install/wp_map_tools/lib/libwp_map_plugins.so
[4.611s] -- Set runtime path of "/home/yy/sight/pfa-nav/install/wp_map_tools/lib/libwp_map_plugins.so" to ""
[4.611s] -- Up-to-date: /home/yy/sight/pfa-nav/install/wp_map_tools/share/wp_map_tools/cmake/export_wp_map_tools__rosidl_generator_cExport.cmake
[4.611s] -- Up-to-date: /home/yy/sight/pfa-nav/install/wp_map_tools/share/wp_map_tools/cmake/export_wp_map_tools__rosidl_generator_cExport-release.cmake
[4.611s] -- Up-to-date: /home/yy/sight/pfa-nav/install/wp_map_tools/share/wp_map_tools/cmake/export_wp_map_tools__rosidl_typesupport_fastrtps_cExport.cmake
[4.611s] -- Up-to-date: /home/yy/sight/pfa-nav/install/wp_map_tools/share/wp_map_tools/cmake/export_wp_map_tools__rosidl_typesupport_fastrtps_cExport-release.cmake
[4.611s] -- Up-to-date: /home/yy/sight/pfa-nav/install/wp_map_tools/share/wp_map_tools/cmake/export_wp_map_tools__rosidl_generator_cppExport.cmake
[4.612s] -- Up-to-date: /home/yy/sight/pfa-nav/install/wp_map_tools/share/wp_map_tools/cmake/export_wp_map_tools__rosidl_typesupport_fastrtps_cppExport.cmake
[4.612s] -- Up-to-date: /home/yy/sight/pfa-nav/install/wp_map_tools/share/wp_map_tools/cmake/export_wp_map_tools__rosidl_typesupport_fastrtps_cppExport-release.cmake
[4.612s] -- Up-to-date: /home/yy/sight/pfa-nav/install/wp_map_tools/share/wp_map_tools/cmake/wp_map_tools__rosidl_typesupport_introspection_cExport.cmake
[4.612s] -- Up-to-date: /home/yy/sight/pfa-nav/install/wp_map_tools/share/wp_map_tools/cmake/wp_map_tools__rosidl_typesupport_introspection_cExport-release.cmake
[4.612s] -- Up-to-date: /home/yy/sight/pfa-nav/install/wp_map_tools/share/wp_map_tools/cmake/wp_map_tools__rosidl_typesupport_cExport.cmake
[4.612s] -- Up-to-date: /home/yy/sight/pfa-nav/install/wp_map_tools/share/wp_map_tools/cmake/wp_map_tools__rosidl_typesupport_cExport-release.cmake
[4.612s] -- Up-to-date: /home/yy/sight/pfa-nav/install/wp_map_tools/share/wp_map_tools/cmake/wp_map_tools__rosidl_typesupport_introspection_cppExport.cmake
[4.612s] -- Up-to-date: /home/yy/sight/pfa-nav/install/wp_map_tools/share/wp_map_tools/cmake/wp_map_tools__rosidl_typesupport_introspection_cppExport-release.cmake
[4.612s] -- Up-to-date: /home/yy/sight/pfa-nav/install/wp_map_tools/share/wp_map_tools/cmake/wp_map_tools__rosidl_typesupport_cppExport.cmake
[4.612s] -- Up-to-date: /home/yy/sight/pfa-nav/install/wp_map_tools/share/wp_map_tools/cmake/wp_map_tools__rosidl_typesupport_cppExport-release.cmake
[4.612s] -- Up-to-date: /home/yy/sight/pfa-nav/install/wp_map_tools/share/wp_map_tools/cmake/export_wp_map_tools__rosidl_generator_pyExport.cmake
[4.612s] -- Up-to-date: /home/yy/sight/pfa-nav/install/wp_map_tools/share/wp_map_tools/cmake/export_wp_map_tools__rosidl_generator_pyExport-release.cmake
[4.613s] -- Up-to-date: /home/yy/sight/pfa-nav/install/wp_map_tools/share/wp_map_tools/cmake/wp_map_pluginsExport.cmake
[4.613s] -- Up-to-date: /home/yy/sight/pfa-nav/install/wp_map_tools/share/wp_map_tools/cmake/wp_map_pluginsExport-release.cmake
[4.614s] Invoked command in '/home/yy/sight/pfa-nav/build/wp_map_tools' returned '0': CMAKE_PREFIX_PATH=/opt/ros/humble /usr/bin/cmake --install /home/yy/sight/pfa-nav/build/wp_map_tools
