-- Found ament_cmake_auto: 1.3.12 (/opt/ros/humble/share/ament_cmake_auto/cmake)
-- Override CMake install command with custom implementation using symlinks instead of copying resources
-- Found rosidl_generator_c: 3.1.7 (/opt/ros/humble/share/rosidl_generator_c/cmake)
-- Found rosidl_adapter: 3.1.7 (/opt/ros/humble/share/rosidl_adapter/cmake)
-- Found rosidl_generator_cpp: 3.1.7 (/opt/ros/humble/share/rosidl_generator_cpp/cmake)
-- Using all available rosidl_typesupport_c: rosidl_typesupport_fastrtps_c;rosidl_typesupport_introspection_c
-- Using all available rosidl_typesupport_cpp: rosidl_typesupport_fastrtps_cpp;rosidl_typesupport_introspection_cpp
-- Found rmw_implementation_cmake: 6.1.2 (/opt/ros/humble/share/rmw_implementation_cmake/cmake)
-- Found rmw_fastrtps_cpp: 6.2.9 (/opt/ros/humble/share/rmw_fastrtps_cpp/cmake)
-- Using RMW implementation 'rmw_fastrtps_cpp' as default
-- Eigen found (include: /usr/include/eigen3, version: 3.4.0)
-- FLANN found (include: /usr/include, lib: /usr/lib/x86_64-linux-gnu/libflann_cpp.so)
-- OpenNI found (version: 1.5.4.0, include: /usr/include/ni, lib: /usr/lib/libOpenNI.so;libusb::libusb)
-- OpenNI2 found (version: 2.2.0.33, include: /usr/include/openni2, lib: /usr/lib/x86_64-linux-gnu/libOpenNI2.so;libusb::libusb)
-- Eigen found (include: /usr/include/eigen3, version: 3.4.0)
-- OpenNI found (version: 1.5.4.0, include: /usr/include/ni, lib: /usr/lib/libOpenNI.so;libusb::libusb)
-- OpenNI2 found (version: 2.2.0.33, include: /usr/include/openni2, lib: /usr/lib/x86_64-linux-gnu/libOpenNI2.so;libusb::libusb)
-- Found Qhull version 8.0.2
-- OpenNI found (version: 1.5.4.0, include: /usr/include/ni, lib: /usr/lib/libOpenNI.so;libusb::libusb)
-- Found ament_lint_auto: 0.12.14 (/opt/ros/humble/share/ament_lint_auto/cmake)
[0mIn this package, headers install destination is set to `include` by ament_auto_package. It is recommended to install `include/small_gicp_relocalization` instead and will be the default behavior of ament_auto_package from ROS 2 Kilted Kaiju. On distributions before Kilted, ament_auto_package behaves the same way when you use USE_SCOPED_HEADER_INSTALL_DIR option.[0m
-- Added test 'copyright' to check source files copyright and LICENSE
-- Added test 'cppcheck' to perform static code analysis on C / C++ code
-- Configured cppcheck include dirs: /home/yy/sight/pfa-nav/src/pb2025_sentry_nav/small_gicp_relocalization/include
-- Configured cppcheck exclude dirs and/or files: 
-- Added test 'cpplint' to check C / C++ code against the Google style
-- Configured cpplint exclude dirs and/or files: 
-- Added test 'lint_cmake' to check CMake code style
-- Added test 'pep257' to check Python code against some of the docstring style conventions in PEP 257
-- Added test 'xmllint' to check XML markup files
-- Added test 'clang_format' to check C / C++ code style
-- Added test 'black' to check Python code style
-- Configuring done
-- Generating done
-- Build files have been written to: /home/yy/sight/pfa-nav/build/small_gicp_relocalization
[35m[1mConsolidate compiler generated dependencies of target small_gicp_relocalization_node[0m
[35m[1mConsolidate compiler generated dependencies of target small_gicp_relocalization[0m
[ 50%] Built target small_gicp_relocalization_node
[ 75%] [32mBuilding CXX object CMakeFiles/small_gicp_relocalization.dir/src/small_gicp_relocalization.cpp.o[0m
[100%] [32m[1mLinking CXX shared library libsmall_gicp_relocalization.so[0m
[100%] Built target small_gicp_relocalization
-- Install configuration: "Release"
-- Execute custom install script
-- Up-to-date symlink: /home/yy/sight/pfa-nav/install/small_gicp_relocalization/lib/small_gicp_relocalization/small_gicp_relocalization_node
-- Up-to-date symlink: /home/yy/sight/pfa-nav/install/small_gicp_relocalization/include/small_gicp_relocalization/small_gicp_relocalization.hpp
-- Up-to-date symlink: /home/yy/sight/pfa-nav/install/small_gicp_relocalization/share/small_gicp_relocalization/environment/library_path.sh
-- Up-to-date symlink: /home/yy/sight/pfa-nav/install/small_gicp_relocalization/share/small_gicp_relocalization/environment/library_path.dsv
-- Up-to-date symlink: /home/yy/sight/pfa-nav/install/small_gicp_relocalization/lib/libsmall_gicp_relocalization.so
-- Up-to-date symlink: /home/yy/sight/pfa-nav/install/small_gicp_relocalization/share/small_gicp_relocalization/launch/small_gicp_relocalization_launch.py
-- Up-to-date symlink: /home/yy/sight/pfa-nav/install/small_gicp_relocalization/share/ament_index/resource_index/package_run_dependencies/small_gicp_relocalization
-- Up-to-date symlink: /home/yy/sight/pfa-nav/install/small_gicp_relocalization/share/ament_index/resource_index/parent_prefix_path/small_gicp_relocalization
-- Up-to-date symlink: /home/yy/sight/pfa-nav/install/small_gicp_relocalization/share/small_gicp_relocalization/environment/ament_prefix_path.sh
-- Up-to-date symlink: /home/yy/sight/pfa-nav/install/small_gicp_relocalization/share/small_gicp_relocalization/environment/ament_prefix_path.dsv
-- Up-to-date symlink: /home/yy/sight/pfa-nav/install/small_gicp_relocalization/share/small_gicp_relocalization/environment/path.sh
-- Up-to-date symlink: /home/yy/sight/pfa-nav/install/small_gicp_relocalization/share/small_gicp_relocalization/environment/path.dsv
-- Up-to-date symlink: /home/yy/sight/pfa-nav/install/small_gicp_relocalization/share/small_gicp_relocalization/local_setup.bash
-- Up-to-date symlink: /home/yy/sight/pfa-nav/install/small_gicp_relocalization/share/small_gicp_relocalization/local_setup.sh
-- Up-to-date symlink: /home/yy/sight/pfa-nav/install/small_gicp_relocalization/share/small_gicp_relocalization/local_setup.zsh
-- Up-to-date symlink: /home/yy/sight/pfa-nav/install/small_gicp_relocalization/share/small_gicp_relocalization/local_setup.dsv
-- Symlinking: /home/yy/sight/pfa-nav/install/small_gicp_relocalization/share/small_gicp_relocalization/package.dsv
-- Up-to-date symlink: /home/yy/sight/pfa-nav/install/small_gicp_relocalization/share/ament_index/resource_index/packages/small_gicp_relocalization
-- Up-to-date symlink: /home/yy/sight/pfa-nav/install/small_gicp_relocalization/share/ament_index/resource_index/rclcpp_components/small_gicp_relocalization
-- Up-to-date symlink: /home/yy/sight/pfa-nav/install/small_gicp_relocalization/share/small_gicp_relocalization/cmake/ament_cmake_export_dependencies-extras.cmake
-- Up-to-date symlink: /home/yy/sight/pfa-nav/install/small_gicp_relocalization/share/small_gicp_relocalization/cmake/ament_cmake_export_include_directories-extras.cmake
-- Up-to-date symlink: /home/yy/sight/pfa-nav/install/small_gicp_relocalization/share/small_gicp_relocalization/cmake/ament_cmake_export_libraries-extras.cmake
-- Up-to-date symlink: /home/yy/sight/pfa-nav/install/small_gicp_relocalization/share/small_gicp_relocalization/cmake/small_gicp_relocalizationConfig.cmake
-- Up-to-date symlink: /home/yy/sight/pfa-nav/install/small_gicp_relocalization/share/small_gicp_relocalization/cmake/small_gicp_relocalizationConfig-version.cmake
-- Up-to-date symlink: /home/yy/sight/pfa-nav/install/small_gicp_relocalization/share/small_gicp_relocalization/package.xml
