[0.005s] Invoking command in '/home/yy/sight/pfa-nav/build/small_gicp_relocalization': CMAKE_PREFIX_PATH=/opt/ros/humble /usr/bin/cmake --build /home/yy/sight/pfa-nav/build/small_gicp_relocalization -- -j20 -l20
[0.021s] -- Found ament_cmake_auto: 1.3.12 (/opt/ros/humble/share/ament_cmake_auto/cmake)
[0.078s] -- Override CMake install command with custom implementation using symlinks instead of copying resources
[0.126s] -- Found rosidl_generator_c: 3.1.7 (/opt/ros/humble/share/rosidl_generator_c/cmake)
[0.128s] -- Found rosidl_adapter: 3.1.7 (/opt/ros/humble/share/rosidl_adapter/cmake)
[0.130s] -- Found rosidl_generator_cpp: 3.1.7 (/opt/ros/humble/share/rosidl_generator_cpp/cmake)
[0.134s] -- Using all available rosidl_typesupport_c: rosidl_typesupport_fastrtps_c;rosidl_typesupport_introspection_c
[0.140s] -- Using all available rosidl_typesupport_cpp: rosidl_typesupport_fastrtps_cpp;rosidl_typesupport_introspection_cpp
[0.155s] -- Found rmw_implementation_cmake: 6.1.2 (/opt/ros/humble/share/rmw_implementation_cmake/cmake)
[0.155s] -- Found rmw_fastrtps_cpp: 6.2.9 (/opt/ros/humble/share/rmw_fastrtps_cpp/cmake)
[0.214s] -- Using RMW implementation 'rmw_fastrtps_cpp' as default
[0.307s] -- Eigen found (include: /usr/include/eigen3, version: 3.4.0)
[0.325s] -- FLANN found (include: /usr/include, lib: /usr/lib/x86_64-linux-gnu/libflann_cpp.so)
[0.553s] -- OpenNI found (version: 1.5.4.0, include: /usr/include/ni, lib: /usr/lib/libOpenNI.so;libusb::libusb)
[0.557s] -- OpenNI2 found (version: 2.2.0.33, include: /usr/include/openni2, lib: /usr/lib/x86_64-linux-gnu/libOpenNI2.so;libusb::libusb)
[0.641s] -- Eigen found (include: /usr/include/eigen3, version: 3.4.0)
[0.645s] -- OpenNI found (version: 1.5.4.0, include: /usr/include/ni, lib: /usr/lib/libOpenNI.so;libusb::libusb)
[0.649s] -- OpenNI2 found (version: 2.2.0.33, include: /usr/include/openni2, lib: /usr/lib/x86_64-linux-gnu/libOpenNI2.so;libusb::libusb)
[0.725s] -- Found Qhull version 8.0.2
[0.805s] -- OpenNI found (version: 1.5.4.0, include: /usr/include/ni, lib: /usr/lib/libOpenNI.so;libusb::libusb)
[0.896s] -- Found ament_lint_auto: 0.12.14 (/opt/ros/humble/share/ament_lint_auto/cmake)
[0.899s] [0mIn this package, headers install destination is set to `include` by ament_auto_package. It is recommended to install `include/small_gicp_relocalization` instead and will be the default behavior of ament_auto_package from ROS 2 Kilted Kaiju. On distributions before Kilted, ament_auto_package behaves the same way when you use USE_SCOPED_HEADER_INSTALL_DIR option.[0m
[0.902s] -- Added test 'copyright' to check source files copyright and LICENSE
[0.902s] -- Added test 'cppcheck' to perform static code analysis on C / C++ code
[0.902s] -- Configured cppcheck include dirs: /home/yy/sight/pfa-nav/src/pb2025_sentry_nav/small_gicp_relocalization/include
[0.903s] -- Configured cppcheck exclude dirs and/or files: 
[0.903s] -- Added test 'cpplint' to check C / C++ code against the Google style
[0.903s] -- Configured cpplint exclude dirs and/or files: 
[0.903s] -- Added test 'lint_cmake' to check CMake code style
[0.903s] -- Added test 'pep257' to check Python code against some of the docstring style conventions in PEP 257
[0.903s] -- Added test 'xmllint' to check XML markup files
[0.904s] -- Added test 'clang_format' to check C / C++ code style
[0.904s] -- Added test 'black' to check Python code style
[0.906s] -- Configuring done
[0.924s] -- Generating done
[0.928s] -- Build files have been written to: /home/yy/sight/pfa-nav/build/small_gicp_relocalization
[0.951s] [35m[1mConsolidate compiler generated dependencies of target small_gicp_relocalization_node[0m
[0.952s] [35m[1mConsolidate compiler generated dependencies of target small_gicp_relocalization[0m
[0.962s] [ 50%] Built target small_gicp_relocalization_node
[0.976s] [ 75%] [32mBuilding CXX object CMakeFiles/small_gicp_relocalization.dir/src/small_gicp_relocalization.cpp.o[0m
[15.645s] [100%] [32m[1mLinking CXX shared library libsmall_gicp_relocalization.so[0m
[15.861s] [100%] Built target small_gicp_relocalization
[15.868s] Invoked command in '/home/yy/sight/pfa-nav/build/small_gicp_relocalization' returned '0': CMAKE_PREFIX_PATH=/opt/ros/humble /usr/bin/cmake --build /home/yy/sight/pfa-nav/build/small_gicp_relocalization -- -j20 -l20
[15.870s] Invoking command in '/home/yy/sight/pfa-nav/build/small_gicp_relocalization': CMAKE_PREFIX_PATH=/opt/ros/humble /usr/bin/cmake --install /home/yy/sight/pfa-nav/build/small_gicp_relocalization
[15.875s] -- Install configuration: "Release"
[15.875s] -- Execute custom install script
[15.875s] -- Up-to-date symlink: /home/yy/sight/pfa-nav/install/small_gicp_relocalization/lib/small_gicp_relocalization/small_gicp_relocalization_node
[15.876s] -- Up-to-date symlink: /home/yy/sight/pfa-nav/install/small_gicp_relocalization/include/small_gicp_relocalization/small_gicp_relocalization.hpp
[15.876s] -- Up-to-date symlink: /home/yy/sight/pfa-nav/install/small_gicp_relocalization/share/small_gicp_relocalization/environment/library_path.sh
[15.876s] -- Up-to-date symlink: /home/yy/sight/pfa-nav/install/small_gicp_relocalization/share/small_gicp_relocalization/environment/library_path.dsv
[15.876s] -- Up-to-date symlink: /home/yy/sight/pfa-nav/install/small_gicp_relocalization/lib/libsmall_gicp_relocalization.so
[15.876s] -- Up-to-date symlink: /home/yy/sight/pfa-nav/install/small_gicp_relocalization/share/small_gicp_relocalization/launch/small_gicp_relocalization_launch.py
[15.876s] -- Up-to-date symlink: /home/yy/sight/pfa-nav/install/small_gicp_relocalization/share/ament_index/resource_index/package_run_dependencies/small_gicp_relocalization
[15.876s] -- Up-to-date symlink: /home/yy/sight/pfa-nav/install/small_gicp_relocalization/share/ament_index/resource_index/parent_prefix_path/small_gicp_relocalization
[15.876s] -- Up-to-date symlink: /home/yy/sight/pfa-nav/install/small_gicp_relocalization/share/small_gicp_relocalization/environment/ament_prefix_path.sh
[15.876s] -- Up-to-date symlink: /home/yy/sight/pfa-nav/install/small_gicp_relocalization/share/small_gicp_relocalization/environment/ament_prefix_path.dsv
[15.876s] -- Up-to-date symlink: /home/yy/sight/pfa-nav/install/small_gicp_relocalization/share/small_gicp_relocalization/environment/path.sh
[15.876s] -- Up-to-date symlink: /home/yy/sight/pfa-nav/install/small_gicp_relocalization/share/small_gicp_relocalization/environment/path.dsv
[15.876s] -- Up-to-date symlink: /home/yy/sight/pfa-nav/install/small_gicp_relocalization/share/small_gicp_relocalization/local_setup.bash
[15.876s] -- Up-to-date symlink: /home/yy/sight/pfa-nav/install/small_gicp_relocalization/share/small_gicp_relocalization/local_setup.sh
[15.876s] -- Up-to-date symlink: /home/yy/sight/pfa-nav/install/small_gicp_relocalization/share/small_gicp_relocalization/local_setup.zsh
[15.876s] -- Up-to-date symlink: /home/yy/sight/pfa-nav/install/small_gicp_relocalization/share/small_gicp_relocalization/local_setup.dsv
[15.876s] -- Symlinking: /home/yy/sight/pfa-nav/install/small_gicp_relocalization/share/small_gicp_relocalization/package.dsv
[15.882s] -- Up-to-date symlink: /home/yy/sight/pfa-nav/install/small_gicp_relocalization/share/ament_index/resource_index/packages/small_gicp_relocalization
[15.882s] -- Up-to-date symlink: /home/yy/sight/pfa-nav/install/small_gicp_relocalization/share/ament_index/resource_index/rclcpp_components/small_gicp_relocalization
[15.882s] -- Up-to-date symlink: /home/yy/sight/pfa-nav/install/small_gicp_relocalization/share/small_gicp_relocalization/cmake/ament_cmake_export_dependencies-extras.cmake
[15.882s] -- Up-to-date symlink: /home/yy/sight/pfa-nav/install/small_gicp_relocalization/share/small_gicp_relocalization/cmake/ament_cmake_export_include_directories-extras.cmake
[15.882s] -- Up-to-date symlink: /home/yy/sight/pfa-nav/install/small_gicp_relocalization/share/small_gicp_relocalization/cmake/ament_cmake_export_libraries-extras.cmake
[15.882s] -- Up-to-date symlink: /home/yy/sight/pfa-nav/install/small_gicp_relocalization/share/small_gicp_relocalization/cmake/small_gicp_relocalizationConfig.cmake
[15.882s] -- Up-to-date symlink: /home/yy/sight/pfa-nav/install/small_gicp_relocalization/share/small_gicp_relocalization/cmake/small_gicp_relocalizationConfig-version.cmake
[15.882s] -- Up-to-date symlink: /home/yy/sight/pfa-nav/install/small_gicp_relocalization/share/small_gicp_relocalization/package.xml
[15.883s] Invoked command in '/home/yy/sight/pfa-nav/build/small_gicp_relocalization' returned '0': CMAKE_PREFIX_PATH=/opt/ros/humble /usr/bin/cmake --install /home/yy/sight/pfa-nav/build/small_gicp_relocalization
