-- Found ament_cmake_auto: 1.3.12 (/opt/ros/humble/share/ament_cmake_auto/cmake)
-- Override CMake install command with custom implementation using symlinks instead of copying resources
-- Found rosidl_generator_c: 3.1.7 (/opt/ros/humble/share/rosidl_generator_c/cmake)
-- Found rosidl_adapter: 3.1.7 (/opt/ros/humble/share/rosidl_adapter/cmake)
-- Found rosidl_generator_cpp: 3.1.7 (/opt/ros/humble/share/rosidl_generator_cpp/cmake)
-- Using all available rosidl_typesupport_c: rosidl_typesupport_fastrtps_c;rosidl_typesupport_introspection_c
-- Using all available rosidl_typesupport_cpp: rosidl_typesupport_fastrtps_cpp;rosidl_typesupport_introspection_cpp
-- Found rmw_implementation_cmake: 6.1.2 (/opt/ros/humble/share/rmw_implementation_cmake/cmake)
-- Found rmw_fastrtps_cpp: 6.2.9 (/opt/ros/humble/share/rmw_fastrtps_cpp/cmake)
-- Using RMW implementation 'rmw_fastrtps_cpp' as default
-- Found eigen3_cmake_module: 0.1.1 (/opt/ros/humble/share/eigen3_cmake_module/cmake)
-- Ensuring Eigen3 include directory is part of orocos-kdl CMake target
-- Found ament_lint_auto: 0.12.14 (/opt/ros/humble/share/ament_lint_auto/cmake)
[0mIn this package, headers install destination is set to `include` by ament_auto_package. It is recommended to install `include/fake_vel_transform` instead and will be the default behavior of ament_auto_package from ROS 2 Kilted Kaiju. On distributions before Kilted, ament_auto_package behaves the same way when you use USE_SCOPED_HEADER_INSTALL_DIR option.[0m
-- Added test 'copyright' to check source files copyright and LICENSE
-- Added test 'cppcheck' to perform static code analysis on C / C++ code
-- Configured cppcheck include dirs: /home/yy/sight/pfa-nav/src/pb2025_sentry_nav/fake_vel_transform/include
-- Configured cppcheck exclude dirs and/or files: 
-- Added test 'cpplint' to check C / C++ code against the Google style
-- Configured cpplint exclude dirs and/or files: 
-- Added test 'lint_cmake' to check CMake code style
-- Added test 'pep257' to check Python code against some of the docstring style conventions in PEP 257
-- Added test 'xmllint' to check XML markup files
-- Added test 'clang_format' to check C / C++ code style
-- Added test 'black' to check Python code style
-- Configuring done
-- Generating done
-- Build files have been written to: /home/yy/sight/pfa-nav/build/fake_vel_transform
[35m[1mConsolidate compiler generated dependencies of target fake_vel_transform[0m
[35m[1mConsolidate compiler generated dependencies of target fake_vel_transform_node[0m
[ 75%] [32mBuilding CXX object CMakeFiles/fake_vel_transform.dir/src/fake_vel_transform.cpp.o[0m
[ 75%] Built target fake_vel_transform_node
[100%] [32m[1mLinking CXX shared library libfake_vel_transform.so[0m
[100%] Built target fake_vel_transform
-- Install configuration: "Release"
-- Execute custom install script
-- Up-to-date symlink: /home/yy/sight/pfa-nav/install/fake_vel_transform/lib/fake_vel_transform/fake_vel_transform_node
-- Up-to-date symlink: /home/yy/sight/pfa-nav/install/fake_vel_transform/include/fake_vel_transform/fake_vel_transform.hpp
-- Up-to-date symlink: /home/yy/sight/pfa-nav/install/fake_vel_transform/share/fake_vel_transform/environment/library_path.sh
-- Up-to-date symlink: /home/yy/sight/pfa-nav/install/fake_vel_transform/share/fake_vel_transform/environment/library_path.dsv
-- Up-to-date symlink: /home/yy/sight/pfa-nav/install/fake_vel_transform/lib/libfake_vel_transform.so
-- Up-to-date symlink: /home/yy/sight/pfa-nav/install/fake_vel_transform/share/fake_vel_transform/launch/fake_vel_transform_launch.py
-- Up-to-date symlink: /home/yy/sight/pfa-nav/install/fake_vel_transform/share/ament_index/resource_index/package_run_dependencies/fake_vel_transform
-- Up-to-date symlink: /home/yy/sight/pfa-nav/install/fake_vel_transform/share/ament_index/resource_index/parent_prefix_path/fake_vel_transform
-- Up-to-date symlink: /home/yy/sight/pfa-nav/install/fake_vel_transform/share/fake_vel_transform/environment/ament_prefix_path.sh
-- Up-to-date symlink: /home/yy/sight/pfa-nav/install/fake_vel_transform/share/fake_vel_transform/environment/ament_prefix_path.dsv
-- Up-to-date symlink: /home/yy/sight/pfa-nav/install/fake_vel_transform/share/fake_vel_transform/environment/path.sh
-- Up-to-date symlink: /home/yy/sight/pfa-nav/install/fake_vel_transform/share/fake_vel_transform/environment/path.dsv
-- Up-to-date symlink: /home/yy/sight/pfa-nav/install/fake_vel_transform/share/fake_vel_transform/local_setup.bash
-- Up-to-date symlink: /home/yy/sight/pfa-nav/install/fake_vel_transform/share/fake_vel_transform/local_setup.sh
-- Up-to-date symlink: /home/yy/sight/pfa-nav/install/fake_vel_transform/share/fake_vel_transform/local_setup.zsh
-- Up-to-date symlink: /home/yy/sight/pfa-nav/install/fake_vel_transform/share/fake_vel_transform/local_setup.dsv
-- Symlinking: /home/yy/sight/pfa-nav/install/fake_vel_transform/share/fake_vel_transform/package.dsv
-- Up-to-date symlink: /home/yy/sight/pfa-nav/install/fake_vel_transform/share/ament_index/resource_index/packages/fake_vel_transform
-- Up-to-date symlink: /home/yy/sight/pfa-nav/install/fake_vel_transform/share/ament_index/resource_index/rclcpp_components/fake_vel_transform
-- Up-to-date symlink: /home/yy/sight/pfa-nav/install/fake_vel_transform/share/fake_vel_transform/cmake/ament_cmake_export_dependencies-extras.cmake
-- Up-to-date symlink: /home/yy/sight/pfa-nav/install/fake_vel_transform/share/fake_vel_transform/cmake/ament_cmake_export_include_directories-extras.cmake
-- Up-to-date symlink: /home/yy/sight/pfa-nav/install/fake_vel_transform/share/fake_vel_transform/cmake/ament_cmake_export_libraries-extras.cmake
-- Up-to-date symlink: /home/yy/sight/pfa-nav/install/fake_vel_transform/share/fake_vel_transform/cmake/fake_vel_transformConfig.cmake
-- Up-to-date symlink: /home/yy/sight/pfa-nav/install/fake_vel_transform/share/fake_vel_transform/cmake/fake_vel_transformConfig-version.cmake
-- Up-to-date symlink: /home/yy/sight/pfa-nav/install/fake_vel_transform/share/fake_vel_transform/package.xml
