[0.006s] Invoking command in '/home/yy/sight/pfa-nav/build/fake_vel_transform': CMAKE_PREFIX_PATH=/opt/ros/humble /usr/bin/cmake --build /home/yy/sight/pfa-nav/build/fake_vel_transform -- -j20 -l20
[0.027s] -- Found ament_cmake_auto: 1.3.12 (/opt/ros/humble/share/ament_cmake_auto/cmake)
[0.096s] -- Override CMake install command with custom implementation using symlinks instead of copying resources
[0.151s] -- Found rosidl_generator_c: 3.1.7 (/opt/ros/humble/share/rosidl_generator_c/cmake)
[0.152s] -- Found rosidl_adapter: 3.1.7 (/opt/ros/humble/share/rosidl_adapter/cmake)
[0.155s] -- Found rosidl_generator_cpp: 3.1.7 (/opt/ros/humble/share/rosidl_generator_cpp/cmake)
[0.159s] -- Using all available rosidl_typesupport_c: rosidl_typesupport_fastrtps_c;rosidl_typesupport_introspection_c
[0.165s] -- Using all available rosidl_typesupport_cpp: rosidl_typesupport_fastrtps_cpp;rosidl_typesupport_introspection_cpp
[0.180s] -- Found rmw_implementation_cmake: 6.1.2 (/opt/ros/humble/share/rmw_implementation_cmake/cmake)
[0.181s] -- Found rmw_fastrtps_cpp: 6.2.9 (/opt/ros/humble/share/rmw_fastrtps_cpp/cmake)
[0.248s] -- Using RMW implementation 'rmw_fastrtps_cpp' as default
[0.327s] -- Found eigen3_cmake_module: 0.1.1 (/opt/ros/humble/share/eigen3_cmake_module/cmake)
[0.328s] -- Ensuring Eigen3 include directory is part of orocos-kdl CMake target
[0.347s] -- Found ament_lint_auto: 0.12.14 (/opt/ros/humble/share/ament_lint_auto/cmake)
[0.350s] [0mIn this package, headers install destination is set to `include` by ament_auto_package. It is recommended to install `include/fake_vel_transform` instead and will be the default behavior of ament_auto_package from ROS 2 Kilted Kaiju. On distributions before Kilted, ament_auto_package behaves the same way when you use USE_SCOPED_HEADER_INSTALL_DIR option.[0m
[0.353s] -- Added test 'copyright' to check source files copyright and LICENSE
[0.354s] -- Added test 'cppcheck' to perform static code analysis on C / C++ code
[0.354s] -- Configured cppcheck include dirs: /home/yy/sight/pfa-nav/src/pb2025_sentry_nav/fake_vel_transform/include
[0.354s] -- Configured cppcheck exclude dirs and/or files: 
[0.354s] -- Added test 'cpplint' to check C / C++ code against the Google style
[0.354s] -- Configured cpplint exclude dirs and/or files: 
[0.354s] -- Added test 'lint_cmake' to check CMake code style
[0.354s] -- Added test 'pep257' to check Python code against some of the docstring style conventions in PEP 257
[0.355s] -- Added test 'xmllint' to check XML markup files
[0.355s] -- Added test 'clang_format' to check C / C++ code style
[0.355s] -- Added test 'black' to check Python code style
[0.357s] -- Configuring done
[0.368s] -- Generating done
[0.370s] -- Build files have been written to: /home/yy/sight/pfa-nav/build/fake_vel_transform
[0.394s] [35m[1mConsolidate compiler generated dependencies of target fake_vel_transform[0m
[0.394s] [35m[1mConsolidate compiler generated dependencies of target fake_vel_transform_node[0m
[0.408s] [ 75%] [32mBuilding CXX object CMakeFiles/fake_vel_transform.dir/src/fake_vel_transform.cpp.o[0m
[0.408s] [ 75%] Built target fake_vel_transform_node
[13.278s] [100%] [32m[1mLinking CXX shared library libfake_vel_transform.so[0m
[13.414s] [100%] Built target fake_vel_transform
[13.420s] Invoked command in '/home/yy/sight/pfa-nav/build/fake_vel_transform' returned '0': CMAKE_PREFIX_PATH=/opt/ros/humble /usr/bin/cmake --build /home/yy/sight/pfa-nav/build/fake_vel_transform -- -j20 -l20
[13.421s] Invoking command in '/home/yy/sight/pfa-nav/build/fake_vel_transform': CMAKE_PREFIX_PATH=/opt/ros/humble /usr/bin/cmake --install /home/yy/sight/pfa-nav/build/fake_vel_transform
[13.426s] -- Install configuration: "Release"
[13.426s] -- Execute custom install script
[13.426s] -- Up-to-date symlink: /home/yy/sight/pfa-nav/install/fake_vel_transform/lib/fake_vel_transform/fake_vel_transform_node
[13.426s] -- Up-to-date symlink: /home/yy/sight/pfa-nav/install/fake_vel_transform/include/fake_vel_transform/fake_vel_transform.hpp
[13.426s] -- Up-to-date symlink: /home/yy/sight/pfa-nav/install/fake_vel_transform/share/fake_vel_transform/environment/library_path.sh
[13.426s] -- Up-to-date symlink: /home/yy/sight/pfa-nav/install/fake_vel_transform/share/fake_vel_transform/environment/library_path.dsv
[13.426s] -- Up-to-date symlink: /home/yy/sight/pfa-nav/install/fake_vel_transform/lib/libfake_vel_transform.so
[13.426s] -- Up-to-date symlink: /home/yy/sight/pfa-nav/install/fake_vel_transform/share/fake_vel_transform/launch/fake_vel_transform_launch.py
[13.426s] -- Up-to-date symlink: /home/yy/sight/pfa-nav/install/fake_vel_transform/share/ament_index/resource_index/package_run_dependencies/fake_vel_transform
[13.427s] -- Up-to-date symlink: /home/yy/sight/pfa-nav/install/fake_vel_transform/share/ament_index/resource_index/parent_prefix_path/fake_vel_transform
[13.427s] -- Up-to-date symlink: /home/yy/sight/pfa-nav/install/fake_vel_transform/share/fake_vel_transform/environment/ament_prefix_path.sh
[13.427s] -- Up-to-date symlink: /home/yy/sight/pfa-nav/install/fake_vel_transform/share/fake_vel_transform/environment/ament_prefix_path.dsv
[13.427s] -- Up-to-date symlink: /home/yy/sight/pfa-nav/install/fake_vel_transform/share/fake_vel_transform/environment/path.sh
[13.427s] -- Up-to-date symlink: /home/yy/sight/pfa-nav/install/fake_vel_transform/share/fake_vel_transform/environment/path.dsv
[13.427s] -- Up-to-date symlink: /home/yy/sight/pfa-nav/install/fake_vel_transform/share/fake_vel_transform/local_setup.bash
[13.427s] -- Up-to-date symlink: /home/yy/sight/pfa-nav/install/fake_vel_transform/share/fake_vel_transform/local_setup.sh
[13.427s] -- Up-to-date symlink: /home/yy/sight/pfa-nav/install/fake_vel_transform/share/fake_vel_transform/local_setup.zsh
[13.427s] -- Up-to-date symlink: /home/yy/sight/pfa-nav/install/fake_vel_transform/share/fake_vel_transform/local_setup.dsv
[13.427s] -- Symlinking: /home/yy/sight/pfa-nav/install/fake_vel_transform/share/fake_vel_transform/package.dsv
[13.432s] -- Up-to-date symlink: /home/yy/sight/pfa-nav/install/fake_vel_transform/share/ament_index/resource_index/packages/fake_vel_transform
[13.432s] -- Up-to-date symlink: /home/yy/sight/pfa-nav/install/fake_vel_transform/share/ament_index/resource_index/rclcpp_components/fake_vel_transform
[13.432s] -- Up-to-date symlink: /home/yy/sight/pfa-nav/install/fake_vel_transform/share/fake_vel_transform/cmake/ament_cmake_export_dependencies-extras.cmake
[13.433s] -- Up-to-date symlink: /home/yy/sight/pfa-nav/install/fake_vel_transform/share/fake_vel_transform/cmake/ament_cmake_export_include_directories-extras.cmake
[13.433s] -- Up-to-date symlink: /home/yy/sight/pfa-nav/install/fake_vel_transform/share/fake_vel_transform/cmake/ament_cmake_export_libraries-extras.cmake
[13.433s] -- Up-to-date symlink: /home/yy/sight/pfa-nav/install/fake_vel_transform/share/fake_vel_transform/cmake/fake_vel_transformConfig.cmake
[13.433s] -- Up-to-date symlink: /home/yy/sight/pfa-nav/install/fake_vel_transform/share/fake_vel_transform/cmake/fake_vel_transformConfig-version.cmake
[13.433s] -- Up-to-date symlink: /home/yy/sight/pfa-nav/install/fake_vel_transform/share/fake_vel_transform/package.xml
[13.434s] Invoked command in '/home/yy/sight/pfa-nav/build/fake_vel_transform' returned '0': CMAKE_PREFIX_PATH=/opt/ros/humble /usr/bin/cmake --install /home/yy/sight/pfa-nav/build/fake_vel_transform
