[0.021s] Invoking command in '/home/yy/sight/pfa-nav/build/rmoss_util': AMENT_PREFIX_PATH=/home/yy/sight/pfa-nav/install/rmoss_interfaces:${AMENT_PREFIX_PATH} CMAKE_PREFIX_PATH=/home/yy/sight/pfa-nav/install/rmoss_interfaces:/opt/ros/humble LD_LIBRARY_PATH=/home/yy/sight/pfa-nav/install/rmoss_interfaces/lib:/usr/lib/x86_64-linux-gnu/gazebo-11/plugins:/opt/ros/humble/opt/rviz_ogre_vendor/lib:/opt/ros/humble/lib/x86_64-linux-gnu:/opt/ros/humble/lib:/opt/MVS/lib/64:/opt/MVS/lib/32:/opt/MVS/lib/64:/opt/MVS/lib/32:/opt/MVS/lib/64:/opt/MVS/lib/32 PYTHONPATH=/home/yy/sight/pfa-nav/install/rmoss_interfaces/local/lib/python3.10/dist-packages:${PYTHONPATH} /usr/bin/cmake /home/yy/sight/pfa-nav/src/rmoss_core/rmoss_util -DCMAKE_BUILD_TYPE=Release -DAMENT_CMAKE_SYMLINK_INSTALL=1 -DCMAKE_INSTALL_PREFIX=/home/yy/sight/pfa-nav/install/rmoss_util
[0.076s] -- The C compiler identification is GNU 11.4.0
[0.121s] -- The CXX compiler identification is GNU 11.4.0
[0.129s] -- Detecting C compiler ABI info
[0.184s] -- Detecting C compiler ABI info - done
[0.188s] -- Check for working C compiler: /usr/bin/cc - skipped
[0.188s] -- Detecting C compile features
[0.189s] -- Detecting C compile features - done
[0.190s] -- Detecting CXX compiler ABI info
[0.254s] -- Detecting CXX compiler ABI info - done
[0.261s] -- Check for working CXX compiler: /usr/bin/c++ - skipped
[0.261s] -- Detecting CXX compile features
[0.261s] -- Detecting CXX compile features - done
[0.263s] -- Found ament_cmake: 1.3.12 (/opt/ros/humble/share/ament_cmake/cmake)
[0.382s] -- Found Python3: /usr/bin/python3 (found version "3.10.12") found components: Interpreter 
[0.491s] -- Override CMake install command with custom implementation using symlinks instead of copying resources
[0.513s] -- Found ament_index_cpp: 1.4.0 (/opt/ros/humble/share/ament_index_cpp/cmake)
[0.514s] -- Found rcpputils: 2.4.5 (/opt/ros/humble/share/rcpputils/cmake)
[0.527s] -- Found rclcpp: 16.0.14 (/opt/ros/humble/share/rclcpp/cmake)
[0.550s] -- Found rosidl_generator_c: 3.1.7 (/opt/ros/humble/share/rosidl_generator_c/cmake)
[0.554s] -- Found rosidl_adapter: 3.1.7 (/opt/ros/humble/share/rosidl_adapter/cmake)
[0.561s] -- Found rosidl_generator_cpp: 3.1.7 (/opt/ros/humble/share/rosidl_generator_cpp/cmake)
[0.573s] -- Using all available rosidl_typesupport_c: rosidl_typesupport_fastrtps_c;rosidl_typesupport_introspection_c
[0.583s] -- Using all available rosidl_typesupport_cpp: rosidl_typesupport_fastrtps_cpp;rosidl_typesupport_introspection_cpp
[0.619s] -- Found rmw_implementation_cmake: 6.1.2 (/opt/ros/humble/share/rmw_implementation_cmake/cmake)
[0.621s] -- Found rmw_fastrtps_cpp: 6.2.8 (/opt/ros/humble/share/rmw_fastrtps_cpp/cmake)
[0.687s] -- Found OpenSSL: /usr/lib/x86_64-linux-gnu/libcrypto.so (found version "3.0.2")  
[0.717s] -- Found FastRTPS: /opt/ros/humble/include  
[0.756s] -- Using RMW implementation 'rmw_fastrtps_cpp' as default
[0.766s] -- Looking for pthread.h
[0.823s] -- Looking for pthread.h - found
[0.824s] -- Performing Test CMAKE_HAVE_LIBC_PTHREAD
[0.871s] -- Performing Test CMAKE_HAVE_LIBC_PTHREAD - Success
[0.872s] -- Found Threads: TRUE  
[0.899s] -- Found sensor_msgs: 4.9.0 (/opt/ros/humble/share/sensor_msgs/cmake)
[0.914s] -- Found rmoss_interfaces: 0.9.0 (/home/yy/sight/pfa-nav/install/rmoss_interfaces/share/rmoss_interfaces/cmake)
[0.926s] -- Found cv_bridge: 3.2.1 (/opt/ros/humble/share/cv_bridge/cmake)
[0.942s] -- Found OpenCV: /usr (found version "4.5.4") 
[0.946s] -- Found ament_lint_auto: 0.12.14 (/opt/ros/humble/share/ament_lint_auto/cmake)
[1.011s] -- Found ament_cmake_gtest: 1.3.12 (/opt/ros/humble/share/ament_cmake_gtest/cmake)
[1.013s] -- Found gtest sources under '/opt/ros/humble/src/gtest_vendor': C++ tests using 'Google Test' will be built
[1.020s] -- Added test 'copyright' to check source files copyright and LICENSE
[1.021s] -- Added test 'cppcheck' to perform static code analysis on C / C++ code
[1.021s] -- Configured cppcheck include dirs: /home/yy/sight/pfa-nav/src/rmoss_core/rmoss_util/include
[1.021s] -- Configured cppcheck exclude dirs and/or files: 
[1.022s] -- Added test 'cpplint' to check C / C++ code against the Google style
[1.022s] -- Configured cpplint exclude dirs and/or files: 
[1.023s] -- Added test 'lint_cmake' to check CMake code style
[1.024s] -- Added test 'uncrustify' to check C / C++ code style
[1.024s] -- Configured uncrustify additional arguments: 
[1.024s] -- Added test 'xmllint' to check XML markup files
[1.025s] -- Configuring done
[1.044s] -- Generating done
[1.050s] -- Build files have been written to: /home/yy/sight/pfa-nav/build/rmoss_util
[1.072s] Invoked command in '/home/yy/sight/pfa-nav/build/rmoss_util' returned '0': AMENT_PREFIX_PATH=/home/yy/sight/pfa-nav/install/rmoss_interfaces:${AMENT_PREFIX_PATH} CMAKE_PREFIX_PATH=/home/yy/sight/pfa-nav/install/rmoss_interfaces:/opt/ros/humble LD_LIBRARY_PATH=/home/yy/sight/pfa-nav/install/rmoss_interfaces/lib:/usr/lib/x86_64-linux-gnu/gazebo-11/plugins:/opt/ros/humble/opt/rviz_ogre_vendor/lib:/opt/ros/humble/lib/x86_64-linux-gnu:/opt/ros/humble/lib:/opt/MVS/lib/64:/opt/MVS/lib/32:/opt/MVS/lib/64:/opt/MVS/lib/32:/opt/MVS/lib/64:/opt/MVS/lib/32 PYTHONPATH=/home/yy/sight/pfa-nav/install/rmoss_interfaces/local/lib/python3.10/dist-packages:${PYTHONPATH} /usr/bin/cmake /home/yy/sight/pfa-nav/src/rmoss_core/rmoss_util -DCMAKE_BUILD_TYPE=Release -DAMENT_CMAKE_SYMLINK_INSTALL=1 -DCMAKE_INSTALL_PREFIX=/home/yy/sight/pfa-nav/install/rmoss_util
[1.072s] Invoking command in '/home/yy/sight/pfa-nav/build/rmoss_util': AMENT_PREFIX_PATH=/home/yy/sight/pfa-nav/install/rmoss_interfaces:${AMENT_PREFIX_PATH} CMAKE_PREFIX_PATH=/home/yy/sight/pfa-nav/install/rmoss_interfaces:/opt/ros/humble LD_LIBRARY_PATH=/home/yy/sight/pfa-nav/install/rmoss_interfaces/lib:/usr/lib/x86_64-linux-gnu/gazebo-11/plugins:/opt/ros/humble/opt/rviz_ogre_vendor/lib:/opt/ros/humble/lib/x86_64-linux-gnu:/opt/ros/humble/lib:/opt/MVS/lib/64:/opt/MVS/lib/32:/opt/MVS/lib/64:/opt/MVS/lib/32:/opt/MVS/lib/64:/opt/MVS/lib/32 PYTHONPATH=/home/yy/sight/pfa-nav/install/rmoss_interfaces/local/lib/python3.10/dist-packages:${PYTHONPATH} /usr/bin/cmake --build /home/yy/sight/pfa-nav/build/rmoss_util -- -j20 -l20
[1.117s] [  7%] [32mBuilding CXX object CMakeFiles/rmoss_util.dir/src/debug.cpp.o[0m
[1.136s] [ 15%] [32mBuilding CXX object CMakeFiles/rmoss_util.dir/src/url_resolver.cpp.o[0m
[1.477s] [ 23%] [32mBuilding CXX object CMakeFiles/rmoss_util.dir/src/time_utils.cpp.o[0m
[1.558s] [ 30%] [32mBuilding CXX object CMakeFiles/rmoss_util.dir/src/task_manager.cpp.o[0m
[4.619s] [ 38%] [32mBuilding CXX object CMakeFiles/rmoss_util.dir/src/mono_measure_tool.cpp.o[0m
[5.708s] [ 46%] [32mBuilding CXX object CMakeFiles/rmoss_util.dir/src/image_utils.cpp.o[0m
[6.717s] [ 53%] [32m[1mLinking CXX shared library librmoss_util.so[0m
[6.914s] [ 53%] Built target rmoss_util
[6.928s] [ 61%] [32mBuilding CXX object gtest/CMakeFiles/gtest.dir/src/gtest-all.cc.o[0m
[12.453s] [ 69%] [32m[1mLinking CXX static library libgtest.a[0m
[12.486s] [ 69%] Built target gtest
[12.502s] [ 76%] [32mBuilding CXX object gtest/CMakeFiles/gtest_main.dir/src/gtest_main.cc.o[0m
[12.871s] [ 84%] [32m[1mLinking CXX static library libgtest_main.a[0m
[12.897s] [ 84%] Built target gtest_main
[12.914s] [ 92%] [32mBuilding CXX object test/CMakeFiles/test_url_resolve.dir/test_url_resolve.cpp.o[0m
[13.445s] [100%] [32m[1mLinking CXX executable test_url_resolve[0m
[13.550s] [100%] Built target test_url_resolve
[13.563s] Invoked command in '/home/yy/sight/pfa-nav/build/rmoss_util' returned '0': AMENT_PREFIX_PATH=/home/yy/sight/pfa-nav/install/rmoss_interfaces:${AMENT_PREFIX_PATH} CMAKE_PREFIX_PATH=/home/yy/sight/pfa-nav/install/rmoss_interfaces:/opt/ros/humble LD_LIBRARY_PATH=/home/yy/sight/pfa-nav/install/rmoss_interfaces/lib:/usr/lib/x86_64-linux-gnu/gazebo-11/plugins:/opt/ros/humble/opt/rviz_ogre_vendor/lib:/opt/ros/humble/lib/x86_64-linux-gnu:/opt/ros/humble/lib:/opt/MVS/lib/64:/opt/MVS/lib/32:/opt/MVS/lib/64:/opt/MVS/lib/32:/opt/MVS/lib/64:/opt/MVS/lib/32 PYTHONPATH=/home/yy/sight/pfa-nav/install/rmoss_interfaces/local/lib/python3.10/dist-packages:${PYTHONPATH} /usr/bin/cmake --build /home/yy/sight/pfa-nav/build/rmoss_util -- -j20 -l20
[13.564s] Invoking command in '/home/yy/sight/pfa-nav/build/rmoss_util': AMENT_PREFIX_PATH=/home/yy/sight/pfa-nav/install/rmoss_interfaces:${AMENT_PREFIX_PATH} CMAKE_PREFIX_PATH=/home/yy/sight/pfa-nav/install/rmoss_interfaces:/opt/ros/humble LD_LIBRARY_PATH=/home/yy/sight/pfa-nav/install/rmoss_interfaces/lib:/usr/lib/x86_64-linux-gnu/gazebo-11/plugins:/opt/ros/humble/opt/rviz_ogre_vendor/lib:/opt/ros/humble/lib/x86_64-linux-gnu:/opt/ros/humble/lib:/opt/MVS/lib/64:/opt/MVS/lib/32:/opt/MVS/lib/64:/opt/MVS/lib/32:/opt/MVS/lib/64:/opt/MVS/lib/32 PYTHONPATH=/home/yy/sight/pfa-nav/install/rmoss_interfaces/local/lib/python3.10/dist-packages:${PYTHONPATH} /usr/bin/cmake --install /home/yy/sight/pfa-nav/build/rmoss_util
[13.569s] -- Install configuration: "Release"
[13.569s] -- Execute custom install script
[13.570s] -- Symlinking: /home/yy/sight/pfa-nav/install/rmoss_util/include/rmoss_util/debug.hpp
[13.579s] -- Symlinking: /home/yy/sight/pfa-nav/install/rmoss_util/include/rmoss_util/image_utils.hpp
[13.586s] -- Symlinking: /home/yy/sight/pfa-nav/install/rmoss_util/include/rmoss_util/mono_measure_tool.hpp
[13.592s] -- Symlinking: /home/yy/sight/pfa-nav/install/rmoss_util/include/rmoss_util/task_manager.hpp
[13.599s] -- Symlinking: /home/yy/sight/pfa-nav/install/rmoss_util/include/rmoss_util/time_utils.hpp
[13.604s] -- Symlinking: /home/yy/sight/pfa-nav/install/rmoss_util/include/rmoss_util/url_resolver.hpp
[13.610s] -- Symlinking: /home/yy/sight/pfa-nav/install/rmoss_util/share/rmoss_util/environment/library_path.sh
[13.618s] -- Symlinking: /home/yy/sight/pfa-nav/install/rmoss_util/share/rmoss_util/environment/library_path.dsv
[13.626s] -- Symlinking: /home/yy/sight/pfa-nav/install/rmoss_util/share/ament_index/resource_index/package_run_dependencies/rmoss_util
[13.633s] -- Symlinking: /home/yy/sight/pfa-nav/install/rmoss_util/share/ament_index/resource_index/parent_prefix_path/rmoss_util
[13.642s] -- Symlinking: /home/yy/sight/pfa-nav/install/rmoss_util/share/rmoss_util/environment/ament_prefix_path.sh
[13.648s] -- Symlinking: /home/yy/sight/pfa-nav/install/rmoss_util/share/rmoss_util/environment/ament_prefix_path.dsv
[13.657s] -- Symlinking: /home/yy/sight/pfa-nav/install/rmoss_util/share/rmoss_util/environment/path.sh
[13.665s] -- Symlinking: /home/yy/sight/pfa-nav/install/rmoss_util/share/rmoss_util/environment/path.dsv
[13.671s] -- Symlinking: /home/yy/sight/pfa-nav/install/rmoss_util/share/rmoss_util/local_setup.bash
[13.679s] -- Symlinking: /home/yy/sight/pfa-nav/install/rmoss_util/share/rmoss_util/local_setup.sh
[13.686s] -- Symlinking: /home/yy/sight/pfa-nav/install/rmoss_util/share/rmoss_util/local_setup.zsh
[13.696s] -- Symlinking: /home/yy/sight/pfa-nav/install/rmoss_util/share/rmoss_util/local_setup.dsv
[13.702s] -- Symlinking: /home/yy/sight/pfa-nav/install/rmoss_util/share/rmoss_util/package.dsv
[13.710s] -- Symlinking: /home/yy/sight/pfa-nav/install/rmoss_util/share/ament_index/resource_index/packages/rmoss_util
[13.719s] -- Symlinking: /home/yy/sight/pfa-nav/install/rmoss_util/share/rmoss_util/cmake/ament_cmake_export_targets-extras.cmake
[13.727s] -- Symlinking: /home/yy/sight/pfa-nav/install/rmoss_util/share/rmoss_util/cmake/ament_cmake_export_dependencies-extras.cmake
[13.735s] -- Symlinking: /home/yy/sight/pfa-nav/install/rmoss_util/share/rmoss_util/cmake/rmoss_utilConfig.cmake
[13.743s] -- Symlinking: /home/yy/sight/pfa-nav/install/rmoss_util/share/rmoss_util/cmake/rmoss_utilConfig-version.cmake
[13.748s] -- Symlinking: /home/yy/sight/pfa-nav/install/rmoss_util/share/rmoss_util/package.xml
[13.757s] -- Installing: /home/yy/sight/pfa-nav/install/rmoss_util/lib/librmoss_util.so
[13.757s] -- Set runtime path of "/home/yy/sight/pfa-nav/install/rmoss_util/lib/librmoss_util.so" to ""
[13.757s] -- Installing: /home/yy/sight/pfa-nav/install/rmoss_util/share/rmoss_util/cmake/rmoss_utilExport.cmake
[13.758s] -- Installing: /home/yy/sight/pfa-nav/install/rmoss_util/share/rmoss_util/cmake/rmoss_utilExport-release.cmake
[13.760s] Invoked command in '/home/yy/sight/pfa-nav/build/rmoss_util' returned '0': AMENT_PREFIX_PATH=/home/yy/sight/pfa-nav/install/rmoss_interfaces:${AMENT_PREFIX_PATH} CMAKE_PREFIX_PATH=/home/yy/sight/pfa-nav/install/rmoss_interfaces:/opt/ros/humble LD_LIBRARY_PATH=/home/yy/sight/pfa-nav/install/rmoss_interfaces/lib:/usr/lib/x86_64-linux-gnu/gazebo-11/plugins:/opt/ros/humble/opt/rviz_ogre_vendor/lib:/opt/ros/humble/lib/x86_64-linux-gnu:/opt/ros/humble/lib:/opt/MVS/lib/64:/opt/MVS/lib/32:/opt/MVS/lib/64:/opt/MVS/lib/32:/opt/MVS/lib/64:/opt/MVS/lib/32 PYTHONPATH=/home/yy/sight/pfa-nav/install/rmoss_interfaces/local/lib/python3.10/dist-packages:${PYTHONPATH} /usr/bin/cmake --install /home/yy/sight/pfa-nav/build/rmoss_util
