[0.058s] Invoking command in '/home/yy/sight/pfa-nav/build/rmoss_interfaces': CMAKE_PREFIX_PATH=${CMAKE_PREFIX_PATH}:/home/yy/sight/pfa-nav/install/sdformat_tools:/home/yy/sight/pfa-nav/install/joint_state_publisher_gui:/home/yy/sight/pfa-nav/install/joint_state_publisher:/opt/ros/humble /usr/bin/cmake --build /home/yy/sight/pfa-nav/build/rmoss_interfaces -- -j20 -l20
[0.361s] [  0%] Built target rmoss_interfaces__cpp
[0.361s] [  0%] Built target ament_cmake_python_symlink_rmoss_interfaces
[0.361s] [ 12%] Built target rmoss_interfaces__rosidl_generator_c
[0.361s] [ 24%] Built target rmoss_interfaces__rosidl_typesupport_cpp
[0.361s] [ 36%] Built target rmoss_interfaces__rosidl_typesupport_fastrtps_cpp
[0.362s] [ 48%] Built target rmoss_interfaces__rosidl_typesupport_introspection_cpp
[0.362s] [ 67%] Built target rmoss_interfaces__rosidl_typesupport_c
[0.362s] [ 72%] Built target rmoss_interfaces__rosidl_typesupport_introspection_c
[0.362s] [ 84%] Built target rmoss_interfaces__rosidl_typesupport_fastrtps_c
[0.362s] [ 84%] Built target rmoss_interfaces
[0.362s] [ 85%] Built target rmoss_interfaces__py
[0.362s] [ 96%] Built target rmoss_interfaces__rosidl_generator_py
[0.362s] [ 97%] Built target rmoss_interfaces__rosidl_typesupport_c__pyext
[0.362s] running egg_info
[0.362s] writing rmoss_interfaces.egg-info/PKG-INFO
[0.362s] [ 98%] Built target rmoss_interfaces__rosidl_typesupport_fastrtps_c__pyext
[0.362s] writing dependency_links to rmoss_interfaces.egg-info/dependency_links.txt
[0.362s] writing top-level names to rmoss_interfaces.egg-info/top_level.txt
[0.362s] reading manifest file 'rmoss_interfaces.egg-info/SOURCES.txt'
[0.362s] [100%] Built target rmoss_interfaces__rosidl_typesupport_introspection_c__pyext
[0.362s] writing manifest file 'rmoss_interfaces.egg-info/SOURCES.txt'
[0.363s] [100%] Built target ament_cmake_python_build_rmoss_interfaces_egg
[0.404s] Invoked command in '/home/yy/sight/pfa-nav/build/rmoss_interfaces' returned '0': CMAKE_PREFIX_PATH=${CMAKE_PREFIX_PATH}:/home/yy/sight/pfa-nav/install/sdformat_tools:/home/yy/sight/pfa-nav/install/joint_state_publisher_gui:/home/yy/sight/pfa-nav/install/joint_state_publisher:/opt/ros/humble /usr/bin/cmake --build /home/yy/sight/pfa-nav/build/rmoss_interfaces -- -j20 -l20
[0.407s] Invoking command in '/home/yy/sight/pfa-nav/build/rmoss_interfaces': CMAKE_PREFIX_PATH=${CMAKE_PREFIX_PATH}:/home/yy/sight/pfa-nav/install/sdformat_tools:/home/yy/sight/pfa-nav/install/joint_state_publisher_gui:/home/yy/sight/pfa-nav/install/joint_state_publisher:/opt/ros/humble /usr/bin/cmake --install /home/yy/sight/pfa-nav/build/rmoss_interfaces
[0.466s] -- Install configuration: "Release"
[0.466s] -- Execute custom install script
[0.466s] -- Up-to-date symlink: /home/yy/sight/pfa-nav/install/rmoss_interfaces/share/ament_index/resource_index/rosidl_interfaces/rmoss_interfaces
[0.466s] -- Up-to-date symlink: /home/yy/sight/pfa-nav/install/rmoss_interfaces/include/rmoss_interfaces/rmoss_interfaces/msg/chassis_cmd.h
[0.466s] -- Up-to-date symlink: /home/yy/sight/pfa-nav/install/rmoss_interfaces/include/rmoss_interfaces/rmoss_interfaces/msg/detail/chassis_cmd__functions.h
[0.466s] -- Up-to-date symlink: /home/yy/sight/pfa-nav/install/rmoss_interfaces/include/rmoss_interfaces/rmoss_interfaces/msg/detail/chassis_cmd__struct.h
[0.467s] -- Up-to-date symlink: /home/yy/sight/pfa-nav/install/rmoss_interfaces/include/rmoss_interfaces/rmoss_interfaces/msg/detail/chassis_cmd__type_support.h
[0.467s] -- Up-to-date symlink: /home/yy/sight/pfa-nav/install/rmoss_interfaces/include/rmoss_interfaces/rmoss_interfaces/msg/detail/exchange_ammon__functions.h
[0.467s] -- Up-to-date symlink: /home/yy/sight/pfa-nav/install/rmoss_interfaces/include/rmoss_interfaces/rmoss_interfaces/msg/detail/exchange_ammon__struct.h
[0.467s] -- Up-to-date symlink: /home/yy/sight/pfa-nav/install/rmoss_interfaces/include/rmoss_interfaces/rmoss_interfaces/msg/detail/exchange_ammon__type_support.h
[0.467s] -- Up-to-date symlink: /home/yy/sight/pfa-nav/install/rmoss_interfaces/include/rmoss_interfaces/rmoss_interfaces/msg/detail/game_status__functions.h
[0.467s] -- Up-to-date symlink: /home/yy/sight/pfa-nav/install/rmoss_interfaces/include/rmoss_interfaces/rmoss_interfaces/msg/detail/game_status__struct.h
[0.467s] -- Up-to-date symlink: /home/yy/sight/pfa-nav/install/rmoss_interfaces/include/rmoss_interfaces/rmoss_interfaces/msg/detail/game_status__type_support.h
[0.467s] -- Up-to-date symlink: /home/yy/sight/pfa-nav/install/rmoss_interfaces/include/rmoss_interfaces/rmoss_interfaces/msg/detail/gimbal__functions.h
[0.467s] -- Up-to-date symlink: /home/yy/sight/pfa-nav/install/rmoss_interfaces/include/rmoss_interfaces/rmoss_interfaces/msg/detail/gimbal__struct.h
[0.467s] -- Up-to-date symlink: /home/yy/sight/pfa-nav/install/rmoss_interfaces/include/rmoss_interfaces/rmoss_interfaces/msg/detail/gimbal__type_support.h
[0.467s] -- Up-to-date symlink: /home/yy/sight/pfa-nav/install/rmoss_interfaces/include/rmoss_interfaces/rmoss_interfaces/msg/detail/gimbal_cmd__functions.h
[0.467s] -- Up-to-date symlink: /home/yy/sight/pfa-nav/install/rmoss_interfaces/include/rmoss_interfaces/rmoss_interfaces/msg/detail/gimbal_cmd__struct.h
[0.467s] -- Up-to-date symlink: /home/yy/sight/pfa-nav/install/rmoss_interfaces/include/rmoss_interfaces/rmoss_interfaces/msg/detail/gimbal_cmd__type_support.h
[0.467s] -- Up-to-date symlink: /home/yy/sight/pfa-nav/install/rmoss_interfaces/include/rmoss_interfaces/rmoss_interfaces/msg/detail/referee_cmd__functions.h
[0.468s] -- Up-to-date symlink: /home/yy/sight/pfa-nav/install/rmoss_interfaces/include/rmoss_interfaces/rmoss_interfaces/msg/detail/referee_cmd__struct.h
[0.468s] -- Up-to-date symlink: /home/yy/sight/pfa-nav/install/rmoss_interfaces/include/rmoss_interfaces/rmoss_interfaces/msg/detail/referee_cmd__type_support.h
[0.468s] -- Up-to-date symlink: /home/yy/sight/pfa-nav/install/rmoss_interfaces/include/rmoss_interfaces/rmoss_interfaces/msg/detail/rfid_status__functions.h
[0.468s] -- Up-to-date symlink: /home/yy/sight/pfa-nav/install/rmoss_interfaces/include/rmoss_interfaces/rmoss_interfaces/msg/detail/rfid_status__struct.h
[0.468s] -- Up-to-date symlink: /home/yy/sight/pfa-nav/install/rmoss_interfaces/include/rmoss_interfaces/rmoss_interfaces/msg/detail/rfid_status__type_support.h
[0.468s] -- Up-to-date symlink: /home/yy/sight/pfa-nav/install/rmoss_interfaces/include/rmoss_interfaces/rmoss_interfaces/msg/detail/rfid_status_array__functions.h
[0.468s] -- Up-to-date symlink: /home/yy/sight/pfa-nav/install/rmoss_interfaces/include/rmoss_interfaces/rmoss_interfaces/msg/detail/rfid_status_array__struct.h
[0.468s] -- Up-to-date symlink: /home/yy/sight/pfa-nav/install/rmoss_interfaces/include/rmoss_interfaces/rmoss_interfaces/msg/detail/rfid_status_array__type_support.h
[0.468s] -- Up-to-date symlink: /home/yy/sight/pfa-nav/install/rmoss_interfaces/include/rmoss_interfaces/rmoss_interfaces/msg/detail/robot_status__functions.h
[0.468s] -- Up-to-date symlink: /home/yy/sight/pfa-nav/install/rmoss_interfaces/include/rmoss_interfaces/rmoss_interfaces/msg/detail/robot_status__struct.h
[0.468s] -- Up-to-date symlink: /home/yy/sight/pfa-nav/install/rmoss_interfaces/include/rmoss_interfaces/rmoss_interfaces/msg/detail/robot_status__type_support.h
[0.468s] -- Up-to-date symlink: /home/yy/sight/pfa-nav/install/rmoss_interfaces/include/rmoss_interfaces/rmoss_interfaces/msg/detail/shoot_cmd__functions.h
[0.468s] -- Up-to-date symlink: /home/yy/sight/pfa-nav/install/rmoss_interfaces/include/rmoss_interfaces/rmoss_interfaces/msg/detail/shoot_cmd__struct.h
[0.468s] -- Up-to-date symlink: /home/yy/sight/pfa-nav/install/rmoss_interfaces/include/rmoss_interfaces/rmoss_interfaces/msg/detail/shoot_cmd__type_support.h
[0.468s] -- Up-to-date symlink: /home/yy/sight/pfa-nav/install/rmoss_interfaces/include/rmoss_interfaces/rmoss_interfaces/msg/exchange_ammon.h
[0.468s] -- Up-to-date symlink: /home/yy/sight/pfa-nav/install/rmoss_interfaces/include/rmoss_interfaces/rmoss_interfaces/msg/game_status.h
[0.468s] -- Up-to-date symlink: /home/yy/sight/pfa-nav/install/rmoss_interfaces/include/rmoss_interfaces/rmoss_interfaces/msg/gimbal.h
[0.469s] -- Up-to-date symlink: /home/yy/sight/pfa-nav/install/rmoss_interfaces/include/rmoss_interfaces/rmoss_interfaces/msg/gimbal_cmd.h
[0.469s] -- Up-to-date symlink: /home/yy/sight/pfa-nav/install/rmoss_interfaces/include/rmoss_interfaces/rmoss_interfaces/msg/referee_cmd.h
[0.469s] -- Up-to-date symlink: /home/yy/sight/pfa-nav/install/rmoss_interfaces/include/rmoss_interfaces/rmoss_interfaces/msg/rfid_status.h
[0.469s] -- Up-to-date symlink: /home/yy/sight/pfa-nav/install/rmoss_interfaces/include/rmoss_interfaces/rmoss_interfaces/msg/rfid_status_array.h
[0.469s] -- Up-to-date symlink: /home/yy/sight/pfa-nav/install/rmoss_interfaces/include/rmoss_interfaces/rmoss_interfaces/msg/robot_status.h
[0.469s] -- Up-to-date symlink: /home/yy/sight/pfa-nav/install/rmoss_interfaces/include/rmoss_interfaces/rmoss_interfaces/msg/rosidl_generator_c__visibility_control.h
[0.469s] -- Up-to-date symlink: /home/yy/sight/pfa-nav/install/rmoss_interfaces/include/rmoss_interfaces/rmoss_interfaces/msg/shoot_cmd.h
[0.469s] -- Up-to-date symlink: /home/yy/sight/pfa-nav/install/rmoss_interfaces/include/rmoss_interfaces/rmoss_interfaces/srv/control_task.h
[0.469s] -- Up-to-date symlink: /home/yy/sight/pfa-nav/install/rmoss_interfaces/include/rmoss_interfaces/rmoss_interfaces/srv/detail/control_task__functions.h
[0.469s] -- Up-to-date symlink: /home/yy/sight/pfa-nav/install/rmoss_interfaces/include/rmoss_interfaces/rmoss_interfaces/srv/detail/control_task__struct.h
[0.469s] -- Up-to-date symlink: /home/yy/sight/pfa-nav/install/rmoss_interfaces/include/rmoss_interfaces/rmoss_interfaces/srv/detail/control_task__type_support.h
[0.469s] -- Up-to-date symlink: /home/yy/sight/pfa-nav/install/rmoss_interfaces/include/rmoss_interfaces/rmoss_interfaces/srv/detail/exchange_ammon__functions.h
[0.469s] -- Up-to-date symlink: /home/yy/sight/pfa-nav/install/rmoss_interfaces/include/rmoss_interfaces/rmoss_interfaces/srv/detail/exchange_ammon__struct.h
[0.469s] -- Up-to-date symlink: /home/yy/sight/pfa-nav/install/rmoss_interfaces/include/rmoss_interfaces/rmoss_interfaces/srv/detail/exchange_ammon__type_support.h
[0.469s] -- Up-to-date symlink: /home/yy/sight/pfa-nav/install/rmoss_interfaces/include/rmoss_interfaces/rmoss_interfaces/srv/detail/get_camera_info__functions.h
[0.469s] -- Up-to-date symlink: /home/yy/sight/pfa-nav/install/rmoss_interfaces/include/rmoss_interfaces/rmoss_interfaces/srv/detail/get_camera_info__struct.h
[0.469s] -- Up-to-date symlink: /home/yy/sight/pfa-nav/install/rmoss_interfaces/include/rmoss_interfaces/rmoss_interfaces/srv/detail/get_camera_info__type_support.h
[0.469s] -- Up-to-date symlink: /home/yy/sight/pfa-nav/install/rmoss_interfaces/include/rmoss_interfaces/rmoss_interfaces/srv/detail/get_mode__functions.h
[0.469s] -- Up-to-date symlink: /home/yy/sight/pfa-nav/install/rmoss_interfaces/include/rmoss_interfaces/rmoss_interfaces/srv/detail/get_mode__struct.h
[0.470s] -- Up-to-date symlink: /home/yy/sight/pfa-nav/install/rmoss_interfaces/include/rmoss_interfaces/rmoss_interfaces/srv/detail/get_mode__type_support.h
[0.470s] -- Up-to-date symlink: /home/yy/sight/pfa-nav/install/rmoss_interfaces/include/rmoss_interfaces/rmoss_interfaces/srv/detail/get_task_status__functions.h
[0.470s] -- Up-to-date symlink: /home/yy/sight/pfa-nav/install/rmoss_interfaces/include/rmoss_interfaces/rmoss_interfaces/srv/detail/get_task_status__struct.h
[0.470s] -- Up-to-date symlink: /home/yy/sight/pfa-nav/install/rmoss_interfaces/include/rmoss_interfaces/rmoss_interfaces/srv/detail/get_task_status__type_support.h
[0.470s] -- Up-to-date symlink: /home/yy/sight/pfa-nav/install/rmoss_interfaces/include/rmoss_interfaces/rmoss_interfaces/srv/detail/set_color__functions.h
[0.470s] -- Up-to-date symlink: /home/yy/sight/pfa-nav/install/rmoss_interfaces/include/rmoss_interfaces/rmoss_interfaces/srv/detail/set_color__struct.h
[0.470s] -- Up-to-date symlink: /home/yy/sight/pfa-nav/install/rmoss_interfaces/include/rmoss_interfaces/rmoss_interfaces/srv/detail/set_color__type_support.h
[0.470s] -- Up-to-date symlink: /home/yy/sight/pfa-nav/install/rmoss_interfaces/include/rmoss_interfaces/rmoss_interfaces/srv/detail/set_mode__functions.h
[0.470s] -- Up-to-date symlink: /home/yy/sight/pfa-nav/install/rmoss_interfaces/include/rmoss_interfaces/rmoss_interfaces/srv/detail/set_mode__struct.h
[0.470s] -- Up-to-date symlink: /home/yy/sight/pfa-nav/install/rmoss_interfaces/include/rmoss_interfaces/rmoss_interfaces/srv/detail/set_mode__type_support.h
[0.470s] -- Up-to-date symlink: /home/yy/sight/pfa-nav/install/rmoss_interfaces/include/rmoss_interfaces/rmoss_interfaces/srv/exchange_ammon.h
[0.470s] -- Up-to-date symlink: /home/yy/sight/pfa-nav/install/rmoss_interfaces/include/rmoss_interfaces/rmoss_interfaces/srv/get_camera_info.h
[0.470s] -- Up-to-date symlink: /home/yy/sight/pfa-nav/install/rmoss_interfaces/include/rmoss_interfaces/rmoss_interfaces/srv/get_mode.h
[0.471s] -- Up-to-date symlink: /home/yy/sight/pfa-nav/install/rmoss_interfaces/include/rmoss_interfaces/rmoss_interfaces/srv/get_task_status.h
[0.471s] -- Up-to-date symlink: /home/yy/sight/pfa-nav/install/rmoss_interfaces/include/rmoss_interfaces/rmoss_interfaces/srv/set_color.h
[0.471s] -- Up-to-date symlink: /home/yy/sight/pfa-nav/install/rmoss_interfaces/include/rmoss_interfaces/rmoss_interfaces/srv/set_mode.h
[0.471s] -- Up-to-date symlink: /home/yy/sight/pfa-nav/install/rmoss_interfaces/share/rmoss_interfaces/environment/library_path.sh
[0.471s] -- Up-to-date symlink: /home/yy/sight/pfa-nav/install/rmoss_interfaces/share/rmoss_interfaces/environment/library_path.dsv
[0.471s] -- Up-to-date symlink: /home/yy/sight/pfa-nav/install/rmoss_interfaces/include/rmoss_interfaces/rmoss_interfaces/msg/detail/chassis_cmd__rosidl_typesupport_fastrtps_c.h
[0.471s] -- Up-to-date symlink: /home/yy/sight/pfa-nav/install/rmoss_interfaces/include/rmoss_interfaces/rmoss_interfaces/msg/detail/exchange_ammon__rosidl_typesupport_fastrtps_c.h
[0.471s] -- Up-to-date symlink: /home/yy/sight/pfa-nav/install/rmoss_interfaces/include/rmoss_interfaces/rmoss_interfaces/msg/detail/game_status__rosidl_typesupport_fastrtps_c.h
[0.471s] -- Up-to-date symlink: /home/yy/sight/pfa-nav/install/rmoss_interfaces/include/rmoss_interfaces/rmoss_interfaces/msg/detail/gimbal__rosidl_typesupport_fastrtps_c.h
[0.471s] -- Up-to-date symlink: /home/yy/sight/pfa-nav/install/rmoss_interfaces/include/rmoss_interfaces/rmoss_interfaces/msg/detail/gimbal_cmd__rosidl_typesupport_fastrtps_c.h
[0.471s] -- Up-to-date symlink: /home/yy/sight/pfa-nav/install/rmoss_interfaces/include/rmoss_interfaces/rmoss_interfaces/msg/detail/referee_cmd__rosidl_typesupport_fastrtps_c.h
[0.471s] -- Up-to-date symlink: /home/yy/sight/pfa-nav/install/rmoss_interfaces/include/rmoss_interfaces/rmoss_interfaces/msg/detail/rfid_status__rosidl_typesupport_fastrtps_c.h
[0.471s] -- Up-to-date symlink: /home/yy/sight/pfa-nav/install/rmoss_interfaces/include/rmoss_interfaces/rmoss_interfaces/msg/detail/rfid_status_array__rosidl_typesupport_fastrtps_c.h
[0.472s] -- Up-to-date symlink: /home/yy/sight/pfa-nav/install/rmoss_interfaces/include/rmoss_interfaces/rmoss_interfaces/msg/detail/robot_status__rosidl_typesupport_fastrtps_c.h
[0.472s] -- Up-to-date symlink: /home/yy/sight/pfa-nav/install/rmoss_interfaces/include/rmoss_interfaces/rmoss_interfaces/msg/detail/shoot_cmd__rosidl_typesupport_fastrtps_c.h
[0.472s] -- Up-to-date symlink: /home/yy/sight/pfa-nav/install/rmoss_interfaces/include/rmoss_interfaces/rmoss_interfaces/msg/rosidl_typesupport_fastrtps_c__visibility_control.h
[0.472s] -- Up-to-date symlink: /home/yy/sight/pfa-nav/install/rmoss_interfaces/include/rmoss_interfaces/rmoss_interfaces/srv/detail/control_task__rosidl_typesupport_fastrtps_c.h
[0.472s] -- Up-to-date symlink: /home/yy/sight/pfa-nav/install/rmoss_interfaces/include/rmoss_interfaces/rmoss_interfaces/srv/detail/exchange_ammon__rosidl_typesupport_fastrtps_c.h
[0.472s] -- Up-to-date symlink: /home/yy/sight/pfa-nav/install/rmoss_interfaces/include/rmoss_interfaces/rmoss_interfaces/srv/detail/get_camera_info__rosidl_typesupport_fastrtps_c.h
[0.472s] -- Up-to-date symlink: /home/yy/sight/pfa-nav/install/rmoss_interfaces/include/rmoss_interfaces/rmoss_interfaces/srv/detail/get_mode__rosidl_typesupport_fastrtps_c.h
[0.472s] -- Up-to-date symlink: /home/yy/sight/pfa-nav/install/rmoss_interfaces/include/rmoss_interfaces/rmoss_interfaces/srv/detail/get_task_status__rosidl_typesupport_fastrtps_c.h
[0.472s] -- Up-to-date symlink: /home/yy/sight/pfa-nav/install/rmoss_interfaces/include/rmoss_interfaces/rmoss_interfaces/srv/detail/set_color__rosidl_typesupport_fastrtps_c.h
[0.472s] -- Up-to-date symlink: /home/yy/sight/pfa-nav/install/rmoss_interfaces/include/rmoss_interfaces/rmoss_interfaces/srv/detail/set_mode__rosidl_typesupport_fastrtps_c.h
[0.472s] -- Up-to-date symlink: /home/yy/sight/pfa-nav/install/rmoss_interfaces/include/rmoss_interfaces/rmoss_interfaces/msg/chassis_cmd.hpp
[0.472s] -- Up-to-date symlink: /home/yy/sight/pfa-nav/install/rmoss_interfaces/include/rmoss_interfaces/rmoss_interfaces/msg/detail/chassis_cmd__builder.hpp
[0.472s] -- Up-to-date symlink: /home/yy/sight/pfa-nav/install/rmoss_interfaces/include/rmoss_interfaces/rmoss_interfaces/msg/detail/chassis_cmd__struct.hpp
[0.472s] -- Up-to-date symlink: /home/yy/sight/pfa-nav/install/rmoss_interfaces/include/rmoss_interfaces/rmoss_interfaces/msg/detail/chassis_cmd__traits.hpp
[0.472s] -- Up-to-date symlink: /home/yy/sight/pfa-nav/install/rmoss_interfaces/include/rmoss_interfaces/rmoss_interfaces/msg/detail/chassis_cmd__type_support.hpp
[0.472s] -- Up-to-date symlink: /home/yy/sight/pfa-nav/install/rmoss_interfaces/include/rmoss_interfaces/rmoss_interfaces/msg/detail/exchange_ammon__builder.hpp
[0.472s] -- Up-to-date symlink: /home/yy/sight/pfa-nav/install/rmoss_interfaces/include/rmoss_interfaces/rmoss_interfaces/msg/detail/exchange_ammon__struct.hpp
[0.472s] -- Up-to-date symlink: /home/yy/sight/pfa-nav/install/rmoss_interfaces/include/rmoss_interfaces/rmoss_interfaces/msg/detail/exchange_ammon__traits.hpp
[0.472s] -- Up-to-date symlink: /home/yy/sight/pfa-nav/install/rmoss_interfaces/include/rmoss_interfaces/rmoss_interfaces/msg/detail/exchange_ammon__type_support.hpp
[0.472s] -- Up-to-date symlink: /home/yy/sight/pfa-nav/install/rmoss_interfaces/include/rmoss_interfaces/rmoss_interfaces/msg/detail/game_status__builder.hpp
[0.472s] -- Up-to-date symlink: /home/yy/sight/pfa-nav/install/rmoss_interfaces/include/rmoss_interfaces/rmoss_interfaces/msg/detail/game_status__struct.hpp
[0.473s] -- Up-to-date symlink: /home/yy/sight/pfa-nav/install/rmoss_interfaces/include/rmoss_interfaces/rmoss_interfaces/msg/detail/game_status__traits.hpp
[0.473s] -- Up-to-date symlink: /home/yy/sight/pfa-nav/install/rmoss_interfaces/include/rmoss_interfaces/rmoss_interfaces/msg/detail/game_status__type_support.hpp
[0.473s] -- Up-to-date symlink: /home/yy/sight/pfa-nav/install/rmoss_interfaces/include/rmoss_interfaces/rmoss_interfaces/msg/detail/gimbal__builder.hpp
[0.473s] -- Up-to-date symlink: /home/yy/sight/pfa-nav/install/rmoss_interfaces/include/rmoss_interfaces/rmoss_interfaces/msg/detail/gimbal__struct.hpp
[0.473s] -- Up-to-date symlink: /home/yy/sight/pfa-nav/install/rmoss_interfaces/include/rmoss_interfaces/rmoss_interfaces/msg/detail/gimbal__traits.hpp
[0.473s] -- Up-to-date symlink: /home/yy/sight/pfa-nav/install/rmoss_interfaces/include/rmoss_interfaces/rmoss_interfaces/msg/detail/gimbal__type_support.hpp
[0.473s] -- Up-to-date symlink: /home/yy/sight/pfa-nav/install/rmoss_interfaces/include/rmoss_interfaces/rmoss_interfaces/msg/detail/gimbal_cmd__builder.hpp
[0.473s] -- Up-to-date symlink: /home/yy/sight/pfa-nav/install/rmoss_interfaces/include/rmoss_interfaces/rmoss_interfaces/msg/detail/gimbal_cmd__struct.hpp
[0.473s] -- Up-to-date symlink: /home/yy/sight/pfa-nav/install/rmoss_interfaces/include/rmoss_interfaces/rmoss_interfaces/msg/detail/gimbal_cmd__traits.hpp
[0.473s] -- Up-to-date symlink: /home/yy/sight/pfa-nav/install/rmoss_interfaces/include/rmoss_interfaces/rmoss_interfaces/msg/detail/gimbal_cmd__type_support.hpp
[0.473s] -- Up-to-date symlink: /home/yy/sight/pfa-nav/install/rmoss_interfaces/include/rmoss_interfaces/rmoss_interfaces/msg/detail/referee_cmd__builder.hpp
[0.473s] -- Up-to-date symlink: /home/yy/sight/pfa-nav/install/rmoss_interfaces/include/rmoss_interfaces/rmoss_interfaces/msg/detail/referee_cmd__struct.hpp
[0.473s] -- Up-to-date symlink: /home/yy/sight/pfa-nav/install/rmoss_interfaces/include/rmoss_interfaces/rmoss_interfaces/msg/detail/referee_cmd__traits.hpp
[0.474s] -- Up-to-date symlink: /home/yy/sight/pfa-nav/install/rmoss_interfaces/include/rmoss_interfaces/rmoss_interfaces/msg/detail/referee_cmd__type_support.hpp
[0.474s] -- Up-to-date symlink: /home/yy/sight/pfa-nav/install/rmoss_interfaces/include/rmoss_interfaces/rmoss_interfaces/msg/detail/rfid_status__builder.hpp
[0.474s] -- Up-to-date symlink: /home/yy/sight/pfa-nav/install/rmoss_interfaces/include/rmoss_interfaces/rmoss_interfaces/msg/detail/rfid_status__struct.hpp
[0.474s] -- Up-to-date symlink: /home/yy/sight/pfa-nav/install/rmoss_interfaces/include/rmoss_interfaces/rmoss_interfaces/msg/detail/rfid_status__traits.hpp
[0.474s] -- Up-to-date symlink: /home/yy/sight/pfa-nav/install/rmoss_interfaces/include/rmoss_interfaces/rmoss_interfaces/msg/detail/rfid_status__type_support.hpp
[0.474s] -- Up-to-date symlink: /home/yy/sight/pfa-nav/install/rmoss_interfaces/include/rmoss_interfaces/rmoss_interfaces/msg/detail/rfid_status_array__builder.hpp
[0.474s] -- Up-to-date symlink: /home/yy/sight/pfa-nav/install/rmoss_interfaces/include/rmoss_interfaces/rmoss_interfaces/msg/detail/rfid_status_array__struct.hpp
[0.474s] -- Up-to-date symlink: /home/yy/sight/pfa-nav/install/rmoss_interfaces/include/rmoss_interfaces/rmoss_interfaces/msg/detail/rfid_status_array__traits.hpp
[0.474s] -- Up-to-date symlink: /home/yy/sight/pfa-nav/install/rmoss_interfaces/include/rmoss_interfaces/rmoss_interfaces/msg/detail/rfid_status_array__type_support.hpp
[0.474s] -- Up-to-date symlink: /home/yy/sight/pfa-nav/install/rmoss_interfaces/include/rmoss_interfaces/rmoss_interfaces/msg/detail/robot_status__builder.hpp
[0.474s] -- Up-to-date symlink: /home/yy/sight/pfa-nav/install/rmoss_interfaces/include/rmoss_interfaces/rmoss_interfaces/msg/detail/robot_status__struct.hpp
[0.474s] -- Up-to-date symlink: /home/yy/sight/pfa-nav/install/rmoss_interfaces/include/rmoss_interfaces/rmoss_interfaces/msg/detail/robot_status__traits.hpp
[0.474s] -- Up-to-date symlink: /home/yy/sight/pfa-nav/install/rmoss_interfaces/include/rmoss_interfaces/rmoss_interfaces/msg/detail/robot_status__type_support.hpp
[0.474s] -- Up-to-date symlink: /home/yy/sight/pfa-nav/install/rmoss_interfaces/include/rmoss_interfaces/rmoss_interfaces/msg/detail/shoot_cmd__builder.hpp
[0.474s] -- Up-to-date symlink: /home/yy/sight/pfa-nav/install/rmoss_interfaces/include/rmoss_interfaces/rmoss_interfaces/msg/detail/shoot_cmd__struct.hpp
[0.474s] -- Up-to-date symlink: /home/yy/sight/pfa-nav/install/rmoss_interfaces/include/rmoss_interfaces/rmoss_interfaces/msg/detail/shoot_cmd__traits.hpp
[0.474s] -- Up-to-date symlink: /home/yy/sight/pfa-nav/install/rmoss_interfaces/include/rmoss_interfaces/rmoss_interfaces/msg/detail/shoot_cmd__type_support.hpp
[0.474s] -- Up-to-date symlink: /home/yy/sight/pfa-nav/install/rmoss_interfaces/include/rmoss_interfaces/rmoss_interfaces/msg/exchange_ammon.hpp
[0.474s] -- Up-to-date symlink: /home/yy/sight/pfa-nav/install/rmoss_interfaces/include/rmoss_interfaces/rmoss_interfaces/msg/game_status.hpp
[0.474s] -- Up-to-date symlink: /home/yy/sight/pfa-nav/install/rmoss_interfaces/include/rmoss_interfaces/rmoss_interfaces/msg/gimbal.hpp
[0.474s] -- Up-to-date symlink: /home/yy/sight/pfa-nav/install/rmoss_interfaces/include/rmoss_interfaces/rmoss_interfaces/msg/gimbal_cmd.hpp
[0.475s] -- Up-to-date symlink: /home/yy/sight/pfa-nav/install/rmoss_interfaces/include/rmoss_interfaces/rmoss_interfaces/msg/referee_cmd.hpp
[0.475s] -- Up-to-date symlink: /home/yy/sight/pfa-nav/install/rmoss_interfaces/include/rmoss_interfaces/rmoss_interfaces/msg/rfid_status.hpp
[0.475s] -- Up-to-date symlink: /home/yy/sight/pfa-nav/install/rmoss_interfaces/include/rmoss_interfaces/rmoss_interfaces/msg/rfid_status_array.hpp
[0.475s] -- Up-to-date symlink: /home/yy/sight/pfa-nav/install/rmoss_interfaces/include/rmoss_interfaces/rmoss_interfaces/msg/robot_status.hpp
[0.475s] -- Up-to-date symlink: /home/yy/sight/pfa-nav/install/rmoss_interfaces/include/rmoss_interfaces/rmoss_interfaces/msg/rosidl_generator_cpp__visibility_control.hpp
[0.475s] -- Up-to-date symlink: /home/yy/sight/pfa-nav/install/rmoss_interfaces/include/rmoss_interfaces/rmoss_interfaces/msg/shoot_cmd.hpp
[0.475s] -- Up-to-date symlink: /home/yy/sight/pfa-nav/install/rmoss_interfaces/include/rmoss_interfaces/rmoss_interfaces/srv/control_task.hpp
[0.475s] -- Up-to-date symlink: /home/yy/sight/pfa-nav/install/rmoss_interfaces/include/rmoss_interfaces/rmoss_interfaces/srv/detail/control_task__builder.hpp
[0.475s] -- Up-to-date symlink: /home/yy/sight/pfa-nav/install/rmoss_interfaces/include/rmoss_interfaces/rmoss_interfaces/srv/detail/control_task__struct.hpp
[0.475s] -- Up-to-date symlink: /home/yy/sight/pfa-nav/install/rmoss_interfaces/include/rmoss_interfaces/rmoss_interfaces/srv/detail/control_task__traits.hpp
[0.475s] -- Up-to-date symlink: /home/yy/sight/pfa-nav/install/rmoss_interfaces/include/rmoss_interfaces/rmoss_interfaces/srv/detail/control_task__type_support.hpp
[0.475s] -- Up-to-date symlink: /home/yy/sight/pfa-nav/install/rmoss_interfaces/include/rmoss_interfaces/rmoss_interfaces/srv/detail/exchange_ammon__builder.hpp
[0.475s] -- Up-to-date symlink: /home/yy/sight/pfa-nav/install/rmoss_interfaces/include/rmoss_interfaces/rmoss_interfaces/srv/detail/exchange_ammon__struct.hpp
[0.475s] -- Up-to-date symlink: /home/yy/sight/pfa-nav/install/rmoss_interfaces/include/rmoss_interfaces/rmoss_interfaces/srv/detail/exchange_ammon__traits.hpp
[0.475s] -- Up-to-date symlink: /home/yy/sight/pfa-nav/install/rmoss_interfaces/include/rmoss_interfaces/rmoss_interfaces/srv/detail/exchange_ammon__type_support.hpp
[0.476s] -- Up-to-date symlink: /home/yy/sight/pfa-nav/install/rmoss_interfaces/include/rmoss_interfaces/rmoss_interfaces/srv/detail/get_camera_info__builder.hpp
[0.476s] -- Up-to-date symlink: /home/yy/sight/pfa-nav/install/rmoss_interfaces/include/rmoss_interfaces/rmoss_interfaces/srv/detail/get_camera_info__struct.hpp
[0.476s] -- Up-to-date symlink: /home/yy/sight/pfa-nav/install/rmoss_interfaces/include/rmoss_interfaces/rmoss_interfaces/srv/detail/get_camera_info__traits.hpp
[0.476s] -- Up-to-date symlink: /home/yy/sight/pfa-nav/install/rmoss_interfaces/include/rmoss_interfaces/rmoss_interfaces/srv/detail/get_camera_info__type_support.hpp
[0.476s] -- Up-to-date symlink: /home/yy/sight/pfa-nav/install/rmoss_interfaces/include/rmoss_interfaces/rmoss_interfaces/srv/detail/get_mode__builder.hpp
[0.476s] -- Up-to-date symlink: /home/yy/sight/pfa-nav/install/rmoss_interfaces/include/rmoss_interfaces/rmoss_interfaces/srv/detail/get_mode__struct.hpp
[0.476s] -- Up-to-date symlink: /home/yy/sight/pfa-nav/install/rmoss_interfaces/include/rmoss_interfaces/rmoss_interfaces/srv/detail/get_mode__traits.hpp
[0.476s] -- Up-to-date symlink: /home/yy/sight/pfa-nav/install/rmoss_interfaces/include/rmoss_interfaces/rmoss_interfaces/srv/detail/get_mode__type_support.hpp
[0.476s] -- Up-to-date symlink: /home/yy/sight/pfa-nav/install/rmoss_interfaces/include/rmoss_interfaces/rmoss_interfaces/srv/detail/get_task_status__builder.hpp
[0.476s] -- Up-to-date symlink: /home/yy/sight/pfa-nav/install/rmoss_interfaces/include/rmoss_interfaces/rmoss_interfaces/srv/detail/get_task_status__struct.hpp
[0.476s] -- Up-to-date symlink: /home/yy/sight/pfa-nav/install/rmoss_interfaces/include/rmoss_interfaces/rmoss_interfaces/srv/detail/get_task_status__traits.hpp
[0.476s] -- Up-to-date symlink: /home/yy/sight/pfa-nav/install/rmoss_interfaces/include/rmoss_interfaces/rmoss_interfaces/srv/detail/get_task_status__type_support.hpp
[0.477s] -- Up-to-date symlink: /home/yy/sight/pfa-nav/install/rmoss_interfaces/include/rmoss_interfaces/rmoss_interfaces/srv/detail/set_color__builder.hpp
[0.477s] -- Up-to-date symlink: /home/yy/sight/pfa-nav/install/rmoss_interfaces/include/rmoss_interfaces/rmoss_interfaces/srv/detail/set_color__struct.hpp
[0.477s] -- Up-to-date symlink: /home/yy/sight/pfa-nav/install/rmoss_interfaces/include/rmoss_interfaces/rmoss_interfaces/srv/detail/set_color__traits.hpp
[0.477s] -- Up-to-date symlink: /home/yy/sight/pfa-nav/install/rmoss_interfaces/include/rmoss_interfaces/rmoss_interfaces/srv/detail/set_color__type_support.hpp
[0.477s] -- Up-to-date symlink: /home/yy/sight/pfa-nav/install/rmoss_interfaces/include/rmoss_interfaces/rmoss_interfaces/srv/detail/set_mode__builder.hpp
[0.477s] -- Up-to-date symlink: /home/yy/sight/pfa-nav/install/rmoss_interfaces/include/rmoss_interfaces/rmoss_interfaces/srv/detail/set_mode__struct.hpp
[0.477s] -- Up-to-date symlink: /home/yy/sight/pfa-nav/install/rmoss_interfaces/include/rmoss_interfaces/rmoss_interfaces/srv/detail/set_mode__traits.hpp
[0.477s] -- Up-to-date symlink: /home/yy/sight/pfa-nav/install/rmoss_interfaces/include/rmoss_interfaces/rmoss_interfaces/srv/detail/set_mode__type_support.hpp
[0.477s] -- Up-to-date symlink: /home/yy/sight/pfa-nav/install/rmoss_interfaces/include/rmoss_interfaces/rmoss_interfaces/srv/exchange_ammon.hpp
[0.477s] -- Up-to-date symlink: /home/yy/sight/pfa-nav/install/rmoss_interfaces/include/rmoss_interfaces/rmoss_interfaces/srv/get_camera_info.hpp
[0.477s] -- Up-to-date symlink: /home/yy/sight/pfa-nav/install/rmoss_interfaces/include/rmoss_interfaces/rmoss_interfaces/srv/get_mode.hpp
[0.477s] -- Up-to-date symlink: /home/yy/sight/pfa-nav/install/rmoss_interfaces/include/rmoss_interfaces/rmoss_interfaces/srv/get_task_status.hpp
[0.477s] -- Up-to-date symlink: /home/yy/sight/pfa-nav/install/rmoss_interfaces/include/rmoss_interfaces/rmoss_interfaces/srv/set_color.hpp
[0.477s] -- Up-to-date symlink: /home/yy/sight/pfa-nav/install/rmoss_interfaces/include/rmoss_interfaces/rmoss_interfaces/srv/set_mode.hpp
[0.477s] -- Up-to-date symlink: /home/yy/sight/pfa-nav/install/rmoss_interfaces/include/rmoss_interfaces/rmoss_interfaces/msg/detail/chassis_cmd__rosidl_typesupport_fastrtps_cpp.hpp
[0.478s] -- Up-to-date symlink: /home/yy/sight/pfa-nav/install/rmoss_interfaces/include/rmoss_interfaces/rmoss_interfaces/msg/detail/exchange_ammon__rosidl_typesupport_fastrtps_cpp.hpp
[0.478s] -- Up-to-date symlink: /home/yy/sight/pfa-nav/install/rmoss_interfaces/include/rmoss_interfaces/rmoss_interfaces/msg/detail/game_status__rosidl_typesupport_fastrtps_cpp.hpp
[0.478s] -- Up-to-date symlink: /home/yy/sight/pfa-nav/install/rmoss_interfaces/include/rmoss_interfaces/rmoss_interfaces/msg/detail/gimbal__rosidl_typesupport_fastrtps_cpp.hpp
[0.478s] -- Up-to-date symlink: /home/yy/sight/pfa-nav/install/rmoss_interfaces/include/rmoss_interfaces/rmoss_interfaces/msg/detail/gimbal_cmd__rosidl_typesupport_fastrtps_cpp.hpp
[0.478s] -- Up-to-date symlink: /home/yy/sight/pfa-nav/install/rmoss_interfaces/include/rmoss_interfaces/rmoss_interfaces/msg/detail/referee_cmd__rosidl_typesupport_fastrtps_cpp.hpp
[0.478s] -- Up-to-date symlink: /home/yy/sight/pfa-nav/install/rmoss_interfaces/include/rmoss_interfaces/rmoss_interfaces/msg/detail/rfid_status__rosidl_typesupport_fastrtps_cpp.hpp
[0.478s] -- Up-to-date symlink: /home/yy/sight/pfa-nav/install/rmoss_interfaces/include/rmoss_interfaces/rmoss_interfaces/msg/detail/rfid_status_array__rosidl_typesupport_fastrtps_cpp.hpp
[0.478s] -- Up-to-date symlink: /home/yy/sight/pfa-nav/install/rmoss_interfaces/include/rmoss_interfaces/rmoss_interfaces/msg/detail/robot_status__rosidl_typesupport_fastrtps_cpp.hpp
[0.478s] -- Up-to-date symlink: /home/yy/sight/pfa-nav/install/rmoss_interfaces/include/rmoss_interfaces/rmoss_interfaces/msg/detail/shoot_cmd__rosidl_typesupport_fastrtps_cpp.hpp
[0.478s] -- Up-to-date symlink: /home/yy/sight/pfa-nav/install/rmoss_interfaces/include/rmoss_interfaces/rmoss_interfaces/msg/rosidl_typesupport_fastrtps_cpp__visibility_control.h
[0.478s] -- Up-to-date symlink: /home/yy/sight/pfa-nav/install/rmoss_interfaces/include/rmoss_interfaces/rmoss_interfaces/srv/detail/control_task__rosidl_typesupport_fastrtps_cpp.hpp
[0.478s] -- Up-to-date symlink: /home/yy/sight/pfa-nav/install/rmoss_interfaces/include/rmoss_interfaces/rmoss_interfaces/srv/detail/exchange_ammon__rosidl_typesupport_fastrtps_cpp.hpp
[0.478s] -- Up-to-date symlink: /home/yy/sight/pfa-nav/install/rmoss_interfaces/include/rmoss_interfaces/rmoss_interfaces/srv/detail/get_camera_info__rosidl_typesupport_fastrtps_cpp.hpp
[0.478s] -- Up-to-date symlink: /home/yy/sight/pfa-nav/install/rmoss_interfaces/include/rmoss_interfaces/rmoss_interfaces/srv/detail/get_mode__rosidl_typesupport_fastrtps_cpp.hpp
[0.478s] -- Up-to-date symlink: /home/yy/sight/pfa-nav/install/rmoss_interfaces/include/rmoss_interfaces/rmoss_interfaces/srv/detail/get_task_status__rosidl_typesupport_fastrtps_cpp.hpp
[0.478s] -- Up-to-date symlink: /home/yy/sight/pfa-nav/install/rmoss_interfaces/include/rmoss_interfaces/rmoss_interfaces/srv/detail/set_color__rosidl_typesupport_fastrtps_cpp.hpp
[0.479s] -- Up-to-date symlink: /home/yy/sight/pfa-nav/install/rmoss_interfaces/include/rmoss_interfaces/rmoss_interfaces/srv/detail/set_mode__rosidl_typesupport_fastrtps_cpp.hpp
[0.479s] -- Up-to-date symlink: /home/yy/sight/pfa-nav/install/rmoss_interfaces/include/rmoss_interfaces/rmoss_interfaces/msg/detail/chassis_cmd__rosidl_typesupport_introspection_c.h
[0.479s] -- Up-to-date symlink: /home/yy/sight/pfa-nav/install/rmoss_interfaces/include/rmoss_interfaces/rmoss_interfaces/msg/detail/exchange_ammon__rosidl_typesupport_introspection_c.h
[0.479s] -- Up-to-date symlink: /home/yy/sight/pfa-nav/install/rmoss_interfaces/include/rmoss_interfaces/rmoss_interfaces/msg/detail/game_status__rosidl_typesupport_introspection_c.h
[0.479s] -- Up-to-date symlink: /home/yy/sight/pfa-nav/install/rmoss_interfaces/include/rmoss_interfaces/rmoss_interfaces/msg/detail/gimbal__rosidl_typesupport_introspection_c.h
[0.479s] -- Up-to-date symlink: /home/yy/sight/pfa-nav/install/rmoss_interfaces/include/rmoss_interfaces/rmoss_interfaces/msg/detail/gimbal_cmd__rosidl_typesupport_introspection_c.h
[0.479s] -- Up-to-date symlink: /home/yy/sight/pfa-nav/install/rmoss_interfaces/include/rmoss_interfaces/rmoss_interfaces/msg/detail/referee_cmd__rosidl_typesupport_introspection_c.h
[0.479s] -- Up-to-date symlink: /home/yy/sight/pfa-nav/install/rmoss_interfaces/include/rmoss_interfaces/rmoss_interfaces/msg/detail/rfid_status__rosidl_typesupport_introspection_c.h
[0.479s] -- Up-to-date symlink: /home/yy/sight/pfa-nav/install/rmoss_interfaces/include/rmoss_interfaces/rmoss_interfaces/msg/detail/rfid_status_array__rosidl_typesupport_introspection_c.h
[0.479s] -- Up-to-date symlink: /home/yy/sight/pfa-nav/install/rmoss_interfaces/include/rmoss_interfaces/rmoss_interfaces/msg/detail/robot_status__rosidl_typesupport_introspection_c.h
[0.479s] -- Up-to-date symlink: /home/yy/sight/pfa-nav/install/rmoss_interfaces/include/rmoss_interfaces/rmoss_interfaces/msg/detail/shoot_cmd__rosidl_typesupport_introspection_c.h
[0.479s] -- Up-to-date symlink: /home/yy/sight/pfa-nav/install/rmoss_interfaces/include/rmoss_interfaces/rmoss_interfaces/msg/rosidl_typesupport_introspection_c__visibility_control.h
[0.479s] -- Up-to-date symlink: /home/yy/sight/pfa-nav/install/rmoss_interfaces/include/rmoss_interfaces/rmoss_interfaces/srv/detail/control_task__rosidl_typesupport_introspection_c.h
[0.479s] -- Up-to-date symlink: /home/yy/sight/pfa-nav/install/rmoss_interfaces/include/rmoss_interfaces/rmoss_interfaces/srv/detail/exchange_ammon__rosidl_typesupport_introspection_c.h
[0.479s] -- Up-to-date symlink: /home/yy/sight/pfa-nav/install/rmoss_interfaces/include/rmoss_interfaces/rmoss_interfaces/srv/detail/get_camera_info__rosidl_typesupport_introspection_c.h
[0.479s] -- Up-to-date symlink: /home/yy/sight/pfa-nav/install/rmoss_interfaces/include/rmoss_interfaces/rmoss_interfaces/srv/detail/get_mode__rosidl_typesupport_introspection_c.h
[0.480s] -- Up-to-date symlink: /home/yy/sight/pfa-nav/install/rmoss_interfaces/include/rmoss_interfaces/rmoss_interfaces/srv/detail/get_task_status__rosidl_typesupport_introspection_c.h
[0.480s] -- Up-to-date symlink: /home/yy/sight/pfa-nav/install/rmoss_interfaces/include/rmoss_interfaces/rmoss_interfaces/srv/detail/set_color__rosidl_typesupport_introspection_c.h
[0.480s] -- Up-to-date symlink: /home/yy/sight/pfa-nav/install/rmoss_interfaces/include/rmoss_interfaces/rmoss_interfaces/srv/detail/set_mode__rosidl_typesupport_introspection_c.h
[0.480s] -- Up-to-date symlink: /home/yy/sight/pfa-nav/install/rmoss_interfaces/include/rmoss_interfaces/rmoss_interfaces/msg/detail/chassis_cmd__rosidl_typesupport_introspection_cpp.hpp
[0.480s] -- Up-to-date symlink: /home/yy/sight/pfa-nav/install/rmoss_interfaces/include/rmoss_interfaces/rmoss_interfaces/msg/detail/exchange_ammon__rosidl_typesupport_introspection_cpp.hpp
[0.480s] -- Up-to-date symlink: /home/yy/sight/pfa-nav/install/rmoss_interfaces/include/rmoss_interfaces/rmoss_interfaces/msg/detail/game_status__rosidl_typesupport_introspection_cpp.hpp
[0.480s] -- Up-to-date symlink: /home/yy/sight/pfa-nav/install/rmoss_interfaces/include/rmoss_interfaces/rmoss_interfaces/msg/detail/gimbal__rosidl_typesupport_introspection_cpp.hpp
[0.480s] -- Up-to-date symlink: /home/yy/sight/pfa-nav/install/rmoss_interfaces/include/rmoss_interfaces/rmoss_interfaces/msg/detail/gimbal_cmd__rosidl_typesupport_introspection_cpp.hpp
[0.480s] -- Up-to-date symlink: /home/yy/sight/pfa-nav/install/rmoss_interfaces/include/rmoss_interfaces/rmoss_interfaces/msg/detail/referee_cmd__rosidl_typesupport_introspection_cpp.hpp
[0.480s] -- Up-to-date symlink: /home/yy/sight/pfa-nav/install/rmoss_interfaces/include/rmoss_interfaces/rmoss_interfaces/msg/detail/rfid_status__rosidl_typesupport_introspection_cpp.hpp
[0.480s] -- Up-to-date symlink: /home/yy/sight/pfa-nav/install/rmoss_interfaces/include/rmoss_interfaces/rmoss_interfaces/msg/detail/rfid_status_array__rosidl_typesupport_introspection_cpp.hpp
[0.480s] -- Up-to-date symlink: /home/yy/sight/pfa-nav/install/rmoss_interfaces/include/rmoss_interfaces/rmoss_interfaces/msg/detail/robot_status__rosidl_typesupport_introspection_cpp.hpp
[0.480s] -- Up-to-date symlink: /home/yy/sight/pfa-nav/install/rmoss_interfaces/include/rmoss_interfaces/rmoss_interfaces/msg/detail/shoot_cmd__rosidl_typesupport_introspection_cpp.hpp
[0.481s] -- Up-to-date symlink: /home/yy/sight/pfa-nav/install/rmoss_interfaces/include/rmoss_interfaces/rmoss_interfaces/srv/detail/control_task__rosidl_typesupport_introspection_cpp.hpp
[0.481s] -- Up-to-date symlink: /home/yy/sight/pfa-nav/install/rmoss_interfaces/include/rmoss_interfaces/rmoss_interfaces/srv/detail/exchange_ammon__rosidl_typesupport_introspection_cpp.hpp
[0.481s] -- Up-to-date symlink: /home/yy/sight/pfa-nav/install/rmoss_interfaces/include/rmoss_interfaces/rmoss_interfaces/srv/detail/get_camera_info__rosidl_typesupport_introspection_cpp.hpp
[0.481s] -- Up-to-date symlink: /home/yy/sight/pfa-nav/install/rmoss_interfaces/include/rmoss_interfaces/rmoss_interfaces/srv/detail/get_mode__rosidl_typesupport_introspection_cpp.hpp
[0.481s] -- Up-to-date symlink: /home/yy/sight/pfa-nav/install/rmoss_interfaces/include/rmoss_interfaces/rmoss_interfaces/srv/detail/get_task_status__rosidl_typesupport_introspection_cpp.hpp
[0.481s] -- Up-to-date symlink: /home/yy/sight/pfa-nav/install/rmoss_interfaces/include/rmoss_interfaces/rmoss_interfaces/srv/detail/set_color__rosidl_typesupport_introspection_cpp.hpp
[0.481s] -- Up-to-date symlink: /home/yy/sight/pfa-nav/install/rmoss_interfaces/include/rmoss_interfaces/rmoss_interfaces/srv/detail/set_mode__rosidl_typesupport_introspection_cpp.hpp
[0.481s] -- Up-to-date symlink: /home/yy/sight/pfa-nav/install/rmoss_interfaces/share/rmoss_interfaces/environment/pythonpath.sh
[0.481s] -- Up-to-date symlink: /home/yy/sight/pfa-nav/install/rmoss_interfaces/share/rmoss_interfaces/environment/pythonpath.dsv
[0.481s] -- Up-to-date symlink: /home/yy/sight/pfa-nav/install/rmoss_interfaces/local/lib/python3.10/dist-packages/rmoss_interfaces-0.9.0-py3.10.egg-info/PKG-INFO
[0.482s] -- Up-to-date symlink: /home/yy/sight/pfa-nav/install/rmoss_interfaces/local/lib/python3.10/dist-packages/rmoss_interfaces-0.9.0-py3.10.egg-info/SOURCES.txt
[0.482s] -- Up-to-date symlink: /home/yy/sight/pfa-nav/install/rmoss_interfaces/local/lib/python3.10/dist-packages/rmoss_interfaces-0.9.0-py3.10.egg-info/dependency_links.txt
[0.482s] -- Up-to-date symlink: /home/yy/sight/pfa-nav/install/rmoss_interfaces/local/lib/python3.10/dist-packages/rmoss_interfaces-0.9.0-py3.10.egg-info/top_level.txt
[0.482s] -- Up-to-date symlink: /home/yy/sight/pfa-nav/install/rmoss_interfaces/local/lib/python3.10/dist-packages/rmoss_interfaces/__init__.py
[0.482s] -- Up-to-date symlink: /home/yy/sight/pfa-nav/install/rmoss_interfaces/local/lib/python3.10/dist-packages/rmoss_interfaces/_rmoss_interfaces_s.ep.rosidl_typesupport_c.c
[0.482s] -- Up-to-date symlink: /home/yy/sight/pfa-nav/install/rmoss_interfaces/local/lib/python3.10/dist-packages/rmoss_interfaces/_rmoss_interfaces_s.ep.rosidl_typesupport_fastrtps_c.c
[0.482s] -- Up-to-date symlink: /home/yy/sight/pfa-nav/install/rmoss_interfaces/local/lib/python3.10/dist-packages/rmoss_interfaces/_rmoss_interfaces_s.ep.rosidl_typesupport_introspection_c.c
[0.482s] -- Up-to-date symlink: /home/yy/sight/pfa-nav/install/rmoss_interfaces/local/lib/python3.10/dist-packages/rmoss_interfaces/librmoss_interfaces__rosidl_generator_py.so
[0.482s] -- Up-to-date symlink: /home/yy/sight/pfa-nav/install/rmoss_interfaces/local/lib/python3.10/dist-packages/rmoss_interfaces/msg/__init__.py
[0.482s] -- Up-to-date symlink: /home/yy/sight/pfa-nav/install/rmoss_interfaces/local/lib/python3.10/dist-packages/rmoss_interfaces/msg/_chassis_cmd.py
[0.482s] -- Up-to-date symlink: /home/yy/sight/pfa-nav/install/rmoss_interfaces/local/lib/python3.10/dist-packages/rmoss_interfaces/msg/_chassis_cmd_s.c
[0.483s] -- Up-to-date symlink: /home/yy/sight/pfa-nav/install/rmoss_interfaces/local/lib/python3.10/dist-packages/rmoss_interfaces/msg/_exchange_ammon.py
[0.483s] -- Up-to-date symlink: /home/yy/sight/pfa-nav/install/rmoss_interfaces/local/lib/python3.10/dist-packages/rmoss_interfaces/msg/_exchange_ammon_s.c
[0.483s] -- Up-to-date symlink: /home/yy/sight/pfa-nav/install/rmoss_interfaces/local/lib/python3.10/dist-packages/rmoss_interfaces/msg/_game_status.py
[0.483s] -- Up-to-date symlink: /home/yy/sight/pfa-nav/install/rmoss_interfaces/local/lib/python3.10/dist-packages/rmoss_interfaces/msg/_game_status_s.c
[0.483s] -- Up-to-date symlink: /home/yy/sight/pfa-nav/install/rmoss_interfaces/local/lib/python3.10/dist-packages/rmoss_interfaces/msg/_gimbal.py
[0.483s] -- Up-to-date symlink: /home/yy/sight/pfa-nav/install/rmoss_interfaces/local/lib/python3.10/dist-packages/rmoss_interfaces/msg/_gimbal_cmd.py
[0.483s] -- Up-to-date symlink: /home/yy/sight/pfa-nav/install/rmoss_interfaces/local/lib/python3.10/dist-packages/rmoss_interfaces/msg/_gimbal_cmd_s.c
[0.483s] -- Up-to-date symlink: /home/yy/sight/pfa-nav/install/rmoss_interfaces/local/lib/python3.10/dist-packages/rmoss_interfaces/msg/_gimbal_s.c
[0.483s] -- Up-to-date symlink: /home/yy/sight/pfa-nav/install/rmoss_interfaces/local/lib/python3.10/dist-packages/rmoss_interfaces/msg/_referee_cmd.py
[0.483s] -- Up-to-date symlink: /home/yy/sight/pfa-nav/install/rmoss_interfaces/local/lib/python3.10/dist-packages/rmoss_interfaces/msg/_referee_cmd_s.c
[0.483s] -- Up-to-date symlink: /home/yy/sight/pfa-nav/install/rmoss_interfaces/local/lib/python3.10/dist-packages/rmoss_interfaces/msg/_rfid_status.py
[0.483s] -- Up-to-date symlink: /home/yy/sight/pfa-nav/install/rmoss_interfaces/local/lib/python3.10/dist-packages/rmoss_interfaces/msg/_rfid_status_array.py
[0.483s] -- Up-to-date symlink: /home/yy/sight/pfa-nav/install/rmoss_interfaces/local/lib/python3.10/dist-packages/rmoss_interfaces/msg/_rfid_status_array_s.c
[0.483s] -- Up-to-date symlink: /home/yy/sight/pfa-nav/install/rmoss_interfaces/local/lib/python3.10/dist-packages/rmoss_interfaces/msg/_rfid_status_s.c
[0.483s] -- Up-to-date symlink: /home/yy/sight/pfa-nav/install/rmoss_interfaces/local/lib/python3.10/dist-packages/rmoss_interfaces/msg/_robot_status.py
[0.483s] -- Up-to-date symlink: /home/yy/sight/pfa-nav/install/rmoss_interfaces/local/lib/python3.10/dist-packages/rmoss_interfaces/msg/_robot_status_s.c
[0.483s] -- Up-to-date symlink: /home/yy/sight/pfa-nav/install/rmoss_interfaces/local/lib/python3.10/dist-packages/rmoss_interfaces/msg/_shoot_cmd.py
[0.483s] -- Up-to-date symlink: /home/yy/sight/pfa-nav/install/rmoss_interfaces/local/lib/python3.10/dist-packages/rmoss_interfaces/msg/_shoot_cmd_s.c
[0.483s] -- Up-to-date symlink: /home/yy/sight/pfa-nav/install/rmoss_interfaces/local/lib/python3.10/dist-packages/rmoss_interfaces/rmoss_interfaces_s__rosidl_typesupport_c.cpython-310-x86_64-linux-gnu.so
[0.483s] -- Up-to-date symlink: /home/yy/sight/pfa-nav/install/rmoss_interfaces/local/lib/python3.10/dist-packages/rmoss_interfaces/rmoss_interfaces_s__rosidl_typesupport_fastrtps_c.cpython-310-x86_64-linux-gnu.so
[0.484s] -- Up-to-date symlink: /home/yy/sight/pfa-nav/install/rmoss_interfaces/local/lib/python3.10/dist-packages/rmoss_interfaces/rmoss_interfaces_s__rosidl_typesupport_introspection_c.cpython-310-x86_64-linux-gnu.so
[0.484s] -- Up-to-date symlink: /home/yy/sight/pfa-nav/install/rmoss_interfaces/local/lib/python3.10/dist-packages/rmoss_interfaces/srv/__init__.py
[0.484s] -- Up-to-date symlink: /home/yy/sight/pfa-nav/install/rmoss_interfaces/local/lib/python3.10/dist-packages/rmoss_interfaces/srv/_control_task.py
[0.484s] -- Up-to-date symlink: /home/yy/sight/pfa-nav/install/rmoss_interfaces/local/lib/python3.10/dist-packages/rmoss_interfaces/srv/_control_task_s.c
[0.484s] -- Up-to-date symlink: /home/yy/sight/pfa-nav/install/rmoss_interfaces/local/lib/python3.10/dist-packages/rmoss_interfaces/srv/_exchange_ammon.py
[0.484s] -- Up-to-date symlink: /home/yy/sight/pfa-nav/install/rmoss_interfaces/local/lib/python3.10/dist-packages/rmoss_interfaces/srv/_exchange_ammon_s.c
[0.484s] -- Up-to-date symlink: /home/yy/sight/pfa-nav/install/rmoss_interfaces/local/lib/python3.10/dist-packages/rmoss_interfaces/srv/_get_camera_info.py
[0.484s] -- Up-to-date symlink: /home/yy/sight/pfa-nav/install/rmoss_interfaces/local/lib/python3.10/dist-packages/rmoss_interfaces/srv/_get_camera_info_s.c
[0.484s] -- Up-to-date symlink: /home/yy/sight/pfa-nav/install/rmoss_interfaces/local/lib/python3.10/dist-packages/rmoss_interfaces/srv/_get_mode.py
[0.484s] -- Up-to-date symlink: /home/yy/sight/pfa-nav/install/rmoss_interfaces/local/lib/python3.10/dist-packages/rmoss_interfaces/srv/_get_mode_s.c
[0.485s] -- Up-to-date symlink: /home/yy/sight/pfa-nav/install/rmoss_interfaces/local/lib/python3.10/dist-packages/rmoss_interfaces/srv/_get_task_status.py
[0.485s] -- Up-to-date symlink: /home/yy/sight/pfa-nav/install/rmoss_interfaces/local/lib/python3.10/dist-packages/rmoss_interfaces/srv/_get_task_status_s.c
[0.485s] -- Up-to-date symlink: /home/yy/sight/pfa-nav/install/rmoss_interfaces/local/lib/python3.10/dist-packages/rmoss_interfaces/srv/_set_color.py
[0.485s] -- Up-to-date symlink: /home/yy/sight/pfa-nav/install/rmoss_interfaces/local/lib/python3.10/dist-packages/rmoss_interfaces/srv/_set_color_s.c
[0.485s] -- Up-to-date symlink: /home/yy/sight/pfa-nav/install/rmoss_interfaces/local/lib/python3.10/dist-packages/rmoss_interfaces/srv/_set_mode.py
[0.485s] -- Up-to-date symlink: /home/yy/sight/pfa-nav/install/rmoss_interfaces/local/lib/python3.10/dist-packages/rmoss_interfaces/srv/_set_mode_s.c
[0.485s] -- Up-to-date symlink: /home/yy/sight/pfa-nav/install/rmoss_interfaces/local/lib/python3.10/dist-packages/rmoss_interfaces/rmoss_interfaces_s__rosidl_typesupport_fastrtps_c.cpython-310-x86_64-linux-gnu.so
[0.485s] -- Up-to-date symlink: /home/yy/sight/pfa-nav/install/rmoss_interfaces/local/lib/python3.10/dist-packages/rmoss_interfaces/rmoss_interfaces_s__rosidl_typesupport_introspection_c.cpython-310-x86_64-linux-gnu.so
[0.485s] -- Up-to-date symlink: /home/yy/sight/pfa-nav/install/rmoss_interfaces/local/lib/python3.10/dist-packages/rmoss_interfaces/rmoss_interfaces_s__rosidl_typesupport_c.cpython-310-x86_64-linux-gnu.so
[0.485s] -- Up-to-date symlink: /home/yy/sight/pfa-nav/install/rmoss_interfaces/share/rmoss_interfaces/msg/RefereeCmd.idl
[0.486s] -- Up-to-date symlink: /home/yy/sight/pfa-nav/install/rmoss_interfaces/share/rmoss_interfaces/msg/GameStatus.idl
[0.486s] -- Up-to-date symlink: /home/yy/sight/pfa-nav/install/rmoss_interfaces/share/rmoss_interfaces/msg/RobotStatus.idl
[0.486s] -- Up-to-date symlink: /home/yy/sight/pfa-nav/install/rmoss_interfaces/share/rmoss_interfaces/msg/RfidStatus.idl
[0.486s] -- Up-to-date symlink: /home/yy/sight/pfa-nav/install/rmoss_interfaces/share/rmoss_interfaces/msg/RfidStatusArray.idl
[0.487s] -- Up-to-date symlink: /home/yy/sight/pfa-nav/install/rmoss_interfaces/share/rmoss_interfaces/msg/ExchangeAmmon.idl
[0.487s] -- Up-to-date symlink: /home/yy/sight/pfa-nav/install/rmoss_interfaces/share/rmoss_interfaces/msg/Gimbal.idl
[0.487s] -- Up-to-date symlink: /home/yy/sight/pfa-nav/install/rmoss_interfaces/share/rmoss_interfaces/msg/GimbalCmd.idl
[0.487s] -- Up-to-date symlink: /home/yy/sight/pfa-nav/install/rmoss_interfaces/share/rmoss_interfaces/msg/ShootCmd.idl
[0.487s] -- Up-to-date symlink: /home/yy/sight/pfa-nav/install/rmoss_interfaces/share/rmoss_interfaces/msg/ChassisCmd.idl
[0.488s] -- Up-to-date symlink: /home/yy/sight/pfa-nav/install/rmoss_interfaces/share/rmoss_interfaces/srv/SetColor.idl
[0.488s] -- Up-to-date symlink: /home/yy/sight/pfa-nav/install/rmoss_interfaces/share/rmoss_interfaces/srv/SetMode.idl
[0.488s] -- Up-to-date symlink: /home/yy/sight/pfa-nav/install/rmoss_interfaces/share/rmoss_interfaces/srv/GetMode.idl
[0.488s] -- Up-to-date symlink: /home/yy/sight/pfa-nav/install/rmoss_interfaces/share/rmoss_interfaces/srv/GetCameraInfo.idl
[0.488s] -- Up-to-date symlink: /home/yy/sight/pfa-nav/install/rmoss_interfaces/share/rmoss_interfaces/srv/GetTaskStatus.idl
[0.488s] -- Up-to-date symlink: /home/yy/sight/pfa-nav/install/rmoss_interfaces/share/rmoss_interfaces/srv/ControlTask.idl
[0.488s] -- Up-to-date symlink: /home/yy/sight/pfa-nav/install/rmoss_interfaces/share/rmoss_interfaces/srv/ExchangeAmmon.idl
[0.488s] -- Up-to-date symlink: /home/yy/sight/pfa-nav/install/rmoss_interfaces/share/rmoss_interfaces/referee/RefereeCmd.msg
[0.488s] -- Up-to-date symlink: /home/yy/sight/pfa-nav/install/rmoss_interfaces/share/rmoss_interfaces/referee/GameStatus.msg
[0.488s] -- Up-to-date symlink: /home/yy/sight/pfa-nav/install/rmoss_interfaces/share/rmoss_interfaces/referee/RobotStatus.msg
[0.488s] -- Up-to-date symlink: /home/yy/sight/pfa-nav/install/rmoss_interfaces/share/rmoss_interfaces/referee/RfidStatus.msg
[0.489s] -- Up-to-date symlink: /home/yy/sight/pfa-nav/install/rmoss_interfaces/share/rmoss_interfaces/referee/RfidStatusArray.msg
[0.489s] -- Up-to-date symlink: /home/yy/sight/pfa-nav/install/rmoss_interfaces/share/rmoss_interfaces/referee/ExchangeAmmon.msg
[0.489s] -- Up-to-date symlink: /home/yy/sight/pfa-nav/install/rmoss_interfaces/share/rmoss_interfaces/msg/Gimbal.msg
[0.489s] -- Up-to-date symlink: /home/yy/sight/pfa-nav/install/rmoss_interfaces/share/rmoss_interfaces/msg/GimbalCmd.msg
[0.489s] -- Up-to-date symlink: /home/yy/sight/pfa-nav/install/rmoss_interfaces/share/rmoss_interfaces/msg/ShootCmd.msg
[0.489s] -- Up-to-date symlink: /home/yy/sight/pfa-nav/install/rmoss_interfaces/share/rmoss_interfaces/msg/ChassisCmd.msg
[0.489s] -- Up-to-date symlink: /home/yy/sight/pfa-nav/install/rmoss_interfaces/share/rmoss_interfaces/srv/SetColor.srv
[0.489s] -- Up-to-date symlink: /home/yy/sight/pfa-nav/install/rmoss_interfaces/share/rmoss_interfaces/srv/SetColor_Request.msg
[0.489s] -- Up-to-date symlink: /home/yy/sight/pfa-nav/install/rmoss_interfaces/share/rmoss_interfaces/srv/SetColor_Response.msg
[0.489s] -- Up-to-date symlink: /home/yy/sight/pfa-nav/install/rmoss_interfaces/share/rmoss_interfaces/srv/SetMode.srv
[0.490s] -- Up-to-date symlink: /home/yy/sight/pfa-nav/install/rmoss_interfaces/share/rmoss_interfaces/srv/SetMode_Request.msg
[0.490s] -- Up-to-date symlink: /home/yy/sight/pfa-nav/install/rmoss_interfaces/share/rmoss_interfaces/srv/SetMode_Response.msg
[0.490s] -- Up-to-date symlink: /home/yy/sight/pfa-nav/install/rmoss_interfaces/share/rmoss_interfaces/srv/GetMode.srv
[0.490s] -- Up-to-date symlink: /home/yy/sight/pfa-nav/install/rmoss_interfaces/share/rmoss_interfaces/srv/GetMode_Request.msg
[0.490s] -- Up-to-date symlink: /home/yy/sight/pfa-nav/install/rmoss_interfaces/share/rmoss_interfaces/srv/GetMode_Response.msg
[0.490s] -- Up-to-date symlink: /home/yy/sight/pfa-nav/install/rmoss_interfaces/share/rmoss_interfaces/srv/GetCameraInfo.srv
[0.491s] -- Up-to-date symlink: /home/yy/sight/pfa-nav/install/rmoss_interfaces/share/rmoss_interfaces/srv/GetCameraInfo_Request.msg
[0.491s] -- Up-to-date symlink: /home/yy/sight/pfa-nav/install/rmoss_interfaces/share/rmoss_interfaces/srv/GetCameraInfo_Response.msg
[0.491s] -- Up-to-date symlink: /home/yy/sight/pfa-nav/install/rmoss_interfaces/share/rmoss_interfaces/srv/GetTaskStatus.srv
[0.491s] -- Up-to-date symlink: /home/yy/sight/pfa-nav/install/rmoss_interfaces/share/rmoss_interfaces/srv/GetTaskStatus_Request.msg
[0.493s] -- Up-to-date symlink: /home/yy/sight/pfa-nav/install/rmoss_interfaces/share/rmoss_interfaces/srv/GetTaskStatus_Response.msg
[0.493s] -- Up-to-date symlink: /home/yy/sight/pfa-nav/install/rmoss_interfaces/share/rmoss_interfaces/srv/ControlTask.srv
[0.493s] -- Up-to-date symlink: /home/yy/sight/pfa-nav/install/rmoss_interfaces/share/rmoss_interfaces/srv/ControlTask_Request.msg
[0.493s] -- Up-to-date symlink: /home/yy/sight/pfa-nav/install/rmoss_interfaces/share/rmoss_interfaces/srv/ControlTask_Response.msg
[0.494s] -- Up-to-date symlink: /home/yy/sight/pfa-nav/install/rmoss_interfaces/share/rmoss_interfaces/srv/ExchangeAmmon.srv
[0.494s] -- Up-to-date symlink: /home/yy/sight/pfa-nav/install/rmoss_interfaces/share/rmoss_interfaces/srv/ExchangeAmmon_Request.msg
[0.494s] -- Up-to-date symlink: /home/yy/sight/pfa-nav/install/rmoss_interfaces/share/rmoss_interfaces/srv/ExchangeAmmon_Response.msg
[0.494s] -- Up-to-date symlink: /home/yy/sight/pfa-nav/install/rmoss_interfaces/share/ament_index/resource_index/package_run_dependencies/rmoss_interfaces
[0.494s] -- Up-to-date symlink: /home/yy/sight/pfa-nav/install/rmoss_interfaces/share/ament_index/resource_index/parent_prefix_path/rmoss_interfaces
[0.494s] -- Up-to-date symlink: /home/yy/sight/pfa-nav/install/rmoss_interfaces/share/rmoss_interfaces/environment/ament_prefix_path.sh
[0.494s] -- Up-to-date symlink: /home/yy/sight/pfa-nav/install/rmoss_interfaces/share/rmoss_interfaces/environment/ament_prefix_path.dsv
[0.494s] -- Up-to-date symlink: /home/yy/sight/pfa-nav/install/rmoss_interfaces/share/rmoss_interfaces/environment/path.sh
[0.494s] -- Up-to-date symlink: /home/yy/sight/pfa-nav/install/rmoss_interfaces/share/rmoss_interfaces/environment/path.dsv
[0.494s] -- Up-to-date symlink: /home/yy/sight/pfa-nav/install/rmoss_interfaces/share/rmoss_interfaces/local_setup.bash
[0.494s] -- Up-to-date symlink: /home/yy/sight/pfa-nav/install/rmoss_interfaces/share/rmoss_interfaces/local_setup.sh
[0.494s] -- Up-to-date symlink: /home/yy/sight/pfa-nav/install/rmoss_interfaces/share/rmoss_interfaces/local_setup.zsh
[0.494s] -- Up-to-date symlink: /home/yy/sight/pfa-nav/install/rmoss_interfaces/share/rmoss_interfaces/local_setup.dsv
[0.495s] -- Symlinking: /home/yy/sight/pfa-nav/install/rmoss_interfaces/share/rmoss_interfaces/package.dsv
[0.495s] -- Up-to-date symlink: /home/yy/sight/pfa-nav/install/rmoss_interfaces/share/ament_index/resource_index/packages/rmoss_interfaces
[0.495s] -- Up-to-date symlink: /home/yy/sight/pfa-nav/install/rmoss_interfaces/share/rmoss_interfaces/cmake/rosidl_cmake-extras.cmake
[0.495s] -- Up-to-date symlink: /home/yy/sight/pfa-nav/install/rmoss_interfaces/share/rmoss_interfaces/cmake/ament_cmake_export_dependencies-extras.cmake
[0.495s] -- Up-to-date symlink: /home/yy/sight/pfa-nav/install/rmoss_interfaces/share/rmoss_interfaces/cmake/ament_cmake_export_include_directories-extras.cmake
[0.495s] -- Up-to-date symlink: /home/yy/sight/pfa-nav/install/rmoss_interfaces/share/rmoss_interfaces/cmake/ament_cmake_export_libraries-extras.cmake
[0.496s] -- Up-to-date symlink: /home/yy/sight/pfa-nav/install/rmoss_interfaces/share/rmoss_interfaces/cmake/ament_cmake_export_targets-extras.cmake
[0.496s] -- Up-to-date symlink: /home/yy/sight/pfa-nav/install/rmoss_interfaces/share/rmoss_interfaces/cmake/rosidl_cmake_export_typesupport_targets-extras.cmake
[0.496s] -- Up-to-date symlink: /home/yy/sight/pfa-nav/install/rmoss_interfaces/share/rmoss_interfaces/cmake/rosidl_cmake_export_typesupport_libraries-extras.cmake
[0.496s] -- Up-to-date symlink: /home/yy/sight/pfa-nav/install/rmoss_interfaces/share/rmoss_interfaces/cmake/rmoss_interfacesConfig.cmake
[0.496s] -- Up-to-date symlink: /home/yy/sight/pfa-nav/install/rmoss_interfaces/share/rmoss_interfaces/cmake/rmoss_interfacesConfig-version.cmake
[0.496s] -- Up-to-date symlink: /home/yy/sight/pfa-nav/install/rmoss_interfaces/share/rmoss_interfaces/package.xml
[0.496s] -- Up-to-date: /home/yy/sight/pfa-nav/install/rmoss_interfaces/lib/librmoss_interfaces__rosidl_generator_c.so
[0.496s] -- Up-to-date: /home/yy/sight/pfa-nav/install/rmoss_interfaces/lib/librmoss_interfaces__rosidl_typesupport_fastrtps_c.so
[0.496s] -- Up-to-date: /home/yy/sight/pfa-nav/install/rmoss_interfaces/lib/librmoss_interfaces__rosidl_typesupport_fastrtps_cpp.so
[0.496s] -- Up-to-date: /home/yy/sight/pfa-nav/install/rmoss_interfaces/lib/librmoss_interfaces__rosidl_typesupport_introspection_c.so
[0.497s] -- Up-to-date: /home/yy/sight/pfa-nav/install/rmoss_interfaces/lib/librmoss_interfaces__rosidl_typesupport_c.so
[0.497s] -- Up-to-date: /home/yy/sight/pfa-nav/install/rmoss_interfaces/lib/librmoss_interfaces__rosidl_typesupport_introspection_cpp.so
[0.497s] -- Up-to-date: /home/yy/sight/pfa-nav/install/rmoss_interfaces/lib/librmoss_interfaces__rosidl_typesupport_cpp.so
[0.529s] Listing '/home/yy/sight/pfa-nav/install/rmoss_interfaces/local/lib/python3.10/dist-packages/rmoss_interfaces'...
[0.529s] Listing '/home/yy/sight/pfa-nav/install/rmoss_interfaces/local/lib/python3.10/dist-packages/rmoss_interfaces/msg'...
[0.529s] Listing '/home/yy/sight/pfa-nav/install/rmoss_interfaces/local/lib/python3.10/dist-packages/rmoss_interfaces/srv'...
[0.533s] -- Up-to-date: /home/yy/sight/pfa-nav/install/rmoss_interfaces/lib/librmoss_interfaces__rosidl_generator_py.so
[0.533s] -- Up-to-date: /home/yy/sight/pfa-nav/install/rmoss_interfaces/share/rmoss_interfaces/cmake/export_rmoss_interfaces__rosidl_generator_cExport.cmake
[0.533s] -- Up-to-date: /home/yy/sight/pfa-nav/install/rmoss_interfaces/share/rmoss_interfaces/cmake/export_rmoss_interfaces__rosidl_generator_cExport-release.cmake
[0.535s] -- Up-to-date: /home/yy/sight/pfa-nav/install/rmoss_interfaces/share/rmoss_interfaces/cmake/export_rmoss_interfaces__rosidl_typesupport_fastrtps_cExport.cmake
[0.535s] -- Up-to-date: /home/yy/sight/pfa-nav/install/rmoss_interfaces/share/rmoss_interfaces/cmake/export_rmoss_interfaces__rosidl_typesupport_fastrtps_cExport-release.cmake
[0.535s] -- Up-to-date: /home/yy/sight/pfa-nav/install/rmoss_interfaces/share/rmoss_interfaces/cmake/export_rmoss_interfaces__rosidl_generator_cppExport.cmake
[0.535s] -- Up-to-date: /home/yy/sight/pfa-nav/install/rmoss_interfaces/share/rmoss_interfaces/cmake/export_rmoss_interfaces__rosidl_typesupport_fastrtps_cppExport.cmake
[0.535s] -- Up-to-date: /home/yy/sight/pfa-nav/install/rmoss_interfaces/share/rmoss_interfaces/cmake/export_rmoss_interfaces__rosidl_typesupport_fastrtps_cppExport-release.cmake
[0.535s] -- Up-to-date: /home/yy/sight/pfa-nav/install/rmoss_interfaces/share/rmoss_interfaces/cmake/rmoss_interfaces__rosidl_typesupport_introspection_cExport.cmake
[0.535s] -- Up-to-date: /home/yy/sight/pfa-nav/install/rmoss_interfaces/share/rmoss_interfaces/cmake/rmoss_interfaces__rosidl_typesupport_introspection_cExport-release.cmake
[0.535s] -- Up-to-date: /home/yy/sight/pfa-nav/install/rmoss_interfaces/share/rmoss_interfaces/cmake/rmoss_interfaces__rosidl_typesupport_cExport.cmake
[0.535s] -- Up-to-date: /home/yy/sight/pfa-nav/install/rmoss_interfaces/share/rmoss_interfaces/cmake/rmoss_interfaces__rosidl_typesupport_cExport-release.cmake
[0.536s] -- Up-to-date: /home/yy/sight/pfa-nav/install/rmoss_interfaces/share/rmoss_interfaces/cmake/rmoss_interfaces__rosidl_typesupport_introspection_cppExport.cmake
[0.536s] -- Up-to-date: /home/yy/sight/pfa-nav/install/rmoss_interfaces/share/rmoss_interfaces/cmake/rmoss_interfaces__rosidl_typesupport_introspection_cppExport-release.cmake
[0.536s] -- Up-to-date: /home/yy/sight/pfa-nav/install/rmoss_interfaces/share/rmoss_interfaces/cmake/rmoss_interfaces__rosidl_typesupport_cppExport.cmake
[0.536s] -- Up-to-date: /home/yy/sight/pfa-nav/install/rmoss_interfaces/share/rmoss_interfaces/cmake/rmoss_interfaces__rosidl_typesupport_cppExport-release.cmake
[0.536s] -- Up-to-date: /home/yy/sight/pfa-nav/install/rmoss_interfaces/share/rmoss_interfaces/cmake/export_rmoss_interfaces__rosidl_generator_pyExport.cmake
[0.536s] -- Up-to-date: /home/yy/sight/pfa-nav/install/rmoss_interfaces/share/rmoss_interfaces/cmake/export_rmoss_interfaces__rosidl_generator_pyExport-release.cmake
[0.605s] Invoked command in '/home/yy/sight/pfa-nav/build/rmoss_interfaces' returned '0': CMAKE_PREFIX_PATH=${CMAKE_PREFIX_PATH}:/home/yy/sight/pfa-nav/install/sdformat_tools:/home/yy/sight/pfa-nav/install/joint_state_publisher_gui:/home/yy/sight/pfa-nav/install/joint_state_publisher:/opt/ros/humble /usr/bin/cmake --install /home/yy/sight/pfa-nav/build/rmoss_interfaces
