[0.004s] Invoking command in '/home/yy/sight/pfa-nav/build/terrain_analysis_ext': CMAKE_PREFIX_PATH=/opt/ros/humble /usr/bin/cmake --build /home/yy/sight/pfa-nav/build/terrain_analysis_ext -- -j20 -l20
[0.022s] -- Found ament_cmake: 1.3.12 (/opt/ros/humble/share/ament_cmake/cmake)
[0.077s] -- Override CMake install command with custom implementation using symlinks instead of copying resources
[0.080s] -- Found rclcpp: 16.0.15 (/opt/ros/humble/share/rclcpp/cmake)
[0.094s] -- Found rosidl_generator_c: 3.1.7 (/opt/ros/humble/share/rosidl_generator_c/cmake)
[0.095s] -- Found rosidl_adapter: 3.1.7 (/opt/ros/humble/share/rosidl_adapter/cmake)
[0.098s] -- Found rosidl_generator_cpp: 3.1.7 (/opt/ros/humble/share/rosidl_generator_cpp/cmake)
[0.102s] -- Using all available rosidl_typesupport_c: rosidl_typesupport_fastrtps_c;rosidl_typesupport_introspection_c
[0.107s] -- Using all available rosidl_typesupport_cpp: rosidl_typesupport_fastrtps_cpp;rosidl_typesupport_introspection_cpp
[0.122s] -- Found rmw_implementation_cmake: 6.1.2 (/opt/ros/humble/share/rmw_implementation_cmake/cmake)
[0.122s] -- Found rmw_fastrtps_cpp: 6.2.9 (/opt/ros/humble/share/rmw_fastrtps_cpp/cmake)
[0.176s] -- Using RMW implementation 'rmw_fastrtps_cpp' as default
[0.199s] -- Found nav_msgs: 4.9.0 (/opt/ros/humble/share/nav_msgs/cmake)
[0.212s] -- Found sensor_msgs: 4.9.0 (/opt/ros/humble/share/sensor_msgs/cmake)
[0.219s] -- Found tf2_ros: 0.25.16 (/opt/ros/humble/share/tf2_ros/cmake)
[0.257s] -- Found tf2_geometry_msgs: 0.25.16 (/opt/ros/humble/share/tf2_geometry_msgs/cmake)
[0.258s] -- Found eigen3_cmake_module: 0.1.1 (/opt/ros/humble/share/eigen3_cmake_module/cmake)
[0.259s] -- Ensuring Eigen3 include directory is part of orocos-kdl CMake target
[0.259s] -- Found pcl_conversions: 2.4.5 (/opt/ros/humble/share/pcl_conversions/cmake)
[0.276s] -- Eigen found (include: /usr/include/eigen3, version: 3.4.0)
[0.291s] -- FLANN found (include: /usr/include, lib: /usr/lib/x86_64-linux-gnu/libflann_cpp.so)
[0.455s] -- OpenNI found (version: 1.5.4.0, include: /usr/include/ni, lib: /usr/lib/libOpenNI.so;libusb::libusb)
[0.459s] -- OpenNI2 found (version: 2.2.0.33, include: /usr/include/openni2, lib: /usr/lib/x86_64-linux-gnu/libOpenNI2.so;libusb::libusb)
[0.543s] -- Eigen found (include: /usr/include/eigen3, version: 3.4.0)
[0.547s] -- OpenNI found (version: 1.5.4.0, include: /usr/include/ni, lib: /usr/lib/libOpenNI.so;libusb::libusb)
[0.550s] -- OpenNI2 found (version: 2.2.0.33, include: /usr/include/openni2, lib: /usr/lib/x86_64-linux-gnu/libOpenNI2.so;libusb::libusb)
[0.626s] -- Found Qhull version 8.0.2
[0.703s] -- OpenNI found (version: 1.5.4.0, include: /usr/include/ni, lib: /usr/lib/libOpenNI.so;libusb::libusb)
[0.788s] -- Found pcl_ros: 2.4.5 (/opt/ros/humble/share/pcl_ros/cmake)
[0.799s] -- Found ament_lint_auto: 0.12.14 (/opt/ros/humble/share/ament_lint_auto/cmake)
[0.837s] -- Added test 'copyright' to check source files copyright and LICENSE
[0.838s] -- Added test 'cppcheck' to perform static code analysis on C / C++ code
[0.838s] -- Configured cppcheck include dirs: 
[0.838s] -- Configured cppcheck exclude dirs and/or files: 
[0.838s] -- Added test 'cpplint' to check C / C++ code against the Google style
[0.838s] -- Configured cpplint exclude dirs and/or files: 
[0.838s] -- Added test 'lint_cmake' to check CMake code style
[0.839s] -- Added test 'uncrustify' to check C / C++ code style
[0.839s] -- Configured uncrustify additional arguments: 
[0.839s] -- Added test 'xmllint' to check XML markup files
[0.840s] -- Configuring done
[0.862s] -- Generating done
[0.866s] -- Build files have been written to: /home/yy/sight/pfa-nav/build/terrain_analysis_ext
[0.889s] [35m[1mConsolidate compiler generated dependencies of target terrainAnalysisExt[0m
[0.905s] [ 50%] [32mBuilding CXX object CMakeFiles/terrainAnalysisExt.dir/src/terrainAnalysisExt.cpp.o[0m
[12.804s] [100%] [32m[1mLinking CXX executable terrainAnalysisExt[0m
[13.200s] [100%] Built target terrainAnalysisExt
[13.209s] Invoked command in '/home/yy/sight/pfa-nav/build/terrain_analysis_ext' returned '0': CMAKE_PREFIX_PATH=/opt/ros/humble /usr/bin/cmake --build /home/yy/sight/pfa-nav/build/terrain_analysis_ext -- -j20 -l20
[13.211s] Invoking command in '/home/yy/sight/pfa-nav/build/terrain_analysis_ext': CMAKE_PREFIX_PATH=/opt/ros/humble /usr/bin/cmake --install /home/yy/sight/pfa-nav/build/terrain_analysis_ext
[13.217s] -- Install configuration: "Release"
[13.218s] -- Execute custom install script
[13.218s] -- Up-to-date symlink: /home/yy/sight/pfa-nav/install/terrain_analysis_ext/lib/terrain_analysis_ext/terrainAnalysisExt
[13.218s] -- Up-to-date symlink: /home/yy/sight/pfa-nav/install/terrain_analysis_ext/share/terrain_analysis_ext/launch/terrain_analysis_ext.launch
[13.218s] -- Up-to-date symlink: /home/yy/sight/pfa-nav/install/terrain_analysis_ext/share/ament_index/resource_index/package_run_dependencies/terrain_analysis_ext
[13.218s] -- Up-to-date symlink: /home/yy/sight/pfa-nav/install/terrain_analysis_ext/share/ament_index/resource_index/parent_prefix_path/terrain_analysis_ext
[13.218s] -- Up-to-date symlink: /home/yy/sight/pfa-nav/install/terrain_analysis_ext/share/terrain_analysis_ext/environment/ament_prefix_path.sh
[13.219s] -- Up-to-date symlink: /home/yy/sight/pfa-nav/install/terrain_analysis_ext/share/terrain_analysis_ext/environment/ament_prefix_path.dsv
[13.219s] -- Up-to-date symlink: /home/yy/sight/pfa-nav/install/terrain_analysis_ext/share/terrain_analysis_ext/environment/path.sh
[13.219s] -- Up-to-date symlink: /home/yy/sight/pfa-nav/install/terrain_analysis_ext/share/terrain_analysis_ext/environment/path.dsv
[13.219s] -- Up-to-date symlink: /home/yy/sight/pfa-nav/install/terrain_analysis_ext/share/terrain_analysis_ext/local_setup.bash
[13.219s] -- Up-to-date symlink: /home/yy/sight/pfa-nav/install/terrain_analysis_ext/share/terrain_analysis_ext/local_setup.sh
[13.219s] -- Up-to-date symlink: /home/yy/sight/pfa-nav/install/terrain_analysis_ext/share/terrain_analysis_ext/local_setup.zsh
[13.219s] -- Up-to-date symlink: /home/yy/sight/pfa-nav/install/terrain_analysis_ext/share/terrain_analysis_ext/local_setup.dsv
[13.219s] -- Symlinking: /home/yy/sight/pfa-nav/install/terrain_analysis_ext/share/terrain_analysis_ext/package.dsv
[13.227s] -- Up-to-date symlink: /home/yy/sight/pfa-nav/install/terrain_analysis_ext/share/ament_index/resource_index/packages/terrain_analysis_ext
[13.227s] -- Up-to-date symlink: /home/yy/sight/pfa-nav/install/terrain_analysis_ext/share/terrain_analysis_ext/cmake/terrain_analysis_extConfig.cmake
[13.227s] -- Up-to-date symlink: /home/yy/sight/pfa-nav/install/terrain_analysis_ext/share/terrain_analysis_ext/cmake/terrain_analysis_extConfig-version.cmake
[13.227s] -- Up-to-date symlink: /home/yy/sight/pfa-nav/install/terrain_analysis_ext/share/terrain_analysis_ext/package.xml
[13.229s] Invoked command in '/home/yy/sight/pfa-nav/build/terrain_analysis_ext' returned '0': CMAKE_PREFIX_PATH=/opt/ros/humble /usr/bin/cmake --install /home/yy/sight/pfa-nav/build/terrain_analysis_ext
