[0.304s] Invoking command in '/home/yy/sight/pfa-nav/build/small_gicp_relocalization': CMAKE_PREFIX_PATH=${CMAKE_PREFIX_PATH}:/home/yy/sight/pfa-nav/install/sdformat_tools:/home/yy/sight/pfa-nav/install/joint_state_publisher_gui:/home/yy/sight/pfa-nav/install/joint_state_publisher:/opt/ros/humble /usr/bin/cmake --build /home/yy/sight/pfa-nav/build/small_gicp_relocalization -- -j20 -l20
[0.374s] [ 50%] Built target small_gicp_relocalization_node
[0.412s] [100%] Built target small_gicp_relocalization
[0.509s] Invoked command in '/home/yy/sight/pfa-nav/build/small_gicp_relocalization' returned '0': CMAKE_PREFIX_PATH=${CMAKE_PREFIX_PATH}:/home/yy/sight/pfa-nav/install/sdformat_tools:/home/yy/sight/pfa-nav/install/joint_state_publisher_gui:/home/yy/sight/pfa-nav/install/joint_state_publisher:/opt/ros/humble /usr/bin/cmake --build /home/yy/sight/pfa-nav/build/small_gicp_relocalization -- -j20 -l20
[0.511s] Invoking command in '/home/yy/sight/pfa-nav/build/small_gicp_relocalization': CMAKE_PREFIX_PATH=${CMAKE_PREFIX_PATH}:/home/yy/sight/pfa-nav/install/sdformat_tools:/home/yy/sight/pfa-nav/install/joint_state_publisher_gui:/home/yy/sight/pfa-nav/install/joint_state_publisher:/opt/ros/humble /usr/bin/cmake --install /home/yy/sight/pfa-nav/build/small_gicp_relocalization
[0.527s] -- Install configuration: "Release"
[0.527s] -- Execute custom install script
[0.527s] -- Up-to-date symlink: /home/yy/sight/pfa-nav/install/small_gicp_relocalization/lib/small_gicp_relocalization/small_gicp_relocalization_node
[0.527s] -- Up-to-date symlink: /home/yy/sight/pfa-nav/install/small_gicp_relocalization/include/small_gicp_relocalization/small_gicp_relocalization.hpp
[0.527s] -- Up-to-date symlink: /home/yy/sight/pfa-nav/install/small_gicp_relocalization/share/small_gicp_relocalization/environment/library_path.sh
[0.527s] -- Up-to-date symlink: /home/yy/sight/pfa-nav/install/small_gicp_relocalization/share/small_gicp_relocalization/environment/library_path.dsv
[0.527s] -- Up-to-date symlink: /home/yy/sight/pfa-nav/install/small_gicp_relocalization/lib/libsmall_gicp_relocalization.so
[0.527s] -- Up-to-date symlink: /home/yy/sight/pfa-nav/install/small_gicp_relocalization/share/small_gicp_relocalization/launch/small_gicp_relocalization_launch.py
[0.527s] -- Up-to-date symlink: /home/yy/sight/pfa-nav/install/small_gicp_relocalization/share/ament_index/resource_index/package_run_dependencies/small_gicp_relocalization
[0.528s] -- Up-to-date symlink: /home/yy/sight/pfa-nav/install/small_gicp_relocalization/share/ament_index/resource_index/parent_prefix_path/small_gicp_relocalization
[0.528s] -- Up-to-date symlink: /home/yy/sight/pfa-nav/install/small_gicp_relocalization/share/small_gicp_relocalization/environment/ament_prefix_path.sh
[0.528s] -- Up-to-date symlink: /home/yy/sight/pfa-nav/install/small_gicp_relocalization/share/small_gicp_relocalization/environment/ament_prefix_path.dsv
[0.528s] -- Up-to-date symlink: /home/yy/sight/pfa-nav/install/small_gicp_relocalization/share/small_gicp_relocalization/environment/path.sh
[0.529s] -- Up-to-date symlink: /home/yy/sight/pfa-nav/install/small_gicp_relocalization/share/small_gicp_relocalization/environment/path.dsv
[0.529s] -- Up-to-date symlink: /home/yy/sight/pfa-nav/install/small_gicp_relocalization/share/small_gicp_relocalization/local_setup.bash
[0.529s] -- Up-to-date symlink: /home/yy/sight/pfa-nav/install/small_gicp_relocalization/share/small_gicp_relocalization/local_setup.sh
[0.530s] -- Up-to-date symlink: /home/yy/sight/pfa-nav/install/small_gicp_relocalization/share/small_gicp_relocalization/local_setup.zsh
[0.530s] -- Up-to-date symlink: /home/yy/sight/pfa-nav/install/small_gicp_relocalization/share/small_gicp_relocalization/local_setup.dsv
[0.530s] -- Symlinking: /home/yy/sight/pfa-nav/install/small_gicp_relocalization/share/small_gicp_relocalization/package.dsv
[0.534s] -- Up-to-date symlink: /home/yy/sight/pfa-nav/install/small_gicp_relocalization/share/ament_index/resource_index/packages/small_gicp_relocalization
[0.534s] -- Up-to-date symlink: /home/yy/sight/pfa-nav/install/small_gicp_relocalization/share/ament_index/resource_index/rclcpp_components/small_gicp_relocalization
[0.534s] -- Up-to-date symlink: /home/yy/sight/pfa-nav/install/small_gicp_relocalization/share/small_gicp_relocalization/cmake/ament_cmake_export_dependencies-extras.cmake
[0.534s] -- Up-to-date symlink: /home/yy/sight/pfa-nav/install/small_gicp_relocalization/share/small_gicp_relocalization/cmake/ament_cmake_export_include_directories-extras.cmake
[0.534s] -- Up-to-date symlink: /home/yy/sight/pfa-nav/install/small_gicp_relocalization/share/small_gicp_relocalization/cmake/ament_cmake_export_libraries-extras.cmake
[0.534s] -- Up-to-date symlink: /home/yy/sight/pfa-nav/install/small_gicp_relocalization/share/small_gicp_relocalization/cmake/small_gicp_relocalizationConfig.cmake
[0.534s] -- Up-to-date symlink: /home/yy/sight/pfa-nav/install/small_gicp_relocalization/share/small_gicp_relocalization/cmake/small_gicp_relocalizationConfig-version.cmake
[0.534s] -- Up-to-date symlink: /home/yy/sight/pfa-nav/install/small_gicp_relocalization/share/small_gicp_relocalization/package.xml
[0.625s] Invoked command in '/home/yy/sight/pfa-nav/build/small_gicp_relocalization' returned '0': CMAKE_PREFIX_PATH=${CMAKE_PREFIX_PATH}:/home/yy/sight/pfa-nav/install/sdformat_tools:/home/yy/sight/pfa-nav/install/joint_state_publisher_gui:/home/yy/sight/pfa-nav/install/joint_state_publisher:/opt/ros/humble /usr/bin/cmake --install /home/yy/sight/pfa-nav/build/small_gicp_relocalization
