[0.004s] Invoking command in '/home/yy/sight/pfa-nav/build/ign_sim_pointcloud_tool': CMAKE_PREFIX_PATH=/opt/ros/humble /usr/bin/cmake --build /home/yy/sight/pfa-nav/build/ign_sim_pointcloud_tool -- -j20 -l20
[0.035s] [35m[1mConsolidate compiler generated dependencies of target ign_sim_pointcloud_tool[0m
[0.039s] [ 50%] Built target ign_sim_pointcloud_tool_node
[0.048s] [100%] Built target ign_sim_pointcloud_tool
[0.055s] Invoked command in '/home/yy/sight/pfa-nav/build/ign_sim_pointcloud_tool' returned '0': CMAKE_PREFIX_PATH=/opt/ros/humble /usr/bin/cmake --build /home/yy/sight/pfa-nav/build/ign_sim_pointcloud_tool -- -j20 -l20
[0.055s] Invoking command in '/home/yy/sight/pfa-nav/build/ign_sim_pointcloud_tool': CMAKE_PREFIX_PATH=/opt/ros/humble /usr/bin/cmake --install /home/yy/sight/pfa-nav/build/ign_sim_pointcloud_tool
[0.060s] -- Install configuration: "Release"
[0.060s] -- Execute custom install script
[0.061s] -- Up-to-date symlink: /home/yy/sight/pfa-nav/install/ign_sim_pointcloud_tool/lib/ign_sim_pointcloud_tool/ign_sim_pointcloud_tool_node
[0.061s] -- Up-to-date symlink: /home/yy/sight/pfa-nav/install/ign_sim_pointcloud_tool/include/ign_sim_pointcloud_tool/point_cloud_converter.hpp
[0.061s] -- Up-to-date symlink: /home/yy/sight/pfa-nav/install/ign_sim_pointcloud_tool/share/ign_sim_pointcloud_tool/environment/library_path.sh
[0.061s] -- Up-to-date symlink: /home/yy/sight/pfa-nav/install/ign_sim_pointcloud_tool/share/ign_sim_pointcloud_tool/environment/library_path.dsv
[0.061s] -- Up-to-date symlink: /home/yy/sight/pfa-nav/install/ign_sim_pointcloud_tool/lib/libign_sim_pointcloud_tool.so
[0.061s] -- Up-to-date symlink: /home/yy/sight/pfa-nav/install/ign_sim_pointcloud_tool/share/ament_index/resource_index/package_run_dependencies/ign_sim_pointcloud_tool
[0.061s] -- Up-to-date symlink: /home/yy/sight/pfa-nav/install/ign_sim_pointcloud_tool/share/ament_index/resource_index/parent_prefix_path/ign_sim_pointcloud_tool
[0.061s] -- Up-to-date symlink: /home/yy/sight/pfa-nav/install/ign_sim_pointcloud_tool/share/ign_sim_pointcloud_tool/environment/ament_prefix_path.sh
[0.061s] -- Up-to-date symlink: /home/yy/sight/pfa-nav/install/ign_sim_pointcloud_tool/share/ign_sim_pointcloud_tool/environment/ament_prefix_path.dsv
[0.061s] -- Up-to-date symlink: /home/yy/sight/pfa-nav/install/ign_sim_pointcloud_tool/share/ign_sim_pointcloud_tool/environment/path.sh
[0.061s] -- Up-to-date symlink: /home/yy/sight/pfa-nav/install/ign_sim_pointcloud_tool/share/ign_sim_pointcloud_tool/environment/path.dsv
[0.061s] -- Up-to-date symlink: /home/yy/sight/pfa-nav/install/ign_sim_pointcloud_tool/share/ign_sim_pointcloud_tool/local_setup.bash
[0.061s] -- Up-to-date symlink: /home/yy/sight/pfa-nav/install/ign_sim_pointcloud_tool/share/ign_sim_pointcloud_tool/local_setup.sh
[0.062s] -- Up-to-date symlink: /home/yy/sight/pfa-nav/install/ign_sim_pointcloud_tool/share/ign_sim_pointcloud_tool/local_setup.zsh
[0.062s] -- Up-to-date symlink: /home/yy/sight/pfa-nav/install/ign_sim_pointcloud_tool/share/ign_sim_pointcloud_tool/local_setup.dsv
[0.062s] -- Symlinking: /home/yy/sight/pfa-nav/install/ign_sim_pointcloud_tool/share/ign_sim_pointcloud_tool/package.dsv
[0.066s] -- Up-to-date symlink: /home/yy/sight/pfa-nav/install/ign_sim_pointcloud_tool/share/ament_index/resource_index/packages/ign_sim_pointcloud_tool
[0.067s] -- Up-to-date symlink: /home/yy/sight/pfa-nav/install/ign_sim_pointcloud_tool/share/ament_index/resource_index/rclcpp_components/ign_sim_pointcloud_tool
[0.067s] -- Up-to-date symlink: /home/yy/sight/pfa-nav/install/ign_sim_pointcloud_tool/share/ign_sim_pointcloud_tool/cmake/ament_cmake_export_dependencies-extras.cmake
[0.067s] -- Up-to-date symlink: /home/yy/sight/pfa-nav/install/ign_sim_pointcloud_tool/share/ign_sim_pointcloud_tool/cmake/ament_cmake_export_include_directories-extras.cmake
[0.067s] -- Up-to-date symlink: /home/yy/sight/pfa-nav/install/ign_sim_pointcloud_tool/share/ign_sim_pointcloud_tool/cmake/ament_cmake_export_libraries-extras.cmake
[0.067s] -- Up-to-date symlink: /home/yy/sight/pfa-nav/install/ign_sim_pointcloud_tool/share/ign_sim_pointcloud_tool/cmake/ign_sim_pointcloud_toolConfig.cmake
[0.067s] -- Up-to-date symlink: /home/yy/sight/pfa-nav/install/ign_sim_pointcloud_tool/share/ign_sim_pointcloud_tool/cmake/ign_sim_pointcloud_toolConfig-version.cmake
[0.067s] -- Up-to-date symlink: /home/yy/sight/pfa-nav/install/ign_sim_pointcloud_tool/share/ign_sim_pointcloud_tool/package.xml
[0.068s] Invoked command in '/home/yy/sight/pfa-nav/build/ign_sim_pointcloud_tool' returned '0': CMAKE_PREFIX_PATH=/opt/ros/humble /usr/bin/cmake --install /home/yy/sight/pfa-nav/build/ign_sim_pointcloud_tool
