[0.322s] Invoking command in '/home/yy/sight/pfa-nav/build/sensor_scan_generation': CMAKE_PREFIX_PATH=${CMAKE_PREFIX_PATH}:/home/yy/sight/pfa-nav/install/sdformat_tools:/home/yy/sight/pfa-nav/install/joint_state_publisher_gui:/home/yy/sight/pfa-nav/install/joint_state_publisher:/opt/ros/humble /usr/bin/cmake --build /home/yy/sight/pfa-nav/build/sensor_scan_generation -- -j20 -l20
[0.418s] [ 50%] Built target sensor_scan_generation_node
[0.421s] [100%] Built target sensor_scan_generation
[0.514s] Invoked command in '/home/yy/sight/pfa-nav/build/sensor_scan_generation' returned '0': CMAKE_PREFIX_PATH=${CMAKE_PREFIX_PATH}:/home/yy/sight/pfa-nav/install/sdformat_tools:/home/yy/sight/pfa-nav/install/joint_state_publisher_gui:/home/yy/sight/pfa-nav/install/joint_state_publisher:/opt/ros/humble /usr/bin/cmake --build /home/yy/sight/pfa-nav/build/sensor_scan_generation -- -j20 -l20
[0.515s] Invoking command in '/home/yy/sight/pfa-nav/build/sensor_scan_generation': CMAKE_PREFIX_PATH=${CMAKE_PREFIX_PATH}:/home/yy/sight/pfa-nav/install/sdformat_tools:/home/yy/sight/pfa-nav/install/joint_state_publisher_gui:/home/yy/sight/pfa-nav/install/joint_state_publisher:/opt/ros/humble /usr/bin/cmake --install /home/yy/sight/pfa-nav/build/sensor_scan_generation
[0.549s] -- Install configuration: "Release"
[0.549s] -- Execute custom install script
[0.549s] -- Up-to-date symlink: /home/yy/sight/pfa-nav/install/sensor_scan_generation/lib/sensor_scan_generation/sensor_scan_generation_node
[0.549s] -- Up-to-date symlink: /home/yy/sight/pfa-nav/install/sensor_scan_generation/include/sensor_scan_generation/sensor_scan_generation.hpp
[0.549s] -- Up-to-date symlink: /home/yy/sight/pfa-nav/install/sensor_scan_generation/share/sensor_scan_generation/environment/library_path.sh
[0.549s] -- Up-to-date symlink: /home/yy/sight/pfa-nav/install/sensor_scan_generation/share/sensor_scan_generation/environment/library_path.dsv
[0.549s] -- Up-to-date symlink: /home/yy/sight/pfa-nav/install/sensor_scan_generation/lib/libsensor_scan_generation.so
[0.549s] -- Up-to-date symlink: /home/yy/sight/pfa-nav/install/sensor_scan_generation/share/sensor_scan_generation/launch/sensor_scan_generation.launch.py
[0.549s] -- Up-to-date symlink: /home/yy/sight/pfa-nav/install/sensor_scan_generation/share/ament_index/resource_index/package_run_dependencies/sensor_scan_generation
[0.549s] -- Up-to-date symlink: /home/yy/sight/pfa-nav/install/sensor_scan_generation/share/ament_index/resource_index/parent_prefix_path/sensor_scan_generation
[0.549s] -- Up-to-date symlink: /home/yy/sight/pfa-nav/install/sensor_scan_generation/share/sensor_scan_generation/environment/ament_prefix_path.sh
[0.549s] -- Up-to-date symlink: /home/yy/sight/pfa-nav/install/sensor_scan_generation/share/sensor_scan_generation/environment/ament_prefix_path.dsv
[0.549s] -- Up-to-date symlink: /home/yy/sight/pfa-nav/install/sensor_scan_generation/share/sensor_scan_generation/environment/path.sh
[0.549s] -- Up-to-date symlink: /home/yy/sight/pfa-nav/install/sensor_scan_generation/share/sensor_scan_generation/environment/path.dsv
[0.550s] -- Up-to-date symlink: /home/yy/sight/pfa-nav/install/sensor_scan_generation/share/sensor_scan_generation/local_setup.bash
[0.550s] -- Up-to-date symlink: /home/yy/sight/pfa-nav/install/sensor_scan_generation/share/sensor_scan_generation/local_setup.sh
[0.550s] -- Up-to-date symlink: /home/yy/sight/pfa-nav/install/sensor_scan_generation/share/sensor_scan_generation/local_setup.zsh
[0.550s] -- Up-to-date symlink: /home/yy/sight/pfa-nav/install/sensor_scan_generation/share/sensor_scan_generation/local_setup.dsv
[0.550s] -- Symlinking: /home/yy/sight/pfa-nav/install/sensor_scan_generation/share/sensor_scan_generation/package.dsv
[0.550s] -- Up-to-date symlink: /home/yy/sight/pfa-nav/install/sensor_scan_generation/share/ament_index/resource_index/packages/sensor_scan_generation
[0.550s] -- Up-to-date symlink: /home/yy/sight/pfa-nav/install/sensor_scan_generation/share/ament_index/resource_index/rclcpp_components/sensor_scan_generation
[0.550s] -- Up-to-date symlink: /home/yy/sight/pfa-nav/install/sensor_scan_generation/share/sensor_scan_generation/cmake/ament_cmake_export_dependencies-extras.cmake
[0.550s] -- Up-to-date symlink: /home/yy/sight/pfa-nav/install/sensor_scan_generation/share/sensor_scan_generation/cmake/ament_cmake_export_include_directories-extras.cmake
[0.550s] -- Up-to-date symlink: /home/yy/sight/pfa-nav/install/sensor_scan_generation/share/sensor_scan_generation/cmake/ament_cmake_export_libraries-extras.cmake
[0.550s] -- Up-to-date symlink: /home/yy/sight/pfa-nav/install/sensor_scan_generation/share/sensor_scan_generation/cmake/sensor_scan_generationConfig.cmake
[0.550s] -- Up-to-date symlink: /home/yy/sight/pfa-nav/install/sensor_scan_generation/share/sensor_scan_generation/cmake/sensor_scan_generationConfig-version.cmake
[0.550s] -- Up-to-date symlink: /home/yy/sight/pfa-nav/install/sensor_scan_generation/share/sensor_scan_generation/package.xml
[0.629s] Invoked command in '/home/yy/sight/pfa-nav/build/sensor_scan_generation' returned '0': CMAKE_PREFIX_PATH=${CMAKE_PREFIX_PATH}:/home/yy/sight/pfa-nav/install/sdformat_tools:/home/yy/sight/pfa-nav/install/joint_state_publisher_gui:/home/yy/sight/pfa-nav/install/joint_state_publisher:/opt/ros/humble /usr/bin/cmake --install /home/yy/sight/pfa-nav/build/sensor_scan_generation
