[0.017s] Invoking command in '/home/yy/sight/pfa-nav/build/rmoss_gz_base': AMENT_PREFIX_PATH=/home/yy/sight/pfa-nav/install/rmoss_interfaces:/home/yy/sight/pfa-nav/install/rmoss_gz_resources:/home/yy/sight/pfa-nav/install/rmoss_gz_plugins:${AMENT_PREFIX_PATH} CMAKE_PREFIX_PATH=/home/yy/sight/pfa-nav/install/rmoss_interfaces:/home/yy/sight/pfa-nav/install/rmoss_gz_resources:/home/yy/sight/pfa-nav/install/rmoss_gz_plugins:/opt/ros/humble LD_LIBRARY_PATH=/home/yy/sight/pfa-nav/install/rmoss_interfaces/lib:/usr/lib/x86_64-linux-gnu/gazebo-11/plugins:/opt/ros/humble/opt/rviz_ogre_vendor/lib:/opt/ros/humble/lib/x86_64-linux-gnu:/opt/ros/humble/lib:/opt/MVS/lib/64:/opt/MVS/lib/32:/opt/MVS/lib/64:/opt/MVS/lib/32:/opt/MVS/lib/64:/opt/MVS/lib/32 PYTHONPATH=/home/yy/sight/pfa-nav/install/rmoss_interfaces/local/lib/python3.10/dist-packages:${PYTHONPATH} /usr/bin/cmake /home/yy/sight/pfa-nav/src/rmoss_gazebo/rmoss_gz_base -DCMAKE_BUILD_TYPE=Release -DAMENT_CMAKE_SYMLINK_INSTALL=1 -DCMAKE_INSTALL_PREFIX=/home/yy/sight/pfa-nav/install/rmoss_gz_base
[0.065s] -- The C compiler identification is GNU 11.4.0
[0.105s] -- The CXX compiler identification is GNU 11.4.0
[0.109s] -- Detecting C compiler ABI info
[0.170s] -- Detecting C compiler ABI info - done
[0.177s] -- Check for working C compiler: /usr/bin/cc - skipped
[0.177s] -- Detecting C compile features
[0.177s] -- Detecting C compile features - done
[0.180s] -- Detecting CXX compiler ABI info
[0.240s] -- Detecting CXX compiler ABI info - done
[0.244s] -- Check for working CXX compiler: /usr/bin/c++ - skipped
[0.244s] -- Detecting CXX compile features
[0.244s] -- Detecting CXX compile features - done
[0.251s] -- Found ament_cmake: 1.3.12 (/opt/ros/humble/share/ament_cmake/cmake)
[0.369s] -- Found Python3: /usr/bin/python3 (found version "3.10.12") found components: Interpreter 
[0.486s] -- Override CMake install command with custom implementation using symlinks instead of copying resources
[0.510s] -- Found ament_index_cpp: 1.4.0 (/opt/ros/humble/share/ament_index_cpp/cmake)
[0.512s] -- Found rclcpp: 16.0.14 (/opt/ros/humble/share/rclcpp/cmake)
[0.547s] -- Found rosidl_generator_c: 3.1.7 (/opt/ros/humble/share/rosidl_generator_c/cmake)
[0.551s] -- Found rosidl_adapter: 3.1.7 (/opt/ros/humble/share/rosidl_adapter/cmake)
[0.560s] -- Found rosidl_generator_cpp: 3.1.7 (/opt/ros/humble/share/rosidl_generator_cpp/cmake)
[0.570s] -- Using all available rosidl_typesupport_c: rosidl_typesupport_fastrtps_c;rosidl_typesupport_introspection_c
[0.583s] -- Using all available rosidl_typesupport_cpp: rosidl_typesupport_fastrtps_cpp;rosidl_typesupport_introspection_cpp
[0.621s] -- Found rmw_implementation_cmake: 6.1.2 (/opt/ros/humble/share/rmw_implementation_cmake/cmake)
[0.624s] -- Found rmw_fastrtps_cpp: 6.2.8 (/opt/ros/humble/share/rmw_fastrtps_cpp/cmake)
[0.693s] -- Found OpenSSL: /usr/lib/x86_64-linux-gnu/libcrypto.so (found version "3.0.2")  
[0.713s] -- Found FastRTPS: /opt/ros/humble/include  
[0.749s] -- Using RMW implementation 'rmw_fastrtps_cpp' as default
[0.759s] -- Looking for pthread.h
[0.801s] -- Looking for pthread.h - found
[0.801s] -- Performing Test CMAKE_HAVE_LIBC_PTHREAD
[0.858s] -- Performing Test CMAKE_HAVE_LIBC_PTHREAD - Success
[0.862s] -- Found Threads: TRUE  
[0.887s] -- Found rclcpp_components: 16.0.14 (/opt/ros/humble/share/rclcpp_components/cmake)
[0.903s] -- Found geometry_msgs: 4.9.0 (/opt/ros/humble/share/geometry_msgs/cmake)
[0.911s] -- Found sensor_msgs: 4.9.0 (/opt/ros/humble/share/sensor_msgs/cmake)
[0.923s] -- Found nav_msgs: 4.9.0 (/opt/ros/humble/share/nav_msgs/cmake)
[0.932s] -- Found example_interfaces: 0.9.3 (/opt/ros/humble/share/example_interfaces/cmake)
[0.953s] -- Found rmoss_interfaces: 0.9.0 (/home/yy/sight/pfa-nav/install/rmoss_interfaces/share/rmoss_interfaces/cmake)
[0.967s] -- Found tf2_ros: 0.25.16 (/opt/ros/humble/share/tf2_ros/cmake)
[0.993s] -- Found ros_gz_bridge: 0.244.20 (/opt/ros/humble/share/ros_gz_bridge/cmake)
[1.012s] -- Found Protobuf: /usr/lib/x86_64-linux-gnu/libprotobuf.so (found suitable version "3.12.4", minimum required is "3") 
[1.065s] -- Found Protobuf: /usr/lib/x86_64-linux-gnu/libprotobuf.so (found version "3.12.4") 
[1.237s] -- Looking for ignition-transport11 -- found version 11.4.1
[1.237s] -- Looking for ignition-msgs8 -- found version 8.7.0
[1.237s] -- Compiling against Ignition Fortress
[1.241s] -- Found ament_lint_auto: 0.12.14 (/opt/ros/humble/share/ament_lint_auto/cmake)
[1.318s] -- Added test 'copyright' to check source files copyright and LICENSE
[1.320s] -- Added test 'cppcheck' to perform static code analysis on C / C++ code
[1.320s] -- Configured cppcheck include dirs: /home/yy/sight/pfa-nav/src/rmoss_gazebo/rmoss_gz_base/include
[1.320s] -- Configured cppcheck exclude dirs and/or files: 
[1.322s] -- Added test 'cpplint' to check C / C++ code against the Google style
[1.322s] -- Configured cpplint exclude dirs and/or files: 
[1.323s] -- Added test 'flake8' to check Python code syntax and style conventions
[1.323s] -- Added test 'lint_cmake' to check CMake code style
[1.323s] -- Added test 'pep257' to check Python code against some of the docstring style conventions in PEP 257
[1.326s] -- Added test 'uncrustify' to check C / C++ code style
[1.326s] -- Configured uncrustify additional arguments: 
[1.326s] -- Added test 'xmllint' to check XML markup files
[1.329s] -- Configuring done
[1.351s] -- Generating done
[1.362s] -- Build files have been written to: /home/yy/sight/pfa-nav/build/rmoss_gz_base
[1.378s] Invoked command in '/home/yy/sight/pfa-nav/build/rmoss_gz_base' returned '0': AMENT_PREFIX_PATH=/home/yy/sight/pfa-nav/install/rmoss_interfaces:/home/yy/sight/pfa-nav/install/rmoss_gz_resources:/home/yy/sight/pfa-nav/install/rmoss_gz_plugins:${AMENT_PREFIX_PATH} CMAKE_PREFIX_PATH=/home/yy/sight/pfa-nav/install/rmoss_interfaces:/home/yy/sight/pfa-nav/install/rmoss_gz_resources:/home/yy/sight/pfa-nav/install/rmoss_gz_plugins:/opt/ros/humble LD_LIBRARY_PATH=/home/yy/sight/pfa-nav/install/rmoss_interfaces/lib:/usr/lib/x86_64-linux-gnu/gazebo-11/plugins:/opt/ros/humble/opt/rviz_ogre_vendor/lib:/opt/ros/humble/lib/x86_64-linux-gnu:/opt/ros/humble/lib:/opt/MVS/lib/64:/opt/MVS/lib/32:/opt/MVS/lib/64:/opt/MVS/lib/32:/opt/MVS/lib/64:/opt/MVS/lib/32 PYTHONPATH=/home/yy/sight/pfa-nav/install/rmoss_interfaces/local/lib/python3.10/dist-packages:${PYTHONPATH} /usr/bin/cmake /home/yy/sight/pfa-nav/src/rmoss_gazebo/rmoss_gz_base -DCMAKE_BUILD_TYPE=Release -DAMENT_CMAKE_SYMLINK_INSTALL=1 -DCMAKE_INSTALL_PREFIX=/home/yy/sight/pfa-nav/install/rmoss_gz_base
[1.380s] Invoking command in '/home/yy/sight/pfa-nav/build/rmoss_gz_base': AMENT_PREFIX_PATH=/home/yy/sight/pfa-nav/install/rmoss_interfaces:/home/yy/sight/pfa-nav/install/rmoss_gz_resources:/home/yy/sight/pfa-nav/install/rmoss_gz_plugins:${AMENT_PREFIX_PATH} CMAKE_PREFIX_PATH=/home/yy/sight/pfa-nav/install/rmoss_interfaces:/home/yy/sight/pfa-nav/install/rmoss_gz_resources:/home/yy/sight/pfa-nav/install/rmoss_gz_plugins:/opt/ros/humble LD_LIBRARY_PATH=/home/yy/sight/pfa-nav/install/rmoss_interfaces/lib:/usr/lib/x86_64-linux-gnu/gazebo-11/plugins:/opt/ros/humble/opt/rviz_ogre_vendor/lib:/opt/ros/humble/lib/x86_64-linux-gnu:/opt/ros/humble/lib:/opt/MVS/lib/64:/opt/MVS/lib/32:/opt/MVS/lib/64:/opt/MVS/lib/32:/opt/MVS/lib/64:/opt/MVS/lib/32 PYTHONPATH=/home/yy/sight/pfa-nav/install/rmoss_interfaces/local/lib/python3.10/dist-packages:${PYTHONPATH} /usr/bin/cmake --build /home/yy/sight/pfa-nav/build/rmoss_gz_base -- -j20 -l20
[1.433s] [  6%] [32mBuilding CXX object CMakeFiles/rmoss_gz_base.dir/src/gz_module/gz_chassis_actuator.cpp.o[0m
[7.469s] [ 12%] [32mBuilding CXX object CMakeFiles/rmoss_gz_base.dir/src/rmua19_robot_base_node.cpp.o[0m
[20.901s] [ 18%] [32mBuilding CXX object CMakeFiles/rmoss_gz_base.dir/src/odometry_publisher.cpp.o[0m
[24.081s] [ 31%] [32mBuilding CXX object CMakeFiles/rmoss_gz_base.dir/src/chassis_controller.cpp.o[0m
[24.081s] [ 31%] [32mBuilding CXX object CMakeFiles/rmoss_gz_base.dir/src/gimbal_controller.cpp.o[0m
[24.082s] [ 37%] [32mBuilding CXX object CMakeFiles/rmoss_gz_base.dir/src/shooter_controller.cpp.o[0m
[33.452s] [ 43%] [32mBuilding CXX object CMakeFiles/rmoss_gz_base.dir/src/gz_module/gz_gimbal_imu.cpp.o[0m
[33.455s] [ 75%] [32mBuilding CXX object CMakeFiles/rmoss_gz_base.dir/src/gz_module/gz_gimbal_encoder.cpp.o[0m
[33.455s] [ 75%] [32mBuilding CXX object CMakeFiles/rmoss_gz_base.dir/src/gz_module/gz_light_bar_cmd.cpp.o[0m
[33.455s] [ 75%] [32mBuilding CXX object CMakeFiles/rmoss_gz_base.dir/src/pid.cpp.o[0m
[33.455s] [ 75%] [32mBuilding CXX object CMakeFiles/rmoss_gz_base.dir/src/gz_module/gz_shoot_actuator.cpp.o[0m
[33.455s] [ 75%] [32mBuilding CXX object CMakeFiles/rmoss_gz_base.dir/src/gz_module/gz_odometry.cpp.o[0m
[34.488s] [ 81%] [32mBuilding CXX object CMakeFiles/rmoss_gz_base.dir/src/gz_module/gz_gimbal_actuator.cpp.o[0m
[39.730s] [ 87%] [32m[1mLinking CXX shared library librmoss_gz_base.so[0m
[40.007s] [ 87%] Built target rmoss_gz_base
[40.021s] [ 93%] [32mBuilding CXX object CMakeFiles/rmua19_robot_base.dir/src/rmua19_robot_base_main.cpp.o[0m
[44.421s] [100%] [32m[1mLinking CXX executable rmua19_robot_base[0m
[44.541s] [100%] Built target rmua19_robot_base
[44.551s] Invoked command in '/home/yy/sight/pfa-nav/build/rmoss_gz_base' returned '0': AMENT_PREFIX_PATH=/home/yy/sight/pfa-nav/install/rmoss_interfaces:/home/yy/sight/pfa-nav/install/rmoss_gz_resources:/home/yy/sight/pfa-nav/install/rmoss_gz_plugins:${AMENT_PREFIX_PATH} CMAKE_PREFIX_PATH=/home/yy/sight/pfa-nav/install/rmoss_interfaces:/home/yy/sight/pfa-nav/install/rmoss_gz_resources:/home/yy/sight/pfa-nav/install/rmoss_gz_plugins:/opt/ros/humble LD_LIBRARY_PATH=/home/yy/sight/pfa-nav/install/rmoss_interfaces/lib:/usr/lib/x86_64-linux-gnu/gazebo-11/plugins:/opt/ros/humble/opt/rviz_ogre_vendor/lib:/opt/ros/humble/lib/x86_64-linux-gnu:/opt/ros/humble/lib:/opt/MVS/lib/64:/opt/MVS/lib/32:/opt/MVS/lib/64:/opt/MVS/lib/32:/opt/MVS/lib/64:/opt/MVS/lib/32 PYTHONPATH=/home/yy/sight/pfa-nav/install/rmoss_interfaces/local/lib/python3.10/dist-packages:${PYTHONPATH} /usr/bin/cmake --build /home/yy/sight/pfa-nav/build/rmoss_gz_base -- -j20 -l20
[44.552s] Invoking command in '/home/yy/sight/pfa-nav/build/rmoss_gz_base': AMENT_PREFIX_PATH=/home/yy/sight/pfa-nav/install/rmoss_interfaces:/home/yy/sight/pfa-nav/install/rmoss_gz_resources:/home/yy/sight/pfa-nav/install/rmoss_gz_plugins:${AMENT_PREFIX_PATH} CMAKE_PREFIX_PATH=/home/yy/sight/pfa-nav/install/rmoss_interfaces:/home/yy/sight/pfa-nav/install/rmoss_gz_resources:/home/yy/sight/pfa-nav/install/rmoss_gz_plugins:/opt/ros/humble LD_LIBRARY_PATH=/home/yy/sight/pfa-nav/install/rmoss_interfaces/lib:/usr/lib/x86_64-linux-gnu/gazebo-11/plugins:/opt/ros/humble/opt/rviz_ogre_vendor/lib:/opt/ros/humble/lib/x86_64-linux-gnu:/opt/ros/humble/lib:/opt/MVS/lib/64:/opt/MVS/lib/32:/opt/MVS/lib/64:/opt/MVS/lib/32:/opt/MVS/lib/64:/opt/MVS/lib/32 PYTHONPATH=/home/yy/sight/pfa-nav/install/rmoss_interfaces/local/lib/python3.10/dist-packages:${PYTHONPATH} /usr/bin/cmake --install /home/yy/sight/pfa-nav/build/rmoss_gz_base
[44.557s] -- Install configuration: "Release"
[44.557s] -- Execute custom install script
[44.558s] -- Symlinking: /home/yy/sight/pfa-nav/install/rmoss_gz_base/include/rmoss_gz_base/chassis_controller.hpp
[44.563s] -- Symlinking: /home/yy/sight/pfa-nav/install/rmoss_gz_base/include/rmoss_gz_base/gimbal_controller.hpp
[44.568s] -- Symlinking: /home/yy/sight/pfa-nav/install/rmoss_gz_base/include/rmoss_gz_base/gz_chassis_actuator.hpp
[44.572s] -- Symlinking: /home/yy/sight/pfa-nav/install/rmoss_gz_base/include/rmoss_gz_base/gz_gimbal_actuator.hpp
[44.579s] -- Symlinking: /home/yy/sight/pfa-nav/install/rmoss_gz_base/include/rmoss_gz_base/gz_gimbal_encoder.hpp
[44.583s] -- Symlinking: /home/yy/sight/pfa-nav/install/rmoss_gz_base/include/rmoss_gz_base/gz_gimbal_imu.hpp
[44.587s] -- Symlinking: /home/yy/sight/pfa-nav/install/rmoss_gz_base/include/rmoss_gz_base/gz_light_bar_cmd.hpp
[44.593s] -- Symlinking: /home/yy/sight/pfa-nav/install/rmoss_gz_base/include/rmoss_gz_base/gz_odometry.hpp
[44.599s] -- Symlinking: /home/yy/sight/pfa-nav/install/rmoss_gz_base/include/rmoss_gz_base/gz_shoot_actuator.hpp
[44.603s] -- Symlinking: /home/yy/sight/pfa-nav/install/rmoss_gz_base/include/rmoss_gz_base/hardware_interface.hpp
[44.609s] -- Symlinking: /home/yy/sight/pfa-nav/install/rmoss_gz_base/include/rmoss_gz_base/odometry_publisher.hpp
[44.613s] -- Symlinking: /home/yy/sight/pfa-nav/install/rmoss_gz_base/include/rmoss_gz_base/pid.hpp
[44.619s] -- Symlinking: /home/yy/sight/pfa-nav/install/rmoss_gz_base/include/rmoss_gz_base/rmua19_robot_base_node.hpp
[44.625s] -- Symlinking: /home/yy/sight/pfa-nav/install/rmoss_gz_base/include/rmoss_gz_base/shooter_controller.hpp
[44.631s] -- Symlinking: /home/yy/sight/pfa-nav/install/rmoss_gz_base/lib/rmoss_gz_base/rmua19_robot_base
[44.636s] -- Symlinking: /home/yy/sight/pfa-nav/install/rmoss_gz_base/lib/rmoss_gz_base/test_chassis_cmd.py
[44.641s] -- Symlinking: /home/yy/sight/pfa-nav/install/rmoss_gz_base/lib/rmoss_gz_base/test_gimbal_cmd.py
[44.646s] -- Symlinking: /home/yy/sight/pfa-nav/install/rmoss_gz_base/lib/rmoss_gz_base/test_gimbal_cmd2.py
[44.651s] -- Symlinking: /home/yy/sight/pfa-nav/install/rmoss_gz_base/lib/rmoss_gz_base/test_shoot_cmd.py
[44.658s] -- Symlinking: /home/yy/sight/pfa-nav/install/rmoss_gz_base/share/rmoss_gz_base/environment/library_path.sh
[44.663s] -- Symlinking: /home/yy/sight/pfa-nav/install/rmoss_gz_base/share/rmoss_gz_base/environment/library_path.dsv
[44.668s] -- Symlinking: /home/yy/sight/pfa-nav/install/rmoss_gz_base/share/ament_index/resource_index/package_run_dependencies/rmoss_gz_base
[44.672s] -- Symlinking: /home/yy/sight/pfa-nav/install/rmoss_gz_base/share/ament_index/resource_index/parent_prefix_path/rmoss_gz_base
[44.677s] -- Symlinking: /home/yy/sight/pfa-nav/install/rmoss_gz_base/share/rmoss_gz_base/environment/ament_prefix_path.sh
[44.683s] -- Symlinking: /home/yy/sight/pfa-nav/install/rmoss_gz_base/share/rmoss_gz_base/environment/ament_prefix_path.dsv
[44.689s] -- Symlinking: /home/yy/sight/pfa-nav/install/rmoss_gz_base/share/rmoss_gz_base/environment/path.sh
[44.693s] -- Symlinking: /home/yy/sight/pfa-nav/install/rmoss_gz_base/share/rmoss_gz_base/environment/path.dsv
[44.698s] -- Symlinking: /home/yy/sight/pfa-nav/install/rmoss_gz_base/share/rmoss_gz_base/local_setup.bash
[44.702s] -- Symlinking: /home/yy/sight/pfa-nav/install/rmoss_gz_base/share/rmoss_gz_base/local_setup.sh
[44.706s] -- Symlinking: /home/yy/sight/pfa-nav/install/rmoss_gz_base/share/rmoss_gz_base/local_setup.zsh
[44.711s] -- Symlinking: /home/yy/sight/pfa-nav/install/rmoss_gz_base/share/rmoss_gz_base/local_setup.dsv
[44.717s] -- Symlinking: /home/yy/sight/pfa-nav/install/rmoss_gz_base/share/rmoss_gz_base/package.dsv
[44.724s] -- Symlinking: /home/yy/sight/pfa-nav/install/rmoss_gz_base/share/ament_index/resource_index/packages/rmoss_gz_base
[44.729s] -- Symlinking: /home/yy/sight/pfa-nav/install/rmoss_gz_base/share/ament_index/resource_index/rclcpp_components/rmoss_gz_base
[44.734s] -- Symlinking: /home/yy/sight/pfa-nav/install/rmoss_gz_base/share/rmoss_gz_base/cmake/ament_cmake_export_targets-extras.cmake
[44.739s] -- Symlinking: /home/yy/sight/pfa-nav/install/rmoss_gz_base/share/rmoss_gz_base/cmake/ament_cmake_export_dependencies-extras.cmake
[44.745s] -- Symlinking: /home/yy/sight/pfa-nav/install/rmoss_gz_base/share/rmoss_gz_base/cmake/rmoss_gz_baseConfig.cmake
[44.749s] -- Symlinking: /home/yy/sight/pfa-nav/install/rmoss_gz_base/share/rmoss_gz_base/cmake/rmoss_gz_baseConfig-version.cmake
[44.756s] -- Symlinking: /home/yy/sight/pfa-nav/install/rmoss_gz_base/share/rmoss_gz_base/package.xml
[44.762s] -- Installing: /home/yy/sight/pfa-nav/install/rmoss_gz_base/lib/librmoss_gz_base.so
[44.764s] -- Set runtime path of "/home/yy/sight/pfa-nav/install/rmoss_gz_base/lib/librmoss_gz_base.so" to ""
[44.765s] -- Installing: /home/yy/sight/pfa-nav/install/rmoss_gz_base/share/rmoss_gz_base/cmake/rmoss_gz_baseExport.cmake
[44.765s] -- Installing: /home/yy/sight/pfa-nav/install/rmoss_gz_base/share/rmoss_gz_base/cmake/rmoss_gz_baseExport-release.cmake
[44.766s] Invoked command in '/home/yy/sight/pfa-nav/build/rmoss_gz_base' returned '0': AMENT_PREFIX_PATH=/home/yy/sight/pfa-nav/install/rmoss_interfaces:/home/yy/sight/pfa-nav/install/rmoss_gz_resources:/home/yy/sight/pfa-nav/install/rmoss_gz_plugins:${AMENT_PREFIX_PATH} CMAKE_PREFIX_PATH=/home/yy/sight/pfa-nav/install/rmoss_interfaces:/home/yy/sight/pfa-nav/install/rmoss_gz_resources:/home/yy/sight/pfa-nav/install/rmoss_gz_plugins:/opt/ros/humble LD_LIBRARY_PATH=/home/yy/sight/pfa-nav/install/rmoss_interfaces/lib:/usr/lib/x86_64-linux-gnu/gazebo-11/plugins:/opt/ros/humble/opt/rviz_ogre_vendor/lib:/opt/ros/humble/lib/x86_64-linux-gnu:/opt/ros/humble/lib:/opt/MVS/lib/64:/opt/MVS/lib/32:/opt/MVS/lib/64:/opt/MVS/lib/32:/opt/MVS/lib/64:/opt/MVS/lib/32 PYTHONPATH=/home/yy/sight/pfa-nav/install/rmoss_interfaces/local/lib/python3.10/dist-packages:${PYTHONPATH} /usr/bin/cmake --install /home/yy/sight/pfa-nav/build/rmoss_gz_base
