[0.289s] Invoking command in '/home/yy/sight/pfa-nav/build/sensor_scan_generation': CMAKE_PREFIX_PATH=/opt/ros/humble /usr/bin/cmake /home/yy/sight/pfa-nav/src/pb2025_sentry_nav/sensor_scan_generation -DCMAKE_BUILD_TYPE=Release -DAMENT_CMAKE_SYMLINK_INSTALL=1 -DCMAKE_INSTALL_PREFIX=/home/yy/sight/pfa-nav/install/sensor_scan_generation
[1.905s] -- The C compiler identification is GNU 11.4.0
[1.905s] -- The CXX compiler identification is GNU 11.4.0
[1.905s] -- Detecting C compiler ABI info
[1.905s] -- Detecting C compiler ABI info - done
[1.905s] -- Check for working C compiler: /usr/bin/cc - skipped
[1.905s] -- Detecting C compile features
[1.905s] -- Detecting C compile features - done
[1.905s] -- Detecting CXX compiler ABI info
[1.905s] -- Detecting CXX compiler ABI info - done
[1.905s] -- Check for working CXX compiler: /usr/bin/c++ - skipped
[1.905s] -- Detecting CXX compile features
[1.905s] -- Detecting CXX compile features - done
[1.905s] -- Found ament_cmake_auto: 1.3.12 (/opt/ros/humble/share/ament_cmake_auto/cmake)
[1.906s] -- Found Python3: /usr/bin/python3 (found version "3.10.12") found components: Interpreter 
[1.906s] -- Override CMake install command with custom implementation using symlinks instead of copying resources
[1.906s] -- Found rosidl_generator_c: 3.1.7 (/opt/ros/humble/share/rosidl_generator_c/cmake)
[1.906s] -- Found rosidl_adapter: 3.1.7 (/opt/ros/humble/share/rosidl_adapter/cmake)
[1.906s] -- Found rosidl_generator_cpp: 3.1.7 (/opt/ros/humble/share/rosidl_generator_cpp/cmake)
[1.906s] -- Using all available rosidl_typesupport_c: rosidl_typesupport_fastrtps_c;rosidl_typesupport_introspection_c
[1.906s] -- Using all available rosidl_typesupport_cpp: rosidl_typesupport_fastrtps_cpp;rosidl_typesupport_introspection_cpp
[1.906s] -- Found rmw_implementation_cmake: 6.1.2 (/opt/ros/humble/share/rmw_implementation_cmake/cmake)
[1.906s] -- Found rmw_fastrtps_cpp: 6.2.8 (/opt/ros/humble/share/rmw_fastrtps_cpp/cmake)
[1.906s] -- Found OpenSSL: /usr/lib/x86_64-linux-gnu/libcrypto.so (found version "3.0.2")  
[1.906s] -- Found FastRTPS: /opt/ros/humble/include  
[1.906s] -- Using RMW implementation 'rmw_fastrtps_cpp' as default
[1.908s] -- Looking for pthread.h
[1.908s] -- Looking for pthread.h - found
[1.908s] -- Performing Test CMAKE_HAVE_LIBC_PTHREAD
[1.908s] -- Performing Test CMAKE_HAVE_LIBC_PTHREAD - Success
[1.909s] -- Found Threads: TRUE  
[1.909s] -- Checking for module 'eigen3'
[1.909s] --   Found eigen3, version 3.4.0
[1.909s] -- Found Eigen: /usr/include/eigen3 (Required is at least version "3.1") 
[1.909s] -- Eigen found (include: /usr/include/eigen3, version: 3.4.0)
[1.909s] -- Checking for module 'flann'
[1.909s] --   Found flann, version 1.9.1
[1.909s] -- Found FLANN: /usr/lib/x86_64-linux-gnu/libflann_cpp.so  
[1.909s] -- FLANN found (include: /usr/include, lib: /usr/lib/x86_64-linux-gnu/libflann_cpp.so)
[3.157s] -- Checking for module 'libusb-1.0'
[3.187s] --   Found libusb-1.0, version 1.0.25
[3.288s] -- Found libusb: /usr/lib/x86_64-linux-gnu/libusb-1.0.so  
[3.291s] -- OpenNI found (version: 1.5.4.0, include: /usr/include/ni, lib: /usr/lib/libOpenNI.so;libusb::libusb)
[3.415s] -- OpenNI2 found (version: 2.2.0.33, include: /usr/include/openni2, lib: /usr/lib/x86_64-linux-gnu/libOpenNI2.so;libusb::libusb)
[3.870s] -- Eigen found (include: /usr/include/eigen3, version: 3.4.0)
[3.889s] -- OpenNI found (version: 1.5.4.0, include: /usr/include/ni, lib: /usr/lib/libOpenNI.so;libusb::libusb)
[3.914s] -- OpenNI2 found (version: 2.2.0.33, include: /usr/include/openni2, lib: /usr/lib/x86_64-linux-gnu/libOpenNI2.so;libusb::libusb)
[4.536s] -- Found Qhull version 8.0.2
[5.196s] -- OpenNI found (version: 1.5.4.0, include: /usr/include/ni, lib: /usr/lib/libOpenNI.so;libusb::libusb)
[5.729s] -- Found PCL_COMMON: /usr/lib/x86_64-linux-gnu/libpcl_common.so  
[5.729s] -- Found PCL_KDTREE: /usr/lib/x86_64-linux-gnu/libpcl_kdtree.so  
[5.734s] -- Found PCL_OCTREE: /usr/lib/x86_64-linux-gnu/libpcl_octree.so  
[5.739s] -- Found PCL_SEARCH: /usr/lib/x86_64-linux-gnu/libpcl_search.so  
[5.743s] -- Found PCL_SAMPLE_CONSENSUS: /usr/lib/x86_64-linux-gnu/libpcl_sample_consensus.so  
[5.748s] -- Found PCL_FILTERS: /usr/lib/x86_64-linux-gnu/libpcl_filters.so  
[5.754s] -- Found PCL_2D: /usr/include/pcl-1.12  
[5.754s] -- Found PCL_GEOMETRY: /usr/include/pcl-1.12  
[5.756s] -- Found PCL_IO: /usr/lib/x86_64-linux-gnu/libpcl_io.so  
[5.759s] -- Found PCL_FEATURES: /usr/lib/x86_64-linux-gnu/libpcl_features.so  
[5.764s] -- Found PCL_ML: /usr/lib/x86_64-linux-gnu/libpcl_ml.so  
[5.767s] -- Found PCL_SEGMENTATION: /usr/lib/x86_64-linux-gnu/libpcl_segmentation.so  
[5.775s] -- Found PCL_VISUALIZATION: /usr/lib/x86_64-linux-gnu/libpcl_visualization.so  
[5.781s] -- Found PCL_SURFACE: /usr/lib/x86_64-linux-gnu/libpcl_surface.so  
[5.792s] -- Found PCL_REGISTRATION: /usr/lib/x86_64-linux-gnu/libpcl_registration.so  
[5.796s] -- Found PCL_KEYPOINTS: /usr/lib/x86_64-linux-gnu/libpcl_keypoints.so  
[5.798s] -- Found PCL_TRACKING: /usr/lib/x86_64-linux-gnu/libpcl_tracking.so  
[5.803s] -- Found PCL_RECOGNITION: /usr/lib/x86_64-linux-gnu/libpcl_recognition.so  
[5.813s] -- Found PCL_STEREO: /usr/lib/x86_64-linux-gnu/libpcl_stereo.so  
[5.817s] -- Found PCL_APPS: /usr/lib/x86_64-linux-gnu/libpcl_apps.so  
[5.820s] -- Found PCL_IN_HAND_SCANNER: /usr/include/pcl-1.12  
[5.825s] -- Found PCL_MODELER: /usr/include/pcl-1.12  
[5.829s] -- Found PCL_POINT_CLOUD_EDITOR: /usr/include/pcl-1.12  
[5.833s] -- Found PCL_OUTOFCORE: /usr/lib/x86_64-linux-gnu/libpcl_outofcore.so  
[5.836s] -- Found PCL_PEOPLE: /usr/lib/x86_64-linux-gnu/libpcl_people.so  
[5.917s] -- Found eigen3_cmake_module: 0.1.1 (/opt/ros/humble/share/eigen3_cmake_module/cmake)
[5.920s] -- Found Eigen3: TRUE (found version "3.4.0") 
[5.921s] -- Ensuring Eigen3 include directory is part of orocos-kdl CMake target
[6.078s] -- Found ament_lint_auto: 0.12.14 (/opt/ros/humble/share/ament_lint_auto/cmake)
[6.128s] [0mIn this package, headers install destination is set to `include` by ament_auto_package. It is recommended to install `include/sensor_scan_generation` instead and will be the default behavior of ament_auto_package from ROS 2 Kilted Kaiju. On distributions before Kilted, ament_auto_package behaves the same way when you use USE_SCOPED_HEADER_INSTALL_DIR option.[0m
[6.141s] -- Added test 'copyright' to check source files copyright and LICENSE
[6.142s] -- Added test 'cppcheck' to perform static code analysis on C / C++ code
[6.143s] -- Configured cppcheck include dirs: /home/yy/sight/pfa-nav/src/pb2025_sentry_nav/sensor_scan_generation/include
[6.143s] -- Configured cppcheck exclude dirs and/or files: 
[6.145s] -- Added test 'cpplint' to check C / C++ code against the Google style
[6.149s] -- Configured cpplint exclude dirs and/or files: 
[6.149s] -- Added test 'lint_cmake' to check CMake code style
[6.150s] -- Added test 'pep257' to check Python code against some of the docstring style conventions in PEP 257
[6.150s] -- Added test 'xmllint' to check XML markup files
[6.151s] -- Added test 'clang_format' to check C / C++ code style
[6.152s] -- Added test 'black' to check Python code style
[6.164s] -- Configuring done
[6.258s] -- Generating done
[6.284s] -- Build files have been written to: /home/yy/sight/pfa-nav/build/sensor_scan_generation
[6.343s] Invoked command in '/home/yy/sight/pfa-nav/build/sensor_scan_generation' returned '0': CMAKE_PREFIX_PATH=/opt/ros/humble /usr/bin/cmake /home/yy/sight/pfa-nav/src/pb2025_sentry_nav/sensor_scan_generation -DCMAKE_BUILD_TYPE=Release -DAMENT_CMAKE_SYMLINK_INSTALL=1 -DCMAKE_INSTALL_PREFIX=/home/yy/sight/pfa-nav/install/sensor_scan_generation
[6.344s] Invoking command in '/home/yy/sight/pfa-nav/build/sensor_scan_generation': CMAKE_PREFIX_PATH=/opt/ros/humble /usr/bin/cmake --build /home/yy/sight/pfa-nav/build/sensor_scan_generation -- -j20 -l20
[21.389s] [ 25%] [32mBuilding CXX object CMakeFiles/sensor_scan_generation.dir/src/sensor_scan_generation.cpp.o[0m
[21.389s] [ 50%] [32mBuilding CXX object CMakeFiles/sensor_scan_generation_node.dir/rclcpp_components/node_main_sensor_scan_generation_node.cpp.o[0m
[21.389s] [ 75%] [32m[1mLinking CXX executable sensor_scan_generation_node[0m
[21.389s] [ 75%] Built target sensor_scan_generation_node
[31.662s] [100%] [32m[1mLinking CXX shared library libsensor_scan_generation.so[0m
[32.066s] [100%] Built target sensor_scan_generation
[32.084s] Invoked command in '/home/yy/sight/pfa-nav/build/sensor_scan_generation' returned '0': CMAKE_PREFIX_PATH=/opt/ros/humble /usr/bin/cmake --build /home/yy/sight/pfa-nav/build/sensor_scan_generation -- -j20 -l20
[32.087s] Invoking command in '/home/yy/sight/pfa-nav/build/sensor_scan_generation': CMAKE_PREFIX_PATH=/opt/ros/humble /usr/bin/cmake --install /home/yy/sight/pfa-nav/build/sensor_scan_generation
[32.094s] -- Install configuration: "Release"
[32.094s] -- Execute custom install script
[32.097s] -- Symlinking: /home/yy/sight/pfa-nav/install/sensor_scan_generation/lib/sensor_scan_generation/sensor_scan_generation_node
[32.102s] -- Symlinking: /home/yy/sight/pfa-nav/install/sensor_scan_generation/include/sensor_scan_generation/sensor_scan_generation.hpp
[32.107s] -- Symlinking: /home/yy/sight/pfa-nav/install/sensor_scan_generation/share/sensor_scan_generation/environment/library_path.sh
[32.113s] -- Symlinking: /home/yy/sight/pfa-nav/install/sensor_scan_generation/share/sensor_scan_generation/environment/library_path.dsv
[32.119s] -- Symlinking: /home/yy/sight/pfa-nav/install/sensor_scan_generation/lib/libsensor_scan_generation.so
[32.125s] -- Symlinking: /home/yy/sight/pfa-nav/install/sensor_scan_generation/share/sensor_scan_generation/launch/sensor_scan_generation.launch.py
[32.133s] -- Symlinking: /home/yy/sight/pfa-nav/install/sensor_scan_generation/share/ament_index/resource_index/package_run_dependencies/sensor_scan_generation
[32.139s] -- Symlinking: /home/yy/sight/pfa-nav/install/sensor_scan_generation/share/ament_index/resource_index/parent_prefix_path/sensor_scan_generation
[32.146s] -- Symlinking: /home/yy/sight/pfa-nav/install/sensor_scan_generation/share/sensor_scan_generation/environment/ament_prefix_path.sh
[32.151s] -- Symlinking: /home/yy/sight/pfa-nav/install/sensor_scan_generation/share/sensor_scan_generation/environment/ament_prefix_path.dsv
[32.157s] -- Symlinking: /home/yy/sight/pfa-nav/install/sensor_scan_generation/share/sensor_scan_generation/environment/path.sh
[32.165s] -- Symlinking: /home/yy/sight/pfa-nav/install/sensor_scan_generation/share/sensor_scan_generation/environment/path.dsv
[32.171s] -- Symlinking: /home/yy/sight/pfa-nav/install/sensor_scan_generation/share/sensor_scan_generation/local_setup.bash
[32.177s] -- Symlinking: /home/yy/sight/pfa-nav/install/sensor_scan_generation/share/sensor_scan_generation/local_setup.sh
[32.183s] -- Symlinking: /home/yy/sight/pfa-nav/install/sensor_scan_generation/share/sensor_scan_generation/local_setup.zsh
[32.189s] -- Symlinking: /home/yy/sight/pfa-nav/install/sensor_scan_generation/share/sensor_scan_generation/local_setup.dsv
[32.198s] -- Symlinking: /home/yy/sight/pfa-nav/install/sensor_scan_generation/share/sensor_scan_generation/package.dsv
[32.204s] -- Symlinking: /home/yy/sight/pfa-nav/install/sensor_scan_generation/share/ament_index/resource_index/packages/sensor_scan_generation
[32.210s] -- Symlinking: /home/yy/sight/pfa-nav/install/sensor_scan_generation/share/ament_index/resource_index/rclcpp_components/sensor_scan_generation
[32.220s] -- Symlinking: /home/yy/sight/pfa-nav/install/sensor_scan_generation/share/sensor_scan_generation/cmake/ament_cmake_export_dependencies-extras.cmake
[32.228s] -- Symlinking: /home/yy/sight/pfa-nav/install/sensor_scan_generation/share/sensor_scan_generation/cmake/ament_cmake_export_include_directories-extras.cmake
[32.234s] -- Symlinking: /home/yy/sight/pfa-nav/install/sensor_scan_generation/share/sensor_scan_generation/cmake/ament_cmake_export_libraries-extras.cmake
[32.239s] -- Symlinking: /home/yy/sight/pfa-nav/install/sensor_scan_generation/share/sensor_scan_generation/cmake/sensor_scan_generationConfig.cmake
[32.245s] -- Symlinking: /home/yy/sight/pfa-nav/install/sensor_scan_generation/share/sensor_scan_generation/cmake/sensor_scan_generationConfig-version.cmake
[32.253s] -- Symlinking: /home/yy/sight/pfa-nav/install/sensor_scan_generation/share/sensor_scan_generation/package.xml
[32.267s] Invoked command in '/home/yy/sight/pfa-nav/build/sensor_scan_generation' returned '0': CMAKE_PREFIX_PATH=/opt/ros/humble /usr/bin/cmake --install /home/yy/sight/pfa-nav/build/sensor_scan_generation
