[0.054s] Invoking command in '/home/yy/sight/pfa-nav/build/rmoss_gz_plugins': CMAKE_PREFIX_PATH=${CMAKE_PREFIX_PATH}:/home/yy/sight/pfa-nav/install/sdformat_tools:/home/yy/sight/pfa-nav/install/joint_state_publisher_gui:/home/yy/sight/pfa-nav/install/joint_state_publisher:/opt/ros/humble /usr/bin/cmake --build /home/yy/sight/pfa-nav/build/rmoss_gz_plugins -- -j20 -l20
[0.356s] [ 33%] Built target ProjectileShooter
[0.356s] [ 66%] Built target MecanumDrive2
[0.356s] [100%] Built target LightBarController
[0.386s] Invoked command in '/home/yy/sight/pfa-nav/build/rmoss_gz_plugins' returned '0': CMAKE_PREFIX_PATH=${CMAKE_PREFIX_PATH}:/home/yy/sight/pfa-nav/install/sdformat_tools:/home/yy/sight/pfa-nav/install/joint_state_publisher_gui:/home/yy/sight/pfa-nav/install/joint_state_publisher:/opt/ros/humble /usr/bin/cmake --build /home/yy/sight/pfa-nav/build/rmoss_gz_plugins -- -j20 -l20
[0.393s] Invoking command in '/home/yy/sight/pfa-nav/build/rmoss_gz_plugins': CMAKE_PREFIX_PATH=${CMAKE_PREFIX_PATH}:/home/yy/sight/pfa-nav/install/sdformat_tools:/home/yy/sight/pfa-nav/install/joint_state_publisher_gui:/home/yy/sight/pfa-nav/install/joint_state_publisher:/opt/ros/humble /usr/bin/cmake --install /home/yy/sight/pfa-nav/build/rmoss_gz_plugins
[0.445s] -- Install configuration: "Release"
[0.445s] -- Execute custom install script
[0.445s] -- Up-to-date symlink: /home/yy/sight/pfa-nav/install/rmoss_gz_plugins/plugins/libMecanumDrive2.so
[0.445s] -- Up-to-date symlink: /home/yy/sight/pfa-nav/install/rmoss_gz_plugins/plugins/libProjectileShooter.so
[0.446s] -- Up-to-date symlink: /home/yy/sight/pfa-nav/install/rmoss_gz_plugins/plugins/libLightBarController.so
[0.446s] -- Up-to-date symlink: /home/yy/sight/pfa-nav/install/rmoss_gz_plugins/share/rmoss_gz_plugins/environment/gazebo.dsv
[0.446s] -- Up-to-date symlink: /home/yy/sight/pfa-nav/install/rmoss_gz_plugins/share/ament_index/resource_index/package_run_dependencies/rmoss_gz_plugins
[0.446s] -- Up-to-date symlink: /home/yy/sight/pfa-nav/install/rmoss_gz_plugins/share/ament_index/resource_index/parent_prefix_path/rmoss_gz_plugins
[0.446s] -- Up-to-date symlink: /home/yy/sight/pfa-nav/install/rmoss_gz_plugins/share/rmoss_gz_plugins/environment/ament_prefix_path.sh
[0.447s] -- Up-to-date symlink: /home/yy/sight/pfa-nav/install/rmoss_gz_plugins/share/rmoss_gz_plugins/environment/ament_prefix_path.dsv
[0.447s] -- Up-to-date symlink: /home/yy/sight/pfa-nav/install/rmoss_gz_plugins/share/rmoss_gz_plugins/environment/path.sh
[0.447s] -- Up-to-date symlink: /home/yy/sight/pfa-nav/install/rmoss_gz_plugins/share/rmoss_gz_plugins/environment/path.dsv
[0.447s] -- Up-to-date symlink: /home/yy/sight/pfa-nav/install/rmoss_gz_plugins/share/rmoss_gz_plugins/local_setup.bash
[0.447s] -- Up-to-date symlink: /home/yy/sight/pfa-nav/install/rmoss_gz_plugins/share/rmoss_gz_plugins/local_setup.sh
[0.447s] -- Up-to-date symlink: /home/yy/sight/pfa-nav/install/rmoss_gz_plugins/share/rmoss_gz_plugins/local_setup.zsh
[0.447s] -- Up-to-date symlink: /home/yy/sight/pfa-nav/install/rmoss_gz_plugins/share/rmoss_gz_plugins/local_setup.dsv
[0.447s] -- Symlinking: /home/yy/sight/pfa-nav/install/rmoss_gz_plugins/share/rmoss_gz_plugins/package.dsv
[0.447s] -- Up-to-date symlink: /home/yy/sight/pfa-nav/install/rmoss_gz_plugins/share/ament_index/resource_index/packages/rmoss_gz_plugins
[0.447s] -- Up-to-date symlink: /home/yy/sight/pfa-nav/install/rmoss_gz_plugins/share/rmoss_gz_plugins/cmake/rmoss_gz_pluginsConfig.cmake
[0.447s] -- Up-to-date symlink: /home/yy/sight/pfa-nav/install/rmoss_gz_plugins/share/rmoss_gz_plugins/cmake/rmoss_gz_pluginsConfig-version.cmake
[0.447s] -- Up-to-date symlink: /home/yy/sight/pfa-nav/install/rmoss_gz_plugins/share/rmoss_gz_plugins/package.xml
[0.495s] Invoked command in '/home/yy/sight/pfa-nav/build/rmoss_gz_plugins' returned '0': CMAKE_PREFIX_PATH=${CMAKE_PREFIX_PATH}:/home/yy/sight/pfa-nav/install/sdformat_tools:/home/yy/sight/pfa-nav/install/joint_state_publisher_gui:/home/yy/sight/pfa-nav/install/joint_state_publisher:/opt/ros/humble /usr/bin/cmake --install /home/yy/sight/pfa-nav/build/rmoss_gz_plugins
