-- Found ament_cmake_auto: 1.3.12 (/opt/ros/humble/share/ament_cmake_auto/cmake)
-- Override CMake install command with custom implementation using symlinks instead of copying resources
-- Found rosidl_generator_c: 3.1.7 (/opt/ros/humble/share/rosidl_generator_c/cmake)
-- Found rosidl_adapter: 3.1.7 (/opt/ros/humble/share/rosidl_adapter/cmake)
-- Found rosidl_generator_cpp: 3.1.7 (/opt/ros/humble/share/rosidl_generator_cpp/cmake)
-- Using all available rosidl_typesupport_c: rosidl_typesupport_fastrtps_c;rosidl_typesupport_introspection_c
-- Using all available rosidl_typesupport_cpp: rosidl_typesupport_fastrtps_cpp;rosidl_typesupport_introspection_cpp
-- Found rmw_implementation_cmake: 6.1.2 (/opt/ros/humble/share/rmw_implementation_cmake/cmake)
-- Found rmw_fastrtps_cpp: 6.2.9 (/opt/ros/humble/share/rmw_fastrtps_cpp/cmake)
-- Using RMW implementation 'rmw_fastrtps_cpp' as default
-- Found eigen3_cmake_module: 0.1.1 (/opt/ros/humble/share/eigen3_cmake_module/cmake)
-- Ensuring Eigen3 include directory is part of orocos-kdl CMake target
-- Eigen found (include: /usr/include/eigen3, version: 3.4.0)
-- FLANN found (include: /usr/include, lib: /usr/lib/x86_64-linux-gnu/libflann_cpp.so)
-- OpenNI found (version: 1.5.4.0, include: /usr/include/ni, lib: /usr/lib/libOpenNI.so;libusb::libusb)
-- OpenNI2 found (version: 2.2.0.33, include: /usr/include/openni2, lib: /usr/lib/x86_64-linux-gnu/libOpenNI2.so;libusb::libusb)
-- Eigen found (include: /usr/include/eigen3, version: 3.4.0)
-- OpenNI found (version: 1.5.4.0, include: /usr/include/ni, lib: /usr/lib/libOpenNI.so;libusb::libusb)
-- OpenNI2 found (version: 2.2.0.33, include: /usr/include/openni2, lib: /usr/lib/x86_64-linux-gnu/libOpenNI2.so;libusb::libusb)
-- Found Qhull version 8.0.2
-- OpenNI found (version: 1.5.4.0, include: /usr/include/ni, lib: /usr/lib/libOpenNI.so;libusb::libusb)
-- Found ament_lint_auto: 0.12.14 (/opt/ros/humble/share/ament_lint_auto/cmake)
-- Added test 'copyright' to check source files copyright and LICENSE
-- Added test 'cppcheck' to perform static code analysis on C / C++ code
-- Configured cppcheck include dirs: /home/yy/sight/pfa-nav/src/pb2025_sentry_nav/loam_interface/include
-- Configured cppcheck exclude dirs and/or files: 
-- Added test 'cpplint' to check C / C++ code against the Google style
-- Configured cpplint exclude dirs and/or files: 
-- Added test 'lint_cmake' to check CMake code style
-- Added test 'pep257' to check Python code against some of the docstring style conventions in PEP 257
-- Added test 'xmllint' to check XML markup files
-- Added test 'clang_format' to check C / C++ code style
-- Added test 'black' to check Python code style
-- Configuring done
-- Generating done
-- Build files have been written to: /home/yy/sight/pfa-nav/build/loam_interface
[35m[1mConsolidate compiler generated dependencies of target loam_interface[0m
[35m[1mConsolidate compiler generated dependencies of target loam_interface_node[0m
[ 50%] Built target loam_interface_node
[ 75%] [32m[1mLinking CXX shared library libloam_interface.so[0m
[100%] Built target loam_interface
-- Install configuration: "Release"
-- Execute custom install script
-- Up-to-date symlink: /home/yy/sight/pfa-nav/install/loam_interface/lib/loam_interface/loam_interface_node
-- Up-to-date symlink: /home/yy/sight/pfa-nav/install/loam_interface/include/loam_interface/loam_interface.hpp
-- Up-to-date symlink: /home/yy/sight/pfa-nav/install/loam_interface/share/loam_interface/environment/library_path.sh
-- Up-to-date symlink: /home/yy/sight/pfa-nav/install/loam_interface/share/loam_interface/environment/library_path.dsv
-- Up-to-date symlink: /home/yy/sight/pfa-nav/install/loam_interface/lib/libloam_interface.so
-- Up-to-date symlink: /home/yy/sight/pfa-nav/install/loam_interface/share/loam_interface/launch/loam_interface_launch.py
-- Up-to-date symlink: /home/yy/sight/pfa-nav/install/loam_interface/share/ament_index/resource_index/package_run_dependencies/loam_interface
-- Up-to-date symlink: /home/yy/sight/pfa-nav/install/loam_interface/share/ament_index/resource_index/parent_prefix_path/loam_interface
-- Up-to-date symlink: /home/yy/sight/pfa-nav/install/loam_interface/share/loam_interface/environment/ament_prefix_path.sh
-- Up-to-date symlink: /home/yy/sight/pfa-nav/install/loam_interface/share/loam_interface/environment/ament_prefix_path.dsv
-- Up-to-date symlink: /home/yy/sight/pfa-nav/install/loam_interface/share/loam_interface/environment/path.sh
-- Up-to-date symlink: /home/yy/sight/pfa-nav/install/loam_interface/share/loam_interface/environment/path.dsv
-- Up-to-date symlink: /home/yy/sight/pfa-nav/install/loam_interface/share/loam_interface/local_setup.bash
-- Up-to-date symlink: /home/yy/sight/pfa-nav/install/loam_interface/share/loam_interface/local_setup.sh
-- Up-to-date symlink: /home/yy/sight/pfa-nav/install/loam_interface/share/loam_interface/local_setup.zsh
-- Up-to-date symlink: /home/yy/sight/pfa-nav/install/loam_interface/share/loam_interface/local_setup.dsv
-- Symlinking: /home/yy/sight/pfa-nav/install/loam_interface/share/loam_interface/package.dsv
-- Up-to-date symlink: /home/yy/sight/pfa-nav/install/loam_interface/share/ament_index/resource_index/packages/loam_interface
-- Up-to-date symlink: /home/yy/sight/pfa-nav/install/loam_interface/share/ament_index/resource_index/rclcpp_components/loam_interface
-- Up-to-date symlink: /home/yy/sight/pfa-nav/install/loam_interface/share/loam_interface/cmake/ament_cmake_export_dependencies-extras.cmake
-- Up-to-date symlink: /home/yy/sight/pfa-nav/install/loam_interface/share/loam_interface/cmake/ament_cmake_export_include_directories-extras.cmake
-- Up-to-date symlink: /home/yy/sight/pfa-nav/install/loam_interface/share/loam_interface/cmake/ament_cmake_export_libraries-extras.cmake
-- Up-to-date symlink: /home/yy/sight/pfa-nav/install/loam_interface/share/loam_interface/cmake/loam_interfaceConfig.cmake
-- Up-to-date symlink: /home/yy/sight/pfa-nav/install/loam_interface/share/loam_interface/cmake/loam_interfaceConfig-version.cmake
-- Up-to-date symlink: /home/yy/sight/pfa-nav/install/loam_interface/share/loam_interface/package.xml
