[0.005s] Invoking command in '/home/yy/sight/pfa-nav/build/loam_interface': CMAKE_PREFIX_PATH=/opt/ros/humble /usr/bin/cmake --build /home/yy/sight/pfa-nav/build/loam_interface -- -j20 -l20
[0.023s] -- Found ament_cmake_auto: 1.3.12 (/opt/ros/humble/share/ament_cmake_auto/cmake)
[0.082s] -- Override CMake install command with custom implementation using symlinks instead of copying resources
[0.131s] -- Found rosidl_generator_c: 3.1.7 (/opt/ros/humble/share/rosidl_generator_c/cmake)
[0.133s] -- Found rosidl_adapter: 3.1.7 (/opt/ros/humble/share/rosidl_adapter/cmake)
[0.135s] -- Found rosidl_generator_cpp: 3.1.7 (/opt/ros/humble/share/rosidl_generator_cpp/cmake)
[0.139s] -- Using all available rosidl_typesupport_c: rosidl_typesupport_fastrtps_c;rosidl_typesupport_introspection_c
[0.145s] -- Using all available rosidl_typesupport_cpp: rosidl_typesupport_fastrtps_cpp;rosidl_typesupport_introspection_cpp
[0.160s] -- Found rmw_implementation_cmake: 6.1.2 (/opt/ros/humble/share/rmw_implementation_cmake/cmake)
[0.160s] -- Found rmw_fastrtps_cpp: 6.2.9 (/opt/ros/humble/share/rmw_fastrtps_cpp/cmake)
[0.216s] -- Using RMW implementation 'rmw_fastrtps_cpp' as default
[0.283s] -- Found eigen3_cmake_module: 0.1.1 (/opt/ros/humble/share/eigen3_cmake_module/cmake)
[0.283s] -- Ensuring Eigen3 include directory is part of orocos-kdl CMake target
[0.319s] -- Eigen found (include: /usr/include/eigen3, version: 3.4.0)
[0.336s] -- FLANN found (include: /usr/include, lib: /usr/lib/x86_64-linux-gnu/libflann_cpp.so)
[0.501s] -- OpenNI found (version: 1.5.4.0, include: /usr/include/ni, lib: /usr/lib/libOpenNI.so;libusb::libusb)
[0.505s] -- OpenNI2 found (version: 2.2.0.33, include: /usr/include/openni2, lib: /usr/lib/x86_64-linux-gnu/libOpenNI2.so;libusb::libusb)
[0.586s] -- Eigen found (include: /usr/include/eigen3, version: 3.4.0)
[0.590s] -- OpenNI found (version: 1.5.4.0, include: /usr/include/ni, lib: /usr/lib/libOpenNI.so;libusb::libusb)
[0.594s] -- OpenNI2 found (version: 2.2.0.33, include: /usr/include/openni2, lib: /usr/lib/x86_64-linux-gnu/libOpenNI2.so;libusb::libusb)
[0.668s] -- Found Qhull version 8.0.2
[0.747s] -- OpenNI found (version: 1.5.4.0, include: /usr/include/ni, lib: /usr/lib/libOpenNI.so;libusb::libusb)
[0.836s] -- Found ament_lint_auto: 0.12.14 (/opt/ros/humble/share/ament_lint_auto/cmake)
[0.839s] [0mIn this package, headers install destination is set to `include` by ament_auto_package. It is recommended to install `include/loam_interface` instead and will be the default behavior of ament_auto_package from ROS 2 Kilted Kaiju. On distributions before Kilted, ament_auto_package behaves the same way when you use USE_SCOPED_HEADER_INSTALL_DIR option.[0m
[0.842s] -- Added test 'copyright' to check source files copyright and LICENSE
[0.842s] -- Added test 'cppcheck' to perform static code analysis on C / C++ code
[0.842s] -- Configured cppcheck include dirs: /home/yy/sight/pfa-nav/src/pb2025_sentry_nav/loam_interface/include
[0.842s] -- Configured cppcheck exclude dirs and/or files: 
[0.843s] -- Added test 'cpplint' to check C / C++ code against the Google style
[0.843s] -- Configured cpplint exclude dirs and/or files: 
[0.843s] -- Added test 'lint_cmake' to check CMake code style
[0.843s] -- Added test 'pep257' to check Python code against some of the docstring style conventions in PEP 257
[0.843s] -- Added test 'xmllint' to check XML markup files
[0.843s] -- Added test 'clang_format' to check C / C++ code style
[0.844s] -- Added test 'black' to check Python code style
[0.845s] -- Configuring done
[0.863s] -- Generating done
[0.867s] -- Build files have been written to: /home/yy/sight/pfa-nav/build/loam_interface
[0.889s] [35m[1mConsolidate compiler generated dependencies of target loam_interface[0m
[0.890s] [35m[1mConsolidate compiler generated dependencies of target loam_interface_node[0m
[0.901s] [ 50%] Built target loam_interface_node
[0.905s] [ 75%] [32m[1mLinking CXX shared library libloam_interface.so[0m
[1.140s] [100%] Built target loam_interface
[1.149s] Invoked command in '/home/yy/sight/pfa-nav/build/loam_interface' returned '0': CMAKE_PREFIX_PATH=/opt/ros/humble /usr/bin/cmake --build /home/yy/sight/pfa-nav/build/loam_interface -- -j20 -l20
[1.150s] Invoking command in '/home/yy/sight/pfa-nav/build/loam_interface': CMAKE_PREFIX_PATH=/opt/ros/humble /usr/bin/cmake --install /home/yy/sight/pfa-nav/build/loam_interface
[1.154s] -- Install configuration: "Release"
[1.154s] -- Execute custom install script
[1.155s] -- Up-to-date symlink: /home/yy/sight/pfa-nav/install/loam_interface/lib/loam_interface/loam_interface_node
[1.155s] -- Up-to-date symlink: /home/yy/sight/pfa-nav/install/loam_interface/include/loam_interface/loam_interface.hpp
[1.155s] -- Up-to-date symlink: /home/yy/sight/pfa-nav/install/loam_interface/share/loam_interface/environment/library_path.sh
[1.155s] -- Up-to-date symlink: /home/yy/sight/pfa-nav/install/loam_interface/share/loam_interface/environment/library_path.dsv
[1.155s] -- Up-to-date symlink: /home/yy/sight/pfa-nav/install/loam_interface/lib/libloam_interface.so
[1.155s] -- Up-to-date symlink: /home/yy/sight/pfa-nav/install/loam_interface/share/loam_interface/launch/loam_interface_launch.py
[1.155s] -- Up-to-date symlink: /home/yy/sight/pfa-nav/install/loam_interface/share/ament_index/resource_index/package_run_dependencies/loam_interface
[1.155s] -- Up-to-date symlink: /home/yy/sight/pfa-nav/install/loam_interface/share/ament_index/resource_index/parent_prefix_path/loam_interface
[1.155s] -- Up-to-date symlink: /home/yy/sight/pfa-nav/install/loam_interface/share/loam_interface/environment/ament_prefix_path.sh
[1.155s] -- Up-to-date symlink: /home/yy/sight/pfa-nav/install/loam_interface/share/loam_interface/environment/ament_prefix_path.dsv
[1.155s] -- Up-to-date symlink: /home/yy/sight/pfa-nav/install/loam_interface/share/loam_interface/environment/path.sh
[1.155s] -- Up-to-date symlink: /home/yy/sight/pfa-nav/install/loam_interface/share/loam_interface/environment/path.dsv
[1.155s] -- Up-to-date symlink: /home/yy/sight/pfa-nav/install/loam_interface/share/loam_interface/local_setup.bash
[1.155s] -- Up-to-date symlink: /home/yy/sight/pfa-nav/install/loam_interface/share/loam_interface/local_setup.sh
[1.156s] -- Up-to-date symlink: /home/yy/sight/pfa-nav/install/loam_interface/share/loam_interface/local_setup.zsh
[1.156s] -- Up-to-date symlink: /home/yy/sight/pfa-nav/install/loam_interface/share/loam_interface/local_setup.dsv
[1.156s] -- Symlinking: /home/yy/sight/pfa-nav/install/loam_interface/share/loam_interface/package.dsv
[1.162s] -- Up-to-date symlink: /home/yy/sight/pfa-nav/install/loam_interface/share/ament_index/resource_index/packages/loam_interface
[1.162s] -- Up-to-date symlink: /home/yy/sight/pfa-nav/install/loam_interface/share/ament_index/resource_index/rclcpp_components/loam_interface
[1.162s] -- Up-to-date symlink: /home/yy/sight/pfa-nav/install/loam_interface/share/loam_interface/cmake/ament_cmake_export_dependencies-extras.cmake
[1.162s] -- Up-to-date symlink: /home/yy/sight/pfa-nav/install/loam_interface/share/loam_interface/cmake/ament_cmake_export_include_directories-extras.cmake
[1.162s] -- Up-to-date symlink: /home/yy/sight/pfa-nav/install/loam_interface/share/loam_interface/cmake/ament_cmake_export_libraries-extras.cmake
[1.163s] -- Up-to-date symlink: /home/yy/sight/pfa-nav/install/loam_interface/share/loam_interface/cmake/loam_interfaceConfig.cmake
[1.163s] -- Up-to-date symlink: /home/yy/sight/pfa-nav/install/loam_interface/share/loam_interface/cmake/loam_interfaceConfig-version.cmake
[1.163s] -- Up-to-date symlink: /home/yy/sight/pfa-nav/install/loam_interface/share/loam_interface/package.xml
[1.164s] Invoked command in '/home/yy/sight/pfa-nav/build/loam_interface' returned '0': CMAKE_PREFIX_PATH=/opt/ros/humble /usr/bin/cmake --install /home/yy/sight/pfa-nav/build/loam_interface
