[0.018s] Invoking command in '/home/yy/sight/pfa-nav/build/rmu_gazebo_simulator': AMENT_PREFIX_PATH=/home/yy/sight/pfa-nav/install/rmoss_core:/home/yy/sight/pfa-nav/install/rmoss_cam:/home/yy/sight/pfa-nav/install/rmoss_util:/home/yy/sight/pfa-nav/install/rmoss_gz_cam:/home/yy/sight/pfa-nav/install/rmoss_gz_bridge:/home/yy/sight/pfa-nav/install/rmoss_gz_base:/home/yy/sight/pfa-nav/install/rmoss_base:/home/yy/sight/pfa-nav/install/pb2025_robot_description:/home/yy/sight/pfa-nav/install/sdformat_tools:/home/yy/sight/pfa-nav/install/rmoss_projectile_motion:/home/yy/sight/pfa-nav/install/rmoss_interfaces:/home/yy/sight/pfa-nav/install/rmoss_gz_resources:/home/yy/sight/pfa-nav/install/rmoss_gz_plugins:${AMENT_PREFIX_PATH} CMAKE_PREFIX_PATH=/home/yy/sight/pfa-nav/install/rmoss_core:/home/yy/sight/pfa-nav/install/rmoss_cam:/home/yy/sight/pfa-nav/install/rmoss_util:/home/yy/sight/pfa-nav/install/rmoss_gz_cam:/home/yy/sight/pfa-nav/install/rmoss_gz_bridge:/home/yy/sight/pfa-nav/install/rmoss_gz_base:/home/yy/sight/pfa-nav/install/rmoss_base:/home/yy/sight/pfa-nav/install/pb2025_robot_description:/home/yy/sight/pfa-nav/install/rmoss_projectile_motion:/home/yy/sight/pfa-nav/install/rmoss_interfaces:/home/yy/sight/pfa-nav/install/rmoss_gz_resources:/home/yy/sight/pfa-nav/install/rmoss_gz_plugins:/opt/ros/humble LD_LIBRARY_PATH=/home/yy/sight/pfa-nav/install/rmoss_cam/lib:/home/yy/sight/pfa-nav/install/rmoss_util/lib:/home/yy/sight/pfa-nav/install/rmoss_gz_cam/lib:/home/yy/sight/pfa-nav/install/rmoss_gz_base/lib:/home/yy/sight/pfa-nav/install/rmoss_base/lib:/home/yy/sight/pfa-nav/install/rmoss_projectile_motion/lib:/home/yy/sight/pfa-nav/install/rmoss_interfaces/lib:/usr/lib/x86_64-linux-gnu/gazebo-11/plugins:/opt/ros/humble/opt/rviz_ogre_vendor/lib:/opt/ros/humble/lib/x86_64-linux-gnu:/opt/ros/humble/lib:/opt/MVS/lib/64:/opt/MVS/lib/32:/opt/MVS/lib/64:/opt/MVS/lib/32:/opt/MVS/lib/64:/opt/MVS/lib/32 PATH=/home/yy/sight/pfa-nav/install/sdformat_tools/bin:${PATH} PYTHONPATH=/home/yy/sight/pfa-nav/build/sdformat_tools:/home/yy/sight/pfa-nav/install/sdformat_tools/lib/python3.10/site-packages:/home/yy/sight/pfa-nav/install/rmoss_interfaces/local/lib/python3.10/dist-packages:${PYTHONPATH} /usr/bin/cmake /home/yy/sight/pfa-nav/src/rmu_gazebo_simulator/rmu_gazebo_simulator -DCMAKE_BUILD_TYPE=Release -DAMENT_CMAKE_SYMLINK_INSTALL=1 -DCMAKE_INSTALL_PREFIX=/home/yy/sight/pfa-nav/install/rmu_gazebo_simulator
[0.056s] -- The C compiler identification is GNU 11.4.0
[0.089s] -- The CXX compiler identification is GNU 11.4.0
[0.093s] -- Detecting C compiler ABI info
[0.133s] -- Detecting C compiler ABI info - done
[0.137s] -- Check for working C compiler: /usr/bin/cc - skipped
[0.137s] -- Detecting C compile features
[0.137s] -- Detecting C compile features - done
[0.139s] -- Detecting CXX compiler ABI info
[0.191s] -- Detecting CXX compiler ABI info - done
[0.195s] -- Check for working CXX compiler: /usr/bin/c++ - skipped
[0.195s] -- Detecting CXX compile features
[0.195s] -- Detecting CXX compile features - done
[0.197s] -- Found ament_cmake: 1.3.12 (/opt/ros/humble/share/ament_cmake/cmake)
[0.274s] -- Found Python3: /usr/bin/python3 (found version "3.10.12") found components: Interpreter 
[0.308s] -- Override CMake install command with custom implementation using symlinks instead of copying resources
[0.366s] -- Configuring done
[0.367s] -- Generating done
[0.368s] -- Build files have been written to: /home/yy/sight/pfa-nav/build/rmu_gazebo_simulator
[0.370s] Invoked command in '/home/yy/sight/pfa-nav/build/rmu_gazebo_simulator' returned '0': AMENT_PREFIX_PATH=/home/yy/sight/pfa-nav/install/rmoss_core:/home/yy/sight/pfa-nav/install/rmoss_cam:/home/yy/sight/pfa-nav/install/rmoss_util:/home/yy/sight/pfa-nav/install/rmoss_gz_cam:/home/yy/sight/pfa-nav/install/rmoss_gz_bridge:/home/yy/sight/pfa-nav/install/rmoss_gz_base:/home/yy/sight/pfa-nav/install/rmoss_base:/home/yy/sight/pfa-nav/install/pb2025_robot_description:/home/yy/sight/pfa-nav/install/sdformat_tools:/home/yy/sight/pfa-nav/install/rmoss_projectile_motion:/home/yy/sight/pfa-nav/install/rmoss_interfaces:/home/yy/sight/pfa-nav/install/rmoss_gz_resources:/home/yy/sight/pfa-nav/install/rmoss_gz_plugins:${AMENT_PREFIX_PATH} CMAKE_PREFIX_PATH=/home/yy/sight/pfa-nav/install/rmoss_core:/home/yy/sight/pfa-nav/install/rmoss_cam:/home/yy/sight/pfa-nav/install/rmoss_util:/home/yy/sight/pfa-nav/install/rmoss_gz_cam:/home/yy/sight/pfa-nav/install/rmoss_gz_bridge:/home/yy/sight/pfa-nav/install/rmoss_gz_base:/home/yy/sight/pfa-nav/install/rmoss_base:/home/yy/sight/pfa-nav/install/pb2025_robot_description:/home/yy/sight/pfa-nav/install/rmoss_projectile_motion:/home/yy/sight/pfa-nav/install/rmoss_interfaces:/home/yy/sight/pfa-nav/install/rmoss_gz_resources:/home/yy/sight/pfa-nav/install/rmoss_gz_plugins:/opt/ros/humble LD_LIBRARY_PATH=/home/yy/sight/pfa-nav/install/rmoss_cam/lib:/home/yy/sight/pfa-nav/install/rmoss_util/lib:/home/yy/sight/pfa-nav/install/rmoss_gz_cam/lib:/home/yy/sight/pfa-nav/install/rmoss_gz_base/lib:/home/yy/sight/pfa-nav/install/rmoss_base/lib:/home/yy/sight/pfa-nav/install/rmoss_projectile_motion/lib:/home/yy/sight/pfa-nav/install/rmoss_interfaces/lib:/usr/lib/x86_64-linux-gnu/gazebo-11/plugins:/opt/ros/humble/opt/rviz_ogre_vendor/lib:/opt/ros/humble/lib/x86_64-linux-gnu:/opt/ros/humble/lib:/opt/MVS/lib/64:/opt/MVS/lib/32:/opt/MVS/lib/64:/opt/MVS/lib/32:/opt/MVS/lib/64:/opt/MVS/lib/32 PATH=/home/yy/sight/pfa-nav/install/sdformat_tools/bin:${PATH} PYTHONPATH=/home/yy/sight/pfa-nav/build/sdformat_tools:/home/yy/sight/pfa-nav/install/sdformat_tools/lib/python3.10/site-packages:/home/yy/sight/pfa-nav/install/rmoss_interfaces/local/lib/python3.10/dist-packages:${PYTHONPATH} /usr/bin/cmake /home/yy/sight/pfa-nav/src/rmu_gazebo_simulator/rmu_gazebo_simulator -DCMAKE_BUILD_TYPE=Release -DAMENT_CMAKE_SYMLINK_INSTALL=1 -DCMAKE_INSTALL_PREFIX=/home/yy/sight/pfa-nav/install/rmu_gazebo_simulator
[0.371s] Invoking command in '/home/yy/sight/pfa-nav/build/rmu_gazebo_simulator': AMENT_PREFIX_PATH=/home/yy/sight/pfa-nav/install/rmoss_core:/home/yy/sight/pfa-nav/install/rmoss_cam:/home/yy/sight/pfa-nav/install/rmoss_util:/home/yy/sight/pfa-nav/install/rmoss_gz_cam:/home/yy/sight/pfa-nav/install/rmoss_gz_bridge:/home/yy/sight/pfa-nav/install/rmoss_gz_base:/home/yy/sight/pfa-nav/install/rmoss_base:/home/yy/sight/pfa-nav/install/pb2025_robot_description:/home/yy/sight/pfa-nav/install/sdformat_tools:/home/yy/sight/pfa-nav/install/rmoss_projectile_motion:/home/yy/sight/pfa-nav/install/rmoss_interfaces:/home/yy/sight/pfa-nav/install/rmoss_gz_resources:/home/yy/sight/pfa-nav/install/rmoss_gz_plugins:${AMENT_PREFIX_PATH} CMAKE_PREFIX_PATH=/home/yy/sight/pfa-nav/install/rmoss_core:/home/yy/sight/pfa-nav/install/rmoss_cam:/home/yy/sight/pfa-nav/install/rmoss_util:/home/yy/sight/pfa-nav/install/rmoss_gz_cam:/home/yy/sight/pfa-nav/install/rmoss_gz_bridge:/home/yy/sight/pfa-nav/install/rmoss_gz_base:/home/yy/sight/pfa-nav/install/rmoss_base:/home/yy/sight/pfa-nav/install/pb2025_robot_description:/home/yy/sight/pfa-nav/install/rmoss_projectile_motion:/home/yy/sight/pfa-nav/install/rmoss_interfaces:/home/yy/sight/pfa-nav/install/rmoss_gz_resources:/home/yy/sight/pfa-nav/install/rmoss_gz_plugins:/opt/ros/humble LD_LIBRARY_PATH=/home/yy/sight/pfa-nav/install/rmoss_cam/lib:/home/yy/sight/pfa-nav/install/rmoss_util/lib:/home/yy/sight/pfa-nav/install/rmoss_gz_cam/lib:/home/yy/sight/pfa-nav/install/rmoss_gz_base/lib:/home/yy/sight/pfa-nav/install/rmoss_base/lib:/home/yy/sight/pfa-nav/install/rmoss_projectile_motion/lib:/home/yy/sight/pfa-nav/install/rmoss_interfaces/lib:/usr/lib/x86_64-linux-gnu/gazebo-11/plugins:/opt/ros/humble/opt/rviz_ogre_vendor/lib:/opt/ros/humble/lib/x86_64-linux-gnu:/opt/ros/humble/lib:/opt/MVS/lib/64:/opt/MVS/lib/32:/opt/MVS/lib/64:/opt/MVS/lib/32:/opt/MVS/lib/64:/opt/MVS/lib/32 PATH=/home/yy/sight/pfa-nav/install/sdformat_tools/bin:${PATH} PYTHONPATH=/home/yy/sight/pfa-nav/build/sdformat_tools:/home/yy/sight/pfa-nav/install/sdformat_tools/lib/python3.10/site-packages:/home/yy/sight/pfa-nav/install/rmoss_interfaces/local/lib/python3.10/dist-packages:${PYTHONPATH} /usr/bin/cmake --build /home/yy/sight/pfa-nav/build/rmu_gazebo_simulator -- -j20 -l20
[0.400s] Invoked command in '/home/yy/sight/pfa-nav/build/rmu_gazebo_simulator' returned '0': AMENT_PREFIX_PATH=/home/yy/sight/pfa-nav/install/rmoss_core:/home/yy/sight/pfa-nav/install/rmoss_cam:/home/yy/sight/pfa-nav/install/rmoss_util:/home/yy/sight/pfa-nav/install/rmoss_gz_cam:/home/yy/sight/pfa-nav/install/rmoss_gz_bridge:/home/yy/sight/pfa-nav/install/rmoss_gz_base:/home/yy/sight/pfa-nav/install/rmoss_base:/home/yy/sight/pfa-nav/install/pb2025_robot_description:/home/yy/sight/pfa-nav/install/sdformat_tools:/home/yy/sight/pfa-nav/install/rmoss_projectile_motion:/home/yy/sight/pfa-nav/install/rmoss_interfaces:/home/yy/sight/pfa-nav/install/rmoss_gz_resources:/home/yy/sight/pfa-nav/install/rmoss_gz_plugins:${AMENT_PREFIX_PATH} CMAKE_PREFIX_PATH=/home/yy/sight/pfa-nav/install/rmoss_core:/home/yy/sight/pfa-nav/install/rmoss_cam:/home/yy/sight/pfa-nav/install/rmoss_util:/home/yy/sight/pfa-nav/install/rmoss_gz_cam:/home/yy/sight/pfa-nav/install/rmoss_gz_bridge:/home/yy/sight/pfa-nav/install/rmoss_gz_base:/home/yy/sight/pfa-nav/install/rmoss_base:/home/yy/sight/pfa-nav/install/pb2025_robot_description:/home/yy/sight/pfa-nav/install/rmoss_projectile_motion:/home/yy/sight/pfa-nav/install/rmoss_interfaces:/home/yy/sight/pfa-nav/install/rmoss_gz_resources:/home/yy/sight/pfa-nav/install/rmoss_gz_plugins:/opt/ros/humble LD_LIBRARY_PATH=/home/yy/sight/pfa-nav/install/rmoss_cam/lib:/home/yy/sight/pfa-nav/install/rmoss_util/lib:/home/yy/sight/pfa-nav/install/rmoss_gz_cam/lib:/home/yy/sight/pfa-nav/install/rmoss_gz_base/lib:/home/yy/sight/pfa-nav/install/rmoss_base/lib:/home/yy/sight/pfa-nav/install/rmoss_projectile_motion/lib:/home/yy/sight/pfa-nav/install/rmoss_interfaces/lib:/usr/lib/x86_64-linux-gnu/gazebo-11/plugins:/opt/ros/humble/opt/rviz_ogre_vendor/lib:/opt/ros/humble/lib/x86_64-linux-gnu:/opt/ros/humble/lib:/opt/MVS/lib/64:/opt/MVS/lib/32:/opt/MVS/lib/64:/opt/MVS/lib/32:/opt/MVS/lib/64:/opt/MVS/lib/32 PATH=/home/yy/sight/pfa-nav/install/sdformat_tools/bin:${PATH} PYTHONPATH=/home/yy/sight/pfa-nav/build/sdformat_tools:/home/yy/sight/pfa-nav/install/sdformat_tools/lib/python3.10/site-packages:/home/yy/sight/pfa-nav/install/rmoss_interfaces/local/lib/python3.10/dist-packages:${PYTHONPATH} /usr/bin/cmake --build /home/yy/sight/pfa-nav/build/rmu_gazebo_simulator -- -j20 -l20
[0.401s] Invoking command in '/home/yy/sight/pfa-nav/build/rmu_gazebo_simulator': AMENT_PREFIX_PATH=/home/yy/sight/pfa-nav/install/rmoss_core:/home/yy/sight/pfa-nav/install/rmoss_cam:/home/yy/sight/pfa-nav/install/rmoss_util:/home/yy/sight/pfa-nav/install/rmoss_gz_cam:/home/yy/sight/pfa-nav/install/rmoss_gz_bridge:/home/yy/sight/pfa-nav/install/rmoss_gz_base:/home/yy/sight/pfa-nav/install/rmoss_base:/home/yy/sight/pfa-nav/install/pb2025_robot_description:/home/yy/sight/pfa-nav/install/sdformat_tools:/home/yy/sight/pfa-nav/install/rmoss_projectile_motion:/home/yy/sight/pfa-nav/install/rmoss_interfaces:/home/yy/sight/pfa-nav/install/rmoss_gz_resources:/home/yy/sight/pfa-nav/install/rmoss_gz_plugins:${AMENT_PREFIX_PATH} CMAKE_PREFIX_PATH=/home/yy/sight/pfa-nav/install/rmoss_core:/home/yy/sight/pfa-nav/install/rmoss_cam:/home/yy/sight/pfa-nav/install/rmoss_util:/home/yy/sight/pfa-nav/install/rmoss_gz_cam:/home/yy/sight/pfa-nav/install/rmoss_gz_bridge:/home/yy/sight/pfa-nav/install/rmoss_gz_base:/home/yy/sight/pfa-nav/install/rmoss_base:/home/yy/sight/pfa-nav/install/pb2025_robot_description:/home/yy/sight/pfa-nav/install/rmoss_projectile_motion:/home/yy/sight/pfa-nav/install/rmoss_interfaces:/home/yy/sight/pfa-nav/install/rmoss_gz_resources:/home/yy/sight/pfa-nav/install/rmoss_gz_plugins:/opt/ros/humble LD_LIBRARY_PATH=/home/yy/sight/pfa-nav/install/rmoss_cam/lib:/home/yy/sight/pfa-nav/install/rmoss_util/lib:/home/yy/sight/pfa-nav/install/rmoss_gz_cam/lib:/home/yy/sight/pfa-nav/install/rmoss_gz_base/lib:/home/yy/sight/pfa-nav/install/rmoss_base/lib:/home/yy/sight/pfa-nav/install/rmoss_projectile_motion/lib:/home/yy/sight/pfa-nav/install/rmoss_interfaces/lib:/usr/lib/x86_64-linux-gnu/gazebo-11/plugins:/opt/ros/humble/opt/rviz_ogre_vendor/lib:/opt/ros/humble/lib/x86_64-linux-gnu:/opt/ros/humble/lib:/opt/MVS/lib/64:/opt/MVS/lib/32:/opt/MVS/lib/64:/opt/MVS/lib/32:/opt/MVS/lib/64:/opt/MVS/lib/32 PATH=/home/yy/sight/pfa-nav/install/sdformat_tools/bin:${PATH} PYTHONPATH=/home/yy/sight/pfa-nav/build/sdformat_tools:/home/yy/sight/pfa-nav/install/sdformat_tools/lib/python3.10/site-packages:/home/yy/sight/pfa-nav/install/rmoss_interfaces/local/lib/python3.10/dist-packages:${PYTHONPATH} /usr/bin/cmake --install /home/yy/sight/pfa-nav/build/rmu_gazebo_simulator
[0.405s] -- Install configuration: "Release"
[0.406s] -- Execute custom install script
[0.406s] -- Symlinking: /home/yy/sight/pfa-nav/install/rmu_gazebo_simulator/share/rmu_gazebo_simulator//config/base_params.yaml
[0.412s] -- Symlinking: /home/yy/sight/pfa-nav/install/rmu_gazebo_simulator/share/rmu_gazebo_simulator//config/gz_world.yaml
[0.418s] -- Symlinking: /home/yy/sight/pfa-nav/install/rmu_gazebo_simulator/share/rmu_gazebo_simulator//config/referee_system_1v1.yaml
[0.425s] -- Symlinking: /home/yy/sight/pfa-nav/install/rmu_gazebo_simulator/share/rmu_gazebo_simulator//config/ros_gz_bridge.yaml
[0.429s] -- Symlinking: /home/yy/sight/pfa-nav/install/rmu_gazebo_simulator/share/rmu_gazebo_simulator//launch/bringup_sim.launch.py
[0.434s] -- Symlinking: /home/yy/sight/pfa-nav/install/rmu_gazebo_simulator/share/rmu_gazebo_simulator//launch/gazebo.launch.py
[0.440s] -- Symlinking: /home/yy/sight/pfa-nav/install/rmu_gazebo_simulator/share/rmu_gazebo_simulator//launch/referee_system.launch.py
[0.445s] -- Symlinking: /home/yy/sight/pfa-nav/install/rmu_gazebo_simulator/share/rmu_gazebo_simulator//launch/rviz.launch.py
[0.452s] -- Symlinking: /home/yy/sight/pfa-nav/install/rmu_gazebo_simulator/share/rmu_gazebo_simulator//launch/spawn_robots.launch.py
[0.460s] -- Symlinking: /home/yy/sight/pfa-nav/install/rmu_gazebo_simulator/share/rmu_gazebo_simulator//rviz/visualize.rviz
[0.467s] -- Symlinking: /home/yy/sight/pfa-nav/install/rmu_gazebo_simulator/share/rmu_gazebo_simulator//resource/ign/gui.config
[0.474s] -- Symlinking: /home/yy/sight/pfa-nav/install/rmu_gazebo_simulator/share/rmu_gazebo_simulator//resource/models/rmuc_2024/meshes/rmuc_2024.stl
[0.479s] -- Symlinking: /home/yy/sight/pfa-nav/install/rmu_gazebo_simulator/share/rmu_gazebo_simulator//resource/models/rmuc_2024/model.config
[0.486s] -- Symlinking: /home/yy/sight/pfa-nav/install/rmu_gazebo_simulator/share/rmu_gazebo_simulator//resource/models/rmuc_2024/model.sdf
[0.493s] -- Symlinking: /home/yy/sight/pfa-nav/install/rmu_gazebo_simulator/share/rmu_gazebo_simulator//resource/models/rmuc_2025/meshes/rmuc_2025.stl
[0.497s] -- Symlinking: /home/yy/sight/pfa-nav/install/rmu_gazebo_simulator/share/rmu_gazebo_simulator//resource/models/rmuc_2025/model.config
[0.502s] -- Symlinking: /home/yy/sight/pfa-nav/install/rmu_gazebo_simulator/share/rmu_gazebo_simulator//resource/models/rmuc_2025/model.sdf
[0.506s] -- Symlinking: /home/yy/sight/pfa-nav/install/rmu_gazebo_simulator/share/rmu_gazebo_simulator//resource/models/rmul_2024/meshes/rmul_2024.stl
[0.513s] -- Symlinking: /home/yy/sight/pfa-nav/install/rmu_gazebo_simulator/share/rmu_gazebo_simulator//resource/models/rmul_2024/model.config
[0.518s] -- Symlinking: /home/yy/sight/pfa-nav/install/rmu_gazebo_simulator/share/rmu_gazebo_simulator//resource/models/rmul_2024/model.sdf
[0.524s] -- Symlinking: /home/yy/sight/pfa-nav/install/rmu_gazebo_simulator/share/rmu_gazebo_simulator//resource/models/rmul_2025/meshes/rmul_2025.dae
[0.528s] -- Symlinking: /home/yy/sight/pfa-nav/install/rmu_gazebo_simulator/share/rmu_gazebo_simulator//resource/models/rmul_2025/meshes/rmul_2025.jpg
[0.534s] -- Symlinking: /home/yy/sight/pfa-nav/install/rmu_gazebo_simulator/share/rmu_gazebo_simulator//resource/models/rmul_2025/model.config
[0.538s] -- Symlinking: /home/yy/sight/pfa-nav/install/rmu_gazebo_simulator/share/rmu_gazebo_simulator//resource/models/rmul_2025/model.sdf
[0.546s] -- Symlinking: /home/yy/sight/pfa-nav/install/rmu_gazebo_simulator/share/rmu_gazebo_simulator//resource/worlds/empty_world.sdf
[0.551s] -- Symlinking: /home/yy/sight/pfa-nav/install/rmu_gazebo_simulator/share/rmu_gazebo_simulator//resource/worlds/rmuc_2024_world.sdf
[0.556s] -- Symlinking: /home/yy/sight/pfa-nav/install/rmu_gazebo_simulator/share/rmu_gazebo_simulator//resource/worlds/rmuc_2025_world.sdf
[0.562s] -- Symlinking: /home/yy/sight/pfa-nav/install/rmu_gazebo_simulator/share/rmu_gazebo_simulator//resource/worlds/rmul_2024_world.sdf
[0.567s] -- Symlinking: /home/yy/sight/pfa-nav/install/rmu_gazebo_simulator/share/rmu_gazebo_simulator//resource/worlds/rmul_2025_world.sdf
[0.574s] -- Symlinking: /home/yy/sight/pfa-nav/install/rmu_gazebo_simulator/lib/rmu_gazebo_simulator/simple_competition_1v1.py
[0.580s] -- Symlinking: /home/yy/sight/pfa-nav/install/rmu_gazebo_simulator/share/rmu_gazebo_simulator/environment/gazebo.dsv
[0.586s] -- Symlinking: /home/yy/sight/pfa-nav/install/rmu_gazebo_simulator/share/ament_index/resource_index/package_run_dependencies/rmu_gazebo_simulator
[0.592s] -- Symlinking: /home/yy/sight/pfa-nav/install/rmu_gazebo_simulator/share/ament_index/resource_index/parent_prefix_path/rmu_gazebo_simulator
[0.597s] -- Symlinking: /home/yy/sight/pfa-nav/install/rmu_gazebo_simulator/share/rmu_gazebo_simulator/environment/ament_prefix_path.sh
[0.603s] -- Symlinking: /home/yy/sight/pfa-nav/install/rmu_gazebo_simulator/share/rmu_gazebo_simulator/environment/ament_prefix_path.dsv
[0.609s] -- Symlinking: /home/yy/sight/pfa-nav/install/rmu_gazebo_simulator/share/rmu_gazebo_simulator/environment/path.sh
[0.614s] -- Symlinking: /home/yy/sight/pfa-nav/install/rmu_gazebo_simulator/share/rmu_gazebo_simulator/environment/path.dsv
[0.621s] -- Symlinking: /home/yy/sight/pfa-nav/install/rmu_gazebo_simulator/share/rmu_gazebo_simulator/local_setup.bash
[0.625s] -- Symlinking: /home/yy/sight/pfa-nav/install/rmu_gazebo_simulator/share/rmu_gazebo_simulator/local_setup.sh
[0.630s] -- Symlinking: /home/yy/sight/pfa-nav/install/rmu_gazebo_simulator/share/rmu_gazebo_simulator/local_setup.zsh
[0.634s] -- Symlinking: /home/yy/sight/pfa-nav/install/rmu_gazebo_simulator/share/rmu_gazebo_simulator/local_setup.dsv
[0.638s] -- Symlinking: /home/yy/sight/pfa-nav/install/rmu_gazebo_simulator/share/rmu_gazebo_simulator/package.dsv
[0.642s] -- Symlinking: /home/yy/sight/pfa-nav/install/rmu_gazebo_simulator/share/ament_index/resource_index/packages/rmu_gazebo_simulator
[0.647s] -- Symlinking: /home/yy/sight/pfa-nav/install/rmu_gazebo_simulator/share/rmu_gazebo_simulator/cmake/rmu_gazebo_simulatorConfig.cmake
[0.651s] -- Symlinking: /home/yy/sight/pfa-nav/install/rmu_gazebo_simulator/share/rmu_gazebo_simulator/cmake/rmu_gazebo_simulatorConfig-version.cmake
[0.655s] -- Symlinking: /home/yy/sight/pfa-nav/install/rmu_gazebo_simulator/share/rmu_gazebo_simulator/package.xml
[0.662s] Invoked command in '/home/yy/sight/pfa-nav/build/rmu_gazebo_simulator' returned '0': AMENT_PREFIX_PATH=/home/yy/sight/pfa-nav/install/rmoss_core:/home/yy/sight/pfa-nav/install/rmoss_cam:/home/yy/sight/pfa-nav/install/rmoss_util:/home/yy/sight/pfa-nav/install/rmoss_gz_cam:/home/yy/sight/pfa-nav/install/rmoss_gz_bridge:/home/yy/sight/pfa-nav/install/rmoss_gz_base:/home/yy/sight/pfa-nav/install/rmoss_base:/home/yy/sight/pfa-nav/install/pb2025_robot_description:/home/yy/sight/pfa-nav/install/sdformat_tools:/home/yy/sight/pfa-nav/install/rmoss_projectile_motion:/home/yy/sight/pfa-nav/install/rmoss_interfaces:/home/yy/sight/pfa-nav/install/rmoss_gz_resources:/home/yy/sight/pfa-nav/install/rmoss_gz_plugins:${AMENT_PREFIX_PATH} CMAKE_PREFIX_PATH=/home/yy/sight/pfa-nav/install/rmoss_core:/home/yy/sight/pfa-nav/install/rmoss_cam:/home/yy/sight/pfa-nav/install/rmoss_util:/home/yy/sight/pfa-nav/install/rmoss_gz_cam:/home/yy/sight/pfa-nav/install/rmoss_gz_bridge:/home/yy/sight/pfa-nav/install/rmoss_gz_base:/home/yy/sight/pfa-nav/install/rmoss_base:/home/yy/sight/pfa-nav/install/pb2025_robot_description:/home/yy/sight/pfa-nav/install/rmoss_projectile_motion:/home/yy/sight/pfa-nav/install/rmoss_interfaces:/home/yy/sight/pfa-nav/install/rmoss_gz_resources:/home/yy/sight/pfa-nav/install/rmoss_gz_plugins:/opt/ros/humble LD_LIBRARY_PATH=/home/yy/sight/pfa-nav/install/rmoss_cam/lib:/home/yy/sight/pfa-nav/install/rmoss_util/lib:/home/yy/sight/pfa-nav/install/rmoss_gz_cam/lib:/home/yy/sight/pfa-nav/install/rmoss_gz_base/lib:/home/yy/sight/pfa-nav/install/rmoss_base/lib:/home/yy/sight/pfa-nav/install/rmoss_projectile_motion/lib:/home/yy/sight/pfa-nav/install/rmoss_interfaces/lib:/usr/lib/x86_64-linux-gnu/gazebo-11/plugins:/opt/ros/humble/opt/rviz_ogre_vendor/lib:/opt/ros/humble/lib/x86_64-linux-gnu:/opt/ros/humble/lib:/opt/MVS/lib/64:/opt/MVS/lib/32:/opt/MVS/lib/64:/opt/MVS/lib/32:/opt/MVS/lib/64:/opt/MVS/lib/32 PATH=/home/yy/sight/pfa-nav/install/sdformat_tools/bin:${PATH} PYTHONPATH=/home/yy/sight/pfa-nav/build/sdformat_tools:/home/yy/sight/pfa-nav/install/sdformat_tools/lib/python3.10/site-packages:/home/yy/sight/pfa-nav/install/rmoss_interfaces/local/lib/python3.10/dist-packages:${PYTHONPATH} /usr/bin/cmake --install /home/yy/sight/pfa-nav/build/rmu_gazebo_simulator
