[0.005s] Invoking command in '/home/yy/sight/pfa-nav/build/rmoss_gz_plugins': CMAKE_PREFIX_PATH=/opt/ros/humble /usr/bin/cmake --build /home/yy/sight/pfa-nav/build/rmoss_gz_plugins -- -j20 -l20
[0.061s] [ 33%] Built target ProjectileShooter
[0.063s] [100%] Built target LightBarController
[0.063s] [100%] Built target MecanumDrive2
[0.069s] Invoked command in '/home/yy/sight/pfa-nav/build/rmoss_gz_plugins' returned '0': CMAKE_PREFIX_PATH=/opt/ros/humble /usr/bin/cmake --build /home/yy/sight/pfa-nav/build/rmoss_gz_plugins -- -j20 -l20
[0.071s] Invoking command in '/home/yy/sight/pfa-nav/build/rmoss_gz_plugins': CMAKE_PREFIX_PATH=/opt/ros/humble /usr/bin/cmake --install /home/yy/sight/pfa-nav/build/rmoss_gz_plugins
[0.075s] -- Install configuration: "Release"
[0.075s] -- Execute custom install script
[0.075s] -- Up-to-date symlink: /home/yy/sight/pfa-nav/install/rmoss_gz_plugins/plugins/libMecanumDrive2.so
[0.075s] -- Up-to-date symlink: /home/yy/sight/pfa-nav/install/rmoss_gz_plugins/plugins/libProjectileShooter.so
[0.075s] -- Up-to-date symlink: /home/yy/sight/pfa-nav/install/rmoss_gz_plugins/plugins/libLightBarController.so
[0.075s] -- Up-to-date symlink: /home/yy/sight/pfa-nav/install/rmoss_gz_plugins/share/rmoss_gz_plugins/environment/gazebo.dsv
[0.075s] -- Up-to-date symlink: /home/yy/sight/pfa-nav/install/rmoss_gz_plugins/share/ament_index/resource_index/package_run_dependencies/rmoss_gz_plugins
[0.076s] -- Up-to-date symlink: /home/yy/sight/pfa-nav/install/rmoss_gz_plugins/share/ament_index/resource_index/parent_prefix_path/rmoss_gz_plugins
[0.076s] -- Up-to-date symlink: /home/yy/sight/pfa-nav/install/rmoss_gz_plugins/share/rmoss_gz_plugins/environment/ament_prefix_path.sh
[0.076s] -- Up-to-date symlink: /home/yy/sight/pfa-nav/install/rmoss_gz_plugins/share/rmoss_gz_plugins/environment/ament_prefix_path.dsv
[0.076s] -- Up-to-date symlink: /home/yy/sight/pfa-nav/install/rmoss_gz_plugins/share/rmoss_gz_plugins/environment/path.sh
[0.076s] -- Up-to-date symlink: /home/yy/sight/pfa-nav/install/rmoss_gz_plugins/share/rmoss_gz_plugins/environment/path.dsv
[0.076s] -- Up-to-date symlink: /home/yy/sight/pfa-nav/install/rmoss_gz_plugins/share/rmoss_gz_plugins/local_setup.bash
[0.076s] -- Up-to-date symlink: /home/yy/sight/pfa-nav/install/rmoss_gz_plugins/share/rmoss_gz_plugins/local_setup.sh
[0.076s] -- Up-to-date symlink: /home/yy/sight/pfa-nav/install/rmoss_gz_plugins/share/rmoss_gz_plugins/local_setup.zsh
[0.076s] -- Up-to-date symlink: /home/yy/sight/pfa-nav/install/rmoss_gz_plugins/share/rmoss_gz_plugins/local_setup.dsv
[0.076s] -- Symlinking: /home/yy/sight/pfa-nav/install/rmoss_gz_plugins/share/rmoss_gz_plugins/package.dsv
[0.080s] -- Up-to-date symlink: /home/yy/sight/pfa-nav/install/rmoss_gz_plugins/share/ament_index/resource_index/packages/rmoss_gz_plugins
[0.080s] -- Up-to-date symlink: /home/yy/sight/pfa-nav/install/rmoss_gz_plugins/share/rmoss_gz_plugins/cmake/rmoss_gz_pluginsConfig.cmake
[0.080s] -- Up-to-date symlink: /home/yy/sight/pfa-nav/install/rmoss_gz_plugins/share/rmoss_gz_plugins/cmake/rmoss_gz_pluginsConfig-version.cmake
[0.080s] -- Up-to-date symlink: /home/yy/sight/pfa-nav/install/rmoss_gz_plugins/share/rmoss_gz_plugins/package.xml
[0.082s] Invoked command in '/home/yy/sight/pfa-nav/build/rmoss_gz_plugins' returned '0': CMAKE_PREFIX_PATH=/opt/ros/humble /usr/bin/cmake --install /home/yy/sight/pfa-nav/build/rmoss_gz_plugins
