[0.093s] Invoking command in '/home/yy/sight/pfa-nav/build/rmoss_gz_cam': AMENT_PREFIX_PATH=/home/yy/sight/pfa-nav/install/rmoss_interfaces:${AMENT_PREFIX_PATH} CMAKE_PREFIX_PATH=/home/yy/sight/pfa-nav/install/rmoss_interfaces:/opt/ros/humble LD_LIBRARY_PATH=/home/yy/sight/pfa-nav/install/rmoss_interfaces/lib:/usr/lib/x86_64-linux-gnu/gazebo-11/plugins:/opt/ros/humble/opt/rviz_ogre_vendor/lib:/opt/ros/humble/lib/x86_64-linux-gnu:/opt/ros/humble/lib:/opt/MVS/lib/64:/opt/MVS/lib/32:/opt/MVS/lib/64:/opt/MVS/lib/32:/opt/MVS/lib/64:/opt/MVS/lib/32 PYTHONPATH=/home/yy/sight/pfa-nav/install/rmoss_interfaces/local/lib/python3.10/dist-packages:${PYTHONPATH} /usr/bin/cmake --build /home/yy/sight/pfa-nav/build/rmoss_gz_cam -- -j20 -l20
[0.123s] [35m[1mConsolidate compiler generated dependencies of target rmoss_gz_cam[0m
[0.141s] [ 50%] Built target rmoss_gz_cam
[0.148s] [35m[1mConsolidate compiler generated dependencies of target gz_cam[0m
[0.165s] [100%] Built target gz_cam
[0.182s] Invoked command in '/home/yy/sight/pfa-nav/build/rmoss_gz_cam' returned '0': AMENT_PREFIX_PATH=/home/yy/sight/pfa-nav/install/rmoss_interfaces:${AMENT_PREFIX_PATH} CMAKE_PREFIX_PATH=/home/yy/sight/pfa-nav/install/rmoss_interfaces:/opt/ros/humble LD_LIBRARY_PATH=/home/yy/sight/pfa-nav/install/rmoss_interfaces/lib:/usr/lib/x86_64-linux-gnu/gazebo-11/plugins:/opt/ros/humble/opt/rviz_ogre_vendor/lib:/opt/ros/humble/lib/x86_64-linux-gnu:/opt/ros/humble/lib:/opt/MVS/lib/64:/opt/MVS/lib/32:/opt/MVS/lib/64:/opt/MVS/lib/32:/opt/MVS/lib/64:/opt/MVS/lib/32 PYTHONPATH=/home/yy/sight/pfa-nav/install/rmoss_interfaces/local/lib/python3.10/dist-packages:${PYTHONPATH} /usr/bin/cmake --build /home/yy/sight/pfa-nav/build/rmoss_gz_cam -- -j20 -l20
[0.183s] Invoking command in '/home/yy/sight/pfa-nav/build/rmoss_gz_cam': AMENT_PREFIX_PATH=/home/yy/sight/pfa-nav/install/rmoss_interfaces:${AMENT_PREFIX_PATH} CMAKE_PREFIX_PATH=/home/yy/sight/pfa-nav/install/rmoss_interfaces:/opt/ros/humble LD_LIBRARY_PATH=/home/yy/sight/pfa-nav/install/rmoss_interfaces/lib:/usr/lib/x86_64-linux-gnu/gazebo-11/plugins:/opt/ros/humble/opt/rviz_ogre_vendor/lib:/opt/ros/humble/lib/x86_64-linux-gnu:/opt/ros/humble/lib:/opt/MVS/lib/64:/opt/MVS/lib/32:/opt/MVS/lib/64:/opt/MVS/lib/32:/opt/MVS/lib/64:/opt/MVS/lib/32 PYTHONPATH=/home/yy/sight/pfa-nav/install/rmoss_interfaces/local/lib/python3.10/dist-packages:${PYTHONPATH} /usr/bin/cmake --install /home/yy/sight/pfa-nav/build/rmoss_gz_cam
[0.193s] -- Install configuration: "Release"
[0.193s] -- Execute custom install script
[0.193s] -- Up-to-date symlink: /home/yy/sight/pfa-nav/install/rmoss_gz_cam/include/rmoss_gz_cam/gz_cam_node.hpp
[0.193s] -- Up-to-date symlink: /home/yy/sight/pfa-nav/install/rmoss_gz_cam/lib/rmoss_gz_cam/gz_cam
[0.193s] -- Up-to-date symlink: /home/yy/sight/pfa-nav/install/rmoss_gz_cam/share/rmoss_gz_cam/launch/gz_cam.launch.py
[0.193s] -- Up-to-date symlink: /home/yy/sight/pfa-nav/install/rmoss_gz_cam/share/ament_index/resource_index/package_run_dependencies/rmoss_gz_cam
[0.194s] -- Up-to-date symlink: /home/yy/sight/pfa-nav/install/rmoss_gz_cam/share/ament_index/resource_index/parent_prefix_path/rmoss_gz_cam
[0.194s] -- Up-to-date symlink: /home/yy/sight/pfa-nav/install/rmoss_gz_cam/share/rmoss_gz_cam/environment/ament_prefix_path.sh
[0.195s] -- Up-to-date symlink: /home/yy/sight/pfa-nav/install/rmoss_gz_cam/share/rmoss_gz_cam/environment/ament_prefix_path.dsv
[0.195s] -- Up-to-date symlink: /home/yy/sight/pfa-nav/install/rmoss_gz_cam/share/rmoss_gz_cam/environment/path.sh
[0.195s] -- Up-to-date symlink: /home/yy/sight/pfa-nav/install/rmoss_gz_cam/share/rmoss_gz_cam/environment/path.dsv
[0.195s] -- Up-to-date symlink: /home/yy/sight/pfa-nav/install/rmoss_gz_cam/share/rmoss_gz_cam/local_setup.bash
[0.195s] -- Up-to-date symlink: /home/yy/sight/pfa-nav/install/rmoss_gz_cam/share/rmoss_gz_cam/local_setup.sh
[0.195s] -- Up-to-date symlink: /home/yy/sight/pfa-nav/install/rmoss_gz_cam/share/rmoss_gz_cam/local_setup.zsh
[0.195s] -- Up-to-date symlink: /home/yy/sight/pfa-nav/install/rmoss_gz_cam/share/rmoss_gz_cam/local_setup.dsv
[0.195s] -- Symlinking: /home/yy/sight/pfa-nav/install/rmoss_gz_cam/share/rmoss_gz_cam/package.dsv
[0.199s] -- Up-to-date symlink: /home/yy/sight/pfa-nav/install/rmoss_gz_cam/share/ament_index/resource_index/packages/rmoss_gz_cam
[0.199s] -- Up-to-date symlink: /home/yy/sight/pfa-nav/install/rmoss_gz_cam/share/ament_index/resource_index/rclcpp_components/rmoss_gz_cam
[0.199s] -- Up-to-date symlink: /home/yy/sight/pfa-nav/install/rmoss_gz_cam/share/rmoss_gz_cam/cmake/rmoss_gz_camConfig.cmake
[0.199s] -- Up-to-date symlink: /home/yy/sight/pfa-nav/install/rmoss_gz_cam/share/rmoss_gz_cam/cmake/rmoss_gz_camConfig-version.cmake
[0.199s] -- Up-to-date symlink: /home/yy/sight/pfa-nav/install/rmoss_gz_cam/share/rmoss_gz_cam/package.xml
[0.199s] -- Up-to-date: /home/yy/sight/pfa-nav/install/rmoss_gz_cam/lib/librmoss_gz_cam.so
[0.216s] Invoked command in '/home/yy/sight/pfa-nav/build/rmoss_gz_cam' returned '0': AMENT_PREFIX_PATH=/home/yy/sight/pfa-nav/install/rmoss_interfaces:${AMENT_PREFIX_PATH} CMAKE_PREFIX_PATH=/home/yy/sight/pfa-nav/install/rmoss_interfaces:/opt/ros/humble LD_LIBRARY_PATH=/home/yy/sight/pfa-nav/install/rmoss_interfaces/lib:/usr/lib/x86_64-linux-gnu/gazebo-11/plugins:/opt/ros/humble/opt/rviz_ogre_vendor/lib:/opt/ros/humble/lib/x86_64-linux-gnu:/opt/ros/humble/lib:/opt/MVS/lib/64:/opt/MVS/lib/32:/opt/MVS/lib/64:/opt/MVS/lib/32:/opt/MVS/lib/64:/opt/MVS/lib/32 PYTHONPATH=/home/yy/sight/pfa-nav/install/rmoss_interfaces/local/lib/python3.10/dist-packages:${PYTHONPATH} /usr/bin/cmake --install /home/yy/sight/pfa-nav/build/rmoss_gz_cam
