[0.004s] Invoking command in '/home/yy/sight/pfa-nav/build/terrain_analysis': CMAKE_PREFIX_PATH=/opt/ros/humble /usr/bin/cmake --build /home/yy/sight/pfa-nav/build/terrain_analysis -- -j20 -l20
[0.021s] -- Found ament_cmake: 1.3.12 (/opt/ros/humble/share/ament_cmake/cmake)
[0.078s] -- Override CMake install command with custom implementation using symlinks instead of copying resources
[0.081s] -- Found rclcpp: 16.0.15 (/opt/ros/humble/share/rclcpp/cmake)
[0.094s] -- Found rosidl_generator_c: 3.1.7 (/opt/ros/humble/share/rosidl_generator_c/cmake)
[0.095s] -- Found rosidl_adapter: 3.1.7 (/opt/ros/humble/share/rosidl_adapter/cmake)
[0.098s] -- Found rosidl_generator_cpp: 3.1.7 (/opt/ros/humble/share/rosidl_generator_cpp/cmake)
[0.102s] -- Using all available rosidl_typesupport_c: rosidl_typesupport_fastrtps_c;rosidl_typesupport_introspection_c
[0.108s] -- Using all available rosidl_typesupport_cpp: rosidl_typesupport_fastrtps_cpp;rosidl_typesupport_introspection_cpp
[0.122s] -- Found rmw_implementation_cmake: 6.1.2 (/opt/ros/humble/share/rmw_implementation_cmake/cmake)
[0.123s] -- Found rmw_fastrtps_cpp: 6.2.9 (/opt/ros/humble/share/rmw_fastrtps_cpp/cmake)
[0.176s] -- Using RMW implementation 'rmw_fastrtps_cpp' as default
[0.199s] -- Found nav_msgs: 4.9.0 (/opt/ros/humble/share/nav_msgs/cmake)
[0.212s] -- Found sensor_msgs: 4.9.0 (/opt/ros/humble/share/sensor_msgs/cmake)
[0.219s] -- Found tf2_ros: 0.25.16 (/opt/ros/humble/share/tf2_ros/cmake)
[0.257s] -- Found tf2_geometry_msgs: 0.25.16 (/opt/ros/humble/share/tf2_geometry_msgs/cmake)
[0.258s] -- Found eigen3_cmake_module: 0.1.1 (/opt/ros/humble/share/eigen3_cmake_module/cmake)
[0.259s] -- Ensuring Eigen3 include directory is part of orocos-kdl CMake target
[0.260s] -- Found pcl_conversions: 2.4.5 (/opt/ros/humble/share/pcl_conversions/cmake)
[0.275s] -- Eigen found (include: /usr/include/eigen3, version: 3.4.0)
[0.292s] -- FLANN found (include: /usr/include, lib: /usr/lib/x86_64-linux-gnu/libflann_cpp.so)
[0.448s] -- OpenNI found (version: 1.5.4.0, include: /usr/include/ni, lib: /usr/lib/libOpenNI.so;libusb::libusb)
[0.452s] -- OpenNI2 found (version: 2.2.0.33, include: /usr/include/openni2, lib: /usr/lib/x86_64-linux-gnu/libOpenNI2.so;libusb::libusb)
[0.532s] -- Eigen found (include: /usr/include/eigen3, version: 3.4.0)
[0.536s] -- OpenNI found (version: 1.5.4.0, include: /usr/include/ni, lib: /usr/lib/libOpenNI.so;libusb::libusb)
[0.540s] -- OpenNI2 found (version: 2.2.0.33, include: /usr/include/openni2, lib: /usr/lib/x86_64-linux-gnu/libOpenNI2.so;libusb::libusb)
[0.618s] -- Found Qhull version 8.0.2
[0.697s] -- OpenNI found (version: 1.5.4.0, include: /usr/include/ni, lib: /usr/lib/libOpenNI.so;libusb::libusb)
[0.778s] -- Found pcl_ros: 2.4.5 (/opt/ros/humble/share/pcl_ros/cmake)
[0.788s] -- Found ament_lint_auto: 0.12.14 (/opt/ros/humble/share/ament_lint_auto/cmake)
[0.822s] -- Added test 'copyright' to check source files copyright and LICENSE
[0.822s] -- Added test 'cppcheck' to perform static code analysis on C / C++ code
[0.823s] -- Configured cppcheck include dirs: 
[0.823s] -- Configured cppcheck exclude dirs and/or files: 
[0.823s] -- Added test 'cpplint' to check C / C++ code against the Google style
[0.823s] -- Configured cpplint exclude dirs and/or files: 
[0.823s] -- Added test 'lint_cmake' to check CMake code style
[0.823s] -- Added test 'uncrustify' to check C / C++ code style
[0.823s] -- Configured uncrustify additional arguments: 
[0.823s] -- Added test 'xmllint' to check XML markup files
[0.824s] -- Configuring done
[0.844s] -- Generating done
[0.849s] -- Build files have been written to: /home/yy/sight/pfa-nav/build/terrain_analysis
[0.869s] [35m[1mConsolidate compiler generated dependencies of target terrainAnalysis[0m
[0.886s] [ 50%] [32mBuilding CXX object CMakeFiles/terrainAnalysis.dir/src/terrainAnalysis.cpp.o[0m
[12.867s] [100%] [32m[1mLinking CXX executable terrainAnalysis[0m
[13.245s] [100%] Built target terrainAnalysis
[13.254s] Invoked command in '/home/yy/sight/pfa-nav/build/terrain_analysis' returned '0': CMAKE_PREFIX_PATH=/opt/ros/humble /usr/bin/cmake --build /home/yy/sight/pfa-nav/build/terrain_analysis -- -j20 -l20
[13.255s] Invoking command in '/home/yy/sight/pfa-nav/build/terrain_analysis': CMAKE_PREFIX_PATH=/opt/ros/humble /usr/bin/cmake --install /home/yy/sight/pfa-nav/build/terrain_analysis
[13.259s] -- Install configuration: "Release"
[13.260s] -- Execute custom install script
[13.260s] -- Up-to-date symlink: /home/yy/sight/pfa-nav/install/terrain_analysis/lib/terrain_analysis/terrainAnalysis
[13.260s] -- Up-to-date symlink: /home/yy/sight/pfa-nav/install/terrain_analysis/share/terrain_analysis/launch/terrain_analysis.launch
[13.260s] -- Up-to-date symlink: /home/yy/sight/pfa-nav/install/terrain_analysis/share/ament_index/resource_index/package_run_dependencies/terrain_analysis
[13.260s] -- Up-to-date symlink: /home/yy/sight/pfa-nav/install/terrain_analysis/share/ament_index/resource_index/parent_prefix_path/terrain_analysis
[13.260s] -- Up-to-date symlink: /home/yy/sight/pfa-nav/install/terrain_analysis/share/terrain_analysis/environment/ament_prefix_path.sh
[13.260s] -- Up-to-date symlink: /home/yy/sight/pfa-nav/install/terrain_analysis/share/terrain_analysis/environment/ament_prefix_path.dsv
[13.260s] -- Up-to-date symlink: /home/yy/sight/pfa-nav/install/terrain_analysis/share/terrain_analysis/environment/path.sh
[13.260s] -- Up-to-date symlink: /home/yy/sight/pfa-nav/install/terrain_analysis/share/terrain_analysis/environment/path.dsv
[13.260s] -- Up-to-date symlink: /home/yy/sight/pfa-nav/install/terrain_analysis/share/terrain_analysis/local_setup.bash
[13.260s] -- Up-to-date symlink: /home/yy/sight/pfa-nav/install/terrain_analysis/share/terrain_analysis/local_setup.sh
[13.260s] -- Up-to-date symlink: /home/yy/sight/pfa-nav/install/terrain_analysis/share/terrain_analysis/local_setup.zsh
[13.260s] -- Up-to-date symlink: /home/yy/sight/pfa-nav/install/terrain_analysis/share/terrain_analysis/local_setup.dsv
[13.260s] -- Symlinking: /home/yy/sight/pfa-nav/install/terrain_analysis/share/terrain_analysis/package.dsv
[13.266s] -- Up-to-date symlink: /home/yy/sight/pfa-nav/install/terrain_analysis/share/ament_index/resource_index/packages/terrain_analysis
[13.266s] -- Up-to-date symlink: /home/yy/sight/pfa-nav/install/terrain_analysis/share/terrain_analysis/cmake/terrain_analysisConfig.cmake
[13.267s] -- Up-to-date symlink: /home/yy/sight/pfa-nav/install/terrain_analysis/share/terrain_analysis/cmake/terrain_analysisConfig-version.cmake
[13.267s] -- Up-to-date symlink: /home/yy/sight/pfa-nav/install/terrain_analysis/share/terrain_analysis/package.xml
[13.268s] Invoked command in '/home/yy/sight/pfa-nav/build/terrain_analysis' returned '0': CMAKE_PREFIX_PATH=/opt/ros/humble /usr/bin/cmake --install /home/yy/sight/pfa-nav/build/terrain_analysis
