[0.093s] Invoking command in '/home/yy/sight/pfa-nav/build/rmoss_gz_base': AMENT_PREFIX_PATH=/home/yy/sight/pfa-nav/install/rmoss_interfaces:/home/yy/sight/pfa-nav/install/rmoss_gz_resources:/home/yy/sight/pfa-nav/install/rmoss_gz_plugins:${AMENT_PREFIX_PATH} CMAKE_PREFIX_PATH=/home/yy/sight/pfa-nav/install/rmoss_interfaces:/home/yy/sight/pfa-nav/install/rmoss_gz_resources:/home/yy/sight/pfa-nav/install/rmoss_gz_plugins:/opt/ros/humble LD_LIBRARY_PATH=/home/yy/sight/pfa-nav/install/rmoss_interfaces/lib:/usr/lib/x86_64-linux-gnu/gazebo-11/plugins:/opt/ros/humble/opt/rviz_ogre_vendor/lib:/opt/ros/humble/lib/x86_64-linux-gnu:/opt/ros/humble/lib:/opt/MVS/lib/64:/opt/MVS/lib/32:/opt/MVS/lib/64:/opt/MVS/lib/32:/opt/MVS/lib/64:/opt/MVS/lib/32 PYTHONPATH=/home/yy/sight/pfa-nav/install/rmoss_interfaces/local/lib/python3.10/dist-packages:${PYTHONPATH} /usr/bin/cmake --build /home/yy/sight/pfa-nav/build/rmoss_gz_base -- -j20 -l20
[0.117s] [35m[1mConsolidate compiler generated dependencies of target rmoss_gz_base[0m
[0.158s] [ 87%] Built target rmoss_gz_base
[0.164s] [35m[1mConsolidate compiler generated dependencies of target rmua19_robot_base[0m
[0.180s] [100%] Built target rmua19_robot_base
[0.200s] Invoked command in '/home/yy/sight/pfa-nav/build/rmoss_gz_base' returned '0': AMENT_PREFIX_PATH=/home/yy/sight/pfa-nav/install/rmoss_interfaces:/home/yy/sight/pfa-nav/install/rmoss_gz_resources:/home/yy/sight/pfa-nav/install/rmoss_gz_plugins:${AMENT_PREFIX_PATH} CMAKE_PREFIX_PATH=/home/yy/sight/pfa-nav/install/rmoss_interfaces:/home/yy/sight/pfa-nav/install/rmoss_gz_resources:/home/yy/sight/pfa-nav/install/rmoss_gz_plugins:/opt/ros/humble LD_LIBRARY_PATH=/home/yy/sight/pfa-nav/install/rmoss_interfaces/lib:/usr/lib/x86_64-linux-gnu/gazebo-11/plugins:/opt/ros/humble/opt/rviz_ogre_vendor/lib:/opt/ros/humble/lib/x86_64-linux-gnu:/opt/ros/humble/lib:/opt/MVS/lib/64:/opt/MVS/lib/32:/opt/MVS/lib/64:/opt/MVS/lib/32:/opt/MVS/lib/64:/opt/MVS/lib/32 PYTHONPATH=/home/yy/sight/pfa-nav/install/rmoss_interfaces/local/lib/python3.10/dist-packages:${PYTHONPATH} /usr/bin/cmake --build /home/yy/sight/pfa-nav/build/rmoss_gz_base -- -j20 -l20
[0.202s] Invoking command in '/home/yy/sight/pfa-nav/build/rmoss_gz_base': AMENT_PREFIX_PATH=/home/yy/sight/pfa-nav/install/rmoss_interfaces:/home/yy/sight/pfa-nav/install/rmoss_gz_resources:/home/yy/sight/pfa-nav/install/rmoss_gz_plugins:${AMENT_PREFIX_PATH} CMAKE_PREFIX_PATH=/home/yy/sight/pfa-nav/install/rmoss_interfaces:/home/yy/sight/pfa-nav/install/rmoss_gz_resources:/home/yy/sight/pfa-nav/install/rmoss_gz_plugins:/opt/ros/humble LD_LIBRARY_PATH=/home/yy/sight/pfa-nav/install/rmoss_interfaces/lib:/usr/lib/x86_64-linux-gnu/gazebo-11/plugins:/opt/ros/humble/opt/rviz_ogre_vendor/lib:/opt/ros/humble/lib/x86_64-linux-gnu:/opt/ros/humble/lib:/opt/MVS/lib/64:/opt/MVS/lib/32:/opt/MVS/lib/64:/opt/MVS/lib/32:/opt/MVS/lib/64:/opt/MVS/lib/32 PYTHONPATH=/home/yy/sight/pfa-nav/install/rmoss_interfaces/local/lib/python3.10/dist-packages:${PYTHONPATH} /usr/bin/cmake --install /home/yy/sight/pfa-nav/build/rmoss_gz_base
[0.206s] -- Install configuration: "Release"
[0.206s] -- Execute custom install script
[0.206s] -- Up-to-date symlink: /home/yy/sight/pfa-nav/install/rmoss_gz_base/include/rmoss_gz_base/chassis_controller.hpp
[0.206s] -- Up-to-date symlink: /home/yy/sight/pfa-nav/install/rmoss_gz_base/include/rmoss_gz_base/gimbal_controller.hpp
[0.206s] -- Up-to-date symlink: /home/yy/sight/pfa-nav/install/rmoss_gz_base/include/rmoss_gz_base/gz_chassis_actuator.hpp
[0.206s] -- Up-to-date symlink: /home/yy/sight/pfa-nav/install/rmoss_gz_base/include/rmoss_gz_base/gz_gimbal_actuator.hpp
[0.206s] -- Up-to-date symlink: /home/yy/sight/pfa-nav/install/rmoss_gz_base/include/rmoss_gz_base/gz_gimbal_encoder.hpp
[0.206s] -- Up-to-date symlink: /home/yy/sight/pfa-nav/install/rmoss_gz_base/include/rmoss_gz_base/gz_gimbal_imu.hpp
[0.207s] -- Up-to-date symlink: /home/yy/sight/pfa-nav/install/rmoss_gz_base/include/rmoss_gz_base/gz_light_bar_cmd.hpp
[0.207s] -- Up-to-date symlink: /home/yy/sight/pfa-nav/install/rmoss_gz_base/include/rmoss_gz_base/gz_odometry.hpp
[0.207s] -- Up-to-date symlink: /home/yy/sight/pfa-nav/install/rmoss_gz_base/include/rmoss_gz_base/gz_shoot_actuator.hpp
[0.207s] -- Up-to-date symlink: /home/yy/sight/pfa-nav/install/rmoss_gz_base/include/rmoss_gz_base/hardware_interface.hpp
[0.207s] -- Up-to-date symlink: /home/yy/sight/pfa-nav/install/rmoss_gz_base/include/rmoss_gz_base/odometry_publisher.hpp
[0.207s] -- Up-to-date symlink: /home/yy/sight/pfa-nav/install/rmoss_gz_base/include/rmoss_gz_base/pid.hpp
[0.207s] -- Up-to-date symlink: /home/yy/sight/pfa-nav/install/rmoss_gz_base/include/rmoss_gz_base/rmua19_robot_base_node.hpp
[0.207s] -- Up-to-date symlink: /home/yy/sight/pfa-nav/install/rmoss_gz_base/include/rmoss_gz_base/shooter_controller.hpp
[0.207s] -- Up-to-date symlink: /home/yy/sight/pfa-nav/install/rmoss_gz_base/lib/rmoss_gz_base/rmua19_robot_base
[0.207s] -- Up-to-date symlink: /home/yy/sight/pfa-nav/install/rmoss_gz_base/lib/rmoss_gz_base/test_chassis_cmd.py
[0.207s] -- Up-to-date symlink: /home/yy/sight/pfa-nav/install/rmoss_gz_base/lib/rmoss_gz_base/test_gimbal_cmd.py
[0.207s] -- Up-to-date symlink: /home/yy/sight/pfa-nav/install/rmoss_gz_base/lib/rmoss_gz_base/test_gimbal_cmd2.py
[0.207s] -- Up-to-date symlink: /home/yy/sight/pfa-nav/install/rmoss_gz_base/lib/rmoss_gz_base/test_shoot_cmd.py
[0.207s] -- Up-to-date symlink: /home/yy/sight/pfa-nav/install/rmoss_gz_base/share/rmoss_gz_base/environment/library_path.sh
[0.207s] -- Up-to-date symlink: /home/yy/sight/pfa-nav/install/rmoss_gz_base/share/rmoss_gz_base/environment/library_path.dsv
[0.207s] -- Up-to-date symlink: /home/yy/sight/pfa-nav/install/rmoss_gz_base/share/ament_index/resource_index/package_run_dependencies/rmoss_gz_base
[0.208s] -- Up-to-date symlink: /home/yy/sight/pfa-nav/install/rmoss_gz_base/share/ament_index/resource_index/parent_prefix_path/rmoss_gz_base
[0.208s] -- Up-to-date symlink: /home/yy/sight/pfa-nav/install/rmoss_gz_base/share/rmoss_gz_base/environment/ament_prefix_path.sh
[0.208s] -- Up-to-date symlink: /home/yy/sight/pfa-nav/install/rmoss_gz_base/share/rmoss_gz_base/environment/ament_prefix_path.dsv
[0.208s] -- Up-to-date symlink: /home/yy/sight/pfa-nav/install/rmoss_gz_base/share/rmoss_gz_base/environment/path.sh
[0.208s] -- Up-to-date symlink: /home/yy/sight/pfa-nav/install/rmoss_gz_base/share/rmoss_gz_base/environment/path.dsv
[0.208s] -- Up-to-date symlink: /home/yy/sight/pfa-nav/install/rmoss_gz_base/share/rmoss_gz_base/local_setup.bash
[0.208s] -- Up-to-date symlink: /home/yy/sight/pfa-nav/install/rmoss_gz_base/share/rmoss_gz_base/local_setup.sh
[0.208s] -- Up-to-date symlink: /home/yy/sight/pfa-nav/install/rmoss_gz_base/share/rmoss_gz_base/local_setup.zsh
[0.208s] -- Up-to-date symlink: /home/yy/sight/pfa-nav/install/rmoss_gz_base/share/rmoss_gz_base/local_setup.dsv
[0.208s] -- Symlinking: /home/yy/sight/pfa-nav/install/rmoss_gz_base/share/rmoss_gz_base/package.dsv
[0.209s] -- Up-to-date symlink: /home/yy/sight/pfa-nav/install/rmoss_gz_base/share/ament_index/resource_index/packages/rmoss_gz_base
[0.209s] -- Up-to-date symlink: /home/yy/sight/pfa-nav/install/rmoss_gz_base/share/ament_index/resource_index/rclcpp_components/rmoss_gz_base
[0.209s] -- Up-to-date symlink: /home/yy/sight/pfa-nav/install/rmoss_gz_base/share/rmoss_gz_base/cmake/ament_cmake_export_targets-extras.cmake
[0.209s] -- Up-to-date symlink: /home/yy/sight/pfa-nav/install/rmoss_gz_base/share/rmoss_gz_base/cmake/ament_cmake_export_dependencies-extras.cmake
[0.209s] -- Up-to-date symlink: /home/yy/sight/pfa-nav/install/rmoss_gz_base/share/rmoss_gz_base/cmake/rmoss_gz_baseConfig.cmake
[0.209s] -- Up-to-date symlink: /home/yy/sight/pfa-nav/install/rmoss_gz_base/share/rmoss_gz_base/cmake/rmoss_gz_baseConfig-version.cmake
[0.210s] -- Up-to-date symlink: /home/yy/sight/pfa-nav/install/rmoss_gz_base/share/rmoss_gz_base/package.xml
[0.210s] -- Up-to-date: /home/yy/sight/pfa-nav/install/rmoss_gz_base/lib/librmoss_gz_base.so
[0.210s] -- Up-to-date: /home/yy/sight/pfa-nav/install/rmoss_gz_base/share/rmoss_gz_base/cmake/rmoss_gz_baseExport.cmake
[0.210s] -- Up-to-date: /home/yy/sight/pfa-nav/install/rmoss_gz_base/share/rmoss_gz_base/cmake/rmoss_gz_baseExport-release.cmake
[0.240s] Invoked command in '/home/yy/sight/pfa-nav/build/rmoss_gz_base' returned '0': AMENT_PREFIX_PATH=/home/yy/sight/pfa-nav/install/rmoss_interfaces:/home/yy/sight/pfa-nav/install/rmoss_gz_resources:/home/yy/sight/pfa-nav/install/rmoss_gz_plugins:${AMENT_PREFIX_PATH} CMAKE_PREFIX_PATH=/home/yy/sight/pfa-nav/install/rmoss_interfaces:/home/yy/sight/pfa-nav/install/rmoss_gz_resources:/home/yy/sight/pfa-nav/install/rmoss_gz_plugins:/opt/ros/humble LD_LIBRARY_PATH=/home/yy/sight/pfa-nav/install/rmoss_interfaces/lib:/usr/lib/x86_64-linux-gnu/gazebo-11/plugins:/opt/ros/humble/opt/rviz_ogre_vendor/lib:/opt/ros/humble/lib/x86_64-linux-gnu:/opt/ros/humble/lib:/opt/MVS/lib/64:/opt/MVS/lib/32:/opt/MVS/lib/64:/opt/MVS/lib/32:/opt/MVS/lib/64:/opt/MVS/lib/32 PYTHONPATH=/home/yy/sight/pfa-nav/install/rmoss_interfaces/local/lib/python3.10/dist-packages:${PYTHONPATH} /usr/bin/cmake --install /home/yy/sight/pfa-nav/build/rmoss_gz_base
