[0.033s] Invoking command in '/home/yy/sight/pfa-nav/build/rmoss_interfaces': CMAKE_PREFIX_PATH=/opt/ros/humble /usr/bin/cmake /home/yy/sight/pfa-nav/src/rmoss_interfaces -DCMAKE_BUILD_TYPE=Release -DAMENT_CMAKE_SYMLINK_INSTALL=1 -DCMAKE_INSTALL_PREFIX=/home/yy/sight/pfa-nav/install/rmoss_interfaces
[0.322s] -- The C compiler identification is GNU 11.4.0
[0.322s] -- The CXX compiler identification is GNU 11.4.0
[0.322s] -- Detecting C compiler ABI info
[0.322s] -- Detecting C compiler ABI info - done
[0.322s] -- Check for working C compiler: /usr/bin/cc - skipped
[0.322s] -- Detecting C compile features
[0.322s] -- Detecting C compile features - done
[0.322s] -- Detecting CXX compiler ABI info
[0.322s] -- Detecting CXX compiler ABI info - done
[0.322s] -- Check for working CXX compiler: /usr/bin/c++ - skipped
[0.322s] -- Detecting CXX compile features
[0.322s] -- Detecting CXX compile features - done
[0.322s] -- Found ament_cmake: 1.3.12 (/opt/ros/humble/share/ament_cmake/cmake)
[0.456s] -- Found Python3: /usr/bin/python3 (found version "3.10.12") found components: Interpreter 
[0.527s] -- Override CMake install command with custom implementation using symlinks instead of copying resources
[0.564s] -- Found builtin_interfaces: 1.2.2 (/opt/ros/humble/share/builtin_interfaces/cmake)
[0.611s] -- Found rosidl_generator_c: 3.1.7 (/opt/ros/humble/share/rosidl_generator_c/cmake)
[0.619s] -- Found rosidl_adapter: 3.1.7 (/opt/ros/humble/share/rosidl_adapter/cmake)
[0.633s] -- Found rosidl_generator_cpp: 3.1.7 (/opt/ros/humble/share/rosidl_generator_cpp/cmake)
[0.648s] -- Using all available rosidl_typesupport_c: rosidl_typesupport_fastrtps_c;rosidl_typesupport_introspection_c
[0.667s] -- Using all available rosidl_typesupport_cpp: rosidl_typesupport_fastrtps_cpp;rosidl_typesupport_introspection_cpp
[0.686s] -- Found geometry_msgs: 4.9.0 (/opt/ros/humble/share/geometry_msgs/cmake)
[0.734s] -- Found sensor_msgs: 4.9.0 (/opt/ros/humble/share/sensor_msgs/cmake)
[0.762s] -- Found rosidl_default_generators: 1.2.0 (/opt/ros/humble/share/rosidl_default_generators/cmake)
[1.184s] -- Found ament_cmake_ros: 0.10.0 (/opt/ros/humble/share/ament_cmake_ros/cmake)
[1.585s] -- Using all available rosidl_typesupport_c: rosidl_typesupport_fastrtps_c;rosidl_typesupport_introspection_c
[1.746s] -- Using all available rosidl_typesupport_cpp: rosidl_typesupport_fastrtps_cpp;rosidl_typesupport_introspection_cpp
[1.765s] -- Found PythonInterp: /usr/bin/python3 (found suitable version "3.10.12", minimum required is "3.6") 
[1.766s] -- Found python_cmake_module: 0.10.0 (/opt/ros/humble/share/python_cmake_module/cmake)
[1.783s] -- Found PythonLibs: /usr/lib/x86_64-linux-gnu/libpython3.10.so (found suitable version "3.10.12", minimum required is "3.5") 
[1.783s] -- Using PYTHON_EXECUTABLE: /usr/bin/python3
[1.783s] -- Using PYTHON_INCLUDE_DIRS: /usr/include/python3.10
[1.783s] -- Using PYTHON_LIBRARIES: /usr/lib/x86_64-linux-gnu/libpython3.10.so
[1.801s] -- Found PythonExtra: .so  
[1.879s] -- Configuring done
[1.944s] -- Generating done
[1.957s] -- Build files have been written to: /home/yy/sight/pfa-nav/build/rmoss_interfaces
[2.091s] Invoked command in '/home/yy/sight/pfa-nav/build/rmoss_interfaces' returned '0': CMAKE_PREFIX_PATH=/opt/ros/humble /usr/bin/cmake /home/yy/sight/pfa-nav/src/rmoss_interfaces -DCMAKE_BUILD_TYPE=Release -DAMENT_CMAKE_SYMLINK_INSTALL=1 -DCMAKE_INSTALL_PREFIX=/home/yy/sight/pfa-nav/install/rmoss_interfaces
[2.094s] Invoking command in '/home/yy/sight/pfa-nav/build/rmoss_interfaces': CMAKE_PREFIX_PATH=/opt/ros/humble /usr/bin/cmake --build /home/yy/sight/pfa-nav/build/rmoss_interfaces -- -j20 -l20
[5.645s] [  0%] [34m[1mGenerating C code for ROS interfaces[0m
[5.645s] [  0%] [34m[1mGenerating C++ code for ROS interfaces[0m
[5.645s] [  0%] Built target ament_cmake_python_symlink_rmoss_interfaces
[5.645s] running egg_info
[5.645s] creating rmoss_interfaces.egg-info
[5.645s] writing rmoss_interfaces.egg-info/PKG-INFO
[5.645s] writing dependency_links to rmoss_interfaces.egg-info/dependency_links.txt
[5.645s] writing top-level names to rmoss_interfaces.egg-info/top_level.txt
[5.645s] writing manifest file 'rmoss_interfaces.egg-info/SOURCES.txt'
[5.645s] reading manifest file 'rmoss_interfaces.egg-info/SOURCES.txt'
[5.645s] writing manifest file 'rmoss_interfaces.egg-info/SOURCES.txt'
[5.645s] [  0%] Built target ament_cmake_python_build_rmoss_interfaces_egg
[5.646s] [  1%] [32mBuilding C object CMakeFiles/rmoss_interfaces__rosidl_generator_c.dir/rosidl_generator_c/rmoss_interfaces/msg/detail/referee_cmd__functions.c.o[0m
[5.646s] [  1%] [32mBuilding C object CMakeFiles/rmoss_interfaces__rosidl_generator_c.dir/rosidl_generator_c/rmoss_interfaces/msg/detail/robot_status__functions.c.o[0m
[5.646s] [  2%] [32mBuilding C object CMakeFiles/rmoss_interfaces__rosidl_generator_c.dir/rosidl_generator_c/rmoss_interfaces/msg/detail/game_status__functions.c.o[0m
[5.646s] [  2%] [32mBuilding C object CMakeFiles/rmoss_interfaces__rosidl_generator_c.dir/rosidl_generator_c/rmoss_interfaces/msg/detail/exchange_ammon__functions.c.o[0m
[5.646s] [  3%] [32mBuilding C object CMakeFiles/rmoss_interfaces__rosidl_generator_c.dir/rosidl_generator_c/rmoss_interfaces/msg/detail/rfid_status__functions.c.o[0m
[5.646s] [  4%] [32mBuilding C object CMakeFiles/rmoss_interfaces__rosidl_generator_c.dir/rosidl_generator_c/rmoss_interfaces/msg/detail/rfid_status_array__functions.c.o[0m
[5.646s] [  5%] [32mBuilding C object CMakeFiles/rmoss_interfaces__rosidl_generator_c.dir/rosidl_generator_c/rmoss_interfaces/msg/detail/gimbal__functions.c.o[0m
[5.646s] [  5%] [32mBuilding C object CMakeFiles/rmoss_interfaces__rosidl_generator_c.dir/rosidl_generator_c/rmoss_interfaces/msg/detail/gimbal_cmd__functions.c.o[0m
[5.646s] [  6%] [32mBuilding C object CMakeFiles/rmoss_interfaces__rosidl_generator_c.dir/rosidl_generator_c/rmoss_interfaces/msg/detail/shoot_cmd__functions.c.o[0m
[5.646s] [  6%] [32mBuilding C object CMakeFiles/rmoss_interfaces__rosidl_generator_c.dir/rosidl_generator_c/rmoss_interfaces/srv/detail/set_color__functions.c.o[0m
[5.646s] [  7%] [32mBuilding C object CMakeFiles/rmoss_interfaces__rosidl_generator_c.dir/rosidl_generator_c/rmoss_interfaces/msg/detail/chassis_cmd__functions.c.o[0m
[5.646s] [  8%] [32mBuilding C object CMakeFiles/rmoss_interfaces__rosidl_generator_c.dir/rosidl_generator_c/rmoss_interfaces/srv/detail/set_mode__functions.c.o[0m
[5.646s] [  9%] [32mBuilding C object CMakeFiles/rmoss_interfaces__rosidl_generator_c.dir/rosidl_generator_c/rmoss_interfaces/srv/detail/get_task_status__functions.c.o[0m
[5.646s] [ 10%] [32mBuilding C object CMakeFiles/rmoss_interfaces__rosidl_generator_c.dir/rosidl_generator_c/rmoss_interfaces/srv/detail/get_mode__functions.c.o[0m
[5.646s] [  9%] [32mBuilding C object CMakeFiles/rmoss_interfaces__rosidl_generator_c.dir/rosidl_generator_c/rmoss_interfaces/srv/detail/get_camera_info__functions.c.o[0m
[5.646s] [ 10%] [32mBuilding C object CMakeFiles/rmoss_interfaces__rosidl_generator_c.dir/rosidl_generator_c/rmoss_interfaces/srv/detail/control_task__functions.c.o[0m
[5.646s] [ 11%] [32mBuilding C object CMakeFiles/rmoss_interfaces__rosidl_generator_c.dir/rosidl_generator_c/rmoss_interfaces/srv/detail/exchange_ammon__functions.c.o[0m
[5.646s] [ 12%] [32m[1mLinking C shared library librmoss_interfaces__rosidl_generator_c.so[0m
[5.720s] [ 12%] Built target rmoss_interfaces__rosidl_generator_c
[5.742s] [ 13%] [34m[1mGenerating C type support for eProsima Fast-RTPS[0m
[5.752s] [ 14%] [34m[1mGenerating C introspection for ROS interfaces[0m
[5.752s] [ 15%] [34m[1mGenerating C type support dispatch for ROS interfaces[0m
[6.216s] [ 15%] Built target rmoss_interfaces__cpp
[6.239s] [ 16%] [34m[1mGenerating C++ type support dispatch for ROS interfaces[0m
[6.247s] [ 17%] [34m[1mGenerating C++ type support for eProsima Fast-RTPS[0m
[6.248s] [ 17%] [34m[1mGenerating C++ introspection for ROS interfaces[0m
[8.345s] [ 18%] [32mBuilding CXX object CMakeFiles/rmoss_interfaces__rosidl_typesupport_c.dir/rosidl_typesupport_c/rmoss_interfaces/msg/game_status__type_support.cpp.o[0m
[8.346s] [ 18%] [32mBuilding CXX object CMakeFiles/rmoss_interfaces__rosidl_typesupport_c.dir/rosidl_typesupport_c/rmoss_interfaces/msg/referee_cmd__type_support.cpp.o[0m
[8.355s] [ 20%] [32mBuilding CXX object CMakeFiles/rmoss_interfaces__rosidl_typesupport_c.dir/rosidl_typesupport_c/rmoss_interfaces/msg/robot_status__type_support.cpp.o[0m
[8.355s] [ 20%] [32mBuilding CXX object CMakeFiles/rmoss_interfaces__rosidl_typesupport_c.dir/rosidl_typesupport_c/rmoss_interfaces/msg/rfid_status_array__type_support.cpp.o[0m
[8.365s] [ 20%] [32mBuilding CXX object CMakeFiles/rmoss_interfaces__rosidl_typesupport_c.dir/rosidl_typesupport_c/rmoss_interfaces/msg/rfid_status__type_support.cpp.o[0m
[8.371s] [ 21%] [32mBuilding CXX object CMakeFiles/rmoss_interfaces__rosidl_typesupport_c.dir/rosidl_typesupport_c/rmoss_interfaces/msg/exchange_ammon__type_support.cpp.o[0m
[8.372s] [ 21%] [32mBuilding CXX object CMakeFiles/rmoss_interfaces__rosidl_typesupport_c.dir/rosidl_typesupport_c/rmoss_interfaces/msg/gimbal__type_support.cpp.o[0m
[8.401s] [ 22%] [32mBuilding CXX object CMakeFiles/rmoss_interfaces__rosidl_typesupport_c.dir/rosidl_typesupport_c/rmoss_interfaces/msg/gimbal_cmd__type_support.cpp.o[0m
[8.405s] [ 22%] [32mBuilding CXX object CMakeFiles/rmoss_interfaces__rosidl_typesupport_c.dir/rosidl_typesupport_c/rmoss_interfaces/msg/shoot_cmd__type_support.cpp.o[0m
[8.427s] [ 24%] [32mBuilding CXX object CMakeFiles/rmoss_interfaces__rosidl_typesupport_c.dir/rosidl_typesupport_c/rmoss_interfaces/srv/set_mode__type_support.cpp.o[0m
[8.427s] [ 24%] [32mBuilding CXX object CMakeFiles/rmoss_interfaces__rosidl_typesupport_c.dir/rosidl_typesupport_c/rmoss_interfaces/msg/chassis_cmd__type_support.cpp.o[0m
[8.433s] [ 24%] [32mBuilding CXX object CMakeFiles/rmoss_interfaces__rosidl_typesupport_c.dir/rosidl_typesupport_c/rmoss_interfaces/srv/get_camera_info__type_support.cpp.o[0m
[8.433s] [ 24%] [32mBuilding CXX object CMakeFiles/rmoss_interfaces__rosidl_typesupport_c.dir/rosidl_typesupport_c/rmoss_interfaces/srv/set_color__type_support.cpp.o[0m
[8.434s] [ 25%] [32mBuilding CXX object CMakeFiles/rmoss_interfaces__rosidl_typesupport_c.dir/rosidl_typesupport_c/rmoss_interfaces/srv/get_mode__type_support.cpp.o[0m
[8.442s] [ 25%] [32mBuilding CXX object CMakeFiles/rmoss_interfaces__rosidl_typesupport_c.dir/rosidl_typesupport_c/rmoss_interfaces/srv/exchange_ammon__type_support.cpp.o[0m
[8.446s] [ 26%] [32mBuilding CXX object CMakeFiles/rmoss_interfaces__rosidl_typesupport_c.dir/rosidl_typesupport_c/rmoss_interfaces/srv/get_task_status__type_support.cpp.o[0m
[8.446s] [ 27%] [32mBuilding CXX object CMakeFiles/rmoss_interfaces__rosidl_typesupport_c.dir/rosidl_typesupport_c/rmoss_interfaces/srv/control_task__type_support.cpp.o[0m
[8.572s] [ 28%] [32m[1mLinking CXX shared library librmoss_interfaces__rosidl_typesupport_c.so[0m
[8.672s] [ 28%] [32mBuilding CXX object CMakeFiles/rmoss_interfaces__rosidl_typesupport_fastrtps_c.dir/rosidl_typesupport_fastrtps_c/rmoss_interfaces/msg/detail/referee_cmd__type_support_c.cpp.o[0m
[8.676s] [ 29%] [32mBuilding CXX object CMakeFiles/rmoss_interfaces__rosidl_typesupport_fastrtps_c.dir/rosidl_typesupport_fastrtps_c/rmoss_interfaces/msg/detail/robot_status__type_support_c.cpp.o[0m
[8.687s] [ 30%] [32mBuilding CXX object CMakeFiles/rmoss_interfaces__rosidl_typesupport_fastrtps_c.dir/rosidl_typesupport_fastrtps_c/rmoss_interfaces/msg/detail/game_status__type_support_c.cpp.o[0m
[8.689s] [ 31%] [32mBuilding CXX object CMakeFiles/rmoss_interfaces__rosidl_typesupport_fastrtps_c.dir/rosidl_typesupport_fastrtps_c/rmoss_interfaces/msg/detail/rfid_status_array__type_support_c.cpp.o[0m
[8.689s] [ 31%] [32mBuilding CXX object CMakeFiles/rmoss_interfaces__rosidl_typesupport_fastrtps_c.dir/rosidl_typesupport_fastrtps_c/rmoss_interfaces/msg/detail/rfid_status__type_support_c.cpp.o[0m
[8.692s] [ 32%] [32mBuilding CXX object CMakeFiles/rmoss_interfaces__rosidl_typesupport_fastrtps_c.dir/rosidl_typesupport_fastrtps_c/rmoss_interfaces/msg/detail/exchange_ammon__type_support_c.cpp.o[0m
[8.706s] [ 32%] Built target rmoss_interfaces__rosidl_typesupport_c
[8.706s] [ 32%] [32mBuilding CXX object CMakeFiles/rmoss_interfaces__rosidl_typesupport_fastrtps_c.dir/rosidl_typesupport_fastrtps_c/rmoss_interfaces/msg/detail/gimbal__type_support_c.cpp.o[0m
[8.743s] [ 32%] [32mBuilding CXX object CMakeFiles/rmoss_interfaces__rosidl_typesupport_fastrtps_c.dir/rosidl_typesupport_fastrtps_c/rmoss_interfaces/msg/detail/shoot_cmd__type_support_c.cpp.o[0m
[8.759s] [ 33%] [32mBuilding CXX object CMakeFiles/rmoss_interfaces__rosidl_typesupport_fastrtps_c.dir/rosidl_typesupport_fastrtps_c/rmoss_interfaces/msg/detail/chassis_cmd__type_support_c.cpp.o[0m
[8.766s] [ 34%] [32mBuilding CXX object CMakeFiles/rmoss_interfaces__rosidl_typesupport_fastrtps_c.dir/rosidl_typesupport_fastrtps_c/rmoss_interfaces/srv/detail/set_color__type_support_c.cpp.o[0m
[8.775s] [ 35%] [32mBuilding CXX object CMakeFiles/rmoss_interfaces__rosidl_typesupport_fastrtps_c.dir/rosidl_typesupport_fastrtps_c/rmoss_interfaces/msg/detail/gimbal_cmd__type_support_c.cpp.o[0m
[8.776s] [ 35%] [32mBuilding CXX object CMakeFiles/rmoss_interfaces__rosidl_typesupport_fastrtps_c.dir/rosidl_typesupport_fastrtps_c/rmoss_interfaces/srv/detail/set_mode__type_support_c.cpp.o[0m
[8.782s] [ 36%] [32mBuilding CXX object CMakeFiles/rmoss_interfaces__rosidl_typesupport_fastrtps_c.dir/rosidl_typesupport_fastrtps_c/rmoss_interfaces/srv/detail/get_camera_info__type_support_c.cpp.o[0m
[8.782s] [ 37%] [32mBuilding CXX object CMakeFiles/rmoss_interfaces__rosidl_typesupport_fastrtps_c.dir/rosidl_typesupport_fastrtps_c/rmoss_interfaces/srv/detail/get_mode__type_support_c.cpp.o[0m
[8.793s] [ 38%] [32mBuilding CXX object CMakeFiles/rmoss_interfaces__rosidl_typesupport_fastrtps_c.dir/rosidl_typesupport_fastrtps_c/rmoss_interfaces/srv/detail/control_task__type_support_c.cpp.o[0m
[8.794s] [ 38%] [32mBuilding CXX object CMakeFiles/rmoss_interfaces__rosidl_typesupport_fastrtps_c.dir/rosidl_typesupport_fastrtps_c/rmoss_interfaces/srv/detail/get_task_status__type_support_c.cpp.o[0m
[9.252s] [ 38%] [32mBuilding CXX object CMakeFiles/rmoss_interfaces__rosidl_typesupport_cpp.dir/rosidl_typesupport_cpp/rmoss_interfaces/msg/referee_cmd__type_support.cpp.o[0m
[9.453s] [ 39%] [32mBuilding CXX object CMakeFiles/rmoss_interfaces__rosidl_typesupport_fastrtps_c.dir/rosidl_typesupport_fastrtps_c/rmoss_interfaces/srv/detail/exchange_ammon__type_support_c.cpp.o[0m
[9.483s] [ 40%] [32mBuilding CXX object CMakeFiles/rmoss_interfaces__rosidl_typesupport_cpp.dir/rosidl_typesupport_cpp/rmoss_interfaces/msg/game_status__type_support.cpp.o[0m
[9.838s] [ 41%] [32mBuilding CXX object CMakeFiles/rmoss_interfaces__rosidl_typesupport_cpp.dir/rosidl_typesupport_cpp/rmoss_interfaces/msg/robot_status__type_support.cpp.o[0m
[9.974s] [ 41%] [32mBuilding CXX object CMakeFiles/rmoss_interfaces__rosidl_typesupport_cpp.dir/rosidl_typesupport_cpp/rmoss_interfaces/msg/rfid_status__type_support.cpp.o[0m
[10.118s] [ 42%] [32mBuilding CXX object CMakeFiles/rmoss_interfaces__rosidl_typesupport_cpp.dir/rosidl_typesupport_cpp/rmoss_interfaces/msg/rfid_status_array__type_support.cpp.o[0m
[10.138s] [ 43%] [32mBuilding CXX object CMakeFiles/rmoss_interfaces__rosidl_typesupport_cpp.dir/rosidl_typesupport_cpp/rmoss_interfaces/msg/exchange_ammon__type_support.cpp.o[0m
[10.139s] [ 44%] [32mBuilding CXX object CMakeFiles/rmoss_interfaces__rosidl_typesupport_cpp.dir/rosidl_typesupport_cpp/rmoss_interfaces/msg/gimbal__type_support.cpp.o[0m
[10.145s] [ 45%] [32mBuilding CXX object CMakeFiles/rmoss_interfaces__rosidl_typesupport_cpp.dir/rosidl_typesupport_cpp/rmoss_interfaces/msg/gimbal_cmd__type_support.cpp.o[0m
[10.149s] [ 43%] [32mBuilding CXX object CMakeFiles/rmoss_interfaces__rosidl_typesupport_cpp.dir/rosidl_typesupport_cpp/rmoss_interfaces/msg/chassis_cmd__type_support.cpp.o[0m
[10.151s] [ 44%] [32mBuilding CXX object CMakeFiles/rmoss_interfaces__rosidl_typesupport_cpp.dir/rosidl_typesupport_cpp/rmoss_interfaces/msg/shoot_cmd__type_support.cpp.o[0m
[10.155s] [ 46%] [32mBuilding CXX object CMakeFiles/rmoss_interfaces__rosidl_typesupport_cpp.dir/rosidl_typesupport_cpp/rmoss_interfaces/srv/set_color__type_support.cpp.o[0m
[10.162s] [ 46%] [32mBuilding CXX object CMakeFiles/rmoss_interfaces__rosidl_typesupport_cpp.dir/rosidl_typesupport_cpp/rmoss_interfaces/srv/set_mode__type_support.cpp.o[0m
[10.191s] [ 47%] [32mBuilding CXX object CMakeFiles/rmoss_interfaces__rosidl_typesupport_cpp.dir/rosidl_typesupport_cpp/rmoss_interfaces/srv/get_mode__type_support.cpp.o[0m
[10.196s] [ 48%] [32mBuilding CXX object CMakeFiles/rmoss_interfaces__rosidl_typesupport_cpp.dir/rosidl_typesupport_cpp/rmoss_interfaces/srv/get_camera_info__type_support.cpp.o[0m
[10.274s] [ 49%] [32mBuilding CXX object CMakeFiles/rmoss_interfaces__rosidl_typesupport_cpp.dir/rosidl_typesupport_cpp/rmoss_interfaces/srv/get_task_status__type_support.cpp.o[0m
[10.274s] [ 49%] [32mBuilding C object CMakeFiles/rmoss_interfaces__rosidl_typesupport_introspection_c.dir/rosidl_typesupport_introspection_c/rmoss_interfaces/msg/detail/referee_cmd__type_support.c.o[0m
[10.299s] [ 49%] [32mBuilding C object CMakeFiles/rmoss_interfaces__rosidl_typesupport_introspection_c.dir/rosidl_typesupport_introspection_c/rmoss_interfaces/msg/detail/game_status__type_support.c.o[0m
[10.422s] [ 50%] [32mBuilding C object CMakeFiles/rmoss_interfaces__rosidl_typesupport_introspection_c.dir/rosidl_typesupport_introspection_c/rmoss_interfaces/msg/detail/robot_status__type_support.c.o[0m
[10.427s] [ 51%] [32mBuilding CXX object CMakeFiles/rmoss_interfaces__rosidl_typesupport_cpp.dir/rosidl_typesupport_cpp/rmoss_interfaces/srv/control_task__type_support.cpp.o[0m
[10.461s] [ 51%] [32mBuilding C object CMakeFiles/rmoss_interfaces__rosidl_typesupport_introspection_c.dir/rosidl_typesupport_introspection_c/rmoss_interfaces/msg/detail/rfid_status__type_support.c.o[0m
[10.485s] [ 52%] [32mBuilding CXX object CMakeFiles/rmoss_interfaces__rosidl_typesupport_cpp.dir/rosidl_typesupport_cpp/rmoss_interfaces/srv/exchange_ammon__type_support.cpp.o[0m
[10.589s] [ 53%] [32mBuilding C object CMakeFiles/rmoss_interfaces__rosidl_typesupport_introspection_c.dir/rosidl_typesupport_introspection_c/rmoss_interfaces/msg/detail/rfid_status_array__type_support.c.o[0m
[10.611s] [ 54%] [32mBuilding C object CMakeFiles/rmoss_interfaces__rosidl_typesupport_introspection_c.dir/rosidl_typesupport_introspection_c/rmoss_interfaces/msg/detail/exchange_ammon__type_support.c.o[0m
[10.782s] [ 54%] [32mBuilding C object CMakeFiles/rmoss_interfaces__rosidl_typesupport_introspection_c.dir/rosidl_typesupport_introspection_c/rmoss_interfaces/msg/detail/gimbal__type_support.c.o[0m
[10.811s] [ 55%] [32mBuilding C object CMakeFiles/rmoss_interfaces__rosidl_typesupport_introspection_c.dir/rosidl_typesupport_introspection_c/rmoss_interfaces/msg/detail/gimbal_cmd__type_support.c.o[0m
[10.833s] [ 55%] [32m[1mLinking CXX shared library librmoss_interfaces__rosidl_typesupport_fastrtps_c.so[0m
[10.966s] [ 56%] [32mBuilding C object CMakeFiles/rmoss_interfaces__rosidl_typesupport_introspection_c.dir/rosidl_typesupport_introspection_c/rmoss_interfaces/msg/detail/shoot_cmd__type_support.c.o[0m
[11.099s] [ 57%] [32mBuilding C object CMakeFiles/rmoss_interfaces__rosidl_typesupport_introspection_c.dir/rosidl_typesupport_introspection_c/rmoss_interfaces/srv/detail/get_camera_info__type_support.c.o[0m
[11.270s] [ 57%] Built target rmoss_interfaces__rosidl_typesupport_fastrtps_c
[11.291s] [ 58%] [32mBuilding C object CMakeFiles/rmoss_interfaces__rosidl_typesupport_introspection_c.dir/rosidl_typesupport_introspection_c/rmoss_interfaces/srv/detail/exchange_ammon__type_support.c.o[0m
[11.322s] [ 59%] [32mBuilding CXX object CMakeFiles/rmoss_interfaces__rosidl_typesupport_introspection_cpp.dir/rosidl_typesupport_introspection_cpp/rmoss_interfaces/msg/detail/referee_cmd__type_support.cpp.o[0m
[11.456s] [ 60%] [32mBuilding C object CMakeFiles/rmoss_interfaces__rosidl_typesupport_introspection_c.dir/rosidl_typesupport_introspection_c/rmoss_interfaces/srv/detail/control_task__type_support.c.o[0m
[11.472s] [ 60%] [32m[1mLinking CXX shared library librmoss_interfaces__rosidl_typesupport_cpp.so[0m
[11.549s] [ 61%] [32mBuilding CXX object CMakeFiles/rmoss_interfaces__rosidl_typesupport_fastrtps_cpp.dir/rosidl_typesupport_fastrtps_cpp/rmoss_interfaces/msg/detail/dds_fastrtps/referee_cmd__type_support.cpp.o[0m
[11.590s] [ 61%] Built target rmoss_interfaces__rosidl_typesupport_cpp
[11.598s] [ 61%] [32mBuilding C object CMakeFiles/rmoss_interfaces__rosidl_typesupport_introspection_c.dir/rosidl_typesupport_introspection_c/rmoss_interfaces/srv/detail/get_task_status__type_support.c.o[0m
[11.711s] [ 61%] [32mBuilding C object CMakeFiles/rmoss_interfaces__rosidl_typesupport_introspection_c.dir/rosidl_typesupport_introspection_c/rmoss_interfaces/srv/detail/get_mode__type_support.c.o[0m
[11.799s] [ 62%] [32mBuilding C object CMakeFiles/rmoss_interfaces__rosidl_typesupport_introspection_c.dir/rosidl_typesupport_introspection_c/rmoss_interfaces/srv/detail/set_mode__type_support.c.o[0m
[11.868s] [ 63%] [32mBuilding C object CMakeFiles/rmoss_interfaces__rosidl_typesupport_introspection_c.dir/rosidl_typesupport_introspection_c/rmoss_interfaces/srv/detail/set_color__type_support.c.o[0m
[11.960s] [ 63%] [32mBuilding C object CMakeFiles/rmoss_interfaces__rosidl_typesupport_introspection_c.dir/rosidl_typesupport_introspection_c/rmoss_interfaces/msg/detail/chassis_cmd__type_support.c.o[0m
[12.039s] [ 63%] [32m[1mLinking C shared library librmoss_interfaces__rosidl_typesupport_introspection_c.so[0m
[12.047s] [ 64%] [32mBuilding CXX object CMakeFiles/rmoss_interfaces__rosidl_typesupport_introspection_cpp.dir/rosidl_typesupport_introspection_cpp/rmoss_interfaces/srv/detail/get_task_status__type_support.cpp.o[0m
[12.096s] [ 64%] Built target rmoss_interfaces__rosidl_typesupport_introspection_c
[12.395s] [ 65%] [32mBuilding CXX object CMakeFiles/rmoss_interfaces__rosidl_typesupport_fastrtps_cpp.dir/rosidl_typesupport_fastrtps_cpp/rmoss_interfaces/msg/detail/dds_fastrtps/exchange_ammon__type_support.cpp.o[0m
[12.677s] [ 65%] [32mBuilding CXX object CMakeFiles/rmoss_interfaces__rosidl_typesupport_introspection_cpp.dir/rosidl_typesupport_introspection_cpp/rmoss_interfaces/srv/detail/control_task__type_support.cpp.o[0m
[12.934s] [ 65%] [32mBuilding CXX object CMakeFiles/rmoss_interfaces__rosidl_typesupport_fastrtps_cpp.dir/rosidl_typesupport_fastrtps_cpp/rmoss_interfaces/msg/detail/dds_fastrtps/gimbal__type_support.cpp.o[0m
[13.141s] [ 66%] [32mBuilding CXX object CMakeFiles/rmoss_interfaces__rosidl_typesupport_introspection_cpp.dir/rosidl_typesupport_introspection_cpp/rmoss_interfaces/srv/detail/exchange_ammon__type_support.cpp.o[0m
[13.346s] [ 67%] [32mBuilding CXX object CMakeFiles/rmoss_interfaces__rosidl_typesupport_fastrtps_cpp.dir/rosidl_typesupport_fastrtps_cpp/rmoss_interfaces/msg/detail/dds_fastrtps/gimbal_cmd__type_support.cpp.o[0m
[13.702s] [ 68%] [32mBuilding CXX object CMakeFiles/rmoss_interfaces__rosidl_typesupport_introspection_cpp.dir/rosidl_typesupport_introspection_cpp/rmoss_interfaces/srv/detail/get_camera_info__type_support.cpp.o[0m
[13.977s] [ 68%] [32mBuilding CXX object CMakeFiles/rmoss_interfaces__rosidl_typesupport_fastrtps_cpp.dir/rosidl_typesupport_fastrtps_cpp/rmoss_interfaces/msg/detail/dds_fastrtps/chassis_cmd__type_support.cpp.o[0m
[14.214s] [ 68%] [32mBuilding CXX object CMakeFiles/rmoss_interfaces__rosidl_typesupport_introspection_cpp.dir/rosidl_typesupport_introspection_cpp/rmoss_interfaces/srv/detail/get_mode__type_support.cpp.o[0m
[14.347s] [ 69%] [32mBuilding CXX object CMakeFiles/rmoss_interfaces__rosidl_typesupport_fastrtps_cpp.dir/rosidl_typesupport_fastrtps_cpp/rmoss_interfaces/srv/detail/dds_fastrtps/set_mode__type_support.cpp.o[0m
[14.656s] [ 70%] [32mBuilding CXX object CMakeFiles/rmoss_interfaces__rosidl_typesupport_introspection_cpp.dir/rosidl_typesupport_introspection_cpp/rmoss_interfaces/srv/detail/set_mode__type_support.cpp.o[0m
[14.729s] [ 71%] [32mBuilding CXX object CMakeFiles/rmoss_interfaces__rosidl_typesupport_fastrtps_cpp.dir/rosidl_typesupport_fastrtps_cpp/rmoss_interfaces/srv/detail/dds_fastrtps/get_camera_info__type_support.cpp.o[0m
[15.060s] [ 72%] [32mBuilding CXX object CMakeFiles/rmoss_interfaces__rosidl_typesupport_introspection_cpp.dir/rosidl_typesupport_introspection_cpp/rmoss_interfaces/srv/detail/set_color__type_support.cpp.o[0m
[15.265s] [ 73%] [32mBuilding CXX object CMakeFiles/rmoss_interfaces__rosidl_typesupport_fastrtps_cpp.dir/rosidl_typesupport_fastrtps_cpp/rmoss_interfaces/srv/detail/dds_fastrtps/control_task__type_support.cpp.o[0m
[15.430s] [ 73%] [32mBuilding CXX object CMakeFiles/rmoss_interfaces__rosidl_typesupport_introspection_cpp.dir/rosidl_typesupport_introspection_cpp/rmoss_interfaces/msg/detail/chassis_cmd__type_support.cpp.o[0m
[15.845s] [ 74%] [32mBuilding CXX object CMakeFiles/rmoss_interfaces__rosidl_typesupport_fastrtps_cpp.dir/rosidl_typesupport_fastrtps_cpp/rmoss_interfaces/srv/detail/dds_fastrtps/exchange_ammon__type_support.cpp.o[0m
[15.854s] [ 75%] [32mBuilding CXX object CMakeFiles/rmoss_interfaces__rosidl_typesupport_introspection_cpp.dir/rosidl_typesupport_introspection_cpp/rmoss_interfaces/msg/detail/shoot_cmd__type_support.cpp.o[0m
[16.207s] [ 75%] [32mBuilding CXX object CMakeFiles/rmoss_interfaces__rosidl_typesupport_introspection_cpp.dir/rosidl_typesupport_introspection_cpp/rmoss_interfaces/msg/detail/gimbal_cmd__type_support.cpp.o[0m
[16.352s] [ 75%] [32mBuilding CXX object CMakeFiles/rmoss_interfaces__rosidl_typesupport_fastrtps_cpp.dir/rosidl_typesupport_fastrtps_cpp/rmoss_interfaces/srv/detail/dds_fastrtps/get_task_status__type_support.cpp.o[0m
[16.651s] [ 76%] [32mBuilding CXX object CMakeFiles/rmoss_interfaces__rosidl_typesupport_introspection_cpp.dir/rosidl_typesupport_introspection_cpp/rmoss_interfaces/msg/detail/gimbal__type_support.cpp.o[0m
[16.750s] [ 76%] [32mBuilding CXX object CMakeFiles/rmoss_interfaces__rosidl_typesupport_fastrtps_cpp.dir/rosidl_typesupport_fastrtps_cpp/rmoss_interfaces/srv/detail/dds_fastrtps/get_mode__type_support.cpp.o[0m
[17.110s] [ 77%] [32mBuilding CXX object CMakeFiles/rmoss_interfaces__rosidl_typesupport_fastrtps_cpp.dir/rosidl_typesupport_fastrtps_cpp/rmoss_interfaces/srv/detail/dds_fastrtps/set_color__type_support.cpp.o[0m
[17.318s] [ 78%] [32mBuilding CXX object CMakeFiles/rmoss_interfaces__rosidl_typesupport_introspection_cpp.dir/rosidl_typesupport_introspection_cpp/rmoss_interfaces/msg/detail/exchange_ammon__type_support.cpp.o[0m
[17.505s] [ 79%] [32mBuilding CXX object CMakeFiles/rmoss_interfaces__rosidl_typesupport_fastrtps_cpp.dir/rosidl_typesupport_fastrtps_cpp/rmoss_interfaces/msg/detail/dds_fastrtps/shoot_cmd__type_support.cpp.o[0m
[17.855s] [ 79%] [32mBuilding CXX object CMakeFiles/rmoss_interfaces__rosidl_typesupport_introspection_cpp.dir/rosidl_typesupport_introspection_cpp/rmoss_interfaces/msg/detail/rfid_status_array__type_support.cpp.o[0m
[17.923s] [ 79%] [32mBuilding CXX object CMakeFiles/rmoss_interfaces__rosidl_typesupport_fastrtps_cpp.dir/rosidl_typesupport_fastrtps_cpp/rmoss_interfaces/msg/detail/dds_fastrtps/rfid_status_array__type_support.cpp.o[0m
[18.276s] [ 80%] [32mBuilding CXX object CMakeFiles/rmoss_interfaces__rosidl_typesupport_introspection_cpp.dir/rosidl_typesupport_introspection_cpp/rmoss_interfaces/msg/detail/rfid_status__type_support.cpp.o[0m
[18.353s] [ 81%] [32mBuilding CXX object CMakeFiles/rmoss_interfaces__rosidl_typesupport_fastrtps_cpp.dir/rosidl_typesupport_fastrtps_cpp/rmoss_interfaces/msg/detail/dds_fastrtps/rfid_status__type_support.cpp.o[0m
[18.637s] [ 82%] [32mBuilding CXX object CMakeFiles/rmoss_interfaces__rosidl_typesupport_introspection_cpp.dir/rosidl_typesupport_introspection_cpp/rmoss_interfaces/msg/detail/robot_status__type_support.cpp.o[0m
[18.737s] [ 83%] [32mBuilding CXX object CMakeFiles/rmoss_interfaces__rosidl_typesupport_fastrtps_cpp.dir/rosidl_typesupport_fastrtps_cpp/rmoss_interfaces/msg/detail/dds_fastrtps/robot_status__type_support.cpp.o[0m
[19.021s] [ 83%] [32mBuilding CXX object CMakeFiles/rmoss_interfaces__rosidl_typesupport_introspection_cpp.dir/rosidl_typesupport_introspection_cpp/rmoss_interfaces/msg/detail/game_status__type_support.cpp.o[0m
[19.209s] [ 83%] [32mBuilding CXX object CMakeFiles/rmoss_interfaces__rosidl_typesupport_fastrtps_cpp.dir/rosidl_typesupport_fastrtps_cpp/rmoss_interfaces/msg/detail/dds_fastrtps/game_status__type_support.cpp.o[0m
[19.374s] [ 84%] [32m[1mLinking CXX shared library librmoss_interfaces__rosidl_typesupport_introspection_cpp.so[0m
[19.467s] [ 84%] Built target rmoss_interfaces__rosidl_typesupport_introspection_cpp
[19.545s] [ 84%] [32m[1mLinking CXX shared library librmoss_interfaces__rosidl_typesupport_fastrtps_cpp.so[0m
[19.629s] [ 84%] Built target rmoss_interfaces__rosidl_typesupport_fastrtps_cpp
[19.646s] [ 84%] Built target rmoss_interfaces
[19.667s] [ 85%] [34m[1mGenerating Python code for ROS interfaces[0m
[22.747s] [ 85%] Built target rmoss_interfaces__py
[22.768s] [ 85%] [32mBuilding C object CMakeFiles/rmoss_interfaces__rosidl_generator_py.dir/rosidl_generator_py/rmoss_interfaces/msg/_referee_cmd_s.c.o[0m
[22.860s] [ 85%] [32mBuilding C object CMakeFiles/rmoss_interfaces__rosidl_generator_py.dir/rosidl_generator_py/rmoss_interfaces/srv/_exchange_ammon_s.c.o[0m
[22.958s] [ 86%] [32mBuilding C object CMakeFiles/rmoss_interfaces__rosidl_generator_py.dir/rosidl_generator_py/rmoss_interfaces/srv/_control_task_s.c.o[0m
[23.057s] [ 86%] [32mBuilding C object CMakeFiles/rmoss_interfaces__rosidl_generator_py.dir/rosidl_generator_py/rmoss_interfaces/srv/_get_task_status_s.c.o[0m
[23.161s] [ 87%] [32mBuilding C object CMakeFiles/rmoss_interfaces__rosidl_generator_py.dir/rosidl_generator_py/rmoss_interfaces/srv/_get_camera_info_s.c.o[0m
[23.347s] [ 88%] [32mBuilding C object CMakeFiles/rmoss_interfaces__rosidl_generator_py.dir/rosidl_generator_py/rmoss_interfaces/srv/_get_mode_s.c.o[0m
[23.536s] [ 88%] [32mBuilding C object CMakeFiles/rmoss_interfaces__rosidl_generator_py.dir/rosidl_generator_py/rmoss_interfaces/srv/_set_mode_s.c.o[0m
[23.650s] [ 89%] [32mBuilding C object CMakeFiles/rmoss_interfaces__rosidl_generator_py.dir/rosidl_generator_py/rmoss_interfaces/srv/_set_color_s.c.o[0m
[23.792s] [ 90%] [32mBuilding C object CMakeFiles/rmoss_interfaces__rosidl_generator_py.dir/rosidl_generator_py/rmoss_interfaces/msg/_chassis_cmd_s.c.o[0m
[23.923s] [ 90%] [32mBuilding C object CMakeFiles/rmoss_interfaces__rosidl_generator_py.dir/rosidl_generator_py/rmoss_interfaces/msg/_shoot_cmd_s.c.o[0m
[24.053s] [ 91%] [32mBuilding C object CMakeFiles/rmoss_interfaces__rosidl_generator_py.dir/rosidl_generator_py/rmoss_interfaces/msg/_gimbal_cmd_s.c.o[0m
[24.145s] [ 92%] [32mBuilding C object CMakeFiles/rmoss_interfaces__rosidl_generator_py.dir/rosidl_generator_py/rmoss_interfaces/msg/_gimbal_s.c.o[0m
[24.213s] [ 92%] [32mBuilding C object CMakeFiles/rmoss_interfaces__rosidl_generator_py.dir/rosidl_generator_py/rmoss_interfaces/msg/_exchange_ammon_s.c.o[0m
[24.286s] [ 93%] [32mBuilding C object CMakeFiles/rmoss_interfaces__rosidl_generator_py.dir/rosidl_generator_py/rmoss_interfaces/msg/_rfid_status_array_s.c.o[0m
[24.366s] [ 93%] [32mBuilding C object CMakeFiles/rmoss_interfaces__rosidl_generator_py.dir/rosidl_generator_py/rmoss_interfaces/msg/_rfid_status_s.c.o[0m
[24.440s] [ 94%] [32mBuilding C object CMakeFiles/rmoss_interfaces__rosidl_generator_py.dir/rosidl_generator_py/rmoss_interfaces/msg/_robot_status_s.c.o[0m
[24.531s] [ 95%] [32mBuilding C object CMakeFiles/rmoss_interfaces__rosidl_generator_py.dir/rosidl_generator_py/rmoss_interfaces/msg/_game_status_s.c.o[0m
[24.634s] [ 96%] [32m[1mLinking C shared library rosidl_generator_py/rmoss_interfaces/librmoss_interfaces__rosidl_generator_py.so[0m
[24.679s] [ 96%] Built target rmoss_interfaces__rosidl_generator_py
[24.705s] [ 97%] [32mBuilding C object CMakeFiles/rmoss_interfaces__rosidl_typesupport_fastrtps_c__pyext.dir/rosidl_generator_py/rmoss_interfaces/_rmoss_interfaces_s.ep.rosidl_typesupport_fastrtps_c.c.o[0m
[25.011s] [ 97%] [32m[1mLinking C shared library rosidl_generator_py/rmoss_interfaces/rmoss_interfaces_s__rosidl_typesupport_fastrtps_c.cpython-310-x86_64-linux-gnu.so[0m
[25.052s] [ 97%] Built target rmoss_interfaces__rosidl_typesupport_fastrtps_c__pyext
[25.075s] [ 98%] [32mBuilding C object CMakeFiles/rmoss_interfaces__rosidl_typesupport_c__pyext.dir/rosidl_generator_py/rmoss_interfaces/_rmoss_interfaces_s.ep.rosidl_typesupport_c.c.o[0m
[25.366s] [ 98%] [32m[1mLinking C shared library rosidl_generator_py/rmoss_interfaces/rmoss_interfaces_s__rosidl_typesupport_c.cpython-310-x86_64-linux-gnu.so[0m
[25.398s] [ 98%] Built target rmoss_interfaces__rosidl_typesupport_c__pyext
[25.417s] [ 99%] [32mBuilding C object CMakeFiles/rmoss_interfaces__rosidl_typesupport_introspection_c__pyext.dir/rosidl_generator_py/rmoss_interfaces/_rmoss_interfaces_s.ep.rosidl_typesupport_introspection_c.c.o[0m
[25.643s] [100%] [32m[1mLinking C shared library rosidl_generator_py/rmoss_interfaces/rmoss_interfaces_s__rosidl_typesupport_introspection_c.cpython-310-x86_64-linux-gnu.so[0m
[25.674s] [100%] Built target rmoss_interfaces__rosidl_typesupport_introspection_c__pyext
[25.691s] Invoked command in '/home/yy/sight/pfa-nav/build/rmoss_interfaces' returned '0': CMAKE_PREFIX_PATH=/opt/ros/humble /usr/bin/cmake --build /home/yy/sight/pfa-nav/build/rmoss_interfaces -- -j20 -l20
[25.698s] Invoking command in '/home/yy/sight/pfa-nav/build/rmoss_interfaces': CMAKE_PREFIX_PATH=/opt/ros/humble /usr/bin/cmake --install /home/yy/sight/pfa-nav/build/rmoss_interfaces
[26.381s] -- Install configuration: "Release"
[26.381s] -- Execute custom install script
[26.381s] -- Symlinking: /home/yy/sight/pfa-nav/install/rmoss_interfaces/share/ament_index/resource_index/rosidl_interfaces/rmoss_interfaces
[26.381s] -- Symlinking: /home/yy/sight/pfa-nav/install/rmoss_interfaces/include/rmoss_interfaces/rmoss_interfaces/msg/chassis_cmd.h
[26.381s] -- Symlinking: /home/yy/sight/pfa-nav/install/rmoss_interfaces/include/rmoss_interfaces/rmoss_interfaces/msg/detail/chassis_cmd__functions.h
[26.381s] -- Symlinking: /home/yy/sight/pfa-nav/install/rmoss_interfaces/include/rmoss_interfaces/rmoss_interfaces/msg/detail/chassis_cmd__struct.h
[26.381s] -- Symlinking: /home/yy/sight/pfa-nav/install/rmoss_interfaces/include/rmoss_interfaces/rmoss_interfaces/msg/detail/chassis_cmd__type_support.h
[26.381s] -- Symlinking: /home/yy/sight/pfa-nav/install/rmoss_interfaces/include/rmoss_interfaces/rmoss_interfaces/msg/detail/exchange_ammon__functions.h
[26.381s] -- Symlinking: /home/yy/sight/pfa-nav/install/rmoss_interfaces/include/rmoss_interfaces/rmoss_interfaces/msg/detail/exchange_ammon__struct.h
[26.381s] -- Symlinking: /home/yy/sight/pfa-nav/install/rmoss_interfaces/include/rmoss_interfaces/rmoss_interfaces/msg/detail/exchange_ammon__type_support.h
[26.381s] -- Symlinking: /home/yy/sight/pfa-nav/install/rmoss_interfaces/include/rmoss_interfaces/rmoss_interfaces/msg/detail/game_status__functions.h
[26.381s] -- Symlinking: /home/yy/sight/pfa-nav/install/rmoss_interfaces/include/rmoss_interfaces/rmoss_interfaces/msg/detail/game_status__struct.h
[26.381s] -- Symlinking: /home/yy/sight/pfa-nav/install/rmoss_interfaces/include/rmoss_interfaces/rmoss_interfaces/msg/detail/game_status__type_support.h
[26.381s] -- Symlinking: /home/yy/sight/pfa-nav/install/rmoss_interfaces/include/rmoss_interfaces/rmoss_interfaces/msg/detail/gimbal__functions.h
[26.381s] -- Symlinking: /home/yy/sight/pfa-nav/install/rmoss_interfaces/include/rmoss_interfaces/rmoss_interfaces/msg/detail/gimbal__struct.h
[26.381s] -- Symlinking: /home/yy/sight/pfa-nav/install/rmoss_interfaces/include/rmoss_interfaces/rmoss_interfaces/msg/detail/gimbal__type_support.h
[26.381s] -- Symlinking: /home/yy/sight/pfa-nav/install/rmoss_interfaces/include/rmoss_interfaces/rmoss_interfaces/msg/detail/gimbal_cmd__functions.h
[26.381s] -- Symlinking: /home/yy/sight/pfa-nav/install/rmoss_interfaces/include/rmoss_interfaces/rmoss_interfaces/msg/detail/gimbal_cmd__struct.h
[26.381s] -- Symlinking: /home/yy/sight/pfa-nav/install/rmoss_interfaces/include/rmoss_interfaces/rmoss_interfaces/msg/detail/gimbal_cmd__type_support.h
[26.381s] -- Symlinking: /home/yy/sight/pfa-nav/install/rmoss_interfaces/include/rmoss_interfaces/rmoss_interfaces/msg/detail/referee_cmd__functions.h
[26.381s] -- Symlinking: /home/yy/sight/pfa-nav/install/rmoss_interfaces/include/rmoss_interfaces/rmoss_interfaces/msg/detail/referee_cmd__struct.h
[26.381s] -- Symlinking: /home/yy/sight/pfa-nav/install/rmoss_interfaces/include/rmoss_interfaces/rmoss_interfaces/msg/detail/referee_cmd__type_support.h
[26.381s] -- Symlinking: /home/yy/sight/pfa-nav/install/rmoss_interfaces/include/rmoss_interfaces/rmoss_interfaces/msg/detail/rfid_status__functions.h
[26.381s] -- Symlinking: /home/yy/sight/pfa-nav/install/rmoss_interfaces/include/rmoss_interfaces/rmoss_interfaces/msg/detail/rfid_status__struct.h
[26.382s] -- Symlinking: /home/yy/sight/pfa-nav/install/rmoss_interfaces/include/rmoss_interfaces/rmoss_interfaces/msg/detail/rfid_status__type_support.h
[26.382s] -- Symlinking: /home/yy/sight/pfa-nav/install/rmoss_interfaces/include/rmoss_interfaces/rmoss_interfaces/msg/detail/rfid_status_array__functions.h
[26.382s] -- Symlinking: /home/yy/sight/pfa-nav/install/rmoss_interfaces/include/rmoss_interfaces/rmoss_interfaces/msg/detail/rfid_status_array__struct.h
[26.382s] -- Symlinking: /home/yy/sight/pfa-nav/install/rmoss_interfaces/include/rmoss_interfaces/rmoss_interfaces/msg/detail/rfid_status_array__type_support.h
[26.382s] -- Symlinking: /home/yy/sight/pfa-nav/install/rmoss_interfaces/include/rmoss_interfaces/rmoss_interfaces/msg/detail/robot_status__functions.h
[26.382s] -- Symlinking: /home/yy/sight/pfa-nav/install/rmoss_interfaces/include/rmoss_interfaces/rmoss_interfaces/msg/detail/robot_status__struct.h
[26.382s] -- Symlinking: /home/yy/sight/pfa-nav/install/rmoss_interfaces/include/rmoss_interfaces/rmoss_interfaces/msg/detail/robot_status__type_support.h
[26.382s] -- Symlinking: /home/yy/sight/pfa-nav/install/rmoss_interfaces/include/rmoss_interfaces/rmoss_interfaces/msg/detail/shoot_cmd__functions.h
[26.382s] -- Symlinking: /home/yy/sight/pfa-nav/install/rmoss_interfaces/include/rmoss_interfaces/rmoss_interfaces/msg/detail/shoot_cmd__struct.h
[26.382s] -- Symlinking: /home/yy/sight/pfa-nav/install/rmoss_interfaces/include/rmoss_interfaces/rmoss_interfaces/msg/detail/shoot_cmd__type_support.h
[26.382s] -- Symlinking: /home/yy/sight/pfa-nav/install/rmoss_interfaces/include/rmoss_interfaces/rmoss_interfaces/msg/exchange_ammon.h
[26.382s] -- Symlinking: /home/yy/sight/pfa-nav/install/rmoss_interfaces/include/rmoss_interfaces/rmoss_interfaces/msg/game_status.h
[26.382s] -- Symlinking: /home/yy/sight/pfa-nav/install/rmoss_interfaces/include/rmoss_interfaces/rmoss_interfaces/msg/gimbal.h
[26.382s] -- Symlinking: /home/yy/sight/pfa-nav/install/rmoss_interfaces/include/rmoss_interfaces/rmoss_interfaces/msg/gimbal_cmd.h
[26.382s] -- Symlinking: /home/yy/sight/pfa-nav/install/rmoss_interfaces/include/rmoss_interfaces/rmoss_interfaces/msg/referee_cmd.h
[26.382s] -- Symlinking: /home/yy/sight/pfa-nav/install/rmoss_interfaces/include/rmoss_interfaces/rmoss_interfaces/msg/rfid_status.h
[26.382s] -- Symlinking: /home/yy/sight/pfa-nav/install/rmoss_interfaces/include/rmoss_interfaces/rmoss_interfaces/msg/rfid_status_array.h
[26.382s] -- Symlinking: /home/yy/sight/pfa-nav/install/rmoss_interfaces/include/rmoss_interfaces/rmoss_interfaces/msg/robot_status.h
[26.382s] -- Symlinking: /home/yy/sight/pfa-nav/install/rmoss_interfaces/include/rmoss_interfaces/rmoss_interfaces/msg/rosidl_generator_c__visibility_control.h
[26.382s] -- Symlinking: /home/yy/sight/pfa-nav/install/rmoss_interfaces/include/rmoss_interfaces/rmoss_interfaces/msg/shoot_cmd.h
[26.382s] -- Symlinking: /home/yy/sight/pfa-nav/install/rmoss_interfaces/include/rmoss_interfaces/rmoss_interfaces/srv/control_task.h
[26.382s] -- Symlinking: /home/yy/sight/pfa-nav/install/rmoss_interfaces/include/rmoss_interfaces/rmoss_interfaces/srv/detail/control_task__functions.h
[26.382s] -- Symlinking: /home/yy/sight/pfa-nav/install/rmoss_interfaces/include/rmoss_interfaces/rmoss_interfaces/srv/detail/control_task__struct.h
[26.382s] -- Symlinking: /home/yy/sight/pfa-nav/install/rmoss_interfaces/include/rmoss_interfaces/rmoss_interfaces/srv/detail/control_task__type_support.h
[26.382s] -- Symlinking: /home/yy/sight/pfa-nav/install/rmoss_interfaces/include/rmoss_interfaces/rmoss_interfaces/srv/detail/exchange_ammon__functions.h
[26.382s] -- Symlinking: /home/yy/sight/pfa-nav/install/rmoss_interfaces/include/rmoss_interfaces/rmoss_interfaces/srv/detail/exchange_ammon__struct.h
[26.382s] -- Symlinking: /home/yy/sight/pfa-nav/install/rmoss_interfaces/include/rmoss_interfaces/rmoss_interfaces/srv/detail/exchange_ammon__type_support.h
[26.382s] -- Symlinking: /home/yy/sight/pfa-nav/install/rmoss_interfaces/include/rmoss_interfaces/rmoss_interfaces/srv/detail/get_camera_info__functions.h
[26.383s] -- Symlinking: /home/yy/sight/pfa-nav/install/rmoss_interfaces/include/rmoss_interfaces/rmoss_interfaces/srv/detail/get_camera_info__struct.h
[26.383s] -- Symlinking: /home/yy/sight/pfa-nav/install/rmoss_interfaces/include/rmoss_interfaces/rmoss_interfaces/srv/detail/get_camera_info__type_support.h
[26.383s] -- Symlinking: /home/yy/sight/pfa-nav/install/rmoss_interfaces/include/rmoss_interfaces/rmoss_interfaces/srv/detail/get_mode__functions.h
[26.383s] -- Symlinking: /home/yy/sight/pfa-nav/install/rmoss_interfaces/include/rmoss_interfaces/rmoss_interfaces/srv/detail/get_mode__struct.h
[26.383s] -- Symlinking: /home/yy/sight/pfa-nav/install/rmoss_interfaces/include/rmoss_interfaces/rmoss_interfaces/srv/detail/get_mode__type_support.h
[26.383s] -- Symlinking: /home/yy/sight/pfa-nav/install/rmoss_interfaces/include/rmoss_interfaces/rmoss_interfaces/srv/detail/get_task_status__functions.h
[26.383s] -- Symlinking: /home/yy/sight/pfa-nav/install/rmoss_interfaces/include/rmoss_interfaces/rmoss_interfaces/srv/detail/get_task_status__struct.h
[26.383s] -- Symlinking: /home/yy/sight/pfa-nav/install/rmoss_interfaces/include/rmoss_interfaces/rmoss_interfaces/srv/detail/get_task_status__type_support.h
[26.383s] -- Symlinking: /home/yy/sight/pfa-nav/install/rmoss_interfaces/include/rmoss_interfaces/rmoss_interfaces/srv/detail/set_color__functions.h
[26.383s] -- Symlinking: /home/yy/sight/pfa-nav/install/rmoss_interfaces/include/rmoss_interfaces/rmoss_interfaces/srv/detail/set_color__struct.h
[26.383s] -- Symlinking: /home/yy/sight/pfa-nav/install/rmoss_interfaces/include/rmoss_interfaces/rmoss_interfaces/srv/detail/set_color__type_support.h
[26.383s] -- Symlinking: /home/yy/sight/pfa-nav/install/rmoss_interfaces/include/rmoss_interfaces/rmoss_interfaces/srv/detail/set_mode__functions.h
[26.383s] -- Symlinking: /home/yy/sight/pfa-nav/install/rmoss_interfaces/include/rmoss_interfaces/rmoss_interfaces/srv/detail/set_mode__struct.h
[26.383s] -- Symlinking: /home/yy/sight/pfa-nav/install/rmoss_interfaces/include/rmoss_interfaces/rmoss_interfaces/srv/detail/set_mode__type_support.h
[26.383s] -- Symlinking: /home/yy/sight/pfa-nav/install/rmoss_interfaces/include/rmoss_interfaces/rmoss_interfaces/srv/exchange_ammon.h
[26.383s] -- Symlinking: /home/yy/sight/pfa-nav/install/rmoss_interfaces/include/rmoss_interfaces/rmoss_interfaces/srv/get_camera_info.h
[26.383s] -- Symlinking: /home/yy/sight/pfa-nav/install/rmoss_interfaces/include/rmoss_interfaces/rmoss_interfaces/srv/get_mode.h
[26.383s] -- Symlinking: /home/yy/sight/pfa-nav/install/rmoss_interfaces/include/rmoss_interfaces/rmoss_interfaces/srv/get_task_status.h
[26.383s] -- Symlinking: /home/yy/sight/pfa-nav/install/rmoss_interfaces/include/rmoss_interfaces/rmoss_interfaces/srv/set_color.h
[26.383s] -- Symlinking: /home/yy/sight/pfa-nav/install/rmoss_interfaces/include/rmoss_interfaces/rmoss_interfaces/srv/set_mode.h
[26.383s] -- Symlinking: /home/yy/sight/pfa-nav/install/rmoss_interfaces/share/rmoss_interfaces/environment/library_path.sh
[26.383s] -- Symlinking: /home/yy/sight/pfa-nav/install/rmoss_interfaces/share/rmoss_interfaces/environment/library_path.dsv
[26.383s] -- Symlinking: /home/yy/sight/pfa-nav/install/rmoss_interfaces/include/rmoss_interfaces/rmoss_interfaces/msg/detail/chassis_cmd__rosidl_typesupport_fastrtps_c.h
[26.383s] -- Symlinking: /home/yy/sight/pfa-nav/install/rmoss_interfaces/include/rmoss_interfaces/rmoss_interfaces/msg/detail/exchange_ammon__rosidl_typesupport_fastrtps_c.h
[26.383s] -- Symlinking: /home/yy/sight/pfa-nav/install/rmoss_interfaces/include/rmoss_interfaces/rmoss_interfaces/msg/detail/game_status__rosidl_typesupport_fastrtps_c.h
[26.383s] -- Symlinking: /home/yy/sight/pfa-nav/install/rmoss_interfaces/include/rmoss_interfaces/rmoss_interfaces/msg/detail/gimbal__rosidl_typesupport_fastrtps_c.h
[26.383s] -- Symlinking: /home/yy/sight/pfa-nav/install/rmoss_interfaces/include/rmoss_interfaces/rmoss_interfaces/msg/detail/gimbal_cmd__rosidl_typesupport_fastrtps_c.h
[26.383s] -- Symlinking: /home/yy/sight/pfa-nav/install/rmoss_interfaces/include/rmoss_interfaces/rmoss_interfaces/msg/detail/referee_cmd__rosidl_typesupport_fastrtps_c.h
[26.383s] -- Symlinking: /home/yy/sight/pfa-nav/install/rmoss_interfaces/include/rmoss_interfaces/rmoss_interfaces/msg/detail/rfid_status__rosidl_typesupport_fastrtps_c.h
[26.383s] -- Symlinking: /home/yy/sight/pfa-nav/install/rmoss_interfaces/include/rmoss_interfaces/rmoss_interfaces/msg/detail/rfid_status_array__rosidl_typesupport_fastrtps_c.h
[26.383s] -- Symlinking: /home/yy/sight/pfa-nav/install/rmoss_interfaces/include/rmoss_interfaces/rmoss_interfaces/msg/detail/robot_status__rosidl_typesupport_fastrtps_c.h
[26.383s] -- Symlinking: /home/yy/sight/pfa-nav/install/rmoss_interfaces/include/rmoss_interfaces/rmoss_interfaces/msg/detail/shoot_cmd__rosidl_typesupport_fastrtps_c.h
[26.384s] -- Symlinking: /home/yy/sight/pfa-nav/install/rmoss_interfaces/include/rmoss_interfaces/rmoss_interfaces/msg/rosidl_typesupport_fastrtps_c__visibility_control.h
[26.384s] -- Symlinking: /home/yy/sight/pfa-nav/install/rmoss_interfaces/include/rmoss_interfaces/rmoss_interfaces/srv/detail/control_task__rosidl_typesupport_fastrtps_c.h
[26.384s] -- Symlinking: /home/yy/sight/pfa-nav/install/rmoss_interfaces/include/rmoss_interfaces/rmoss_interfaces/srv/detail/exchange_ammon__rosidl_typesupport_fastrtps_c.h
[26.384s] -- Symlinking: /home/yy/sight/pfa-nav/install/rmoss_interfaces/include/rmoss_interfaces/rmoss_interfaces/srv/detail/get_camera_info__rosidl_typesupport_fastrtps_c.h
[26.384s] -- Symlinking: /home/yy/sight/pfa-nav/install/rmoss_interfaces/include/rmoss_interfaces/rmoss_interfaces/srv/detail/get_mode__rosidl_typesupport_fastrtps_c.h
[26.384s] -- Symlinking: /home/yy/sight/pfa-nav/install/rmoss_interfaces/include/rmoss_interfaces/rmoss_interfaces/srv/detail/get_task_status__rosidl_typesupport_fastrtps_c.h
[26.391s] -- Symlinking: /home/yy/sight/pfa-nav/install/rmoss_interfaces/include/rmoss_interfaces/rmoss_interfaces/srv/detail/set_color__rosidl_typesupport_fastrtps_c.h
[26.399s] -- Symlinking: /home/yy/sight/pfa-nav/install/rmoss_interfaces/include/rmoss_interfaces/rmoss_interfaces/srv/detail/set_mode__rosidl_typesupport_fastrtps_c.h
[26.407s] -- Symlinking: /home/yy/sight/pfa-nav/install/rmoss_interfaces/include/rmoss_interfaces/rmoss_interfaces/msg/chassis_cmd.hpp
[26.412s] -- Symlinking: /home/yy/sight/pfa-nav/install/rmoss_interfaces/include/rmoss_interfaces/rmoss_interfaces/msg/detail/chassis_cmd__builder.hpp
[26.421s] -- Symlinking: /home/yy/sight/pfa-nav/install/rmoss_interfaces/include/rmoss_interfaces/rmoss_interfaces/msg/detail/chassis_cmd__struct.hpp
[26.431s] -- Symlinking: /home/yy/sight/pfa-nav/install/rmoss_interfaces/include/rmoss_interfaces/rmoss_interfaces/msg/detail/chassis_cmd__traits.hpp
[26.439s] -- Symlinking: /home/yy/sight/pfa-nav/install/rmoss_interfaces/include/rmoss_interfaces/rmoss_interfaces/msg/detail/chassis_cmd__type_support.hpp
[26.446s] -- Symlinking: /home/yy/sight/pfa-nav/install/rmoss_interfaces/include/rmoss_interfaces/rmoss_interfaces/msg/detail/exchange_ammon__builder.hpp
[26.452s] -- Symlinking: /home/yy/sight/pfa-nav/install/rmoss_interfaces/include/rmoss_interfaces/rmoss_interfaces/msg/detail/exchange_ammon__struct.hpp
[26.458s] -- Symlinking: /home/yy/sight/pfa-nav/install/rmoss_interfaces/include/rmoss_interfaces/rmoss_interfaces/msg/detail/exchange_ammon__traits.hpp
[26.466s] -- Symlinking: /home/yy/sight/pfa-nav/install/rmoss_interfaces/include/rmoss_interfaces/rmoss_interfaces/msg/detail/exchange_ammon__type_support.hpp
[26.472s] -- Symlinking: /home/yy/sight/pfa-nav/install/rmoss_interfaces/include/rmoss_interfaces/rmoss_interfaces/msg/detail/game_status__builder.hpp
[26.478s] -- Symlinking: /home/yy/sight/pfa-nav/install/rmoss_interfaces/include/rmoss_interfaces/rmoss_interfaces/msg/detail/game_status__struct.hpp
[26.487s] -- Symlinking: /home/yy/sight/pfa-nav/install/rmoss_interfaces/include/rmoss_interfaces/rmoss_interfaces/msg/detail/game_status__traits.hpp
[26.495s] -- Symlinking: /home/yy/sight/pfa-nav/install/rmoss_interfaces/include/rmoss_interfaces/rmoss_interfaces/msg/detail/game_status__type_support.hpp
[26.501s] -- Symlinking: /home/yy/sight/pfa-nav/install/rmoss_interfaces/include/rmoss_interfaces/rmoss_interfaces/msg/detail/gimbal__builder.hpp
[26.508s] -- Symlinking: /home/yy/sight/pfa-nav/install/rmoss_interfaces/include/rmoss_interfaces/rmoss_interfaces/msg/detail/gimbal__struct.hpp
[26.514s] -- Symlinking: /home/yy/sight/pfa-nav/install/rmoss_interfaces/include/rmoss_interfaces/rmoss_interfaces/msg/detail/gimbal__traits.hpp
[26.520s] -- Symlinking: /home/yy/sight/pfa-nav/install/rmoss_interfaces/include/rmoss_interfaces/rmoss_interfaces/msg/detail/gimbal__type_support.hpp
[26.529s] -- Symlinking: /home/yy/sight/pfa-nav/install/rmoss_interfaces/include/rmoss_interfaces/rmoss_interfaces/msg/detail/gimbal_cmd__builder.hpp
[26.535s] -- Symlinking: /home/yy/sight/pfa-nav/install/rmoss_interfaces/include/rmoss_interfaces/rmoss_interfaces/msg/detail/gimbal_cmd__struct.hpp
[26.541s] -- Symlinking: /home/yy/sight/pfa-nav/install/rmoss_interfaces/include/rmoss_interfaces/rmoss_interfaces/msg/detail/gimbal_cmd__traits.hpp
[26.546s] -- Symlinking: /home/yy/sight/pfa-nav/install/rmoss_interfaces/include/rmoss_interfaces/rmoss_interfaces/msg/detail/gimbal_cmd__type_support.hpp
[26.552s] -- Symlinking: /home/yy/sight/pfa-nav/install/rmoss_interfaces/include/rmoss_interfaces/rmoss_interfaces/msg/detail/referee_cmd__builder.hpp
[26.562s] -- Symlinking: /home/yy/sight/pfa-nav/install/rmoss_interfaces/include/rmoss_interfaces/rmoss_interfaces/msg/detail/referee_cmd__struct.hpp
[26.568s] -- Symlinking: /home/yy/sight/pfa-nav/install/rmoss_interfaces/include/rmoss_interfaces/rmoss_interfaces/msg/detail/referee_cmd__traits.hpp
[26.573s] -- Symlinking: /home/yy/sight/pfa-nav/install/rmoss_interfaces/include/rmoss_interfaces/rmoss_interfaces/msg/detail/referee_cmd__type_support.hpp
[26.578s] -- Symlinking: /home/yy/sight/pfa-nav/install/rmoss_interfaces/include/rmoss_interfaces/rmoss_interfaces/msg/detail/rfid_status__builder.hpp
[26.584s] -- Symlinking: /home/yy/sight/pfa-nav/install/rmoss_interfaces/include/rmoss_interfaces/rmoss_interfaces/msg/detail/rfid_status__struct.hpp
[26.593s] -- Symlinking: /home/yy/sight/pfa-nav/install/rmoss_interfaces/include/rmoss_interfaces/rmoss_interfaces/msg/detail/rfid_status__traits.hpp
[26.598s] -- Symlinking: /home/yy/sight/pfa-nav/install/rmoss_interfaces/include/rmoss_interfaces/rmoss_interfaces/msg/detail/rfid_status__type_support.hpp
[26.604s] -- Symlinking: /home/yy/sight/pfa-nav/install/rmoss_interfaces/include/rmoss_interfaces/rmoss_interfaces/msg/detail/rfid_status_array__builder.hpp
[26.609s] -- Symlinking: /home/yy/sight/pfa-nav/install/rmoss_interfaces/include/rmoss_interfaces/rmoss_interfaces/msg/detail/rfid_status_array__struct.hpp
[26.615s] -- Symlinking: /home/yy/sight/pfa-nav/install/rmoss_interfaces/include/rmoss_interfaces/rmoss_interfaces/msg/detail/rfid_status_array__traits.hpp
[26.623s] -- Symlinking: /home/yy/sight/pfa-nav/install/rmoss_interfaces/include/rmoss_interfaces/rmoss_interfaces/msg/detail/rfid_status_array__type_support.hpp
[26.629s] -- Symlinking: /home/yy/sight/pfa-nav/install/rmoss_interfaces/include/rmoss_interfaces/rmoss_interfaces/msg/detail/robot_status__builder.hpp
[26.637s] -- Symlinking: /home/yy/sight/pfa-nav/install/rmoss_interfaces/include/rmoss_interfaces/rmoss_interfaces/msg/detail/robot_status__struct.hpp
[26.642s] -- Symlinking: /home/yy/sight/pfa-nav/install/rmoss_interfaces/include/rmoss_interfaces/rmoss_interfaces/msg/detail/robot_status__traits.hpp
[26.648s] -- Symlinking: /home/yy/sight/pfa-nav/install/rmoss_interfaces/include/rmoss_interfaces/rmoss_interfaces/msg/detail/robot_status__type_support.hpp
[26.655s] -- Symlinking: /home/yy/sight/pfa-nav/install/rmoss_interfaces/include/rmoss_interfaces/rmoss_interfaces/msg/detail/shoot_cmd__builder.hpp
[26.663s] -- Symlinking: /home/yy/sight/pfa-nav/install/rmoss_interfaces/include/rmoss_interfaces/rmoss_interfaces/msg/detail/shoot_cmd__struct.hpp
[26.668s] -- Symlinking: /home/yy/sight/pfa-nav/install/rmoss_interfaces/include/rmoss_interfaces/rmoss_interfaces/msg/detail/shoot_cmd__traits.hpp
[26.673s] -- Symlinking: /home/yy/sight/pfa-nav/install/rmoss_interfaces/include/rmoss_interfaces/rmoss_interfaces/msg/detail/shoot_cmd__type_support.hpp
[26.680s] -- Symlinking: /home/yy/sight/pfa-nav/install/rmoss_interfaces/include/rmoss_interfaces/rmoss_interfaces/msg/exchange_ammon.hpp
[26.687s] -- Symlinking: /home/yy/sight/pfa-nav/install/rmoss_interfaces/include/rmoss_interfaces/rmoss_interfaces/msg/game_status.hpp
[26.699s] -- Symlinking: /home/yy/sight/pfa-nav/install/rmoss_interfaces/include/rmoss_interfaces/rmoss_interfaces/msg/gimbal.hpp
[26.704s] -- Symlinking: /home/yy/sight/pfa-nav/install/rmoss_interfaces/include/rmoss_interfaces/rmoss_interfaces/msg/gimbal_cmd.hpp
[26.710s] -- Symlinking: /home/yy/sight/pfa-nav/install/rmoss_interfaces/include/rmoss_interfaces/rmoss_interfaces/msg/referee_cmd.hpp
[26.717s] -- Symlinking: /home/yy/sight/pfa-nav/install/rmoss_interfaces/include/rmoss_interfaces/rmoss_interfaces/msg/rfid_status.hpp
[26.724s] -- Symlinking: /home/yy/sight/pfa-nav/install/rmoss_interfaces/include/rmoss_interfaces/rmoss_interfaces/msg/rfid_status_array.hpp
[26.730s] -- Symlinking: /home/yy/sight/pfa-nav/install/rmoss_interfaces/include/rmoss_interfaces/rmoss_interfaces/msg/robot_status.hpp
[26.736s] -- Symlinking: /home/yy/sight/pfa-nav/install/rmoss_interfaces/include/rmoss_interfaces/rmoss_interfaces/msg/rosidl_generator_cpp__visibility_control.hpp
[26.742s] -- Symlinking: /home/yy/sight/pfa-nav/install/rmoss_interfaces/include/rmoss_interfaces/rmoss_interfaces/msg/shoot_cmd.hpp
[26.748s] -- Symlinking: /home/yy/sight/pfa-nav/install/rmoss_interfaces/include/rmoss_interfaces/rmoss_interfaces/srv/control_task.hpp
[26.756s] -- Symlinking: /home/yy/sight/pfa-nav/install/rmoss_interfaces/include/rmoss_interfaces/rmoss_interfaces/srv/detail/control_task__builder.hpp
[26.762s] -- Symlinking: /home/yy/sight/pfa-nav/install/rmoss_interfaces/include/rmoss_interfaces/rmoss_interfaces/srv/detail/control_task__struct.hpp
[26.768s] -- Symlinking: /home/yy/sight/pfa-nav/install/rmoss_interfaces/include/rmoss_interfaces/rmoss_interfaces/srv/detail/control_task__traits.hpp
[26.773s] -- Symlinking: /home/yy/sight/pfa-nav/install/rmoss_interfaces/include/rmoss_interfaces/rmoss_interfaces/srv/detail/control_task__type_support.hpp
[26.779s] -- Symlinking: /home/yy/sight/pfa-nav/install/rmoss_interfaces/include/rmoss_interfaces/rmoss_interfaces/srv/detail/exchange_ammon__builder.hpp
[26.786s] -- Symlinking: /home/yy/sight/pfa-nav/install/rmoss_interfaces/include/rmoss_interfaces/rmoss_interfaces/srv/detail/exchange_ammon__struct.hpp
[26.792s] -- Symlinking: /home/yy/sight/pfa-nav/install/rmoss_interfaces/include/rmoss_interfaces/rmoss_interfaces/srv/detail/exchange_ammon__traits.hpp
[26.798s] -- Symlinking: /home/yy/sight/pfa-nav/install/rmoss_interfaces/include/rmoss_interfaces/rmoss_interfaces/srv/detail/exchange_ammon__type_support.hpp
[26.806s] -- Symlinking: /home/yy/sight/pfa-nav/install/rmoss_interfaces/include/rmoss_interfaces/rmoss_interfaces/srv/detail/get_camera_info__builder.hpp
[26.812s] -- Symlinking: /home/yy/sight/pfa-nav/install/rmoss_interfaces/include/rmoss_interfaces/rmoss_interfaces/srv/detail/get_camera_info__struct.hpp
[26.820s] -- Symlinking: /home/yy/sight/pfa-nav/install/rmoss_interfaces/include/rmoss_interfaces/rmoss_interfaces/srv/detail/get_camera_info__traits.hpp
[26.827s] -- Symlinking: /home/yy/sight/pfa-nav/install/rmoss_interfaces/include/rmoss_interfaces/rmoss_interfaces/srv/detail/get_camera_info__type_support.hpp
[26.833s] -- Symlinking: /home/yy/sight/pfa-nav/install/rmoss_interfaces/include/rmoss_interfaces/rmoss_interfaces/srv/detail/get_mode__builder.hpp
[26.838s] -- Symlinking: /home/yy/sight/pfa-nav/install/rmoss_interfaces/include/rmoss_interfaces/rmoss_interfaces/srv/detail/get_mode__struct.hpp
[26.846s] -- Symlinking: /home/yy/sight/pfa-nav/install/rmoss_interfaces/include/rmoss_interfaces/rmoss_interfaces/srv/detail/get_mode__traits.hpp
[26.853s] -- Symlinking: /home/yy/sight/pfa-nav/install/rmoss_interfaces/include/rmoss_interfaces/rmoss_interfaces/srv/detail/get_mode__type_support.hpp
[26.862s] -- Symlinking: /home/yy/sight/pfa-nav/install/rmoss_interfaces/include/rmoss_interfaces/rmoss_interfaces/srv/detail/get_task_status__builder.hpp
[26.870s] -- Symlinking: /home/yy/sight/pfa-nav/install/rmoss_interfaces/include/rmoss_interfaces/rmoss_interfaces/srv/detail/get_task_status__struct.hpp
[26.878s] -- Symlinking: /home/yy/sight/pfa-nav/install/rmoss_interfaces/include/rmoss_interfaces/rmoss_interfaces/srv/detail/get_task_status__traits.hpp
[26.888s] -- Symlinking: /home/yy/sight/pfa-nav/install/rmoss_interfaces/include/rmoss_interfaces/rmoss_interfaces/srv/detail/get_task_status__type_support.hpp
[26.898s] -- Symlinking: /home/yy/sight/pfa-nav/install/rmoss_interfaces/include/rmoss_interfaces/rmoss_interfaces/srv/detail/set_color__builder.hpp
[26.906s] -- Symlinking: /home/yy/sight/pfa-nav/install/rmoss_interfaces/include/rmoss_interfaces/rmoss_interfaces/srv/detail/set_color__struct.hpp
[26.915s] -- Symlinking: /home/yy/sight/pfa-nav/install/rmoss_interfaces/include/rmoss_interfaces/rmoss_interfaces/srv/detail/set_color__traits.hpp
[26.924s] -- Symlinking: /home/yy/sight/pfa-nav/install/rmoss_interfaces/include/rmoss_interfaces/rmoss_interfaces/srv/detail/set_color__type_support.hpp
[26.933s] -- Symlinking: /home/yy/sight/pfa-nav/install/rmoss_interfaces/include/rmoss_interfaces/rmoss_interfaces/srv/detail/set_mode__builder.hpp
[26.943s] -- Symlinking: /home/yy/sight/pfa-nav/install/rmoss_interfaces/include/rmoss_interfaces/rmoss_interfaces/srv/detail/set_mode__struct.hpp
[26.953s] -- Symlinking: /home/yy/sight/pfa-nav/install/rmoss_interfaces/include/rmoss_interfaces/rmoss_interfaces/srv/detail/set_mode__traits.hpp
[26.963s] -- Symlinking: /home/yy/sight/pfa-nav/install/rmoss_interfaces/include/rmoss_interfaces/rmoss_interfaces/srv/detail/set_mode__type_support.hpp
[26.969s] -- Symlinking: /home/yy/sight/pfa-nav/install/rmoss_interfaces/include/rmoss_interfaces/rmoss_interfaces/srv/exchange_ammon.hpp
[26.974s] -- Symlinking: /home/yy/sight/pfa-nav/install/rmoss_interfaces/include/rmoss_interfaces/rmoss_interfaces/srv/get_camera_info.hpp
[26.980s] -- Symlinking: /home/yy/sight/pfa-nav/install/rmoss_interfaces/include/rmoss_interfaces/rmoss_interfaces/srv/get_mode.hpp
[26.990s] -- Symlinking: /home/yy/sight/pfa-nav/install/rmoss_interfaces/include/rmoss_interfaces/rmoss_interfaces/srv/get_task_status.hpp
[26.998s] -- Symlinking: /home/yy/sight/pfa-nav/install/rmoss_interfaces/include/rmoss_interfaces/rmoss_interfaces/srv/set_color.hpp
[27.007s] -- Symlinking: /home/yy/sight/pfa-nav/install/rmoss_interfaces/include/rmoss_interfaces/rmoss_interfaces/srv/set_mode.hpp
[27.017s] -- Symlinking: /home/yy/sight/pfa-nav/install/rmoss_interfaces/include/rmoss_interfaces/rmoss_interfaces/msg/detail/chassis_cmd__rosidl_typesupport_fastrtps_cpp.hpp
[27.028s] -- Symlinking: /home/yy/sight/pfa-nav/install/rmoss_interfaces/include/rmoss_interfaces/rmoss_interfaces/msg/detail/exchange_ammon__rosidl_typesupport_fastrtps_cpp.hpp
[27.033s] -- Symlinking: /home/yy/sight/pfa-nav/install/rmoss_interfaces/include/rmoss_interfaces/rmoss_interfaces/msg/detail/game_status__rosidl_typesupport_fastrtps_cpp.hpp
[27.039s] -- Symlinking: /home/yy/sight/pfa-nav/install/rmoss_interfaces/include/rmoss_interfaces/rmoss_interfaces/msg/detail/gimbal__rosidl_typesupport_fastrtps_cpp.hpp
[27.044s] -- Symlinking: /home/yy/sight/pfa-nav/install/rmoss_interfaces/include/rmoss_interfaces/rmoss_interfaces/msg/detail/gimbal_cmd__rosidl_typesupport_fastrtps_cpp.hpp
[27.053s] -- Symlinking: /home/yy/sight/pfa-nav/install/rmoss_interfaces/include/rmoss_interfaces/rmoss_interfaces/msg/detail/referee_cmd__rosidl_typesupport_fastrtps_cpp.hpp
[27.063s] -- Symlinking: /home/yy/sight/pfa-nav/install/rmoss_interfaces/include/rmoss_interfaces/rmoss_interfaces/msg/detail/rfid_status__rosidl_typesupport_fastrtps_cpp.hpp
[27.072s] -- Symlinking: /home/yy/sight/pfa-nav/install/rmoss_interfaces/include/rmoss_interfaces/rmoss_interfaces/msg/detail/rfid_status_array__rosidl_typesupport_fastrtps_cpp.hpp
[27.082s] -- Symlinking: /home/yy/sight/pfa-nav/install/rmoss_interfaces/include/rmoss_interfaces/rmoss_interfaces/msg/detail/robot_status__rosidl_typesupport_fastrtps_cpp.hpp
[27.092s] -- Symlinking: /home/yy/sight/pfa-nav/install/rmoss_interfaces/include/rmoss_interfaces/rmoss_interfaces/msg/detail/shoot_cmd__rosidl_typesupport_fastrtps_cpp.hpp
[27.101s] -- Symlinking: /home/yy/sight/pfa-nav/install/rmoss_interfaces/include/rmoss_interfaces/rmoss_interfaces/msg/rosidl_typesupport_fastrtps_cpp__visibility_control.h
[27.107s] -- Symlinking: /home/yy/sight/pfa-nav/install/rmoss_interfaces/include/rmoss_interfaces/rmoss_interfaces/srv/detail/control_task__rosidl_typesupport_fastrtps_cpp.hpp
[27.113s] -- Symlinking: /home/yy/sight/pfa-nav/install/rmoss_interfaces/include/rmoss_interfaces/rmoss_interfaces/srv/detail/exchange_ammon__rosidl_typesupport_fastrtps_cpp.hpp
[27.120s] -- Symlinking: /home/yy/sight/pfa-nav/install/rmoss_interfaces/include/rmoss_interfaces/rmoss_interfaces/srv/detail/get_camera_info__rosidl_typesupport_fastrtps_cpp.hpp
[27.129s] -- Symlinking: /home/yy/sight/pfa-nav/install/rmoss_interfaces/include/rmoss_interfaces/rmoss_interfaces/srv/detail/get_mode__rosidl_typesupport_fastrtps_cpp.hpp
[27.135s] -- Symlinking: /home/yy/sight/pfa-nav/install/rmoss_interfaces/include/rmoss_interfaces/rmoss_interfaces/srv/detail/get_task_status__rosidl_typesupport_fastrtps_cpp.hpp
[27.141s] -- Symlinking: /home/yy/sight/pfa-nav/install/rmoss_interfaces/include/rmoss_interfaces/rmoss_interfaces/srv/detail/set_color__rosidl_typesupport_fastrtps_cpp.hpp
[27.146s] -- Symlinking: /home/yy/sight/pfa-nav/install/rmoss_interfaces/include/rmoss_interfaces/rmoss_interfaces/srv/detail/set_mode__rosidl_typesupport_fastrtps_cpp.hpp
[27.156s] -- Symlinking: /home/yy/sight/pfa-nav/install/rmoss_interfaces/include/rmoss_interfaces/rmoss_interfaces/msg/detail/chassis_cmd__rosidl_typesupport_introspection_c.h
[27.165s] -- Symlinking: /home/yy/sight/pfa-nav/install/rmoss_interfaces/include/rmoss_interfaces/rmoss_interfaces/msg/detail/exchange_ammon__rosidl_typesupport_introspection_c.h
[27.172s] -- Symlinking: /home/yy/sight/pfa-nav/install/rmoss_interfaces/include/rmoss_interfaces/rmoss_interfaces/msg/detail/game_status__rosidl_typesupport_introspection_c.h
[27.179s] -- Symlinking: /home/yy/sight/pfa-nav/install/rmoss_interfaces/include/rmoss_interfaces/rmoss_interfaces/msg/detail/gimbal__rosidl_typesupport_introspection_c.h
[27.187s] -- Symlinking: /home/yy/sight/pfa-nav/install/rmoss_interfaces/include/rmoss_interfaces/rmoss_interfaces/msg/detail/gimbal_cmd__rosidl_typesupport_introspection_c.h
[27.197s] -- Symlinking: /home/yy/sight/pfa-nav/install/rmoss_interfaces/include/rmoss_interfaces/rmoss_interfaces/msg/detail/referee_cmd__rosidl_typesupport_introspection_c.h
[27.203s] -- Symlinking: /home/yy/sight/pfa-nav/install/rmoss_interfaces/include/rmoss_interfaces/rmoss_interfaces/msg/detail/rfid_status__rosidl_typesupport_introspection_c.h
[27.209s] -- Symlinking: /home/yy/sight/pfa-nav/install/rmoss_interfaces/include/rmoss_interfaces/rmoss_interfaces/msg/detail/rfid_status_array__rosidl_typesupport_introspection_c.h
[27.216s] -- Symlinking: /home/yy/sight/pfa-nav/install/rmoss_interfaces/include/rmoss_interfaces/rmoss_interfaces/msg/detail/robot_status__rosidl_typesupport_introspection_c.h
[27.230s] -- Symlinking: /home/yy/sight/pfa-nav/install/rmoss_interfaces/include/rmoss_interfaces/rmoss_interfaces/msg/detail/shoot_cmd__rosidl_typesupport_introspection_c.h
[27.236s] -- Symlinking: /home/yy/sight/pfa-nav/install/rmoss_interfaces/include/rmoss_interfaces/rmoss_interfaces/msg/rosidl_typesupport_introspection_c__visibility_control.h
[27.244s] -- Symlinking: /home/yy/sight/pfa-nav/install/rmoss_interfaces/include/rmoss_interfaces/rmoss_interfaces/srv/detail/control_task__rosidl_typesupport_introspection_c.h
[27.251s] -- Symlinking: /home/yy/sight/pfa-nav/install/rmoss_interfaces/include/rmoss_interfaces/rmoss_interfaces/srv/detail/exchange_ammon__rosidl_typesupport_introspection_c.h
[27.260s] -- Symlinking: /home/yy/sight/pfa-nav/install/rmoss_interfaces/include/rmoss_interfaces/rmoss_interfaces/srv/detail/get_camera_info__rosidl_typesupport_introspection_c.h
[27.266s] -- Symlinking: /home/yy/sight/pfa-nav/install/rmoss_interfaces/include/rmoss_interfaces/rmoss_interfaces/srv/detail/get_mode__rosidl_typesupport_introspection_c.h
[27.275s] -- Symlinking: /home/yy/sight/pfa-nav/install/rmoss_interfaces/include/rmoss_interfaces/rmoss_interfaces/srv/detail/get_task_status__rosidl_typesupport_introspection_c.h
[27.281s] -- Symlinking: /home/yy/sight/pfa-nav/install/rmoss_interfaces/include/rmoss_interfaces/rmoss_interfaces/srv/detail/set_color__rosidl_typesupport_introspection_c.h
[27.290s] -- Symlinking: /home/yy/sight/pfa-nav/install/rmoss_interfaces/include/rmoss_interfaces/rmoss_interfaces/srv/detail/set_mode__rosidl_typesupport_introspection_c.h
[27.299s] -- Symlinking: /home/yy/sight/pfa-nav/install/rmoss_interfaces/include/rmoss_interfaces/rmoss_interfaces/msg/detail/chassis_cmd__rosidl_typesupport_introspection_cpp.hpp
[27.307s] -- Symlinking: /home/yy/sight/pfa-nav/install/rmoss_interfaces/include/rmoss_interfaces/rmoss_interfaces/msg/detail/exchange_ammon__rosidl_typesupport_introspection_cpp.hpp
[27.317s] -- Symlinking: /home/yy/sight/pfa-nav/install/rmoss_interfaces/include/rmoss_interfaces/rmoss_interfaces/msg/detail/game_status__rosidl_typesupport_introspection_cpp.hpp
[27.328s] -- Symlinking: /home/yy/sight/pfa-nav/install/rmoss_interfaces/include/rmoss_interfaces/rmoss_interfaces/msg/detail/gimbal__rosidl_typesupport_introspection_cpp.hpp
[27.337s] -- Symlinking: /home/yy/sight/pfa-nav/install/rmoss_interfaces/include/rmoss_interfaces/rmoss_interfaces/msg/detail/gimbal_cmd__rosidl_typesupport_introspection_cpp.hpp
[27.345s] -- Symlinking: /home/yy/sight/pfa-nav/install/rmoss_interfaces/include/rmoss_interfaces/rmoss_interfaces/msg/detail/referee_cmd__rosidl_typesupport_introspection_cpp.hpp
[27.356s] -- Symlinking: /home/yy/sight/pfa-nav/install/rmoss_interfaces/include/rmoss_interfaces/rmoss_interfaces/msg/detail/rfid_status__rosidl_typesupport_introspection_cpp.hpp
[27.362s] -- Symlinking: /home/yy/sight/pfa-nav/install/rmoss_interfaces/include/rmoss_interfaces/rmoss_interfaces/msg/detail/rfid_status_array__rosidl_typesupport_introspection_cpp.hpp
[27.371s] -- Symlinking: /home/yy/sight/pfa-nav/install/rmoss_interfaces/include/rmoss_interfaces/rmoss_interfaces/msg/detail/robot_status__rosidl_typesupport_introspection_cpp.hpp
[27.379s] -- Symlinking: /home/yy/sight/pfa-nav/install/rmoss_interfaces/include/rmoss_interfaces/rmoss_interfaces/msg/detail/shoot_cmd__rosidl_typesupport_introspection_cpp.hpp
[27.386s] -- Symlinking: /home/yy/sight/pfa-nav/install/rmoss_interfaces/include/rmoss_interfaces/rmoss_interfaces/srv/detail/control_task__rosidl_typesupport_introspection_cpp.hpp
[27.395s] -- Symlinking: /home/yy/sight/pfa-nav/install/rmoss_interfaces/include/rmoss_interfaces/rmoss_interfaces/srv/detail/exchange_ammon__rosidl_typesupport_introspection_cpp.hpp
[27.404s] -- Symlinking: /home/yy/sight/pfa-nav/install/rmoss_interfaces/include/rmoss_interfaces/rmoss_interfaces/srv/detail/get_camera_info__rosidl_typesupport_introspection_cpp.hpp
[27.412s] -- Symlinking: /home/yy/sight/pfa-nav/install/rmoss_interfaces/include/rmoss_interfaces/rmoss_interfaces/srv/detail/get_mode__rosidl_typesupport_introspection_cpp.hpp
[27.420s] -- Symlinking: /home/yy/sight/pfa-nav/install/rmoss_interfaces/include/rmoss_interfaces/rmoss_interfaces/srv/detail/get_task_status__rosidl_typesupport_introspection_cpp.hpp
[27.431s] -- Symlinking: /home/yy/sight/pfa-nav/install/rmoss_interfaces/include/rmoss_interfaces/rmoss_interfaces/srv/detail/set_color__rosidl_typesupport_introspection_cpp.hpp
[27.439s] -- Symlinking: /home/yy/sight/pfa-nav/install/rmoss_interfaces/include/rmoss_interfaces/rmoss_interfaces/srv/detail/set_mode__rosidl_typesupport_introspection_cpp.hpp
[27.448s] -- Symlinking: /home/yy/sight/pfa-nav/install/rmoss_interfaces/share/rmoss_interfaces/environment/pythonpath.sh
[27.454s] -- Symlinking: /home/yy/sight/pfa-nav/install/rmoss_interfaces/share/rmoss_interfaces/environment/pythonpath.dsv
[27.466s] -- Symlinking: /home/yy/sight/pfa-nav/install/rmoss_interfaces/local/lib/python3.10/dist-packages/rmoss_interfaces-0.9.0-py3.10.egg-info/PKG-INFO
[27.475s] -- Symlinking: /home/yy/sight/pfa-nav/install/rmoss_interfaces/local/lib/python3.10/dist-packages/rmoss_interfaces-0.9.0-py3.10.egg-info/SOURCES.txt
[27.483s] -- Symlinking: /home/yy/sight/pfa-nav/install/rmoss_interfaces/local/lib/python3.10/dist-packages/rmoss_interfaces-0.9.0-py3.10.egg-info/dependency_links.txt
[27.493s] -- Symlinking: /home/yy/sight/pfa-nav/install/rmoss_interfaces/local/lib/python3.10/dist-packages/rmoss_interfaces-0.9.0-py3.10.egg-info/top_level.txt
[27.500s] -- Symlinking: /home/yy/sight/pfa-nav/install/rmoss_interfaces/local/lib/python3.10/dist-packages/rmoss_interfaces/__init__.py
[27.508s] -- Symlinking: /home/yy/sight/pfa-nav/install/rmoss_interfaces/local/lib/python3.10/dist-packages/rmoss_interfaces/_rmoss_interfaces_s.ep.rosidl_typesupport_c.c
[27.515s] -- Symlinking: /home/yy/sight/pfa-nav/install/rmoss_interfaces/local/lib/python3.10/dist-packages/rmoss_interfaces/_rmoss_interfaces_s.ep.rosidl_typesupport_fastrtps_c.c
[27.525s] -- Symlinking: /home/yy/sight/pfa-nav/install/rmoss_interfaces/local/lib/python3.10/dist-packages/rmoss_interfaces/_rmoss_interfaces_s.ep.rosidl_typesupport_introspection_c.c
[27.531s] -- Symlinking: /home/yy/sight/pfa-nav/install/rmoss_interfaces/local/lib/python3.10/dist-packages/rmoss_interfaces/librmoss_interfaces__rosidl_generator_py.so
[27.536s] -- Symlinking: /home/yy/sight/pfa-nav/install/rmoss_interfaces/local/lib/python3.10/dist-packages/rmoss_interfaces/msg/__init__.py
[27.544s] -- Symlinking: /home/yy/sight/pfa-nav/install/rmoss_interfaces/local/lib/python3.10/dist-packages/rmoss_interfaces/msg/_chassis_cmd.py
[27.550s] -- Symlinking: /home/yy/sight/pfa-nav/install/rmoss_interfaces/local/lib/python3.10/dist-packages/rmoss_interfaces/msg/_chassis_cmd_s.c
[27.559s] -- Symlinking: /home/yy/sight/pfa-nav/install/rmoss_interfaces/local/lib/python3.10/dist-packages/rmoss_interfaces/msg/_exchange_ammon.py
[27.564s] -- Symlinking: /home/yy/sight/pfa-nav/install/rmoss_interfaces/local/lib/python3.10/dist-packages/rmoss_interfaces/msg/_exchange_ammon_s.c
[27.570s] -- Symlinking: /home/yy/sight/pfa-nav/install/rmoss_interfaces/local/lib/python3.10/dist-packages/rmoss_interfaces/msg/_game_status.py
[27.575s] -- Symlinking: /home/yy/sight/pfa-nav/install/rmoss_interfaces/local/lib/python3.10/dist-packages/rmoss_interfaces/msg/_game_status_s.c
[27.581s] -- Symlinking: /home/yy/sight/pfa-nav/install/rmoss_interfaces/local/lib/python3.10/dist-packages/rmoss_interfaces/msg/_gimbal.py
[27.588s] -- Symlinking: /home/yy/sight/pfa-nav/install/rmoss_interfaces/local/lib/python3.10/dist-packages/rmoss_interfaces/msg/_gimbal_cmd.py
[27.595s] -- Symlinking: /home/yy/sight/pfa-nav/install/rmoss_interfaces/local/lib/python3.10/dist-packages/rmoss_interfaces/msg/_gimbal_cmd_s.c
[27.600s] -- Symlinking: /home/yy/sight/pfa-nav/install/rmoss_interfaces/local/lib/python3.10/dist-packages/rmoss_interfaces/msg/_gimbal_s.c
[27.606s] -- Symlinking: /home/yy/sight/pfa-nav/install/rmoss_interfaces/local/lib/python3.10/dist-packages/rmoss_interfaces/msg/_referee_cmd.py
[27.615s] -- Symlinking: /home/yy/sight/pfa-nav/install/rmoss_interfaces/local/lib/python3.10/dist-packages/rmoss_interfaces/msg/_referee_cmd_s.c
[27.621s] -- Symlinking: /home/yy/sight/pfa-nav/install/rmoss_interfaces/local/lib/python3.10/dist-packages/rmoss_interfaces/msg/_rfid_status.py
[27.629s] -- Symlinking: /home/yy/sight/pfa-nav/install/rmoss_interfaces/local/lib/python3.10/dist-packages/rmoss_interfaces/msg/_rfid_status_array.py
[27.635s] -- Symlinking: /home/yy/sight/pfa-nav/install/rmoss_interfaces/local/lib/python3.10/dist-packages/rmoss_interfaces/msg/_rfid_status_array_s.c
[27.640s] -- Symlinking: /home/yy/sight/pfa-nav/install/rmoss_interfaces/local/lib/python3.10/dist-packages/rmoss_interfaces/msg/_rfid_status_s.c
[27.646s] -- Symlinking: /home/yy/sight/pfa-nav/install/rmoss_interfaces/local/lib/python3.10/dist-packages/rmoss_interfaces/msg/_robot_status.py
[27.652s] -- Symlinking: /home/yy/sight/pfa-nav/install/rmoss_interfaces/local/lib/python3.10/dist-packages/rmoss_interfaces/msg/_robot_status_s.c
[27.661s] -- Symlinking: /home/yy/sight/pfa-nav/install/rmoss_interfaces/local/lib/python3.10/dist-packages/rmoss_interfaces/msg/_shoot_cmd.py
[27.666s] -- Symlinking: /home/yy/sight/pfa-nav/install/rmoss_interfaces/local/lib/python3.10/dist-packages/rmoss_interfaces/msg/_shoot_cmd_s.c
[27.672s] -- Symlinking: /home/yy/sight/pfa-nav/install/rmoss_interfaces/local/lib/python3.10/dist-packages/rmoss_interfaces/rmoss_interfaces_s__rosidl_typesupport_c.cpython-310-x86_64-linux-gnu.so
[27.677s] -- Symlinking: /home/yy/sight/pfa-nav/install/rmoss_interfaces/local/lib/python3.10/dist-packages/rmoss_interfaces/rmoss_interfaces_s__rosidl_typesupport_fastrtps_c.cpython-310-x86_64-linux-gnu.so
[27.685s] -- Symlinking: /home/yy/sight/pfa-nav/install/rmoss_interfaces/local/lib/python3.10/dist-packages/rmoss_interfaces/rmoss_interfaces_s__rosidl_typesupport_introspection_c.cpython-310-x86_64-linux-gnu.so
[27.693s] -- Symlinking: /home/yy/sight/pfa-nav/install/rmoss_interfaces/local/lib/python3.10/dist-packages/rmoss_interfaces/srv/__init__.py
[27.703s] -- Symlinking: /home/yy/sight/pfa-nav/install/rmoss_interfaces/local/lib/python3.10/dist-packages/rmoss_interfaces/srv/_control_task.py
[27.712s] -- Symlinking: /home/yy/sight/pfa-nav/install/rmoss_interfaces/local/lib/python3.10/dist-packages/rmoss_interfaces/srv/_control_task_s.c
[27.723s] -- Symlinking: /home/yy/sight/pfa-nav/install/rmoss_interfaces/local/lib/python3.10/dist-packages/rmoss_interfaces/srv/_exchange_ammon.py
[27.729s] -- Symlinking: /home/yy/sight/pfa-nav/install/rmoss_interfaces/local/lib/python3.10/dist-packages/rmoss_interfaces/srv/_exchange_ammon_s.c
[27.736s] -- Symlinking: /home/yy/sight/pfa-nav/install/rmoss_interfaces/local/lib/python3.10/dist-packages/rmoss_interfaces/srv/_get_camera_info.py
[27.744s] -- Symlinking: /home/yy/sight/pfa-nav/install/rmoss_interfaces/local/lib/python3.10/dist-packages/rmoss_interfaces/srv/_get_camera_info_s.c
[27.751s] -- Symlinking: /home/yy/sight/pfa-nav/install/rmoss_interfaces/local/lib/python3.10/dist-packages/rmoss_interfaces/srv/_get_mode.py
[27.757s] -- Symlinking: /home/yy/sight/pfa-nav/install/rmoss_interfaces/local/lib/python3.10/dist-packages/rmoss_interfaces/srv/_get_mode_s.c
[27.763s] -- Symlinking: /home/yy/sight/pfa-nav/install/rmoss_interfaces/local/lib/python3.10/dist-packages/rmoss_interfaces/srv/_get_task_status.py
[27.769s] -- Symlinking: /home/yy/sight/pfa-nav/install/rmoss_interfaces/local/lib/python3.10/dist-packages/rmoss_interfaces/srv/_get_task_status_s.c
[27.776s] -- Symlinking: /home/yy/sight/pfa-nav/install/rmoss_interfaces/local/lib/python3.10/dist-packages/rmoss_interfaces/srv/_set_color.py
[27.784s] -- Symlinking: /home/yy/sight/pfa-nav/install/rmoss_interfaces/local/lib/python3.10/dist-packages/rmoss_interfaces/srv/_set_color_s.c
[27.793s] -- Symlinking: /home/yy/sight/pfa-nav/install/rmoss_interfaces/local/lib/python3.10/dist-packages/rmoss_interfaces/srv/_set_mode.py
[27.800s] -- Symlinking: /home/yy/sight/pfa-nav/install/rmoss_interfaces/local/lib/python3.10/dist-packages/rmoss_interfaces/srv/_set_mode_s.c
[27.808s] -- Up-to-date symlink: /home/yy/sight/pfa-nav/install/rmoss_interfaces/local/lib/python3.10/dist-packages/rmoss_interfaces/rmoss_interfaces_s__rosidl_typesupport_fastrtps_c.cpython-310-x86_64-linux-gnu.so
[27.808s] -- Up-to-date symlink: /home/yy/sight/pfa-nav/install/rmoss_interfaces/local/lib/python3.10/dist-packages/rmoss_interfaces/rmoss_interfaces_s__rosidl_typesupport_introspection_c.cpython-310-x86_64-linux-gnu.so
[27.809s] -- Up-to-date symlink: /home/yy/sight/pfa-nav/install/rmoss_interfaces/local/lib/python3.10/dist-packages/rmoss_interfaces/rmoss_interfaces_s__rosidl_typesupport_c.cpython-310-x86_64-linux-gnu.so
[27.809s] -- Symlinking: /home/yy/sight/pfa-nav/install/rmoss_interfaces/share/rmoss_interfaces/msg/RefereeCmd.idl
[27.817s] -- Symlinking: /home/yy/sight/pfa-nav/install/rmoss_interfaces/share/rmoss_interfaces/msg/GameStatus.idl
[27.824s] -- Symlinking: /home/yy/sight/pfa-nav/install/rmoss_interfaces/share/rmoss_interfaces/msg/RobotStatus.idl
[27.830s] -- Symlinking: /home/yy/sight/pfa-nav/install/rmoss_interfaces/share/rmoss_interfaces/msg/RfidStatus.idl
[27.836s] -- Symlinking: /home/yy/sight/pfa-nav/install/rmoss_interfaces/share/rmoss_interfaces/msg/RfidStatusArray.idl
[27.842s] -- Symlinking: /home/yy/sight/pfa-nav/install/rmoss_interfaces/share/rmoss_interfaces/msg/ExchangeAmmon.idl
[27.847s] -- Symlinking: /home/yy/sight/pfa-nav/install/rmoss_interfaces/share/rmoss_interfaces/msg/Gimbal.idl
[27.853s] -- Symlinking: /home/yy/sight/pfa-nav/install/rmoss_interfaces/share/rmoss_interfaces/msg/GimbalCmd.idl
[27.860s] -- Symlinking: /home/yy/sight/pfa-nav/install/rmoss_interfaces/share/rmoss_interfaces/msg/ShootCmd.idl
[27.866s] -- Symlinking: /home/yy/sight/pfa-nav/install/rmoss_interfaces/share/rmoss_interfaces/msg/ChassisCmd.idl
[27.871s] -- Symlinking: /home/yy/sight/pfa-nav/install/rmoss_interfaces/share/rmoss_interfaces/srv/SetColor.idl
[27.875s] -- Symlinking: /home/yy/sight/pfa-nav/install/rmoss_interfaces/share/rmoss_interfaces/srv/SetMode.idl
[27.881s] -- Symlinking: /home/yy/sight/pfa-nav/install/rmoss_interfaces/share/rmoss_interfaces/srv/GetMode.idl
[27.887s] -- Symlinking: /home/yy/sight/pfa-nav/install/rmoss_interfaces/share/rmoss_interfaces/srv/GetCameraInfo.idl
[27.894s] -- Symlinking: /home/yy/sight/pfa-nav/install/rmoss_interfaces/share/rmoss_interfaces/srv/GetTaskStatus.idl
[27.900s] -- Symlinking: /home/yy/sight/pfa-nav/install/rmoss_interfaces/share/rmoss_interfaces/srv/ControlTask.idl
[27.905s] -- Symlinking: /home/yy/sight/pfa-nav/install/rmoss_interfaces/share/rmoss_interfaces/srv/ExchangeAmmon.idl
[27.911s] -- Symlinking: /home/yy/sight/pfa-nav/install/rmoss_interfaces/share/rmoss_interfaces/referee/RefereeCmd.msg
[27.918s] -- Symlinking: /home/yy/sight/pfa-nav/install/rmoss_interfaces/share/rmoss_interfaces/referee/GameStatus.msg
[27.926s] -- Symlinking: /home/yy/sight/pfa-nav/install/rmoss_interfaces/share/rmoss_interfaces/referee/RobotStatus.msg
[27.934s] -- Symlinking: /home/yy/sight/pfa-nav/install/rmoss_interfaces/share/rmoss_interfaces/referee/RfidStatus.msg
[27.942s] -- Symlinking: /home/yy/sight/pfa-nav/install/rmoss_interfaces/share/rmoss_interfaces/referee/RfidStatusArray.msg
[27.947s] -- Symlinking: /home/yy/sight/pfa-nav/install/rmoss_interfaces/share/rmoss_interfaces/referee/ExchangeAmmon.msg
[27.956s] -- Symlinking: /home/yy/sight/pfa-nav/install/rmoss_interfaces/share/rmoss_interfaces/msg/Gimbal.msg
[27.964s] -- Symlinking: /home/yy/sight/pfa-nav/install/rmoss_interfaces/share/rmoss_interfaces/msg/GimbalCmd.msg
[27.970s] -- Symlinking: /home/yy/sight/pfa-nav/install/rmoss_interfaces/share/rmoss_interfaces/msg/ShootCmd.msg
[27.975s] -- Symlinking: /home/yy/sight/pfa-nav/install/rmoss_interfaces/share/rmoss_interfaces/msg/ChassisCmd.msg
[27.981s] -- Symlinking: /home/yy/sight/pfa-nav/install/rmoss_interfaces/share/rmoss_interfaces/srv/SetColor.srv
[27.989s] -- Symlinking: /home/yy/sight/pfa-nav/install/rmoss_interfaces/share/rmoss_interfaces/srv/SetColor_Request.msg
[27.995s] -- Symlinking: /home/yy/sight/pfa-nav/install/rmoss_interfaces/share/rmoss_interfaces/srv/SetColor_Response.msg
[28.004s] -- Symlinking: /home/yy/sight/pfa-nav/install/rmoss_interfaces/share/rmoss_interfaces/srv/SetMode.srv
[28.013s] -- Symlinking: /home/yy/sight/pfa-nav/install/rmoss_interfaces/share/rmoss_interfaces/srv/SetMode_Request.msg
[28.020s] -- Symlinking: /home/yy/sight/pfa-nav/install/rmoss_interfaces/share/rmoss_interfaces/srv/SetMode_Response.msg
[28.028s] -- Symlinking: /home/yy/sight/pfa-nav/install/rmoss_interfaces/share/rmoss_interfaces/srv/GetMode.srv
[28.033s] -- Symlinking: /home/yy/sight/pfa-nav/install/rmoss_interfaces/share/rmoss_interfaces/srv/GetMode_Request.msg
[28.041s] -- Symlinking: /home/yy/sight/pfa-nav/install/rmoss_interfaces/share/rmoss_interfaces/srv/GetMode_Response.msg
[28.049s] -- Symlinking: /home/yy/sight/pfa-nav/install/rmoss_interfaces/share/rmoss_interfaces/srv/GetCameraInfo.srv
[28.058s] -- Symlinking: /home/yy/sight/pfa-nav/install/rmoss_interfaces/share/rmoss_interfaces/srv/GetCameraInfo_Request.msg
[28.066s] -- Symlinking: /home/yy/sight/pfa-nav/install/rmoss_interfaces/share/rmoss_interfaces/srv/GetCameraInfo_Response.msg
[28.074s] -- Symlinking: /home/yy/sight/pfa-nav/install/rmoss_interfaces/share/rmoss_interfaces/srv/GetTaskStatus.srv
[28.081s] -- Symlinking: /home/yy/sight/pfa-nav/install/rmoss_interfaces/share/rmoss_interfaces/srv/GetTaskStatus_Request.msg
[28.087s] -- Symlinking: /home/yy/sight/pfa-nav/install/rmoss_interfaces/share/rmoss_interfaces/srv/GetTaskStatus_Response.msg
[28.096s] -- Symlinking: /home/yy/sight/pfa-nav/install/rmoss_interfaces/share/rmoss_interfaces/srv/ControlTask.srv
[28.106s] -- Symlinking: /home/yy/sight/pfa-nav/install/rmoss_interfaces/share/rmoss_interfaces/srv/ControlTask_Request.msg
[28.113s] -- Symlinking: /home/yy/sight/pfa-nav/install/rmoss_interfaces/share/rmoss_interfaces/srv/ControlTask_Response.msg
[28.122s] -- Symlinking: /home/yy/sight/pfa-nav/install/rmoss_interfaces/share/rmoss_interfaces/srv/ExchangeAmmon.srv
[28.128s] -- Symlinking: /home/yy/sight/pfa-nav/install/rmoss_interfaces/share/rmoss_interfaces/srv/ExchangeAmmon_Request.msg
[28.137s] -- Symlinking: /home/yy/sight/pfa-nav/install/rmoss_interfaces/share/rmoss_interfaces/srv/ExchangeAmmon_Response.msg
[28.142s] -- Symlinking: /home/yy/sight/pfa-nav/install/rmoss_interfaces/share/ament_index/resource_index/package_run_dependencies/rmoss_interfaces
[28.148s] -- Symlinking: /home/yy/sight/pfa-nav/install/rmoss_interfaces/share/ament_index/resource_index/parent_prefix_path/rmoss_interfaces
[28.156s] -- Symlinking: /home/yy/sight/pfa-nav/install/rmoss_interfaces/share/rmoss_interfaces/environment/ament_prefix_path.sh
[28.164s] -- Symlinking: /home/yy/sight/pfa-nav/install/rmoss_interfaces/share/rmoss_interfaces/environment/ament_prefix_path.dsv
[28.173s] -- Symlinking: /home/yy/sight/pfa-nav/install/rmoss_interfaces/share/rmoss_interfaces/environment/path.sh
[28.180s] -- Symlinking: /home/yy/sight/pfa-nav/install/rmoss_interfaces/share/rmoss_interfaces/environment/path.dsv
[28.186s] -- Symlinking: /home/yy/sight/pfa-nav/install/rmoss_interfaces/share/rmoss_interfaces/local_setup.bash
[28.192s] -- Symlinking: /home/yy/sight/pfa-nav/install/rmoss_interfaces/share/rmoss_interfaces/local_setup.sh
[28.197s] -- Symlinking: /home/yy/sight/pfa-nav/install/rmoss_interfaces/share/rmoss_interfaces/local_setup.zsh
[28.203s] -- Symlinking: /home/yy/sight/pfa-nav/install/rmoss_interfaces/share/rmoss_interfaces/local_setup.dsv
[28.208s] -- Symlinking: /home/yy/sight/pfa-nav/install/rmoss_interfaces/share/rmoss_interfaces/package.dsv
[28.214s] -- Symlinking: /home/yy/sight/pfa-nav/install/rmoss_interfaces/share/ament_index/resource_index/packages/rmoss_interfaces
[28.221s] -- Symlinking: /home/yy/sight/pfa-nav/install/rmoss_interfaces/share/rmoss_interfaces/cmake/rosidl_cmake-extras.cmake
[28.230s] -- Symlinking: /home/yy/sight/pfa-nav/install/rmoss_interfaces/share/rmoss_interfaces/cmake/ament_cmake_export_dependencies-extras.cmake
[28.239s] -- Symlinking: /home/yy/sight/pfa-nav/install/rmoss_interfaces/share/rmoss_interfaces/cmake/ament_cmake_export_include_directories-extras.cmake
[28.248s] -- Symlinking: /home/yy/sight/pfa-nav/install/rmoss_interfaces/share/rmoss_interfaces/cmake/ament_cmake_export_libraries-extras.cmake
[28.254s] -- Symlinking: /home/yy/sight/pfa-nav/install/rmoss_interfaces/share/rmoss_interfaces/cmake/ament_cmake_export_targets-extras.cmake
[28.264s] -- Symlinking: /home/yy/sight/pfa-nav/install/rmoss_interfaces/share/rmoss_interfaces/cmake/rosidl_cmake_export_typesupport_targets-extras.cmake
[28.272s] -- Symlinking: /home/yy/sight/pfa-nav/install/rmoss_interfaces/share/rmoss_interfaces/cmake/rosidl_cmake_export_typesupport_libraries-extras.cmake
[28.281s] -- Symlinking: /home/yy/sight/pfa-nav/install/rmoss_interfaces/share/rmoss_interfaces/cmake/rmoss_interfacesConfig.cmake
[28.287s] -- Symlinking: /home/yy/sight/pfa-nav/install/rmoss_interfaces/share/rmoss_interfaces/cmake/rmoss_interfacesConfig-version.cmake
[28.299s] -- Symlinking: /home/yy/sight/pfa-nav/install/rmoss_interfaces/share/rmoss_interfaces/package.xml
[28.306s] -- Installing: /home/yy/sight/pfa-nav/install/rmoss_interfaces/lib/librmoss_interfaces__rosidl_generator_c.so
[28.307s] -- Set runtime path of "/home/yy/sight/pfa-nav/install/rmoss_interfaces/lib/librmoss_interfaces__rosidl_generator_c.so" to ""
[28.307s] -- Installing: /home/yy/sight/pfa-nav/install/rmoss_interfaces/lib/librmoss_interfaces__rosidl_typesupport_fastrtps_c.so
[28.307s] -- Set runtime path of "/home/yy/sight/pfa-nav/install/rmoss_interfaces/lib/librmoss_interfaces__rosidl_typesupport_fastrtps_c.so" to ""
[28.307s] -- Installing: /home/yy/sight/pfa-nav/install/rmoss_interfaces/lib/librmoss_interfaces__rosidl_typesupport_fastrtps_cpp.so
[28.308s] -- Set runtime path of "/home/yy/sight/pfa-nav/install/rmoss_interfaces/lib/librmoss_interfaces__rosidl_typesupport_fastrtps_cpp.so" to ""
[28.308s] -- Installing: /home/yy/sight/pfa-nav/install/rmoss_interfaces/lib/librmoss_interfaces__rosidl_typesupport_introspection_c.so
[28.308s] -- Set runtime path of "/home/yy/sight/pfa-nav/install/rmoss_interfaces/lib/librmoss_interfaces__rosidl_typesupport_introspection_c.so" to ""
[28.308s] -- Installing: /home/yy/sight/pfa-nav/install/rmoss_interfaces/lib/librmoss_interfaces__rosidl_typesupport_c.so
[28.308s] -- Set runtime path of "/home/yy/sight/pfa-nav/install/rmoss_interfaces/lib/librmoss_interfaces__rosidl_typesupport_c.so" to ""
[28.308s] -- Installing: /home/yy/sight/pfa-nav/install/rmoss_interfaces/lib/librmoss_interfaces__rosidl_typesupport_introspection_cpp.so
[28.309s] -- Set runtime path of "/home/yy/sight/pfa-nav/install/rmoss_interfaces/lib/librmoss_interfaces__rosidl_typesupport_introspection_cpp.so" to ""
[28.309s] -- Installing: /home/yy/sight/pfa-nav/install/rmoss_interfaces/lib/librmoss_interfaces__rosidl_typesupport_cpp.so
[28.309s] -- Set runtime path of "/home/yy/sight/pfa-nav/install/rmoss_interfaces/lib/librmoss_interfaces__rosidl_typesupport_cpp.so" to ""
[28.365s] Listing '/home/yy/sight/pfa-nav/install/rmoss_interfaces/local/lib/python3.10/dist-packages/rmoss_interfaces'...
[28.365s] Compiling '/home/yy/sight/pfa-nav/install/rmoss_interfaces/local/lib/python3.10/dist-packages/rmoss_interfaces/__init__.py'...
[28.365s] Listing '/home/yy/sight/pfa-nav/install/rmoss_interfaces/local/lib/python3.10/dist-packages/rmoss_interfaces/msg'...
[28.365s] Compiling '/home/yy/sight/pfa-nav/install/rmoss_interfaces/local/lib/python3.10/dist-packages/rmoss_interfaces/msg/__init__.py'...
[28.365s] Compiling '/home/yy/sight/pfa-nav/install/rmoss_interfaces/local/lib/python3.10/dist-packages/rmoss_interfaces/msg/_chassis_cmd.py'...
[28.365s] Compiling '/home/yy/sight/pfa-nav/install/rmoss_interfaces/local/lib/python3.10/dist-packages/rmoss_interfaces/msg/_exchange_ammon.py'...
[28.365s] Compiling '/home/yy/sight/pfa-nav/install/rmoss_interfaces/local/lib/python3.10/dist-packages/rmoss_interfaces/msg/_game_status.py'...
[28.365s] Compiling '/home/yy/sight/pfa-nav/install/rmoss_interfaces/local/lib/python3.10/dist-packages/rmoss_interfaces/msg/_gimbal.py'...
[28.365s] Compiling '/home/yy/sight/pfa-nav/install/rmoss_interfaces/local/lib/python3.10/dist-packages/rmoss_interfaces/msg/_gimbal_cmd.py'...
[28.366s] Compiling '/home/yy/sight/pfa-nav/install/rmoss_interfaces/local/lib/python3.10/dist-packages/rmoss_interfaces/msg/_referee_cmd.py'...
[28.366s] Compiling '/home/yy/sight/pfa-nav/install/rmoss_interfaces/local/lib/python3.10/dist-packages/rmoss_interfaces/msg/_rfid_status.py'...
[28.366s] Compiling '/home/yy/sight/pfa-nav/install/rmoss_interfaces/local/lib/python3.10/dist-packages/rmoss_interfaces/msg/_rfid_status_array.py'...
[28.366s] Compiling '/home/yy/sight/pfa-nav/install/rmoss_interfaces/local/lib/python3.10/dist-packages/rmoss_interfaces/msg/_robot_status.py'...
[28.366s] Compiling '/home/yy/sight/pfa-nav/install/rmoss_interfaces/local/lib/python3.10/dist-packages/rmoss_interfaces/msg/_shoot_cmd.py'...
[28.366s] Listing '/home/yy/sight/pfa-nav/install/rmoss_interfaces/local/lib/python3.10/dist-packages/rmoss_interfaces/srv'...
[28.366s] Compiling '/home/yy/sight/pfa-nav/install/rmoss_interfaces/local/lib/python3.10/dist-packages/rmoss_interfaces/srv/__init__.py'...
[28.366s] Compiling '/home/yy/sight/pfa-nav/install/rmoss_interfaces/local/lib/python3.10/dist-packages/rmoss_interfaces/srv/_control_task.py'...
[28.366s] Compiling '/home/yy/sight/pfa-nav/install/rmoss_interfaces/local/lib/python3.10/dist-packages/rmoss_interfaces/srv/_exchange_ammon.py'...
[28.366s] Compiling '/home/yy/sight/pfa-nav/install/rmoss_interfaces/local/lib/python3.10/dist-packages/rmoss_interfaces/srv/_get_camera_info.py'...
[28.366s] Compiling '/home/yy/sight/pfa-nav/install/rmoss_interfaces/local/lib/python3.10/dist-packages/rmoss_interfaces/srv/_get_mode.py'...
[28.366s] Compiling '/home/yy/sight/pfa-nav/install/rmoss_interfaces/local/lib/python3.10/dist-packages/rmoss_interfaces/srv/_get_task_status.py'...
[28.366s] Compiling '/home/yy/sight/pfa-nav/install/rmoss_interfaces/local/lib/python3.10/dist-packages/rmoss_interfaces/srv/_set_color.py'...
[28.366s] Compiling '/home/yy/sight/pfa-nav/install/rmoss_interfaces/local/lib/python3.10/dist-packages/rmoss_interfaces/srv/_set_mode.py'...
[28.370s] -- Installing: /home/yy/sight/pfa-nav/install/rmoss_interfaces/lib/librmoss_interfaces__rosidl_generator_py.so
[28.370s] -- Set runtime path of "/home/yy/sight/pfa-nav/install/rmoss_interfaces/lib/librmoss_interfaces__rosidl_generator_py.so" to ""
[28.371s] -- Installing: /home/yy/sight/pfa-nav/install/rmoss_interfaces/share/rmoss_interfaces/cmake/export_rmoss_interfaces__rosidl_generator_cExport.cmake
[28.371s] -- Installing: /home/yy/sight/pfa-nav/install/rmoss_interfaces/share/rmoss_interfaces/cmake/export_rmoss_interfaces__rosidl_generator_cExport-release.cmake
[28.371s] -- Installing: /home/yy/sight/pfa-nav/install/rmoss_interfaces/share/rmoss_interfaces/cmake/export_rmoss_interfaces__rosidl_typesupport_fastrtps_cExport.cmake
[28.371s] -- Installing: /home/yy/sight/pfa-nav/install/rmoss_interfaces/share/rmoss_interfaces/cmake/export_rmoss_interfaces__rosidl_typesupport_fastrtps_cExport-release.cmake
[28.371s] -- Installing: /home/yy/sight/pfa-nav/install/rmoss_interfaces/share/rmoss_interfaces/cmake/export_rmoss_interfaces__rosidl_generator_cppExport.cmake
[28.371s] -- Installing: /home/yy/sight/pfa-nav/install/rmoss_interfaces/share/rmoss_interfaces/cmake/export_rmoss_interfaces__rosidl_typesupport_fastrtps_cppExport.cmake
[28.371s] -- Installing: /home/yy/sight/pfa-nav/install/rmoss_interfaces/share/rmoss_interfaces/cmake/export_rmoss_interfaces__rosidl_typesupport_fastrtps_cppExport-release.cmake
[28.371s] -- Installing: /home/yy/sight/pfa-nav/install/rmoss_interfaces/share/rmoss_interfaces/cmake/rmoss_interfaces__rosidl_typesupport_introspection_cExport.cmake
[28.371s] -- Installing: /home/yy/sight/pfa-nav/install/rmoss_interfaces/share/rmoss_interfaces/cmake/rmoss_interfaces__rosidl_typesupport_introspection_cExport-release.cmake
[28.371s] -- Installing: /home/yy/sight/pfa-nav/install/rmoss_interfaces/share/rmoss_interfaces/cmake/rmoss_interfaces__rosidl_typesupport_cExport.cmake
[28.372s] -- Installing: /home/yy/sight/pfa-nav/install/rmoss_interfaces/share/rmoss_interfaces/cmake/rmoss_interfaces__rosidl_typesupport_cExport-release.cmake
[28.372s] -- Installing: /home/yy/sight/pfa-nav/install/rmoss_interfaces/share/rmoss_interfaces/cmake/rmoss_interfaces__rosidl_typesupport_introspection_cppExport.cmake
[28.372s] -- Installing: /home/yy/sight/pfa-nav/install/rmoss_interfaces/share/rmoss_interfaces/cmake/rmoss_interfaces__rosidl_typesupport_introspection_cppExport-release.cmake
[28.372s] -- Installing: /home/yy/sight/pfa-nav/install/rmoss_interfaces/share/rmoss_interfaces/cmake/rmoss_interfaces__rosidl_typesupport_cppExport.cmake
[28.372s] -- Installing: /home/yy/sight/pfa-nav/install/rmoss_interfaces/share/rmoss_interfaces/cmake/rmoss_interfaces__rosidl_typesupport_cppExport-release.cmake
[28.372s] -- Installing: /home/yy/sight/pfa-nav/install/rmoss_interfaces/share/rmoss_interfaces/cmake/export_rmoss_interfaces__rosidl_generator_pyExport.cmake
[28.372s] -- Installing: /home/yy/sight/pfa-nav/install/rmoss_interfaces/share/rmoss_interfaces/cmake/export_rmoss_interfaces__rosidl_generator_pyExport-release.cmake
[28.375s] Invoked command in '/home/yy/sight/pfa-nav/build/rmoss_interfaces' returned '0': CMAKE_PREFIX_PATH=/opt/ros/humble /usr/bin/cmake --install /home/yy/sight/pfa-nav/build/rmoss_interfaces
