[0.004s] Invoking command in '/home/yy/sight/pfa-nav/build/pointcloud_to_laserscan': CMAKE_PREFIX_PATH=/opt/ros/humble /usr/bin/cmake --build /home/yy/sight/pfa-nav/build/pointcloud_to_laserscan -- -j20 -l20
[0.022s] -- Found ament_cmake_auto: 1.3.12 (/opt/ros/humble/share/ament_cmake_auto/cmake)
[0.081s] -- Override CMake install command with custom implementation using symlinks instead of copying resources
[0.132s] -- Found rosidl_generator_c: 3.1.7 (/opt/ros/humble/share/rosidl_generator_c/cmake)
[0.133s] -- Found rosidl_adapter: 3.1.7 (/opt/ros/humble/share/rosidl_adapter/cmake)
[0.136s] -- Found rosidl_generator_cpp: 3.1.7 (/opt/ros/humble/share/rosidl_generator_cpp/cmake)
[0.140s] -- Using all available rosidl_typesupport_c: rosidl_typesupport_fastrtps_c;rosidl_typesupport_introspection_c
[0.146s] -- Using all available rosidl_typesupport_cpp: rosidl_typesupport_fastrtps_cpp;rosidl_typesupport_introspection_cpp
[0.161s] -- Found rmw_implementation_cmake: 6.1.2 (/opt/ros/humble/share/rmw_implementation_cmake/cmake)
[0.161s] -- Found rmw_fastrtps_cpp: 6.2.9 (/opt/ros/humble/share/rmw_fastrtps_cpp/cmake)
[0.212s] -- Using RMW implementation 'rmw_fastrtps_cpp' as default
[0.297s] -- Found ament_lint_auto: 0.12.14 (/opt/ros/humble/share/ament_lint_auto/cmake)
[0.299s] [0mIn this package, headers install destination is set to `include` by ament_auto_package. It is recommended to install `include/pointcloud_to_laserscan` instead and will be the default behavior of ament_auto_package from ROS 2 Kilted Kaiju. On distributions before Kilted, ament_auto_package behaves the same way when you use USE_SCOPED_HEADER_INSTALL_DIR option.[0m
[0.302s] -- Added test 'cppcheck' to perform static code analysis on C / C++ code
[0.302s] -- Configured cppcheck include dirs: /home/yy/sight/pfa-nav/src/pb2025_sentry_nav/pointcloud_to_laserscan/include
[0.302s] -- Configured cppcheck exclude dirs and/or files: 
[0.302s] -- Added test 'cpplint' to check C / C++ code against the Google style
[0.302s] -- Configured cpplint exclude dirs and/or files: 
[0.303s] -- Added test 'flake8' to check Python code syntax and style conventions
[0.303s] -- Added test 'lint_cmake' to check CMake code style
[0.303s] -- Added test 'pep257' to check Python code against some of the docstring style conventions in PEP 257
[0.303s] -- Added test 'uncrustify' to check C / C++ code style
[0.303s] -- Configured uncrustify additional arguments: 
[0.303s] -- Added test 'xmllint' to check XML markup files
[0.305s] -- Configuring done
[0.326s] -- Generating done
[0.331s] -- Build files have been written to: /home/yy/sight/pfa-nav/build/pointcloud_to_laserscan
[0.349s] [35m[1mConsolidate compiler generated dependencies of target pointcloud_to_laserscan_node[0m
[0.349s] [35m[1mConsolidate compiler generated dependencies of target laserscan_to_pointcloud_node[0m
[0.349s] [35m[1mConsolidate compiler generated dependencies of target laserscan_to_pointcloud[0m
[0.360s] [ 20%] Built target laserscan_to_pointcloud_node
[0.362s] [ 40%] Built target pointcloud_to_laserscan_node
[0.363s] [ 50%] [32mBuilding CXX object CMakeFiles/laserscan_to_pointcloud.dir/src/laserscan_to_pointcloud_node.cpp.o[0m
[7.187s] [ 60%] [32m[1mLinking CXX shared library liblaserscan_to_pointcloud.so[0m
[7.275s] [ 60%] Built target laserscan_to_pointcloud
[7.283s] [35m[1mConsolidate compiler generated dependencies of target pointcloud_to_laserscan[0m
[7.295s] [ 70%] [32mBuilding CXX object CMakeFiles/pointcloud_to_laserscan.dir/src/pointcloud_to_laserscan_node.cpp.o[0m
[14.204s] [ 80%] [32m[1mLinking CXX shared library libpointcloud_to_laserscan.so[0m
[14.299s] [ 80%] Built target pointcloud_to_laserscan
[14.394s] [35m[1mConsolidate compiler generated dependencies of target dummy_pointcloud_publisher[0m
[14.405s] [ 90%] [32m[1mLinking CXX executable dummy_pointcloud_publisher[0m
[14.486s] [100%] Built target dummy_pointcloud_publisher
[14.494s] Invoked command in '/home/yy/sight/pfa-nav/build/pointcloud_to_laserscan' returned '0': CMAKE_PREFIX_PATH=/opt/ros/humble /usr/bin/cmake --build /home/yy/sight/pfa-nav/build/pointcloud_to_laserscan -- -j20 -l20
[14.495s] Invoking command in '/home/yy/sight/pfa-nav/build/pointcloud_to_laserscan': CMAKE_PREFIX_PATH=/opt/ros/humble /usr/bin/cmake --install /home/yy/sight/pfa-nav/build/pointcloud_to_laserscan
[14.499s] -- Install configuration: "Release"
[14.499s] -- Execute custom install script
[14.499s] -- Up-to-date symlink: /home/yy/sight/pfa-nav/install/pointcloud_to_laserscan/lib/pointcloud_to_laserscan/laserscan_to_pointcloud_node
[14.500s] -- Up-to-date symlink: /home/yy/sight/pfa-nav/install/pointcloud_to_laserscan/lib/pointcloud_to_laserscan/pointcloud_to_laserscan_node
[14.500s] -- Up-to-date symlink: /home/yy/sight/pfa-nav/install/pointcloud_to_laserscan/include/pointcloud_to_laserscan/laserscan_to_pointcloud_node.hpp
[14.500s] -- Up-to-date symlink: /home/yy/sight/pfa-nav/install/pointcloud_to_laserscan/include/pointcloud_to_laserscan/pointcloud_to_laserscan_node.hpp
[14.500s] -- Up-to-date symlink: /home/yy/sight/pfa-nav/install/pointcloud_to_laserscan/include/pointcloud_to_laserscan/visibility_control.h
[14.500s] -- Up-to-date symlink: /home/yy/sight/pfa-nav/install/pointcloud_to_laserscan/share/pointcloud_to_laserscan/environment/library_path.sh
[14.500s] -- Up-to-date symlink: /home/yy/sight/pfa-nav/install/pointcloud_to_laserscan/share/pointcloud_to_laserscan/environment/library_path.dsv
[14.500s] -- Up-to-date symlink: /home/yy/sight/pfa-nav/install/pointcloud_to_laserscan/lib/liblaserscan_to_pointcloud.so
[14.500s] -- Up-to-date symlink: /home/yy/sight/pfa-nav/install/pointcloud_to_laserscan/lib/libpointcloud_to_laserscan.so
[14.500s] -- Up-to-date symlink: /home/yy/sight/pfa-nav/install/pointcloud_to_laserscan/lib/pointcloud_to_laserscan/dummy_pointcloud_publisher
[14.500s] -- Up-to-date symlink: /home/yy/sight/pfa-nav/install/pointcloud_to_laserscan/share/pointcloud_to_laserscan/launch/sample_laserscan_to_pointcloud_launch.py
[14.500s] -- Up-to-date symlink: /home/yy/sight/pfa-nav/install/pointcloud_to_laserscan/share/pointcloud_to_laserscan/launch/sample_pointcloud_to_laserscan_launch.py
[14.500s] -- Up-to-date symlink: /home/yy/sight/pfa-nav/install/pointcloud_to_laserscan/share/ament_index/resource_index/package_run_dependencies/pointcloud_to_laserscan
[14.500s] -- Up-to-date symlink: /home/yy/sight/pfa-nav/install/pointcloud_to_laserscan/share/ament_index/resource_index/parent_prefix_path/pointcloud_to_laserscan
[14.500s] -- Up-to-date symlink: /home/yy/sight/pfa-nav/install/pointcloud_to_laserscan/share/pointcloud_to_laserscan/environment/ament_prefix_path.sh
[14.500s] -- Up-to-date symlink: /home/yy/sight/pfa-nav/install/pointcloud_to_laserscan/share/pointcloud_to_laserscan/environment/ament_prefix_path.dsv
[14.501s] -- Up-to-date symlink: /home/yy/sight/pfa-nav/install/pointcloud_to_laserscan/share/pointcloud_to_laserscan/environment/path.sh
[14.501s] -- Up-to-date symlink: /home/yy/sight/pfa-nav/install/pointcloud_to_laserscan/share/pointcloud_to_laserscan/environment/path.dsv
[14.501s] -- Up-to-date symlink: /home/yy/sight/pfa-nav/install/pointcloud_to_laserscan/share/pointcloud_to_laserscan/local_setup.bash
[14.501s] -- Up-to-date symlink: /home/yy/sight/pfa-nav/install/pointcloud_to_laserscan/share/pointcloud_to_laserscan/local_setup.sh
[14.501s] -- Up-to-date symlink: /home/yy/sight/pfa-nav/install/pointcloud_to_laserscan/share/pointcloud_to_laserscan/local_setup.zsh
[14.501s] -- Up-to-date symlink: /home/yy/sight/pfa-nav/install/pointcloud_to_laserscan/share/pointcloud_to_laserscan/local_setup.dsv
[14.501s] -- Symlinking: /home/yy/sight/pfa-nav/install/pointcloud_to_laserscan/share/pointcloud_to_laserscan/package.dsv
[14.507s] -- Up-to-date symlink: /home/yy/sight/pfa-nav/install/pointcloud_to_laserscan/share/ament_index/resource_index/packages/pointcloud_to_laserscan
[14.507s] -- Up-to-date symlink: /home/yy/sight/pfa-nav/install/pointcloud_to_laserscan/share/ament_index/resource_index/rclcpp_components/pointcloud_to_laserscan
[14.507s] -- Up-to-date symlink: /home/yy/sight/pfa-nav/install/pointcloud_to_laserscan/share/pointcloud_to_laserscan/cmake/ament_cmake_export_dependencies-extras.cmake
[14.507s] -- Up-to-date symlink: /home/yy/sight/pfa-nav/install/pointcloud_to_laserscan/share/pointcloud_to_laserscan/cmake/ament_cmake_export_include_directories-extras.cmake
[14.507s] -- Up-to-date symlink: /home/yy/sight/pfa-nav/install/pointcloud_to_laserscan/share/pointcloud_to_laserscan/cmake/ament_cmake_export_libraries-extras.cmake
[14.507s] -- Up-to-date symlink: /home/yy/sight/pfa-nav/install/pointcloud_to_laserscan/share/pointcloud_to_laserscan/cmake/pointcloud_to_laserscanConfig.cmake
[14.508s] -- Up-to-date symlink: /home/yy/sight/pfa-nav/install/pointcloud_to_laserscan/share/pointcloud_to_laserscan/cmake/pointcloud_to_laserscanConfig-version.cmake
[14.508s] -- Up-to-date symlink: /home/yy/sight/pfa-nav/install/pointcloud_to_laserscan/share/pointcloud_to_laserscan/package.xml
[14.509s] Invoked command in '/home/yy/sight/pfa-nav/build/pointcloud_to_laserscan' returned '0': CMAKE_PREFIX_PATH=/opt/ros/humble /usr/bin/cmake --install /home/yy/sight/pfa-nav/build/pointcloud_to_laserscan
