[0.281s] Invoking command in '/home/yy/sight/pfa-nav/build/fake_vel_transform': CMAKE_PREFIX_PATH=/opt/ros/humble /usr/bin/cmake /home/yy/sight/pfa-nav/src/pb2025_sentry_nav/fake_vel_transform -DCMAKE_BUILD_TYPE=Release -DAMENT_CMAKE_SYMLINK_INSTALL=1 -DCMAKE_INSTALL_PREFIX=/home/yy/sight/pfa-nav/install/fake_vel_transform
[1.286s] -- The C compiler identification is GNU 11.4.0
[1.286s] -- The CXX compiler identification is GNU 11.4.0
[1.287s] -- Detecting C compiler ABI info
[1.287s] -- Detecting C compiler ABI info - done
[1.287s] -- Check for working C compiler: /usr/bin/cc - skipped
[1.287s] -- Detecting C compile features
[1.287s] -- Detecting C compile features - done
[1.287s] -- Detecting CXX compiler ABI info
[1.287s] -- Detecting CXX compiler ABI info - done
[1.287s] -- Check for working CXX compiler: /usr/bin/c++ - skipped
[1.287s] -- Detecting CXX compile features
[1.287s] -- Detecting CXX compile features - done
[1.287s] -- Found ament_cmake_auto: 1.3.12 (/opt/ros/humble/share/ament_cmake_auto/cmake)
[1.287s] -- Found Python3: /usr/bin/python3 (found version "3.10.12") found components: Interpreter 
[1.287s] -- Override CMake install command with custom implementation using symlinks instead of copying resources
[1.287s] -- Found rosidl_generator_c: 3.1.7 (/opt/ros/humble/share/rosidl_generator_c/cmake)
[1.287s] -- Found rosidl_adapter: 3.1.7 (/opt/ros/humble/share/rosidl_adapter/cmake)
[1.287s] -- Found rosidl_generator_cpp: 3.1.7 (/opt/ros/humble/share/rosidl_generator_cpp/cmake)
[1.287s] -- Using all available rosidl_typesupport_c: rosidl_typesupport_fastrtps_c;rosidl_typesupport_introspection_c
[1.287s] -- Using all available rosidl_typesupport_cpp: rosidl_typesupport_fastrtps_cpp;rosidl_typesupport_introspection_cpp
[1.287s] -- Found rmw_implementation_cmake: 6.1.2 (/opt/ros/humble/share/rmw_implementation_cmake/cmake)
[1.287s] -- Found rmw_fastrtps_cpp: 6.2.8 (/opt/ros/humble/share/rmw_fastrtps_cpp/cmake)
[1.287s] -- Found OpenSSL: /usr/lib/x86_64-linux-gnu/libcrypto.so (found version "3.0.2")  
[1.287s] -- Found FastRTPS: /opt/ros/humble/include  
[1.287s] -- Using RMW implementation 'rmw_fastrtps_cpp' as default
[1.287s] -- Looking for pthread.h
[1.288s] -- Looking for pthread.h - found
[1.288s] -- Performing Test CMAKE_HAVE_LIBC_PTHREAD
[1.288s] -- Performing Test CMAKE_HAVE_LIBC_PTHREAD - Success
[1.288s] -- Found Threads: TRUE  
[1.408s] -- Found eigen3_cmake_module: 0.1.1 (/opt/ros/humble/share/eigen3_cmake_module/cmake)
[1.409s] -- Found Eigen3: TRUE (found version "3.4.0") 
[1.409s] -- Ensuring Eigen3 include directory is part of orocos-kdl CMake target
[1.432s] -- Found ament_lint_auto: 0.12.14 (/opt/ros/humble/share/ament_lint_auto/cmake)
[1.446s] [0mIn this package, headers install destination is set to `include` by ament_auto_package. It is recommended to install `include/fake_vel_transform` instead and will be the default behavior of ament_auto_package from ROS 2 Kilted Kaiju. On distributions before Kilted, ament_auto_package behaves the same way when you use USE_SCOPED_HEADER_INSTALL_DIR option.[0m
[1.453s] -- Added test 'copyright' to check source files copyright and LICENSE
[1.454s] -- Added test 'cppcheck' to perform static code analysis on C / C++ code
[1.454s] -- Configured cppcheck include dirs: /home/yy/sight/pfa-nav/src/pb2025_sentry_nav/fake_vel_transform/include
[1.454s] -- Configured cppcheck exclude dirs and/or files: 
[1.454s] -- Added test 'cpplint' to check C / C++ code against the Google style
[1.454s] -- Configured cpplint exclude dirs and/or files: 
[1.455s] -- Added test 'lint_cmake' to check CMake code style
[1.455s] -- Added test 'pep257' to check Python code against some of the docstring style conventions in PEP 257
[1.456s] -- Added test 'xmllint' to check XML markup files
[1.457s] -- Added test 'clang_format' to check C / C++ code style
[1.457s] -- Added test 'black' to check Python code style
[1.459s] -- Configuring done
[1.476s] -- Generating done
[1.479s] -- Build files have been written to: /home/yy/sight/pfa-nav/build/fake_vel_transform
[1.498s] Invoked command in '/home/yy/sight/pfa-nav/build/fake_vel_transform' returned '0': CMAKE_PREFIX_PATH=/opt/ros/humble /usr/bin/cmake /home/yy/sight/pfa-nav/src/pb2025_sentry_nav/fake_vel_transform -DCMAKE_BUILD_TYPE=Release -DAMENT_CMAKE_SYMLINK_INSTALL=1 -DCMAKE_INSTALL_PREFIX=/home/yy/sight/pfa-nav/install/fake_vel_transform
[1.499s] Invoking command in '/home/yy/sight/pfa-nav/build/fake_vel_transform': CMAKE_PREFIX_PATH=/opt/ros/humble /usr/bin/cmake --build /home/yy/sight/pfa-nav/build/fake_vel_transform -- -j20 -l20
[2.017s] [ 25%] [32mBuilding CXX object CMakeFiles/fake_vel_transform.dir/src/fake_vel_transform.cpp.o[0m
[2.017s] [ 50%] [32mBuilding CXX object CMakeFiles/fake_vel_transform_node.dir/rclcpp_components/node_main_fake_vel_transform_node.cpp.o[0m
[8.970s] [ 75%] [32m[1mLinking CXX executable fake_vel_transform_node[0m
[9.471s] [ 75%] Built target fake_vel_transform_node
[31.914s] [100%] [32m[1mLinking CXX shared library libfake_vel_transform.so[0m
[32.090s] [100%] Built target fake_vel_transform
[32.101s] Invoked command in '/home/yy/sight/pfa-nav/build/fake_vel_transform' returned '0': CMAKE_PREFIX_PATH=/opt/ros/humble /usr/bin/cmake --build /home/yy/sight/pfa-nav/build/fake_vel_transform -- -j20 -l20
[32.101s] Invoking command in '/home/yy/sight/pfa-nav/build/fake_vel_transform': CMAKE_PREFIX_PATH=/opt/ros/humble /usr/bin/cmake --install /home/yy/sight/pfa-nav/build/fake_vel_transform
[32.272s] -- Install configuration: "Release"
[32.272s] -- Execute custom install script
[32.273s] -- Symlinking: /home/yy/sight/pfa-nav/install/fake_vel_transform/lib/fake_vel_transform/fake_vel_transform_node
[32.273s] -- Symlinking: /home/yy/sight/pfa-nav/install/fake_vel_transform/include/fake_vel_transform/fake_vel_transform.hpp
[32.273s] -- Symlinking: /home/yy/sight/pfa-nav/install/fake_vel_transform/share/fake_vel_transform/environment/library_path.sh
[32.273s] -- Symlinking: /home/yy/sight/pfa-nav/install/fake_vel_transform/share/fake_vel_transform/environment/library_path.dsv
[32.273s] -- Symlinking: /home/yy/sight/pfa-nav/install/fake_vel_transform/lib/libfake_vel_transform.so
[32.273s] -- Symlinking: /home/yy/sight/pfa-nav/install/fake_vel_transform/share/fake_vel_transform/launch/fake_vel_transform_launch.py
[32.273s] -- Symlinking: /home/yy/sight/pfa-nav/install/fake_vel_transform/share/ament_index/resource_index/package_run_dependencies/fake_vel_transform
[32.273s] -- Symlinking: /home/yy/sight/pfa-nav/install/fake_vel_transform/share/ament_index/resource_index/parent_prefix_path/fake_vel_transform
[32.273s] -- Symlinking: /home/yy/sight/pfa-nav/install/fake_vel_transform/share/fake_vel_transform/environment/ament_prefix_path.sh
[32.273s] -- Symlinking: /home/yy/sight/pfa-nav/install/fake_vel_transform/share/fake_vel_transform/environment/ament_prefix_path.dsv
[32.273s] -- Symlinking: /home/yy/sight/pfa-nav/install/fake_vel_transform/share/fake_vel_transform/environment/path.sh
[32.274s] -- Symlinking: /home/yy/sight/pfa-nav/install/fake_vel_transform/share/fake_vel_transform/environment/path.dsv
[32.274s] -- Symlinking: /home/yy/sight/pfa-nav/install/fake_vel_transform/share/fake_vel_transform/local_setup.bash
[32.274s] -- Symlinking: /home/yy/sight/pfa-nav/install/fake_vel_transform/share/fake_vel_transform/local_setup.sh
[32.274s] -- Symlinking: /home/yy/sight/pfa-nav/install/fake_vel_transform/share/fake_vel_transform/local_setup.zsh
[32.274s] -- Symlinking: /home/yy/sight/pfa-nav/install/fake_vel_transform/share/fake_vel_transform/local_setup.dsv
[32.274s] -- Symlinking: /home/yy/sight/pfa-nav/install/fake_vel_transform/share/fake_vel_transform/package.dsv
[32.274s] -- Symlinking: /home/yy/sight/pfa-nav/install/fake_vel_transform/share/ament_index/resource_index/packages/fake_vel_transform
[32.274s] -- Symlinking: /home/yy/sight/pfa-nav/install/fake_vel_transform/share/ament_index/resource_index/rclcpp_components/fake_vel_transform
[32.274s] -- Symlinking: /home/yy/sight/pfa-nav/install/fake_vel_transform/share/fake_vel_transform/cmake/ament_cmake_export_dependencies-extras.cmake
[32.274s] -- Symlinking: /home/yy/sight/pfa-nav/install/fake_vel_transform/share/fake_vel_transform/cmake/ament_cmake_export_include_directories-extras.cmake
[32.274s] -- Symlinking: /home/yy/sight/pfa-nav/install/fake_vel_transform/share/fake_vel_transform/cmake/ament_cmake_export_libraries-extras.cmake
[32.274s] -- Symlinking: /home/yy/sight/pfa-nav/install/fake_vel_transform/share/fake_vel_transform/cmake/fake_vel_transformConfig.cmake
[32.274s] -- Symlinking: /home/yy/sight/pfa-nav/install/fake_vel_transform/share/fake_vel_transform/cmake/fake_vel_transformConfig-version.cmake
[32.274s] -- Symlinking: /home/yy/sight/pfa-nav/install/fake_vel_transform/share/fake_vel_transform/package.xml
[32.288s] Invoked command in '/home/yy/sight/pfa-nav/build/fake_vel_transform' returned '0': CMAKE_PREFIX_PATH=/opt/ros/humble /usr/bin/cmake --install /home/yy/sight/pfa-nav/build/fake_vel_transform
