[0.278s] Invoking command in '/home/yy/sight/pfa-nav/build/pointcloud_to_laserscan': CMAKE_PREFIX_PATH=/opt/ros/humble /usr/bin/cmake /home/yy/sight/pfa-nav/src/pb2025_sentry_nav/pointcloud_to_laserscan -DCMAKE_BUILD_TYPE=Release -DAMENT_CMAKE_SYMLINK_INSTALL=1 -DCMAKE_INSTALL_PREFIX=/home/yy/sight/pfa-nav/install/pointcloud_to_laserscan
[0.327s] -- The C compiler identification is GNU 11.4.0
[0.392s] -- The CXX compiler identification is GNU 11.4.0
[0.395s] -- Detecting C compiler ABI info
[0.461s] -- Detecting C compiler ABI info - done
[0.476s] -- Check for working C compiler: /usr/bin/cc - skipped
[0.476s] -- Detecting C compile features
[0.476s] -- Detecting C compile features - done
[0.479s] -- Detecting CXX compiler ABI info
[0.559s] -- Detecting CXX compiler ABI info - done
[0.563s] -- Check for working CXX compiler: /usr/bin/c++ - skipped
[0.564s] -- Detecting CXX compile features
[0.564s] -- Detecting CXX compile features - done
[0.565s] -- Found ament_cmake_auto: 1.3.12 (/opt/ros/humble/share/ament_cmake_auto/cmake)
[0.681s] -- Found Python3: /usr/bin/python3 (found version "3.10.12") found components: Interpreter 
[0.737s] -- Override CMake install command with custom implementation using symlinks instead of copying resources
[0.863s] -- Found rosidl_generator_c: 3.1.7 (/opt/ros/humble/share/rosidl_generator_c/cmake)
[0.864s] -- Found rosidl_adapter: 3.1.7 (/opt/ros/humble/share/rosidl_adapter/cmake)
[0.870s] -- Found rosidl_generator_cpp: 3.1.7 (/opt/ros/humble/share/rosidl_generator_cpp/cmake)
[0.883s] -- Using all available rosidl_typesupport_c: rosidl_typesupport_fastrtps_c;rosidl_typesupport_introspection_c
[0.903s] -- Using all available rosidl_typesupport_cpp: rosidl_typesupport_fastrtps_cpp;rosidl_typesupport_introspection_cpp
[0.942s] -- Found rmw_implementation_cmake: 6.1.2 (/opt/ros/humble/share/rmw_implementation_cmake/cmake)
[0.945s] -- Found rmw_fastrtps_cpp: 6.2.8 (/opt/ros/humble/share/rmw_fastrtps_cpp/cmake)
[1.022s] -- Found OpenSSL: /usr/lib/x86_64-linux-gnu/libcrypto.so (found version "3.0.2")  
[1.055s] -- Found FastRTPS: /opt/ros/humble/include  
[1.088s] -- Using RMW implementation 'rmw_fastrtps_cpp' as default
[1.094s] -- Looking for pthread.h
[1.170s] -- Looking for pthread.h - found
[1.170s] -- Performing Test CMAKE_HAVE_LIBC_PTHREAD
[1.251s] -- Performing Test CMAKE_HAVE_LIBC_PTHREAD - Success
[1.251s] -- Found Threads: TRUE  
[1.422s] -- Found ament_lint_auto: 0.12.14 (/opt/ros/humble/share/ament_lint_auto/cmake)
[1.431s] [0mIn this package, headers install destination is set to `include` by ament_auto_package. It is recommended to install `include/pointcloud_to_laserscan` instead and will be the default behavior of ament_auto_package from ROS 2 Kilted Kaiju. On distributions before Kilted, ament_auto_package behaves the same way when you use USE_SCOPED_HEADER_INSTALL_DIR option.[0m
[1.440s] -- Added test 'cppcheck' to perform static code analysis on C / C++ code
[1.440s] -- Configured cppcheck include dirs: /home/yy/sight/pfa-nav/src/pb2025_sentry_nav/pointcloud_to_laserscan/include
[1.440s] -- Configured cppcheck exclude dirs and/or files: 
[1.441s] -- Added test 'cpplint' to check C / C++ code against the Google style
[1.441s] -- Configured cpplint exclude dirs and/or files: 
[1.441s] -- Added test 'flake8' to check Python code syntax and style conventions
[1.442s] -- Added test 'lint_cmake' to check CMake code style
[1.442s] -- Added test 'pep257' to check Python code against some of the docstring style conventions in PEP 257
[1.443s] -- Added test 'uncrustify' to check C / C++ code style
[1.444s] -- Configured uncrustify additional arguments: 
[1.444s] -- Added test 'xmllint' to check XML markup files
[1.448s] -- Configuring done
[1.485s] -- Generating done
[1.495s] -- Build files have been written to: /home/yy/sight/pfa-nav/build/pointcloud_to_laserscan
[1.508s] Invoked command in '/home/yy/sight/pfa-nav/build/pointcloud_to_laserscan' returned '0': CMAKE_PREFIX_PATH=/opt/ros/humble /usr/bin/cmake /home/yy/sight/pfa-nav/src/pb2025_sentry_nav/pointcloud_to_laserscan -DCMAKE_BUILD_TYPE=Release -DAMENT_CMAKE_SYMLINK_INSTALL=1 -DCMAKE_INSTALL_PREFIX=/home/yy/sight/pfa-nav/install/pointcloud_to_laserscan
[1.513s] Invoking command in '/home/yy/sight/pfa-nav/build/pointcloud_to_laserscan': CMAKE_PREFIX_PATH=/opt/ros/humble /usr/bin/cmake --build /home/yy/sight/pfa-nav/build/pointcloud_to_laserscan -- -j20 -l20
[2.066s] [ 10%] [32mBuilding CXX object CMakeFiles/pointcloud_to_laserscan_node.dir/rclcpp_components/node_main_pointcloud_to_laserscan_node.cpp.o[0m
[2.066s] [ 20%] [32mBuilding CXX object CMakeFiles/laserscan_to_pointcloud.dir/src/laserscan_to_pointcloud_node.cpp.o[0m
[2.066s] [ 30%] [32mBuilding CXX object CMakeFiles/laserscan_to_pointcloud_node.dir/rclcpp_components/node_main_laserscan_to_pointcloud_node.cpp.o[0m
[9.125s] [ 40%] [32m[1mLinking CXX executable laserscan_to_pointcloud_node[0m
[9.513s] [ 40%] Built target laserscan_to_pointcloud_node
[10.492s] [ 50%] [32m[1mLinking CXX executable pointcloud_to_laserscan_node[0m
[10.948s] [ 50%] Built target pointcloud_to_laserscan_node
[22.944s] [ 60%] [32m[1mLinking CXX shared library liblaserscan_to_pointcloud.so[0m
[23.067s] [ 60%] Built target laserscan_to_pointcloud
[23.086s] [ 70%] [32mBuilding CXX object CMakeFiles/pointcloud_to_laserscan.dir/src/pointcloud_to_laserscan_node.cpp.o[0m
[32.866s] [ 80%] [32m[1mLinking CXX shared library libpointcloud_to_laserscan.so[0m
[33.008s] [ 80%] Built target pointcloud_to_laserscan
[33.029s] [ 90%] [32mBuilding CXX object CMakeFiles/dummy_pointcloud_publisher.dir/src/dummy_pointcloud_publisher.cpp.o[0m
[37.647s] [100%] [32m[1mLinking CXX executable dummy_pointcloud_publisher[0m
[37.805s] [100%] Built target dummy_pointcloud_publisher
[37.817s] Invoked command in '/home/yy/sight/pfa-nav/build/pointcloud_to_laserscan' returned '0': CMAKE_PREFIX_PATH=/opt/ros/humble /usr/bin/cmake --build /home/yy/sight/pfa-nav/build/pointcloud_to_laserscan -- -j20 -l20
[37.818s] Invoking command in '/home/yy/sight/pfa-nav/build/pointcloud_to_laserscan': CMAKE_PREFIX_PATH=/opt/ros/humble /usr/bin/cmake --install /home/yy/sight/pfa-nav/build/pointcloud_to_laserscan
[37.827s] -- Install configuration: "Release"
[37.827s] -- Execute custom install script
[37.827s] -- Symlinking: /home/yy/sight/pfa-nav/install/pointcloud_to_laserscan/lib/pointcloud_to_laserscan/laserscan_to_pointcloud_node
[37.838s] -- Symlinking: /home/yy/sight/pfa-nav/install/pointcloud_to_laserscan/lib/pointcloud_to_laserscan/pointcloud_to_laserscan_node
[37.848s] -- Symlinking: /home/yy/sight/pfa-nav/install/pointcloud_to_laserscan/include/pointcloud_to_laserscan/laserscan_to_pointcloud_node.hpp
[37.857s] -- Symlinking: /home/yy/sight/pfa-nav/install/pointcloud_to_laserscan/include/pointcloud_to_laserscan/pointcloud_to_laserscan_node.hpp
[37.866s] -- Symlinking: /home/yy/sight/pfa-nav/install/pointcloud_to_laserscan/include/pointcloud_to_laserscan/visibility_control.h
[37.880s] -- Symlinking: /home/yy/sight/pfa-nav/install/pointcloud_to_laserscan/share/pointcloud_to_laserscan/environment/library_path.sh
[37.888s] -- Symlinking: /home/yy/sight/pfa-nav/install/pointcloud_to_laserscan/share/pointcloud_to_laserscan/environment/library_path.dsv
[37.897s] -- Symlinking: /home/yy/sight/pfa-nav/install/pointcloud_to_laserscan/lib/liblaserscan_to_pointcloud.so
[37.908s] -- Symlinking: /home/yy/sight/pfa-nav/install/pointcloud_to_laserscan/lib/libpointcloud_to_laserscan.so
[37.918s] -- Symlinking: /home/yy/sight/pfa-nav/install/pointcloud_to_laserscan/lib/pointcloud_to_laserscan/dummy_pointcloud_publisher
[37.927s] -- Symlinking: /home/yy/sight/pfa-nav/install/pointcloud_to_laserscan/share/pointcloud_to_laserscan/launch/sample_laserscan_to_pointcloud_launch.py
[37.937s] -- Symlinking: /home/yy/sight/pfa-nav/install/pointcloud_to_laserscan/share/pointcloud_to_laserscan/launch/sample_pointcloud_to_laserscan_launch.py
[37.950s] -- Symlinking: /home/yy/sight/pfa-nav/install/pointcloud_to_laserscan/share/ament_index/resource_index/package_run_dependencies/pointcloud_to_laserscan
[37.960s] -- Symlinking: /home/yy/sight/pfa-nav/install/pointcloud_to_laserscan/share/ament_index/resource_index/parent_prefix_path/pointcloud_to_laserscan
[37.970s] -- Symlinking: /home/yy/sight/pfa-nav/install/pointcloud_to_laserscan/share/pointcloud_to_laserscan/environment/ament_prefix_path.sh
[37.981s] -- Symlinking: /home/yy/sight/pfa-nav/install/pointcloud_to_laserscan/share/pointcloud_to_laserscan/environment/ament_prefix_path.dsv
[37.991s] -- Symlinking: /home/yy/sight/pfa-nav/install/pointcloud_to_laserscan/share/pointcloud_to_laserscan/environment/path.sh
[38.002s] -- Symlinking: /home/yy/sight/pfa-nav/install/pointcloud_to_laserscan/share/pointcloud_to_laserscan/environment/path.dsv
[38.011s] -- Symlinking: /home/yy/sight/pfa-nav/install/pointcloud_to_laserscan/share/pointcloud_to_laserscan/local_setup.bash
[38.020s] -- Symlinking: /home/yy/sight/pfa-nav/install/pointcloud_to_laserscan/share/pointcloud_to_laserscan/local_setup.sh
[38.028s] -- Symlinking: /home/yy/sight/pfa-nav/install/pointcloud_to_laserscan/share/pointcloud_to_laserscan/local_setup.zsh
[38.041s] -- Symlinking: /home/yy/sight/pfa-nav/install/pointcloud_to_laserscan/share/pointcloud_to_laserscan/local_setup.dsv
[38.050s] -- Symlinking: /home/yy/sight/pfa-nav/install/pointcloud_to_laserscan/share/pointcloud_to_laserscan/package.dsv
[38.057s] -- Symlinking: /home/yy/sight/pfa-nav/install/pointcloud_to_laserscan/share/ament_index/resource_index/packages/pointcloud_to_laserscan
[38.064s] -- Symlinking: /home/yy/sight/pfa-nav/install/pointcloud_to_laserscan/share/ament_index/resource_index/rclcpp_components/pointcloud_to_laserscan
[38.070s] -- Symlinking: /home/yy/sight/pfa-nav/install/pointcloud_to_laserscan/share/pointcloud_to_laserscan/cmake/ament_cmake_export_dependencies-extras.cmake
[38.081s] -- Symlinking: /home/yy/sight/pfa-nav/install/pointcloud_to_laserscan/share/pointcloud_to_laserscan/cmake/ament_cmake_export_include_directories-extras.cmake
[38.090s] -- Symlinking: /home/yy/sight/pfa-nav/install/pointcloud_to_laserscan/share/pointcloud_to_laserscan/cmake/ament_cmake_export_libraries-extras.cmake
[38.098s] -- Symlinking: /home/yy/sight/pfa-nav/install/pointcloud_to_laserscan/share/pointcloud_to_laserscan/cmake/pointcloud_to_laserscanConfig.cmake
[38.110s] -- Symlinking: /home/yy/sight/pfa-nav/install/pointcloud_to_laserscan/share/pointcloud_to_laserscan/cmake/pointcloud_to_laserscanConfig-version.cmake
[38.115s] -- Symlinking: /home/yy/sight/pfa-nav/install/pointcloud_to_laserscan/share/pointcloud_to_laserscan/package.xml
[38.124s] Invoked command in '/home/yy/sight/pfa-nav/build/pointcloud_to_laserscan' returned '0': CMAKE_PREFIX_PATH=/opt/ros/humble /usr/bin/cmake --install /home/yy/sight/pfa-nav/build/pointcloud_to_laserscan
