-- Found ament_cmake_auto: 1.3.12 (/opt/ros/humble/share/ament_cmake_auto/cmake)
-- Override CMake install command with custom implementation using symlinks instead of copying resources
-- Found rosidl_generator_c: 3.1.7 (/opt/ros/humble/share/rosidl_generator_c/cmake)
-- Found rosidl_adapter: 3.1.7 (/opt/ros/humble/share/rosidl_adapter/cmake)
-- Found rosidl_generator_cpp: 3.1.7 (/opt/ros/humble/share/rosidl_generator_cpp/cmake)
-- Using all available rosidl_typesupport_c: rosidl_typesupport_fastrtps_c;rosidl_typesupport_introspection_c
-- Using all available rosidl_typesupport_cpp: rosidl_typesupport_fastrtps_cpp;rosidl_typesupport_introspection_cpp
-- Found rmw_implementation_cmake: 6.1.2 (/opt/ros/humble/share/rmw_implementation_cmake/cmake)
-- Found rmw_fastrtps_cpp: 6.2.9 (/opt/ros/humble/share/rmw_fastrtps_cpp/cmake)
-- Using RMW implementation 'rmw_fastrtps_cpp' as default
-- Eigen found (include: /usr/include/eigen3, version: 3.4.0)
-- FLANN found (include: /usr/include, lib: /usr/lib/x86_64-linux-gnu/libflann_cpp.so)
-- OpenNI found (version: 1.5.4.0, include: /usr/include/ni, lib: /usr/lib/libOpenNI.so;libusb::libusb)
-- OpenNI2 found (version: 2.2.0.33, include: /usr/include/openni2, lib: /usr/lib/x86_64-linux-gnu/libOpenNI2.so;libusb::libusb)
-- Eigen found (include: /usr/include/eigen3, version: 3.4.0)
-- OpenNI found (version: 1.5.4.0, include: /usr/include/ni, lib: /usr/lib/libOpenNI.so;libusb::libusb)
-- OpenNI2 found (version: 2.2.0.33, include: /usr/include/openni2, lib: /usr/lib/x86_64-linux-gnu/libOpenNI2.so;libusb::libusb)
-- Found Qhull version 8.0.2
-- OpenNI found (version: 1.5.4.0, include: /usr/include/ni, lib: /usr/lib/libOpenNI.so;libusb::libusb)
-- Found ament_lint_auto: 0.12.14 (/opt/ros/humble/share/ament_lint_auto/cmake)
[0mIn this package, headers install destination is set to `include` by ament_auto_package. It is recommended to install `include/ign_sim_pointcloud_tool` instead and will be the default behavior of ament_auto_package from ROS 2 Kilted Kaiju. On distributions before Kilted, ament_auto_package behaves the same way when you use USE_SCOPED_HEADER_INSTALL_DIR option.[0m
-- Added test 'copyright' to check source files copyright and LICENSE
-- Added test 'cppcheck' to perform static code analysis on C / C++ code
-- Configured cppcheck include dirs: /home/yy/sight/pfa-nav/src/pb2025_sentry_nav/ign_sim_pointcloud_tool/include
-- Configured cppcheck exclude dirs and/or files: 
-- Added test 'cpplint' to check C / C++ code against the Google style
-- Configured cpplint exclude dirs and/or files: 
-- Added test 'lint_cmake' to check CMake code style
-- Added test 'xmllint' to check XML markup files
-- Added test 'clang_format' to check C / C++ code style
-- Configuring done
-- Generating done
-- Build files have been written to: /home/yy/sight/pfa-nav/build/ign_sim_pointcloud_tool
[35m[1mConsolidate compiler generated dependencies of target ign_sim_pointcloud_tool[0m
[35m[1mConsolidate compiler generated dependencies of target ign_sim_pointcloud_tool_node[0m
[ 50%] Built target ign_sim_pointcloud_tool_node
[ 75%] [32mBuilding CXX object CMakeFiles/ign_sim_pointcloud_tool.dir/src/point_cloud_converter.cpp.o[0m
[100%] [32m[1mLinking CXX shared library libign_sim_pointcloud_tool.so[0m
[100%] Built target ign_sim_pointcloud_tool
-- Install configuration: "Release"
-- Execute custom install script
-- Up-to-date symlink: /home/yy/sight/pfa-nav/install/ign_sim_pointcloud_tool/lib/ign_sim_pointcloud_tool/ign_sim_pointcloud_tool_node
-- Up-to-date symlink: /home/yy/sight/pfa-nav/install/ign_sim_pointcloud_tool/include/ign_sim_pointcloud_tool/point_cloud_converter.hpp
-- Up-to-date symlink: /home/yy/sight/pfa-nav/install/ign_sim_pointcloud_tool/share/ign_sim_pointcloud_tool/environment/library_path.sh
-- Up-to-date symlink: /home/yy/sight/pfa-nav/install/ign_sim_pointcloud_tool/share/ign_sim_pointcloud_tool/environment/library_path.dsv
-- Up-to-date symlink: /home/yy/sight/pfa-nav/install/ign_sim_pointcloud_tool/lib/libign_sim_pointcloud_tool.so
-- Up-to-date symlink: /home/yy/sight/pfa-nav/install/ign_sim_pointcloud_tool/share/ament_index/resource_index/package_run_dependencies/ign_sim_pointcloud_tool
-- Up-to-date symlink: /home/yy/sight/pfa-nav/install/ign_sim_pointcloud_tool/share/ament_index/resource_index/parent_prefix_path/ign_sim_pointcloud_tool
-- Up-to-date symlink: /home/yy/sight/pfa-nav/install/ign_sim_pointcloud_tool/share/ign_sim_pointcloud_tool/environment/ament_prefix_path.sh
-- Up-to-date symlink: /home/yy/sight/pfa-nav/install/ign_sim_pointcloud_tool/share/ign_sim_pointcloud_tool/environment/ament_prefix_path.dsv
-- Up-to-date symlink: /home/yy/sight/pfa-nav/install/ign_sim_pointcloud_tool/share/ign_sim_pointcloud_tool/environment/path.sh
-- Up-to-date symlink: /home/yy/sight/pfa-nav/install/ign_sim_pointcloud_tool/share/ign_sim_pointcloud_tool/environment/path.dsv
-- Up-to-date symlink: /home/yy/sight/pfa-nav/install/ign_sim_pointcloud_tool/share/ign_sim_pointcloud_tool/local_setup.bash
-- Up-to-date symlink: /home/yy/sight/pfa-nav/install/ign_sim_pointcloud_tool/share/ign_sim_pointcloud_tool/local_setup.sh
-- Up-to-date symlink: /home/yy/sight/pfa-nav/install/ign_sim_pointcloud_tool/share/ign_sim_pointcloud_tool/local_setup.zsh
-- Up-to-date symlink: /home/yy/sight/pfa-nav/install/ign_sim_pointcloud_tool/share/ign_sim_pointcloud_tool/local_setup.dsv
-- Symlinking: /home/yy/sight/pfa-nav/install/ign_sim_pointcloud_tool/share/ign_sim_pointcloud_tool/package.dsv
-- Up-to-date symlink: /home/yy/sight/pfa-nav/install/ign_sim_pointcloud_tool/share/ament_index/resource_index/packages/ign_sim_pointcloud_tool
-- Up-to-date symlink: /home/yy/sight/pfa-nav/install/ign_sim_pointcloud_tool/share/ament_index/resource_index/rclcpp_components/ign_sim_pointcloud_tool
-- Up-to-date symlink: /home/yy/sight/pfa-nav/install/ign_sim_pointcloud_tool/share/ign_sim_pointcloud_tool/cmake/ament_cmake_export_dependencies-extras.cmake
-- Up-to-date symlink: /home/yy/sight/pfa-nav/install/ign_sim_pointcloud_tool/share/ign_sim_pointcloud_tool/cmake/ament_cmake_export_include_directories-extras.cmake
-- Up-to-date symlink: /home/yy/sight/pfa-nav/install/ign_sim_pointcloud_tool/share/ign_sim_pointcloud_tool/cmake/ament_cmake_export_libraries-extras.cmake
-- Up-to-date symlink: /home/yy/sight/pfa-nav/install/ign_sim_pointcloud_tool/share/ign_sim_pointcloud_tool/cmake/ign_sim_pointcloud_toolConfig.cmake
-- Up-to-date symlink: /home/yy/sight/pfa-nav/install/ign_sim_pointcloud_tool/share/ign_sim_pointcloud_tool/cmake/ign_sim_pointcloud_toolConfig-version.cmake
-- Up-to-date symlink: /home/yy/sight/pfa-nav/install/ign_sim_pointcloud_tool/share/ign_sim_pointcloud_tool/package.xml
