[0.005s] Invoking command in '/home/yy/sight/pfa-nav/build/ign_sim_pointcloud_tool': CMAKE_PREFIX_PATH=/opt/ros/humble /usr/bin/cmake --build /home/yy/sight/pfa-nav/build/ign_sim_pointcloud_tool -- -j20 -l20
[0.025s] -- Found ament_cmake_auto: 1.3.12 (/opt/ros/humble/share/ament_cmake_auto/cmake)
[0.084s] -- Override CMake install command with custom implementation using symlinks instead of copying resources
[0.139s] -- Found rosidl_generator_c: 3.1.7 (/opt/ros/humble/share/rosidl_generator_c/cmake)
[0.140s] -- Found rosidl_adapter: 3.1.7 (/opt/ros/humble/share/rosidl_adapter/cmake)
[0.142s] -- Found rosidl_generator_cpp: 3.1.7 (/opt/ros/humble/share/rosidl_generator_cpp/cmake)
[0.147s] -- Using all available rosidl_typesupport_c: rosidl_typesupport_fastrtps_c;rosidl_typesupport_introspection_c
[0.152s] -- Using all available rosidl_typesupport_cpp: rosidl_typesupport_fastrtps_cpp;rosidl_typesupport_introspection_cpp
[0.167s] -- Found rmw_implementation_cmake: 6.1.2 (/opt/ros/humble/share/rmw_implementation_cmake/cmake)
[0.167s] -- Found rmw_fastrtps_cpp: 6.2.9 (/opt/ros/humble/share/rmw_fastrtps_cpp/cmake)
[0.220s] -- Using RMW implementation 'rmw_fastrtps_cpp' as default
[0.283s] -- Eigen found (include: /usr/include/eigen3, version: 3.4.0)
[0.299s] -- FLANN found (include: /usr/include, lib: /usr/lib/x86_64-linux-gnu/libflann_cpp.so)
[0.464s] -- OpenNI found (version: 1.5.4.0, include: /usr/include/ni, lib: /usr/lib/libOpenNI.so;libusb::libusb)
[0.468s] -- OpenNI2 found (version: 2.2.0.33, include: /usr/include/openni2, lib: /usr/lib/x86_64-linux-gnu/libOpenNI2.so;libusb::libusb)
[0.548s] -- Eigen found (include: /usr/include/eigen3, version: 3.4.0)
[0.552s] -- OpenNI found (version: 1.5.4.0, include: /usr/include/ni, lib: /usr/lib/libOpenNI.so;libusb::libusb)
[0.557s] -- OpenNI2 found (version: 2.2.0.33, include: /usr/include/openni2, lib: /usr/lib/x86_64-linux-gnu/libOpenNI2.so;libusb::libusb)
[0.639s] -- Found Qhull version 8.0.2
[0.719s] -- OpenNI found (version: 1.5.4.0, include: /usr/include/ni, lib: /usr/lib/libOpenNI.so;libusb::libusb)
[0.805s] -- Found ament_lint_auto: 0.12.14 (/opt/ros/humble/share/ament_lint_auto/cmake)
[0.808s] [0mIn this package, headers install destination is set to `include` by ament_auto_package. It is recommended to install `include/ign_sim_pointcloud_tool` instead and will be the default behavior of ament_auto_package from ROS 2 Kilted Kaiju. On distributions before Kilted, ament_auto_package behaves the same way when you use USE_SCOPED_HEADER_INSTALL_DIR option.[0m
[0.811s] -- Added test 'copyright' to check source files copyright and LICENSE
[0.811s] -- Added test 'cppcheck' to perform static code analysis on C / C++ code
[0.812s] -- Configured cppcheck include dirs: /home/yy/sight/pfa-nav/src/pb2025_sentry_nav/ign_sim_pointcloud_tool/include
[0.812s] -- Configured cppcheck exclude dirs and/or files: 
[0.812s] -- Added test 'cpplint' to check C / C++ code against the Google style
[0.812s] -- Configured cpplint exclude dirs and/or files: 
[0.812s] -- Added test 'lint_cmake' to check CMake code style
[0.812s] -- Added test 'xmllint' to check XML markup files
[0.812s] -- Added test 'clang_format' to check C / C++ code style
[0.814s] -- Configuring done
[0.831s] -- Generating done
[0.835s] -- Build files have been written to: /home/yy/sight/pfa-nav/build/ign_sim_pointcloud_tool
[0.854s] [35m[1mConsolidate compiler generated dependencies of target ign_sim_pointcloud_tool[0m
[0.856s] [35m[1mConsolidate compiler generated dependencies of target ign_sim_pointcloud_tool_node[0m
[0.867s] [ 50%] Built target ign_sim_pointcloud_tool_node
[0.870s] [ 75%] [32mBuilding CXX object CMakeFiles/ign_sim_pointcloud_tool.dir/src/point_cloud_converter.cpp.o[0m
[7.380s] [100%] [32m[1mLinking CXX shared library libign_sim_pointcloud_tool.so[0m
[7.559s] [100%] Built target ign_sim_pointcloud_tool
[7.567s] Invoked command in '/home/yy/sight/pfa-nav/build/ign_sim_pointcloud_tool' returned '0': CMAKE_PREFIX_PATH=/opt/ros/humble /usr/bin/cmake --build /home/yy/sight/pfa-nav/build/ign_sim_pointcloud_tool -- -j20 -l20
[7.568s] Invoking command in '/home/yy/sight/pfa-nav/build/ign_sim_pointcloud_tool': CMAKE_PREFIX_PATH=/opt/ros/humble /usr/bin/cmake --install /home/yy/sight/pfa-nav/build/ign_sim_pointcloud_tool
[7.572s] -- Install configuration: "Release"
[7.573s] -- Execute custom install script
[7.573s] -- Up-to-date symlink: /home/yy/sight/pfa-nav/install/ign_sim_pointcloud_tool/lib/ign_sim_pointcloud_tool/ign_sim_pointcloud_tool_node
[7.573s] -- Up-to-date symlink: /home/yy/sight/pfa-nav/install/ign_sim_pointcloud_tool/include/ign_sim_pointcloud_tool/point_cloud_converter.hpp
[7.573s] -- Up-to-date symlink: /home/yy/sight/pfa-nav/install/ign_sim_pointcloud_tool/share/ign_sim_pointcloud_tool/environment/library_path.sh
[7.573s] -- Up-to-date symlink: /home/yy/sight/pfa-nav/install/ign_sim_pointcloud_tool/share/ign_sim_pointcloud_tool/environment/library_path.dsv
[7.573s] -- Up-to-date symlink: /home/yy/sight/pfa-nav/install/ign_sim_pointcloud_tool/lib/libign_sim_pointcloud_tool.so
[7.574s] -- Up-to-date symlink: /home/yy/sight/pfa-nav/install/ign_sim_pointcloud_tool/share/ament_index/resource_index/package_run_dependencies/ign_sim_pointcloud_tool
[7.574s] -- Up-to-date symlink: /home/yy/sight/pfa-nav/install/ign_sim_pointcloud_tool/share/ament_index/resource_index/parent_prefix_path/ign_sim_pointcloud_tool
[7.574s] -- Up-to-date symlink: /home/yy/sight/pfa-nav/install/ign_sim_pointcloud_tool/share/ign_sim_pointcloud_tool/environment/ament_prefix_path.sh
[7.574s] -- Up-to-date symlink: /home/yy/sight/pfa-nav/install/ign_sim_pointcloud_tool/share/ign_sim_pointcloud_tool/environment/ament_prefix_path.dsv
[7.574s] -- Up-to-date symlink: /home/yy/sight/pfa-nav/install/ign_sim_pointcloud_tool/share/ign_sim_pointcloud_tool/environment/path.sh
[7.574s] -- Up-to-date symlink: /home/yy/sight/pfa-nav/install/ign_sim_pointcloud_tool/share/ign_sim_pointcloud_tool/environment/path.dsv
[7.574s] -- Up-to-date symlink: /home/yy/sight/pfa-nav/install/ign_sim_pointcloud_tool/share/ign_sim_pointcloud_tool/local_setup.bash
[7.574s] -- Up-to-date symlink: /home/yy/sight/pfa-nav/install/ign_sim_pointcloud_tool/share/ign_sim_pointcloud_tool/local_setup.sh
[7.574s] -- Up-to-date symlink: /home/yy/sight/pfa-nav/install/ign_sim_pointcloud_tool/share/ign_sim_pointcloud_tool/local_setup.zsh
[7.575s] -- Up-to-date symlink: /home/yy/sight/pfa-nav/install/ign_sim_pointcloud_tool/share/ign_sim_pointcloud_tool/local_setup.dsv
[7.575s] -- Symlinking: /home/yy/sight/pfa-nav/install/ign_sim_pointcloud_tool/share/ign_sim_pointcloud_tool/package.dsv
[7.580s] -- Up-to-date symlink: /home/yy/sight/pfa-nav/install/ign_sim_pointcloud_tool/share/ament_index/resource_index/packages/ign_sim_pointcloud_tool
[7.580s] -- Up-to-date symlink: /home/yy/sight/pfa-nav/install/ign_sim_pointcloud_tool/share/ament_index/resource_index/rclcpp_components/ign_sim_pointcloud_tool
[7.580s] -- Up-to-date symlink: /home/yy/sight/pfa-nav/install/ign_sim_pointcloud_tool/share/ign_sim_pointcloud_tool/cmake/ament_cmake_export_dependencies-extras.cmake
[7.580s] -- Up-to-date symlink: /home/yy/sight/pfa-nav/install/ign_sim_pointcloud_tool/share/ign_sim_pointcloud_tool/cmake/ament_cmake_export_include_directories-extras.cmake
[7.580s] -- Up-to-date symlink: /home/yy/sight/pfa-nav/install/ign_sim_pointcloud_tool/share/ign_sim_pointcloud_tool/cmake/ament_cmake_export_libraries-extras.cmake
[7.580s] -- Up-to-date symlink: /home/yy/sight/pfa-nav/install/ign_sim_pointcloud_tool/share/ign_sim_pointcloud_tool/cmake/ign_sim_pointcloud_toolConfig.cmake
[7.580s] -- Up-to-date symlink: /home/yy/sight/pfa-nav/install/ign_sim_pointcloud_tool/share/ign_sim_pointcloud_tool/cmake/ign_sim_pointcloud_toolConfig-version.cmake
[7.580s] -- Up-to-date symlink: /home/yy/sight/pfa-nav/install/ign_sim_pointcloud_tool/share/ign_sim_pointcloud_tool/package.xml
[7.582s] Invoked command in '/home/yy/sight/pfa-nav/build/ign_sim_pointcloud_tool' returned '0': CMAKE_PREFIX_PATH=/opt/ros/humble /usr/bin/cmake --install /home/yy/sight/pfa-nav/build/ign_sim_pointcloud_tool
