[0.306s] Invoking command in '/home/yy/sight/pfa-nav/build/fake_vel_transform': CMAKE_PREFIX_PATH=${CMAKE_PREFIX_PATH}:/home/yy/sight/pfa-nav/install/sdformat_tools:/home/yy/sight/pfa-nav/install/joint_state_publisher_gui:/home/yy/sight/pfa-nav/install/joint_state_publisher:/opt/ros/humble /usr/bin/cmake --build /home/yy/sight/pfa-nav/build/fake_vel_transform -- -j20 -l20
[0.388s] [ 50%] Built target fake_vel_transform_node
[0.390s] [100%] Built target fake_vel_transform
[0.497s] Invoked command in '/home/yy/sight/pfa-nav/build/fake_vel_transform' returned '0': CMAKE_PREFIX_PATH=${CMAKE_PREFIX_PATH}:/home/yy/sight/pfa-nav/install/sdformat_tools:/home/yy/sight/pfa-nav/install/joint_state_publisher_gui:/home/yy/sight/pfa-nav/install/joint_state_publisher:/opt/ros/humble /usr/bin/cmake --build /home/yy/sight/pfa-nav/build/fake_vel_transform -- -j20 -l20
[0.499s] Invoking command in '/home/yy/sight/pfa-nav/build/fake_vel_transform': CMAKE_PREFIX_PATH=${CMAKE_PREFIX_PATH}:/home/yy/sight/pfa-nav/install/sdformat_tools:/home/yy/sight/pfa-nav/install/joint_state_publisher_gui:/home/yy/sight/pfa-nav/install/joint_state_publisher:/opt/ros/humble /usr/bin/cmake --install /home/yy/sight/pfa-nav/build/fake_vel_transform
[0.514s] -- Install configuration: "Release"
[0.514s] -- Execute custom install script
[0.515s] -- Up-to-date symlink: /home/yy/sight/pfa-nav/install/fake_vel_transform/lib/fake_vel_transform/fake_vel_transform_node
[0.515s] -- Up-to-date symlink: /home/yy/sight/pfa-nav/install/fake_vel_transform/include/fake_vel_transform/fake_vel_transform.hpp
[0.515s] -- Up-to-date symlink: /home/yy/sight/pfa-nav/install/fake_vel_transform/share/fake_vel_transform/environment/library_path.sh
[0.515s] -- Up-to-date symlink: /home/yy/sight/pfa-nav/install/fake_vel_transform/share/fake_vel_transform/environment/library_path.dsv
[0.515s] -- Up-to-date symlink: /home/yy/sight/pfa-nav/install/fake_vel_transform/lib/libfake_vel_transform.so
[0.515s] -- Up-to-date symlink: /home/yy/sight/pfa-nav/install/fake_vel_transform/share/fake_vel_transform/launch/fake_vel_transform_launch.py
[0.515s] -- Up-to-date symlink: /home/yy/sight/pfa-nav/install/fake_vel_transform/share/ament_index/resource_index/package_run_dependencies/fake_vel_transform
[0.515s] -- Up-to-date symlink: /home/yy/sight/pfa-nav/install/fake_vel_transform/share/ament_index/resource_index/parent_prefix_path/fake_vel_transform
[0.515s] -- Up-to-date symlink: /home/yy/sight/pfa-nav/install/fake_vel_transform/share/fake_vel_transform/environment/ament_prefix_path.sh
[0.515s] -- Up-to-date symlink: /home/yy/sight/pfa-nav/install/fake_vel_transform/share/fake_vel_transform/environment/ament_prefix_path.dsv
[0.515s] -- Up-to-date symlink: /home/yy/sight/pfa-nav/install/fake_vel_transform/share/fake_vel_transform/environment/path.sh
[0.515s] -- Up-to-date symlink: /home/yy/sight/pfa-nav/install/fake_vel_transform/share/fake_vel_transform/environment/path.dsv
[0.515s] -- Up-to-date symlink: /home/yy/sight/pfa-nav/install/fake_vel_transform/share/fake_vel_transform/local_setup.bash
[0.515s] -- Up-to-date symlink: /home/yy/sight/pfa-nav/install/fake_vel_transform/share/fake_vel_transform/local_setup.sh
[0.515s] -- Up-to-date symlink: /home/yy/sight/pfa-nav/install/fake_vel_transform/share/fake_vel_transform/local_setup.zsh
[0.517s] -- Up-to-date symlink: /home/yy/sight/pfa-nav/install/fake_vel_transform/share/fake_vel_transform/local_setup.dsv
[0.517s] -- Symlinking: /home/yy/sight/pfa-nav/install/fake_vel_transform/share/fake_vel_transform/package.dsv
[0.523s] -- Up-to-date symlink: /home/yy/sight/pfa-nav/install/fake_vel_transform/share/ament_index/resource_index/packages/fake_vel_transform
[0.523s] -- Up-to-date symlink: /home/yy/sight/pfa-nav/install/fake_vel_transform/share/ament_index/resource_index/rclcpp_components/fake_vel_transform
[0.523s] -- Up-to-date symlink: /home/yy/sight/pfa-nav/install/fake_vel_transform/share/fake_vel_transform/cmake/ament_cmake_export_dependencies-extras.cmake
[0.523s] -- Up-to-date symlink: /home/yy/sight/pfa-nav/install/fake_vel_transform/share/fake_vel_transform/cmake/ament_cmake_export_include_directories-extras.cmake
[0.523s] -- Up-to-date symlink: /home/yy/sight/pfa-nav/install/fake_vel_transform/share/fake_vel_transform/cmake/ament_cmake_export_libraries-extras.cmake
[0.523s] -- Up-to-date symlink: /home/yy/sight/pfa-nav/install/fake_vel_transform/share/fake_vel_transform/cmake/fake_vel_transformConfig.cmake
[0.524s] -- Up-to-date symlink: /home/yy/sight/pfa-nav/install/fake_vel_transform/share/fake_vel_transform/cmake/fake_vel_transformConfig-version.cmake
[0.524s] -- Up-to-date symlink: /home/yy/sight/pfa-nav/install/fake_vel_transform/share/fake_vel_transform/package.xml
[0.605s] Invoked command in '/home/yy/sight/pfa-nav/build/fake_vel_transform' returned '0': CMAKE_PREFIX_PATH=${CMAKE_PREFIX_PATH}:/home/yy/sight/pfa-nav/install/sdformat_tools:/home/yy/sight/pfa-nav/install/joint_state_publisher_gui:/home/yy/sight/pfa-nav/install/joint_state_publisher:/opt/ros/humble /usr/bin/cmake --install /home/yy/sight/pfa-nav/build/fake_vel_transform
