[0.014s] Invoking command in '/home/yy/sight/pfa-nav/build/rmoss_cam': CMAKE_PREFIX_PATH=/home/yy/sight/pfa-nav/install/rmoss_util:/home/yy/sight/pfa-nav/install/rmoss_interfaces:/home/yy/sight/pfa-nav/install/wp_map_tools:/home/yy/sight/pfa-nav/install/pb2025_nav_bringup:/home/yy/sight/pfa-nav/install/terrain_analysis_ext:/home/yy/sight/pfa-nav/install/terrain_analysis:/home/yy/sight/pfa-nav/install/small_gicp_relocalization:/home/yy/sight/pfa-nav/install/small_gicp:/home/yy/sight/pfa-nav/install/sensor_scan_generation:/home/yy/sight/pfa-nav/install/rmu_gazebo_simulator:/home/yy/sight/pfa-nav/install/pb2025_robot_description:/home/yy/sight/pfa-nav/install/rmoss_core:/home/yy/sight/pfa-nav/install/rmoss_cam:/home/yy/sight/pfa-nav/install/rmoss_projectile_motion:/home/yy/sight/pfa-nav/install/rmoss_gz_cam:/home/yy/sight/pfa-nav/install/rmoss_gz_bridge:/home/yy/sight/pfa-nav/install/rmoss_gz_base:/home/yy/sight/pfa-nav/install/rmoss_base:/home/yy/sight/pfa-nav/install/rmoss_gz_resources:/home/yy/sight/pfa-nav/install/rmoss_gz_plugins:/home/yy/sight/pfa-nav/install/pointcloud_to_laserscan:/home/yy/sight/pfa-nav/install/point_lio:/home/yy/sight/pfa-nav/install/pb_teleop_twist_joy:/home/yy/sight/pfa-nav/install/pb_rm_interfaces:/home/yy/sight/pfa-nav/install/pb_omni_pid_pursuit_controller:/home/yy/sight/pfa-nav/install/pb_nav2_plugins:/home/yy/sight/pfa-nav/install/loam_interface:/home/yy/sight/pfa-nav/install/livox_ros_driver2:/home/yy/sight/pfa-nav/install/ign_sim_pointcloud_tool:/home/yy/sight/pfa-nav/install/fake_vel_transform:/home/yy/sight/pfa-nav/install/auto_aim_interfaces:/home/yy/sight/pfa-nav/install/sdformat_tools:/home/yy/sight/pfa-nav/install/joint_state_publisher_gui:/home/yy/sight/pfa-nav/install/joint_state_publisher:/opt/ros/humble LD_LIBRARY_PATH=/home/yy/sight/pfa-nav/install/rmoss_util/lib:/home/yy/sight/pfa-nav/install/rmoss_interfaces/lib:/home/yy/sight/pfa-nav/install/wp_map_tools/lib:/home/yy/sight/pfa-nav/install/small_gicp_relocalization/lib:/home/yy/sight/pfa-nav/install/small_gicp/lib:/home/yy/sight/pfa-nav/install/sensor_scan_generation/lib:/home/yy/sight/pfa-nav/install/rmoss_cam/lib:/home/yy/sight/pfa-nav/install/rmoss_projectile_motion/lib:/home/yy/sight/pfa-nav/install/rmoss_gz_cam/lib:/home/yy/sight/pfa-nav/install/rmoss_gz_base/lib:/home/yy/sight/pfa-nav/install/rmoss_base/lib:/home/yy/sight/pfa-nav/install/pointcloud_to_laserscan/lib:/home/yy/sight/pfa-nav/install/pb_teleop_twist_joy/lib:/home/yy/sight/pfa-nav/install/pb_rm_interfaces/lib:/home/yy/sight/pfa-nav/install/pb_omni_pid_pursuit_controller/lib:/home/yy/sight/pfa-nav/install/pb_nav2_plugins/lib:/home/yy/sight/pfa-nav/install/loam_interface/lib:/home/yy/sight/pfa-nav/install/livox_ros_driver2/lib:/home/yy/sight/pfa-nav/install/ign_sim_pointcloud_tool/lib:/home/yy/sight/pfa-nav/install/fake_vel_transform/lib:/home/yy/sight/pfa-nav/install/auto_aim_interfaces/lib:/usr/lib/x86_64-linux-gnu/gazebo-11/plugins:/opt/ros/humble/opt/rviz_ogre_vendor/lib:/opt/ros/humble/lib/x86_64-linux-gnu:/opt/ros/humble/lib:/opt/MVS/lib/64:/opt/MVS/lib/32:/opt/MVS/lib/64:/opt/MVS/lib/32:/opt/MVS/lib/64:/opt/MVS/lib/32 /usr/bin/cmake --build /home/yy/sight/pfa-nav/build/rmoss_cam -- -j20 -l20
[0.061s] [  7%] Built target gtest
[0.061s] [ 14%] Built target virtual_cam
[0.062s] [ 22%] Built target gtest_main
[0.064s] [ 29%] Built target usb_cam
[0.065s] [ 37%] Built target image_task_demo
[0.073s] [ 48%] Built target rmoss_cam
[0.096s] [ 59%] Built target virtual_cam_component
[0.096s] [ 70%] Built target usb_cam_component
[0.098s] [ 77%] Built target test_cam_server
[0.099s] [ 85%] Built target test_cam_client
[0.099s] [ 92%] Built target image_task_demo_component
[0.122s] [100%] Built target benchmark_test
[0.130s] Invoked command in '/home/yy/sight/pfa-nav/build/rmoss_cam' returned '0': CMAKE_PREFIX_PATH=/home/yy/sight/pfa-nav/install/rmoss_util:/home/yy/sight/pfa-nav/install/rmoss_interfaces:/home/yy/sight/pfa-nav/install/wp_map_tools:/home/yy/sight/pfa-nav/install/pb2025_nav_bringup:/home/yy/sight/pfa-nav/install/terrain_analysis_ext:/home/yy/sight/pfa-nav/install/terrain_analysis:/home/yy/sight/pfa-nav/install/small_gicp_relocalization:/home/yy/sight/pfa-nav/install/small_gicp:/home/yy/sight/pfa-nav/install/sensor_scan_generation:/home/yy/sight/pfa-nav/install/rmu_gazebo_simulator:/home/yy/sight/pfa-nav/install/pb2025_robot_description:/home/yy/sight/pfa-nav/install/rmoss_core:/home/yy/sight/pfa-nav/install/rmoss_cam:/home/yy/sight/pfa-nav/install/rmoss_projectile_motion:/home/yy/sight/pfa-nav/install/rmoss_gz_cam:/home/yy/sight/pfa-nav/install/rmoss_gz_bridge:/home/yy/sight/pfa-nav/install/rmoss_gz_base:/home/yy/sight/pfa-nav/install/rmoss_base:/home/yy/sight/pfa-nav/install/rmoss_gz_resources:/home/yy/sight/pfa-nav/install/rmoss_gz_plugins:/home/yy/sight/pfa-nav/install/pointcloud_to_laserscan:/home/yy/sight/pfa-nav/install/point_lio:/home/yy/sight/pfa-nav/install/pb_teleop_twist_joy:/home/yy/sight/pfa-nav/install/pb_rm_interfaces:/home/yy/sight/pfa-nav/install/pb_omni_pid_pursuit_controller:/home/yy/sight/pfa-nav/install/pb_nav2_plugins:/home/yy/sight/pfa-nav/install/loam_interface:/home/yy/sight/pfa-nav/install/livox_ros_driver2:/home/yy/sight/pfa-nav/install/ign_sim_pointcloud_tool:/home/yy/sight/pfa-nav/install/fake_vel_transform:/home/yy/sight/pfa-nav/install/auto_aim_interfaces:/home/yy/sight/pfa-nav/install/sdformat_tools:/home/yy/sight/pfa-nav/install/joint_state_publisher_gui:/home/yy/sight/pfa-nav/install/joint_state_publisher:/opt/ros/humble LD_LIBRARY_PATH=/home/yy/sight/pfa-nav/install/rmoss_util/lib:/home/yy/sight/pfa-nav/install/rmoss_interfaces/lib:/home/yy/sight/pfa-nav/install/wp_map_tools/lib:/home/yy/sight/pfa-nav/install/small_gicp_relocalization/lib:/home/yy/sight/pfa-nav/install/small_gicp/lib:/home/yy/sight/pfa-nav/install/sensor_scan_generation/lib:/home/yy/sight/pfa-nav/install/rmoss_cam/lib:/home/yy/sight/pfa-nav/install/rmoss_projectile_motion/lib:/home/yy/sight/pfa-nav/install/rmoss_gz_cam/lib:/home/yy/sight/pfa-nav/install/rmoss_gz_base/lib:/home/yy/sight/pfa-nav/install/rmoss_base/lib:/home/yy/sight/pfa-nav/install/pointcloud_to_laserscan/lib:/home/yy/sight/pfa-nav/install/pb_teleop_twist_joy/lib:/home/yy/sight/pfa-nav/install/pb_rm_interfaces/lib:/home/yy/sight/pfa-nav/install/pb_omni_pid_pursuit_controller/lib:/home/yy/sight/pfa-nav/install/pb_nav2_plugins/lib:/home/yy/sight/pfa-nav/install/loam_interface/lib:/home/yy/sight/pfa-nav/install/livox_ros_driver2/lib:/home/yy/sight/pfa-nav/install/ign_sim_pointcloud_tool/lib:/home/yy/sight/pfa-nav/install/fake_vel_transform/lib:/home/yy/sight/pfa-nav/install/auto_aim_interfaces/lib:/usr/lib/x86_64-linux-gnu/gazebo-11/plugins:/opt/ros/humble/opt/rviz_ogre_vendor/lib:/opt/ros/humble/lib/x86_64-linux-gnu:/opt/ros/humble/lib:/opt/MVS/lib/64:/opt/MVS/lib/32:/opt/MVS/lib/64:/opt/MVS/lib/32:/opt/MVS/lib/64:/opt/MVS/lib/32 /usr/bin/cmake --build /home/yy/sight/pfa-nav/build/rmoss_cam -- -j20 -l20
[0.131s] Invoking command in '/home/yy/sight/pfa-nav/build/rmoss_cam': CMAKE_PREFIX_PATH=/home/yy/sight/pfa-nav/install/rmoss_util:/home/yy/sight/pfa-nav/install/rmoss_interfaces:/home/yy/sight/pfa-nav/install/wp_map_tools:/home/yy/sight/pfa-nav/install/pb2025_nav_bringup:/home/yy/sight/pfa-nav/install/terrain_analysis_ext:/home/yy/sight/pfa-nav/install/terrain_analysis:/home/yy/sight/pfa-nav/install/small_gicp_relocalization:/home/yy/sight/pfa-nav/install/small_gicp:/home/yy/sight/pfa-nav/install/sensor_scan_generation:/home/yy/sight/pfa-nav/install/rmu_gazebo_simulator:/home/yy/sight/pfa-nav/install/pb2025_robot_description:/home/yy/sight/pfa-nav/install/rmoss_core:/home/yy/sight/pfa-nav/install/rmoss_cam:/home/yy/sight/pfa-nav/install/rmoss_projectile_motion:/home/yy/sight/pfa-nav/install/rmoss_gz_cam:/home/yy/sight/pfa-nav/install/rmoss_gz_bridge:/home/yy/sight/pfa-nav/install/rmoss_gz_base:/home/yy/sight/pfa-nav/install/rmoss_base:/home/yy/sight/pfa-nav/install/rmoss_gz_resources:/home/yy/sight/pfa-nav/install/rmoss_gz_plugins:/home/yy/sight/pfa-nav/install/pointcloud_to_laserscan:/home/yy/sight/pfa-nav/install/point_lio:/home/yy/sight/pfa-nav/install/pb_teleop_twist_joy:/home/yy/sight/pfa-nav/install/pb_rm_interfaces:/home/yy/sight/pfa-nav/install/pb_omni_pid_pursuit_controller:/home/yy/sight/pfa-nav/install/pb_nav2_plugins:/home/yy/sight/pfa-nav/install/loam_interface:/home/yy/sight/pfa-nav/install/livox_ros_driver2:/home/yy/sight/pfa-nav/install/ign_sim_pointcloud_tool:/home/yy/sight/pfa-nav/install/fake_vel_transform:/home/yy/sight/pfa-nav/install/auto_aim_interfaces:/home/yy/sight/pfa-nav/install/sdformat_tools:/home/yy/sight/pfa-nav/install/joint_state_publisher_gui:/home/yy/sight/pfa-nav/install/joint_state_publisher:/opt/ros/humble LD_LIBRARY_PATH=/home/yy/sight/pfa-nav/install/rmoss_util/lib:/home/yy/sight/pfa-nav/install/rmoss_interfaces/lib:/home/yy/sight/pfa-nav/install/wp_map_tools/lib:/home/yy/sight/pfa-nav/install/small_gicp_relocalization/lib:/home/yy/sight/pfa-nav/install/small_gicp/lib:/home/yy/sight/pfa-nav/install/sensor_scan_generation/lib:/home/yy/sight/pfa-nav/install/rmoss_cam/lib:/home/yy/sight/pfa-nav/install/rmoss_projectile_motion/lib:/home/yy/sight/pfa-nav/install/rmoss_gz_cam/lib:/home/yy/sight/pfa-nav/install/rmoss_gz_base/lib:/home/yy/sight/pfa-nav/install/rmoss_base/lib:/home/yy/sight/pfa-nav/install/pointcloud_to_laserscan/lib:/home/yy/sight/pfa-nav/install/pb_teleop_twist_joy/lib:/home/yy/sight/pfa-nav/install/pb_rm_interfaces/lib:/home/yy/sight/pfa-nav/install/pb_omni_pid_pursuit_controller/lib:/home/yy/sight/pfa-nav/install/pb_nav2_plugins/lib:/home/yy/sight/pfa-nav/install/loam_interface/lib:/home/yy/sight/pfa-nav/install/livox_ros_driver2/lib:/home/yy/sight/pfa-nav/install/ign_sim_pointcloud_tool/lib:/home/yy/sight/pfa-nav/install/fake_vel_transform/lib:/home/yy/sight/pfa-nav/install/auto_aim_interfaces/lib:/usr/lib/x86_64-linux-gnu/gazebo-11/plugins:/opt/ros/humble/opt/rviz_ogre_vendor/lib:/opt/ros/humble/lib/x86_64-linux-gnu:/opt/ros/humble/lib:/opt/MVS/lib/64:/opt/MVS/lib/32:/opt/MVS/lib/64:/opt/MVS/lib/32:/opt/MVS/lib/64:/opt/MVS/lib/32 /usr/bin/cmake --install /home/yy/sight/pfa-nav/build/rmoss_cam
[0.138s] -- Install configuration: "Release"
[0.138s] -- Execute custom install script
[0.138s] -- Up-to-date symlink: /home/yy/sight/pfa-nav/install/rmoss_cam/lib/rmoss_cam/usb_cam
[0.138s] -- Up-to-date symlink: /home/yy/sight/pfa-nav/install/rmoss_cam/lib/rmoss_cam/virtual_cam
[0.139s] -- Up-to-date symlink: /home/yy/sight/pfa-nav/install/rmoss_cam/lib/rmoss_cam/image_task_demo
[0.139s] -- Up-to-date symlink: /home/yy/sight/pfa-nav/install/rmoss_cam/include/rmoss_cam/cam_client.hpp
[0.139s] -- Up-to-date symlink: /home/yy/sight/pfa-nav/install/rmoss_cam/include/rmoss_cam/cam_interface.hpp
[0.139s] -- Up-to-date symlink: /home/yy/sight/pfa-nav/install/rmoss_cam/include/rmoss_cam/cam_server.hpp
[0.139s] -- Up-to-date symlink: /home/yy/sight/pfa-nav/install/rmoss_cam/include/rmoss_cam/image_task_demo_node.hpp
[0.139s] -- Up-to-date symlink: /home/yy/sight/pfa-nav/install/rmoss_cam/include/rmoss_cam/usb_cam.hpp
[0.139s] -- Up-to-date symlink: /home/yy/sight/pfa-nav/install/rmoss_cam/include/rmoss_cam/usb_cam_node.hpp
[0.139s] -- Up-to-date symlink: /home/yy/sight/pfa-nav/install/rmoss_cam/include/rmoss_cam/virtual_cam.hpp
[0.140s] -- Up-to-date symlink: /home/yy/sight/pfa-nav/install/rmoss_cam/include/rmoss_cam/virtual_cam_node.hpp
[0.140s] -- Up-to-date symlink: /home/yy/sight/pfa-nav/install/rmoss_cam/lib/rmoss_cam/benchmark_test
[0.140s] -- Up-to-date symlink: /home/yy/sight/pfa-nav/install/rmoss_cam/share/rmoss_cam/launch/benchmark.launch.py
[0.140s] -- Up-to-date symlink: /home/yy/sight/pfa-nav/install/rmoss_cam/share/rmoss_cam/launch/composition.launch.py
[0.140s] -- Up-to-date symlink: /home/yy/sight/pfa-nav/install/rmoss_cam/share/rmoss_cam/launch/usb_cam.launch.py
[0.140s] -- Up-to-date symlink: /home/yy/sight/pfa-nav/install/rmoss_cam/share/rmoss_cam/launch/virtual_image_cam.launch.py
[0.140s] -- Up-to-date symlink: /home/yy/sight/pfa-nav/install/rmoss_cam/share/rmoss_cam/resource/image_cam_calibration.yaml
[0.140s] -- Up-to-date symlink: /home/yy/sight/pfa-nav/install/rmoss_cam/share/rmoss_cam/resource/test.jpg
[0.140s] -- Up-to-date symlink: /home/yy/sight/pfa-nav/install/rmoss_cam/share/rmoss_cam/config/cam_params.yaml
[0.141s] -- Up-to-date symlink: /home/yy/sight/pfa-nav/install/rmoss_cam/share/rmoss_cam/scripts/task_client.py
[0.141s] -- Up-to-date symlink: /home/yy/sight/pfa-nav/install/rmoss_cam/share/ament_index/resource_index/package_run_dependencies/rmoss_cam
[0.141s] -- Up-to-date symlink: /home/yy/sight/pfa-nav/install/rmoss_cam/share/ament_index/resource_index/parent_prefix_path/rmoss_cam
[0.141s] -- Up-to-date symlink: /home/yy/sight/pfa-nav/install/rmoss_cam/share/rmoss_cam/environment/ament_prefix_path.sh
[0.141s] -- Up-to-date symlink: /home/yy/sight/pfa-nav/install/rmoss_cam/share/rmoss_cam/environment/ament_prefix_path.dsv
[0.141s] -- Up-to-date symlink: /home/yy/sight/pfa-nav/install/rmoss_cam/share/rmoss_cam/environment/path.sh
[0.141s] -- Up-to-date symlink: /home/yy/sight/pfa-nav/install/rmoss_cam/share/rmoss_cam/environment/path.dsv
[0.141s] -- Up-to-date symlink: /home/yy/sight/pfa-nav/install/rmoss_cam/share/rmoss_cam/local_setup.bash
[0.141s] -- Up-to-date symlink: /home/yy/sight/pfa-nav/install/rmoss_cam/share/rmoss_cam/local_setup.sh
[0.141s] -- Up-to-date symlink: /home/yy/sight/pfa-nav/install/rmoss_cam/share/rmoss_cam/local_setup.zsh
[0.141s] -- Up-to-date symlink: /home/yy/sight/pfa-nav/install/rmoss_cam/share/rmoss_cam/local_setup.dsv
[0.141s] -- Symlinking: /home/yy/sight/pfa-nav/install/rmoss_cam/share/rmoss_cam/package.dsv
[0.148s] -- Up-to-date symlink: /home/yy/sight/pfa-nav/install/rmoss_cam/share/ament_index/resource_index/packages/rmoss_cam
[0.148s] -- Up-to-date symlink: /home/yy/sight/pfa-nav/install/rmoss_cam/share/ament_index/resource_index/rclcpp_components/rmoss_cam
[0.148s] -- Up-to-date symlink: /home/yy/sight/pfa-nav/install/rmoss_cam/share/rmoss_cam/cmake/ament_cmake_export_targets-extras.cmake
[0.148s] -- Up-to-date symlink: /home/yy/sight/pfa-nav/install/rmoss_cam/share/rmoss_cam/cmake/ament_cmake_export_dependencies-extras.cmake
[0.148s] -- Up-to-date symlink: /home/yy/sight/pfa-nav/install/rmoss_cam/share/rmoss_cam/cmake/rmoss_camConfig.cmake
[0.148s] -- Up-to-date symlink: /home/yy/sight/pfa-nav/install/rmoss_cam/share/rmoss_cam/cmake/rmoss_camConfig-version.cmake
[0.148s] -- Up-to-date symlink: /home/yy/sight/pfa-nav/install/rmoss_cam/share/rmoss_cam/package.xml
[0.149s] -- Up-to-date: /home/yy/sight/pfa-nav/install/rmoss_cam/lib/librmoss_cam.so
[0.149s] -- Up-to-date: /home/yy/sight/pfa-nav/install/rmoss_cam/lib/libusb_cam_component.so
[0.149s] -- Up-to-date: /home/yy/sight/pfa-nav/install/rmoss_cam/lib/libvirtual_cam_component.so
[0.150s] -- Up-to-date: /home/yy/sight/pfa-nav/install/rmoss_cam/lib/libimage_task_demo_component.so
[0.150s] -- Up-to-date: /home/yy/sight/pfa-nav/install/rmoss_cam/share/rmoss_cam/cmake/export_rmoss_camExport.cmake
[0.150s] -- Up-to-date: /home/yy/sight/pfa-nav/install/rmoss_cam/share/rmoss_cam/cmake/export_rmoss_camExport-release.cmake
[0.260s] Invoked command in '/home/yy/sight/pfa-nav/build/rmoss_cam' returned '0': CMAKE_PREFIX_PATH=/home/yy/sight/pfa-nav/install/rmoss_util:/home/yy/sight/pfa-nav/install/rmoss_interfaces:/home/yy/sight/pfa-nav/install/wp_map_tools:/home/yy/sight/pfa-nav/install/pb2025_nav_bringup:/home/yy/sight/pfa-nav/install/terrain_analysis_ext:/home/yy/sight/pfa-nav/install/terrain_analysis:/home/yy/sight/pfa-nav/install/small_gicp_relocalization:/home/yy/sight/pfa-nav/install/small_gicp:/home/yy/sight/pfa-nav/install/sensor_scan_generation:/home/yy/sight/pfa-nav/install/rmu_gazebo_simulator:/home/yy/sight/pfa-nav/install/pb2025_robot_description:/home/yy/sight/pfa-nav/install/rmoss_core:/home/yy/sight/pfa-nav/install/rmoss_cam:/home/yy/sight/pfa-nav/install/rmoss_projectile_motion:/home/yy/sight/pfa-nav/install/rmoss_gz_cam:/home/yy/sight/pfa-nav/install/rmoss_gz_bridge:/home/yy/sight/pfa-nav/install/rmoss_gz_base:/home/yy/sight/pfa-nav/install/rmoss_base:/home/yy/sight/pfa-nav/install/rmoss_gz_resources:/home/yy/sight/pfa-nav/install/rmoss_gz_plugins:/home/yy/sight/pfa-nav/install/pointcloud_to_laserscan:/home/yy/sight/pfa-nav/install/point_lio:/home/yy/sight/pfa-nav/install/pb_teleop_twist_joy:/home/yy/sight/pfa-nav/install/pb_rm_interfaces:/home/yy/sight/pfa-nav/install/pb_omni_pid_pursuit_controller:/home/yy/sight/pfa-nav/install/pb_nav2_plugins:/home/yy/sight/pfa-nav/install/loam_interface:/home/yy/sight/pfa-nav/install/livox_ros_driver2:/home/yy/sight/pfa-nav/install/ign_sim_pointcloud_tool:/home/yy/sight/pfa-nav/install/fake_vel_transform:/home/yy/sight/pfa-nav/install/auto_aim_interfaces:/home/yy/sight/pfa-nav/install/sdformat_tools:/home/yy/sight/pfa-nav/install/joint_state_publisher_gui:/home/yy/sight/pfa-nav/install/joint_state_publisher:/opt/ros/humble LD_LIBRARY_PATH=/home/yy/sight/pfa-nav/install/rmoss_util/lib:/home/yy/sight/pfa-nav/install/rmoss_interfaces/lib:/home/yy/sight/pfa-nav/install/wp_map_tools/lib:/home/yy/sight/pfa-nav/install/small_gicp_relocalization/lib:/home/yy/sight/pfa-nav/install/small_gicp/lib:/home/yy/sight/pfa-nav/install/sensor_scan_generation/lib:/home/yy/sight/pfa-nav/install/rmoss_cam/lib:/home/yy/sight/pfa-nav/install/rmoss_projectile_motion/lib:/home/yy/sight/pfa-nav/install/rmoss_gz_cam/lib:/home/yy/sight/pfa-nav/install/rmoss_gz_base/lib:/home/yy/sight/pfa-nav/install/rmoss_base/lib:/home/yy/sight/pfa-nav/install/pointcloud_to_laserscan/lib:/home/yy/sight/pfa-nav/install/pb_teleop_twist_joy/lib:/home/yy/sight/pfa-nav/install/pb_rm_interfaces/lib:/home/yy/sight/pfa-nav/install/pb_omni_pid_pursuit_controller/lib:/home/yy/sight/pfa-nav/install/pb_nav2_plugins/lib:/home/yy/sight/pfa-nav/install/loam_interface/lib:/home/yy/sight/pfa-nav/install/livox_ros_driver2/lib:/home/yy/sight/pfa-nav/install/ign_sim_pointcloud_tool/lib:/home/yy/sight/pfa-nav/install/fake_vel_transform/lib:/home/yy/sight/pfa-nav/install/auto_aim_interfaces/lib:/usr/lib/x86_64-linux-gnu/gazebo-11/plugins:/opt/ros/humble/opt/rviz_ogre_vendor/lib:/opt/ros/humble/lib/x86_64-linux-gnu:/opt/ros/humble/lib:/opt/MVS/lib/64:/opt/MVS/lib/32:/opt/MVS/lib/64:/opt/MVS/lib/32:/opt/MVS/lib/64:/opt/MVS/lib/32 /usr/bin/cmake --install /home/yy/sight/pfa-nav/build/rmoss_cam
