[0.270s] Invoking command in '/home/yy/sight/pfa-nav/build/fake_vel_transform': CMAKE_PREFIX_PATH=/opt/ros/humble /usr/bin/cmake --build /home/yy/sight/pfa-nav/build/fake_vel_transform -- -j20 -l20
[0.304s] [35m[1mConsolidate compiler generated dependencies of target fake_vel_transform[0m
[0.304s] [35m[1mConsolidate compiler generated dependencies of target fake_vel_transform_node[0m
[0.309s] [ 50%] Built target fake_vel_transform_node
[0.310s] [100%] Built target fake_vel_transform
[0.413s] Invoked command in '/home/yy/sight/pfa-nav/build/fake_vel_transform' returned '0': CMAKE_PREFIX_PATH=/opt/ros/humble /usr/bin/cmake --build /home/yy/sight/pfa-nav/build/fake_vel_transform -- -j20 -l20
[0.414s] Invoking command in '/home/yy/sight/pfa-nav/build/fake_vel_transform': CMAKE_PREFIX_PATH=/opt/ros/humble /usr/bin/cmake --install /home/yy/sight/pfa-nav/build/fake_vel_transform
[0.441s] -- Install configuration: "Release"
[0.441s] -- Execute custom install script
[0.441s] -- Up-to-date symlink: /home/yy/sight/pfa-nav/install/fake_vel_transform/lib/fake_vel_transform/fake_vel_transform_node
[0.441s] -- Up-to-date symlink: /home/yy/sight/pfa-nav/install/fake_vel_transform/include/fake_vel_transform/fake_vel_transform.hpp
[0.441s] -- Up-to-date symlink: /home/yy/sight/pfa-nav/install/fake_vel_transform/share/fake_vel_transform/environment/library_path.sh
[0.441s] -- Up-to-date symlink: /home/yy/sight/pfa-nav/install/fake_vel_transform/share/fake_vel_transform/environment/library_path.dsv
[0.441s] -- Up-to-date symlink: /home/yy/sight/pfa-nav/install/fake_vel_transform/lib/libfake_vel_transform.so
[0.441s] -- Up-to-date symlink: /home/yy/sight/pfa-nav/install/fake_vel_transform/share/fake_vel_transform/launch/fake_vel_transform_launch.py
[0.442s] -- Up-to-date symlink: /home/yy/sight/pfa-nav/install/fake_vel_transform/share/ament_index/resource_index/package_run_dependencies/fake_vel_transform
[0.442s] -- Up-to-date symlink: /home/yy/sight/pfa-nav/install/fake_vel_transform/share/ament_index/resource_index/parent_prefix_path/fake_vel_transform
[0.442s] -- Up-to-date symlink: /home/yy/sight/pfa-nav/install/fake_vel_transform/share/fake_vel_transform/environment/ament_prefix_path.sh
[0.442s] -- Up-to-date symlink: /home/yy/sight/pfa-nav/install/fake_vel_transform/share/fake_vel_transform/environment/ament_prefix_path.dsv
[0.442s] -- Up-to-date symlink: /home/yy/sight/pfa-nav/install/fake_vel_transform/share/fake_vel_transform/environment/path.sh
[0.442s] -- Up-to-date symlink: /home/yy/sight/pfa-nav/install/fake_vel_transform/share/fake_vel_transform/environment/path.dsv
[0.442s] -- Up-to-date symlink: /home/yy/sight/pfa-nav/install/fake_vel_transform/share/fake_vel_transform/local_setup.bash
[0.442s] -- Up-to-date symlink: /home/yy/sight/pfa-nav/install/fake_vel_transform/share/fake_vel_transform/local_setup.sh
[0.443s] -- Up-to-date symlink: /home/yy/sight/pfa-nav/install/fake_vel_transform/share/fake_vel_transform/local_setup.zsh
[0.443s] -- Up-to-date symlink: /home/yy/sight/pfa-nav/install/fake_vel_transform/share/fake_vel_transform/local_setup.dsv
[0.443s] -- Symlinking: /home/yy/sight/pfa-nav/install/fake_vel_transform/share/fake_vel_transform/package.dsv
[0.444s] -- Up-to-date symlink: /home/yy/sight/pfa-nav/install/fake_vel_transform/share/ament_index/resource_index/packages/fake_vel_transform
[0.444s] -- Up-to-date symlink: /home/yy/sight/pfa-nav/install/fake_vel_transform/share/ament_index/resource_index/rclcpp_components/fake_vel_transform
[0.444s] -- Up-to-date symlink: /home/yy/sight/pfa-nav/install/fake_vel_transform/share/fake_vel_transform/cmake/ament_cmake_export_dependencies-extras.cmake
[0.444s] -- Up-to-date symlink: /home/yy/sight/pfa-nav/install/fake_vel_transform/share/fake_vel_transform/cmake/ament_cmake_export_include_directories-extras.cmake
[0.444s] -- Up-to-date symlink: /home/yy/sight/pfa-nav/install/fake_vel_transform/share/fake_vel_transform/cmake/ament_cmake_export_libraries-extras.cmake
[0.444s] -- Up-to-date symlink: /home/yy/sight/pfa-nav/install/fake_vel_transform/share/fake_vel_transform/cmake/fake_vel_transformConfig.cmake
[0.444s] -- Up-to-date symlink: /home/yy/sight/pfa-nav/install/fake_vel_transform/share/fake_vel_transform/cmake/fake_vel_transformConfig-version.cmake
[0.444s] -- Up-to-date symlink: /home/yy/sight/pfa-nav/install/fake_vel_transform/share/fake_vel_transform/package.xml
[0.524s] Invoked command in '/home/yy/sight/pfa-nav/build/fake_vel_transform' returned '0': CMAKE_PREFIX_PATH=/opt/ros/humble /usr/bin/cmake --install /home/yy/sight/pfa-nav/build/fake_vel_transform
