[0.004s] Invoking command in '/home/yy/sight/pfa-nav/build/rmoss_projectile_motion': CMAKE_PREFIX_PATH=/opt/ros/humble /usr/bin/cmake --build /home/yy/sight/pfa-nav/build/rmoss_projectile_motion -- -j20 -l20
[0.039s] [100%] Built target rmoss_projectile_motion
[0.144s] Invoked command in '/home/yy/sight/pfa-nav/build/rmoss_projectile_motion' returned '0': CMAKE_PREFIX_PATH=/opt/ros/humble /usr/bin/cmake --build /home/yy/sight/pfa-nav/build/rmoss_projectile_motion -- -j20 -l20
[0.145s] Invoking command in '/home/yy/sight/pfa-nav/build/rmoss_projectile_motion': CMAKE_PREFIX_PATH=/opt/ros/humble /usr/bin/cmake --install /home/yy/sight/pfa-nav/build/rmoss_projectile_motion
[0.151s] -- Install configuration: "Release"
[0.151s] -- Execute custom install script
[0.152s] -- Up-to-date symlink: /home/yy/sight/pfa-nav/install/rmoss_projectile_motion/include/rmoss_projectile_motion/gaf_projectile_solver.hpp
[0.152s] -- Up-to-date symlink: /home/yy/sight/pfa-nav/install/rmoss_projectile_motion/include/rmoss_projectile_motion/gimbal_transform_tool.hpp
[0.152s] -- Up-to-date symlink: /home/yy/sight/pfa-nav/install/rmoss_projectile_motion/include/rmoss_projectile_motion/gravity_projectile_solver.hpp
[0.152s] -- Up-to-date symlink: /home/yy/sight/pfa-nav/install/rmoss_projectile_motion/include/rmoss_projectile_motion/iterative_projectile_tool.hpp
[0.152s] -- Up-to-date symlink: /home/yy/sight/pfa-nav/install/rmoss_projectile_motion/include/rmoss_projectile_motion/projectile_solver_interface.hpp
[0.152s] -- Up-to-date symlink: /home/yy/sight/pfa-nav/install/rmoss_projectile_motion/share/rmoss_projectile_motion/environment/library_path.sh
[0.152s] -- Up-to-date symlink: /home/yy/sight/pfa-nav/install/rmoss_projectile_motion/share/rmoss_projectile_motion/environment/library_path.dsv
[0.152s] -- Up-to-date symlink: /home/yy/sight/pfa-nav/install/rmoss_projectile_motion/share/ament_index/resource_index/package_run_dependencies/rmoss_projectile_motion
[0.152s] -- Up-to-date symlink: /home/yy/sight/pfa-nav/install/rmoss_projectile_motion/share/ament_index/resource_index/parent_prefix_path/rmoss_projectile_motion
[0.152s] -- Up-to-date symlink: /home/yy/sight/pfa-nav/install/rmoss_projectile_motion/share/rmoss_projectile_motion/environment/ament_prefix_path.sh
[0.153s] -- Up-to-date symlink: /home/yy/sight/pfa-nav/install/rmoss_projectile_motion/share/rmoss_projectile_motion/environment/ament_prefix_path.dsv
[0.153s] -- Up-to-date symlink: /home/yy/sight/pfa-nav/install/rmoss_projectile_motion/share/rmoss_projectile_motion/environment/path.sh
[0.153s] -- Up-to-date symlink: /home/yy/sight/pfa-nav/install/rmoss_projectile_motion/share/rmoss_projectile_motion/environment/path.dsv
[0.153s] -- Up-to-date symlink: /home/yy/sight/pfa-nav/install/rmoss_projectile_motion/share/rmoss_projectile_motion/local_setup.bash
[0.153s] -- Up-to-date symlink: /home/yy/sight/pfa-nav/install/rmoss_projectile_motion/share/rmoss_projectile_motion/local_setup.sh
[0.153s] -- Up-to-date symlink: /home/yy/sight/pfa-nav/install/rmoss_projectile_motion/share/rmoss_projectile_motion/local_setup.zsh
[0.153s] -- Up-to-date symlink: /home/yy/sight/pfa-nav/install/rmoss_projectile_motion/share/rmoss_projectile_motion/local_setup.dsv
[0.153s] -- Symlinking: /home/yy/sight/pfa-nav/install/rmoss_projectile_motion/share/rmoss_projectile_motion/package.dsv
[0.160s] -- Up-to-date symlink: /home/yy/sight/pfa-nav/install/rmoss_projectile_motion/share/ament_index/resource_index/packages/rmoss_projectile_motion
[0.160s] -- Up-to-date symlink: /home/yy/sight/pfa-nav/install/rmoss_projectile_motion/share/rmoss_projectile_motion/cmake/ament_cmake_export_targets-extras.cmake
[0.160s] -- Up-to-date symlink: /home/yy/sight/pfa-nav/install/rmoss_projectile_motion/share/rmoss_projectile_motion/cmake/ament_cmake_export_dependencies-extras.cmake
[0.160s] -- Up-to-date symlink: /home/yy/sight/pfa-nav/install/rmoss_projectile_motion/share/rmoss_projectile_motion/cmake/rmoss_projectile_motionConfig.cmake
[0.160s] -- Up-to-date symlink: /home/yy/sight/pfa-nav/install/rmoss_projectile_motion/share/rmoss_projectile_motion/cmake/rmoss_projectile_motionConfig-version.cmake
[0.160s] -- Up-to-date symlink: /home/yy/sight/pfa-nav/install/rmoss_projectile_motion/share/rmoss_projectile_motion/package.xml
[0.160s] -- Up-to-date: /home/yy/sight/pfa-nav/install/rmoss_projectile_motion/lib/librmoss_projectile_motion.so
[0.160s] -- Up-to-date: /home/yy/sight/pfa-nav/install/rmoss_projectile_motion/share/rmoss_projectile_motion/cmake/rmoss_projectile_motionExport.cmake
[0.160s] -- Up-to-date: /home/yy/sight/pfa-nav/install/rmoss_projectile_motion/share/rmoss_projectile_motion/cmake/rmoss_projectile_motionExport-release.cmake
[0.162s] Invoked command in '/home/yy/sight/pfa-nav/build/rmoss_projectile_motion' returned '0': CMAKE_PREFIX_PATH=/opt/ros/humble /usr/bin/cmake --install /home/yy/sight/pfa-nav/build/rmoss_projectile_motion
