[0.006s] Invoking command in '/home/yy/sight/pfa-nav/build/rmoss_base': AMENT_PREFIX_PATH=/home/yy/sight/pfa-nav/install/rmoss_interfaces:${AMENT_PREFIX_PATH} CMAKE_PREFIX_PATH=/home/yy/sight/pfa-nav/install/rmoss_interfaces:/opt/ros/humble LD_LIBRARY_PATH=/home/yy/sight/pfa-nav/install/rmoss_interfaces/lib:/usr/lib/x86_64-linux-gnu/gazebo-11/plugins:/opt/ros/humble/opt/rviz_ogre_vendor/lib:/opt/ros/humble/lib/x86_64-linux-gnu:/opt/ros/humble/lib:/opt/MVS/lib/64:/opt/MVS/lib/32:/opt/MVS/lib/64:/opt/MVS/lib/32:/opt/MVS/lib/64:/opt/MVS/lib/32 PYTHONPATH=/home/yy/sight/pfa-nav/install/rmoss_interfaces/local/lib/python3.10/dist-packages:${PYTHONPATH} /usr/bin/cmake --build /home/yy/sight/pfa-nav/build/rmoss_base -- -j20 -l20
[0.040s] [ 12%] Built target gtest
[0.040s] [ 25%] Built target gtest_main
[0.042s] [ 50%] Built target rmoss_base
[0.058s] [ 62%] Built target simple_robot_base
[0.060s] [ 81%] Built target test_fixed_packet
[0.060s] [ 87%] Built target test_fixed_packet_tool
[0.060s] [100%] Built target test_udp_transporter
[0.065s] Invoked command in '/home/yy/sight/pfa-nav/build/rmoss_base' returned '0': AMENT_PREFIX_PATH=/home/yy/sight/pfa-nav/install/rmoss_interfaces:${AMENT_PREFIX_PATH} CMAKE_PREFIX_PATH=/home/yy/sight/pfa-nav/install/rmoss_interfaces:/opt/ros/humble LD_LIBRARY_PATH=/home/yy/sight/pfa-nav/install/rmoss_interfaces/lib:/usr/lib/x86_64-linux-gnu/gazebo-11/plugins:/opt/ros/humble/opt/rviz_ogre_vendor/lib:/opt/ros/humble/lib/x86_64-linux-gnu:/opt/ros/humble/lib:/opt/MVS/lib/64:/opt/MVS/lib/32:/opt/MVS/lib/64:/opt/MVS/lib/32:/opt/MVS/lib/64:/opt/MVS/lib/32 PYTHONPATH=/home/yy/sight/pfa-nav/install/rmoss_interfaces/local/lib/python3.10/dist-packages:${PYTHONPATH} /usr/bin/cmake --build /home/yy/sight/pfa-nav/build/rmoss_base -- -j20 -l20
[0.066s] Invoking command in '/home/yy/sight/pfa-nav/build/rmoss_base': AMENT_PREFIX_PATH=/home/yy/sight/pfa-nav/install/rmoss_interfaces:${AMENT_PREFIX_PATH} CMAKE_PREFIX_PATH=/home/yy/sight/pfa-nav/install/rmoss_interfaces:/opt/ros/humble LD_LIBRARY_PATH=/home/yy/sight/pfa-nav/install/rmoss_interfaces/lib:/usr/lib/x86_64-linux-gnu/gazebo-11/plugins:/opt/ros/humble/opt/rviz_ogre_vendor/lib:/opt/ros/humble/lib/x86_64-linux-gnu:/opt/ros/humble/lib:/opt/MVS/lib/64:/opt/MVS/lib/32:/opt/MVS/lib/64:/opt/MVS/lib/32:/opt/MVS/lib/64:/opt/MVS/lib/32 PYTHONPATH=/home/yy/sight/pfa-nav/install/rmoss_interfaces/local/lib/python3.10/dist-packages:${PYTHONPATH} /usr/bin/cmake --install /home/yy/sight/pfa-nav/build/rmoss_base
[0.069s] -- Install configuration: "Release"
[0.070s] -- Execute custom install script
[0.070s] -- Up-to-date symlink: /home/yy/sight/pfa-nav/install/rmoss_base/include/rmoss_base/fixed_packet.hpp
[0.070s] -- Up-to-date symlink: /home/yy/sight/pfa-nav/install/rmoss_base/include/rmoss_base/fixed_packet_tool.hpp
[0.070s] -- Up-to-date symlink: /home/yy/sight/pfa-nav/install/rmoss_base/include/rmoss_base/simple_robot_base_node.hpp
[0.070s] -- Up-to-date symlink: /home/yy/sight/pfa-nav/install/rmoss_base/include/rmoss_base/transporter_interface.hpp
[0.070s] -- Up-to-date symlink: /home/yy/sight/pfa-nav/install/rmoss_base/include/rmoss_base/uart_transporter.hpp
[0.070s] -- Up-to-date symlink: /home/yy/sight/pfa-nav/install/rmoss_base/include/rmoss_base/udp_transporter.hpp
[0.071s] -- Up-to-date symlink: /home/yy/sight/pfa-nav/install/rmoss_base/lib/rmoss_base/simple_robot_base
[0.071s] -- Up-to-date symlink: /home/yy/sight/pfa-nav/install/rmoss_base/lib/rmoss_base/test_control_chassis.py
[0.071s] -- Up-to-date symlink: /home/yy/sight/pfa-nav/install/rmoss_base/lib/rmoss_base/test_control_gimbal.py
[0.071s] -- Up-to-date symlink: /home/yy/sight/pfa-nav/install/rmoss_base/share/rmoss_base/environment/library_path.sh
[0.071s] -- Up-to-date symlink: /home/yy/sight/pfa-nav/install/rmoss_base/share/rmoss_base/environment/library_path.dsv
[0.071s] -- Up-to-date symlink: /home/yy/sight/pfa-nav/install/rmoss_base/share/ament_index/resource_index/package_run_dependencies/rmoss_base
[0.071s] -- Up-to-date symlink: /home/yy/sight/pfa-nav/install/rmoss_base/share/ament_index/resource_index/parent_prefix_path/rmoss_base
[0.071s] -- Up-to-date symlink: /home/yy/sight/pfa-nav/install/rmoss_base/share/rmoss_base/environment/ament_prefix_path.sh
[0.071s] -- Up-to-date symlink: /home/yy/sight/pfa-nav/install/rmoss_base/share/rmoss_base/environment/ament_prefix_path.dsv
[0.071s] -- Up-to-date symlink: /home/yy/sight/pfa-nav/install/rmoss_base/share/rmoss_base/environment/path.sh
[0.071s] -- Up-to-date symlink: /home/yy/sight/pfa-nav/install/rmoss_base/share/rmoss_base/environment/path.dsv
[0.071s] -- Up-to-date symlink: /home/yy/sight/pfa-nav/install/rmoss_base/share/rmoss_base/local_setup.bash
[0.071s] -- Up-to-date symlink: /home/yy/sight/pfa-nav/install/rmoss_base/share/rmoss_base/local_setup.sh
[0.071s] -- Up-to-date symlink: /home/yy/sight/pfa-nav/install/rmoss_base/share/rmoss_base/local_setup.zsh
[0.071s] -- Up-to-date symlink: /home/yy/sight/pfa-nav/install/rmoss_base/share/rmoss_base/local_setup.dsv
[0.072s] -- Symlinking: /home/yy/sight/pfa-nav/install/rmoss_base/share/rmoss_base/package.dsv
[0.076s] -- Up-to-date symlink: /home/yy/sight/pfa-nav/install/rmoss_base/share/ament_index/resource_index/packages/rmoss_base
[0.076s] -- Up-to-date symlink: /home/yy/sight/pfa-nav/install/rmoss_base/share/ament_index/resource_index/rclcpp_components/rmoss_base
[0.076s] -- Up-to-date symlink: /home/yy/sight/pfa-nav/install/rmoss_base/share/rmoss_base/cmake/ament_cmake_export_targets-extras.cmake
[0.077s] -- Up-to-date symlink: /home/yy/sight/pfa-nav/install/rmoss_base/share/rmoss_base/cmake/ament_cmake_export_dependencies-extras.cmake
[0.077s] -- Up-to-date symlink: /home/yy/sight/pfa-nav/install/rmoss_base/share/rmoss_base/cmake/rmoss_baseConfig.cmake
[0.077s] -- Up-to-date symlink: /home/yy/sight/pfa-nav/install/rmoss_base/share/rmoss_base/cmake/rmoss_baseConfig-version.cmake
[0.077s] -- Up-to-date symlink: /home/yy/sight/pfa-nav/install/rmoss_base/share/rmoss_base/package.xml
[0.077s] -- Up-to-date: /home/yy/sight/pfa-nav/install/rmoss_base/lib/librmoss_base.so
[0.077s] -- Up-to-date: /home/yy/sight/pfa-nav/install/rmoss_base/share/rmoss_base/cmake/rmoss_baseExport.cmake
[0.077s] -- Up-to-date: /home/yy/sight/pfa-nav/install/rmoss_base/share/rmoss_base/cmake/rmoss_baseExport-release.cmake
[0.079s] Invoked command in '/home/yy/sight/pfa-nav/build/rmoss_base' returned '0': AMENT_PREFIX_PATH=/home/yy/sight/pfa-nav/install/rmoss_interfaces:${AMENT_PREFIX_PATH} CMAKE_PREFIX_PATH=/home/yy/sight/pfa-nav/install/rmoss_interfaces:/opt/ros/humble LD_LIBRARY_PATH=/home/yy/sight/pfa-nav/install/rmoss_interfaces/lib:/usr/lib/x86_64-linux-gnu/gazebo-11/plugins:/opt/ros/humble/opt/rviz_ogre_vendor/lib:/opt/ros/humble/lib/x86_64-linux-gnu:/opt/ros/humble/lib:/opt/MVS/lib/64:/opt/MVS/lib/32:/opt/MVS/lib/64:/opt/MVS/lib/32:/opt/MVS/lib/64:/opt/MVS/lib/32 PYTHONPATH=/home/yy/sight/pfa-nav/install/rmoss_interfaces/local/lib/python3.10/dist-packages:${PYTHONPATH} /usr/bin/cmake --install /home/yy/sight/pfa-nav/build/rmoss_base
