[0.273s] Invoking command in '/home/yy/sight/pfa-nav/build/loam_interface': CMAKE_PREFIX_PATH=/opt/ros/humble /usr/bin/cmake --build /home/yy/sight/pfa-nav/build/loam_interface -- -j20 -l20
[0.313s] [35m[1mConsolidate compiler generated dependencies of target loam_interface[0m
[0.313s] [35m[1mConsolidate compiler generated dependencies of target loam_interface_node[0m
[0.340s] [ 50%] Built target loam_interface_node
[0.344s] [100%] Built target loam_interface
[0.444s] Invoked command in '/home/yy/sight/pfa-nav/build/loam_interface' returned '0': CMAKE_PREFIX_PATH=/opt/ros/humble /usr/bin/cmake --build /home/yy/sight/pfa-nav/build/loam_interface -- -j20 -l20
[0.445s] Invoking command in '/home/yy/sight/pfa-nav/build/loam_interface': CMAKE_PREFIX_PATH=/opt/ros/humble /usr/bin/cmake --install /home/yy/sight/pfa-nav/build/loam_interface
[0.459s] -- Install configuration: "Release"
[0.459s] -- Execute custom install script
[0.459s] -- Up-to-date symlink: /home/yy/sight/pfa-nav/install/loam_interface/lib/loam_interface/loam_interface_node
[0.459s] -- Up-to-date symlink: /home/yy/sight/pfa-nav/install/loam_interface/include/loam_interface/loam_interface.hpp
[0.459s] -- Up-to-date symlink: /home/yy/sight/pfa-nav/install/loam_interface/share/loam_interface/environment/library_path.sh
[0.459s] -- Up-to-date symlink: /home/yy/sight/pfa-nav/install/loam_interface/share/loam_interface/environment/library_path.dsv
[0.459s] -- Up-to-date symlink: /home/yy/sight/pfa-nav/install/loam_interface/lib/libloam_interface.so
[0.459s] -- Up-to-date symlink: /home/yy/sight/pfa-nav/install/loam_interface/share/loam_interface/launch/loam_interface_launch.py
[0.459s] -- Up-to-date symlink: /home/yy/sight/pfa-nav/install/loam_interface/share/ament_index/resource_index/package_run_dependencies/loam_interface
[0.459s] -- Up-to-date symlink: /home/yy/sight/pfa-nav/install/loam_interface/share/ament_index/resource_index/parent_prefix_path/loam_interface
[0.459s] -- Up-to-date symlink: /home/yy/sight/pfa-nav/install/loam_interface/share/loam_interface/environment/ament_prefix_path.sh
[0.459s] -- Up-to-date symlink: /home/yy/sight/pfa-nav/install/loam_interface/share/loam_interface/environment/ament_prefix_path.dsv
[0.459s] -- Up-to-date symlink: /home/yy/sight/pfa-nav/install/loam_interface/share/loam_interface/environment/path.sh
[0.459s] -- Up-to-date symlink: /home/yy/sight/pfa-nav/install/loam_interface/share/loam_interface/environment/path.dsv
[0.459s] -- Up-to-date symlink: /home/yy/sight/pfa-nav/install/loam_interface/share/loam_interface/local_setup.bash
[0.459s] -- Up-to-date symlink: /home/yy/sight/pfa-nav/install/loam_interface/share/loam_interface/local_setup.sh
[0.459s] -- Up-to-date symlink: /home/yy/sight/pfa-nav/install/loam_interface/share/loam_interface/local_setup.zsh
[0.459s] -- Up-to-date symlink: /home/yy/sight/pfa-nav/install/loam_interface/share/loam_interface/local_setup.dsv
[0.459s] -- Symlinking: /home/yy/sight/pfa-nav/install/loam_interface/share/loam_interface/package.dsv
[0.459s] -- Up-to-date symlink: /home/yy/sight/pfa-nav/install/loam_interface/share/ament_index/resource_index/packages/loam_interface
[0.460s] -- Up-to-date symlink: /home/yy/sight/pfa-nav/install/loam_interface/share/ament_index/resource_index/rclcpp_components/loam_interface
[0.460s] -- Up-to-date symlink: /home/yy/sight/pfa-nav/install/loam_interface/share/loam_interface/cmake/ament_cmake_export_dependencies-extras.cmake
[0.460s] -- Up-to-date symlink: /home/yy/sight/pfa-nav/install/loam_interface/share/loam_interface/cmake/ament_cmake_export_include_directories-extras.cmake
[0.460s] -- Up-to-date symlink: /home/yy/sight/pfa-nav/install/loam_interface/share/loam_interface/cmake/ament_cmake_export_libraries-extras.cmake
[0.460s] -- Up-to-date symlink: /home/yy/sight/pfa-nav/install/loam_interface/share/loam_interface/cmake/loam_interfaceConfig.cmake
[0.460s] -- Up-to-date symlink: /home/yy/sight/pfa-nav/install/loam_interface/share/loam_interface/cmake/loam_interfaceConfig-version.cmake
[0.460s] -- Up-to-date symlink: /home/yy/sight/pfa-nav/install/loam_interface/share/loam_interface/package.xml
[0.570s] Invoked command in '/home/yy/sight/pfa-nav/build/loam_interface' returned '0': CMAKE_PREFIX_PATH=/opt/ros/humble /usr/bin/cmake --install /home/yy/sight/pfa-nav/build/loam_interface
