[0.038s] Invoking command in '/home/yy/sight/pfa-nav/build/pb2025_robot_description': AMENT_PREFIX_PATH=/home/yy/sight/pfa-nav/install/sdformat_tools:/home/yy/sight/pfa-nav/install/rmoss_gz_resources:${AMENT_PREFIX_PATH} CMAKE_PREFIX_PATH=/home/yy/sight/pfa-nav/install/rmoss_gz_resources:/opt/ros/humble PATH=/home/yy/sight/pfa-nav/install/sdformat_tools/bin:${PATH} PYTHONPATH=/home/yy/sight/pfa-nav/build/sdformat_tools:/home/yy/sight/pfa-nav/install/sdformat_tools/lib/python3.10/site-packages:${PYTHONPATH} /usr/bin/cmake /home/yy/sight/pfa-nav/pb2025_robot_description -DCMAKE_BUILD_TYPE=Release -DAMENT_CMAKE_SYMLINK_INSTALL=1 -DCMAKE_INSTALL_PREFIX=/home/yy/sight/pfa-nav/install/pb2025_robot_description
[2.671s] -- The C compiler identification is GNU 11.4.0
[2.672s] -- The CXX compiler identification is GNU 11.4.0
[2.672s] -- Detecting C compiler ABI info
[2.672s] -- Detecting C compiler ABI info - done
[2.672s] -- Check for working C compiler: /usr/bin/cc - skipped
[2.672s] -- Detecting C compile features
[2.672s] -- Detecting C compile features - done
[2.672s] -- Detecting CXX compiler ABI info
[2.672s] -- Detecting CXX compiler ABI info - done
[2.672s] -- Check for working CXX compiler: /usr/bin/c++ - skipped
[2.673s] -- Detecting CXX compile features
[2.673s] -- Detecting CXX compile features - done
[2.673s] -- Found ament_cmake: 1.3.12 (/opt/ros/humble/share/ament_cmake/cmake)
[2.673s] -- Found Python3: /usr/bin/python3 (found version "3.10.12") found components: Interpreter 
[2.673s] -- Override CMake install command with custom implementation using symlinks instead of copying resources
[2.673s] -- Configuring done
[2.673s] -- Generating done
[2.679s] -- Build files have been written to: /home/yy/sight/pfa-nav/build/pb2025_robot_description
[2.716s] Invoked command in '/home/yy/sight/pfa-nav/build/pb2025_robot_description' returned '0': AMENT_PREFIX_PATH=/home/yy/sight/pfa-nav/install/sdformat_tools:/home/yy/sight/pfa-nav/install/rmoss_gz_resources:${AMENT_PREFIX_PATH} CMAKE_PREFIX_PATH=/home/yy/sight/pfa-nav/install/rmoss_gz_resources:/opt/ros/humble PATH=/home/yy/sight/pfa-nav/install/sdformat_tools/bin:${PATH} PYTHONPATH=/home/yy/sight/pfa-nav/build/sdformat_tools:/home/yy/sight/pfa-nav/install/sdformat_tools/lib/python3.10/site-packages:${PYTHONPATH} /usr/bin/cmake /home/yy/sight/pfa-nav/pb2025_robot_description -DCMAKE_BUILD_TYPE=Release -DAMENT_CMAKE_SYMLINK_INSTALL=1 -DCMAKE_INSTALL_PREFIX=/home/yy/sight/pfa-nav/install/pb2025_robot_description
[2.716s] Invoking command in '/home/yy/sight/pfa-nav/build/pb2025_robot_description': AMENT_PREFIX_PATH=/home/yy/sight/pfa-nav/install/sdformat_tools:/home/yy/sight/pfa-nav/install/rmoss_gz_resources:${AMENT_PREFIX_PATH} CMAKE_PREFIX_PATH=/home/yy/sight/pfa-nav/install/rmoss_gz_resources:/opt/ros/humble PATH=/home/yy/sight/pfa-nav/install/sdformat_tools/bin:${PATH} PYTHONPATH=/home/yy/sight/pfa-nav/build/sdformat_tools:/home/yy/sight/pfa-nav/install/sdformat_tools/lib/python3.10/site-packages:${PYTHONPATH} /usr/bin/cmake --build /home/yy/sight/pfa-nav/build/pb2025_robot_description -- -j20 -l20
[18.446s] Invoked command in '/home/yy/sight/pfa-nav/build/pb2025_robot_description' returned '0': AMENT_PREFIX_PATH=/home/yy/sight/pfa-nav/install/sdformat_tools:/home/yy/sight/pfa-nav/install/rmoss_gz_resources:${AMENT_PREFIX_PATH} CMAKE_PREFIX_PATH=/home/yy/sight/pfa-nav/install/rmoss_gz_resources:/opt/ros/humble PATH=/home/yy/sight/pfa-nav/install/sdformat_tools/bin:${PATH} PYTHONPATH=/home/yy/sight/pfa-nav/build/sdformat_tools:/home/yy/sight/pfa-nav/install/sdformat_tools/lib/python3.10/site-packages:${PYTHONPATH} /usr/bin/cmake --build /home/yy/sight/pfa-nav/build/pb2025_robot_description -- -j20 -l20
[18.448s] Invoking command in '/home/yy/sight/pfa-nav/build/pb2025_robot_description': AMENT_PREFIX_PATH=/home/yy/sight/pfa-nav/install/sdformat_tools:/home/yy/sight/pfa-nav/install/rmoss_gz_resources:${AMENT_PREFIX_PATH} CMAKE_PREFIX_PATH=/home/yy/sight/pfa-nav/install/rmoss_gz_resources:/opt/ros/humble PATH=/home/yy/sight/pfa-nav/install/sdformat_tools/bin:${PATH} PYTHONPATH=/home/yy/sight/pfa-nav/build/sdformat_tools:/home/yy/sight/pfa-nav/install/sdformat_tools/lib/python3.10/site-packages:${PYTHONPATH} /usr/bin/cmake --install /home/yy/sight/pfa-nav/build/pb2025_robot_description
[22.207s] -- Install configuration: "Release"
[22.207s] -- Execute custom install script
[22.207s] -- Symlinking: /home/yy/sight/pfa-nav/install/pb2025_robot_description/share/pb2025_robot_description//launch/robot_description_launch.py
[22.207s] -- Symlinking: /home/yy/sight/pfa-nav/install/pb2025_robot_description/share/pb2025_robot_description//params/robot_description.yaml
[22.207s] -- Symlinking: /home/yy/sight/pfa-nav/install/pb2025_robot_description/share/pb2025_robot_description//resource/models/industrial_camera/meshes/industrial_camera.dae
[22.207s] -- Symlinking: /home/yy/sight/pfa-nav/install/pb2025_robot_description/share/pb2025_robot_description//resource/models/industrial_camera/model.config
[22.207s] -- Symlinking: /home/yy/sight/pfa-nav/install/pb2025_robot_description/share/pb2025_robot_description//resource/models/industrial_camera/model.sdf
[22.207s] -- Symlinking: /home/yy/sight/pfa-nav/install/pb2025_robot_description/share/pb2025_robot_description//resource/models/industrial_camera/model.sdf.xmacro
[22.207s] -- Symlinking: /home/yy/sight/pfa-nav/install/pb2025_robot_description/share/pb2025_robot_description//resource/models/mid360/meshes/mid360.dae
[22.207s] -- Symlinking: /home/yy/sight/pfa-nav/install/pb2025_robot_description/share/pb2025_robot_description//resource/models/mid360/model.config
[22.207s] -- Symlinking: /home/yy/sight/pfa-nav/install/pb2025_robot_description/share/pb2025_robot_description//resource/models/mid360/model.sdf
[22.207s] -- Symlinking: /home/yy/sight/pfa-nav/install/pb2025_robot_description/share/pb2025_robot_description//resource/models/mid360/model.sdf.xmacro
[22.207s] -- Symlinking: /home/yy/sight/pfa-nav/install/pb2025_robot_description/share/pb2025_robot_description//resource/models/rplidar_a2/meshes/rplidar_a2.dae
[22.207s] -- Symlinking: /home/yy/sight/pfa-nav/install/pb2025_robot_description/share/pb2025_robot_description//resource/models/rplidar_a2/model.config
[22.207s] -- Symlinking: /home/yy/sight/pfa-nav/install/pb2025_robot_description/share/pb2025_robot_description//resource/models/rplidar_a2/model.sdf
[22.207s] -- Symlinking: /home/yy/sight/pfa-nav/install/pb2025_robot_description/share/pb2025_robot_description//resource/models/rplidar_a2/model.sdf.xmacro
[22.207s] -- Symlinking: /home/yy/sight/pfa-nav/install/pb2025_robot_description/share/pb2025_robot_description//resource/xmacro/pb2025_infantry_robot.sdf.xmacro
[22.207s] -- Symlinking: /home/yy/sight/pfa-nav/install/pb2025_robot_description/share/pb2025_robot_description//resource/xmacro/pb2025_sentry_robot.sdf.xmacro
[22.208s] -- Symlinking: /home/yy/sight/pfa-nav/install/pb2025_robot_description/share/pb2025_robot_description//resource/xmacro/pfa_sentry_robot.sdf.xmacro
[22.208s] -- Symlinking: /home/yy/sight/pfa-nav/install/pb2025_robot_description/share/pb2025_robot_description//resource/xmacro/pfa_zheng_robot.sdf.xmacro
[22.208s] -- Symlinking: /home/yy/sight/pfa-nav/install/pb2025_robot_description/share/pb2025_robot_description//resource/xmacro/simulation_robot.sdf.xmacro
[22.208s] -- Symlinking: /home/yy/sight/pfa-nav/install/pb2025_robot_description/share/pb2025_robot_description//rviz/visualize_robot.rviz
[22.208s] -- Symlinking: /home/yy/sight/pfa-nav/install/pb2025_robot_description/share/pb2025_robot_description/environment/gazebo.dsv
[22.208s] -- Symlinking: /home/yy/sight/pfa-nav/install/pb2025_robot_description/share/ament_index/resource_index/package_run_dependencies/pb2025_robot_description
[22.210s] -- Symlinking: /home/yy/sight/pfa-nav/install/pb2025_robot_description/share/ament_index/resource_index/parent_prefix_path/pb2025_robot_description
[22.211s] -- Symlinking: /home/yy/sight/pfa-nav/install/pb2025_robot_description/share/pb2025_robot_description/environment/ament_prefix_path.sh
[22.211s] -- Symlinking: /home/yy/sight/pfa-nav/install/pb2025_robot_description/share/pb2025_robot_description/environment/ament_prefix_path.dsv
[22.211s] -- Symlinking: /home/yy/sight/pfa-nav/install/pb2025_robot_description/share/pb2025_robot_description/environment/path.sh
[22.211s] -- Symlinking: /home/yy/sight/pfa-nav/install/pb2025_robot_description/share/pb2025_robot_description/environment/path.dsv
[22.211s] -- Symlinking: /home/yy/sight/pfa-nav/install/pb2025_robot_description/share/pb2025_robot_description/local_setup.bash
[22.212s] -- Symlinking: /home/yy/sight/pfa-nav/install/pb2025_robot_description/share/pb2025_robot_description/local_setup.sh
[22.212s] -- Symlinking: /home/yy/sight/pfa-nav/install/pb2025_robot_description/share/pb2025_robot_description/local_setup.zsh
[22.212s] -- Symlinking: /home/yy/sight/pfa-nav/install/pb2025_robot_description/share/pb2025_robot_description/local_setup.dsv
[22.212s] -- Symlinking: /home/yy/sight/pfa-nav/install/pb2025_robot_description/share/pb2025_robot_description/package.dsv
[22.212s] -- Symlinking: /home/yy/sight/pfa-nav/install/pb2025_robot_description/share/ament_index/resource_index/packages/pb2025_robot_description
[22.212s] -- Symlinking: /home/yy/sight/pfa-nav/install/pb2025_robot_description/share/pb2025_robot_description/cmake/pb2025_robot_descriptionConfig.cmake
[22.212s] -- Symlinking: /home/yy/sight/pfa-nav/install/pb2025_robot_description/share/pb2025_robot_description/cmake/pb2025_robot_descriptionConfig-version.cmake
[22.212s] -- Symlinking: /home/yy/sight/pfa-nav/install/pb2025_robot_description/share/pb2025_robot_description/package.xml
[22.218s] Invoked command in '/home/yy/sight/pfa-nav/build/pb2025_robot_description' returned '0': AMENT_PREFIX_PATH=/home/yy/sight/pfa-nav/install/sdformat_tools:/home/yy/sight/pfa-nav/install/rmoss_gz_resources:${AMENT_PREFIX_PATH} CMAKE_PREFIX_PATH=/home/yy/sight/pfa-nav/install/rmoss_gz_resources:/opt/ros/humble PATH=/home/yy/sight/pfa-nav/install/sdformat_tools/bin:${PATH} PYTHONPATH=/home/yy/sight/pfa-nav/build/sdformat_tools:/home/yy/sight/pfa-nav/install/sdformat_tools/lib/python3.10/site-packages:${PYTHONPATH} /usr/bin/cmake --install /home/yy/sight/pfa-nav/build/pb2025_robot_description
