[1.478s] Invoking command in '/home/yy/sight/pfa-nav/build/joint_state_publisher_gui': AMENT_PREFIX_PATH=/home/yy/sight/pfa-nav/install/joint_state_publisher:${AMENT_PREFIX_PATH} PYTHONPATH=/home/yy/sight/pfa-nav/build/joint_state_publisher_gui/prefix_override:/usr/lib/python3/dist-packages/colcon_core/task/python/colcon_distutils_commands:/home/yy/sight/pfa-nav/install/joint_state_publisher_gui/lib/python3.10/site-packages:/home/yy/sight/pfa-nav/build/joint_state_publisher:/home/yy/sight/pfa-nav/install/joint_state_publisher/lib/python3.10/site-packages:${PYTHONPATH} /usr/bin/python3 -W ignore:setup.py install is deprecated -W ignore:easy_install command is deprecated setup.py develop --editable --build-directory /home/yy/sight/pfa-nav/build/joint_state_publisher_gui/build --no-deps symlink_data
[18.624s] running develop
[18.624s] running egg_info
[18.624s] creating joint_state_publisher_gui.egg-info
[18.624s] writing joint_state_publisher_gui.egg-info/PKG-INFO
[18.624s] writing dependency_links to joint_state_publisher_gui.egg-info/dependency_links.txt
[18.624s] writing entry points to joint_state_publisher_gui.egg-info/entry_points.txt
[18.624s] writing requirements to joint_state_publisher_gui.egg-info/requires.txt
[18.624s] writing top-level names to joint_state_publisher_gui.egg-info/top_level.txt
[18.624s] writing manifest file 'joint_state_publisher_gui.egg-info/SOURCES.txt'
[18.624s] reading manifest file 'joint_state_publisher_gui.egg-info/SOURCES.txt'
[18.625s] writing manifest file 'joint_state_publisher_gui.egg-info/SOURCES.txt'
[18.625s] running build_ext
[18.625s] Creating /home/yy/sight/pfa-nav/install/joint_state_publisher_gui/lib/python3.10/site-packages/joint-state-publisher-gui.egg-link (link to .)
[18.625s] Installing joint_state_publisher_gui script to /home/yy/sight/pfa-nav/install/joint_state_publisher_gui/lib/joint_state_publisher_gui
[18.625s] 
[18.625s] Installed /home/yy/sight/pfa-nav/build/joint_state_publisher_gui
[18.625s] running symlink_data
[18.625s] creating /home/yy/sight/pfa-nav/install/joint_state_publisher_gui/share/ament_index
[18.625s] creating /home/yy/sight/pfa-nav/install/joint_state_publisher_gui/share/ament_index/resource_index
[18.625s] creating /home/yy/sight/pfa-nav/install/joint_state_publisher_gui/share/ament_index/resource_index/packages
[18.625s] symbolically linking /home/yy/sight/pfa-nav/build/joint_state_publisher_gui/resource/joint_state_publisher_gui -> /home/yy/sight/pfa-nav/install/joint_state_publisher_gui/share/ament_index/resource_index/packages
[18.625s] symbolically linking /home/yy/sight/pfa-nav/build/joint_state_publisher_gui/package.xml -> /home/yy/sight/pfa-nav/install/joint_state_publisher_gui/share/joint_state_publisher_gui
[18.632s] Invoked command in '/home/yy/sight/pfa-nav/build/joint_state_publisher_gui' returned '0': AMENT_PREFIX_PATH=/home/yy/sight/pfa-nav/install/joint_state_publisher:${AMENT_PREFIX_PATH} PYTHONPATH=/home/yy/sight/pfa-nav/build/joint_state_publisher_gui/prefix_override:/usr/lib/python3/dist-packages/colcon_core/task/python/colcon_distutils_commands:/home/yy/sight/pfa-nav/install/joint_state_publisher_gui/lib/python3.10/site-packages:/home/yy/sight/pfa-nav/build/joint_state_publisher:/home/yy/sight/pfa-nav/install/joint_state_publisher/lib/python3.10/site-packages:${PYTHONPATH} /usr/bin/python3 -W ignore:setup.py install is deprecated -W ignore:easy_install command is deprecated setup.py develop --editable --build-directory /home/yy/sight/pfa-nav/build/joint_state_publisher_gui/build --no-deps symlink_data
