[0.007s] Invoking command in '/home/yy/sight/pfa-nav/build/point_lio': AMENT_PREFIX_PATH=/home/yy/sight/pfa-nav/install/livox_ros_driver2:${AMENT_PREFIX_PATH} CMAKE_PREFIX_PATH=/home/yy/sight/pfa-nav/install/livox_ros_driver2:/opt/ros/humble LD_LIBRARY_PATH=/home/yy/sight/pfa-nav/install/livox_ros_driver2/lib:/usr/lib/x86_64-linux-gnu/gazebo-11/plugins:/opt/ros/humble/opt/rviz_ogre_vendor/lib:/opt/ros/humble/lib/x86_64-linux-gnu:/opt/ros/humble/lib:/opt/MVS/lib/64:/opt/MVS/lib/32:/opt/MVS/lib/64:/opt/MVS/lib/32:/opt/MVS/lib/64:/opt/MVS/lib/32 PYTHONPATH=/home/yy/sight/pfa-nav/install/livox_ros_driver2/local/lib/python3.10/dist-packages:${PYTHONPATH} /usr/bin/cmake /home/yy/sight/pfa-nav/src/pb2025_sentry_nav/point_lio -DCMAKE_BUILD_TYPE=Release -DAMENT_CMAKE_SYMLINK_INSTALL=1 -DCMAKE_INSTALL_PREFIX=/home/yy/sight/pfa-nav/install/point_lio
[0.047s] -- The C compiler identification is GNU 11.4.0
[0.083s] -- The CXX compiler identification is GNU 11.4.0
[0.087s] -- Detecting C compiler ABI info
[0.140s] -- Detecting C compiler ABI info - done
[0.144s] -- Check for working C compiler: /usr/bin/cc - skipped
[0.144s] -- Detecting C compile features
[0.144s] -- Detecting C compile features - done
[0.146s] -- Detecting CXX compiler ABI info
[0.202s] -- Detecting CXX compiler ABI info - done
[0.205s] -- Check for working CXX compiler: /usr/bin/c++ - skipped
[0.206s] -- Detecting CXX compile features
[0.206s] -- Detecting CXX compile features - done
[0.212s] -- Processor number:  20
[0.212s] -- core for MP:  3
[0.213s] -- Found ament_cmake: 1.3.12 (/opt/ros/humble/share/ament_cmake/cmake)
[0.301s] -- Found Python3: /usr/bin/python3 (found version "3.10.12") found components: Interpreter 
[0.339s] -- Override CMake install command with custom implementation using symlinks instead of copying resources
[0.357s] -- Found rclcpp: 16.0.14 (/opt/ros/humble/share/rclcpp/cmake)
[0.383s] -- Found rosidl_generator_c: 3.1.7 (/opt/ros/humble/share/rosidl_generator_c/cmake)
[0.385s] -- Found rosidl_adapter: 3.1.7 (/opt/ros/humble/share/rosidl_adapter/cmake)
[0.389s] -- Found rosidl_generator_cpp: 3.1.7 (/opt/ros/humble/share/rosidl_generator_cpp/cmake)
[0.395s] -- Using all available rosidl_typesupport_c: rosidl_typesupport_fastrtps_c;rosidl_typesupport_introspection_c
[0.403s] -- Using all available rosidl_typesupport_cpp: rosidl_typesupport_fastrtps_cpp;rosidl_typesupport_introspection_cpp
[0.426s] -- Found rmw_implementation_cmake: 6.1.2 (/opt/ros/humble/share/rmw_implementation_cmake/cmake)
[0.427s] -- Found rmw_fastrtps_cpp: 6.2.8 (/opt/ros/humble/share/rmw_fastrtps_cpp/cmake)
[0.484s] -- Found OpenSSL: /usr/lib/x86_64-linux-gnu/libcrypto.so (found version "3.0.2")  
[0.505s] -- Found FastRTPS: /opt/ros/humble/include  
[0.530s] -- Using RMW implementation 'rmw_fastrtps_cpp' as default
[0.534s] -- Looking for pthread.h
[0.586s] -- Looking for pthread.h - found
[0.587s] -- Performing Test CMAKE_HAVE_LIBC_PTHREAD
[0.643s] -- Performing Test CMAKE_HAVE_LIBC_PTHREAD - Success
[0.644s] -- Found Threads: TRUE  
[0.671s] -- Found rclpy: 3.3.17 (/opt/ros/humble/share/rclpy/cmake)
[0.672s] -- Found geometry_msgs: 4.9.0 (/opt/ros/humble/share/geometry_msgs/cmake)
[0.681s] -- Found nav_msgs: 4.9.0 (/opt/ros/humble/share/nav_msgs/cmake)
[0.692s] -- Found sensor_msgs: 4.9.0 (/opt/ros/humble/share/sensor_msgs/cmake)
[0.700s] -- Found visualization_msgs: 4.9.0 (/opt/ros/humble/share/visualization_msgs/cmake)
[0.712s] -- Found pcl_ros: 2.4.5 (/opt/ros/humble/share/pcl_ros/cmake)
[0.737s] -- Checking for module 'eigen3'
[0.747s] --   Found eigen3, version 3.4.0
[0.770s] -- Found Eigen: /usr/include/eigen3 (Required is at least version "3.1") 
[0.770s] -- Eigen found (include: /usr/include/eigen3, version: 3.4.0)
[0.794s] -- Checking for module 'flann'
[0.806s] --   Found flann, version 1.9.1
[0.835s] -- Found FLANN: /usr/lib/x86_64-linux-gnu/libflann_cpp.so  
[0.835s] -- FLANN found (include: /usr/include, lib: /usr/lib/x86_64-linux-gnu/libflann_cpp.so)
[1.504s] -- Checking for module 'libusb-1.0'
[1.517s] --   Found libusb-1.0, version 1.0.25
[1.544s] -- Found libusb: /usr/lib/x86_64-linux-gnu/libusb-1.0.so  
[1.545s] -- OpenNI found (version: 1.5.4.0, include: /usr/include/ni, lib: /usr/lib/libOpenNI.so;libusb::libusb)
[1.589s] -- OpenNI2 found (version: 2.2.0.33, include: /usr/include/openni2, lib: /usr/lib/x86_64-linux-gnu/libOpenNI2.so;libusb::libusb)
[1.686s] -- Eigen found (include: /usr/include/eigen3, version: 3.4.0)
[1.691s] -- OpenNI found (version: 1.5.4.0, include: /usr/include/ni, lib: /usr/lib/libOpenNI.so;libusb::libusb)
[1.697s] -- OpenNI2 found (version: 2.2.0.33, include: /usr/include/openni2, lib: /usr/lib/x86_64-linux-gnu/libOpenNI2.so;libusb::libusb)
[1.811s] -- Found Qhull version 8.0.2
[1.918s] -- OpenNI found (version: 1.5.4.0, include: /usr/include/ni, lib: /usr/lib/libOpenNI.so;libusb::libusb)
[2.017s] -- Found PCL_COMMON: /usr/lib/x86_64-linux-gnu/libpcl_common.so  
[2.018s] -- Found PCL_KDTREE: /usr/lib/x86_64-linux-gnu/libpcl_kdtree.so  
[2.019s] -- Found PCL_OCTREE: /usr/lib/x86_64-linux-gnu/libpcl_octree.so  
[2.019s] -- Found PCL_SEARCH: /usr/lib/x86_64-linux-gnu/libpcl_search.so  
[2.020s] -- Found PCL_SAMPLE_CONSENSUS: /usr/lib/x86_64-linux-gnu/libpcl_sample_consensus.so  
[2.021s] -- Found PCL_FILTERS: /usr/lib/x86_64-linux-gnu/libpcl_filters.so  
[2.021s] -- Found PCL_2D: /usr/include/pcl-1.12  
[2.021s] -- Found PCL_GEOMETRY: /usr/include/pcl-1.12  
[2.022s] -- Found PCL_IO: /usr/lib/x86_64-linux-gnu/libpcl_io.so  
[2.023s] -- Found PCL_FEATURES: /usr/lib/x86_64-linux-gnu/libpcl_features.so  
[2.023s] -- Found PCL_ML: /usr/lib/x86_64-linux-gnu/libpcl_ml.so  
[2.024s] -- Found PCL_SEGMENTATION: /usr/lib/x86_64-linux-gnu/libpcl_segmentation.so  
[2.024s] -- Found PCL_VISUALIZATION: /usr/lib/x86_64-linux-gnu/libpcl_visualization.so  
[2.025s] -- Found PCL_SURFACE: /usr/lib/x86_64-linux-gnu/libpcl_surface.so  
[2.025s] -- Found PCL_REGISTRATION: /usr/lib/x86_64-linux-gnu/libpcl_registration.so  
[2.026s] -- Found PCL_KEYPOINTS: /usr/lib/x86_64-linux-gnu/libpcl_keypoints.so  
[2.027s] -- Found PCL_TRACKING: /usr/lib/x86_64-linux-gnu/libpcl_tracking.so  
[2.027s] -- Found PCL_RECOGNITION: /usr/lib/x86_64-linux-gnu/libpcl_recognition.so  
[2.028s] -- Found PCL_STEREO: /usr/lib/x86_64-linux-gnu/libpcl_stereo.so  
[2.028s] -- Found PCL_APPS: /usr/lib/x86_64-linux-gnu/libpcl_apps.so  
[2.029s] -- Found PCL_IN_HAND_SCANNER: /usr/include/pcl-1.12  
[2.029s] -- Found PCL_MODELER: /usr/include/pcl-1.12  
[2.029s] -- Found PCL_POINT_CLOUD_EDITOR: /usr/include/pcl-1.12  
[2.029s] -- Found PCL_OUTOFCORE: /usr/lib/x86_64-linux-gnu/libpcl_outofcore.so  
[2.030s] -- Found PCL_PEOPLE: /usr/lib/x86_64-linux-gnu/libpcl_people.so  
[2.138s] -- Found eigen3_cmake_module: 0.1.1 (/opt/ros/humble/share/eigen3_cmake_module/cmake)
[2.138s] -- Found Eigen3: TRUE (found version "3.4.0") 
[2.138s] -- Ensuring Eigen3 include directory is part of orocos-kdl CMake target
[2.211s] -- Found livox_ros_driver2: 1.1.0 (/home/yy/sight/pfa-nav/install/livox_ros_driver2/share/livox_ros_driver2/cmake)
[2.489s] -- Found PythonLibs: /usr/lib/x86_64-linux-gnu/libpython3.10.so (found version "3.10.12") 
[2.536s] -- Configuring done
[2.565s] -- Generating done
[2.570s] -- Build files have been written to: /home/yy/sight/pfa-nav/build/point_lio
[2.589s] Invoked command in '/home/yy/sight/pfa-nav/build/point_lio' returned '0': AMENT_PREFIX_PATH=/home/yy/sight/pfa-nav/install/livox_ros_driver2:${AMENT_PREFIX_PATH} CMAKE_PREFIX_PATH=/home/yy/sight/pfa-nav/install/livox_ros_driver2:/opt/ros/humble LD_LIBRARY_PATH=/home/yy/sight/pfa-nav/install/livox_ros_driver2/lib:/usr/lib/x86_64-linux-gnu/gazebo-11/plugins:/opt/ros/humble/opt/rviz_ogre_vendor/lib:/opt/ros/humble/lib/x86_64-linux-gnu:/opt/ros/humble/lib:/opt/MVS/lib/64:/opt/MVS/lib/32:/opt/MVS/lib/64:/opt/MVS/lib/32:/opt/MVS/lib/64:/opt/MVS/lib/32 PYTHONPATH=/home/yy/sight/pfa-nav/install/livox_ros_driver2/local/lib/python3.10/dist-packages:${PYTHONPATH} /usr/bin/cmake /home/yy/sight/pfa-nav/src/pb2025_sentry_nav/point_lio -DCMAKE_BUILD_TYPE=Release -DAMENT_CMAKE_SYMLINK_INSTALL=1 -DCMAKE_INSTALL_PREFIX=/home/yy/sight/pfa-nav/install/point_lio
[2.590s] Invoking command in '/home/yy/sight/pfa-nav/build/point_lio': AMENT_PREFIX_PATH=/home/yy/sight/pfa-nav/install/livox_ros_driver2:${AMENT_PREFIX_PATH} CMAKE_PREFIX_PATH=/home/yy/sight/pfa-nav/install/livox_ros_driver2:/opt/ros/humble LD_LIBRARY_PATH=/home/yy/sight/pfa-nav/install/livox_ros_driver2/lib:/usr/lib/x86_64-linux-gnu/gazebo-11/plugins:/opt/ros/humble/opt/rviz_ogre_vendor/lib:/opt/ros/humble/lib/x86_64-linux-gnu:/opt/ros/humble/lib:/opt/MVS/lib/64:/opt/MVS/lib/32:/opt/MVS/lib/64:/opt/MVS/lib/32:/opt/MVS/lib/64:/opt/MVS/lib/32 PYTHONPATH=/home/yy/sight/pfa-nav/install/livox_ros_driver2/local/lib/python3.10/dist-packages:${PYTHONPATH} /usr/bin/cmake --build /home/yy/sight/pfa-nav/build/point_lio -- -j20 -l20
[2.633s] [ 14%] [32mBuilding CXX object CMakeFiles/pointlio_mapping.dir/src/laserMapping.cpp.o[0m
[36.402s] [ 28%] [32mBuilding CXX object CMakeFiles/pointlio_mapping.dir/src/parameters.cpp.o[0m
[36.403s] [ 42%] [32mBuilding CXX object CMakeFiles/pointlio_mapping.dir/src/preprocess.cpp.o[0m
[36.404s] [ 57%] [32mBuilding CXX object CMakeFiles/pointlio_mapping.dir/src/IMU_Processing.cpp.o[0m
[36.404s] [ 85%] [32mBuilding CXX object CMakeFiles/pointlio_mapping.dir/src/li_initialization.cpp.o[0m
[36.404s] [ 85%] [32mBuilding CXX object CMakeFiles/pointlio_mapping.dir/src/Estimator.cpp.o[0m
[45.911s] [100%] [32m[1mLinking CXX executable pointlio_mapping[0m
[46.379s] [100%] Built target pointlio_mapping
[46.392s] Invoked command in '/home/yy/sight/pfa-nav/build/point_lio' returned '0': AMENT_PREFIX_PATH=/home/yy/sight/pfa-nav/install/livox_ros_driver2:${AMENT_PREFIX_PATH} CMAKE_PREFIX_PATH=/home/yy/sight/pfa-nav/install/livox_ros_driver2:/opt/ros/humble LD_LIBRARY_PATH=/home/yy/sight/pfa-nav/install/livox_ros_driver2/lib:/usr/lib/x86_64-linux-gnu/gazebo-11/plugins:/opt/ros/humble/opt/rviz_ogre_vendor/lib:/opt/ros/humble/lib/x86_64-linux-gnu:/opt/ros/humble/lib:/opt/MVS/lib/64:/opt/MVS/lib/32:/opt/MVS/lib/64:/opt/MVS/lib/32:/opt/MVS/lib/64:/opt/MVS/lib/32 PYTHONPATH=/home/yy/sight/pfa-nav/install/livox_ros_driver2/local/lib/python3.10/dist-packages:${PYTHONPATH} /usr/bin/cmake --build /home/yy/sight/pfa-nav/build/point_lio -- -j20 -l20
[46.393s] Invoking command in '/home/yy/sight/pfa-nav/build/point_lio': AMENT_PREFIX_PATH=/home/yy/sight/pfa-nav/install/livox_ros_driver2:${AMENT_PREFIX_PATH} CMAKE_PREFIX_PATH=/home/yy/sight/pfa-nav/install/livox_ros_driver2:/opt/ros/humble LD_LIBRARY_PATH=/home/yy/sight/pfa-nav/install/livox_ros_driver2/lib:/usr/lib/x86_64-linux-gnu/gazebo-11/plugins:/opt/ros/humble/opt/rviz_ogre_vendor/lib:/opt/ros/humble/lib/x86_64-linux-gnu:/opt/ros/humble/lib:/opt/MVS/lib/64:/opt/MVS/lib/32:/opt/MVS/lib/64:/opt/MVS/lib/32:/opt/MVS/lib/64:/opt/MVS/lib/32 PYTHONPATH=/home/yy/sight/pfa-nav/install/livox_ros_driver2/local/lib/python3.10/dist-packages:${PYTHONPATH} /usr/bin/cmake --install /home/yy/sight/pfa-nav/build/point_lio
[46.397s] -- Install configuration: "Release"
[46.398s] -- Execute custom install script
[46.398s] -- Symlinking: /home/yy/sight/pfa-nav/install/point_lio/lib/point_lio/pointlio_mapping
[46.404s] -- Symlinking: /home/yy/sight/pfa-nav/install/point_lio/share/point_lio/config/avia.yaml
[46.408s] -- Symlinking: /home/yy/sight/pfa-nav/install/point_lio/share/point_lio/config/horizon.yaml
[46.413s] -- Symlinking: /home/yy/sight/pfa-nav/install/point_lio/share/point_lio/config/mid360.yaml
[46.421s] -- Symlinking: /home/yy/sight/pfa-nav/install/point_lio/share/point_lio/config/ouster64.yaml
[46.426s] -- Symlinking: /home/yy/sight/pfa-nav/install/point_lio/share/point_lio/config/velody16.yaml
[46.432s] -- Symlinking: /home/yy/sight/pfa-nav/install/point_lio/share/point_lio/launch/point_lio.launch.py
[46.436s] -- Symlinking: /home/yy/sight/pfa-nav/install/point_lio/share/point_lio/rviz_cfg/.gitignore
[46.440s] -- Symlinking: /home/yy/sight/pfa-nav/install/point_lio/share/point_lio/rviz_cfg/loam_livox.rviz
[46.445s] -- Symlinking: /home/yy/sight/pfa-nav/install/point_lio/share/ament_index/resource_index/package_run_dependencies/point_lio
[46.451s] -- Symlinking: /home/yy/sight/pfa-nav/install/point_lio/share/ament_index/resource_index/parent_prefix_path/point_lio
[46.457s] -- Symlinking: /home/yy/sight/pfa-nav/install/point_lio/share/point_lio/environment/ament_prefix_path.sh
[46.460s] -- Symlinking: /home/yy/sight/pfa-nav/install/point_lio/share/point_lio/environment/ament_prefix_path.dsv
[46.465s] -- Symlinking: /home/yy/sight/pfa-nav/install/point_lio/share/point_lio/environment/path.sh
[46.469s] -- Symlinking: /home/yy/sight/pfa-nav/install/point_lio/share/point_lio/environment/path.dsv
[46.473s] -- Symlinking: /home/yy/sight/pfa-nav/install/point_lio/share/point_lio/local_setup.bash
[46.478s] -- Symlinking: /home/yy/sight/pfa-nav/install/point_lio/share/point_lio/local_setup.sh
[46.485s] -- Symlinking: /home/yy/sight/pfa-nav/install/point_lio/share/point_lio/local_setup.zsh
[46.492s] -- Symlinking: /home/yy/sight/pfa-nav/install/point_lio/share/point_lio/local_setup.dsv
[46.496s] -- Symlinking: /home/yy/sight/pfa-nav/install/point_lio/share/point_lio/package.dsv
[46.501s] -- Symlinking: /home/yy/sight/pfa-nav/install/point_lio/share/ament_index/resource_index/packages/point_lio
[46.505s] -- Symlinking: /home/yy/sight/pfa-nav/install/point_lio/share/point_lio/cmake/ament_cmake_export_dependencies-extras.cmake
[46.512s] -- Symlinking: /home/yy/sight/pfa-nav/install/point_lio/share/point_lio/cmake/point_lioConfig.cmake
[46.517s] -- Symlinking: /home/yy/sight/pfa-nav/install/point_lio/share/point_lio/cmake/point_lioConfig-version.cmake
[46.521s] -- Symlinking: /home/yy/sight/pfa-nav/install/point_lio/share/point_lio/package.xml
[46.529s] Invoked command in '/home/yy/sight/pfa-nav/build/point_lio' returned '0': AMENT_PREFIX_PATH=/home/yy/sight/pfa-nav/install/livox_ros_driver2:${AMENT_PREFIX_PATH} CMAKE_PREFIX_PATH=/home/yy/sight/pfa-nav/install/livox_ros_driver2:/opt/ros/humble LD_LIBRARY_PATH=/home/yy/sight/pfa-nav/install/livox_ros_driver2/lib:/usr/lib/x86_64-linux-gnu/gazebo-11/plugins:/opt/ros/humble/opt/rviz_ogre_vendor/lib:/opt/ros/humble/lib/x86_64-linux-gnu:/opt/ros/humble/lib:/opt/MVS/lib/64:/opt/MVS/lib/32:/opt/MVS/lib/64:/opt/MVS/lib/32:/opt/MVS/lib/64:/opt/MVS/lib/32 PYTHONPATH=/home/yy/sight/pfa-nav/install/livox_ros_driver2/local/lib/python3.10/dist-packages:${PYTHONPATH} /usr/bin/cmake --install /home/yy/sight/pfa-nav/build/point_lio
