[0.030s] Invoking command in '/home/yy/sight/pfa-nav/build/rmoss_gz_plugins': CMAKE_PREFIX_PATH=/opt/ros/humble /usr/bin/cmake /home/yy/sight/pfa-nav/src/rmoss_gazebo/rmoss_gz_plugins -DCMAKE_BUILD_TYPE=Release -DAMENT_CMAKE_SYMLINK_INSTALL=1 -DCMAKE_INSTALL_PREFIX=/home/yy/sight/pfa-nav/install/rmoss_gz_plugins
[0.318s] -- The C compiler identification is GNU 11.4.0
[0.318s] -- The CXX compiler identification is GNU 11.4.0
[0.318s] -- Detecting C compiler ABI info
[0.318s] -- Detecting C compiler ABI info - done
[0.318s] -- Check for working C compiler: /usr/bin/cc - skipped
[0.318s] -- Detecting C compile features
[0.318s] -- Detecting C compile features - done
[0.318s] -- Detecting CXX compiler ABI info
[0.318s] -- Detecting CXX compiler ABI info - done
[0.318s] -- Check for working CXX compiler: /usr/bin/c++ - skipped
[0.318s] -- Detecting CXX compile features
[0.318s] -- Detecting CXX compile features - done
[0.318s] -- Found ament_cmake: 1.3.12 (/opt/ros/humble/share/ament_cmake/cmake)
[0.462s] -- Found Python3: /usr/bin/python3 (found version "3.10.12") found components: Interpreter 
[0.532s] -- Override CMake install command with custom implementation using symlinks instead of copying resources
[0.571s] -- Looking for ignition-msgs8 -- found version 8.7.0
[0.586s] -- Searching for dependencies of ignition-msgs8
[0.851s] -- Found Protobuf: /usr/lib/x86_64-linux-gnu/libprotobuf.so (found suitable version "3.12.4", minimum required is "3") 
[0.854s] -- Looking for ignition-math6 -- found version 6.15.1
[0.854s] -- Searching for dependencies of ignition-math6
[0.864s] -- Checking for module 'tinyxml2'
[0.883s] --   Found tinyxml2, version 9.0.0
[0.942s] -- Looking for ignition-transport11 -- found version 11.4.1
[0.943s] -- Searching for dependencies of ignition-transport11
[0.965s] -- Found Protobuf: /usr/lib/x86_64-linux-gnu/libprotobuf.so (found version "3.12.4") 
[0.973s] -- Config-file not installed for ZeroMQ -- checking for pkg-config
[0.976s] -- Checking for module 'libzmq >= 4'
[0.992s] --   Found libzmq , version 4.3.4
[1.027s] -- Found ZeroMQ: TRUE (Required is at least version "4") 
[1.030s] -- Checking for module 'uuid'
[1.041s] --   Found uuid, version 2.37.2
[1.078s] -- Found UUID: TRUE  
[1.080s] -- Looking for ignition-utils1 -- found version 1.5.1
[1.080s] -- Searching for dependencies of ignition-utils1
[1.082s] -- Searching for <ignition-utils1> component [cli]
[1.084s] -- Looking for ignition-utils1-cli -- found version 1.5.1
[1.084s] -- Searching for dependencies of ignition-utils1-cli
[1.085s] -- Looking for ignition-msgs8 -- found version 8.7.0
[1.098s] -- Looking for ignition-gazebo6 -- found version 6.16.0
[1.099s] -- Searching for dependencies of ignition-gazebo6
[1.100s] -- Looking for sdformat12 -- found version 12.7.2
[1.100s] -- Searching for dependencies of sdformat12
[1.113s] -- Looking for ignition-math6 -- found version 6.15.1
[1.113s] -- Looking for ignition-utils1 -- found version 1.5.1
[1.123s] -- Looking for ignition-plugin1 -- found version 1.4.0
[1.124s] -- Searching for dependencies of ignition-plugin1
[1.124s] -- Searching for <ignition-plugin1> component [loader]
[1.124s] -- Looking for ignition-plugin1-loader -- found version 1.4.0
[1.125s] -- Searching for dependencies of ignition-plugin1-loader
[1.126s] -- Searching for <ignition-plugin1> component [register]
[1.128s] -- Looking for ignition-plugin1-register -- found version 1.4.0
[1.128s] -- Searching for dependencies of ignition-plugin1-register
[1.134s] -- Looking for ignition-transport11 -- found version 11.4.1
[1.134s] -- Searching for dependencies of ignition-transport11
[1.156s] -- Config-file not installed for ZeroMQ -- checking for pkg-config
[1.165s] -- Checking for module 'libzmq >= 4'
[1.176s] --   Found libzmq , version 4.3.4
[1.233s] -- Looking for ignition-utils1 -- found version 1.5.1
[1.233s] -- Looking for ignition-msgs8 -- found version 8.7.0
[1.233s] -- Searching for <ignition-transport11> component [log]
[1.234s] -- Looking for ignition-transport11-log -- found version 11.4.1
[1.235s] -- Searching for dependencies of ignition-transport11-log
[1.236s] -- Searching for <ignition-transport11> component [parameters]
[1.237s] -- Looking for ignition-transport11-parameters -- found version 11.4.1
[1.238s] -- Searching for dependencies of ignition-transport11-parameters
[1.240s] -- Looking for ignition-msgs8 -- found version 8.7.0
[1.242s] -- Looking for ignition-common4 -- found version 4.7.0
[1.242s] -- Searching for dependencies of ignition-common4
[1.242s] -- Looking for dlfcn.h - found
[1.244s] -- Looking for libdl - found
[1.245s] -- Found DL: TRUE  
[1.257s] -- Searching for <ignition-common4> component [profiler]
[1.261s] -- Looking for ignition-common4-profiler -- found version 4.7.0
[1.261s] -- Searching for dependencies of ignition-common4-profiler
[1.261s] -- Searching for <ignition-common4> component [events]
[1.265s] -- Looking for ignition-common4-events -- found version 4.7.0
[1.266s] -- Searching for dependencies of ignition-common4-events
[1.266s] -- Looking for ignition-math6 -- found version 6.15.1
[1.269s] -- Searching for <ignition-common4> component [av]
[1.273s] -- Looking for ignition-common4-av -- found version 4.7.0
[1.273s] -- Searching for dependencies of ignition-common4-av
[1.280s] -- Checking for module 'libswscale'
[1.292s] --   Found libswscale, version 5.9.100
[1.318s] -- Found SWSCALE: TRUE  
[1.323s] -- Checking for module 'libavdevice >= 56.4.100'
[1.332s] --   Found libavdevice , version 58.13.100
[1.365s] -- Found AVDEVICE: TRUE (Required is at least version "56.4.100") 
[1.365s] -- Checking for module 'libavformat'
[1.374s] --   Found libavformat, version 58.76.100
[1.406s] -- Found AVFORMAT: TRUE  
[1.413s] -- Checking for module 'libavcodec'
[1.424s] --   Found libavcodec, version 58.134.100
[1.450s] -- Found AVCODEC: TRUE  
[1.455s] -- Checking for module 'libavutil'
[1.467s] --   Found libavutil, version 56.70.100
[1.501s] -- Found AVUTIL: TRUE  
[1.505s] -- Looking for ignition-fuel_tools7 -- found version 7.3.0
[1.505s] -- Searching for dependencies of ignition-fuel_tools7
[1.583s] -- Found CURL: /usr/lib/x86_64-linux-gnu/libcurl.so (found version "7.81.0")  
[1.598s] -- Checking for module 'jsoncpp'
[1.608s] --   Found jsoncpp, version 1.9.5
[1.660s] -- Found JSONCPP: TRUE  
[1.672s] -- Checking for module 'libzip'
[1.690s] --   Found libzip, version 1.7.3
[1.730s] -- Found ZIP: TRUE  
[1.730s] -- Looking for ignition-common4 -- found version 4.7.0
[1.732s] -- Looking for ignition-math6 -- found version 6.15.1
[1.733s] -- Looking for ignition-msgs8 -- found version 8.7.0
[1.741s] -- Looking for ignition-gui6 -- found version 6.8.0
[1.742s] -- Searching for dependencies of ignition-gui6
[1.758s] -- Found Protobuf: /usr/lib/x86_64-linux-gnu/libprotobuf.so (found suitable version "3.12.4", minimum required is "3") 
[1.767s] -- Looking for ignition-math6 -- found version 6.15.1
[1.767s] -- Looking for ignition-common4 -- found version 4.7.0
[1.767s] -- Looking for ignition-plugin1 -- found version 1.4.0
[1.767s] -- Looking for ignition-transport11 -- found version 11.4.1
[1.769s] -- Looking for ignition-rendering6 -- found version 6.6.3
[1.769s] -- Searching for dependencies of ignition-rendering6
[1.770s] -- Looking for ignition-math6 -- found version 6.15.1
[1.770s] -- Searching for dependencies of ignition-math6
[1.770s] -- Searching for <ignition-math6> component [eigen3]
[1.774s] -- Looking for ignition-math6-eigen3 -- found version 6.15.1
[1.774s] -- Searching for dependencies of ignition-math6-eigen3
[1.781s] -- Looking for ignition-common4 -- found version 4.7.0
[1.781s] -- Searching for dependencies of ignition-common4
[1.781s] -- Looking for dlfcn.h - found
[1.781s] -- Looking for libdl - found
[1.795s] -- Searching for <ignition-common4> component [graphics]
[1.796s] -- Looking for ignition-common4-graphics -- found version 4.7.0
[1.797s] -- Searching for dependencies of ignition-common4-graphics
[1.797s] -- Looking for ignition-math6 -- found version 6.15.1
[1.797s] -- Looking for ignition-utils1 -- found version 1.5.1
[1.798s] -- Searching for <ignition-common4> component [events]
[1.799s] -- Looking for ignition-plugin1 -- found version 1.4.0
[1.800s] -- Searching for dependencies of ignition-plugin1
[1.800s] -- Searching for <ignition-plugin1> component [all]
[1.804s] -- Looking for all libraries of ignition-plugin1 -- found version 1.4.0
[1.804s] -- Looking for ignition-plugin1 -- found version 1.4.0
[1.806s] -- Looking for ignition-msgs8 -- found version 8.7.0
[1.839s] -- Looking for ignition-physics5 -- found version 5.3.2
[1.839s] -- Searching for dependencies of ignition-physics5
[1.839s] -- Looking for ignition-math6 -- found version 6.15.1
[1.839s] -- Looking for ignition-plugin1 -- found version 1.4.0
[1.839s] -- Looking for ignition-utils1 -- found version 1.5.1
[1.841s] -- Searching for <ignition-physics5> component [heightmap]
[1.846s] -- Looking for ignition-physics5-heightmap -- found version 5.3.2
[1.846s] -- Searching for dependencies of ignition-physics5-heightmap
[1.847s] -- Looking for ignition-common4 -- found version 4.7.0
[1.847s] -- Searching for <ignition-physics5> component [mesh]
[1.852s] -- Looking for ignition-physics5-mesh -- found version 5.3.2
[1.853s] -- Searching for dependencies of ignition-physics5-mesh
[1.853s] -- Looking for ignition-common4 -- found version 4.7.0
[1.854s] -- Searching for <ignition-physics5> component [sdf]
[1.857s] -- Looking for ignition-physics5-sdf -- found version 5.3.2
[1.858s] -- Searching for dependencies of ignition-physics5-sdf
[1.858s] -- Looking for sdformat12 -- found version 12.7.2
[1.864s] -- Looking for ignition-sensors6 -- found version 6.8.0
[1.864s] -- Searching for dependencies of ignition-sensors6
[1.879s] -- Found Protobuf: /usr/lib/x86_64-linux-gnu/libprotobuf.so (found version "3.12.4") 
[1.881s] -- Looking for ignition-math6 -- found version 6.15.1
[1.882s] -- Looking for ignition-common4 -- found version 4.7.0
[1.882s] -- Looking for ignition-transport11 -- found version 11.4.1
[1.882s] -- Looking for ignition-rendering6 -- found version 6.6.3
[1.882s] -- Looking for ignition-msgs8 -- found version 8.7.0
[1.882s] -- Looking for sdformat12 -- found version 12.7.2
[1.885s] -- Searching for <ignition-sensors6> component [air_pressure]
[1.890s] -- Looking for ignition-sensors6-air_pressure -- found version 6.8.0
[1.890s] -- Searching for dependencies of ignition-sensors6-air_pressure
[1.894s] -- Searching for <ignition-sensors6> component [altimeter]
[1.895s] -- Looking for ignition-sensors6-altimeter -- found version 6.8.0
[1.896s] -- Searching for dependencies of ignition-sensors6-altimeter
[1.896s] -- Searching for <ignition-sensors6> component [imu]
[1.899s] -- Looking for ignition-sensors6-imu -- found version 6.8.0
[1.899s] -- Searching for dependencies of ignition-sensors6-imu
[1.902s] -- Searching for <ignition-sensors6> component [force_torque]
[1.902s] -- Looking for ignition-sensors6-force_torque -- found version 6.8.0
[1.902s] -- Searching for dependencies of ignition-sensors6-force_torque
[1.903s] -- Searching for <ignition-sensors6> component [logical_camera]
[1.905s] -- Looking for ignition-sensors6-logical_camera -- found version 6.8.0
[1.908s] -- Searching for dependencies of ignition-sensors6-logical_camera
[1.908s] -- Searching for <ignition-sensors6> component [magnetometer]
[1.909s] -- Looking for ignition-sensors6-magnetometer -- found version 6.8.0
[1.909s] -- Searching for dependencies of ignition-sensors6-magnetometer
[1.911s] -- Searching for <ignition-sensors6> component [navsat]
[1.914s] -- Looking for ignition-sensors6-navsat -- found version 6.8.0
[1.914s] -- Searching for dependencies of ignition-sensors6-navsat
[1.916s] -- Searching for <ignition-sensors6> component [rendering]
[1.918s] -- Looking for ignition-sensors6-rendering -- found version 6.8.0
[1.920s] -- Searching for dependencies of ignition-sensors6-rendering
[1.922s] -- Searching for <ignition-sensors6> component [lidar]
[1.925s] -- Looking for ignition-sensors6-lidar -- found version 6.8.0
[1.925s] -- Searching for dependencies of ignition-sensors6-lidar
[1.925s] -- Looking for ignition-sensors6 -- found version 6.8.0
[1.925s] -- Searching for <ignition-sensors6> component [gpu_lidar]
[1.927s] -- Looking for ignition-sensors6-gpu_lidar -- found version 6.8.0
[1.928s] -- Searching for dependencies of ignition-sensors6-gpu_lidar
[1.928s] -- Looking for ignition-sensors6 -- found version 6.8.0
[1.935s] -- Searching for <ignition-sensors6> component [camera]
[1.935s] -- Looking for ignition-sensors6-camera -- found version 6.8.0
[1.935s] -- Searching for dependencies of ignition-sensors6-camera
[1.935s] -- Looking for ignition-sensors6 -- found version 6.8.0
[1.935s] -- Searching for <ignition-sensors6> component [boundingbox_camera]
[1.936s] -- Looking for ignition-sensors6-boundingbox_camera -- found version 6.8.0
[1.936s] -- Searching for dependencies of ignition-sensors6-boundingbox_camera
[1.937s] -- Searching for <ignition-sensors6> component [segmentation_camera]
[1.940s] -- Looking for ignition-sensors6-segmentation_camera -- found version 6.8.0
[1.940s] -- Searching for dependencies of ignition-sensors6-segmentation_camera
[1.942s] -- Searching for <ignition-sensors6> component [depth_camera]
[1.944s] -- Looking for ignition-sensors6-depth_camera -- found version 6.8.0
[1.944s] -- Searching for dependencies of ignition-sensors6-depth_camera
[1.944s] -- Looking for ignition-sensors6 -- found version 6.8.0
[1.945s] -- Searching for <ignition-sensors6> component [rgbd_camera]
[1.948s] -- Looking for ignition-sensors6-rgbd_camera -- found version 6.8.0
[1.948s] -- Searching for dependencies of ignition-sensors6-rgbd_camera
[1.948s] -- Looking for ignition-sensors6 -- found version 6.8.0
[1.949s] -- Searching for <ignition-sensors6> component [thermal_camera]
[1.953s] -- Looking for ignition-sensors6-thermal_camera -- found version 6.8.0
[1.957s] -- Searching for dependencies of ignition-sensors6-thermal_camera
[1.957s] -- Looking for ignition-sensors6 -- found version 6.8.0
[1.957s] -- Looking for ignition-rendering6 -- found version 6.6.3
[1.957s] -- Looking for ignition-math6 -- found version 6.15.1
[1.958s] -- Looking for ignition-utils1 -- found version 1.5.1
[2.042s] -- Configuring done
[2.079s] -- Generating done
[2.088s] -- Build files have been written to: /home/yy/sight/pfa-nav/build/rmoss_gz_plugins
[2.126s] Invoked command in '/home/yy/sight/pfa-nav/build/rmoss_gz_plugins' returned '0': CMAKE_PREFIX_PATH=/opt/ros/humble /usr/bin/cmake /home/yy/sight/pfa-nav/src/rmoss_gazebo/rmoss_gz_plugins -DCMAKE_BUILD_TYPE=Release -DAMENT_CMAKE_SYMLINK_INSTALL=1 -DCMAKE_INSTALL_PREFIX=/home/yy/sight/pfa-nav/install/rmoss_gz_plugins
[2.127s] Invoking command in '/home/yy/sight/pfa-nav/build/rmoss_gz_plugins': CMAKE_PREFIX_PATH=/opt/ros/humble /usr/bin/cmake --build /home/yy/sight/pfa-nav/build/rmoss_gz_plugins -- -j20 -l20
[5.886s] [ 16%] [32mBuilding CXX object CMakeFiles/MecanumDrive2.dir/plugins/mecanum_drive2/MecanumDrive2.cc.o[0m
[5.886s] [ 33%] [32mBuilding CXX object CMakeFiles/LightBarController.dir/plugins/light_bar_controller/LightBarController.cc.o[0m
[5.886s] [ 50%] [32mBuilding CXX object CMakeFiles/ProjectileShooter.dir/plugins/projectile_shooter/ProjectileShooter.cc.o[0m
[18.802s] [ 66%] [32m[1mLinking CXX shared library libMecanumDrive2.so[0m
[19.196s] [ 66%] Built target MecanumDrive2
[20.567s] [ 83%] [32m[1mLinking CXX shared library libLightBarController.so[0m
[20.877s] [ 83%] Built target LightBarController
[21.122s] [100%] [32m[1mLinking CXX shared library libProjectileShooter.so[0m
[21.395s] [100%] Built target ProjectileShooter
[21.413s] Invoked command in '/home/yy/sight/pfa-nav/build/rmoss_gz_plugins' returned '0': CMAKE_PREFIX_PATH=/opt/ros/humble /usr/bin/cmake --build /home/yy/sight/pfa-nav/build/rmoss_gz_plugins -- -j20 -l20
[21.414s] Invoking command in '/home/yy/sight/pfa-nav/build/rmoss_gz_plugins': CMAKE_PREFIX_PATH=/opt/ros/humble /usr/bin/cmake --install /home/yy/sight/pfa-nav/build/rmoss_gz_plugins
[26.310s] -- Install configuration: "Release"
[26.310s] -- Execute custom install script
[26.310s] -- Symlinking: /home/yy/sight/pfa-nav/install/rmoss_gz_plugins/plugins/libMecanumDrive2.so
[26.310s] -- Symlinking: /home/yy/sight/pfa-nav/install/rmoss_gz_plugins/plugins/libProjectileShooter.so
[26.310s] -- Symlinking: /home/yy/sight/pfa-nav/install/rmoss_gz_plugins/plugins/libLightBarController.so
[26.310s] -- Symlinking: /home/yy/sight/pfa-nav/install/rmoss_gz_plugins/share/rmoss_gz_plugins/environment/gazebo.dsv
[26.310s] -- Symlinking: /home/yy/sight/pfa-nav/install/rmoss_gz_plugins/share/ament_index/resource_index/package_run_dependencies/rmoss_gz_plugins
[26.311s] -- Symlinking: /home/yy/sight/pfa-nav/install/rmoss_gz_plugins/share/ament_index/resource_index/parent_prefix_path/rmoss_gz_plugins
[26.311s] -- Symlinking: /home/yy/sight/pfa-nav/install/rmoss_gz_plugins/share/rmoss_gz_plugins/environment/ament_prefix_path.sh
[26.311s] -- Symlinking: /home/yy/sight/pfa-nav/install/rmoss_gz_plugins/share/rmoss_gz_plugins/environment/ament_prefix_path.dsv
[26.311s] -- Symlinking: /home/yy/sight/pfa-nav/install/rmoss_gz_plugins/share/rmoss_gz_plugins/environment/path.sh
[26.311s] -- Symlinking: /home/yy/sight/pfa-nav/install/rmoss_gz_plugins/share/rmoss_gz_plugins/environment/path.dsv
[26.311s] -- Symlinking: /home/yy/sight/pfa-nav/install/rmoss_gz_plugins/share/rmoss_gz_plugins/local_setup.bash
[26.311s] -- Symlinking: /home/yy/sight/pfa-nav/install/rmoss_gz_plugins/share/rmoss_gz_plugins/local_setup.sh
[26.311s] -- Symlinking: /home/yy/sight/pfa-nav/install/rmoss_gz_plugins/share/rmoss_gz_plugins/local_setup.zsh
[26.311s] -- Symlinking: /home/yy/sight/pfa-nav/install/rmoss_gz_plugins/share/rmoss_gz_plugins/local_setup.dsv
[26.311s] -- Symlinking: /home/yy/sight/pfa-nav/install/rmoss_gz_plugins/share/rmoss_gz_plugins/package.dsv
[26.311s] -- Symlinking: /home/yy/sight/pfa-nav/install/rmoss_gz_plugins/share/ament_index/resource_index/packages/rmoss_gz_plugins
[26.311s] -- Symlinking: /home/yy/sight/pfa-nav/install/rmoss_gz_plugins/share/rmoss_gz_plugins/cmake/rmoss_gz_pluginsConfig.cmake
[26.311s] -- Symlinking: /home/yy/sight/pfa-nav/install/rmoss_gz_plugins/share/rmoss_gz_plugins/cmake/rmoss_gz_pluginsConfig-version.cmake
[26.311s] -- Symlinking: /home/yy/sight/pfa-nav/install/rmoss_gz_plugins/share/rmoss_gz_plugins/package.xml
[26.348s] Invoked command in '/home/yy/sight/pfa-nav/build/rmoss_gz_plugins' returned '0': CMAKE_PREFIX_PATH=/opt/ros/humble /usr/bin/cmake --install /home/yy/sight/pfa-nav/build/rmoss_gz_plugins
