[0.038s] Invoking command in '/home/yy/sight/pfa-nav/build/rmoss_cam': AMENT_PREFIX_PATH=/home/yy/sight/pfa-nav/install/rmoss_util:/home/yy/sight/pfa-nav/install/rmoss_interfaces:${AMENT_PREFIX_PATH} CMAKE_PREFIX_PATH=/home/yy/sight/pfa-nav/install/rmoss_util:/home/yy/sight/pfa-nav/install/rmoss_interfaces:/opt/ros/humble LD_LIBRARY_PATH=/home/yy/sight/pfa-nav/install/rmoss_util/lib:/home/yy/sight/pfa-nav/install/rmoss_interfaces/lib:/usr/lib/x86_64-linux-gnu/gazebo-11/plugins:/opt/ros/humble/opt/rviz_ogre_vendor/lib:/opt/ros/humble/lib/x86_64-linux-gnu:/opt/ros/humble/lib:/opt/MVS/lib/64:/opt/MVS/lib/32:/opt/MVS/lib/64:/opt/MVS/lib/32:/opt/MVS/lib/64:/opt/MVS/lib/32 PYTHONPATH=/home/yy/sight/pfa-nav/install/rmoss_interfaces/local/lib/python3.10/dist-packages:${PYTHONPATH} /usr/bin/cmake --build /home/yy/sight/pfa-nav/build/rmoss_cam -- -j20 -l20
[0.066s] [35m[1mConsolidate compiler generated dependencies of target gtest_main[0m
[0.067s] [35m[1mConsolidate compiler generated dependencies of target gtest[0m
[0.068s] [35m[1mConsolidate compiler generated dependencies of target image_task_demo[0m
[0.068s] [35m[1mConsolidate compiler generated dependencies of target usb_cam[0m
[0.068s] [35m[1mConsolidate compiler generated dependencies of target virtual_cam[0m
[0.071s] [35m[1mConsolidate compiler generated dependencies of target rmoss_cam[0m
[0.076s] [  7%] Built target gtest
[0.077s] [ 22%] Built target image_task_demo
[0.077s] [ 22%] Built target gtest_main
[0.077s] [ 29%] Built target usb_cam
[0.077s] [ 37%] Built target virtual_cam
[0.086s] [ 48%] Built target rmoss_cam
[0.092s] [35m[1mConsolidate compiler generated dependencies of target image_task_demo_component[0m
[0.092s] [35m[1mConsolidate compiler generated dependencies of target test_cam_server[0m
[0.092s] [35m[1mConsolidate compiler generated dependencies of target usb_cam_component[0m
[0.092s] [35m[1mConsolidate compiler generated dependencies of target virtual_cam_component[0m
[0.095s] [35m[1mConsolidate compiler generated dependencies of target test_cam_client[0m
[0.103s] [ 59%] Built target virtual_cam_component
[0.103s] [ 66%] Built target test_cam_server
[0.103s] [ 74%] Built target image_task_demo_component
[0.103s] [ 85%] Built target usb_cam_component
[0.110s] [ 92%] Built target test_cam_client
[0.110s] [35m[1mConsolidate compiler generated dependencies of target benchmark_test[0m
[0.122s] [100%] Built target benchmark_test
[0.139s] Invoked command in '/home/yy/sight/pfa-nav/build/rmoss_cam' returned '0': AMENT_PREFIX_PATH=/home/yy/sight/pfa-nav/install/rmoss_util:/home/yy/sight/pfa-nav/install/rmoss_interfaces:${AMENT_PREFIX_PATH} CMAKE_PREFIX_PATH=/home/yy/sight/pfa-nav/install/rmoss_util:/home/yy/sight/pfa-nav/install/rmoss_interfaces:/opt/ros/humble LD_LIBRARY_PATH=/home/yy/sight/pfa-nav/install/rmoss_util/lib:/home/yy/sight/pfa-nav/install/rmoss_interfaces/lib:/usr/lib/x86_64-linux-gnu/gazebo-11/plugins:/opt/ros/humble/opt/rviz_ogre_vendor/lib:/opt/ros/humble/lib/x86_64-linux-gnu:/opt/ros/humble/lib:/opt/MVS/lib/64:/opt/MVS/lib/32:/opt/MVS/lib/64:/opt/MVS/lib/32:/opt/MVS/lib/64:/opt/MVS/lib/32 PYTHONPATH=/home/yy/sight/pfa-nav/install/rmoss_interfaces/local/lib/python3.10/dist-packages:${PYTHONPATH} /usr/bin/cmake --build /home/yy/sight/pfa-nav/build/rmoss_cam -- -j20 -l20
[0.139s] Invoking command in '/home/yy/sight/pfa-nav/build/rmoss_cam': AMENT_PREFIX_PATH=/home/yy/sight/pfa-nav/install/rmoss_util:/home/yy/sight/pfa-nav/install/rmoss_interfaces:${AMENT_PREFIX_PATH} CMAKE_PREFIX_PATH=/home/yy/sight/pfa-nav/install/rmoss_util:/home/yy/sight/pfa-nav/install/rmoss_interfaces:/opt/ros/humble LD_LIBRARY_PATH=/home/yy/sight/pfa-nav/install/rmoss_util/lib:/home/yy/sight/pfa-nav/install/rmoss_interfaces/lib:/usr/lib/x86_64-linux-gnu/gazebo-11/plugins:/opt/ros/humble/opt/rviz_ogre_vendor/lib:/opt/ros/humble/lib/x86_64-linux-gnu:/opt/ros/humble/lib:/opt/MVS/lib/64:/opt/MVS/lib/32:/opt/MVS/lib/64:/opt/MVS/lib/32:/opt/MVS/lib/64:/opt/MVS/lib/32 PYTHONPATH=/home/yy/sight/pfa-nav/install/rmoss_interfaces/local/lib/python3.10/dist-packages:${PYTHONPATH} /usr/bin/cmake --install /home/yy/sight/pfa-nav/build/rmoss_cam
[0.142s] -- Install configuration: "Release"
[0.142s] -- Execute custom install script
[0.142s] -- Up-to-date symlink: /home/yy/sight/pfa-nav/install/rmoss_cam/lib/rmoss_cam/usb_cam
[0.143s] -- Up-to-date symlink: /home/yy/sight/pfa-nav/install/rmoss_cam/lib/rmoss_cam/virtual_cam
[0.143s] -- Up-to-date symlink: /home/yy/sight/pfa-nav/install/rmoss_cam/lib/rmoss_cam/image_task_demo
[0.143s] -- Up-to-date symlink: /home/yy/sight/pfa-nav/install/rmoss_cam/include/rmoss_cam/cam_client.hpp
[0.143s] -- Up-to-date symlink: /home/yy/sight/pfa-nav/install/rmoss_cam/include/rmoss_cam/cam_interface.hpp
[0.143s] -- Up-to-date symlink: /home/yy/sight/pfa-nav/install/rmoss_cam/include/rmoss_cam/cam_server.hpp
[0.143s] -- Up-to-date symlink: /home/yy/sight/pfa-nav/install/rmoss_cam/include/rmoss_cam/image_task_demo_node.hpp
[0.143s] -- Up-to-date symlink: /home/yy/sight/pfa-nav/install/rmoss_cam/include/rmoss_cam/usb_cam.hpp
[0.143s] -- Up-to-date symlink: /home/yy/sight/pfa-nav/install/rmoss_cam/include/rmoss_cam/usb_cam_node.hpp
[0.143s] -- Up-to-date symlink: /home/yy/sight/pfa-nav/install/rmoss_cam/include/rmoss_cam/virtual_cam.hpp
[0.143s] -- Up-to-date symlink: /home/yy/sight/pfa-nav/install/rmoss_cam/include/rmoss_cam/virtual_cam_node.hpp
[0.143s] -- Up-to-date symlink: /home/yy/sight/pfa-nav/install/rmoss_cam/lib/rmoss_cam/benchmark_test
[0.143s] -- Up-to-date symlink: /home/yy/sight/pfa-nav/install/rmoss_cam/share/rmoss_cam/launch/benchmark.launch.py
[0.143s] -- Up-to-date symlink: /home/yy/sight/pfa-nav/install/rmoss_cam/share/rmoss_cam/launch/composition.launch.py
[0.143s] -- Up-to-date symlink: /home/yy/sight/pfa-nav/install/rmoss_cam/share/rmoss_cam/launch/usb_cam.launch.py
[0.144s] -- Up-to-date symlink: /home/yy/sight/pfa-nav/install/rmoss_cam/share/rmoss_cam/launch/virtual_image_cam.launch.py
[0.144s] -- Up-to-date symlink: /home/yy/sight/pfa-nav/install/rmoss_cam/share/rmoss_cam/resource/image_cam_calibration.yaml
[0.144s] -- Up-to-date symlink: /home/yy/sight/pfa-nav/install/rmoss_cam/share/rmoss_cam/resource/test.jpg
[0.144s] -- Up-to-date symlink: /home/yy/sight/pfa-nav/install/rmoss_cam/share/rmoss_cam/config/cam_params.yaml
[0.144s] -- Up-to-date symlink: /home/yy/sight/pfa-nav/install/rmoss_cam/share/rmoss_cam/scripts/task_client.py
[0.144s] -- Up-to-date symlink: /home/yy/sight/pfa-nav/install/rmoss_cam/share/ament_index/resource_index/package_run_dependencies/rmoss_cam
[0.144s] -- Up-to-date symlink: /home/yy/sight/pfa-nav/install/rmoss_cam/share/ament_index/resource_index/parent_prefix_path/rmoss_cam
[0.144s] -- Up-to-date symlink: /home/yy/sight/pfa-nav/install/rmoss_cam/share/rmoss_cam/environment/ament_prefix_path.sh
[0.144s] -- Up-to-date symlink: /home/yy/sight/pfa-nav/install/rmoss_cam/share/rmoss_cam/environment/ament_prefix_path.dsv
[0.144s] -- Up-to-date symlink: /home/yy/sight/pfa-nav/install/rmoss_cam/share/rmoss_cam/environment/path.sh
[0.144s] -- Up-to-date symlink: /home/yy/sight/pfa-nav/install/rmoss_cam/share/rmoss_cam/environment/path.dsv
[0.144s] -- Up-to-date symlink: /home/yy/sight/pfa-nav/install/rmoss_cam/share/rmoss_cam/local_setup.bash
[0.144s] -- Up-to-date symlink: /home/yy/sight/pfa-nav/install/rmoss_cam/share/rmoss_cam/local_setup.sh
[0.144s] -- Up-to-date symlink: /home/yy/sight/pfa-nav/install/rmoss_cam/share/rmoss_cam/local_setup.zsh
[0.144s] -- Up-to-date symlink: /home/yy/sight/pfa-nav/install/rmoss_cam/share/rmoss_cam/local_setup.dsv
[0.144s] -- Symlinking: /home/yy/sight/pfa-nav/install/rmoss_cam/share/rmoss_cam/package.dsv
[0.150s] -- Up-to-date symlink: /home/yy/sight/pfa-nav/install/rmoss_cam/share/ament_index/resource_index/packages/rmoss_cam
[0.150s] -- Up-to-date symlink: /home/yy/sight/pfa-nav/install/rmoss_cam/share/ament_index/resource_index/rclcpp_components/rmoss_cam
[0.150s] -- Up-to-date symlink: /home/yy/sight/pfa-nav/install/rmoss_cam/share/rmoss_cam/cmake/ament_cmake_export_targets-extras.cmake
[0.150s] -- Up-to-date symlink: /home/yy/sight/pfa-nav/install/rmoss_cam/share/rmoss_cam/cmake/ament_cmake_export_dependencies-extras.cmake
[0.150s] -- Up-to-date symlink: /home/yy/sight/pfa-nav/install/rmoss_cam/share/rmoss_cam/cmake/rmoss_camConfig.cmake
[0.150s] -- Up-to-date symlink: /home/yy/sight/pfa-nav/install/rmoss_cam/share/rmoss_cam/cmake/rmoss_camConfig-version.cmake
[0.150s] -- Up-to-date symlink: /home/yy/sight/pfa-nav/install/rmoss_cam/share/rmoss_cam/package.xml
[0.151s] -- Up-to-date: /home/yy/sight/pfa-nav/install/rmoss_cam/lib/librmoss_cam.so
[0.151s] -- Up-to-date: /home/yy/sight/pfa-nav/install/rmoss_cam/lib/libusb_cam_component.so
[0.151s] -- Up-to-date: /home/yy/sight/pfa-nav/install/rmoss_cam/lib/libvirtual_cam_component.so
[0.151s] -- Up-to-date: /home/yy/sight/pfa-nav/install/rmoss_cam/lib/libimage_task_demo_component.so
[0.151s] -- Up-to-date: /home/yy/sight/pfa-nav/install/rmoss_cam/share/rmoss_cam/cmake/export_rmoss_camExport.cmake
[0.151s] -- Up-to-date: /home/yy/sight/pfa-nav/install/rmoss_cam/share/rmoss_cam/cmake/export_rmoss_camExport-release.cmake
[0.153s] Invoked command in '/home/yy/sight/pfa-nav/build/rmoss_cam' returned '0': AMENT_PREFIX_PATH=/home/yy/sight/pfa-nav/install/rmoss_util:/home/yy/sight/pfa-nav/install/rmoss_interfaces:${AMENT_PREFIX_PATH} CMAKE_PREFIX_PATH=/home/yy/sight/pfa-nav/install/rmoss_util:/home/yy/sight/pfa-nav/install/rmoss_interfaces:/opt/ros/humble LD_LIBRARY_PATH=/home/yy/sight/pfa-nav/install/rmoss_util/lib:/home/yy/sight/pfa-nav/install/rmoss_interfaces/lib:/usr/lib/x86_64-linux-gnu/gazebo-11/plugins:/opt/ros/humble/opt/rviz_ogre_vendor/lib:/opt/ros/humble/lib/x86_64-linux-gnu:/opt/ros/humble/lib:/opt/MVS/lib/64:/opt/MVS/lib/32:/opt/MVS/lib/64:/opt/MVS/lib/32:/opt/MVS/lib/64:/opt/MVS/lib/32 PYTHONPATH=/home/yy/sight/pfa-nav/install/rmoss_interfaces/local/lib/python3.10/dist-packages:${PYTHONPATH} /usr/bin/cmake --install /home/yy/sight/pfa-nav/build/rmoss_cam
