[0.307s] Invoking command in '/home/yy/sight/pfa-nav/build/ign_sim_pointcloud_tool': CMAKE_PREFIX_PATH=${CMAKE_PREFIX_PATH}:/home/yy/sight/pfa-nav/install/sdformat_tools:/home/yy/sight/pfa-nav/install/joint_state_publisher_gui:/home/yy/sight/pfa-nav/install/joint_state_publisher:/opt/ros/humble /usr/bin/cmake --build /home/yy/sight/pfa-nav/build/ign_sim_pointcloud_tool -- -j20 -l20
[0.386s] [ 50%] Built target ign_sim_pointcloud_tool_node
[0.408s] [100%] Built target ign_sim_pointcloud_tool
[0.499s] Invoked command in '/home/yy/sight/pfa-nav/build/ign_sim_pointcloud_tool' returned '0': CMAKE_PREFIX_PATH=${CMAKE_PREFIX_PATH}:/home/yy/sight/pfa-nav/install/sdformat_tools:/home/yy/sight/pfa-nav/install/joint_state_publisher_gui:/home/yy/sight/pfa-nav/install/joint_state_publisher:/opt/ros/humble /usr/bin/cmake --build /home/yy/sight/pfa-nav/build/ign_sim_pointcloud_tool -- -j20 -l20
[0.500s] Invoking command in '/home/yy/sight/pfa-nav/build/ign_sim_pointcloud_tool': CMAKE_PREFIX_PATH=${CMAKE_PREFIX_PATH}:/home/yy/sight/pfa-nav/install/sdformat_tools:/home/yy/sight/pfa-nav/install/joint_state_publisher_gui:/home/yy/sight/pfa-nav/install/joint_state_publisher:/opt/ros/humble /usr/bin/cmake --install /home/yy/sight/pfa-nav/build/ign_sim_pointcloud_tool
[0.512s] -- Install configuration: "Release"
[0.512s] -- Execute custom install script
[0.512s] -- Up-to-date symlink: /home/yy/sight/pfa-nav/install/ign_sim_pointcloud_tool/lib/ign_sim_pointcloud_tool/ign_sim_pointcloud_tool_node
[0.512s] -- Up-to-date symlink: /home/yy/sight/pfa-nav/install/ign_sim_pointcloud_tool/include/ign_sim_pointcloud_tool/point_cloud_converter.hpp
[0.512s] -- Up-to-date symlink: /home/yy/sight/pfa-nav/install/ign_sim_pointcloud_tool/share/ign_sim_pointcloud_tool/environment/library_path.sh
[0.512s] -- Up-to-date symlink: /home/yy/sight/pfa-nav/install/ign_sim_pointcloud_tool/share/ign_sim_pointcloud_tool/environment/library_path.dsv
[0.517s] -- Up-to-date symlink: /home/yy/sight/pfa-nav/install/ign_sim_pointcloud_tool/lib/libign_sim_pointcloud_tool.so
[0.519s] -- Up-to-date symlink: /home/yy/sight/pfa-nav/install/ign_sim_pointcloud_tool/share/ament_index/resource_index/package_run_dependencies/ign_sim_pointcloud_tool
[0.519s] -- Up-to-date symlink: /home/yy/sight/pfa-nav/install/ign_sim_pointcloud_tool/share/ament_index/resource_index/parent_prefix_path/ign_sim_pointcloud_tool
[0.519s] -- Up-to-date symlink: /home/yy/sight/pfa-nav/install/ign_sim_pointcloud_tool/share/ign_sim_pointcloud_tool/environment/ament_prefix_path.sh
[0.519s] -- Up-to-date symlink: /home/yy/sight/pfa-nav/install/ign_sim_pointcloud_tool/share/ign_sim_pointcloud_tool/environment/ament_prefix_path.dsv
[0.519s] -- Up-to-date symlink: /home/yy/sight/pfa-nav/install/ign_sim_pointcloud_tool/share/ign_sim_pointcloud_tool/environment/path.sh
[0.519s] -- Up-to-date symlink: /home/yy/sight/pfa-nav/install/ign_sim_pointcloud_tool/share/ign_sim_pointcloud_tool/environment/path.dsv
[0.520s] -- Up-to-date symlink: /home/yy/sight/pfa-nav/install/ign_sim_pointcloud_tool/share/ign_sim_pointcloud_tool/local_setup.bash
[0.520s] -- Up-to-date symlink: /home/yy/sight/pfa-nav/install/ign_sim_pointcloud_tool/share/ign_sim_pointcloud_tool/local_setup.sh
[0.520s] -- Up-to-date symlink: /home/yy/sight/pfa-nav/install/ign_sim_pointcloud_tool/share/ign_sim_pointcloud_tool/local_setup.zsh
[0.520s] -- Up-to-date symlink: /home/yy/sight/pfa-nav/install/ign_sim_pointcloud_tool/share/ign_sim_pointcloud_tool/local_setup.dsv
[0.520s] -- Symlinking: /home/yy/sight/pfa-nav/install/ign_sim_pointcloud_tool/share/ign_sim_pointcloud_tool/package.dsv
[0.524s] -- Up-to-date symlink: /home/yy/sight/pfa-nav/install/ign_sim_pointcloud_tool/share/ament_index/resource_index/packages/ign_sim_pointcloud_tool
[0.524s] -- Up-to-date symlink: /home/yy/sight/pfa-nav/install/ign_sim_pointcloud_tool/share/ament_index/resource_index/rclcpp_components/ign_sim_pointcloud_tool
[0.524s] -- Up-to-date symlink: /home/yy/sight/pfa-nav/install/ign_sim_pointcloud_tool/share/ign_sim_pointcloud_tool/cmake/ament_cmake_export_dependencies-extras.cmake
[0.524s] -- Up-to-date symlink: /home/yy/sight/pfa-nav/install/ign_sim_pointcloud_tool/share/ign_sim_pointcloud_tool/cmake/ament_cmake_export_include_directories-extras.cmake
[0.524s] -- Up-to-date symlink: /home/yy/sight/pfa-nav/install/ign_sim_pointcloud_tool/share/ign_sim_pointcloud_tool/cmake/ament_cmake_export_libraries-extras.cmake
[0.524s] -- Up-to-date symlink: /home/yy/sight/pfa-nav/install/ign_sim_pointcloud_tool/share/ign_sim_pointcloud_tool/cmake/ign_sim_pointcloud_toolConfig.cmake
[0.524s] -- Up-to-date symlink: /home/yy/sight/pfa-nav/install/ign_sim_pointcloud_tool/share/ign_sim_pointcloud_tool/cmake/ign_sim_pointcloud_toolConfig-version.cmake
[0.524s] -- Up-to-date symlink: /home/yy/sight/pfa-nav/install/ign_sim_pointcloud_tool/share/ign_sim_pointcloud_tool/package.xml
[0.629s] Invoked command in '/home/yy/sight/pfa-nav/build/ign_sim_pointcloud_tool' returned '0': CMAKE_PREFIX_PATH=${CMAKE_PREFIX_PATH}:/home/yy/sight/pfa-nav/install/sdformat_tools:/home/yy/sight/pfa-nav/install/joint_state_publisher_gui:/home/yy/sight/pfa-nav/install/joint_state_publisher:/opt/ros/humble /usr/bin/cmake --install /home/yy/sight/pfa-nav/build/ign_sim_pointcloud_tool
